[2023-08-13T18:41:09.909+0000] {processor.py:157} INFO - Started process (PID=45) to work on /home/airflow/.local/lib/python3.7/site-packages/airflow/example_dags/example_sensors.py
[2023-08-13T18:41:09.912+0000] {processor.py:826} INFO - Processing file /home/airflow/.local/lib/python3.7/site-packages/airflow/example_dags/example_sensors.py for tasks to queue
[2023-08-13T18:41:09.915+0000] {logging_mixin.py:150} INFO - [2023-08-13T18:41:09.914+0000] {dagbag.py:541} INFO - Filling up the DagBag from /home/airflow/.local/lib/python3.7/site-packages/airflow/example_dags/example_sensors.py
[2023-08-13T18:41:09.944+0000] {processor.py:836} INFO - DAG(s) dict_keys(['example_sensors']) retrieved from /home/airflow/.local/lib/python3.7/site-packages/airflow/example_dags/example_sensors.py
[2023-08-13T18:41:09.978+0000] {logging_mixin.py:150} INFO - [2023-08-13T18:41:09.977+0000] {dag.py:2742} INFO - Sync 1 DAGs
[2023-08-13T18:41:10.037+0000] {logging_mixin.py:150} INFO - [2023-08-13T18:41:10.037+0000] {dag.py:3508} INFO - Setting next_dagrun for example_sensors to None, run_after=None
[2023-08-13T18:41:10.087+0000] {processor.py:179} INFO - Processing /home/airflow/.local/lib/python3.7/site-packages/airflow/example_dags/example_sensors.py took 0.182 seconds
[2023-08-13T18:41:40.160+0000] {processor.py:157} INFO - Started process (PID=109) to work on /home/airflow/.local/lib/python3.7/site-packages/airflow/example_dags/example_sensors.py
[2023-08-13T18:41:40.162+0000] {processor.py:826} INFO - Processing file /home/airflow/.local/lib/python3.7/site-packages/airflow/example_dags/example_sensors.py for tasks to queue
[2023-08-13T18:41:40.163+0000] {logging_mixin.py:150} INFO - [2023-08-13T18:41:40.162+0000] {dagbag.py:541} INFO - Filling up the DagBag from /home/airflow/.local/lib/python3.7/site-packages/airflow/example_dags/example_sensors.py
[2023-08-13T18:41:40.172+0000] {processor.py:836} INFO - DAG(s) dict_keys(['example_sensors']) retrieved from /home/airflow/.local/lib/python3.7/site-packages/airflow/example_dags/example_sensors.py
[2023-08-13T18:41:40.201+0000] {logging_mixin.py:150} INFO - [2023-08-13T18:41:40.201+0000] {dag.py:2742} INFO - Sync 1 DAGs
[2023-08-13T18:41:40.234+0000] {logging_mixin.py:150} INFO - [2023-08-13T18:41:40.234+0000] {dag.py:3508} INFO - Setting next_dagrun for example_sensors to None, run_after=None
[2023-08-13T18:41:40.262+0000] {processor.py:179} INFO - Processing /home/airflow/.local/lib/python3.7/site-packages/airflow/example_dags/example_sensors.py took 0.105 seconds
[2023-08-13T18:42:10.646+0000] {processor.py:157} INFO - Started process (PID=174) to work on /home/airflow/.local/lib/python3.7/site-packages/airflow/example_dags/example_sensors.py
[2023-08-13T18:42:10.647+0000] {processor.py:826} INFO - Processing file /home/airflow/.local/lib/python3.7/site-packages/airflow/example_dags/example_sensors.py for tasks to queue
[2023-08-13T18:42:10.649+0000] {logging_mixin.py:150} INFO - [2023-08-13T18:42:10.648+0000] {dagbag.py:541} INFO - Filling up the DagBag from /home/airflow/.local/lib/python3.7/site-packages/airflow/example_dags/example_sensors.py
[2023-08-13T18:42:10.659+0000] {processor.py:836} INFO - DAG(s) dict_keys(['example_sensors']) retrieved from /home/airflow/.local/lib/python3.7/site-packages/airflow/example_dags/example_sensors.py
[2023-08-13T18:42:10.694+0000] {logging_mixin.py:150} INFO - [2023-08-13T18:42:10.694+0000] {dag.py:2742} INFO - Sync 1 DAGs
[2023-08-13T18:42:10.734+0000] {logging_mixin.py:150} INFO - [2023-08-13T18:42:10.734+0000] {dag.py:3508} INFO - Setting next_dagrun for example_sensors to None, run_after=None
[2023-08-13T18:42:10.759+0000] {processor.py:179} INFO - Processing /home/airflow/.local/lib/python3.7/site-packages/airflow/example_dags/example_sensors.py took 0.118 seconds
[2023-08-13T18:42:40.926+0000] {processor.py:157} INFO - Started process (PID=239) to work on /home/airflow/.local/lib/python3.7/site-packages/airflow/example_dags/example_sensors.py
[2023-08-13T18:42:40.927+0000] {processor.py:826} INFO - Processing file /home/airflow/.local/lib/python3.7/site-packages/airflow/example_dags/example_sensors.py for tasks to queue
[2023-08-13T18:42:40.928+0000] {logging_mixin.py:150} INFO - [2023-08-13T18:42:40.928+0000] {dagbag.py:541} INFO - Filling up the DagBag from /home/airflow/.local/lib/python3.7/site-packages/airflow/example_dags/example_sensors.py
[2023-08-13T18:42:40.936+0000] {processor.py:836} INFO - DAG(s) dict_keys(['example_sensors']) retrieved from /home/airflow/.local/lib/python3.7/site-packages/airflow/example_dags/example_sensors.py
[2023-08-13T18:42:40.962+0000] {logging_mixin.py:150} INFO - [2023-08-13T18:42:40.961+0000] {dag.py:2742} INFO - Sync 1 DAGs
[2023-08-13T18:42:40.986+0000] {logging_mixin.py:150} INFO - [2023-08-13T18:42:40.985+0000] {dag.py:3508} INFO - Setting next_dagrun for example_sensors to None, run_after=None
[2023-08-13T18:42:41.005+0000] {processor.py:179} INFO - Processing /home/airflow/.local/lib/python3.7/site-packages/airflow/example_dags/example_sensors.py took 0.082 seconds
[2023-08-13T18:43:11.536+0000] {processor.py:157} INFO - Started process (PID=304) to work on /home/airflow/.local/lib/python3.7/site-packages/airflow/example_dags/example_sensors.py
[2023-08-13T18:43:11.538+0000] {processor.py:826} INFO - Processing file /home/airflow/.local/lib/python3.7/site-packages/airflow/example_dags/example_sensors.py for tasks to queue
[2023-08-13T18:43:11.540+0000] {logging_mixin.py:150} INFO - [2023-08-13T18:43:11.540+0000] {dagbag.py:541} INFO - Filling up the DagBag from /home/airflow/.local/lib/python3.7/site-packages/airflow/example_dags/example_sensors.py
[2023-08-13T18:43:11.568+0000] {processor.py:836} INFO - DAG(s) dict_keys(['example_sensors']) retrieved from /home/airflow/.local/lib/python3.7/site-packages/airflow/example_dags/example_sensors.py
[2023-08-13T18:43:11.616+0000] {logging_mixin.py:150} INFO - [2023-08-13T18:43:11.615+0000] {dag.py:2742} INFO - Sync 1 DAGs
[2023-08-13T18:43:11.673+0000] {logging_mixin.py:150} INFO - [2023-08-13T18:43:11.672+0000] {dag.py:3508} INFO - Setting next_dagrun for example_sensors to None, run_after=None
[2023-08-13T18:43:11.773+0000] {processor.py:179} INFO - Processing /home/airflow/.local/lib/python3.7/site-packages/airflow/example_dags/example_sensors.py took 0.241 seconds
[2023-08-13T18:43:42.058+0000] {processor.py:157} INFO - Started process (PID=369) to work on /home/airflow/.local/lib/python3.7/site-packages/airflow/example_dags/example_sensors.py
[2023-08-13T18:43:42.060+0000] {processor.py:826} INFO - Processing file /home/airflow/.local/lib/python3.7/site-packages/airflow/example_dags/example_sensors.py for tasks to queue
[2023-08-13T18:43:42.061+0000] {logging_mixin.py:150} INFO - [2023-08-13T18:43:42.061+0000] {dagbag.py:541} INFO - Filling up the DagBag from /home/airflow/.local/lib/python3.7/site-packages/airflow/example_dags/example_sensors.py
[2023-08-13T18:43:42.077+0000] {processor.py:836} INFO - DAG(s) dict_keys(['example_sensors']) retrieved from /home/airflow/.local/lib/python3.7/site-packages/airflow/example_dags/example_sensors.py
[2023-08-13T18:43:42.136+0000] {logging_mixin.py:150} INFO - [2023-08-13T18:43:42.136+0000] {dag.py:2742} INFO - Sync 1 DAGs
[2023-08-13T18:43:42.191+0000] {logging_mixin.py:150} INFO - [2023-08-13T18:43:42.190+0000] {dag.py:3508} INFO - Setting next_dagrun for example_sensors to None, run_after=None
[2023-08-13T18:43:42.227+0000] {processor.py:179} INFO - Processing /home/airflow/.local/lib/python3.7/site-packages/airflow/example_dags/example_sensors.py took 0.175 seconds
[2023-08-13T18:44:12.381+0000] {processor.py:157} INFO - Started process (PID=434) to work on /home/airflow/.local/lib/python3.7/site-packages/airflow/example_dags/example_sensors.py
[2023-08-13T18:44:12.383+0000] {processor.py:826} INFO - Processing file /home/airflow/.local/lib/python3.7/site-packages/airflow/example_dags/example_sensors.py for tasks to queue
[2023-08-13T18:44:12.384+0000] {logging_mixin.py:150} INFO - [2023-08-13T18:44:12.383+0000] {dagbag.py:541} INFO - Filling up the DagBag from /home/airflow/.local/lib/python3.7/site-packages/airflow/example_dags/example_sensors.py
[2023-08-13T18:44:12.397+0000] {processor.py:836} INFO - DAG(s) dict_keys(['example_sensors']) retrieved from /home/airflow/.local/lib/python3.7/site-packages/airflow/example_dags/example_sensors.py
[2023-08-13T18:44:12.431+0000] {logging_mixin.py:150} INFO - [2023-08-13T18:44:12.430+0000] {dag.py:2742} INFO - Sync 1 DAGs
[2023-08-13T18:44:12.478+0000] {logging_mixin.py:150} INFO - [2023-08-13T18:44:12.478+0000] {dag.py:3508} INFO - Setting next_dagrun for example_sensors to None, run_after=None
[2023-08-13T18:44:12.522+0000] {processor.py:179} INFO - Processing /home/airflow/.local/lib/python3.7/site-packages/airflow/example_dags/example_sensors.py took 0.144 seconds
[2023-08-13T18:44:42.676+0000] {processor.py:157} INFO - Started process (PID=499) to work on /home/airflow/.local/lib/python3.7/site-packages/airflow/example_dags/example_sensors.py
[2023-08-13T18:44:42.678+0000] {processor.py:826} INFO - Processing file /home/airflow/.local/lib/python3.7/site-packages/airflow/example_dags/example_sensors.py for tasks to queue
[2023-08-13T18:44:42.679+0000] {logging_mixin.py:150} INFO - [2023-08-13T18:44:42.679+0000] {dagbag.py:541} INFO - Filling up the DagBag from /home/airflow/.local/lib/python3.7/site-packages/airflow/example_dags/example_sensors.py
[2023-08-13T18:44:42.688+0000] {processor.py:836} INFO - DAG(s) dict_keys(['example_sensors']) retrieved from /home/airflow/.local/lib/python3.7/site-packages/airflow/example_dags/example_sensors.py
[2023-08-13T18:44:42.716+0000] {logging_mixin.py:150} INFO - [2023-08-13T18:44:42.716+0000] {dag.py:2742} INFO - Sync 1 DAGs
[2023-08-13T18:44:42.741+0000] {logging_mixin.py:150} INFO - [2023-08-13T18:44:42.740+0000] {dag.py:3508} INFO - Setting next_dagrun for example_sensors to None, run_after=None
[2023-08-13T18:44:42.762+0000] {processor.py:179} INFO - Processing /home/airflow/.local/lib/python3.7/site-packages/airflow/example_dags/example_sensors.py took 0.089 seconds
[2023-08-13T18:45:13.500+0000] {processor.py:157} INFO - Started process (PID=564) to work on /home/airflow/.local/lib/python3.7/site-packages/airflow/example_dags/example_sensors.py
[2023-08-13T18:45:13.501+0000] {processor.py:826} INFO - Processing file /home/airflow/.local/lib/python3.7/site-packages/airflow/example_dags/example_sensors.py for tasks to queue
[2023-08-13T18:45:13.502+0000] {logging_mixin.py:150} INFO - [2023-08-13T18:45:13.502+0000] {dagbag.py:541} INFO - Filling up the DagBag from /home/airflow/.local/lib/python3.7/site-packages/airflow/example_dags/example_sensors.py
[2023-08-13T18:45:13.515+0000] {processor.py:836} INFO - DAG(s) dict_keys(['example_sensors']) retrieved from /home/airflow/.local/lib/python3.7/site-packages/airflow/example_dags/example_sensors.py
[2023-08-13T18:45:13.547+0000] {logging_mixin.py:150} INFO - [2023-08-13T18:45:13.547+0000] {dag.py:2742} INFO - Sync 1 DAGs
[2023-08-13T18:45:13.577+0000] {logging_mixin.py:150} INFO - [2023-08-13T18:45:13.577+0000] {dag.py:3508} INFO - Setting next_dagrun for example_sensors to None, run_after=None
[2023-08-13T18:45:13.603+0000] {processor.py:179} INFO - Processing /home/airflow/.local/lib/python3.7/site-packages/airflow/example_dags/example_sensors.py took 0.107 seconds
[2023-08-13T18:45:43.744+0000] {processor.py:157} INFO - Started process (PID=629) to work on /home/airflow/.local/lib/python3.7/site-packages/airflow/example_dags/example_sensors.py
[2023-08-13T18:45:43.745+0000] {processor.py:826} INFO - Processing file /home/airflow/.local/lib/python3.7/site-packages/airflow/example_dags/example_sensors.py for tasks to queue
[2023-08-13T18:45:43.746+0000] {logging_mixin.py:150} INFO - [2023-08-13T18:45:43.746+0000] {dagbag.py:541} INFO - Filling up the DagBag from /home/airflow/.local/lib/python3.7/site-packages/airflow/example_dags/example_sensors.py
[2023-08-13T18:45:43.761+0000] {processor.py:836} INFO - DAG(s) dict_keys(['example_sensors']) retrieved from /home/airflow/.local/lib/python3.7/site-packages/airflow/example_dags/example_sensors.py
[2023-08-13T18:45:43.797+0000] {logging_mixin.py:150} INFO - [2023-08-13T18:45:43.797+0000] {dag.py:2742} INFO - Sync 1 DAGs
[2023-08-13T18:45:43.834+0000] {logging_mixin.py:150} INFO - [2023-08-13T18:45:43.833+0000] {dag.py:3508} INFO - Setting next_dagrun for example_sensors to None, run_after=None
[2023-08-13T18:45:43.866+0000] {processor.py:179} INFO - Processing /home/airflow/.local/lib/python3.7/site-packages/airflow/example_dags/example_sensors.py took 0.126 seconds
[2023-08-13T18:46:13.901+0000] {processor.py:157} INFO - Started process (PID=694) to work on /home/airflow/.local/lib/python3.7/site-packages/airflow/example_dags/example_sensors.py
[2023-08-13T18:46:13.902+0000] {processor.py:826} INFO - Processing file /home/airflow/.local/lib/python3.7/site-packages/airflow/example_dags/example_sensors.py for tasks to queue
[2023-08-13T18:46:13.903+0000] {logging_mixin.py:150} INFO - [2023-08-13T18:46:13.903+0000] {dagbag.py:541} INFO - Filling up the DagBag from /home/airflow/.local/lib/python3.7/site-packages/airflow/example_dags/example_sensors.py
[2023-08-13T18:46:13.917+0000] {processor.py:836} INFO - DAG(s) dict_keys(['example_sensors']) retrieved from /home/airflow/.local/lib/python3.7/site-packages/airflow/example_dags/example_sensors.py
[2023-08-13T18:46:13.958+0000] {logging_mixin.py:150} INFO - [2023-08-13T18:46:13.958+0000] {dag.py:2742} INFO - Sync 1 DAGs
[2023-08-13T18:46:13.993+0000] {logging_mixin.py:150} INFO - [2023-08-13T18:46:13.993+0000] {dag.py:3508} INFO - Setting next_dagrun for example_sensors to None, run_after=None
[2023-08-13T18:46:14.023+0000] {processor.py:179} INFO - Processing /home/airflow/.local/lib/python3.7/site-packages/airflow/example_dags/example_sensors.py took 0.126 seconds
[2023-08-13T18:46:44.503+0000] {processor.py:157} INFO - Started process (PID=759) to work on /home/airflow/.local/lib/python3.7/site-packages/airflow/example_dags/example_sensors.py
[2023-08-13T18:46:44.506+0000] {processor.py:826} INFO - Processing file /home/airflow/.local/lib/python3.7/site-packages/airflow/example_dags/example_sensors.py for tasks to queue
[2023-08-13T18:46:44.507+0000] {logging_mixin.py:150} INFO - [2023-08-13T18:46:44.507+0000] {dagbag.py:541} INFO - Filling up the DagBag from /home/airflow/.local/lib/python3.7/site-packages/airflow/example_dags/example_sensors.py
[2023-08-13T18:46:44.521+0000] {processor.py:836} INFO - DAG(s) dict_keys(['example_sensors']) retrieved from /home/airflow/.local/lib/python3.7/site-packages/airflow/example_dags/example_sensors.py
[2023-08-13T18:46:44.557+0000] {logging_mixin.py:150} INFO - [2023-08-13T18:46:44.557+0000] {dag.py:2742} INFO - Sync 1 DAGs
[2023-08-13T18:46:44.585+0000] {logging_mixin.py:150} INFO - [2023-08-13T18:46:44.585+0000] {dag.py:3508} INFO - Setting next_dagrun for example_sensors to None, run_after=None
[2023-08-13T18:46:44.612+0000] {processor.py:179} INFO - Processing /home/airflow/.local/lib/python3.7/site-packages/airflow/example_dags/example_sensors.py took 0.114 seconds
[2023-08-13T18:47:15.387+0000] {processor.py:157} INFO - Started process (PID=824) to work on /home/airflow/.local/lib/python3.7/site-packages/airflow/example_dags/example_sensors.py
[2023-08-13T18:47:15.389+0000] {processor.py:826} INFO - Processing file /home/airflow/.local/lib/python3.7/site-packages/airflow/example_dags/example_sensors.py for tasks to queue
[2023-08-13T18:47:15.390+0000] {logging_mixin.py:150} INFO - [2023-08-13T18:47:15.389+0000] {dagbag.py:541} INFO - Filling up the DagBag from /home/airflow/.local/lib/python3.7/site-packages/airflow/example_dags/example_sensors.py
[2023-08-13T18:47:15.402+0000] {processor.py:836} INFO - DAG(s) dict_keys(['example_sensors']) retrieved from /home/airflow/.local/lib/python3.7/site-packages/airflow/example_dags/example_sensors.py
[2023-08-13T18:47:15.437+0000] {logging_mixin.py:150} INFO - [2023-08-13T18:47:15.437+0000] {dag.py:2742} INFO - Sync 1 DAGs
[2023-08-13T18:47:15.468+0000] {logging_mixin.py:150} INFO - [2023-08-13T18:47:15.468+0000] {dag.py:3508} INFO - Setting next_dagrun for example_sensors to None, run_after=None
[2023-08-13T18:47:15.490+0000] {processor.py:179} INFO - Processing /home/airflow/.local/lib/python3.7/site-packages/airflow/example_dags/example_sensors.py took 0.106 seconds
[2023-08-13T18:47:45.881+0000] {processor.py:157} INFO - Started process (PID=889) to work on /home/airflow/.local/lib/python3.7/site-packages/airflow/example_dags/example_sensors.py
[2023-08-13T18:47:45.882+0000] {processor.py:826} INFO - Processing file /home/airflow/.local/lib/python3.7/site-packages/airflow/example_dags/example_sensors.py for tasks to queue
[2023-08-13T18:47:45.883+0000] {logging_mixin.py:150} INFO - [2023-08-13T18:47:45.883+0000] {dagbag.py:541} INFO - Filling up the DagBag from /home/airflow/.local/lib/python3.7/site-packages/airflow/example_dags/example_sensors.py
[2023-08-13T18:47:45.893+0000] {processor.py:836} INFO - DAG(s) dict_keys(['example_sensors']) retrieved from /home/airflow/.local/lib/python3.7/site-packages/airflow/example_dags/example_sensors.py
[2023-08-13T18:47:45.924+0000] {logging_mixin.py:150} INFO - [2023-08-13T18:47:45.924+0000] {dag.py:2742} INFO - Sync 1 DAGs
[2023-08-13T18:47:45.951+0000] {logging_mixin.py:150} INFO - [2023-08-13T18:47:45.951+0000] {dag.py:3508} INFO - Setting next_dagrun for example_sensors to None, run_after=None
[2023-08-13T18:47:45.973+0000] {processor.py:179} INFO - Processing /home/airflow/.local/lib/python3.7/site-packages/airflow/example_dags/example_sensors.py took 0.095 seconds
[2023-08-13T18:48:16.177+0000] {processor.py:157} INFO - Started process (PID=954) to work on /home/airflow/.local/lib/python3.7/site-packages/airflow/example_dags/example_sensors.py
[2023-08-13T18:48:16.178+0000] {processor.py:826} INFO - Processing file /home/airflow/.local/lib/python3.7/site-packages/airflow/example_dags/example_sensors.py for tasks to queue
[2023-08-13T18:48:16.179+0000] {logging_mixin.py:150} INFO - [2023-08-13T18:48:16.179+0000] {dagbag.py:541} INFO - Filling up the DagBag from /home/airflow/.local/lib/python3.7/site-packages/airflow/example_dags/example_sensors.py
[2023-08-13T18:48:16.190+0000] {processor.py:836} INFO - DAG(s) dict_keys(['example_sensors']) retrieved from /home/airflow/.local/lib/python3.7/site-packages/airflow/example_dags/example_sensors.py
[2023-08-13T18:48:16.225+0000] {logging_mixin.py:150} INFO - [2023-08-13T18:48:16.224+0000] {dag.py:2742} INFO - Sync 1 DAGs
[2023-08-13T18:48:16.251+0000] {logging_mixin.py:150} INFO - [2023-08-13T18:48:16.250+0000] {dag.py:3508} INFO - Setting next_dagrun for example_sensors to None, run_after=None
[2023-08-13T18:48:16.272+0000] {processor.py:179} INFO - Processing /home/airflow/.local/lib/python3.7/site-packages/airflow/example_dags/example_sensors.py took 0.098 seconds
[2023-08-13T18:48:46.841+0000] {processor.py:157} INFO - Started process (PID=1019) to work on /home/airflow/.local/lib/python3.7/site-packages/airflow/example_dags/example_sensors.py
[2023-08-13T18:48:46.842+0000] {processor.py:826} INFO - Processing file /home/airflow/.local/lib/python3.7/site-packages/airflow/example_dags/example_sensors.py for tasks to queue
[2023-08-13T18:48:46.844+0000] {logging_mixin.py:150} INFO - [2023-08-13T18:48:46.843+0000] {dagbag.py:541} INFO - Filling up the DagBag from /home/airflow/.local/lib/python3.7/site-packages/airflow/example_dags/example_sensors.py
[2023-08-13T18:48:46.856+0000] {processor.py:836} INFO - DAG(s) dict_keys(['example_sensors']) retrieved from /home/airflow/.local/lib/python3.7/site-packages/airflow/example_dags/example_sensors.py
[2023-08-13T18:48:46.894+0000] {logging_mixin.py:150} INFO - [2023-08-13T18:48:46.894+0000] {dag.py:2742} INFO - Sync 1 DAGs
[2023-08-13T18:48:46.926+0000] {logging_mixin.py:150} INFO - [2023-08-13T18:48:46.925+0000] {dag.py:3508} INFO - Setting next_dagrun for example_sensors to None, run_after=None
[2023-08-13T18:48:46.950+0000] {processor.py:179} INFO - Processing /home/airflow/.local/lib/python3.7/site-packages/airflow/example_dags/example_sensors.py took 0.112 seconds
[2023-08-13T18:49:17.392+0000] {processor.py:157} INFO - Started process (PID=1084) to work on /home/airflow/.local/lib/python3.7/site-packages/airflow/example_dags/example_sensors.py
[2023-08-13T18:49:17.393+0000] {processor.py:826} INFO - Processing file /home/airflow/.local/lib/python3.7/site-packages/airflow/example_dags/example_sensors.py for tasks to queue
[2023-08-13T18:49:17.394+0000] {logging_mixin.py:150} INFO - [2023-08-13T18:49:17.394+0000] {dagbag.py:541} INFO - Filling up the DagBag from /home/airflow/.local/lib/python3.7/site-packages/airflow/example_dags/example_sensors.py
[2023-08-13T18:49:17.405+0000] {processor.py:836} INFO - DAG(s) dict_keys(['example_sensors']) retrieved from /home/airflow/.local/lib/python3.7/site-packages/airflow/example_dags/example_sensors.py
[2023-08-13T18:49:17.435+0000] {logging_mixin.py:150} INFO - [2023-08-13T18:49:17.434+0000] {dag.py:2742} INFO - Sync 1 DAGs
[2023-08-13T18:49:17.464+0000] {logging_mixin.py:150} INFO - [2023-08-13T18:49:17.464+0000] {dag.py:3508} INFO - Setting next_dagrun for example_sensors to None, run_after=None
[2023-08-13T18:49:17.487+0000] {processor.py:179} INFO - Processing /home/airflow/.local/lib/python3.7/site-packages/airflow/example_dags/example_sensors.py took 0.098 seconds
[2023-08-13T18:49:47.993+0000] {processor.py:157} INFO - Started process (PID=1149) to work on /home/airflow/.local/lib/python3.7/site-packages/airflow/example_dags/example_sensors.py
[2023-08-13T18:49:47.995+0000] {processor.py:826} INFO - Processing file /home/airflow/.local/lib/python3.7/site-packages/airflow/example_dags/example_sensors.py for tasks to queue
[2023-08-13T18:49:47.996+0000] {logging_mixin.py:150} INFO - [2023-08-13T18:49:47.996+0000] {dagbag.py:541} INFO - Filling up the DagBag from /home/airflow/.local/lib/python3.7/site-packages/airflow/example_dags/example_sensors.py
[2023-08-13T18:49:48.006+0000] {processor.py:836} INFO - DAG(s) dict_keys(['example_sensors']) retrieved from /home/airflow/.local/lib/python3.7/site-packages/airflow/example_dags/example_sensors.py
[2023-08-13T18:49:48.050+0000] {logging_mixin.py:150} INFO - [2023-08-13T18:49:48.050+0000] {dag.py:2742} INFO - Sync 1 DAGs
[2023-08-13T18:49:48.095+0000] {logging_mixin.py:150} INFO - [2023-08-13T18:49:48.094+0000] {dag.py:3508} INFO - Setting next_dagrun for example_sensors to None, run_after=None
[2023-08-13T18:49:48.127+0000] {processor.py:179} INFO - Processing /home/airflow/.local/lib/python3.7/site-packages/airflow/example_dags/example_sensors.py took 0.138 seconds
[2023-08-13T18:50:18.576+0000] {processor.py:157} INFO - Started process (PID=1214) to work on /home/airflow/.local/lib/python3.7/site-packages/airflow/example_dags/example_sensors.py
[2023-08-13T18:50:18.577+0000] {processor.py:826} INFO - Processing file /home/airflow/.local/lib/python3.7/site-packages/airflow/example_dags/example_sensors.py for tasks to queue
[2023-08-13T18:50:18.578+0000] {logging_mixin.py:150} INFO - [2023-08-13T18:50:18.578+0000] {dagbag.py:541} INFO - Filling up the DagBag from /home/airflow/.local/lib/python3.7/site-packages/airflow/example_dags/example_sensors.py
[2023-08-13T18:50:18.588+0000] {processor.py:836} INFO - DAG(s) dict_keys(['example_sensors']) retrieved from /home/airflow/.local/lib/python3.7/site-packages/airflow/example_dags/example_sensors.py
[2023-08-13T18:50:18.619+0000] {logging_mixin.py:150} INFO - [2023-08-13T18:50:18.619+0000] {dag.py:2742} INFO - Sync 1 DAGs
[2023-08-13T18:50:18.651+0000] {logging_mixin.py:150} INFO - [2023-08-13T18:50:18.651+0000] {dag.py:3508} INFO - Setting next_dagrun for example_sensors to None, run_after=None
[2023-08-13T18:50:18.677+0000] {processor.py:179} INFO - Processing /home/airflow/.local/lib/python3.7/site-packages/airflow/example_dags/example_sensors.py took 0.105 seconds
[2023-08-13T19:55:42.917+0000] {processor.py:157} INFO - Started process (PID=54) to work on /home/airflow/.local/lib/python3.7/site-packages/airflow/example_dags/example_sensors.py
[2023-08-13T19:55:42.919+0000] {processor.py:826} INFO - Processing file /home/airflow/.local/lib/python3.7/site-packages/airflow/example_dags/example_sensors.py for tasks to queue
[2023-08-13T19:55:42.946+0000] {logging_mixin.py:150} INFO - [2023-08-13T19:55:42.921+0000] {dagbag.py:541} INFO - Filling up the DagBag from /home/airflow/.local/lib/python3.7/site-packages/airflow/example_dags/example_sensors.py
[2023-08-13T19:55:43.100+0000] {processor.py:836} INFO - DAG(s) dict_keys(['example_sensors']) retrieved from /home/airflow/.local/lib/python3.7/site-packages/airflow/example_dags/example_sensors.py
[2023-08-13T19:55:43.227+0000] {logging_mixin.py:150} INFO - [2023-08-13T19:55:43.227+0000] {dag.py:2742} INFO - Sync 1 DAGs
[2023-08-13T19:55:43.328+0000] {logging_mixin.py:150} INFO - [2023-08-13T19:55:43.328+0000] {dag.py:3508} INFO - Setting next_dagrun for example_sensors to None, run_after=None
[2023-08-13T19:55:43.380+0000] {processor.py:179} INFO - Processing /home/airflow/.local/lib/python3.7/site-packages/airflow/example_dags/example_sensors.py took 0.491 seconds
[2023-08-13T19:58:38.947+0000] {processor.py:157} INFO - Started process (PID=46) to work on /home/airflow/.local/lib/python3.7/site-packages/airflow/example_dags/example_sensors.py
[2023-08-13T19:58:38.949+0000] {processor.py:826} INFO - Processing file /home/airflow/.local/lib/python3.7/site-packages/airflow/example_dags/example_sensors.py for tasks to queue
[2023-08-13T19:58:38.950+0000] {logging_mixin.py:150} INFO - [2023-08-13T19:58:38.950+0000] {dagbag.py:541} INFO - Filling up the DagBag from /home/airflow/.local/lib/python3.7/site-packages/airflow/example_dags/example_sensors.py
[2023-08-13T19:58:38.968+0000] {processor.py:836} INFO - DAG(s) dict_keys(['example_sensors']) retrieved from /home/airflow/.local/lib/python3.7/site-packages/airflow/example_dags/example_sensors.py
[2023-08-13T19:58:38.987+0000] {logging_mixin.py:150} INFO - [2023-08-13T19:58:38.986+0000] {dag.py:2742} INFO - Sync 1 DAGs
[2023-08-13T19:58:39.040+0000] {logging_mixin.py:150} INFO - [2023-08-13T19:58:39.039+0000] {dag.py:3508} INFO - Setting next_dagrun for example_sensors to None, run_after=None
[2023-08-13T19:58:39.086+0000] {processor.py:179} INFO - Processing /home/airflow/.local/lib/python3.7/site-packages/airflow/example_dags/example_sensors.py took 0.143 seconds
[2023-08-13T19:59:09.261+0000] {processor.py:157} INFO - Started process (PID=112) to work on /home/airflow/.local/lib/python3.7/site-packages/airflow/example_dags/example_sensors.py
[2023-08-13T19:59:09.262+0000] {processor.py:826} INFO - Processing file /home/airflow/.local/lib/python3.7/site-packages/airflow/example_dags/example_sensors.py for tasks to queue
[2023-08-13T19:59:09.264+0000] {logging_mixin.py:150} INFO - [2023-08-13T19:59:09.264+0000] {dagbag.py:541} INFO - Filling up the DagBag from /home/airflow/.local/lib/python3.7/site-packages/airflow/example_dags/example_sensors.py
[2023-08-13T19:59:09.278+0000] {processor.py:836} INFO - DAG(s) dict_keys(['example_sensors']) retrieved from /home/airflow/.local/lib/python3.7/site-packages/airflow/example_dags/example_sensors.py
[2023-08-13T19:59:09.326+0000] {logging_mixin.py:150} INFO - [2023-08-13T19:59:09.326+0000] {dag.py:2742} INFO - Sync 1 DAGs
[2023-08-13T19:59:09.367+0000] {logging_mixin.py:150} INFO - [2023-08-13T19:59:09.367+0000] {dag.py:3508} INFO - Setting next_dagrun for example_sensors to None, run_after=None
[2023-08-13T19:59:09.396+0000] {processor.py:179} INFO - Processing /home/airflow/.local/lib/python3.7/site-packages/airflow/example_dags/example_sensors.py took 0.139 seconds
[2023-08-13T19:59:40.112+0000] {processor.py:157} INFO - Started process (PID=178) to work on /home/airflow/.local/lib/python3.7/site-packages/airflow/example_dags/example_sensors.py
[2023-08-13T19:59:40.114+0000] {processor.py:826} INFO - Processing file /home/airflow/.local/lib/python3.7/site-packages/airflow/example_dags/example_sensors.py for tasks to queue
[2023-08-13T19:59:40.115+0000] {logging_mixin.py:150} INFO - [2023-08-13T19:59:40.115+0000] {dagbag.py:541} INFO - Filling up the DagBag from /home/airflow/.local/lib/python3.7/site-packages/airflow/example_dags/example_sensors.py
[2023-08-13T19:59:40.130+0000] {processor.py:836} INFO - DAG(s) dict_keys(['example_sensors']) retrieved from /home/airflow/.local/lib/python3.7/site-packages/airflow/example_dags/example_sensors.py
[2023-08-13T19:59:40.168+0000] {logging_mixin.py:150} INFO - [2023-08-13T19:59:40.168+0000] {dag.py:2742} INFO - Sync 1 DAGs
[2023-08-13T19:59:40.214+0000] {logging_mixin.py:150} INFO - [2023-08-13T19:59:40.213+0000] {dag.py:3508} INFO - Setting next_dagrun for example_sensors to None, run_after=None
[2023-08-13T19:59:40.253+0000] {processor.py:179} INFO - Processing /home/airflow/.local/lib/python3.7/site-packages/airflow/example_dags/example_sensors.py took 0.145 seconds
[2023-08-13T20:00:11.238+0000] {processor.py:157} INFO - Started process (PID=244) to work on /home/airflow/.local/lib/python3.7/site-packages/airflow/example_dags/example_sensors.py
[2023-08-13T20:00:11.239+0000] {processor.py:826} INFO - Processing file /home/airflow/.local/lib/python3.7/site-packages/airflow/example_dags/example_sensors.py for tasks to queue
[2023-08-13T20:00:11.240+0000] {logging_mixin.py:150} INFO - [2023-08-13T20:00:11.239+0000] {dagbag.py:541} INFO - Filling up the DagBag from /home/airflow/.local/lib/python3.7/site-packages/airflow/example_dags/example_sensors.py
[2023-08-13T20:00:11.249+0000] {processor.py:836} INFO - DAG(s) dict_keys(['example_sensors']) retrieved from /home/airflow/.local/lib/python3.7/site-packages/airflow/example_dags/example_sensors.py
[2023-08-13T20:00:11.283+0000] {logging_mixin.py:150} INFO - [2023-08-13T20:00:11.283+0000] {dag.py:2742} INFO - Sync 1 DAGs
[2023-08-13T20:00:11.316+0000] {logging_mixin.py:150} INFO - [2023-08-13T20:00:11.316+0000] {dag.py:3508} INFO - Setting next_dagrun for example_sensors to None, run_after=None
[2023-08-13T20:00:11.341+0000] {processor.py:179} INFO - Processing /home/airflow/.local/lib/python3.7/site-packages/airflow/example_dags/example_sensors.py took 0.106 seconds
[2023-08-13T20:00:41.853+0000] {processor.py:157} INFO - Started process (PID=310) to work on /home/airflow/.local/lib/python3.7/site-packages/airflow/example_dags/example_sensors.py
[2023-08-13T20:00:41.854+0000] {processor.py:826} INFO - Processing file /home/airflow/.local/lib/python3.7/site-packages/airflow/example_dags/example_sensors.py for tasks to queue
[2023-08-13T20:00:41.855+0000] {logging_mixin.py:150} INFO - [2023-08-13T20:00:41.855+0000] {dagbag.py:541} INFO - Filling up the DagBag from /home/airflow/.local/lib/python3.7/site-packages/airflow/example_dags/example_sensors.py
[2023-08-13T20:00:41.871+0000] {processor.py:836} INFO - DAG(s) dict_keys(['example_sensors']) retrieved from /home/airflow/.local/lib/python3.7/site-packages/airflow/example_dags/example_sensors.py
[2023-08-13T20:00:41.915+0000] {logging_mixin.py:150} INFO - [2023-08-13T20:00:41.914+0000] {dag.py:2742} INFO - Sync 1 DAGs
[2023-08-13T20:00:41.955+0000] {logging_mixin.py:150} INFO - [2023-08-13T20:00:41.955+0000] {dag.py:3508} INFO - Setting next_dagrun for example_sensors to None, run_after=None
[2023-08-13T20:00:41.983+0000] {processor.py:179} INFO - Processing /home/airflow/.local/lib/python3.7/site-packages/airflow/example_dags/example_sensors.py took 0.135 seconds
[2023-08-13T20:01:12.713+0000] {processor.py:157} INFO - Started process (PID=376) to work on /home/airflow/.local/lib/python3.7/site-packages/airflow/example_dags/example_sensors.py
[2023-08-13T20:01:12.714+0000] {processor.py:826} INFO - Processing file /home/airflow/.local/lib/python3.7/site-packages/airflow/example_dags/example_sensors.py for tasks to queue
[2023-08-13T20:01:12.715+0000] {logging_mixin.py:150} INFO - [2023-08-13T20:01:12.715+0000] {dagbag.py:541} INFO - Filling up the DagBag from /home/airflow/.local/lib/python3.7/site-packages/airflow/example_dags/example_sensors.py
[2023-08-13T20:01:12.725+0000] {processor.py:836} INFO - DAG(s) dict_keys(['example_sensors']) retrieved from /home/airflow/.local/lib/python3.7/site-packages/airflow/example_dags/example_sensors.py
[2023-08-13T20:01:12.762+0000] {logging_mixin.py:150} INFO - [2023-08-13T20:01:12.761+0000] {dag.py:2742} INFO - Sync 1 DAGs
[2023-08-13T20:01:12.799+0000] {logging_mixin.py:150} INFO - [2023-08-13T20:01:12.799+0000] {dag.py:3508} INFO - Setting next_dagrun for example_sensors to None, run_after=None
[2023-08-13T20:01:12.830+0000] {processor.py:179} INFO - Processing /home/airflow/.local/lib/python3.7/site-packages/airflow/example_dags/example_sensors.py took 0.121 seconds
[2023-08-13T20:01:43.416+0000] {processor.py:157} INFO - Started process (PID=442) to work on /home/airflow/.local/lib/python3.7/site-packages/airflow/example_dags/example_sensors.py
[2023-08-13T20:01:43.417+0000] {processor.py:826} INFO - Processing file /home/airflow/.local/lib/python3.7/site-packages/airflow/example_dags/example_sensors.py for tasks to queue
[2023-08-13T20:01:43.418+0000] {logging_mixin.py:150} INFO - [2023-08-13T20:01:43.418+0000] {dagbag.py:541} INFO - Filling up the DagBag from /home/airflow/.local/lib/python3.7/site-packages/airflow/example_dags/example_sensors.py
[2023-08-13T20:01:43.430+0000] {processor.py:836} INFO - DAG(s) dict_keys(['example_sensors']) retrieved from /home/airflow/.local/lib/python3.7/site-packages/airflow/example_dags/example_sensors.py
[2023-08-13T20:01:43.466+0000] {logging_mixin.py:150} INFO - [2023-08-13T20:01:43.466+0000] {dag.py:2742} INFO - Sync 1 DAGs
[2023-08-13T20:01:43.538+0000] {logging_mixin.py:150} INFO - [2023-08-13T20:01:43.537+0000] {dag.py:3508} INFO - Setting next_dagrun for example_sensors to None, run_after=None
[2023-08-13T20:01:43.583+0000] {processor.py:179} INFO - Processing /home/airflow/.local/lib/python3.7/site-packages/airflow/example_dags/example_sensors.py took 0.171 seconds
[2023-08-13T20:02:18.714+0000] {processor.py:157} INFO - Started process (PID=508) to work on /home/airflow/.local/lib/python3.7/site-packages/airflow/example_dags/example_sensors.py
[2023-08-13T20:02:18.716+0000] {processor.py:826} INFO - Processing file /home/airflow/.local/lib/python3.7/site-packages/airflow/example_dags/example_sensors.py for tasks to queue
[2023-08-13T20:02:18.717+0000] {logging_mixin.py:150} INFO - [2023-08-13T20:02:18.717+0000] {dagbag.py:541} INFO - Filling up the DagBag from /home/airflow/.local/lib/python3.7/site-packages/airflow/example_dags/example_sensors.py
[2023-08-13T20:02:18.731+0000] {processor.py:836} INFO - DAG(s) dict_keys(['example_sensors']) retrieved from /home/airflow/.local/lib/python3.7/site-packages/airflow/example_dags/example_sensors.py
[2023-08-13T20:02:19.246+0000] {logging_mixin.py:150} INFO - [2023-08-13T20:02:19.246+0000] {dag.py:2742} INFO - Sync 1 DAGs
[2023-08-13T20:02:21.029+0000] {logging_mixin.py:150} INFO - [2023-08-13T20:02:21.028+0000] {dag.py:3508} INFO - Setting next_dagrun for example_sensors to None, run_after=None
[2023-08-13T20:02:21.172+0000] {processor.py:179} INFO - Processing /home/airflow/.local/lib/python3.7/site-packages/airflow/example_dags/example_sensors.py took 2.463 seconds
[2023-08-13T20:03:38.364+0000] {processor.py:157} INFO - Started process (PID=581) to work on /home/airflow/.local/lib/python3.7/site-packages/airflow/example_dags/example_sensors.py
[2023-08-13T20:03:38.365+0000] {processor.py:826} INFO - Processing file /home/airflow/.local/lib/python3.7/site-packages/airflow/example_dags/example_sensors.py for tasks to queue
[2023-08-13T20:03:38.367+0000] {logging_mixin.py:150} INFO - [2023-08-13T20:03:38.366+0000] {dagbag.py:541} INFO - Filling up the DagBag from /home/airflow/.local/lib/python3.7/site-packages/airflow/example_dags/example_sensors.py
[2023-08-13T20:03:38.380+0000] {processor.py:836} INFO - DAG(s) dict_keys(['example_sensors']) retrieved from /home/airflow/.local/lib/python3.7/site-packages/airflow/example_dags/example_sensors.py
[2023-08-13T20:03:39.083+0000] {logging_mixin.py:150} INFO - [2023-08-13T20:03:39.082+0000] {dag.py:2742} INFO - Sync 1 DAGs
[2023-08-13T20:03:39.132+0000] {logging_mixin.py:150} INFO - [2023-08-13T20:03:39.132+0000] {dag.py:3508} INFO - Setting next_dagrun for example_sensors to None, run_after=None
[2023-08-13T20:03:39.168+0000] {processor.py:179} INFO - Processing /home/airflow/.local/lib/python3.7/site-packages/airflow/example_dags/example_sensors.py took 0.807 seconds
[2023-08-13T20:05:56.976+0000] {processor.py:157} INFO - Started process (PID=46) to work on /home/airflow/.local/lib/python3.7/site-packages/airflow/example_dags/example_sensors.py
[2023-08-13T20:05:56.978+0000] {processor.py:826} INFO - Processing file /home/airflow/.local/lib/python3.7/site-packages/airflow/example_dags/example_sensors.py for tasks to queue
[2023-08-13T20:05:56.980+0000] {logging_mixin.py:150} INFO - [2023-08-13T20:05:56.979+0000] {dagbag.py:541} INFO - Filling up the DagBag from /home/airflow/.local/lib/python3.7/site-packages/airflow/example_dags/example_sensors.py
[2023-08-13T20:05:57.000+0000] {processor.py:836} INFO - DAG(s) dict_keys(['example_sensors']) retrieved from /home/airflow/.local/lib/python3.7/site-packages/airflow/example_dags/example_sensors.py
[2023-08-13T20:05:57.022+0000] {logging_mixin.py:150} INFO - [2023-08-13T20:05:57.022+0000] {dag.py:2742} INFO - Sync 1 DAGs
[2023-08-13T20:05:57.077+0000] {logging_mixin.py:150} INFO - [2023-08-13T20:05:57.077+0000] {dag.py:3508} INFO - Setting next_dagrun for example_sensors to None, run_after=None
[2023-08-13T20:05:57.122+0000] {processor.py:179} INFO - Processing /home/airflow/.local/lib/python3.7/site-packages/airflow/example_dags/example_sensors.py took 0.151 seconds
[2023-08-13T20:06:28.118+0000] {processor.py:157} INFO - Started process (PID=112) to work on /home/airflow/.local/lib/python3.7/site-packages/airflow/example_dags/example_sensors.py
[2023-08-13T20:06:28.119+0000] {processor.py:826} INFO - Processing file /home/airflow/.local/lib/python3.7/site-packages/airflow/example_dags/example_sensors.py for tasks to queue
[2023-08-13T20:06:28.120+0000] {logging_mixin.py:150} INFO - [2023-08-13T20:06:28.120+0000] {dagbag.py:541} INFO - Filling up the DagBag from /home/airflow/.local/lib/python3.7/site-packages/airflow/example_dags/example_sensors.py
[2023-08-13T20:06:28.130+0000] {processor.py:836} INFO - DAG(s) dict_keys(['example_sensors']) retrieved from /home/airflow/.local/lib/python3.7/site-packages/airflow/example_dags/example_sensors.py
[2023-08-13T20:06:28.159+0000] {logging_mixin.py:150} INFO - [2023-08-13T20:06:28.159+0000] {dag.py:2742} INFO - Sync 1 DAGs
[2023-08-13T20:06:28.187+0000] {logging_mixin.py:150} INFO - [2023-08-13T20:06:28.186+0000] {dag.py:3508} INFO - Setting next_dagrun for example_sensors to None, run_after=None
[2023-08-13T20:06:28.212+0000] {processor.py:179} INFO - Processing /home/airflow/.local/lib/python3.7/site-packages/airflow/example_dags/example_sensors.py took 0.096 seconds
[2023-08-13T20:06:58.697+0000] {processor.py:157} INFO - Started process (PID=178) to work on /home/airflow/.local/lib/python3.7/site-packages/airflow/example_dags/example_sensors.py
[2023-08-13T20:06:58.699+0000] {processor.py:826} INFO - Processing file /home/airflow/.local/lib/python3.7/site-packages/airflow/example_dags/example_sensors.py for tasks to queue
[2023-08-13T20:06:58.700+0000] {logging_mixin.py:150} INFO - [2023-08-13T20:06:58.700+0000] {dagbag.py:541} INFO - Filling up the DagBag from /home/airflow/.local/lib/python3.7/site-packages/airflow/example_dags/example_sensors.py
[2023-08-13T20:06:58.712+0000] {processor.py:836} INFO - DAG(s) dict_keys(['example_sensors']) retrieved from /home/airflow/.local/lib/python3.7/site-packages/airflow/example_dags/example_sensors.py
[2023-08-13T20:06:58.747+0000] {logging_mixin.py:150} INFO - [2023-08-13T20:06:58.747+0000] {dag.py:2742} INFO - Sync 1 DAGs
[2023-08-13T20:06:58.791+0000] {logging_mixin.py:150} INFO - [2023-08-13T20:06:58.790+0000] {dag.py:3508} INFO - Setting next_dagrun for example_sensors to None, run_after=None
[2023-08-13T20:06:58.823+0000] {processor.py:179} INFO - Processing /home/airflow/.local/lib/python3.7/site-packages/airflow/example_dags/example_sensors.py took 0.128 seconds
[2023-08-13T20:07:29.812+0000] {processor.py:157} INFO - Started process (PID=244) to work on /home/airflow/.local/lib/python3.7/site-packages/airflow/example_dags/example_sensors.py
[2023-08-13T20:07:29.813+0000] {processor.py:826} INFO - Processing file /home/airflow/.local/lib/python3.7/site-packages/airflow/example_dags/example_sensors.py for tasks to queue
[2023-08-13T20:07:29.814+0000] {logging_mixin.py:150} INFO - [2023-08-13T20:07:29.814+0000] {dagbag.py:541} INFO - Filling up the DagBag from /home/airflow/.local/lib/python3.7/site-packages/airflow/example_dags/example_sensors.py
[2023-08-13T20:07:29.824+0000] {processor.py:836} INFO - DAG(s) dict_keys(['example_sensors']) retrieved from /home/airflow/.local/lib/python3.7/site-packages/airflow/example_dags/example_sensors.py
[2023-08-13T20:07:29.856+0000] {logging_mixin.py:150} INFO - [2023-08-13T20:07:29.855+0000] {dag.py:2742} INFO - Sync 1 DAGs
[2023-08-13T20:07:29.885+0000] {logging_mixin.py:150} INFO - [2023-08-13T20:07:29.885+0000] {dag.py:3508} INFO - Setting next_dagrun for example_sensors to None, run_after=None
[2023-08-13T20:07:29.907+0000] {processor.py:179} INFO - Processing /home/airflow/.local/lib/python3.7/site-packages/airflow/example_dags/example_sensors.py took 0.098 seconds
[2023-08-13T20:08:00.633+0000] {processor.py:157} INFO - Started process (PID=310) to work on /home/airflow/.local/lib/python3.7/site-packages/airflow/example_dags/example_sensors.py
[2023-08-13T20:08:00.635+0000] {processor.py:826} INFO - Processing file /home/airflow/.local/lib/python3.7/site-packages/airflow/example_dags/example_sensors.py for tasks to queue
[2023-08-13T20:08:00.637+0000] {logging_mixin.py:150} INFO - [2023-08-13T20:08:00.636+0000] {dagbag.py:541} INFO - Filling up the DagBag from /home/airflow/.local/lib/python3.7/site-packages/airflow/example_dags/example_sensors.py
[2023-08-13T20:08:00.651+0000] {processor.py:836} INFO - DAG(s) dict_keys(['example_sensors']) retrieved from /home/airflow/.local/lib/python3.7/site-packages/airflow/example_dags/example_sensors.py
[2023-08-13T20:08:00.693+0000] {logging_mixin.py:150} INFO - [2023-08-13T20:08:00.693+0000] {dag.py:2742} INFO - Sync 1 DAGs
[2023-08-13T20:08:00.733+0000] {logging_mixin.py:150} INFO - [2023-08-13T20:08:00.733+0000] {dag.py:3508} INFO - Setting next_dagrun for example_sensors to None, run_after=None
[2023-08-13T20:08:00.763+0000] {processor.py:179} INFO - Processing /home/airflow/.local/lib/python3.7/site-packages/airflow/example_dags/example_sensors.py took 0.135 seconds
[2023-08-13T20:08:31.389+0000] {processor.py:157} INFO - Started process (PID=375) to work on /home/airflow/.local/lib/python3.7/site-packages/airflow/example_dags/example_sensors.py
[2023-08-13T20:08:31.391+0000] {processor.py:826} INFO - Processing file /home/airflow/.local/lib/python3.7/site-packages/airflow/example_dags/example_sensors.py for tasks to queue
[2023-08-13T20:08:31.392+0000] {logging_mixin.py:150} INFO - [2023-08-13T20:08:31.392+0000] {dagbag.py:541} INFO - Filling up the DagBag from /home/airflow/.local/lib/python3.7/site-packages/airflow/example_dags/example_sensors.py
[2023-08-13T20:08:31.404+0000] {processor.py:836} INFO - DAG(s) dict_keys(['example_sensors']) retrieved from /home/airflow/.local/lib/python3.7/site-packages/airflow/example_dags/example_sensors.py
[2023-08-13T20:08:31.438+0000] {logging_mixin.py:150} INFO - [2023-08-13T20:08:31.438+0000] {dag.py:2742} INFO - Sync 1 DAGs
[2023-08-13T20:08:31.468+0000] {logging_mixin.py:150} INFO - [2023-08-13T20:08:31.468+0000] {dag.py:3508} INFO - Setting next_dagrun for example_sensors to None, run_after=None
[2023-08-13T20:08:31.488+0000] {processor.py:179} INFO - Processing /home/airflow/.local/lib/python3.7/site-packages/airflow/example_dags/example_sensors.py took 0.103 seconds
[2023-08-13T20:09:01.705+0000] {processor.py:157} INFO - Started process (PID=441) to work on /home/airflow/.local/lib/python3.7/site-packages/airflow/example_dags/example_sensors.py
[2023-08-13T20:09:01.706+0000] {processor.py:826} INFO - Processing file /home/airflow/.local/lib/python3.7/site-packages/airflow/example_dags/example_sensors.py for tasks to queue
[2023-08-13T20:09:01.708+0000] {logging_mixin.py:150} INFO - [2023-08-13T20:09:01.707+0000] {dagbag.py:541} INFO - Filling up the DagBag from /home/airflow/.local/lib/python3.7/site-packages/airflow/example_dags/example_sensors.py
[2023-08-13T20:09:01.719+0000] {processor.py:836} INFO - DAG(s) dict_keys(['example_sensors']) retrieved from /home/airflow/.local/lib/python3.7/site-packages/airflow/example_dags/example_sensors.py
[2023-08-13T20:09:01.752+0000] {logging_mixin.py:150} INFO - [2023-08-13T20:09:01.752+0000] {dag.py:2742} INFO - Sync 1 DAGs
[2023-08-13T20:09:01.781+0000] {logging_mixin.py:150} INFO - [2023-08-13T20:09:01.781+0000] {dag.py:3508} INFO - Setting next_dagrun for example_sensors to None, run_after=None
[2023-08-13T20:09:01.804+0000] {processor.py:179} INFO - Processing /home/airflow/.local/lib/python3.7/site-packages/airflow/example_dags/example_sensors.py took 0.103 seconds
[2023-08-13T20:09:32.086+0000] {processor.py:157} INFO - Started process (PID=507) to work on /home/airflow/.local/lib/python3.7/site-packages/airflow/example_dags/example_sensors.py
[2023-08-13T20:09:32.088+0000] {processor.py:826} INFO - Processing file /home/airflow/.local/lib/python3.7/site-packages/airflow/example_dags/example_sensors.py for tasks to queue
[2023-08-13T20:09:32.090+0000] {logging_mixin.py:150} INFO - [2023-08-13T20:09:32.089+0000] {dagbag.py:541} INFO - Filling up the DagBag from /home/airflow/.local/lib/python3.7/site-packages/airflow/example_dags/example_sensors.py
[2023-08-13T20:09:32.101+0000] {processor.py:836} INFO - DAG(s) dict_keys(['example_sensors']) retrieved from /home/airflow/.local/lib/python3.7/site-packages/airflow/example_dags/example_sensors.py
[2023-08-13T20:09:32.134+0000] {logging_mixin.py:150} INFO - [2023-08-13T20:09:32.134+0000] {dag.py:2742} INFO - Sync 1 DAGs
[2023-08-13T20:09:32.160+0000] {logging_mixin.py:150} INFO - [2023-08-13T20:09:32.160+0000] {dag.py:3508} INFO - Setting next_dagrun for example_sensors to None, run_after=None
[2023-08-13T20:09:32.179+0000] {processor.py:179} INFO - Processing /home/airflow/.local/lib/python3.7/site-packages/airflow/example_dags/example_sensors.py took 0.097 seconds
[2023-08-13T20:10:02.636+0000] {processor.py:157} INFO - Started process (PID=573) to work on /home/airflow/.local/lib/python3.7/site-packages/airflow/example_dags/example_sensors.py
[2023-08-13T20:10:02.637+0000] {processor.py:826} INFO - Processing file /home/airflow/.local/lib/python3.7/site-packages/airflow/example_dags/example_sensors.py for tasks to queue
[2023-08-13T20:10:02.638+0000] {logging_mixin.py:150} INFO - [2023-08-13T20:10:02.638+0000] {dagbag.py:541} INFO - Filling up the DagBag from /home/airflow/.local/lib/python3.7/site-packages/airflow/example_dags/example_sensors.py
[2023-08-13T20:10:02.649+0000] {processor.py:836} INFO - DAG(s) dict_keys(['example_sensors']) retrieved from /home/airflow/.local/lib/python3.7/site-packages/airflow/example_dags/example_sensors.py
[2023-08-13T20:10:02.684+0000] {logging_mixin.py:150} INFO - [2023-08-13T20:10:02.683+0000] {dag.py:2742} INFO - Sync 1 DAGs
[2023-08-13T20:10:02.713+0000] {logging_mixin.py:150} INFO - [2023-08-13T20:10:02.713+0000] {dag.py:3508} INFO - Setting next_dagrun for example_sensors to None, run_after=None
[2023-08-13T20:10:02.738+0000] {processor.py:179} INFO - Processing /home/airflow/.local/lib/python3.7/site-packages/airflow/example_dags/example_sensors.py took 0.105 seconds
[2023-08-13T20:10:33.016+0000] {processor.py:157} INFO - Started process (PID=639) to work on /home/airflow/.local/lib/python3.7/site-packages/airflow/example_dags/example_sensors.py
[2023-08-13T20:10:33.018+0000] {processor.py:826} INFO - Processing file /home/airflow/.local/lib/python3.7/site-packages/airflow/example_dags/example_sensors.py for tasks to queue
[2023-08-13T20:10:33.019+0000] {logging_mixin.py:150} INFO - [2023-08-13T20:10:33.018+0000] {dagbag.py:541} INFO - Filling up the DagBag from /home/airflow/.local/lib/python3.7/site-packages/airflow/example_dags/example_sensors.py
[2023-08-13T20:10:33.034+0000] {processor.py:836} INFO - DAG(s) dict_keys(['example_sensors']) retrieved from /home/airflow/.local/lib/python3.7/site-packages/airflow/example_dags/example_sensors.py
[2023-08-13T20:10:33.077+0000] {logging_mixin.py:150} INFO - [2023-08-13T20:10:33.077+0000] {dag.py:2742} INFO - Sync 1 DAGs
[2023-08-13T20:10:33.114+0000] {logging_mixin.py:150} INFO - [2023-08-13T20:10:33.114+0000] {dag.py:3508} INFO - Setting next_dagrun for example_sensors to None, run_after=None
[2023-08-13T20:10:33.146+0000] {processor.py:179} INFO - Processing /home/airflow/.local/lib/python3.7/site-packages/airflow/example_dags/example_sensors.py took 0.134 seconds
[2023-08-13T20:11:03.211+0000] {processor.py:157} INFO - Started process (PID=705) to work on /home/airflow/.local/lib/python3.7/site-packages/airflow/example_dags/example_sensors.py
[2023-08-13T20:11:03.212+0000] {processor.py:826} INFO - Processing file /home/airflow/.local/lib/python3.7/site-packages/airflow/example_dags/example_sensors.py for tasks to queue
[2023-08-13T20:11:03.213+0000] {logging_mixin.py:150} INFO - [2023-08-13T20:11:03.213+0000] {dagbag.py:541} INFO - Filling up the DagBag from /home/airflow/.local/lib/python3.7/site-packages/airflow/example_dags/example_sensors.py
[2023-08-13T20:11:03.224+0000] {processor.py:836} INFO - DAG(s) dict_keys(['example_sensors']) retrieved from /home/airflow/.local/lib/python3.7/site-packages/airflow/example_dags/example_sensors.py
[2023-08-13T20:11:03.263+0000] {logging_mixin.py:150} INFO - [2023-08-13T20:11:03.263+0000] {dag.py:2742} INFO - Sync 1 DAGs
[2023-08-13T20:11:03.297+0000] {logging_mixin.py:150} INFO - [2023-08-13T20:11:03.297+0000] {dag.py:3508} INFO - Setting next_dagrun for example_sensors to None, run_after=None
[2023-08-13T20:11:03.318+0000] {processor.py:179} INFO - Processing /home/airflow/.local/lib/python3.7/site-packages/airflow/example_dags/example_sensors.py took 0.111 seconds
[2023-08-13T20:11:33.806+0000] {processor.py:157} INFO - Started process (PID=771) to work on /home/airflow/.local/lib/python3.7/site-packages/airflow/example_dags/example_sensors.py
[2023-08-13T20:11:33.808+0000] {processor.py:826} INFO - Processing file /home/airflow/.local/lib/python3.7/site-packages/airflow/example_dags/example_sensors.py for tasks to queue
[2023-08-13T20:11:33.809+0000] {logging_mixin.py:150} INFO - [2023-08-13T20:11:33.808+0000] {dagbag.py:541} INFO - Filling up the DagBag from /home/airflow/.local/lib/python3.7/site-packages/airflow/example_dags/example_sensors.py
[2023-08-13T20:11:33.818+0000] {processor.py:836} INFO - DAG(s) dict_keys(['example_sensors']) retrieved from /home/airflow/.local/lib/python3.7/site-packages/airflow/example_dags/example_sensors.py
[2023-08-13T20:11:33.850+0000] {logging_mixin.py:150} INFO - [2023-08-13T20:11:33.850+0000] {dag.py:2742} INFO - Sync 1 DAGs
[2023-08-13T20:11:33.885+0000] {logging_mixin.py:150} INFO - [2023-08-13T20:11:33.884+0000] {dag.py:3508} INFO - Setting next_dagrun for example_sensors to None, run_after=None
[2023-08-13T20:11:33.910+0000] {processor.py:179} INFO - Processing /home/airflow/.local/lib/python3.7/site-packages/airflow/example_dags/example_sensors.py took 0.107 seconds
[2023-08-13T20:12:05.080+0000] {processor.py:157} INFO - Started process (PID=837) to work on /home/airflow/.local/lib/python3.7/site-packages/airflow/example_dags/example_sensors.py
[2023-08-13T20:12:05.081+0000] {processor.py:826} INFO - Processing file /home/airflow/.local/lib/python3.7/site-packages/airflow/example_dags/example_sensors.py for tasks to queue
[2023-08-13T20:12:05.083+0000] {logging_mixin.py:150} INFO - [2023-08-13T20:12:05.083+0000] {dagbag.py:541} INFO - Filling up the DagBag from /home/airflow/.local/lib/python3.7/site-packages/airflow/example_dags/example_sensors.py
[2023-08-13T20:12:05.098+0000] {processor.py:836} INFO - DAG(s) dict_keys(['example_sensors']) retrieved from /home/airflow/.local/lib/python3.7/site-packages/airflow/example_dags/example_sensors.py
[2023-08-13T20:12:05.140+0000] {logging_mixin.py:150} INFO - [2023-08-13T20:12:05.140+0000] {dag.py:2742} INFO - Sync 1 DAGs
[2023-08-13T20:12:05.174+0000] {logging_mixin.py:150} INFO - [2023-08-13T20:12:05.174+0000] {dag.py:3508} INFO - Setting next_dagrun for example_sensors to None, run_after=None
[2023-08-13T20:12:05.202+0000] {processor.py:179} INFO - Processing /home/airflow/.local/lib/python3.7/site-packages/airflow/example_dags/example_sensors.py took 0.127 seconds
[2023-08-13T20:12:35.694+0000] {processor.py:157} INFO - Started process (PID=903) to work on /home/airflow/.local/lib/python3.7/site-packages/airflow/example_dags/example_sensors.py
[2023-08-13T20:12:35.695+0000] {processor.py:826} INFO - Processing file /home/airflow/.local/lib/python3.7/site-packages/airflow/example_dags/example_sensors.py for tasks to queue
[2023-08-13T20:12:35.696+0000] {logging_mixin.py:150} INFO - [2023-08-13T20:12:35.696+0000] {dagbag.py:541} INFO - Filling up the DagBag from /home/airflow/.local/lib/python3.7/site-packages/airflow/example_dags/example_sensors.py
[2023-08-13T20:12:35.707+0000] {processor.py:836} INFO - DAG(s) dict_keys(['example_sensors']) retrieved from /home/airflow/.local/lib/python3.7/site-packages/airflow/example_dags/example_sensors.py
[2023-08-13T20:12:35.745+0000] {logging_mixin.py:150} INFO - [2023-08-13T20:12:35.744+0000] {dag.py:2742} INFO - Sync 1 DAGs
[2023-08-13T20:12:35.776+0000] {logging_mixin.py:150} INFO - [2023-08-13T20:12:35.776+0000] {dag.py:3508} INFO - Setting next_dagrun for example_sensors to None, run_after=None
[2023-08-13T20:12:35.803+0000] {processor.py:179} INFO - Processing /home/airflow/.local/lib/python3.7/site-packages/airflow/example_dags/example_sensors.py took 0.111 seconds
[2023-08-13T20:13:06.195+0000] {processor.py:157} INFO - Started process (PID=969) to work on /home/airflow/.local/lib/python3.7/site-packages/airflow/example_dags/example_sensors.py
[2023-08-13T20:13:06.197+0000] {processor.py:826} INFO - Processing file /home/airflow/.local/lib/python3.7/site-packages/airflow/example_dags/example_sensors.py for tasks to queue
[2023-08-13T20:13:06.198+0000] {logging_mixin.py:150} INFO - [2023-08-13T20:13:06.198+0000] {dagbag.py:541} INFO - Filling up the DagBag from /home/airflow/.local/lib/python3.7/site-packages/airflow/example_dags/example_sensors.py
[2023-08-13T20:13:06.212+0000] {processor.py:836} INFO - DAG(s) dict_keys(['example_sensors']) retrieved from /home/airflow/.local/lib/python3.7/site-packages/airflow/example_dags/example_sensors.py
[2023-08-13T20:13:06.249+0000] {logging_mixin.py:150} INFO - [2023-08-13T20:13:06.249+0000] {dag.py:2742} INFO - Sync 1 DAGs
[2023-08-13T20:13:06.289+0000] {logging_mixin.py:150} INFO - [2023-08-13T20:13:06.288+0000] {dag.py:3508} INFO - Setting next_dagrun for example_sensors to None, run_after=None
[2023-08-13T20:13:06.314+0000] {processor.py:179} INFO - Processing /home/airflow/.local/lib/python3.7/site-packages/airflow/example_dags/example_sensors.py took 0.123 seconds
[2023-08-13T20:13:36.687+0000] {processor.py:157} INFO - Started process (PID=1035) to work on /home/airflow/.local/lib/python3.7/site-packages/airflow/example_dags/example_sensors.py
[2023-08-13T20:13:36.689+0000] {processor.py:826} INFO - Processing file /home/airflow/.local/lib/python3.7/site-packages/airflow/example_dags/example_sensors.py for tasks to queue
[2023-08-13T20:13:36.691+0000] {logging_mixin.py:150} INFO - [2023-08-13T20:13:36.690+0000] {dagbag.py:541} INFO - Filling up the DagBag from /home/airflow/.local/lib/python3.7/site-packages/airflow/example_dags/example_sensors.py
[2023-08-13T20:13:36.712+0000] {processor.py:836} INFO - DAG(s) dict_keys(['example_sensors']) retrieved from /home/airflow/.local/lib/python3.7/site-packages/airflow/example_dags/example_sensors.py
[2023-08-13T20:13:36.772+0000] {logging_mixin.py:150} INFO - [2023-08-13T20:13:36.771+0000] {dag.py:2742} INFO - Sync 1 DAGs
[2023-08-13T20:13:36.825+0000] {logging_mixin.py:150} INFO - [2023-08-13T20:13:36.825+0000] {dag.py:3508} INFO - Setting next_dagrun for example_sensors to None, run_after=None
[2023-08-13T20:13:36.860+0000] {processor.py:179} INFO - Processing /home/airflow/.local/lib/python3.7/site-packages/airflow/example_dags/example_sensors.py took 0.178 seconds
[2023-08-13T20:14:07.014+0000] {processor.py:157} INFO - Started process (PID=1101) to work on /home/airflow/.local/lib/python3.7/site-packages/airflow/example_dags/example_sensors.py
[2023-08-13T20:14:07.016+0000] {processor.py:826} INFO - Processing file /home/airflow/.local/lib/python3.7/site-packages/airflow/example_dags/example_sensors.py for tasks to queue
[2023-08-13T20:14:07.017+0000] {logging_mixin.py:150} INFO - [2023-08-13T20:14:07.017+0000] {dagbag.py:541} INFO - Filling up the DagBag from /home/airflow/.local/lib/python3.7/site-packages/airflow/example_dags/example_sensors.py
[2023-08-13T20:14:07.028+0000] {processor.py:836} INFO - DAG(s) dict_keys(['example_sensors']) retrieved from /home/airflow/.local/lib/python3.7/site-packages/airflow/example_dags/example_sensors.py
[2023-08-13T20:14:07.064+0000] {logging_mixin.py:150} INFO - [2023-08-13T20:14:07.064+0000] {dag.py:2742} INFO - Sync 1 DAGs
[2023-08-13T20:14:07.103+0000] {logging_mixin.py:150} INFO - [2023-08-13T20:14:07.103+0000] {dag.py:3508} INFO - Setting next_dagrun for example_sensors to None, run_after=None
[2023-08-13T20:14:07.135+0000] {processor.py:179} INFO - Processing /home/airflow/.local/lib/python3.7/site-packages/airflow/example_dags/example_sensors.py took 0.124 seconds
[2023-08-13T20:14:37.367+0000] {processor.py:157} INFO - Started process (PID=1167) to work on /home/airflow/.local/lib/python3.7/site-packages/airflow/example_dags/example_sensors.py
[2023-08-13T20:14:37.368+0000] {processor.py:826} INFO - Processing file /home/airflow/.local/lib/python3.7/site-packages/airflow/example_dags/example_sensors.py for tasks to queue
[2023-08-13T20:14:37.369+0000] {logging_mixin.py:150} INFO - [2023-08-13T20:14:37.368+0000] {dagbag.py:541} INFO - Filling up the DagBag from /home/airflow/.local/lib/python3.7/site-packages/airflow/example_dags/example_sensors.py
[2023-08-13T20:14:37.382+0000] {processor.py:836} INFO - DAG(s) dict_keys(['example_sensors']) retrieved from /home/airflow/.local/lib/python3.7/site-packages/airflow/example_dags/example_sensors.py
[2023-08-13T20:14:37.427+0000] {logging_mixin.py:150} INFO - [2023-08-13T20:14:37.427+0000] {dag.py:2742} INFO - Sync 1 DAGs
[2023-08-13T20:14:37.470+0000] {logging_mixin.py:150} INFO - [2023-08-13T20:14:37.470+0000] {dag.py:3508} INFO - Setting next_dagrun for example_sensors to None, run_after=None
[2023-08-13T20:14:37.503+0000] {processor.py:179} INFO - Processing /home/airflow/.local/lib/python3.7/site-packages/airflow/example_dags/example_sensors.py took 0.140 seconds
[2023-08-13T20:15:07.733+0000] {processor.py:157} INFO - Started process (PID=1233) to work on /home/airflow/.local/lib/python3.7/site-packages/airflow/example_dags/example_sensors.py
[2023-08-13T20:15:07.734+0000] {processor.py:826} INFO - Processing file /home/airflow/.local/lib/python3.7/site-packages/airflow/example_dags/example_sensors.py for tasks to queue
[2023-08-13T20:15:07.735+0000] {logging_mixin.py:150} INFO - [2023-08-13T20:15:07.735+0000] {dagbag.py:541} INFO - Filling up the DagBag from /home/airflow/.local/lib/python3.7/site-packages/airflow/example_dags/example_sensors.py
[2023-08-13T20:15:07.745+0000] {processor.py:836} INFO - DAG(s) dict_keys(['example_sensors']) retrieved from /home/airflow/.local/lib/python3.7/site-packages/airflow/example_dags/example_sensors.py
[2023-08-13T20:15:07.781+0000] {logging_mixin.py:150} INFO - [2023-08-13T20:15:07.781+0000] {dag.py:2742} INFO - Sync 1 DAGs
[2023-08-13T20:15:07.823+0000] {logging_mixin.py:150} INFO - [2023-08-13T20:15:07.822+0000] {dag.py:3508} INFO - Setting next_dagrun for example_sensors to None, run_after=None
[2023-08-13T20:15:07.852+0000] {processor.py:179} INFO - Processing /home/airflow/.local/lib/python3.7/site-packages/airflow/example_dags/example_sensors.py took 0.122 seconds
[2023-08-13T20:15:38.089+0000] {processor.py:157} INFO - Started process (PID=1299) to work on /home/airflow/.local/lib/python3.7/site-packages/airflow/example_dags/example_sensors.py
[2023-08-13T20:15:38.091+0000] {processor.py:826} INFO - Processing file /home/airflow/.local/lib/python3.7/site-packages/airflow/example_dags/example_sensors.py for tasks to queue
[2023-08-13T20:15:38.092+0000] {logging_mixin.py:150} INFO - [2023-08-13T20:15:38.092+0000] {dagbag.py:541} INFO - Filling up the DagBag from /home/airflow/.local/lib/python3.7/site-packages/airflow/example_dags/example_sensors.py
[2023-08-13T20:15:38.102+0000] {processor.py:836} INFO - DAG(s) dict_keys(['example_sensors']) retrieved from /home/airflow/.local/lib/python3.7/site-packages/airflow/example_dags/example_sensors.py
[2023-08-13T20:15:38.137+0000] {logging_mixin.py:150} INFO - [2023-08-13T20:15:38.137+0000] {dag.py:2742} INFO - Sync 1 DAGs
[2023-08-13T20:15:38.167+0000] {logging_mixin.py:150} INFO - [2023-08-13T20:15:38.166+0000] {dag.py:3508} INFO - Setting next_dagrun for example_sensors to None, run_after=None
[2023-08-13T20:15:38.193+0000] {processor.py:179} INFO - Processing /home/airflow/.local/lib/python3.7/site-packages/airflow/example_dags/example_sensors.py took 0.107 seconds
[2023-08-13T20:16:08.735+0000] {processor.py:157} INFO - Started process (PID=1366) to work on /home/airflow/.local/lib/python3.7/site-packages/airflow/example_dags/example_sensors.py
[2023-08-13T20:16:08.736+0000] {processor.py:826} INFO - Processing file /home/airflow/.local/lib/python3.7/site-packages/airflow/example_dags/example_sensors.py for tasks to queue
[2023-08-13T20:16:08.737+0000] {logging_mixin.py:150} INFO - [2023-08-13T20:16:08.737+0000] {dagbag.py:541} INFO - Filling up the DagBag from /home/airflow/.local/lib/python3.7/site-packages/airflow/example_dags/example_sensors.py
[2023-08-13T20:16:08.747+0000] {processor.py:836} INFO - DAG(s) dict_keys(['example_sensors']) retrieved from /home/airflow/.local/lib/python3.7/site-packages/airflow/example_dags/example_sensors.py
[2023-08-13T20:16:08.782+0000] {logging_mixin.py:150} INFO - [2023-08-13T20:16:08.782+0000] {dag.py:2742} INFO - Sync 1 DAGs
[2023-08-13T20:16:08.818+0000] {logging_mixin.py:150} INFO - [2023-08-13T20:16:08.817+0000] {dag.py:3508} INFO - Setting next_dagrun for example_sensors to None, run_after=None
[2023-08-13T20:16:08.846+0000] {processor.py:179} INFO - Processing /home/airflow/.local/lib/python3.7/site-packages/airflow/example_dags/example_sensors.py took 0.115 seconds
[2023-08-13T20:16:39.060+0000] {processor.py:157} INFO - Started process (PID=1432) to work on /home/airflow/.local/lib/python3.7/site-packages/airflow/example_dags/example_sensors.py
[2023-08-13T20:16:39.061+0000] {processor.py:826} INFO - Processing file /home/airflow/.local/lib/python3.7/site-packages/airflow/example_dags/example_sensors.py for tasks to queue
[2023-08-13T20:16:39.063+0000] {logging_mixin.py:150} INFO - [2023-08-13T20:16:39.062+0000] {dagbag.py:541} INFO - Filling up the DagBag from /home/airflow/.local/lib/python3.7/site-packages/airflow/example_dags/example_sensors.py
[2023-08-13T20:16:39.081+0000] {processor.py:836} INFO - DAG(s) dict_keys(['example_sensors']) retrieved from /home/airflow/.local/lib/python3.7/site-packages/airflow/example_dags/example_sensors.py
[2023-08-13T20:16:39.125+0000] {logging_mixin.py:150} INFO - [2023-08-13T20:16:39.124+0000] {dag.py:2742} INFO - Sync 1 DAGs
[2023-08-13T20:16:39.174+0000] {logging_mixin.py:150} INFO - [2023-08-13T20:16:39.174+0000] {dag.py:3508} INFO - Setting next_dagrun for example_sensors to None, run_after=None
[2023-08-13T20:16:39.212+0000] {processor.py:179} INFO - Processing /home/airflow/.local/lib/python3.7/site-packages/airflow/example_dags/example_sensors.py took 0.156 seconds
[2023-08-13T20:17:09.383+0000] {processor.py:157} INFO - Started process (PID=1498) to work on /home/airflow/.local/lib/python3.7/site-packages/airflow/example_dags/example_sensors.py
[2023-08-13T20:17:09.384+0000] {processor.py:826} INFO - Processing file /home/airflow/.local/lib/python3.7/site-packages/airflow/example_dags/example_sensors.py for tasks to queue
[2023-08-13T20:17:09.385+0000] {logging_mixin.py:150} INFO - [2023-08-13T20:17:09.384+0000] {dagbag.py:541} INFO - Filling up the DagBag from /home/airflow/.local/lib/python3.7/site-packages/airflow/example_dags/example_sensors.py
[2023-08-13T20:17:09.395+0000] {processor.py:836} INFO - DAG(s) dict_keys(['example_sensors']) retrieved from /home/airflow/.local/lib/python3.7/site-packages/airflow/example_dags/example_sensors.py
[2023-08-13T20:17:09.430+0000] {logging_mixin.py:150} INFO - [2023-08-13T20:17:09.430+0000] {dag.py:2742} INFO - Sync 1 DAGs
[2023-08-13T20:17:09.463+0000] {logging_mixin.py:150} INFO - [2023-08-13T20:17:09.462+0000] {dag.py:3508} INFO - Setting next_dagrun for example_sensors to None, run_after=None
[2023-08-13T20:17:09.487+0000] {processor.py:179} INFO - Processing /home/airflow/.local/lib/python3.7/site-packages/airflow/example_dags/example_sensors.py took 0.108 seconds
[2023-08-13T20:17:39.884+0000] {processor.py:157} INFO - Started process (PID=1565) to work on /home/airflow/.local/lib/python3.7/site-packages/airflow/example_dags/example_sensors.py
[2023-08-13T20:17:39.885+0000] {processor.py:826} INFO - Processing file /home/airflow/.local/lib/python3.7/site-packages/airflow/example_dags/example_sensors.py for tasks to queue
[2023-08-13T20:17:39.886+0000] {logging_mixin.py:150} INFO - [2023-08-13T20:17:39.886+0000] {dagbag.py:541} INFO - Filling up the DagBag from /home/airflow/.local/lib/python3.7/site-packages/airflow/example_dags/example_sensors.py
[2023-08-13T20:17:39.899+0000] {processor.py:836} INFO - DAG(s) dict_keys(['example_sensors']) retrieved from /home/airflow/.local/lib/python3.7/site-packages/airflow/example_dags/example_sensors.py
[2023-08-13T20:17:39.939+0000] {logging_mixin.py:150} INFO - [2023-08-13T20:17:39.938+0000] {dag.py:2742} INFO - Sync 1 DAGs
[2023-08-13T20:17:39.982+0000] {logging_mixin.py:150} INFO - [2023-08-13T20:17:39.982+0000] {dag.py:3508} INFO - Setting next_dagrun for example_sensors to None, run_after=None
[2023-08-13T20:17:40.011+0000] {processor.py:179} INFO - Processing /home/airflow/.local/lib/python3.7/site-packages/airflow/example_dags/example_sensors.py took 0.130 seconds
[2023-08-13T20:18:10.427+0000] {processor.py:157} INFO - Started process (PID=1632) to work on /home/airflow/.local/lib/python3.7/site-packages/airflow/example_dags/example_sensors.py
[2023-08-13T20:18:10.428+0000] {processor.py:826} INFO - Processing file /home/airflow/.local/lib/python3.7/site-packages/airflow/example_dags/example_sensors.py for tasks to queue
[2023-08-13T20:18:10.429+0000] {logging_mixin.py:150} INFO - [2023-08-13T20:18:10.429+0000] {dagbag.py:541} INFO - Filling up the DagBag from /home/airflow/.local/lib/python3.7/site-packages/airflow/example_dags/example_sensors.py
[2023-08-13T20:18:10.438+0000] {processor.py:836} INFO - DAG(s) dict_keys(['example_sensors']) retrieved from /home/airflow/.local/lib/python3.7/site-packages/airflow/example_dags/example_sensors.py
[2023-08-13T20:18:10.467+0000] {logging_mixin.py:150} INFO - [2023-08-13T20:18:10.467+0000] {dag.py:2742} INFO - Sync 1 DAGs
[2023-08-13T20:18:10.507+0000] {logging_mixin.py:150} INFO - [2023-08-13T20:18:10.506+0000] {dag.py:3508} INFO - Setting next_dagrun for example_sensors to None, run_after=None
[2023-08-13T20:18:10.531+0000] {processor.py:179} INFO - Processing /home/airflow/.local/lib/python3.7/site-packages/airflow/example_dags/example_sensors.py took 0.107 seconds
[2023-08-13T20:18:40.720+0000] {processor.py:157} INFO - Started process (PID=1698) to work on /home/airflow/.local/lib/python3.7/site-packages/airflow/example_dags/example_sensors.py
[2023-08-13T20:18:40.721+0000] {processor.py:826} INFO - Processing file /home/airflow/.local/lib/python3.7/site-packages/airflow/example_dags/example_sensors.py for tasks to queue
[2023-08-13T20:18:40.722+0000] {logging_mixin.py:150} INFO - [2023-08-13T20:18:40.722+0000] {dagbag.py:541} INFO - Filling up the DagBag from /home/airflow/.local/lib/python3.7/site-packages/airflow/example_dags/example_sensors.py
[2023-08-13T20:18:40.734+0000] {processor.py:836} INFO - DAG(s) dict_keys(['example_sensors']) retrieved from /home/airflow/.local/lib/python3.7/site-packages/airflow/example_dags/example_sensors.py
[2023-08-13T20:18:40.768+0000] {logging_mixin.py:150} INFO - [2023-08-13T20:18:40.768+0000] {dag.py:2742} INFO - Sync 1 DAGs
[2023-08-13T20:18:40.806+0000] {logging_mixin.py:150} INFO - [2023-08-13T20:18:40.806+0000] {dag.py:3508} INFO - Setting next_dagrun for example_sensors to None, run_after=None
[2023-08-13T20:18:40.847+0000] {processor.py:179} INFO - Processing /home/airflow/.local/lib/python3.7/site-packages/airflow/example_dags/example_sensors.py took 0.131 seconds
[2023-08-13T20:19:11.407+0000] {processor.py:157} INFO - Started process (PID=1764) to work on /home/airflow/.local/lib/python3.7/site-packages/airflow/example_dags/example_sensors.py
[2023-08-13T20:19:11.409+0000] {processor.py:826} INFO - Processing file /home/airflow/.local/lib/python3.7/site-packages/airflow/example_dags/example_sensors.py for tasks to queue
[2023-08-13T20:19:11.410+0000] {logging_mixin.py:150} INFO - [2023-08-13T20:19:11.410+0000] {dagbag.py:541} INFO - Filling up the DagBag from /home/airflow/.local/lib/python3.7/site-packages/airflow/example_dags/example_sensors.py
[2023-08-13T20:19:11.421+0000] {processor.py:836} INFO - DAG(s) dict_keys(['example_sensors']) retrieved from /home/airflow/.local/lib/python3.7/site-packages/airflow/example_dags/example_sensors.py
[2023-08-13T20:19:11.459+0000] {logging_mixin.py:150} INFO - [2023-08-13T20:19:11.459+0000] {dag.py:2742} INFO - Sync 1 DAGs
[2023-08-13T20:19:11.488+0000] {logging_mixin.py:150} INFO - [2023-08-13T20:19:11.488+0000] {dag.py:3508} INFO - Setting next_dagrun for example_sensors to None, run_after=None
[2023-08-13T20:19:11.515+0000] {processor.py:179} INFO - Processing /home/airflow/.local/lib/python3.7/site-packages/airflow/example_dags/example_sensors.py took 0.111 seconds
[2023-08-13T20:19:42.038+0000] {processor.py:157} INFO - Started process (PID=1817) to work on /home/airflow/.local/lib/python3.7/site-packages/airflow/example_dags/example_sensors.py
[2023-08-13T20:19:42.039+0000] {processor.py:826} INFO - Processing file /home/airflow/.local/lib/python3.7/site-packages/airflow/example_dags/example_sensors.py for tasks to queue
[2023-08-13T20:19:42.041+0000] {logging_mixin.py:150} INFO - [2023-08-13T20:19:42.040+0000] {dagbag.py:541} INFO - Filling up the DagBag from /home/airflow/.local/lib/python3.7/site-packages/airflow/example_dags/example_sensors.py
[2023-08-13T20:19:42.054+0000] {processor.py:836} INFO - DAG(s) dict_keys(['example_sensors']) retrieved from /home/airflow/.local/lib/python3.7/site-packages/airflow/example_dags/example_sensors.py
[2023-08-13T20:19:42.091+0000] {logging_mixin.py:150} INFO - [2023-08-13T20:19:42.090+0000] {dag.py:2742} INFO - Sync 1 DAGs
[2023-08-13T20:19:42.129+0000] {logging_mixin.py:150} INFO - [2023-08-13T20:19:42.128+0000] {dag.py:3508} INFO - Setting next_dagrun for example_sensors to None, run_after=None
[2023-08-13T20:19:42.159+0000] {processor.py:179} INFO - Processing /home/airflow/.local/lib/python3.7/site-packages/airflow/example_dags/example_sensors.py took 0.125 seconds
[2023-08-13T20:20:12.679+0000] {processor.py:157} INFO - Started process (PID=1883) to work on /home/airflow/.local/lib/python3.7/site-packages/airflow/example_dags/example_sensors.py
[2023-08-13T20:20:12.680+0000] {processor.py:826} INFO - Processing file /home/airflow/.local/lib/python3.7/site-packages/airflow/example_dags/example_sensors.py for tasks to queue
[2023-08-13T20:20:12.682+0000] {logging_mixin.py:150} INFO - [2023-08-13T20:20:12.681+0000] {dagbag.py:541} INFO - Filling up the DagBag from /home/airflow/.local/lib/python3.7/site-packages/airflow/example_dags/example_sensors.py
[2023-08-13T20:20:12.694+0000] {processor.py:836} INFO - DAG(s) dict_keys(['example_sensors']) retrieved from /home/airflow/.local/lib/python3.7/site-packages/airflow/example_dags/example_sensors.py
[2023-08-13T20:20:12.728+0000] {logging_mixin.py:150} INFO - [2023-08-13T20:20:12.728+0000] {dag.py:2742} INFO - Sync 1 DAGs
[2023-08-13T20:20:12.766+0000] {logging_mixin.py:150} INFO - [2023-08-13T20:20:12.766+0000] {dag.py:3508} INFO - Setting next_dagrun for example_sensors to None, run_after=None
[2023-08-13T20:20:12.800+0000] {processor.py:179} INFO - Processing /home/airflow/.local/lib/python3.7/site-packages/airflow/example_dags/example_sensors.py took 0.124 seconds
[2023-08-13T20:20:43.493+0000] {processor.py:157} INFO - Started process (PID=1949) to work on /home/airflow/.local/lib/python3.7/site-packages/airflow/example_dags/example_sensors.py
[2023-08-13T20:20:43.494+0000] {processor.py:826} INFO - Processing file /home/airflow/.local/lib/python3.7/site-packages/airflow/example_dags/example_sensors.py for tasks to queue
[2023-08-13T20:20:43.495+0000] {logging_mixin.py:150} INFO - [2023-08-13T20:20:43.495+0000] {dagbag.py:541} INFO - Filling up the DagBag from /home/airflow/.local/lib/python3.7/site-packages/airflow/example_dags/example_sensors.py
[2023-08-13T20:20:43.505+0000] {processor.py:836} INFO - DAG(s) dict_keys(['example_sensors']) retrieved from /home/airflow/.local/lib/python3.7/site-packages/airflow/example_dags/example_sensors.py
[2023-08-13T20:20:43.538+0000] {logging_mixin.py:150} INFO - [2023-08-13T20:20:43.538+0000] {dag.py:2742} INFO - Sync 1 DAGs
[2023-08-13T20:20:43.566+0000] {logging_mixin.py:150} INFO - [2023-08-13T20:20:43.566+0000] {dag.py:3508} INFO - Setting next_dagrun for example_sensors to None, run_after=None
[2023-08-13T20:20:43.589+0000] {processor.py:179} INFO - Processing /home/airflow/.local/lib/python3.7/site-packages/airflow/example_dags/example_sensors.py took 0.099 seconds
[2023-08-13T20:21:13.940+0000] {processor.py:157} INFO - Started process (PID=2015) to work on /home/airflow/.local/lib/python3.7/site-packages/airflow/example_dags/example_sensors.py
[2023-08-13T20:21:13.942+0000] {processor.py:826} INFO - Processing file /home/airflow/.local/lib/python3.7/site-packages/airflow/example_dags/example_sensors.py for tasks to queue
[2023-08-13T20:21:13.943+0000] {logging_mixin.py:150} INFO - [2023-08-13T20:21:13.943+0000] {dagbag.py:541} INFO - Filling up the DagBag from /home/airflow/.local/lib/python3.7/site-packages/airflow/example_dags/example_sensors.py
[2023-08-13T20:21:13.956+0000] {processor.py:836} INFO - DAG(s) dict_keys(['example_sensors']) retrieved from /home/airflow/.local/lib/python3.7/site-packages/airflow/example_dags/example_sensors.py
[2023-08-13T20:21:13.993+0000] {logging_mixin.py:150} INFO - [2023-08-13T20:21:13.993+0000] {dag.py:2742} INFO - Sync 1 DAGs
[2023-08-13T20:21:14.029+0000] {logging_mixin.py:150} INFO - [2023-08-13T20:21:14.029+0000] {dag.py:3508} INFO - Setting next_dagrun for example_sensors to None, run_after=None
[2023-08-13T20:21:14.062+0000] {processor.py:179} INFO - Processing /home/airflow/.local/lib/python3.7/site-packages/airflow/example_dags/example_sensors.py took 0.125 seconds
[2023-08-13T20:21:44.273+0000] {processor.py:157} INFO - Started process (PID=2081) to work on /home/airflow/.local/lib/python3.7/site-packages/airflow/example_dags/example_sensors.py
[2023-08-13T20:21:44.274+0000] {processor.py:826} INFO - Processing file /home/airflow/.local/lib/python3.7/site-packages/airflow/example_dags/example_sensors.py for tasks to queue
[2023-08-13T20:21:44.275+0000] {logging_mixin.py:150} INFO - [2023-08-13T20:21:44.275+0000] {dagbag.py:541} INFO - Filling up the DagBag from /home/airflow/.local/lib/python3.7/site-packages/airflow/example_dags/example_sensors.py
[2023-08-13T20:21:44.285+0000] {processor.py:836} INFO - DAG(s) dict_keys(['example_sensors']) retrieved from /home/airflow/.local/lib/python3.7/site-packages/airflow/example_dags/example_sensors.py
[2023-08-13T20:21:44.319+0000] {logging_mixin.py:150} INFO - [2023-08-13T20:21:44.318+0000] {dag.py:2742} INFO - Sync 1 DAGs
[2023-08-13T20:21:44.362+0000] {logging_mixin.py:150} INFO - [2023-08-13T20:21:44.362+0000] {dag.py:3508} INFO - Setting next_dagrun for example_sensors to None, run_after=None
[2023-08-13T20:21:44.390+0000] {processor.py:179} INFO - Processing /home/airflow/.local/lib/python3.7/site-packages/airflow/example_dags/example_sensors.py took 0.121 seconds
[2023-08-13T20:22:14.683+0000] {processor.py:157} INFO - Started process (PID=2147) to work on /home/airflow/.local/lib/python3.7/site-packages/airflow/example_dags/example_sensors.py
[2023-08-13T20:22:14.684+0000] {processor.py:826} INFO - Processing file /home/airflow/.local/lib/python3.7/site-packages/airflow/example_dags/example_sensors.py for tasks to queue
[2023-08-13T20:22:14.685+0000] {logging_mixin.py:150} INFO - [2023-08-13T20:22:14.685+0000] {dagbag.py:541} INFO - Filling up the DagBag from /home/airflow/.local/lib/python3.7/site-packages/airflow/example_dags/example_sensors.py
[2023-08-13T20:22:14.698+0000] {processor.py:836} INFO - DAG(s) dict_keys(['example_sensors']) retrieved from /home/airflow/.local/lib/python3.7/site-packages/airflow/example_dags/example_sensors.py
[2023-08-13T20:22:14.732+0000] {logging_mixin.py:150} INFO - [2023-08-13T20:22:14.732+0000] {dag.py:2742} INFO - Sync 1 DAGs
[2023-08-13T20:22:14.771+0000] {logging_mixin.py:150} INFO - [2023-08-13T20:22:14.771+0000] {dag.py:3508} INFO - Setting next_dagrun for example_sensors to None, run_after=None
[2023-08-13T20:22:14.800+0000] {processor.py:179} INFO - Processing /home/airflow/.local/lib/python3.7/site-packages/airflow/example_dags/example_sensors.py took 0.122 seconds
[2023-08-13T20:22:45.602+0000] {processor.py:157} INFO - Started process (PID=2214) to work on /home/airflow/.local/lib/python3.7/site-packages/airflow/example_dags/example_sensors.py
[2023-08-13T20:22:45.604+0000] {processor.py:826} INFO - Processing file /home/airflow/.local/lib/python3.7/site-packages/airflow/example_dags/example_sensors.py for tasks to queue
[2023-08-13T20:22:45.605+0000] {logging_mixin.py:150} INFO - [2023-08-13T20:22:45.605+0000] {dagbag.py:541} INFO - Filling up the DagBag from /home/airflow/.local/lib/python3.7/site-packages/airflow/example_dags/example_sensors.py
[2023-08-13T20:22:45.615+0000] {processor.py:836} INFO - DAG(s) dict_keys(['example_sensors']) retrieved from /home/airflow/.local/lib/python3.7/site-packages/airflow/example_dags/example_sensors.py
[2023-08-13T20:22:45.652+0000] {logging_mixin.py:150} INFO - [2023-08-13T20:22:45.652+0000] {dag.py:2742} INFO - Sync 1 DAGs
[2023-08-13T20:22:45.694+0000] {logging_mixin.py:150} INFO - [2023-08-13T20:22:45.693+0000] {dag.py:3508} INFO - Setting next_dagrun for example_sensors to None, run_after=None
[2023-08-13T20:22:45.721+0000] {processor.py:179} INFO - Processing /home/airflow/.local/lib/python3.7/site-packages/airflow/example_dags/example_sensors.py took 0.123 seconds
[2023-08-13T20:23:16.023+0000] {processor.py:157} INFO - Started process (PID=2280) to work on /home/airflow/.local/lib/python3.7/site-packages/airflow/example_dags/example_sensors.py
[2023-08-13T20:23:16.024+0000] {processor.py:826} INFO - Processing file /home/airflow/.local/lib/python3.7/site-packages/airflow/example_dags/example_sensors.py for tasks to queue
[2023-08-13T20:23:16.025+0000] {logging_mixin.py:150} INFO - [2023-08-13T20:23:16.025+0000] {dagbag.py:541} INFO - Filling up the DagBag from /home/airflow/.local/lib/python3.7/site-packages/airflow/example_dags/example_sensors.py
[2023-08-13T20:23:16.036+0000] {processor.py:836} INFO - DAG(s) dict_keys(['example_sensors']) retrieved from /home/airflow/.local/lib/python3.7/site-packages/airflow/example_dags/example_sensors.py
[2023-08-13T20:23:16.072+0000] {logging_mixin.py:150} INFO - [2023-08-13T20:23:16.072+0000] {dag.py:2742} INFO - Sync 1 DAGs
[2023-08-13T20:23:16.117+0000] {logging_mixin.py:150} INFO - [2023-08-13T20:23:16.117+0000] {dag.py:3508} INFO - Setting next_dagrun for example_sensors to None, run_after=None
[2023-08-13T20:23:16.160+0000] {processor.py:179} INFO - Processing /home/airflow/.local/lib/python3.7/site-packages/airflow/example_dags/example_sensors.py took 0.141 seconds
