[2023-08-13T18:41:12.282+0000] {processor.py:157} INFO - Started process (PID=68) to work on /home/airflow/.local/lib/python3.7/site-packages/airflow/example_dags/example_latest_only_with_trigger.py
[2023-08-13T18:41:12.286+0000] {processor.py:826} INFO - Processing file /home/airflow/.local/lib/python3.7/site-packages/airflow/example_dags/example_latest_only_with_trigger.py for tasks to queue
[2023-08-13T18:41:12.294+0000] {logging_mixin.py:150} INFO - [2023-08-13T18:41:12.293+0000] {dagbag.py:541} INFO - Filling up the DagBag from /home/airflow/.local/lib/python3.7/site-packages/airflow/example_dags/example_latest_only_with_trigger.py
[2023-08-13T18:41:12.318+0000] {processor.py:836} INFO - DAG(s) dict_keys(['latest_only_with_trigger']) retrieved from /home/airflow/.local/lib/python3.7/site-packages/airflow/example_dags/example_latest_only_with_trigger.py
[2023-08-13T18:41:12.346+0000] {logging_mixin.py:150} INFO - [2023-08-13T18:41:12.345+0000] {dag.py:2742} INFO - Sync 1 DAGs
[2023-08-13T18:41:12.410+0000] {logging_mixin.py:150} INFO - [2023-08-13T18:41:12.409+0000] {dag.py:3508} INFO - Setting next_dagrun for latest_only_with_trigger to 2023-08-13T14:41:12.409042+00:00, run_after=2023-08-13T18:41:12.409042+00:00
[2023-08-13T18:41:12.458+0000] {processor.py:179} INFO - Processing /home/airflow/.local/lib/python3.7/site-packages/airflow/example_dags/example_latest_only_with_trigger.py took 0.180 seconds
[2023-08-13T18:41:42.993+0000] {processor.py:157} INFO - Started process (PID=133) to work on /home/airflow/.local/lib/python3.7/site-packages/airflow/example_dags/example_latest_only_with_trigger.py
[2023-08-13T18:41:42.994+0000] {processor.py:826} INFO - Processing file /home/airflow/.local/lib/python3.7/site-packages/airflow/example_dags/example_latest_only_with_trigger.py for tasks to queue
[2023-08-13T18:41:42.995+0000] {logging_mixin.py:150} INFO - [2023-08-13T18:41:42.995+0000] {dagbag.py:541} INFO - Filling up the DagBag from /home/airflow/.local/lib/python3.7/site-packages/airflow/example_dags/example_latest_only_with_trigger.py
[2023-08-13T18:41:43.001+0000] {processor.py:836} INFO - DAG(s) dict_keys(['latest_only_with_trigger']) retrieved from /home/airflow/.local/lib/python3.7/site-packages/airflow/example_dags/example_latest_only_with_trigger.py
[2023-08-13T18:41:43.022+0000] {logging_mixin.py:150} INFO - [2023-08-13T18:41:43.022+0000] {dag.py:2742} INFO - Sync 1 DAGs
[2023-08-13T18:41:43.054+0000] {logging_mixin.py:150} INFO - [2023-08-13T18:41:43.053+0000] {dag.py:3508} INFO - Setting next_dagrun for latest_only_with_trigger to 2023-08-13T14:41:43.053593+00:00, run_after=2023-08-13T18:41:43.053593+00:00
[2023-08-13T18:41:43.086+0000] {processor.py:179} INFO - Processing /home/airflow/.local/lib/python3.7/site-packages/airflow/example_dags/example_latest_only_with_trigger.py took 0.095 seconds
[2023-08-13T18:42:13.850+0000] {processor.py:157} INFO - Started process (PID=198) to work on /home/airflow/.local/lib/python3.7/site-packages/airflow/example_dags/example_latest_only_with_trigger.py
[2023-08-13T18:42:13.851+0000] {processor.py:826} INFO - Processing file /home/airflow/.local/lib/python3.7/site-packages/airflow/example_dags/example_latest_only_with_trigger.py for tasks to queue
[2023-08-13T18:42:13.853+0000] {logging_mixin.py:150} INFO - [2023-08-13T18:42:13.853+0000] {dagbag.py:541} INFO - Filling up the DagBag from /home/airflow/.local/lib/python3.7/site-packages/airflow/example_dags/example_latest_only_with_trigger.py
[2023-08-13T18:42:13.862+0000] {processor.py:836} INFO - DAG(s) dict_keys(['latest_only_with_trigger']) retrieved from /home/airflow/.local/lib/python3.7/site-packages/airflow/example_dags/example_latest_only_with_trigger.py
[2023-08-13T18:42:13.897+0000] {logging_mixin.py:150} INFO - [2023-08-13T18:42:13.896+0000] {dag.py:2742} INFO - Sync 1 DAGs
[2023-08-13T18:42:13.940+0000] {logging_mixin.py:150} INFO - [2023-08-13T18:42:13.940+0000] {dag.py:3508} INFO - Setting next_dagrun for latest_only_with_trigger to 2023-08-13T14:42:13.940219+00:00, run_after=2023-08-13T18:42:13.940219+00:00
[2023-08-13T18:42:13.968+0000] {processor.py:179} INFO - Processing /home/airflow/.local/lib/python3.7/site-packages/airflow/example_dags/example_latest_only_with_trigger.py took 0.122 seconds
[2023-08-13T18:42:44.721+0000] {processor.py:157} INFO - Started process (PID=263) to work on /home/airflow/.local/lib/python3.7/site-packages/airflow/example_dags/example_latest_only_with_trigger.py
[2023-08-13T18:42:44.722+0000] {processor.py:826} INFO - Processing file /home/airflow/.local/lib/python3.7/site-packages/airflow/example_dags/example_latest_only_with_trigger.py for tasks to queue
[2023-08-13T18:42:44.723+0000] {logging_mixin.py:150} INFO - [2023-08-13T18:42:44.723+0000] {dagbag.py:541} INFO - Filling up the DagBag from /home/airflow/.local/lib/python3.7/site-packages/airflow/example_dags/example_latest_only_with_trigger.py
[2023-08-13T18:42:44.729+0000] {processor.py:836} INFO - DAG(s) dict_keys(['latest_only_with_trigger']) retrieved from /home/airflow/.local/lib/python3.7/site-packages/airflow/example_dags/example_latest_only_with_trigger.py
[2023-08-13T18:42:44.759+0000] {logging_mixin.py:150} INFO - [2023-08-13T18:42:44.759+0000] {dag.py:2742} INFO - Sync 1 DAGs
[2023-08-13T18:42:44.787+0000] {logging_mixin.py:150} INFO - [2023-08-13T18:42:44.787+0000] {dag.py:3508} INFO - Setting next_dagrun for latest_only_with_trigger to 2023-08-13T14:42:44.786966+00:00, run_after=2023-08-13T18:42:44.786966+00:00
[2023-08-13T18:42:44.813+0000] {processor.py:179} INFO - Processing /home/airflow/.local/lib/python3.7/site-packages/airflow/example_dags/example_latest_only_with_trigger.py took 0.095 seconds
[2023-08-13T18:43:17.034+0000] {processor.py:157} INFO - Started process (PID=328) to work on /home/airflow/.local/lib/python3.7/site-packages/airflow/example_dags/example_latest_only_with_trigger.py
[2023-08-13T18:43:17.035+0000] {processor.py:826} INFO - Processing file /home/airflow/.local/lib/python3.7/site-packages/airflow/example_dags/example_latest_only_with_trigger.py for tasks to queue
[2023-08-13T18:43:17.037+0000] {logging_mixin.py:150} INFO - [2023-08-13T18:43:17.037+0000] {dagbag.py:541} INFO - Filling up the DagBag from /home/airflow/.local/lib/python3.7/site-packages/airflow/example_dags/example_latest_only_with_trigger.py
[2023-08-13T18:43:17.056+0000] {processor.py:836} INFO - DAG(s) dict_keys(['latest_only_with_trigger']) retrieved from /home/airflow/.local/lib/python3.7/site-packages/airflow/example_dags/example_latest_only_with_trigger.py
[2023-08-13T18:43:17.107+0000] {logging_mixin.py:150} INFO - [2023-08-13T18:43:17.106+0000] {dag.py:2742} INFO - Sync 1 DAGs
[2023-08-13T18:43:17.166+0000] {logging_mixin.py:150} INFO - [2023-08-13T18:43:17.165+0000] {dag.py:3508} INFO - Setting next_dagrun for latest_only_with_trigger to 2023-08-13T14:43:17.165406+00:00, run_after=2023-08-13T18:43:17.165406+00:00
[2023-08-13T18:43:17.214+0000] {processor.py:179} INFO - Processing /home/airflow/.local/lib/python3.7/site-packages/airflow/example_dags/example_latest_only_with_trigger.py took 0.187 seconds
[2023-08-13T18:43:47.398+0000] {processor.py:157} INFO - Started process (PID=393) to work on /home/airflow/.local/lib/python3.7/site-packages/airflow/example_dags/example_latest_only_with_trigger.py
[2023-08-13T18:43:47.400+0000] {processor.py:826} INFO - Processing file /home/airflow/.local/lib/python3.7/site-packages/airflow/example_dags/example_latest_only_with_trigger.py for tasks to queue
[2023-08-13T18:43:47.401+0000] {logging_mixin.py:150} INFO - [2023-08-13T18:43:47.401+0000] {dagbag.py:541} INFO - Filling up the DagBag from /home/airflow/.local/lib/python3.7/site-packages/airflow/example_dags/example_latest_only_with_trigger.py
[2023-08-13T18:43:47.413+0000] {processor.py:836} INFO - DAG(s) dict_keys(['latest_only_with_trigger']) retrieved from /home/airflow/.local/lib/python3.7/site-packages/airflow/example_dags/example_latest_only_with_trigger.py
[2023-08-13T18:43:47.463+0000] {logging_mixin.py:150} INFO - [2023-08-13T18:43:47.463+0000] {dag.py:2742} INFO - Sync 1 DAGs
[2023-08-13T18:43:47.519+0000] {logging_mixin.py:150} INFO - [2023-08-13T18:43:47.519+0000] {dag.py:3508} INFO - Setting next_dagrun for latest_only_with_trigger to 2023-08-13T14:43:47.518924+00:00, run_after=2023-08-13T18:43:47.518924+00:00
[2023-08-13T18:43:47.574+0000] {processor.py:179} INFO - Processing /home/airflow/.local/lib/python3.7/site-packages/airflow/example_dags/example_latest_only_with_trigger.py took 0.181 seconds
[2023-08-13T18:44:17.725+0000] {processor.py:157} INFO - Started process (PID=457) to work on /home/airflow/.local/lib/python3.7/site-packages/airflow/example_dags/example_latest_only_with_trigger.py
[2023-08-13T18:44:17.726+0000] {processor.py:826} INFO - Processing file /home/airflow/.local/lib/python3.7/site-packages/airflow/example_dags/example_latest_only_with_trigger.py for tasks to queue
[2023-08-13T18:44:17.727+0000] {logging_mixin.py:150} INFO - [2023-08-13T18:44:17.727+0000] {dagbag.py:541} INFO - Filling up the DagBag from /home/airflow/.local/lib/python3.7/site-packages/airflow/example_dags/example_latest_only_with_trigger.py
[2023-08-13T18:44:17.736+0000] {processor.py:836} INFO - DAG(s) dict_keys(['latest_only_with_trigger']) retrieved from /home/airflow/.local/lib/python3.7/site-packages/airflow/example_dags/example_latest_only_with_trigger.py
[2023-08-13T18:44:17.770+0000] {logging_mixin.py:150} INFO - [2023-08-13T18:44:17.769+0000] {dag.py:2742} INFO - Sync 1 DAGs
[2023-08-13T18:44:17.811+0000] {logging_mixin.py:150} INFO - [2023-08-13T18:44:17.810+0000] {dag.py:3508} INFO - Setting next_dagrun for latest_only_with_trigger to 2023-08-13T14:44:17.810378+00:00, run_after=2023-08-13T18:44:17.810378+00:00
[2023-08-13T18:44:17.844+0000] {processor.py:179} INFO - Processing /home/airflow/.local/lib/python3.7/site-packages/airflow/example_dags/example_latest_only_with_trigger.py took 0.122 seconds
[2023-08-13T18:44:49.621+0000] {processor.py:157} INFO - Started process (PID=522) to work on /home/airflow/.local/lib/python3.7/site-packages/airflow/example_dags/example_latest_only_with_trigger.py
[2023-08-13T18:44:49.623+0000] {processor.py:826} INFO - Processing file /home/airflow/.local/lib/python3.7/site-packages/airflow/example_dags/example_latest_only_with_trigger.py for tasks to queue
[2023-08-13T18:44:49.624+0000] {logging_mixin.py:150} INFO - [2023-08-13T18:44:49.623+0000] {dagbag.py:541} INFO - Filling up the DagBag from /home/airflow/.local/lib/python3.7/site-packages/airflow/example_dags/example_latest_only_with_trigger.py
[2023-08-13T18:44:49.632+0000] {processor.py:836} INFO - DAG(s) dict_keys(['latest_only_with_trigger']) retrieved from /home/airflow/.local/lib/python3.7/site-packages/airflow/example_dags/example_latest_only_with_trigger.py
[2023-08-13T18:44:49.665+0000] {logging_mixin.py:150} INFO - [2023-08-13T18:44:49.665+0000] {dag.py:2742} INFO - Sync 1 DAGs
[2023-08-13T18:44:49.707+0000] {logging_mixin.py:150} INFO - [2023-08-13T18:44:49.707+0000] {dag.py:3508} INFO - Setting next_dagrun for latest_only_with_trigger to 2023-08-13T14:44:49.707113+00:00, run_after=2023-08-13T18:44:49.707113+00:00
[2023-08-13T18:44:49.741+0000] {processor.py:179} INFO - Processing /home/airflow/.local/lib/python3.7/site-packages/airflow/example_dags/example_latest_only_with_trigger.py took 0.124 seconds
[2023-08-13T18:45:21.440+0000] {processor.py:157} INFO - Started process (PID=587) to work on /home/airflow/.local/lib/python3.7/site-packages/airflow/example_dags/example_latest_only_with_trigger.py
[2023-08-13T18:45:21.442+0000] {processor.py:826} INFO - Processing file /home/airflow/.local/lib/python3.7/site-packages/airflow/example_dags/example_latest_only_with_trigger.py for tasks to queue
[2023-08-13T18:45:21.443+0000] {logging_mixin.py:150} INFO - [2023-08-13T18:45:21.442+0000] {dagbag.py:541} INFO - Filling up the DagBag from /home/airflow/.local/lib/python3.7/site-packages/airflow/example_dags/example_latest_only_with_trigger.py
[2023-08-13T18:45:21.452+0000] {processor.py:836} INFO - DAG(s) dict_keys(['latest_only_with_trigger']) retrieved from /home/airflow/.local/lib/python3.7/site-packages/airflow/example_dags/example_latest_only_with_trigger.py
[2023-08-13T18:45:21.490+0000] {logging_mixin.py:150} INFO - [2023-08-13T18:45:21.489+0000] {dag.py:2742} INFO - Sync 1 DAGs
[2023-08-13T18:45:21.536+0000] {logging_mixin.py:150} INFO - [2023-08-13T18:45:21.536+0000] {dag.py:3508} INFO - Setting next_dagrun for latest_only_with_trigger to 2023-08-13T14:45:21.535802+00:00, run_after=2023-08-13T18:45:21.535802+00:00
[2023-08-13T18:45:22.200+0000] {processor.py:179} INFO - Processing /home/airflow/.local/lib/python3.7/site-packages/airflow/example_dags/example_latest_only_with_trigger.py took 0.763 seconds
[2023-08-13T18:45:52.546+0000] {processor.py:157} INFO - Started process (PID=652) to work on /home/airflow/.local/lib/python3.7/site-packages/airflow/example_dags/example_latest_only_with_trigger.py
[2023-08-13T18:45:52.547+0000] {processor.py:826} INFO - Processing file /home/airflow/.local/lib/python3.7/site-packages/airflow/example_dags/example_latest_only_with_trigger.py for tasks to queue
[2023-08-13T18:45:52.548+0000] {logging_mixin.py:150} INFO - [2023-08-13T18:45:52.548+0000] {dagbag.py:541} INFO - Filling up the DagBag from /home/airflow/.local/lib/python3.7/site-packages/airflow/example_dags/example_latest_only_with_trigger.py
[2023-08-13T18:45:52.554+0000] {processor.py:836} INFO - DAG(s) dict_keys(['latest_only_with_trigger']) retrieved from /home/airflow/.local/lib/python3.7/site-packages/airflow/example_dags/example_latest_only_with_trigger.py
[2023-08-13T18:45:52.585+0000] {logging_mixin.py:150} INFO - [2023-08-13T18:45:52.584+0000] {dag.py:2742} INFO - Sync 1 DAGs
[2023-08-13T18:45:52.623+0000] {logging_mixin.py:150} INFO - [2023-08-13T18:45:52.623+0000] {dag.py:3508} INFO - Setting next_dagrun for latest_only_with_trigger to 2023-08-13T14:45:52.623274+00:00, run_after=2023-08-13T18:45:52.623274+00:00
[2023-08-13T18:45:52.649+0000] {processor.py:179} INFO - Processing /home/airflow/.local/lib/python3.7/site-packages/airflow/example_dags/example_latest_only_with_trigger.py took 0.106 seconds
[2023-08-13T18:46:23.668+0000] {processor.py:157} INFO - Started process (PID=717) to work on /home/airflow/.local/lib/python3.7/site-packages/airflow/example_dags/example_latest_only_with_trigger.py
[2023-08-13T18:46:23.670+0000] {processor.py:826} INFO - Processing file /home/airflow/.local/lib/python3.7/site-packages/airflow/example_dags/example_latest_only_with_trigger.py for tasks to queue
[2023-08-13T18:46:23.671+0000] {logging_mixin.py:150} INFO - [2023-08-13T18:46:23.671+0000] {dagbag.py:541} INFO - Filling up the DagBag from /home/airflow/.local/lib/python3.7/site-packages/airflow/example_dags/example_latest_only_with_trigger.py
[2023-08-13T18:46:23.679+0000] {processor.py:836} INFO - DAG(s) dict_keys(['latest_only_with_trigger']) retrieved from /home/airflow/.local/lib/python3.7/site-packages/airflow/example_dags/example_latest_only_with_trigger.py
[2023-08-13T18:46:23.719+0000] {logging_mixin.py:150} INFO - [2023-08-13T18:46:23.719+0000] {dag.py:2742} INFO - Sync 1 DAGs
[2023-08-13T18:46:23.748+0000] {logging_mixin.py:150} INFO - [2023-08-13T18:46:23.748+0000] {dag.py:3508} INFO - Setting next_dagrun for latest_only_with_trigger to 2023-08-13T14:46:23.747681+00:00, run_after=2023-08-13T18:46:23.747681+00:00
[2023-08-13T18:46:23.782+0000] {processor.py:179} INFO - Processing /home/airflow/.local/lib/python3.7/site-packages/airflow/example_dags/example_latest_only_with_trigger.py took 0.117 seconds
[2023-08-13T18:46:54.117+0000] {processor.py:157} INFO - Started process (PID=782) to work on /home/airflow/.local/lib/python3.7/site-packages/airflow/example_dags/example_latest_only_with_trigger.py
[2023-08-13T18:46:54.118+0000] {processor.py:826} INFO - Processing file /home/airflow/.local/lib/python3.7/site-packages/airflow/example_dags/example_latest_only_with_trigger.py for tasks to queue
[2023-08-13T18:46:54.120+0000] {logging_mixin.py:150} INFO - [2023-08-13T18:46:54.119+0000] {dagbag.py:541} INFO - Filling up the DagBag from /home/airflow/.local/lib/python3.7/site-packages/airflow/example_dags/example_latest_only_with_trigger.py
[2023-08-13T18:46:54.128+0000] {processor.py:836} INFO - DAG(s) dict_keys(['latest_only_with_trigger']) retrieved from /home/airflow/.local/lib/python3.7/site-packages/airflow/example_dags/example_latest_only_with_trigger.py
[2023-08-13T18:46:54.162+0000] {logging_mixin.py:150} INFO - [2023-08-13T18:46:54.162+0000] {dag.py:2742} INFO - Sync 1 DAGs
[2023-08-13T18:46:54.210+0000] {logging_mixin.py:150} INFO - [2023-08-13T18:46:54.210+0000] {dag.py:3508} INFO - Setting next_dagrun for latest_only_with_trigger to 2023-08-13T14:46:54.209974+00:00, run_after=2023-08-13T18:46:54.209974+00:00
[2023-08-13T18:46:54.251+0000] {processor.py:179} INFO - Processing /home/airflow/.local/lib/python3.7/site-packages/airflow/example_dags/example_latest_only_with_trigger.py took 0.137 seconds
[2023-08-13T18:47:24.972+0000] {processor.py:157} INFO - Started process (PID=847) to work on /home/airflow/.local/lib/python3.7/site-packages/airflow/example_dags/example_latest_only_with_trigger.py
[2023-08-13T18:47:24.973+0000] {processor.py:826} INFO - Processing file /home/airflow/.local/lib/python3.7/site-packages/airflow/example_dags/example_latest_only_with_trigger.py for tasks to queue
[2023-08-13T18:47:24.974+0000] {logging_mixin.py:150} INFO - [2023-08-13T18:47:24.974+0000] {dagbag.py:541} INFO - Filling up the DagBag from /home/airflow/.local/lib/python3.7/site-packages/airflow/example_dags/example_latest_only_with_trigger.py
[2023-08-13T18:47:24.982+0000] {processor.py:836} INFO - DAG(s) dict_keys(['latest_only_with_trigger']) retrieved from /home/airflow/.local/lib/python3.7/site-packages/airflow/example_dags/example_latest_only_with_trigger.py
[2023-08-13T18:47:25.018+0000] {logging_mixin.py:150} INFO - [2023-08-13T18:47:25.018+0000] {dag.py:2742} INFO - Sync 1 DAGs
[2023-08-13T18:47:25.049+0000] {logging_mixin.py:150} INFO - [2023-08-13T18:47:25.049+0000] {dag.py:3508} INFO - Setting next_dagrun for latest_only_with_trigger to 2023-08-13T14:47:25.049469+00:00, run_after=2023-08-13T18:47:25.049469+00:00
[2023-08-13T18:47:25.074+0000] {processor.py:179} INFO - Processing /home/airflow/.local/lib/python3.7/site-packages/airflow/example_dags/example_latest_only_with_trigger.py took 0.107 seconds
[2023-08-13T18:47:55.701+0000] {processor.py:157} INFO - Started process (PID=912) to work on /home/airflow/.local/lib/python3.7/site-packages/airflow/example_dags/example_latest_only_with_trigger.py
[2023-08-13T18:47:55.703+0000] {processor.py:826} INFO - Processing file /home/airflow/.local/lib/python3.7/site-packages/airflow/example_dags/example_latest_only_with_trigger.py for tasks to queue
[2023-08-13T18:47:55.704+0000] {logging_mixin.py:150} INFO - [2023-08-13T18:47:55.704+0000] {dagbag.py:541} INFO - Filling up the DagBag from /home/airflow/.local/lib/python3.7/site-packages/airflow/example_dags/example_latest_only_with_trigger.py
[2023-08-13T18:47:55.718+0000] {processor.py:836} INFO - DAG(s) dict_keys(['latest_only_with_trigger']) retrieved from /home/airflow/.local/lib/python3.7/site-packages/airflow/example_dags/example_latest_only_with_trigger.py
[2023-08-13T18:47:55.761+0000] {logging_mixin.py:150} INFO - [2023-08-13T18:47:55.760+0000] {dag.py:2742} INFO - Sync 1 DAGs
[2023-08-13T18:47:55.805+0000] {logging_mixin.py:150} INFO - [2023-08-13T18:47:55.805+0000] {dag.py:3508} INFO - Setting next_dagrun for latest_only_with_trigger to 2023-08-13T14:47:55.805395+00:00, run_after=2023-08-13T18:47:55.805395+00:00
[2023-08-13T18:47:55.845+0000] {processor.py:179} INFO - Processing /home/airflow/.local/lib/python3.7/site-packages/airflow/example_dags/example_latest_only_with_trigger.py took 0.149 seconds
[2023-08-13T18:48:26.327+0000] {processor.py:157} INFO - Started process (PID=977) to work on /home/airflow/.local/lib/python3.7/site-packages/airflow/example_dags/example_latest_only_with_trigger.py
[2023-08-13T18:48:26.328+0000] {processor.py:826} INFO - Processing file /home/airflow/.local/lib/python3.7/site-packages/airflow/example_dags/example_latest_only_with_trigger.py for tasks to queue
[2023-08-13T18:48:26.329+0000] {logging_mixin.py:150} INFO - [2023-08-13T18:48:26.329+0000] {dagbag.py:541} INFO - Filling up the DagBag from /home/airflow/.local/lib/python3.7/site-packages/airflow/example_dags/example_latest_only_with_trigger.py
[2023-08-13T18:48:26.337+0000] {processor.py:836} INFO - DAG(s) dict_keys(['latest_only_with_trigger']) retrieved from /home/airflow/.local/lib/python3.7/site-packages/airflow/example_dags/example_latest_only_with_trigger.py
[2023-08-13T18:48:26.366+0000] {logging_mixin.py:150} INFO - [2023-08-13T18:48:26.365+0000] {dag.py:2742} INFO - Sync 1 DAGs
[2023-08-13T18:48:26.397+0000] {logging_mixin.py:150} INFO - [2023-08-13T18:48:26.397+0000] {dag.py:3508} INFO - Setting next_dagrun for latest_only_with_trigger to 2023-08-13T14:48:26.396864+00:00, run_after=2023-08-13T18:48:26.396864+00:00
[2023-08-13T18:48:26.424+0000] {processor.py:179} INFO - Processing /home/airflow/.local/lib/python3.7/site-packages/airflow/example_dags/example_latest_only_with_trigger.py took 0.101 seconds
[2023-08-13T18:48:56.649+0000] {processor.py:157} INFO - Started process (PID=1042) to work on /home/airflow/.local/lib/python3.7/site-packages/airflow/example_dags/example_latest_only_with_trigger.py
[2023-08-13T18:48:56.650+0000] {processor.py:826} INFO - Processing file /home/airflow/.local/lib/python3.7/site-packages/airflow/example_dags/example_latest_only_with_trigger.py for tasks to queue
[2023-08-13T18:48:56.651+0000] {logging_mixin.py:150} INFO - [2023-08-13T18:48:56.651+0000] {dagbag.py:541} INFO - Filling up the DagBag from /home/airflow/.local/lib/python3.7/site-packages/airflow/example_dags/example_latest_only_with_trigger.py
[2023-08-13T18:48:56.657+0000] {processor.py:836} INFO - DAG(s) dict_keys(['latest_only_with_trigger']) retrieved from /home/airflow/.local/lib/python3.7/site-packages/airflow/example_dags/example_latest_only_with_trigger.py
[2023-08-13T18:48:56.686+0000] {logging_mixin.py:150} INFO - [2023-08-13T18:48:56.685+0000] {dag.py:2742} INFO - Sync 1 DAGs
[2023-08-13T18:48:56.713+0000] {logging_mixin.py:150} INFO - [2023-08-13T18:48:56.713+0000] {dag.py:3508} INFO - Setting next_dagrun for latest_only_with_trigger to 2023-08-13T14:48:56.713454+00:00, run_after=2023-08-13T18:48:56.713454+00:00
[2023-08-13T18:48:56.737+0000] {processor.py:179} INFO - Processing /home/airflow/.local/lib/python3.7/site-packages/airflow/example_dags/example_latest_only_with_trigger.py took 0.091 seconds
[2023-08-13T18:49:27.058+0000] {processor.py:157} INFO - Started process (PID=1107) to work on /home/airflow/.local/lib/python3.7/site-packages/airflow/example_dags/example_latest_only_with_trigger.py
[2023-08-13T18:49:27.060+0000] {processor.py:826} INFO - Processing file /home/airflow/.local/lib/python3.7/site-packages/airflow/example_dags/example_latest_only_with_trigger.py for tasks to queue
[2023-08-13T18:49:27.062+0000] {logging_mixin.py:150} INFO - [2023-08-13T18:49:27.061+0000] {dagbag.py:541} INFO - Filling up the DagBag from /home/airflow/.local/lib/python3.7/site-packages/airflow/example_dags/example_latest_only_with_trigger.py
[2023-08-13T18:49:27.075+0000] {processor.py:836} INFO - DAG(s) dict_keys(['latest_only_with_trigger']) retrieved from /home/airflow/.local/lib/python3.7/site-packages/airflow/example_dags/example_latest_only_with_trigger.py
[2023-08-13T18:49:27.121+0000] {logging_mixin.py:150} INFO - [2023-08-13T18:49:27.121+0000] {dag.py:2742} INFO - Sync 1 DAGs
[2023-08-13T18:49:27.169+0000] {logging_mixin.py:150} INFO - [2023-08-13T18:49:27.168+0000] {dag.py:3508} INFO - Setting next_dagrun for latest_only_with_trigger to 2023-08-13T14:49:27.168206+00:00, run_after=2023-08-13T18:49:27.168206+00:00
[2023-08-13T18:49:27.216+0000] {processor.py:179} INFO - Processing /home/airflow/.local/lib/python3.7/site-packages/airflow/example_dags/example_latest_only_with_trigger.py took 0.163 seconds
[2023-08-13T18:49:58.052+0000] {processor.py:157} INFO - Started process (PID=1172) to work on /home/airflow/.local/lib/python3.7/site-packages/airflow/example_dags/example_latest_only_with_trigger.py
[2023-08-13T18:49:58.053+0000] {processor.py:826} INFO - Processing file /home/airflow/.local/lib/python3.7/site-packages/airflow/example_dags/example_latest_only_with_trigger.py for tasks to queue
[2023-08-13T18:49:58.054+0000] {logging_mixin.py:150} INFO - [2023-08-13T18:49:58.054+0000] {dagbag.py:541} INFO - Filling up the DagBag from /home/airflow/.local/lib/python3.7/site-packages/airflow/example_dags/example_latest_only_with_trigger.py
[2023-08-13T18:49:58.062+0000] {processor.py:836} INFO - DAG(s) dict_keys(['latest_only_with_trigger']) retrieved from /home/airflow/.local/lib/python3.7/site-packages/airflow/example_dags/example_latest_only_with_trigger.py
[2023-08-13T18:49:58.092+0000] {logging_mixin.py:150} INFO - [2023-08-13T18:49:58.092+0000] {dag.py:2742} INFO - Sync 1 DAGs
[2023-08-13T18:49:58.131+0000] {logging_mixin.py:150} INFO - [2023-08-13T18:49:58.130+0000] {dag.py:3508} INFO - Setting next_dagrun for latest_only_with_trigger to 2023-08-13T14:49:58.130408+00:00, run_after=2023-08-13T18:49:58.130408+00:00
[2023-08-13T18:49:58.169+0000] {processor.py:179} INFO - Processing /home/airflow/.local/lib/python3.7/site-packages/airflow/example_dags/example_latest_only_with_trigger.py took 0.121 seconds
