[2023-08-13T18:41:11.165+0000] {processor.py:157} INFO - Started process (PID=57) to work on /home/airflow/.local/lib/python3.7/site-packages/airflow/example_dags/example_sla_dag.py
[2023-08-13T18:41:11.168+0000] {processor.py:826} INFO - Processing file /home/airflow/.local/lib/python3.7/site-packages/airflow/example_dags/example_sla_dag.py for tasks to queue
[2023-08-13T18:41:11.170+0000] {logging_mixin.py:150} INFO - [2023-08-13T18:41:11.170+0000] {dagbag.py:541} INFO - Filling up the DagBag from /home/airflow/.local/lib/python3.7/site-packages/airflow/example_dags/example_sla_dag.py
[2023-08-13T18:41:11.189+0000] {processor.py:836} INFO - DAG(s) dict_keys(['example_sla_dag']) retrieved from /home/airflow/.local/lib/python3.7/site-packages/airflow/example_dags/example_sla_dag.py
[2023-08-13T18:41:11.212+0000] {logging_mixin.py:150} INFO - [2023-08-13T18:41:11.211+0000] {dag.py:2742} INFO - Sync 1 DAGs
[2023-08-13T18:41:11.270+0000] {logging_mixin.py:150} INFO - [2023-08-13T18:41:11.270+0000] {dag.py:3508} INFO - Setting next_dagrun for example_sla_dag to 2023-08-13T18:38:00+00:00, run_after=2023-08-13T18:40:00+00:00
[2023-08-13T18:41:11.317+0000] {processor.py:179} INFO - Processing /home/airflow/.local/lib/python3.7/site-packages/airflow/example_dags/example_sla_dag.py took 0.157 seconds
[2023-08-13T18:41:42.026+0000] {processor.py:157} INFO - Started process (PID=122) to work on /home/airflow/.local/lib/python3.7/site-packages/airflow/example_dags/example_sla_dag.py
[2023-08-13T18:41:42.027+0000] {processor.py:826} INFO - Processing file /home/airflow/.local/lib/python3.7/site-packages/airflow/example_dags/example_sla_dag.py for tasks to queue
[2023-08-13T18:41:42.028+0000] {logging_mixin.py:150} INFO - [2023-08-13T18:41:42.028+0000] {dagbag.py:541} INFO - Filling up the DagBag from /home/airflow/.local/lib/python3.7/site-packages/airflow/example_dags/example_sla_dag.py
[2023-08-13T18:41:42.035+0000] {processor.py:836} INFO - DAG(s) dict_keys(['example_sla_dag']) retrieved from /home/airflow/.local/lib/python3.7/site-packages/airflow/example_dags/example_sla_dag.py
[2023-08-13T18:41:42.056+0000] {logging_mixin.py:150} INFO - [2023-08-13T18:41:42.056+0000] {dag.py:2742} INFO - Sync 1 DAGs
[2023-08-13T18:41:42.089+0000] {logging_mixin.py:150} INFO - [2023-08-13T18:41:42.089+0000] {dag.py:3508} INFO - Setting next_dagrun for example_sla_dag to 2023-08-13T18:38:00+00:00, run_after=2023-08-13T18:40:00+00:00
[2023-08-13T18:41:42.111+0000] {processor.py:179} INFO - Processing /home/airflow/.local/lib/python3.7/site-packages/airflow/example_dags/example_sla_dag.py took 0.087 seconds
[2023-08-13T18:42:12.576+0000] {processor.py:157} INFO - Started process (PID=186) to work on /home/airflow/.local/lib/python3.7/site-packages/airflow/example_dags/example_sla_dag.py
[2023-08-13T18:42:12.577+0000] {processor.py:826} INFO - Processing file /home/airflow/.local/lib/python3.7/site-packages/airflow/example_dags/example_sla_dag.py for tasks to queue
[2023-08-13T18:42:12.579+0000] {logging_mixin.py:150} INFO - [2023-08-13T18:42:12.578+0000] {dagbag.py:541} INFO - Filling up the DagBag from /home/airflow/.local/lib/python3.7/site-packages/airflow/example_dags/example_sla_dag.py
[2023-08-13T18:42:12.588+0000] {processor.py:836} INFO - DAG(s) dict_keys(['example_sla_dag']) retrieved from /home/airflow/.local/lib/python3.7/site-packages/airflow/example_dags/example_sla_dag.py
[2023-08-13T18:42:12.618+0000] {logging_mixin.py:150} INFO - [2023-08-13T18:42:12.618+0000] {dag.py:2742} INFO - Sync 1 DAGs
[2023-08-13T18:42:12.653+0000] {logging_mixin.py:150} INFO - [2023-08-13T18:42:12.653+0000] {dag.py:3508} INFO - Setting next_dagrun for example_sla_dag to 2023-08-13T18:40:00+00:00, run_after=2023-08-13T18:42:00+00:00
[2023-08-13T18:42:12.680+0000] {processor.py:179} INFO - Processing /home/airflow/.local/lib/python3.7/site-packages/airflow/example_dags/example_sla_dag.py took 0.107 seconds
[2023-08-13T18:42:42.933+0000] {processor.py:157} INFO - Started process (PID=252) to work on /home/airflow/.local/lib/python3.7/site-packages/airflow/example_dags/example_sla_dag.py
[2023-08-13T18:42:42.934+0000] {processor.py:826} INFO - Processing file /home/airflow/.local/lib/python3.7/site-packages/airflow/example_dags/example_sla_dag.py for tasks to queue
[2023-08-13T18:42:42.935+0000] {logging_mixin.py:150} INFO - [2023-08-13T18:42:42.935+0000] {dagbag.py:541} INFO - Filling up the DagBag from /home/airflow/.local/lib/python3.7/site-packages/airflow/example_dags/example_sla_dag.py
[2023-08-13T18:42:42.942+0000] {processor.py:836} INFO - DAG(s) dict_keys(['example_sla_dag']) retrieved from /home/airflow/.local/lib/python3.7/site-packages/airflow/example_dags/example_sla_dag.py
[2023-08-13T18:42:42.964+0000] {logging_mixin.py:150} INFO - [2023-08-13T18:42:42.964+0000] {dag.py:2742} INFO - Sync 1 DAGs
[2023-08-13T18:42:42.990+0000] {logging_mixin.py:150} INFO - [2023-08-13T18:42:42.990+0000] {dag.py:3508} INFO - Setting next_dagrun for example_sla_dag to 2023-08-13T18:40:00+00:00, run_after=2023-08-13T18:42:00+00:00
[2023-08-13T18:42:43.010+0000] {processor.py:179} INFO - Processing /home/airflow/.local/lib/python3.7/site-packages/airflow/example_dags/example_sla_dag.py took 0.080 seconds
[2023-08-13T18:43:15.118+0000] {processor.py:157} INFO - Started process (PID=317) to work on /home/airflow/.local/lib/python3.7/site-packages/airflow/example_dags/example_sla_dag.py
[2023-08-13T18:43:15.130+0000] {processor.py:826} INFO - Processing file /home/airflow/.local/lib/python3.7/site-packages/airflow/example_dags/example_sla_dag.py for tasks to queue
[2023-08-13T18:43:15.132+0000] {logging_mixin.py:150} INFO - [2023-08-13T18:43:15.132+0000] {dagbag.py:541} INFO - Filling up the DagBag from /home/airflow/.local/lib/python3.7/site-packages/airflow/example_dags/example_sla_dag.py
[2023-08-13T18:43:15.152+0000] {processor.py:836} INFO - DAG(s) dict_keys(['example_sla_dag']) retrieved from /home/airflow/.local/lib/python3.7/site-packages/airflow/example_dags/example_sla_dag.py
[2023-08-13T18:43:15.221+0000] {logging_mixin.py:150} INFO - [2023-08-13T18:43:15.220+0000] {dag.py:2742} INFO - Sync 1 DAGs
[2023-08-13T18:43:15.339+0000] {logging_mixin.py:150} INFO - [2023-08-13T18:43:15.338+0000] {dag.py:3508} INFO - Setting next_dagrun for example_sla_dag to 2023-08-13T18:40:00+00:00, run_after=2023-08-13T18:42:00+00:00
[2023-08-13T18:43:15.584+0000] {processor.py:179} INFO - Processing /home/airflow/.local/lib/python3.7/site-packages/airflow/example_dags/example_sla_dag.py took 0.471 seconds
[2023-08-13T18:43:46.346+0000] {processor.py:157} INFO - Started process (PID=382) to work on /home/airflow/.local/lib/python3.7/site-packages/airflow/example_dags/example_sla_dag.py
[2023-08-13T18:43:46.347+0000] {processor.py:826} INFO - Processing file /home/airflow/.local/lib/python3.7/site-packages/airflow/example_dags/example_sla_dag.py for tasks to queue
[2023-08-13T18:43:46.348+0000] {logging_mixin.py:150} INFO - [2023-08-13T18:43:46.348+0000] {dagbag.py:541} INFO - Filling up the DagBag from /home/airflow/.local/lib/python3.7/site-packages/airflow/example_dags/example_sla_dag.py
[2023-08-13T18:43:46.355+0000] {processor.py:836} INFO - DAG(s) dict_keys(['example_sla_dag']) retrieved from /home/airflow/.local/lib/python3.7/site-packages/airflow/example_dags/example_sla_dag.py
[2023-08-13T18:43:46.379+0000] {logging_mixin.py:150} INFO - [2023-08-13T18:43:46.379+0000] {dag.py:2742} INFO - Sync 1 DAGs
[2023-08-13T18:43:46.417+0000] {logging_mixin.py:150} INFO - [2023-08-13T18:43:46.417+0000] {dag.py:3508} INFO - Setting next_dagrun for example_sla_dag to 2023-08-13T18:40:00+00:00, run_after=2023-08-13T18:42:00+00:00
[2023-08-13T18:43:46.451+0000] {processor.py:179} INFO - Processing /home/airflow/.local/lib/python3.7/site-packages/airflow/example_dags/example_sla_dag.py took 0.108 seconds
[2023-08-13T18:44:16.492+0000] {processor.py:157} INFO - Started process (PID=447) to work on /home/airflow/.local/lib/python3.7/site-packages/airflow/example_dags/example_sla_dag.py
[2023-08-13T18:44:16.493+0000] {processor.py:826} INFO - Processing file /home/airflow/.local/lib/python3.7/site-packages/airflow/example_dags/example_sla_dag.py for tasks to queue
[2023-08-13T18:44:16.494+0000] {logging_mixin.py:150} INFO - [2023-08-13T18:44:16.494+0000] {dagbag.py:541} INFO - Filling up the DagBag from /home/airflow/.local/lib/python3.7/site-packages/airflow/example_dags/example_sla_dag.py
[2023-08-13T18:44:16.503+0000] {processor.py:836} INFO - DAG(s) dict_keys(['example_sla_dag']) retrieved from /home/airflow/.local/lib/python3.7/site-packages/airflow/example_dags/example_sla_dag.py
[2023-08-13T18:44:16.529+0000] {logging_mixin.py:150} INFO - [2023-08-13T18:44:16.529+0000] {dag.py:2742} INFO - Sync 1 DAGs
[2023-08-13T18:44:16.568+0000] {logging_mixin.py:150} INFO - [2023-08-13T18:44:16.568+0000] {dag.py:3508} INFO - Setting next_dagrun for example_sla_dag to 2023-08-13T18:42:00+00:00, run_after=2023-08-13T18:44:00+00:00
[2023-08-13T18:44:16.600+0000] {processor.py:179} INFO - Processing /home/airflow/.local/lib/python3.7/site-packages/airflow/example_dags/example_sla_dag.py took 0.112 seconds
[2023-08-13T18:44:47.250+0000] {processor.py:157} INFO - Started process (PID=512) to work on /home/airflow/.local/lib/python3.7/site-packages/airflow/example_dags/example_sla_dag.py
[2023-08-13T18:44:47.251+0000] {processor.py:826} INFO - Processing file /home/airflow/.local/lib/python3.7/site-packages/airflow/example_dags/example_sla_dag.py for tasks to queue
[2023-08-13T18:44:47.253+0000] {logging_mixin.py:150} INFO - [2023-08-13T18:44:47.252+0000] {dagbag.py:541} INFO - Filling up the DagBag from /home/airflow/.local/lib/python3.7/site-packages/airflow/example_dags/example_sla_dag.py
[2023-08-13T18:44:47.261+0000] {processor.py:836} INFO - DAG(s) dict_keys(['example_sla_dag']) retrieved from /home/airflow/.local/lib/python3.7/site-packages/airflow/example_dags/example_sla_dag.py
[2023-08-13T18:44:47.297+0000] {logging_mixin.py:150} INFO - [2023-08-13T18:44:47.297+0000] {dag.py:2742} INFO - Sync 1 DAGs
[2023-08-13T18:44:47.356+0000] {logging_mixin.py:150} INFO - [2023-08-13T18:44:47.356+0000] {dag.py:3508} INFO - Setting next_dagrun for example_sla_dag to 2023-08-13T18:42:00+00:00, run_after=2023-08-13T18:44:00+00:00
[2023-08-13T18:44:47.398+0000] {processor.py:179} INFO - Processing /home/airflow/.local/lib/python3.7/site-packages/airflow/example_dags/example_sla_dag.py took 0.151 seconds
[2023-08-13T18:45:18.947+0000] {processor.py:157} INFO - Started process (PID=577) to work on /home/airflow/.local/lib/python3.7/site-packages/airflow/example_dags/example_sla_dag.py
[2023-08-13T18:45:18.948+0000] {processor.py:826} INFO - Processing file /home/airflow/.local/lib/python3.7/site-packages/airflow/example_dags/example_sla_dag.py for tasks to queue
[2023-08-13T18:45:18.949+0000] {logging_mixin.py:150} INFO - [2023-08-13T18:45:18.949+0000] {dagbag.py:541} INFO - Filling up the DagBag from /home/airflow/.local/lib/python3.7/site-packages/airflow/example_dags/example_sla_dag.py
[2023-08-13T18:45:18.961+0000] {processor.py:836} INFO - DAG(s) dict_keys(['example_sla_dag']) retrieved from /home/airflow/.local/lib/python3.7/site-packages/airflow/example_dags/example_sla_dag.py
[2023-08-13T18:45:18.992+0000] {logging_mixin.py:150} INFO - [2023-08-13T18:45:18.992+0000] {dag.py:2742} INFO - Sync 1 DAGs
[2023-08-13T18:45:19.216+0000] {logging_mixin.py:150} INFO - [2023-08-13T18:45:19.215+0000] {dag.py:3508} INFO - Setting next_dagrun for example_sla_dag to 2023-08-13T18:42:00+00:00, run_after=2023-08-13T18:44:00+00:00
[2023-08-13T18:45:19.717+0000] {processor.py:179} INFO - Processing /home/airflow/.local/lib/python3.7/site-packages/airflow/example_dags/example_sla_dag.py took 0.774 seconds
[2023-08-13T18:45:50.457+0000] {processor.py:157} INFO - Started process (PID=642) to work on /home/airflow/.local/lib/python3.7/site-packages/airflow/example_dags/example_sla_dag.py
[2023-08-13T18:45:50.458+0000] {processor.py:826} INFO - Processing file /home/airflow/.local/lib/python3.7/site-packages/airflow/example_dags/example_sla_dag.py for tasks to queue
[2023-08-13T18:45:50.459+0000] {logging_mixin.py:150} INFO - [2023-08-13T18:45:50.459+0000] {dagbag.py:541} INFO - Filling up the DagBag from /home/airflow/.local/lib/python3.7/site-packages/airflow/example_dags/example_sla_dag.py
[2023-08-13T18:45:50.467+0000] {processor.py:836} INFO - DAG(s) dict_keys(['example_sla_dag']) retrieved from /home/airflow/.local/lib/python3.7/site-packages/airflow/example_dags/example_sla_dag.py
[2023-08-13T18:45:50.492+0000] {logging_mixin.py:150} INFO - [2023-08-13T18:45:50.492+0000] {dag.py:2742} INFO - Sync 1 DAGs
[2023-08-13T18:45:50.528+0000] {logging_mixin.py:150} INFO - [2023-08-13T18:45:50.528+0000] {dag.py:3508} INFO - Setting next_dagrun for example_sla_dag to 2023-08-13T18:42:00+00:00, run_after=2023-08-13T18:44:00+00:00
[2023-08-13T18:45:50.562+0000] {processor.py:179} INFO - Processing /home/airflow/.local/lib/python3.7/site-packages/airflow/example_dags/example_sla_dag.py took 0.108 seconds
[2023-08-13T18:46:20.649+0000] {processor.py:157} INFO - Started process (PID=706) to work on /home/airflow/.local/lib/python3.7/site-packages/airflow/example_dags/example_sla_dag.py
[2023-08-13T18:46:20.650+0000] {processor.py:826} INFO - Processing file /home/airflow/.local/lib/python3.7/site-packages/airflow/example_dags/example_sla_dag.py for tasks to queue
[2023-08-13T18:46:20.651+0000] {logging_mixin.py:150} INFO - [2023-08-13T18:46:20.651+0000] {dagbag.py:541} INFO - Filling up the DagBag from /home/airflow/.local/lib/python3.7/site-packages/airflow/example_dags/example_sla_dag.py
[2023-08-13T18:46:20.659+0000] {processor.py:836} INFO - DAG(s) dict_keys(['example_sla_dag']) retrieved from /home/airflow/.local/lib/python3.7/site-packages/airflow/example_dags/example_sla_dag.py
[2023-08-13T18:46:20.684+0000] {logging_mixin.py:150} INFO - [2023-08-13T18:46:20.684+0000] {dag.py:2742} INFO - Sync 1 DAGs
[2023-08-13T18:46:20.716+0000] {logging_mixin.py:150} INFO - [2023-08-13T18:46:20.715+0000] {dag.py:3508} INFO - Setting next_dagrun for example_sla_dag to 2023-08-13T18:44:00+00:00, run_after=2023-08-13T18:46:00+00:00
[2023-08-13T18:46:20.739+0000] {processor.py:179} INFO - Processing /home/airflow/.local/lib/python3.7/site-packages/airflow/example_dags/example_sla_dag.py took 0.094 seconds
[2023-08-13T18:46:51.168+0000] {processor.py:157} INFO - Started process (PID=771) to work on /home/airflow/.local/lib/python3.7/site-packages/airflow/example_dags/example_sla_dag.py
[2023-08-13T18:46:51.169+0000] {processor.py:826} INFO - Processing file /home/airflow/.local/lib/python3.7/site-packages/airflow/example_dags/example_sla_dag.py for tasks to queue
[2023-08-13T18:46:51.170+0000] {logging_mixin.py:150} INFO - [2023-08-13T18:46:51.170+0000] {dagbag.py:541} INFO - Filling up the DagBag from /home/airflow/.local/lib/python3.7/site-packages/airflow/example_dags/example_sla_dag.py
[2023-08-13T18:46:51.178+0000] {processor.py:836} INFO - DAG(s) dict_keys(['example_sla_dag']) retrieved from /home/airflow/.local/lib/python3.7/site-packages/airflow/example_dags/example_sla_dag.py
[2023-08-13T18:46:51.207+0000] {logging_mixin.py:150} INFO - [2023-08-13T18:46:51.206+0000] {dag.py:2742} INFO - Sync 1 DAGs
[2023-08-13T18:46:51.243+0000] {logging_mixin.py:150} INFO - [2023-08-13T18:46:51.243+0000] {dag.py:3508} INFO - Setting next_dagrun for example_sla_dag to 2023-08-13T18:44:00+00:00, run_after=2023-08-13T18:46:00+00:00
[2023-08-13T18:46:51.267+0000] {processor.py:179} INFO - Processing /home/airflow/.local/lib/python3.7/site-packages/airflow/example_dags/example_sla_dag.py took 0.102 seconds
[2023-08-13T18:47:22.096+0000] {processor.py:157} INFO - Started process (PID=837) to work on /home/airflow/.local/lib/python3.7/site-packages/airflow/example_dags/example_sla_dag.py
[2023-08-13T18:47:22.097+0000] {processor.py:826} INFO - Processing file /home/airflow/.local/lib/python3.7/site-packages/airflow/example_dags/example_sla_dag.py for tasks to queue
[2023-08-13T18:47:22.098+0000] {logging_mixin.py:150} INFO - [2023-08-13T18:47:22.098+0000] {dagbag.py:541} INFO - Filling up the DagBag from /home/airflow/.local/lib/python3.7/site-packages/airflow/example_dags/example_sla_dag.py
[2023-08-13T18:47:22.106+0000] {processor.py:836} INFO - DAG(s) dict_keys(['example_sla_dag']) retrieved from /home/airflow/.local/lib/python3.7/site-packages/airflow/example_dags/example_sla_dag.py
[2023-08-13T18:47:22.138+0000] {logging_mixin.py:150} INFO - [2023-08-13T18:47:22.137+0000] {dag.py:2742} INFO - Sync 1 DAGs
[2023-08-13T18:47:22.177+0000] {logging_mixin.py:150} INFO - [2023-08-13T18:47:22.176+0000] {dag.py:3508} INFO - Setting next_dagrun for example_sla_dag to 2023-08-13T18:44:00+00:00, run_after=2023-08-13T18:46:00+00:00
[2023-08-13T18:47:22.202+0000] {processor.py:179} INFO - Processing /home/airflow/.local/lib/python3.7/site-packages/airflow/example_dags/example_sla_dag.py took 0.110 seconds
[2023-08-13T18:47:52.542+0000] {processor.py:157} INFO - Started process (PID=902) to work on /home/airflow/.local/lib/python3.7/site-packages/airflow/example_dags/example_sla_dag.py
[2023-08-13T18:47:52.544+0000] {processor.py:826} INFO - Processing file /home/airflow/.local/lib/python3.7/site-packages/airflow/example_dags/example_sla_dag.py for tasks to queue
[2023-08-13T18:47:52.545+0000] {logging_mixin.py:150} INFO - [2023-08-13T18:47:52.544+0000] {dagbag.py:541} INFO - Filling up the DagBag from /home/airflow/.local/lib/python3.7/site-packages/airflow/example_dags/example_sla_dag.py
[2023-08-13T18:47:52.553+0000] {processor.py:836} INFO - DAG(s) dict_keys(['example_sla_dag']) retrieved from /home/airflow/.local/lib/python3.7/site-packages/airflow/example_dags/example_sla_dag.py
[2023-08-13T18:47:52.582+0000] {logging_mixin.py:150} INFO - [2023-08-13T18:47:52.582+0000] {dag.py:2742} INFO - Sync 1 DAGs
[2023-08-13T18:47:52.613+0000] {logging_mixin.py:150} INFO - [2023-08-13T18:47:52.613+0000] {dag.py:3508} INFO - Setting next_dagrun for example_sla_dag to 2023-08-13T18:44:00+00:00, run_after=2023-08-13T18:46:00+00:00
[2023-08-13T18:47:52.639+0000] {processor.py:179} INFO - Processing /home/airflow/.local/lib/python3.7/site-packages/airflow/example_dags/example_sla_dag.py took 0.101 seconds
[2023-08-13T18:48:22.961+0000] {processor.py:157} INFO - Started process (PID=967) to work on /home/airflow/.local/lib/python3.7/site-packages/airflow/example_dags/example_sla_dag.py
[2023-08-13T18:48:22.963+0000] {processor.py:826} INFO - Processing file /home/airflow/.local/lib/python3.7/site-packages/airflow/example_dags/example_sla_dag.py for tasks to queue
[2023-08-13T18:48:22.964+0000] {logging_mixin.py:150} INFO - [2023-08-13T18:48:22.964+0000] {dagbag.py:541} INFO - Filling up the DagBag from /home/airflow/.local/lib/python3.7/site-packages/airflow/example_dags/example_sla_dag.py
[2023-08-13T18:48:22.976+0000] {processor.py:836} INFO - DAG(s) dict_keys(['example_sla_dag']) retrieved from /home/airflow/.local/lib/python3.7/site-packages/airflow/example_dags/example_sla_dag.py
[2023-08-13T18:48:23.014+0000] {logging_mixin.py:150} INFO - [2023-08-13T18:48:23.014+0000] {dag.py:2742} INFO - Sync 1 DAGs
[2023-08-13T18:48:23.055+0000] {logging_mixin.py:150} INFO - [2023-08-13T18:48:23.055+0000] {dag.py:3508} INFO - Setting next_dagrun for example_sla_dag to 2023-08-13T18:46:00+00:00, run_after=2023-08-13T18:48:00+00:00
[2023-08-13T18:48:23.083+0000] {processor.py:179} INFO - Processing /home/airflow/.local/lib/python3.7/site-packages/airflow/example_dags/example_sla_dag.py took 0.126 seconds
[2023-08-13T18:48:53.617+0000] {processor.py:157} INFO - Started process (PID=1031) to work on /home/airflow/.local/lib/python3.7/site-packages/airflow/example_dags/example_sla_dag.py
[2023-08-13T18:48:53.618+0000] {processor.py:826} INFO - Processing file /home/airflow/.local/lib/python3.7/site-packages/airflow/example_dags/example_sla_dag.py for tasks to queue
[2023-08-13T18:48:53.619+0000] {logging_mixin.py:150} INFO - [2023-08-13T18:48:53.619+0000] {dagbag.py:541} INFO - Filling up the DagBag from /home/airflow/.local/lib/python3.7/site-packages/airflow/example_dags/example_sla_dag.py
[2023-08-13T18:48:53.627+0000] {processor.py:836} INFO - DAG(s) dict_keys(['example_sla_dag']) retrieved from /home/airflow/.local/lib/python3.7/site-packages/airflow/example_dags/example_sla_dag.py
[2023-08-13T18:48:53.653+0000] {logging_mixin.py:150} INFO - [2023-08-13T18:48:53.653+0000] {dag.py:2742} INFO - Sync 1 DAGs
[2023-08-13T18:48:53.696+0000] {logging_mixin.py:150} INFO - [2023-08-13T18:48:53.695+0000] {dag.py:3508} INFO - Setting next_dagrun for example_sla_dag to 2023-08-13T18:46:00+00:00, run_after=2023-08-13T18:48:00+00:00
[2023-08-13T18:48:53.723+0000] {processor.py:179} INFO - Processing /home/airflow/.local/lib/python3.7/site-packages/airflow/example_dags/example_sla_dag.py took 0.109 seconds
[2023-08-13T18:49:24.091+0000] {processor.py:157} INFO - Started process (PID=1096) to work on /home/airflow/.local/lib/python3.7/site-packages/airflow/example_dags/example_sla_dag.py
[2023-08-13T18:49:24.093+0000] {processor.py:826} INFO - Processing file /home/airflow/.local/lib/python3.7/site-packages/airflow/example_dags/example_sla_dag.py for tasks to queue
[2023-08-13T18:49:24.094+0000] {logging_mixin.py:150} INFO - [2023-08-13T18:49:24.094+0000] {dagbag.py:541} INFO - Filling up the DagBag from /home/airflow/.local/lib/python3.7/site-packages/airflow/example_dags/example_sla_dag.py
[2023-08-13T18:49:24.104+0000] {processor.py:836} INFO - DAG(s) dict_keys(['example_sla_dag']) retrieved from /home/airflow/.local/lib/python3.7/site-packages/airflow/example_dags/example_sla_dag.py
[2023-08-13T18:49:24.135+0000] {logging_mixin.py:150} INFO - [2023-08-13T18:49:24.135+0000] {dag.py:2742} INFO - Sync 1 DAGs
[2023-08-13T18:49:24.177+0000] {logging_mixin.py:150} INFO - [2023-08-13T18:49:24.176+0000] {dag.py:3508} INFO - Setting next_dagrun for example_sla_dag to 2023-08-13T18:46:00+00:00, run_after=2023-08-13T18:48:00+00:00
[2023-08-13T18:49:24.210+0000] {processor.py:179} INFO - Processing /home/airflow/.local/lib/python3.7/site-packages/airflow/example_dags/example_sla_dag.py took 0.122 seconds
[2023-08-13T18:49:54.664+0000] {processor.py:157} INFO - Started process (PID=1161) to work on /home/airflow/.local/lib/python3.7/site-packages/airflow/example_dags/example_sla_dag.py
[2023-08-13T18:49:54.667+0000] {processor.py:826} INFO - Processing file /home/airflow/.local/lib/python3.7/site-packages/airflow/example_dags/example_sla_dag.py for tasks to queue
[2023-08-13T18:49:54.669+0000] {logging_mixin.py:150} INFO - [2023-08-13T18:49:54.668+0000] {dagbag.py:541} INFO - Filling up the DagBag from /home/airflow/.local/lib/python3.7/site-packages/airflow/example_dags/example_sla_dag.py
[2023-08-13T18:49:54.683+0000] {processor.py:836} INFO - DAG(s) dict_keys(['example_sla_dag']) retrieved from /home/airflow/.local/lib/python3.7/site-packages/airflow/example_dags/example_sla_dag.py
[2023-08-13T18:49:54.714+0000] {logging_mixin.py:150} INFO - [2023-08-13T18:49:54.714+0000] {dag.py:2742} INFO - Sync 1 DAGs
[2023-08-13T18:49:54.770+0000] {logging_mixin.py:150} INFO - [2023-08-13T18:49:54.770+0000] {dag.py:3508} INFO - Setting next_dagrun for example_sla_dag to 2023-08-13T18:46:00+00:00, run_after=2023-08-13T18:48:00+00:00
[2023-08-13T18:49:54.814+0000] {processor.py:179} INFO - Processing /home/airflow/.local/lib/python3.7/site-packages/airflow/example_dags/example_sla_dag.py took 0.155 seconds
[2023-08-13T18:50:25.448+0000] {processor.py:157} INFO - Started process (PID=1226) to work on /home/airflow/.local/lib/python3.7/site-packages/airflow/example_dags/example_sla_dag.py
[2023-08-13T18:50:25.450+0000] {processor.py:826} INFO - Processing file /home/airflow/.local/lib/python3.7/site-packages/airflow/example_dags/example_sla_dag.py for tasks to queue
[2023-08-13T18:50:25.451+0000] {logging_mixin.py:150} INFO - [2023-08-13T18:50:25.451+0000] {dagbag.py:541} INFO - Filling up the DagBag from /home/airflow/.local/lib/python3.7/site-packages/airflow/example_dags/example_sla_dag.py
[2023-08-13T18:50:25.471+0000] {processor.py:836} INFO - DAG(s) dict_keys(['example_sla_dag']) retrieved from /home/airflow/.local/lib/python3.7/site-packages/airflow/example_dags/example_sla_dag.py
[2023-08-13T18:50:25.520+0000] {logging_mixin.py:150} INFO - [2023-08-13T18:50:25.520+0000] {dag.py:2742} INFO - Sync 1 DAGs
[2023-08-13T18:50:25.587+0000] {logging_mixin.py:150} INFO - [2023-08-13T18:50:25.586+0000] {dag.py:3508} INFO - Setting next_dagrun for example_sla_dag to 2023-08-13T18:48:00+00:00, run_after=2023-08-13T18:50:00+00:00
[2023-08-13T18:50:25.643+0000] {processor.py:179} INFO - Processing /home/airflow/.local/lib/python3.7/site-packages/airflow/example_dags/example_sla_dag.py took 0.201 seconds
