[2023-08-13T18:41:12.699+0000] {processor.py:157} INFO - Started process (PID=72) to work on /home/airflow/.local/lib/python3.7/site-packages/airflow/example_dags/example_xcomargs.py
[2023-08-13T18:41:12.701+0000] {processor.py:826} INFO - Processing file /home/airflow/.local/lib/python3.7/site-packages/airflow/example_dags/example_xcomargs.py for tasks to queue
[2023-08-13T18:41:12.702+0000] {logging_mixin.py:150} INFO - [2023-08-13T18:41:12.702+0000] {dagbag.py:541} INFO - Filling up the DagBag from /home/airflow/.local/lib/python3.7/site-packages/airflow/example_dags/example_xcomargs.py
[2023-08-13T18:41:12.715+0000] {processor.py:836} INFO - DAG(s) dict_keys(['example_xcom_args_with_operators', 'example_xcom_args']) retrieved from /home/airflow/.local/lib/python3.7/site-packages/airflow/example_dags/example_xcomargs.py
[2023-08-13T18:41:12.738+0000] {logging_mixin.py:150} INFO - [2023-08-13T18:41:12.737+0000] {dag.py:2742} INFO - Sync 2 DAGs
[2023-08-13T18:41:12.782+0000] {logging_mixin.py:150} INFO - [2023-08-13T18:41:12.782+0000] {dag.py:3508} INFO - Setting next_dagrun for example_xcom_args to None, run_after=None
[2023-08-13T18:41:12.788+0000] {logging_mixin.py:150} INFO - [2023-08-13T18:41:12.788+0000] {dag.py:3508} INFO - Setting next_dagrun for example_xcom_args_with_operators to None, run_after=None
[2023-08-13T18:41:12.821+0000] {processor.py:179} INFO - Processing /home/airflow/.local/lib/python3.7/site-packages/airflow/example_dags/example_xcomargs.py took 0.127 seconds
[2023-08-13T18:41:43.325+0000] {processor.py:157} INFO - Started process (PID=137) to work on /home/airflow/.local/lib/python3.7/site-packages/airflow/example_dags/example_xcomargs.py
[2023-08-13T18:41:43.326+0000] {processor.py:826} INFO - Processing file /home/airflow/.local/lib/python3.7/site-packages/airflow/example_dags/example_xcomargs.py for tasks to queue
[2023-08-13T18:41:43.327+0000] {logging_mixin.py:150} INFO - [2023-08-13T18:41:43.327+0000] {dagbag.py:541} INFO - Filling up the DagBag from /home/airflow/.local/lib/python3.7/site-packages/airflow/example_dags/example_xcomargs.py
[2023-08-13T18:41:43.334+0000] {processor.py:836} INFO - DAG(s) dict_keys(['example_xcom_args_with_operators', 'example_xcom_args']) retrieved from /home/airflow/.local/lib/python3.7/site-packages/airflow/example_dags/example_xcomargs.py
[2023-08-13T18:41:43.361+0000] {logging_mixin.py:150} INFO - [2023-08-13T18:41:43.361+0000] {dag.py:2742} INFO - Sync 2 DAGs
[2023-08-13T18:41:43.385+0000] {logging_mixin.py:150} INFO - [2023-08-13T18:41:43.385+0000] {dag.py:3508} INFO - Setting next_dagrun for example_xcom_args to None, run_after=None
[2023-08-13T18:41:43.390+0000] {logging_mixin.py:150} INFO - [2023-08-13T18:41:43.390+0000] {dag.py:3508} INFO - Setting next_dagrun for example_xcom_args_with_operators to None, run_after=None
[2023-08-13T18:41:43.409+0000] {processor.py:179} INFO - Processing /home/airflow/.local/lib/python3.7/site-packages/airflow/example_dags/example_xcomargs.py took 0.087 seconds
[2023-08-13T18:42:14.134+0000] {processor.py:157} INFO - Started process (PID=202) to work on /home/airflow/.local/lib/python3.7/site-packages/airflow/example_dags/example_xcomargs.py
[2023-08-13T18:42:14.135+0000] {processor.py:826} INFO - Processing file /home/airflow/.local/lib/python3.7/site-packages/airflow/example_dags/example_xcomargs.py for tasks to queue
[2023-08-13T18:42:14.136+0000] {logging_mixin.py:150} INFO - [2023-08-13T18:42:14.136+0000] {dagbag.py:541} INFO - Filling up the DagBag from /home/airflow/.local/lib/python3.7/site-packages/airflow/example_dags/example_xcomargs.py
[2023-08-13T18:42:14.144+0000] {processor.py:836} INFO - DAG(s) dict_keys(['example_xcom_args', 'example_xcom_args_with_operators']) retrieved from /home/airflow/.local/lib/python3.7/site-packages/airflow/example_dags/example_xcomargs.py
[2023-08-13T18:42:14.176+0000] {logging_mixin.py:150} INFO - [2023-08-13T18:42:14.176+0000] {dag.py:2742} INFO - Sync 2 DAGs
[2023-08-13T18:42:14.204+0000] {logging_mixin.py:150} INFO - [2023-08-13T18:42:14.204+0000] {dag.py:3508} INFO - Setting next_dagrun for example_xcom_args to None, run_after=None
[2023-08-13T18:42:14.209+0000] {logging_mixin.py:150} INFO - [2023-08-13T18:42:14.208+0000] {dag.py:3508} INFO - Setting next_dagrun for example_xcom_args_with_operators to None, run_after=None
[2023-08-13T18:42:14.230+0000] {processor.py:179} INFO - Processing /home/airflow/.local/lib/python3.7/site-packages/airflow/example_dags/example_xcomargs.py took 0.099 seconds
[2023-08-13T18:42:45.052+0000] {processor.py:157} INFO - Started process (PID=267) to work on /home/airflow/.local/lib/python3.7/site-packages/airflow/example_dags/example_xcomargs.py
[2023-08-13T18:42:45.053+0000] {processor.py:826} INFO - Processing file /home/airflow/.local/lib/python3.7/site-packages/airflow/example_dags/example_xcomargs.py for tasks to queue
[2023-08-13T18:42:45.054+0000] {logging_mixin.py:150} INFO - [2023-08-13T18:42:45.054+0000] {dagbag.py:541} INFO - Filling up the DagBag from /home/airflow/.local/lib/python3.7/site-packages/airflow/example_dags/example_xcomargs.py
[2023-08-13T18:42:45.065+0000] {processor.py:836} INFO - DAG(s) dict_keys(['example_xcom_args', 'example_xcom_args_with_operators']) retrieved from /home/airflow/.local/lib/python3.7/site-packages/airflow/example_dags/example_xcomargs.py
[2023-08-13T18:42:45.092+0000] {logging_mixin.py:150} INFO - [2023-08-13T18:42:45.092+0000] {dag.py:2742} INFO - Sync 2 DAGs
[2023-08-13T18:42:45.120+0000] {logging_mixin.py:150} INFO - [2023-08-13T18:42:45.119+0000] {dag.py:3508} INFO - Setting next_dagrun for example_xcom_args to None, run_after=None
[2023-08-13T18:42:45.124+0000] {logging_mixin.py:150} INFO - [2023-08-13T18:42:45.123+0000] {dag.py:3508} INFO - Setting next_dagrun for example_xcom_args_with_operators to None, run_after=None
[2023-08-13T18:42:45.145+0000] {processor.py:179} INFO - Processing /home/airflow/.local/lib/python3.7/site-packages/airflow/example_dags/example_xcomargs.py took 0.097 seconds
[2023-08-13T18:43:17.742+0000] {processor.py:157} INFO - Started process (PID=332) to work on /home/airflow/.local/lib/python3.7/site-packages/airflow/example_dags/example_xcomargs.py
[2023-08-13T18:43:17.744+0000] {processor.py:826} INFO - Processing file /home/airflow/.local/lib/python3.7/site-packages/airflow/example_dags/example_xcomargs.py for tasks to queue
[2023-08-13T18:43:17.746+0000] {logging_mixin.py:150} INFO - [2023-08-13T18:43:17.745+0000] {dagbag.py:541} INFO - Filling up the DagBag from /home/airflow/.local/lib/python3.7/site-packages/airflow/example_dags/example_xcomargs.py
[2023-08-13T18:43:17.761+0000] {processor.py:836} INFO - DAG(s) dict_keys(['example_xcom_args_with_operators', 'example_xcom_args']) retrieved from /home/airflow/.local/lib/python3.7/site-packages/airflow/example_dags/example_xcomargs.py
[2023-08-13T18:43:17.818+0000] {logging_mixin.py:150} INFO - [2023-08-13T18:43:17.817+0000] {dag.py:2742} INFO - Sync 2 DAGs
[2023-08-13T18:43:17.861+0000] {logging_mixin.py:150} INFO - [2023-08-13T18:43:17.861+0000] {dag.py:3508} INFO - Setting next_dagrun for example_xcom_args to None, run_after=None
[2023-08-13T18:43:17.867+0000] {logging_mixin.py:150} INFO - [2023-08-13T18:43:17.866+0000] {dag.py:3508} INFO - Setting next_dagrun for example_xcom_args_with_operators to None, run_after=None
[2023-08-13T18:43:17.905+0000] {processor.py:179} INFO - Processing /home/airflow/.local/lib/python3.7/site-packages/airflow/example_dags/example_xcomargs.py took 0.170 seconds
[2023-08-13T18:43:48.218+0000] {processor.py:157} INFO - Started process (PID=398) to work on /home/airflow/.local/lib/python3.7/site-packages/airflow/example_dags/example_xcomargs.py
[2023-08-13T18:43:48.220+0000] {processor.py:826} INFO - Processing file /home/airflow/.local/lib/python3.7/site-packages/airflow/example_dags/example_xcomargs.py for tasks to queue
[2023-08-13T18:43:48.221+0000] {logging_mixin.py:150} INFO - [2023-08-13T18:43:48.221+0000] {dagbag.py:541} INFO - Filling up the DagBag from /home/airflow/.local/lib/python3.7/site-packages/airflow/example_dags/example_xcomargs.py
[2023-08-13T18:43:48.235+0000] {processor.py:836} INFO - DAG(s) dict_keys(['example_xcom_args_with_operators', 'example_xcom_args']) retrieved from /home/airflow/.local/lib/python3.7/site-packages/airflow/example_dags/example_xcomargs.py
[2023-08-13T18:43:48.284+0000] {logging_mixin.py:150} INFO - [2023-08-13T18:43:48.283+0000] {dag.py:2742} INFO - Sync 2 DAGs
[2023-08-13T18:43:48.334+0000] {logging_mixin.py:150} INFO - [2023-08-13T18:43:48.333+0000] {dag.py:3508} INFO - Setting next_dagrun for example_xcom_args to None, run_after=None
[2023-08-13T18:43:48.342+0000] {logging_mixin.py:150} INFO - [2023-08-13T18:43:48.342+0000] {dag.py:3508} INFO - Setting next_dagrun for example_xcom_args_with_operators to None, run_after=None
[2023-08-13T18:43:48.378+0000] {processor.py:179} INFO - Processing /home/airflow/.local/lib/python3.7/site-packages/airflow/example_dags/example_xcomargs.py took 0.165 seconds
[2023-08-13T18:44:19.278+0000] {processor.py:157} INFO - Started process (PID=462) to work on /home/airflow/.local/lib/python3.7/site-packages/airflow/example_dags/example_xcomargs.py
[2023-08-13T18:44:19.280+0000] {processor.py:826} INFO - Processing file /home/airflow/.local/lib/python3.7/site-packages/airflow/example_dags/example_xcomargs.py for tasks to queue
[2023-08-13T18:44:19.281+0000] {logging_mixin.py:150} INFO - [2023-08-13T18:44:19.281+0000] {dagbag.py:541} INFO - Filling up the DagBag from /home/airflow/.local/lib/python3.7/site-packages/airflow/example_dags/example_xcomargs.py
[2023-08-13T18:44:19.296+0000] {processor.py:836} INFO - DAG(s) dict_keys(['example_xcom_args', 'example_xcom_args_with_operators']) retrieved from /home/airflow/.local/lib/python3.7/site-packages/airflow/example_dags/example_xcomargs.py
[2023-08-13T18:44:19.337+0000] {logging_mixin.py:150} INFO - [2023-08-13T18:44:19.337+0000] {dag.py:2742} INFO - Sync 2 DAGs
[2023-08-13T18:44:19.374+0000] {logging_mixin.py:150} INFO - [2023-08-13T18:44:19.374+0000] {dag.py:3508} INFO - Setting next_dagrun for example_xcom_args to None, run_after=None
[2023-08-13T18:44:19.380+0000] {logging_mixin.py:150} INFO - [2023-08-13T18:44:19.379+0000] {dag.py:3508} INFO - Setting next_dagrun for example_xcom_args_with_operators to None, run_after=None
[2023-08-13T18:44:19.405+0000] {processor.py:179} INFO - Processing /home/airflow/.local/lib/python3.7/site-packages/airflow/example_dags/example_xcomargs.py took 0.132 seconds
[2023-08-13T18:44:50.255+0000] {processor.py:157} INFO - Started process (PID=527) to work on /home/airflow/.local/lib/python3.7/site-packages/airflow/example_dags/example_xcomargs.py
[2023-08-13T18:44:50.257+0000] {processor.py:826} INFO - Processing file /home/airflow/.local/lib/python3.7/site-packages/airflow/example_dags/example_xcomargs.py for tasks to queue
[2023-08-13T18:44:50.258+0000] {logging_mixin.py:150} INFO - [2023-08-13T18:44:50.258+0000] {dagbag.py:541} INFO - Filling up the DagBag from /home/airflow/.local/lib/python3.7/site-packages/airflow/example_dags/example_xcomargs.py
[2023-08-13T18:44:50.271+0000] {processor.py:836} INFO - DAG(s) dict_keys(['example_xcom_args_with_operators', 'example_xcom_args']) retrieved from /home/airflow/.local/lib/python3.7/site-packages/airflow/example_dags/example_xcomargs.py
[2023-08-13T18:44:50.308+0000] {logging_mixin.py:150} INFO - [2023-08-13T18:44:50.307+0000] {dag.py:2742} INFO - Sync 2 DAGs
[2023-08-13T18:44:50.346+0000] {logging_mixin.py:150} INFO - [2023-08-13T18:44:50.346+0000] {dag.py:3508} INFO - Setting next_dagrun for example_xcom_args to None, run_after=None
[2023-08-13T18:44:50.352+0000] {logging_mixin.py:150} INFO - [2023-08-13T18:44:50.351+0000] {dag.py:3508} INFO - Setting next_dagrun for example_xcom_args_with_operators to None, run_after=None
[2023-08-13T18:44:50.379+0000] {processor.py:179} INFO - Processing /home/airflow/.local/lib/python3.7/site-packages/airflow/example_dags/example_xcomargs.py took 0.129 seconds
[2023-08-13T18:45:23.919+0000] {processor.py:157} INFO - Started process (PID=592) to work on /home/airflow/.local/lib/python3.7/site-packages/airflow/example_dags/example_xcomargs.py
[2023-08-13T18:45:23.920+0000] {processor.py:826} INFO - Processing file /home/airflow/.local/lib/python3.7/site-packages/airflow/example_dags/example_xcomargs.py for tasks to queue
[2023-08-13T18:45:23.922+0000] {logging_mixin.py:150} INFO - [2023-08-13T18:45:23.921+0000] {dagbag.py:541} INFO - Filling up the DagBag from /home/airflow/.local/lib/python3.7/site-packages/airflow/example_dags/example_xcomargs.py
[2023-08-13T18:45:23.934+0000] {processor.py:836} INFO - DAG(s) dict_keys(['example_xcom_args', 'example_xcom_args_with_operators']) retrieved from /home/airflow/.local/lib/python3.7/site-packages/airflow/example_dags/example_xcomargs.py
[2023-08-13T18:45:23.974+0000] {logging_mixin.py:150} INFO - [2023-08-13T18:45:23.974+0000] {dag.py:2742} INFO - Sync 2 DAGs
[2023-08-13T18:45:24.018+0000] {logging_mixin.py:150} INFO - [2023-08-13T18:45:24.018+0000] {dag.py:3508} INFO - Setting next_dagrun for example_xcom_args to None, run_after=None
[2023-08-13T18:45:24.025+0000] {logging_mixin.py:150} INFO - [2023-08-13T18:45:24.024+0000] {dag.py:3508} INFO - Setting next_dagrun for example_xcom_args_with_operators to None, run_after=None
[2023-08-13T18:45:24.053+0000] {processor.py:179} INFO - Processing /home/airflow/.local/lib/python3.7/site-packages/airflow/example_dags/example_xcomargs.py took 0.138 seconds
[2023-08-13T18:45:54.857+0000] {processor.py:157} INFO - Started process (PID=657) to work on /home/airflow/.local/lib/python3.7/site-packages/airflow/example_dags/example_xcomargs.py
[2023-08-13T18:45:54.858+0000] {processor.py:826} INFO - Processing file /home/airflow/.local/lib/python3.7/site-packages/airflow/example_dags/example_xcomargs.py for tasks to queue
[2023-08-13T18:45:54.860+0000] {logging_mixin.py:150} INFO - [2023-08-13T18:45:54.859+0000] {dagbag.py:541} INFO - Filling up the DagBag from /home/airflow/.local/lib/python3.7/site-packages/airflow/example_dags/example_xcomargs.py
[2023-08-13T18:45:54.869+0000] {processor.py:836} INFO - DAG(s) dict_keys(['example_xcom_args', 'example_xcom_args_with_operators']) retrieved from /home/airflow/.local/lib/python3.7/site-packages/airflow/example_dags/example_xcomargs.py
[2023-08-13T18:45:54.908+0000] {logging_mixin.py:150} INFO - [2023-08-13T18:45:54.908+0000] {dag.py:2742} INFO - Sync 2 DAGs
[2023-08-13T18:45:54.949+0000] {logging_mixin.py:150} INFO - [2023-08-13T18:45:54.948+0000] {dag.py:3508} INFO - Setting next_dagrun for example_xcom_args to None, run_after=None
[2023-08-13T18:45:54.955+0000] {logging_mixin.py:150} INFO - [2023-08-13T18:45:54.955+0000] {dag.py:3508} INFO - Setting next_dagrun for example_xcom_args_with_operators to None, run_after=None
[2023-08-13T18:45:54.988+0000] {processor.py:179} INFO - Processing /home/airflow/.local/lib/python3.7/site-packages/airflow/example_dags/example_xcomargs.py took 0.136 seconds
[2023-08-13T18:46:25.140+0000] {processor.py:157} INFO - Started process (PID=722) to work on /home/airflow/.local/lib/python3.7/site-packages/airflow/example_dags/example_xcomargs.py
[2023-08-13T18:46:25.141+0000] {processor.py:826} INFO - Processing file /home/airflow/.local/lib/python3.7/site-packages/airflow/example_dags/example_xcomargs.py for tasks to queue
[2023-08-13T18:46:25.143+0000] {logging_mixin.py:150} INFO - [2023-08-13T18:46:25.142+0000] {dagbag.py:541} INFO - Filling up the DagBag from /home/airflow/.local/lib/python3.7/site-packages/airflow/example_dags/example_xcomargs.py
[2023-08-13T18:46:25.152+0000] {processor.py:836} INFO - DAG(s) dict_keys(['example_xcom_args', 'example_xcom_args_with_operators']) retrieved from /home/airflow/.local/lib/python3.7/site-packages/airflow/example_dags/example_xcomargs.py
[2023-08-13T18:46:25.183+0000] {logging_mixin.py:150} INFO - [2023-08-13T18:46:25.183+0000] {dag.py:2742} INFO - Sync 2 DAGs
[2023-08-13T18:46:25.214+0000] {logging_mixin.py:150} INFO - [2023-08-13T18:46:25.213+0000] {dag.py:3508} INFO - Setting next_dagrun for example_xcom_args to None, run_after=None
[2023-08-13T18:46:25.218+0000] {logging_mixin.py:150} INFO - [2023-08-13T18:46:25.218+0000] {dag.py:3508} INFO - Setting next_dagrun for example_xcom_args_with_operators to None, run_after=None
[2023-08-13T18:46:25.246+0000] {processor.py:179} INFO - Processing /home/airflow/.local/lib/python3.7/site-packages/airflow/example_dags/example_xcomargs.py took 0.108 seconds
[2023-08-13T18:46:55.370+0000] {processor.py:157} INFO - Started process (PID=786) to work on /home/airflow/.local/lib/python3.7/site-packages/airflow/example_dags/example_xcomargs.py
[2023-08-13T18:46:55.372+0000] {processor.py:826} INFO - Processing file /home/airflow/.local/lib/python3.7/site-packages/airflow/example_dags/example_xcomargs.py for tasks to queue
[2023-08-13T18:46:55.374+0000] {logging_mixin.py:150} INFO - [2023-08-13T18:46:55.373+0000] {dagbag.py:541} INFO - Filling up the DagBag from /home/airflow/.local/lib/python3.7/site-packages/airflow/example_dags/example_xcomargs.py
[2023-08-13T18:46:55.383+0000] {processor.py:836} INFO - DAG(s) dict_keys(['example_xcom_args_with_operators', 'example_xcom_args']) retrieved from /home/airflow/.local/lib/python3.7/site-packages/airflow/example_dags/example_xcomargs.py
[2023-08-13T18:46:55.419+0000] {logging_mixin.py:150} INFO - [2023-08-13T18:46:55.418+0000] {dag.py:2742} INFO - Sync 2 DAGs
[2023-08-13T18:46:55.460+0000] {logging_mixin.py:150} INFO - [2023-08-13T18:46:55.459+0000] {dag.py:3508} INFO - Setting next_dagrun for example_xcom_args to None, run_after=None
[2023-08-13T18:46:55.466+0000] {logging_mixin.py:150} INFO - [2023-08-13T18:46:55.466+0000] {dag.py:3508} INFO - Setting next_dagrun for example_xcom_args_with_operators to None, run_after=None
[2023-08-13T18:46:55.505+0000] {processor.py:179} INFO - Processing /home/airflow/.local/lib/python3.7/site-packages/airflow/example_dags/example_xcomargs.py took 0.137 seconds
[2023-08-13T18:47:26.358+0000] {processor.py:157} INFO - Started process (PID=852) to work on /home/airflow/.local/lib/python3.7/site-packages/airflow/example_dags/example_xcomargs.py
[2023-08-13T18:47:26.359+0000] {processor.py:826} INFO - Processing file /home/airflow/.local/lib/python3.7/site-packages/airflow/example_dags/example_xcomargs.py for tasks to queue
[2023-08-13T18:47:26.361+0000] {logging_mixin.py:150} INFO - [2023-08-13T18:47:26.360+0000] {dagbag.py:541} INFO - Filling up the DagBag from /home/airflow/.local/lib/python3.7/site-packages/airflow/example_dags/example_xcomargs.py
[2023-08-13T18:47:26.370+0000] {processor.py:836} INFO - DAG(s) dict_keys(['example_xcom_args_with_operators', 'example_xcom_args']) retrieved from /home/airflow/.local/lib/python3.7/site-packages/airflow/example_dags/example_xcomargs.py
[2023-08-13T18:47:26.405+0000] {logging_mixin.py:150} INFO - [2023-08-13T18:47:26.405+0000] {dag.py:2742} INFO - Sync 2 DAGs
[2023-08-13T18:47:26.448+0000] {logging_mixin.py:150} INFO - [2023-08-13T18:47:26.448+0000] {dag.py:3508} INFO - Setting next_dagrun for example_xcom_args to None, run_after=None
[2023-08-13T18:47:26.453+0000] {logging_mixin.py:150} INFO - [2023-08-13T18:47:26.453+0000] {dag.py:3508} INFO - Setting next_dagrun for example_xcom_args_with_operators to None, run_after=None
[2023-08-13T18:47:26.478+0000] {processor.py:179} INFO - Processing /home/airflow/.local/lib/python3.7/site-packages/airflow/example_dags/example_xcomargs.py took 0.125 seconds
[2023-08-13T18:47:57.135+0000] {processor.py:157} INFO - Started process (PID=917) to work on /home/airflow/.local/lib/python3.7/site-packages/airflow/example_dags/example_xcomargs.py
[2023-08-13T18:47:57.137+0000] {processor.py:826} INFO - Processing file /home/airflow/.local/lib/python3.7/site-packages/airflow/example_dags/example_xcomargs.py for tasks to queue
[2023-08-13T18:47:57.139+0000] {logging_mixin.py:150} INFO - [2023-08-13T18:47:57.139+0000] {dagbag.py:541} INFO - Filling up the DagBag from /home/airflow/.local/lib/python3.7/site-packages/airflow/example_dags/example_xcomargs.py
[2023-08-13T18:47:57.152+0000] {processor.py:836} INFO - DAG(s) dict_keys(['example_xcom_args_with_operators', 'example_xcom_args']) retrieved from /home/airflow/.local/lib/python3.7/site-packages/airflow/example_dags/example_xcomargs.py
[2023-08-13T18:47:57.191+0000] {logging_mixin.py:150} INFO - [2023-08-13T18:47:57.191+0000] {dag.py:2742} INFO - Sync 2 DAGs
[2023-08-13T18:47:57.237+0000] {logging_mixin.py:150} INFO - [2023-08-13T18:47:57.237+0000] {dag.py:3508} INFO - Setting next_dagrun for example_xcom_args to None, run_after=None
[2023-08-13T18:47:57.242+0000] {logging_mixin.py:150} INFO - [2023-08-13T18:47:57.242+0000] {dag.py:3508} INFO - Setting next_dagrun for example_xcom_args_with_operators to None, run_after=None
[2023-08-13T18:47:57.269+0000] {processor.py:179} INFO - Processing /home/airflow/.local/lib/python3.7/site-packages/airflow/example_dags/example_xcomargs.py took 0.138 seconds
[2023-08-13T18:48:27.719+0000] {processor.py:157} INFO - Started process (PID=982) to work on /home/airflow/.local/lib/python3.7/site-packages/airflow/example_dags/example_xcomargs.py
[2023-08-13T18:48:27.720+0000] {processor.py:826} INFO - Processing file /home/airflow/.local/lib/python3.7/site-packages/airflow/example_dags/example_xcomargs.py for tasks to queue
[2023-08-13T18:48:27.721+0000] {logging_mixin.py:150} INFO - [2023-08-13T18:48:27.721+0000] {dagbag.py:541} INFO - Filling up the DagBag from /home/airflow/.local/lib/python3.7/site-packages/airflow/example_dags/example_xcomargs.py
[2023-08-13T18:48:27.730+0000] {processor.py:836} INFO - DAG(s) dict_keys(['example_xcom_args', 'example_xcom_args_with_operators']) retrieved from /home/airflow/.local/lib/python3.7/site-packages/airflow/example_dags/example_xcomargs.py
[2023-08-13T18:48:27.758+0000] {logging_mixin.py:150} INFO - [2023-08-13T18:48:27.757+0000] {dag.py:2742} INFO - Sync 2 DAGs
[2023-08-13T18:48:27.790+0000] {logging_mixin.py:150} INFO - [2023-08-13T18:48:27.789+0000] {dag.py:3508} INFO - Setting next_dagrun for example_xcom_args to None, run_after=None
[2023-08-13T18:48:27.795+0000] {logging_mixin.py:150} INFO - [2023-08-13T18:48:27.795+0000] {dag.py:3508} INFO - Setting next_dagrun for example_xcom_args_with_operators to None, run_after=None
[2023-08-13T18:48:27.817+0000] {processor.py:179} INFO - Processing /home/airflow/.local/lib/python3.7/site-packages/airflow/example_dags/example_xcomargs.py took 0.101 seconds
[2023-08-13T18:48:57.884+0000] {processor.py:157} INFO - Started process (PID=1047) to work on /home/airflow/.local/lib/python3.7/site-packages/airflow/example_dags/example_xcomargs.py
[2023-08-13T18:48:57.886+0000] {processor.py:826} INFO - Processing file /home/airflow/.local/lib/python3.7/site-packages/airflow/example_dags/example_xcomargs.py for tasks to queue
[2023-08-13T18:48:57.887+0000] {logging_mixin.py:150} INFO - [2023-08-13T18:48:57.887+0000] {dagbag.py:541} INFO - Filling up the DagBag from /home/airflow/.local/lib/python3.7/site-packages/airflow/example_dags/example_xcomargs.py
[2023-08-13T18:48:57.895+0000] {processor.py:836} INFO - DAG(s) dict_keys(['example_xcom_args_with_operators', 'example_xcom_args']) retrieved from /home/airflow/.local/lib/python3.7/site-packages/airflow/example_dags/example_xcomargs.py
[2023-08-13T18:48:57.926+0000] {logging_mixin.py:150} INFO - [2023-08-13T18:48:57.925+0000] {dag.py:2742} INFO - Sync 2 DAGs
[2023-08-13T18:48:57.953+0000] {logging_mixin.py:150} INFO - [2023-08-13T18:48:57.952+0000] {dag.py:3508} INFO - Setting next_dagrun for example_xcom_args to None, run_after=None
[2023-08-13T18:48:57.958+0000] {logging_mixin.py:150} INFO - [2023-08-13T18:48:57.957+0000] {dag.py:3508} INFO - Setting next_dagrun for example_xcom_args_with_operators to None, run_after=None
[2023-08-13T18:48:57.980+0000] {processor.py:179} INFO - Processing /home/airflow/.local/lib/python3.7/site-packages/airflow/example_dags/example_xcomargs.py took 0.099 seconds
[2023-08-13T18:49:28.624+0000] {processor.py:157} INFO - Started process (PID=1112) to work on /home/airflow/.local/lib/python3.7/site-packages/airflow/example_dags/example_xcomargs.py
[2023-08-13T18:49:28.626+0000] {processor.py:826} INFO - Processing file /home/airflow/.local/lib/python3.7/site-packages/airflow/example_dags/example_xcomargs.py for tasks to queue
[2023-08-13T18:49:28.627+0000] {logging_mixin.py:150} INFO - [2023-08-13T18:49:28.627+0000] {dagbag.py:541} INFO - Filling up the DagBag from /home/airflow/.local/lib/python3.7/site-packages/airflow/example_dags/example_xcomargs.py
[2023-08-13T18:49:28.637+0000] {processor.py:836} INFO - DAG(s) dict_keys(['example_xcom_args_with_operators', 'example_xcom_args']) retrieved from /home/airflow/.local/lib/python3.7/site-packages/airflow/example_dags/example_xcomargs.py
[2023-08-13T18:49:28.681+0000] {logging_mixin.py:150} INFO - [2023-08-13T18:49:28.680+0000] {dag.py:2742} INFO - Sync 2 DAGs
[2023-08-13T18:49:28.729+0000] {logging_mixin.py:150} INFO - [2023-08-13T18:49:28.728+0000] {dag.py:3508} INFO - Setting next_dagrun for example_xcom_args to None, run_after=None
[2023-08-13T18:49:28.736+0000] {logging_mixin.py:150} INFO - [2023-08-13T18:49:28.736+0000] {dag.py:3508} INFO - Setting next_dagrun for example_xcom_args_with_operators to None, run_after=None
[2023-08-13T18:49:28.770+0000] {processor.py:179} INFO - Processing /home/airflow/.local/lib/python3.7/site-packages/airflow/example_dags/example_xcomargs.py took 0.150 seconds
[2023-08-13T18:49:59.546+0000] {processor.py:157} INFO - Started process (PID=1184) to work on /home/airflow/.local/lib/python3.7/site-packages/airflow/example_dags/example_xcomargs.py
[2023-08-13T18:49:59.548+0000] {processor.py:826} INFO - Processing file /home/airflow/.local/lib/python3.7/site-packages/airflow/example_dags/example_xcomargs.py for tasks to queue
[2023-08-13T18:49:59.549+0000] {logging_mixin.py:150} INFO - [2023-08-13T18:49:59.549+0000] {dagbag.py:541} INFO - Filling up the DagBag from /home/airflow/.local/lib/python3.7/site-packages/airflow/example_dags/example_xcomargs.py
[2023-08-13T18:49:59.561+0000] {processor.py:836} INFO - DAG(s) dict_keys(['example_xcom_args', 'example_xcom_args_with_operators']) retrieved from /home/airflow/.local/lib/python3.7/site-packages/airflow/example_dags/example_xcomargs.py
[2023-08-13T18:49:59.594+0000] {logging_mixin.py:150} INFO - [2023-08-13T18:49:59.593+0000] {dag.py:2742} INFO - Sync 2 DAGs
[2023-08-13T18:49:59.636+0000] {logging_mixin.py:150} INFO - [2023-08-13T18:49:59.635+0000] {dag.py:3508} INFO - Setting next_dagrun for example_xcom_args to None, run_after=None
[2023-08-13T18:49:59.642+0000] {logging_mixin.py:150} INFO - [2023-08-13T18:49:59.642+0000] {dag.py:3508} INFO - Setting next_dagrun for example_xcom_args_with_operators to None, run_after=None
[2023-08-13T18:49:59.674+0000] {processor.py:179} INFO - Processing /home/airflow/.local/lib/python3.7/site-packages/airflow/example_dags/example_xcomargs.py took 0.131 seconds
[2023-08-13T19:58:41.649+0000] {processor.py:157} INFO - Started process (PID=73) to work on /home/airflow/.local/lib/python3.7/site-packages/airflow/example_dags/example_xcomargs.py
[2023-08-13T19:58:41.651+0000] {processor.py:826} INFO - Processing file /home/airflow/.local/lib/python3.7/site-packages/airflow/example_dags/example_xcomargs.py for tasks to queue
[2023-08-13T19:58:41.653+0000] {logging_mixin.py:150} INFO - [2023-08-13T19:58:41.652+0000] {dagbag.py:541} INFO - Filling up the DagBag from /home/airflow/.local/lib/python3.7/site-packages/airflow/example_dags/example_xcomargs.py
[2023-08-13T19:58:41.670+0000] {processor.py:836} INFO - DAG(s) dict_keys(['example_xcom_args', 'example_xcom_args_with_operators']) retrieved from /home/airflow/.local/lib/python3.7/site-packages/airflow/example_dags/example_xcomargs.py
[2023-08-13T19:58:41.692+0000] {logging_mixin.py:150} INFO - [2023-08-13T19:58:41.692+0000] {dag.py:2742} INFO - Sync 2 DAGs
[2023-08-13T19:58:41.736+0000] {logging_mixin.py:150} INFO - [2023-08-13T19:58:41.735+0000] {dag.py:3508} INFO - Setting next_dagrun for example_xcom_args to None, run_after=None
[2023-08-13T19:58:41.743+0000] {logging_mixin.py:150} INFO - [2023-08-13T19:58:41.742+0000] {dag.py:3508} INFO - Setting next_dagrun for example_xcom_args_with_operators to None, run_after=None
[2023-08-13T19:58:41.771+0000] {processor.py:179} INFO - Processing /home/airflow/.local/lib/python3.7/site-packages/airflow/example_dags/example_xcomargs.py took 0.126 seconds
[2023-08-13T19:59:12.302+0000] {processor.py:157} INFO - Started process (PID=139) to work on /home/airflow/.local/lib/python3.7/site-packages/airflow/example_dags/example_xcomargs.py
[2023-08-13T19:59:12.304+0000] {processor.py:826} INFO - Processing file /home/airflow/.local/lib/python3.7/site-packages/airflow/example_dags/example_xcomargs.py for tasks to queue
[2023-08-13T19:59:12.305+0000] {logging_mixin.py:150} INFO - [2023-08-13T19:59:12.304+0000] {dagbag.py:541} INFO - Filling up the DagBag from /home/airflow/.local/lib/python3.7/site-packages/airflow/example_dags/example_xcomargs.py
[2023-08-13T19:59:12.316+0000] {processor.py:836} INFO - DAG(s) dict_keys(['example_xcom_args_with_operators', 'example_xcom_args']) retrieved from /home/airflow/.local/lib/python3.7/site-packages/airflow/example_dags/example_xcomargs.py
[2023-08-13T19:59:12.353+0000] {logging_mixin.py:150} INFO - [2023-08-13T19:59:12.353+0000] {dag.py:2742} INFO - Sync 2 DAGs
[2023-08-13T19:59:12.381+0000] {logging_mixin.py:150} INFO - [2023-08-13T19:59:12.381+0000] {dag.py:3508} INFO - Setting next_dagrun for example_xcom_args to None, run_after=None
[2023-08-13T19:59:12.386+0000] {logging_mixin.py:150} INFO - [2023-08-13T19:59:12.385+0000] {dag.py:3508} INFO - Setting next_dagrun for example_xcom_args_with_operators to None, run_after=None
[2023-08-13T19:59:12.407+0000] {processor.py:179} INFO - Processing /home/airflow/.local/lib/python3.7/site-packages/airflow/example_dags/example_xcomargs.py took 0.109 seconds
[2023-08-13T19:59:43.259+0000] {processor.py:157} INFO - Started process (PID=205) to work on /home/airflow/.local/lib/python3.7/site-packages/airflow/example_dags/example_xcomargs.py
[2023-08-13T19:59:43.261+0000] {processor.py:826} INFO - Processing file /home/airflow/.local/lib/python3.7/site-packages/airflow/example_dags/example_xcomargs.py for tasks to queue
[2023-08-13T19:59:43.263+0000] {logging_mixin.py:150} INFO - [2023-08-13T19:59:43.262+0000] {dagbag.py:541} INFO - Filling up the DagBag from /home/airflow/.local/lib/python3.7/site-packages/airflow/example_dags/example_xcomargs.py
[2023-08-13T19:59:43.278+0000] {processor.py:836} INFO - DAG(s) dict_keys(['example_xcom_args_with_operators', 'example_xcom_args']) retrieved from /home/airflow/.local/lib/python3.7/site-packages/airflow/example_dags/example_xcomargs.py
[2023-08-13T19:59:43.321+0000] {logging_mixin.py:150} INFO - [2023-08-13T19:59:43.321+0000] {dag.py:2742} INFO - Sync 2 DAGs
[2023-08-13T19:59:43.362+0000] {logging_mixin.py:150} INFO - [2023-08-13T19:59:43.362+0000] {dag.py:3508} INFO - Setting next_dagrun for example_xcom_args to None, run_after=None
[2023-08-13T19:59:43.367+0000] {logging_mixin.py:150} INFO - [2023-08-13T19:59:43.366+0000] {dag.py:3508} INFO - Setting next_dagrun for example_xcom_args_with_operators to None, run_after=None
[2023-08-13T19:59:43.387+0000] {processor.py:179} INFO - Processing /home/airflow/.local/lib/python3.7/site-packages/airflow/example_dags/example_xcomargs.py took 0.134 seconds
[2023-08-13T20:00:14.000+0000] {processor.py:157} INFO - Started process (PID=271) to work on /home/airflow/.local/lib/python3.7/site-packages/airflow/example_dags/example_xcomargs.py
[2023-08-13T20:00:14.002+0000] {processor.py:826} INFO - Processing file /home/airflow/.local/lib/python3.7/site-packages/airflow/example_dags/example_xcomargs.py for tasks to queue
[2023-08-13T20:00:14.003+0000] {logging_mixin.py:150} INFO - [2023-08-13T20:00:14.003+0000] {dagbag.py:541} INFO - Filling up the DagBag from /home/airflow/.local/lib/python3.7/site-packages/airflow/example_dags/example_xcomargs.py
[2023-08-13T20:00:14.018+0000] {processor.py:836} INFO - DAG(s) dict_keys(['example_xcom_args', 'example_xcom_args_with_operators']) retrieved from /home/airflow/.local/lib/python3.7/site-packages/airflow/example_dags/example_xcomargs.py
[2023-08-13T20:00:14.055+0000] {logging_mixin.py:150} INFO - [2023-08-13T20:00:14.055+0000] {dag.py:2742} INFO - Sync 2 DAGs
[2023-08-13T20:00:14.092+0000] {logging_mixin.py:150} INFO - [2023-08-13T20:00:14.092+0000] {dag.py:3508} INFO - Setting next_dagrun for example_xcom_args to None, run_after=None
[2023-08-13T20:00:14.097+0000] {logging_mixin.py:150} INFO - [2023-08-13T20:00:14.097+0000] {dag.py:3508} INFO - Setting next_dagrun for example_xcom_args_with_operators to None, run_after=None
[2023-08-13T20:00:14.124+0000] {processor.py:179} INFO - Processing /home/airflow/.local/lib/python3.7/site-packages/airflow/example_dags/example_xcomargs.py took 0.129 seconds
[2023-08-13T20:00:44.812+0000] {processor.py:157} INFO - Started process (PID=337) to work on /home/airflow/.local/lib/python3.7/site-packages/airflow/example_dags/example_xcomargs.py
[2023-08-13T20:00:44.814+0000] {processor.py:826} INFO - Processing file /home/airflow/.local/lib/python3.7/site-packages/airflow/example_dags/example_xcomargs.py for tasks to queue
[2023-08-13T20:00:44.815+0000] {logging_mixin.py:150} INFO - [2023-08-13T20:00:44.815+0000] {dagbag.py:541} INFO - Filling up the DagBag from /home/airflow/.local/lib/python3.7/site-packages/airflow/example_dags/example_xcomargs.py
[2023-08-13T20:00:44.829+0000] {processor.py:836} INFO - DAG(s) dict_keys(['example_xcom_args', 'example_xcom_args_with_operators']) retrieved from /home/airflow/.local/lib/python3.7/site-packages/airflow/example_dags/example_xcomargs.py
[2023-08-13T20:00:44.872+0000] {logging_mixin.py:150} INFO - [2023-08-13T20:00:44.872+0000] {dag.py:2742} INFO - Sync 2 DAGs
[2023-08-13T20:00:44.914+0000] {logging_mixin.py:150} INFO - [2023-08-13T20:00:44.914+0000] {dag.py:3508} INFO - Setting next_dagrun for example_xcom_args to None, run_after=None
[2023-08-13T20:00:44.920+0000] {logging_mixin.py:150} INFO - [2023-08-13T20:00:44.920+0000] {dag.py:3508} INFO - Setting next_dagrun for example_xcom_args_with_operators to None, run_after=None
[2023-08-13T20:00:44.948+0000] {processor.py:179} INFO - Processing /home/airflow/.local/lib/python3.7/site-packages/airflow/example_dags/example_xcomargs.py took 0.141 seconds
[2023-08-13T20:01:15.769+0000] {processor.py:157} INFO - Started process (PID=403) to work on /home/airflow/.local/lib/python3.7/site-packages/airflow/example_dags/example_xcomargs.py
[2023-08-13T20:01:15.770+0000] {processor.py:826} INFO - Processing file /home/airflow/.local/lib/python3.7/site-packages/airflow/example_dags/example_xcomargs.py for tasks to queue
[2023-08-13T20:01:15.771+0000] {logging_mixin.py:150} INFO - [2023-08-13T20:01:15.771+0000] {dagbag.py:541} INFO - Filling up the DagBag from /home/airflow/.local/lib/python3.7/site-packages/airflow/example_dags/example_xcomargs.py
[2023-08-13T20:01:15.781+0000] {processor.py:836} INFO - DAG(s) dict_keys(['example_xcom_args', 'example_xcom_args_with_operators']) retrieved from /home/airflow/.local/lib/python3.7/site-packages/airflow/example_dags/example_xcomargs.py
[2023-08-13T20:01:15.820+0000] {logging_mixin.py:150} INFO - [2023-08-13T20:01:15.819+0000] {dag.py:2742} INFO - Sync 2 DAGs
[2023-08-13T20:01:15.861+0000] {logging_mixin.py:150} INFO - [2023-08-13T20:01:15.861+0000] {dag.py:3508} INFO - Setting next_dagrun for example_xcom_args to None, run_after=None
[2023-08-13T20:01:15.867+0000] {logging_mixin.py:150} INFO - [2023-08-13T20:01:15.867+0000] {dag.py:3508} INFO - Setting next_dagrun for example_xcom_args_with_operators to None, run_after=None
[2023-08-13T20:01:15.896+0000] {processor.py:179} INFO - Processing /home/airflow/.local/lib/python3.7/site-packages/airflow/example_dags/example_xcomargs.py took 0.130 seconds
[2023-08-13T20:01:47.409+0000] {processor.py:157} INFO - Started process (PID=469) to work on /home/airflow/.local/lib/python3.7/site-packages/airflow/example_dags/example_xcomargs.py
[2023-08-13T20:01:47.410+0000] {processor.py:826} INFO - Processing file /home/airflow/.local/lib/python3.7/site-packages/airflow/example_dags/example_xcomargs.py for tasks to queue
[2023-08-13T20:01:47.412+0000] {logging_mixin.py:150} INFO - [2023-08-13T20:01:47.412+0000] {dagbag.py:541} INFO - Filling up the DagBag from /home/airflow/.local/lib/python3.7/site-packages/airflow/example_dags/example_xcomargs.py
[2023-08-13T20:01:47.422+0000] {processor.py:836} INFO - DAG(s) dict_keys(['example_xcom_args_with_operators', 'example_xcom_args']) retrieved from /home/airflow/.local/lib/python3.7/site-packages/airflow/example_dags/example_xcomargs.py
[2023-08-13T20:01:47.462+0000] {logging_mixin.py:150} INFO - [2023-08-13T20:01:47.461+0000] {dag.py:2742} INFO - Sync 2 DAGs
[2023-08-13T20:01:47.504+0000] {logging_mixin.py:150} INFO - [2023-08-13T20:01:47.504+0000] {dag.py:3508} INFO - Setting next_dagrun for example_xcom_args to None, run_after=None
[2023-08-13T20:01:47.511+0000] {logging_mixin.py:150} INFO - [2023-08-13T20:01:47.510+0000] {dag.py:3508} INFO - Setting next_dagrun for example_xcom_args_with_operators to None, run_after=None
[2023-08-13T20:01:47.546+0000] {processor.py:179} INFO - Processing /home/airflow/.local/lib/python3.7/site-packages/airflow/example_dags/example_xcomargs.py took 0.141 seconds
[2023-08-13T20:02:35.055+0000] {processor.py:157} INFO - Started process (PID=542) to work on /home/airflow/.local/lib/python3.7/site-packages/airflow/example_dags/example_xcomargs.py
[2023-08-13T20:02:35.056+0000] {processor.py:826} INFO - Processing file /home/airflow/.local/lib/python3.7/site-packages/airflow/example_dags/example_xcomargs.py for tasks to queue
[2023-08-13T20:02:35.058+0000] {logging_mixin.py:150} INFO - [2023-08-13T20:02:35.057+0000] {dagbag.py:541} INFO - Filling up the DagBag from /home/airflow/.local/lib/python3.7/site-packages/airflow/example_dags/example_xcomargs.py
[2023-08-13T20:02:35.072+0000] {processor.py:836} INFO - DAG(s) dict_keys(['example_xcom_args_with_operators', 'example_xcom_args']) retrieved from /home/airflow/.local/lib/python3.7/site-packages/airflow/example_dags/example_xcomargs.py
[2023-08-13T20:02:35.134+0000] {logging_mixin.py:150} INFO - [2023-08-13T20:02:35.133+0000] {dag.py:2742} INFO - Sync 2 DAGs
[2023-08-13T20:02:35.185+0000] {logging_mixin.py:150} INFO - [2023-08-13T20:02:35.185+0000] {dag.py:3508} INFO - Setting next_dagrun for example_xcom_args to None, run_after=None
[2023-08-13T20:02:35.193+0000] {logging_mixin.py:150} INFO - [2023-08-13T20:02:35.193+0000] {dag.py:3508} INFO - Setting next_dagrun for example_xcom_args_with_operators to None, run_after=None
[2023-08-13T20:02:35.230+0000] {processor.py:179} INFO - Processing /home/airflow/.local/lib/python3.7/site-packages/airflow/example_dags/example_xcomargs.py took 0.180 seconds
[2023-08-13T20:06:00.319+0000] {processor.py:157} INFO - Started process (PID=73) to work on /home/airflow/.local/lib/python3.7/site-packages/airflow/example_dags/example_xcomargs.py
[2023-08-13T20:06:00.321+0000] {processor.py:826} INFO - Processing file /home/airflow/.local/lib/python3.7/site-packages/airflow/example_dags/example_xcomargs.py for tasks to queue
[2023-08-13T20:06:00.323+0000] {logging_mixin.py:150} INFO - [2023-08-13T20:06:00.322+0000] {dagbag.py:541} INFO - Filling up the DagBag from /home/airflow/.local/lib/python3.7/site-packages/airflow/example_dags/example_xcomargs.py
[2023-08-13T20:06:00.349+0000] {processor.py:836} INFO - DAG(s) dict_keys(['example_xcom_args_with_operators', 'example_xcom_args']) retrieved from /home/airflow/.local/lib/python3.7/site-packages/airflow/example_dags/example_xcomargs.py
[2023-08-13T20:06:00.390+0000] {logging_mixin.py:150} INFO - [2023-08-13T20:06:00.390+0000] {dag.py:2742} INFO - Sync 2 DAGs
[2023-08-13T20:06:00.448+0000] {logging_mixin.py:150} INFO - [2023-08-13T20:06:00.447+0000] {dag.py:3508} INFO - Setting next_dagrun for example_xcom_args to None, run_after=None
[2023-08-13T20:06:00.462+0000] {logging_mixin.py:150} INFO - [2023-08-13T20:06:00.462+0000] {dag.py:3508} INFO - Setting next_dagrun for example_xcom_args_with_operators to None, run_after=None
[2023-08-13T20:06:00.506+0000] {processor.py:179} INFO - Processing /home/airflow/.local/lib/python3.7/site-packages/airflow/example_dags/example_xcomargs.py took 0.191 seconds
[2023-08-13T20:06:30.888+0000] {processor.py:157} INFO - Started process (PID=139) to work on /home/airflow/.local/lib/python3.7/site-packages/airflow/example_dags/example_xcomargs.py
[2023-08-13T20:06:30.889+0000] {processor.py:826} INFO - Processing file /home/airflow/.local/lib/python3.7/site-packages/airflow/example_dags/example_xcomargs.py for tasks to queue
[2023-08-13T20:06:30.891+0000] {logging_mixin.py:150} INFO - [2023-08-13T20:06:30.890+0000] {dagbag.py:541} INFO - Filling up the DagBag from /home/airflow/.local/lib/python3.7/site-packages/airflow/example_dags/example_xcomargs.py
[2023-08-13T20:06:30.902+0000] {processor.py:836} INFO - DAG(s) dict_keys(['example_xcom_args', 'example_xcom_args_with_operators']) retrieved from /home/airflow/.local/lib/python3.7/site-packages/airflow/example_dags/example_xcomargs.py
[2023-08-13T20:06:30.944+0000] {logging_mixin.py:150} INFO - [2023-08-13T20:06:30.944+0000] {dag.py:2742} INFO - Sync 2 DAGs
[2023-08-13T20:06:30.977+0000] {logging_mixin.py:150} INFO - [2023-08-13T20:06:30.977+0000] {dag.py:3508} INFO - Setting next_dagrun for example_xcom_args to None, run_after=None
[2023-08-13T20:06:30.981+0000] {logging_mixin.py:150} INFO - [2023-08-13T20:06:30.981+0000] {dag.py:3508} INFO - Setting next_dagrun for example_xcom_args_with_operators to None, run_after=None
[2023-08-13T20:06:31.001+0000] {processor.py:179} INFO - Processing /home/airflow/.local/lib/python3.7/site-packages/airflow/example_dags/example_xcomargs.py took 0.117 seconds
[2023-08-13T20:07:02.336+0000] {processor.py:157} INFO - Started process (PID=205) to work on /home/airflow/.local/lib/python3.7/site-packages/airflow/example_dags/example_xcomargs.py
[2023-08-13T20:07:02.338+0000] {processor.py:826} INFO - Processing file /home/airflow/.local/lib/python3.7/site-packages/airflow/example_dags/example_xcomargs.py for tasks to queue
[2023-08-13T20:07:02.339+0000] {logging_mixin.py:150} INFO - [2023-08-13T20:07:02.339+0000] {dagbag.py:541} INFO - Filling up the DagBag from /home/airflow/.local/lib/python3.7/site-packages/airflow/example_dags/example_xcomargs.py
[2023-08-13T20:07:02.351+0000] {processor.py:836} INFO - DAG(s) dict_keys(['example_xcom_args', 'example_xcom_args_with_operators']) retrieved from /home/airflow/.local/lib/python3.7/site-packages/airflow/example_dags/example_xcomargs.py
[2023-08-13T20:07:02.398+0000] {logging_mixin.py:150} INFO - [2023-08-13T20:07:02.398+0000] {dag.py:2742} INFO - Sync 2 DAGs
[2023-08-13T20:07:02.449+0000] {logging_mixin.py:150} INFO - [2023-08-13T20:07:02.449+0000] {dag.py:3508} INFO - Setting next_dagrun for example_xcom_args to None, run_after=None
[2023-08-13T20:07:02.455+0000] {logging_mixin.py:150} INFO - [2023-08-13T20:07:02.454+0000] {dag.py:3508} INFO - Setting next_dagrun for example_xcom_args_with_operators to None, run_after=None
[2023-08-13T20:07:02.482+0000] {processor.py:179} INFO - Processing /home/airflow/.local/lib/python3.7/site-packages/airflow/example_dags/example_xcomargs.py took 0.149 seconds
[2023-08-13T20:07:32.733+0000] {processor.py:157} INFO - Started process (PID=271) to work on /home/airflow/.local/lib/python3.7/site-packages/airflow/example_dags/example_xcomargs.py
[2023-08-13T20:07:32.735+0000] {processor.py:826} INFO - Processing file /home/airflow/.local/lib/python3.7/site-packages/airflow/example_dags/example_xcomargs.py for tasks to queue
[2023-08-13T20:07:32.736+0000] {logging_mixin.py:150} INFO - [2023-08-13T20:07:32.736+0000] {dagbag.py:541} INFO - Filling up the DagBag from /home/airflow/.local/lib/python3.7/site-packages/airflow/example_dags/example_xcomargs.py
[2023-08-13T20:07:32.749+0000] {processor.py:836} INFO - DAG(s) dict_keys(['example_xcom_args_with_operators', 'example_xcom_args']) retrieved from /home/airflow/.local/lib/python3.7/site-packages/airflow/example_dags/example_xcomargs.py
[2023-08-13T20:07:32.794+0000] {logging_mixin.py:150} INFO - [2023-08-13T20:07:32.793+0000] {dag.py:2742} INFO - Sync 2 DAGs
[2023-08-13T20:07:32.839+0000] {logging_mixin.py:150} INFO - [2023-08-13T20:07:32.839+0000] {dag.py:3508} INFO - Setting next_dagrun for example_xcom_args to None, run_after=None
[2023-08-13T20:07:32.845+0000] {logging_mixin.py:150} INFO - [2023-08-13T20:07:32.845+0000] {dag.py:3508} INFO - Setting next_dagrun for example_xcom_args_with_operators to None, run_after=None
[2023-08-13T20:07:32.872+0000] {processor.py:179} INFO - Processing /home/airflow/.local/lib/python3.7/site-packages/airflow/example_dags/example_xcomargs.py took 0.144 seconds
[2023-08-13T20:08:03.328+0000] {processor.py:157} INFO - Started process (PID=337) to work on /home/airflow/.local/lib/python3.7/site-packages/airflow/example_dags/example_xcomargs.py
[2023-08-13T20:08:03.330+0000] {processor.py:826} INFO - Processing file /home/airflow/.local/lib/python3.7/site-packages/airflow/example_dags/example_xcomargs.py for tasks to queue
[2023-08-13T20:08:03.332+0000] {logging_mixin.py:150} INFO - [2023-08-13T20:08:03.331+0000] {dagbag.py:541} INFO - Filling up the DagBag from /home/airflow/.local/lib/python3.7/site-packages/airflow/example_dags/example_xcomargs.py
[2023-08-13T20:08:03.344+0000] {processor.py:836} INFO - DAG(s) dict_keys(['example_xcom_args_with_operators', 'example_xcom_args']) retrieved from /home/airflow/.local/lib/python3.7/site-packages/airflow/example_dags/example_xcomargs.py
[2023-08-13T20:08:03.394+0000] {logging_mixin.py:150} INFO - [2023-08-13T20:08:03.394+0000] {dag.py:2742} INFO - Sync 2 DAGs
[2023-08-13T20:08:03.443+0000] {logging_mixin.py:150} INFO - [2023-08-13T20:08:03.442+0000] {dag.py:3508} INFO - Setting next_dagrun for example_xcom_args to None, run_after=None
[2023-08-13T20:08:03.451+0000] {logging_mixin.py:150} INFO - [2023-08-13T20:08:03.451+0000] {dag.py:3508} INFO - Setting next_dagrun for example_xcom_args_with_operators to None, run_after=None
[2023-08-13T20:08:03.483+0000] {processor.py:179} INFO - Processing /home/airflow/.local/lib/python3.7/site-packages/airflow/example_dags/example_xcomargs.py took 0.158 seconds
[2023-08-13T20:08:33.574+0000] {processor.py:157} INFO - Started process (PID=403) to work on /home/airflow/.local/lib/python3.7/site-packages/airflow/example_dags/example_xcomargs.py
[2023-08-13T20:08:33.575+0000] {processor.py:826} INFO - Processing file /home/airflow/.local/lib/python3.7/site-packages/airflow/example_dags/example_xcomargs.py for tasks to queue
[2023-08-13T20:08:33.576+0000] {logging_mixin.py:150} INFO - [2023-08-13T20:08:33.576+0000] {dagbag.py:541} INFO - Filling up the DagBag from /home/airflow/.local/lib/python3.7/site-packages/airflow/example_dags/example_xcomargs.py
[2023-08-13T20:08:33.584+0000] {processor.py:836} INFO - DAG(s) dict_keys(['example_xcom_args_with_operators', 'example_xcom_args']) retrieved from /home/airflow/.local/lib/python3.7/site-packages/airflow/example_dags/example_xcomargs.py
[2023-08-13T20:08:33.615+0000] {logging_mixin.py:150} INFO - [2023-08-13T20:08:33.615+0000] {dag.py:2742} INFO - Sync 2 DAGs
[2023-08-13T20:08:33.644+0000] {logging_mixin.py:150} INFO - [2023-08-13T20:08:33.643+0000] {dag.py:3508} INFO - Setting next_dagrun for example_xcom_args to None, run_after=None
[2023-08-13T20:08:33.649+0000] {logging_mixin.py:150} INFO - [2023-08-13T20:08:33.649+0000] {dag.py:3508} INFO - Setting next_dagrun for example_xcom_args_with_operators to None, run_after=None
[2023-08-13T20:08:33.677+0000] {processor.py:179} INFO - Processing /home/airflow/.local/lib/python3.7/site-packages/airflow/example_dags/example_xcomargs.py took 0.105 seconds
[2023-08-13T20:09:04.395+0000] {processor.py:157} INFO - Started process (PID=469) to work on /home/airflow/.local/lib/python3.7/site-packages/airflow/example_dags/example_xcomargs.py
[2023-08-13T20:09:04.397+0000] {processor.py:826} INFO - Processing file /home/airflow/.local/lib/python3.7/site-packages/airflow/example_dags/example_xcomargs.py for tasks to queue
[2023-08-13T20:09:04.398+0000] {logging_mixin.py:150} INFO - [2023-08-13T20:09:04.397+0000] {dagbag.py:541} INFO - Filling up the DagBag from /home/airflow/.local/lib/python3.7/site-packages/airflow/example_dags/example_xcomargs.py
[2023-08-13T20:09:04.410+0000] {processor.py:836} INFO - DAG(s) dict_keys(['example_xcom_args_with_operators', 'example_xcom_args']) retrieved from /home/airflow/.local/lib/python3.7/site-packages/airflow/example_dags/example_xcomargs.py
[2023-08-13T20:09:04.449+0000] {logging_mixin.py:150} INFO - [2023-08-13T20:09:04.449+0000] {dag.py:2742} INFO - Sync 2 DAGs
[2023-08-13T20:09:04.485+0000] {logging_mixin.py:150} INFO - [2023-08-13T20:09:04.484+0000] {dag.py:3508} INFO - Setting next_dagrun for example_xcom_args to None, run_after=None
[2023-08-13T20:09:04.490+0000] {logging_mixin.py:150} INFO - [2023-08-13T20:09:04.489+0000] {dag.py:3508} INFO - Setting next_dagrun for example_xcom_args_with_operators to None, run_after=None
[2023-08-13T20:09:04.515+0000] {processor.py:179} INFO - Processing /home/airflow/.local/lib/python3.7/site-packages/airflow/example_dags/example_xcomargs.py took 0.124 seconds
[2023-08-13T20:09:35.144+0000] {processor.py:157} INFO - Started process (PID=535) to work on /home/airflow/.local/lib/python3.7/site-packages/airflow/example_dags/example_xcomargs.py
[2023-08-13T20:09:35.146+0000] {processor.py:826} INFO - Processing file /home/airflow/.local/lib/python3.7/site-packages/airflow/example_dags/example_xcomargs.py for tasks to queue
[2023-08-13T20:09:35.148+0000] {logging_mixin.py:150} INFO - [2023-08-13T20:09:35.147+0000] {dagbag.py:541} INFO - Filling up the DagBag from /home/airflow/.local/lib/python3.7/site-packages/airflow/example_dags/example_xcomargs.py
[2023-08-13T20:09:35.163+0000] {processor.py:836} INFO - DAG(s) dict_keys(['example_xcom_args_with_operators', 'example_xcom_args']) retrieved from /home/airflow/.local/lib/python3.7/site-packages/airflow/example_dags/example_xcomargs.py
[2023-08-13T20:09:35.222+0000] {logging_mixin.py:150} INFO - [2023-08-13T20:09:35.222+0000] {dag.py:2742} INFO - Sync 2 DAGs
[2023-08-13T20:09:35.282+0000] {logging_mixin.py:150} INFO - [2023-08-13T20:09:35.281+0000] {dag.py:3508} INFO - Setting next_dagrun for example_xcom_args to None, run_after=None
[2023-08-13T20:09:35.290+0000] {logging_mixin.py:150} INFO - [2023-08-13T20:09:35.289+0000] {dag.py:3508} INFO - Setting next_dagrun for example_xcom_args_with_operators to None, run_after=None
[2023-08-13T20:09:35.321+0000] {processor.py:179} INFO - Processing /home/airflow/.local/lib/python3.7/site-packages/airflow/example_dags/example_xcomargs.py took 0.183 seconds
[2023-08-13T20:10:05.577+0000] {processor.py:157} INFO - Started process (PID=601) to work on /home/airflow/.local/lib/python3.7/site-packages/airflow/example_dags/example_xcomargs.py
[2023-08-13T20:10:05.579+0000] {processor.py:826} INFO - Processing file /home/airflow/.local/lib/python3.7/site-packages/airflow/example_dags/example_xcomargs.py for tasks to queue
[2023-08-13T20:10:05.580+0000] {logging_mixin.py:150} INFO - [2023-08-13T20:10:05.580+0000] {dagbag.py:541} INFO - Filling up the DagBag from /home/airflow/.local/lib/python3.7/site-packages/airflow/example_dags/example_xcomargs.py
[2023-08-13T20:10:05.591+0000] {processor.py:836} INFO - DAG(s) dict_keys(['example_xcom_args', 'example_xcom_args_with_operators']) retrieved from /home/airflow/.local/lib/python3.7/site-packages/airflow/example_dags/example_xcomargs.py
[2023-08-13T20:10:05.633+0000] {logging_mixin.py:150} INFO - [2023-08-13T20:10:05.632+0000] {dag.py:2742} INFO - Sync 2 DAGs
[2023-08-13T20:10:05.660+0000] {logging_mixin.py:150} INFO - [2023-08-13T20:10:05.660+0000] {dag.py:3508} INFO - Setting next_dagrun for example_xcom_args to None, run_after=None
[2023-08-13T20:10:05.664+0000] {logging_mixin.py:150} INFO - [2023-08-13T20:10:05.664+0000] {dag.py:3508} INFO - Setting next_dagrun for example_xcom_args_with_operators to None, run_after=None
[2023-08-13T20:10:05.689+0000] {processor.py:179} INFO - Processing /home/airflow/.local/lib/python3.7/site-packages/airflow/example_dags/example_xcomargs.py took 0.117 seconds
[2023-08-13T20:10:37.979+0000] {processor.py:157} INFO - Started process (PID=667) to work on /home/airflow/.local/lib/python3.7/site-packages/airflow/example_dags/example_xcomargs.py
[2023-08-13T20:10:37.981+0000] {processor.py:826} INFO - Processing file /home/airflow/.local/lib/python3.7/site-packages/airflow/example_dags/example_xcomargs.py for tasks to queue
[2023-08-13T20:10:37.982+0000] {logging_mixin.py:150} INFO - [2023-08-13T20:10:37.982+0000] {dagbag.py:541} INFO - Filling up the DagBag from /home/airflow/.local/lib/python3.7/site-packages/airflow/example_dags/example_xcomargs.py
[2023-08-13T20:10:37.995+0000] {processor.py:836} INFO - DAG(s) dict_keys(['example_xcom_args_with_operators', 'example_xcom_args']) retrieved from /home/airflow/.local/lib/python3.7/site-packages/airflow/example_dags/example_xcomargs.py
[2023-08-13T20:10:38.048+0000] {logging_mixin.py:150} INFO - [2023-08-13T20:10:38.047+0000] {dag.py:2742} INFO - Sync 2 DAGs
[2023-08-13T20:10:38.099+0000] {logging_mixin.py:150} INFO - [2023-08-13T20:10:38.098+0000] {dag.py:3508} INFO - Setting next_dagrun for example_xcom_args to None, run_after=None
[2023-08-13T20:10:38.105+0000] {logging_mixin.py:150} INFO - [2023-08-13T20:10:38.105+0000] {dag.py:3508} INFO - Setting next_dagrun for example_xcom_args_with_operators to None, run_after=None
[2023-08-13T20:10:38.142+0000] {processor.py:179} INFO - Processing /home/airflow/.local/lib/python3.7/site-packages/airflow/example_dags/example_xcomargs.py took 0.168 seconds
[2023-08-13T20:11:08.505+0000] {processor.py:157} INFO - Started process (PID=733) to work on /home/airflow/.local/lib/python3.7/site-packages/airflow/example_dags/example_xcomargs.py
[2023-08-13T20:11:08.507+0000] {processor.py:826} INFO - Processing file /home/airflow/.local/lib/python3.7/site-packages/airflow/example_dags/example_xcomargs.py for tasks to queue
[2023-08-13T20:11:08.508+0000] {logging_mixin.py:150} INFO - [2023-08-13T20:11:08.508+0000] {dagbag.py:541} INFO - Filling up the DagBag from /home/airflow/.local/lib/python3.7/site-packages/airflow/example_dags/example_xcomargs.py
[2023-08-13T20:11:08.520+0000] {processor.py:836} INFO - DAG(s) dict_keys(['example_xcom_args', 'example_xcom_args_with_operators']) retrieved from /home/airflow/.local/lib/python3.7/site-packages/airflow/example_dags/example_xcomargs.py
[2023-08-13T20:11:08.557+0000] {logging_mixin.py:150} INFO - [2023-08-13T20:11:08.557+0000] {dag.py:2742} INFO - Sync 2 DAGs
[2023-08-13T20:11:08.592+0000] {logging_mixin.py:150} INFO - [2023-08-13T20:11:08.592+0000] {dag.py:3508} INFO - Setting next_dagrun for example_xcom_args to None, run_after=None
[2023-08-13T20:11:08.598+0000] {logging_mixin.py:150} INFO - [2023-08-13T20:11:08.597+0000] {dag.py:3508} INFO - Setting next_dagrun for example_xcom_args_with_operators to None, run_after=None
[2023-08-13T20:11:08.622+0000] {processor.py:179} INFO - Processing /home/airflow/.local/lib/python3.7/site-packages/airflow/example_dags/example_xcomargs.py took 0.120 seconds
[2023-08-13T20:11:39.356+0000] {processor.py:157} INFO - Started process (PID=799) to work on /home/airflow/.local/lib/python3.7/site-packages/airflow/example_dags/example_xcomargs.py
[2023-08-13T20:11:39.358+0000] {processor.py:826} INFO - Processing file /home/airflow/.local/lib/python3.7/site-packages/airflow/example_dags/example_xcomargs.py for tasks to queue
[2023-08-13T20:11:39.361+0000] {logging_mixin.py:150} INFO - [2023-08-13T20:11:39.360+0000] {dagbag.py:541} INFO - Filling up the DagBag from /home/airflow/.local/lib/python3.7/site-packages/airflow/example_dags/example_xcomargs.py
[2023-08-13T20:11:39.373+0000] {processor.py:836} INFO - DAG(s) dict_keys(['example_xcom_args', 'example_xcom_args_with_operators']) retrieved from /home/airflow/.local/lib/python3.7/site-packages/airflow/example_dags/example_xcomargs.py
[2023-08-13T20:11:39.416+0000] {logging_mixin.py:150} INFO - [2023-08-13T20:11:39.415+0000] {dag.py:2742} INFO - Sync 2 DAGs
[2023-08-13T20:11:39.476+0000] {logging_mixin.py:150} INFO - [2023-08-13T20:11:39.476+0000] {dag.py:3508} INFO - Setting next_dagrun for example_xcom_args to None, run_after=None
[2023-08-13T20:11:39.482+0000] {logging_mixin.py:150} INFO - [2023-08-13T20:11:39.481+0000] {dag.py:3508} INFO - Setting next_dagrun for example_xcom_args_with_operators to None, run_after=None
[2023-08-13T20:11:39.515+0000] {processor.py:179} INFO - Processing /home/airflow/.local/lib/python3.7/site-packages/airflow/example_dags/example_xcomargs.py took 0.163 seconds
[2023-08-13T20:12:10.669+0000] {processor.py:157} INFO - Started process (PID=865) to work on /home/airflow/.local/lib/python3.7/site-packages/airflow/example_dags/example_xcomargs.py
[2023-08-13T20:12:10.670+0000] {processor.py:826} INFO - Processing file /home/airflow/.local/lib/python3.7/site-packages/airflow/example_dags/example_xcomargs.py for tasks to queue
[2023-08-13T20:12:10.671+0000] {logging_mixin.py:150} INFO - [2023-08-13T20:12:10.671+0000] {dagbag.py:541} INFO - Filling up the DagBag from /home/airflow/.local/lib/python3.7/site-packages/airflow/example_dags/example_xcomargs.py
[2023-08-13T20:12:10.680+0000] {processor.py:836} INFO - DAG(s) dict_keys(['example_xcom_args_with_operators', 'example_xcom_args']) retrieved from /home/airflow/.local/lib/python3.7/site-packages/airflow/example_dags/example_xcomargs.py
[2023-08-13T20:12:10.715+0000] {logging_mixin.py:150} INFO - [2023-08-13T20:12:10.715+0000] {dag.py:2742} INFO - Sync 2 DAGs
[2023-08-13T20:12:10.748+0000] {logging_mixin.py:150} INFO - [2023-08-13T20:12:10.748+0000] {dag.py:3508} INFO - Setting next_dagrun for example_xcom_args to None, run_after=None
[2023-08-13T20:12:10.753+0000] {logging_mixin.py:150} INFO - [2023-08-13T20:12:10.753+0000] {dag.py:3508} INFO - Setting next_dagrun for example_xcom_args_with_operators to None, run_after=None
[2023-08-13T20:12:10.779+0000] {processor.py:179} INFO - Processing /home/airflow/.local/lib/python3.7/site-packages/airflow/example_dags/example_xcomargs.py took 0.113 seconds
[2023-08-13T20:12:40.976+0000] {processor.py:157} INFO - Started process (PID=931) to work on /home/airflow/.local/lib/python3.7/site-packages/airflow/example_dags/example_xcomargs.py
[2023-08-13T20:12:40.978+0000] {processor.py:826} INFO - Processing file /home/airflow/.local/lib/python3.7/site-packages/airflow/example_dags/example_xcomargs.py for tasks to queue
[2023-08-13T20:12:40.979+0000] {logging_mixin.py:150} INFO - [2023-08-13T20:12:40.979+0000] {dagbag.py:541} INFO - Filling up the DagBag from /home/airflow/.local/lib/python3.7/site-packages/airflow/example_dags/example_xcomargs.py
[2023-08-13T20:12:40.990+0000] {processor.py:836} INFO - DAG(s) dict_keys(['example_xcom_args_with_operators', 'example_xcom_args']) retrieved from /home/airflow/.local/lib/python3.7/site-packages/airflow/example_dags/example_xcomargs.py
[2023-08-13T20:12:41.025+0000] {logging_mixin.py:150} INFO - [2023-08-13T20:12:41.024+0000] {dag.py:2742} INFO - Sync 2 DAGs
[2023-08-13T20:12:41.066+0000] {logging_mixin.py:150} INFO - [2023-08-13T20:12:41.066+0000] {dag.py:3508} INFO - Setting next_dagrun for example_xcom_args to None, run_after=None
[2023-08-13T20:12:41.073+0000] {logging_mixin.py:150} INFO - [2023-08-13T20:12:41.072+0000] {dag.py:3508} INFO - Setting next_dagrun for example_xcom_args_with_operators to None, run_after=None
[2023-08-13T20:12:41.101+0000] {processor.py:179} INFO - Processing /home/airflow/.local/lib/python3.7/site-packages/airflow/example_dags/example_xcomargs.py took 0.128 seconds
[2023-08-13T20:13:11.295+0000] {processor.py:157} INFO - Started process (PID=996) to work on /home/airflow/.local/lib/python3.7/site-packages/airflow/example_dags/example_xcomargs.py
[2023-08-13T20:13:11.296+0000] {processor.py:826} INFO - Processing file /home/airflow/.local/lib/python3.7/site-packages/airflow/example_dags/example_xcomargs.py for tasks to queue
[2023-08-13T20:13:11.298+0000] {logging_mixin.py:150} INFO - [2023-08-13T20:13:11.298+0000] {dagbag.py:541} INFO - Filling up the DagBag from /home/airflow/.local/lib/python3.7/site-packages/airflow/example_dags/example_xcomargs.py
[2023-08-13T20:13:11.311+0000] {processor.py:836} INFO - DAG(s) dict_keys(['example_xcom_args_with_operators', 'example_xcom_args']) retrieved from /home/airflow/.local/lib/python3.7/site-packages/airflow/example_dags/example_xcomargs.py
[2023-08-13T20:13:11.372+0000] {logging_mixin.py:150} INFO - [2023-08-13T20:13:11.372+0000] {dag.py:2742} INFO - Sync 2 DAGs
[2023-08-13T20:13:11.419+0000] {logging_mixin.py:150} INFO - [2023-08-13T20:13:11.418+0000] {dag.py:3508} INFO - Setting next_dagrun for example_xcom_args to None, run_after=None
[2023-08-13T20:13:11.425+0000] {logging_mixin.py:150} INFO - [2023-08-13T20:13:11.425+0000] {dag.py:3508} INFO - Setting next_dagrun for example_xcom_args_with_operators to None, run_after=None
[2023-08-13T20:13:11.450+0000] {processor.py:179} INFO - Processing /home/airflow/.local/lib/python3.7/site-packages/airflow/example_dags/example_xcomargs.py took 0.159 seconds
[2023-08-13T20:13:41.888+0000] {processor.py:157} INFO - Started process (PID=1062) to work on /home/airflow/.local/lib/python3.7/site-packages/airflow/example_dags/example_xcomargs.py
[2023-08-13T20:13:41.890+0000] {processor.py:826} INFO - Processing file /home/airflow/.local/lib/python3.7/site-packages/airflow/example_dags/example_xcomargs.py for tasks to queue
[2023-08-13T20:13:41.891+0000] {logging_mixin.py:150} INFO - [2023-08-13T20:13:41.891+0000] {dagbag.py:541} INFO - Filling up the DagBag from /home/airflow/.local/lib/python3.7/site-packages/airflow/example_dags/example_xcomargs.py
[2023-08-13T20:13:41.909+0000] {processor.py:836} INFO - DAG(s) dict_keys(['example_xcom_args', 'example_xcom_args_with_operators']) retrieved from /home/airflow/.local/lib/python3.7/site-packages/airflow/example_dags/example_xcomargs.py
[2023-08-13T20:13:41.958+0000] {logging_mixin.py:150} INFO - [2023-08-13T20:13:41.957+0000] {dag.py:2742} INFO - Sync 2 DAGs
[2023-08-13T20:13:42.021+0000] {logging_mixin.py:150} INFO - [2023-08-13T20:13:42.021+0000] {dag.py:3508} INFO - Setting next_dagrun for example_xcom_args to None, run_after=None
[2023-08-13T20:13:42.029+0000] {logging_mixin.py:150} INFO - [2023-08-13T20:13:42.029+0000] {dag.py:3508} INFO - Setting next_dagrun for example_xcom_args_with_operators to None, run_after=None
[2023-08-13T20:13:42.069+0000] {processor.py:179} INFO - Processing /home/airflow/.local/lib/python3.7/site-packages/airflow/example_dags/example_xcomargs.py took 0.186 seconds
[2023-08-13T20:14:12.235+0000] {processor.py:157} INFO - Started process (PID=1129) to work on /home/airflow/.local/lib/python3.7/site-packages/airflow/example_dags/example_xcomargs.py
[2023-08-13T20:14:12.237+0000] {processor.py:826} INFO - Processing file /home/airflow/.local/lib/python3.7/site-packages/airflow/example_dags/example_xcomargs.py for tasks to queue
[2023-08-13T20:14:12.238+0000] {logging_mixin.py:150} INFO - [2023-08-13T20:14:12.238+0000] {dagbag.py:541} INFO - Filling up the DagBag from /home/airflow/.local/lib/python3.7/site-packages/airflow/example_dags/example_xcomargs.py
[2023-08-13T20:14:12.253+0000] {processor.py:836} INFO - DAG(s) dict_keys(['example_xcom_args', 'example_xcom_args_with_operators']) retrieved from /home/airflow/.local/lib/python3.7/site-packages/airflow/example_dags/example_xcomargs.py
[2023-08-13T20:14:12.301+0000] {logging_mixin.py:150} INFO - [2023-08-13T20:14:12.301+0000] {dag.py:2742} INFO - Sync 2 DAGs
[2023-08-13T20:14:12.362+0000] {logging_mixin.py:150} INFO - [2023-08-13T20:14:12.361+0000] {dag.py:3508} INFO - Setting next_dagrun for example_xcom_args to None, run_after=None
[2023-08-13T20:14:12.372+0000] {logging_mixin.py:150} INFO - [2023-08-13T20:14:12.372+0000] {dag.py:3508} INFO - Setting next_dagrun for example_xcom_args_with_operators to None, run_after=None
[2023-08-13T20:14:12.430+0000] {processor.py:179} INFO - Processing /home/airflow/.local/lib/python3.7/site-packages/airflow/example_dags/example_xcomargs.py took 0.200 seconds
[2023-08-13T20:14:42.851+0000] {processor.py:157} INFO - Started process (PID=1196) to work on /home/airflow/.local/lib/python3.7/site-packages/airflow/example_dags/example_xcomargs.py
[2023-08-13T20:14:42.852+0000] {processor.py:826} INFO - Processing file /home/airflow/.local/lib/python3.7/site-packages/airflow/example_dags/example_xcomargs.py for tasks to queue
[2023-08-13T20:14:42.853+0000] {logging_mixin.py:150} INFO - [2023-08-13T20:14:42.853+0000] {dagbag.py:541} INFO - Filling up the DagBag from /home/airflow/.local/lib/python3.7/site-packages/airflow/example_dags/example_xcomargs.py
[2023-08-13T20:14:42.864+0000] {processor.py:836} INFO - DAG(s) dict_keys(['example_xcom_args_with_operators', 'example_xcom_args']) retrieved from /home/airflow/.local/lib/python3.7/site-packages/airflow/example_dags/example_xcomargs.py
[2023-08-13T20:14:42.894+0000] {logging_mixin.py:150} INFO - [2023-08-13T20:14:42.894+0000] {dag.py:2742} INFO - Sync 2 DAGs
[2023-08-13T20:14:42.931+0000] {logging_mixin.py:150} INFO - [2023-08-13T20:14:42.930+0000] {dag.py:3508} INFO - Setting next_dagrun for example_xcom_args to None, run_after=None
[2023-08-13T20:14:42.937+0000] {logging_mixin.py:150} INFO - [2023-08-13T20:14:42.937+0000] {dag.py:3508} INFO - Setting next_dagrun for example_xcom_args_with_operators to None, run_after=None
[2023-08-13T20:14:42.963+0000] {processor.py:179} INFO - Processing /home/airflow/.local/lib/python3.7/site-packages/airflow/example_dags/example_xcomargs.py took 0.115 seconds
[2023-08-13T20:15:13.049+0000] {processor.py:157} INFO - Started process (PID=1262) to work on /home/airflow/.local/lib/python3.7/site-packages/airflow/example_dags/example_xcomargs.py
[2023-08-13T20:15:13.050+0000] {processor.py:826} INFO - Processing file /home/airflow/.local/lib/python3.7/site-packages/airflow/example_dags/example_xcomargs.py for tasks to queue
[2023-08-13T20:15:13.051+0000] {logging_mixin.py:150} INFO - [2023-08-13T20:15:13.051+0000] {dagbag.py:541} INFO - Filling up the DagBag from /home/airflow/.local/lib/python3.7/site-packages/airflow/example_dags/example_xcomargs.py
[2023-08-13T20:15:13.062+0000] {processor.py:836} INFO - DAG(s) dict_keys(['example_xcom_args', 'example_xcom_args_with_operators']) retrieved from /home/airflow/.local/lib/python3.7/site-packages/airflow/example_dags/example_xcomargs.py
[2023-08-13T20:15:13.096+0000] {logging_mixin.py:150} INFO - [2023-08-13T20:15:13.096+0000] {dag.py:2742} INFO - Sync 2 DAGs
[2023-08-13T20:15:13.129+0000] {logging_mixin.py:150} INFO - [2023-08-13T20:15:13.128+0000] {dag.py:3508} INFO - Setting next_dagrun for example_xcom_args to None, run_after=None
[2023-08-13T20:15:13.134+0000] {logging_mixin.py:150} INFO - [2023-08-13T20:15:13.134+0000] {dag.py:3508} INFO - Setting next_dagrun for example_xcom_args_with_operators to None, run_after=None
[2023-08-13T20:15:13.160+0000] {processor.py:179} INFO - Processing /home/airflow/.local/lib/python3.7/site-packages/airflow/example_dags/example_xcomargs.py took 0.114 seconds
[2023-08-13T20:15:43.217+0000] {processor.py:157} INFO - Started process (PID=1326) to work on /home/airflow/.local/lib/python3.7/site-packages/airflow/example_dags/example_xcomargs.py
[2023-08-13T20:15:43.218+0000] {processor.py:826} INFO - Processing file /home/airflow/.local/lib/python3.7/site-packages/airflow/example_dags/example_xcomargs.py for tasks to queue
[2023-08-13T20:15:43.220+0000] {logging_mixin.py:150} INFO - [2023-08-13T20:15:43.219+0000] {dagbag.py:541} INFO - Filling up the DagBag from /home/airflow/.local/lib/python3.7/site-packages/airflow/example_dags/example_xcomargs.py
[2023-08-13T20:15:43.232+0000] {processor.py:836} INFO - DAG(s) dict_keys(['example_xcom_args_with_operators', 'example_xcom_args']) retrieved from /home/airflow/.local/lib/python3.7/site-packages/airflow/example_dags/example_xcomargs.py
[2023-08-13T20:15:43.285+0000] {logging_mixin.py:150} INFO - [2023-08-13T20:15:43.285+0000] {dag.py:2742} INFO - Sync 2 DAGs
[2023-08-13T20:15:43.360+0000] {logging_mixin.py:150} INFO - [2023-08-13T20:15:43.359+0000] {dag.py:3508} INFO - Setting next_dagrun for example_xcom_args to None, run_after=None
[2023-08-13T20:15:43.374+0000] {logging_mixin.py:150} INFO - [2023-08-13T20:15:43.373+0000] {dag.py:3508} INFO - Setting next_dagrun for example_xcom_args_with_operators to None, run_after=None
[2023-08-13T20:15:43.424+0000] {processor.py:179} INFO - Processing /home/airflow/.local/lib/python3.7/site-packages/airflow/example_dags/example_xcomargs.py took 0.211 seconds
[2023-08-13T20:16:13.939+0000] {processor.py:157} INFO - Started process (PID=1392) to work on /home/airflow/.local/lib/python3.7/site-packages/airflow/example_dags/example_xcomargs.py
[2023-08-13T20:16:13.940+0000] {processor.py:826} INFO - Processing file /home/airflow/.local/lib/python3.7/site-packages/airflow/example_dags/example_xcomargs.py for tasks to queue
[2023-08-13T20:16:13.941+0000] {logging_mixin.py:150} INFO - [2023-08-13T20:16:13.941+0000] {dagbag.py:541} INFO - Filling up the DagBag from /home/airflow/.local/lib/python3.7/site-packages/airflow/example_dags/example_xcomargs.py
[2023-08-13T20:16:13.950+0000] {processor.py:836} INFO - DAG(s) dict_keys(['example_xcom_args_with_operators', 'example_xcom_args']) retrieved from /home/airflow/.local/lib/python3.7/site-packages/airflow/example_dags/example_xcomargs.py
[2023-08-13T20:16:13.987+0000] {logging_mixin.py:150} INFO - [2023-08-13T20:16:13.986+0000] {dag.py:2742} INFO - Sync 2 DAGs
[2023-08-13T20:16:14.025+0000] {logging_mixin.py:150} INFO - [2023-08-13T20:16:14.024+0000] {dag.py:3508} INFO - Setting next_dagrun for example_xcom_args to None, run_after=None
[2023-08-13T20:16:14.030+0000] {logging_mixin.py:150} INFO - [2023-08-13T20:16:14.029+0000] {dag.py:3508} INFO - Setting next_dagrun for example_xcom_args_with_operators to None, run_after=None
[2023-08-13T20:16:14.058+0000] {processor.py:179} INFO - Processing /home/airflow/.local/lib/python3.7/site-packages/airflow/example_dags/example_xcomargs.py took 0.123 seconds
[2023-08-13T20:16:44.265+0000] {processor.py:157} INFO - Started process (PID=1458) to work on /home/airflow/.local/lib/python3.7/site-packages/airflow/example_dags/example_xcomargs.py
[2023-08-13T20:16:44.267+0000] {processor.py:826} INFO - Processing file /home/airflow/.local/lib/python3.7/site-packages/airflow/example_dags/example_xcomargs.py for tasks to queue
[2023-08-13T20:16:44.268+0000] {logging_mixin.py:150} INFO - [2023-08-13T20:16:44.267+0000] {dagbag.py:541} INFO - Filling up the DagBag from /home/airflow/.local/lib/python3.7/site-packages/airflow/example_dags/example_xcomargs.py
[2023-08-13T20:16:44.276+0000] {processor.py:836} INFO - DAG(s) dict_keys(['example_xcom_args_with_operators', 'example_xcom_args']) retrieved from /home/airflow/.local/lib/python3.7/site-packages/airflow/example_dags/example_xcomargs.py
[2023-08-13T20:16:44.308+0000] {logging_mixin.py:150} INFO - [2023-08-13T20:16:44.307+0000] {dag.py:2742} INFO - Sync 2 DAGs
[2023-08-13T20:16:44.354+0000] {logging_mixin.py:150} INFO - [2023-08-13T20:16:44.354+0000] {dag.py:3508} INFO - Setting next_dagrun for example_xcom_args to None, run_after=None
[2023-08-13T20:16:44.361+0000] {logging_mixin.py:150} INFO - [2023-08-13T20:16:44.361+0000] {dag.py:3508} INFO - Setting next_dagrun for example_xcom_args_with_operators to None, run_after=None
[2023-08-13T20:16:44.396+0000] {processor.py:179} INFO - Processing /home/airflow/.local/lib/python3.7/site-packages/airflow/example_dags/example_xcomargs.py took 0.134 seconds
[2023-08-13T20:17:15.362+0000] {processor.py:157} INFO - Started process (PID=1525) to work on /home/airflow/.local/lib/python3.7/site-packages/airflow/example_dags/example_xcomargs.py
[2023-08-13T20:17:15.364+0000] {processor.py:826} INFO - Processing file /home/airflow/.local/lib/python3.7/site-packages/airflow/example_dags/example_xcomargs.py for tasks to queue
[2023-08-13T20:17:15.366+0000] {logging_mixin.py:150} INFO - [2023-08-13T20:17:15.366+0000] {dagbag.py:541} INFO - Filling up the DagBag from /home/airflow/.local/lib/python3.7/site-packages/airflow/example_dags/example_xcomargs.py
[2023-08-13T20:17:15.379+0000] {processor.py:836} INFO - DAG(s) dict_keys(['example_xcom_args_with_operators', 'example_xcom_args']) retrieved from /home/airflow/.local/lib/python3.7/site-packages/airflow/example_dags/example_xcomargs.py
[2023-08-13T20:17:15.424+0000] {logging_mixin.py:150} INFO - [2023-08-13T20:17:15.424+0000] {dag.py:2742} INFO - Sync 2 DAGs
[2023-08-13T20:17:15.459+0000] {logging_mixin.py:150} INFO - [2023-08-13T20:17:15.458+0000] {dag.py:3508} INFO - Setting next_dagrun for example_xcom_args to None, run_after=None
[2023-08-13T20:17:15.464+0000] {logging_mixin.py:150} INFO - [2023-08-13T20:17:15.463+0000] {dag.py:3508} INFO - Setting next_dagrun for example_xcom_args_with_operators to None, run_after=None
[2023-08-13T20:17:15.493+0000] {processor.py:179} INFO - Processing /home/airflow/.local/lib/python3.7/site-packages/airflow/example_dags/example_xcomargs.py took 0.137 seconds
[2023-08-13T20:17:45.597+0000] {processor.py:157} INFO - Started process (PID=1590) to work on /home/airflow/.local/lib/python3.7/site-packages/airflow/example_dags/example_xcomargs.py
[2023-08-13T20:17:45.598+0000] {processor.py:826} INFO - Processing file /home/airflow/.local/lib/python3.7/site-packages/airflow/example_dags/example_xcomargs.py for tasks to queue
[2023-08-13T20:17:45.599+0000] {logging_mixin.py:150} INFO - [2023-08-13T20:17:45.599+0000] {dagbag.py:541} INFO - Filling up the DagBag from /home/airflow/.local/lib/python3.7/site-packages/airflow/example_dags/example_xcomargs.py
[2023-08-13T20:17:45.609+0000] {processor.py:836} INFO - DAG(s) dict_keys(['example_xcom_args_with_operators', 'example_xcom_args']) retrieved from /home/airflow/.local/lib/python3.7/site-packages/airflow/example_dags/example_xcomargs.py
[2023-08-13T20:17:45.643+0000] {logging_mixin.py:150} INFO - [2023-08-13T20:17:45.643+0000] {dag.py:2742} INFO - Sync 2 DAGs
[2023-08-13T20:17:45.675+0000] {logging_mixin.py:150} INFO - [2023-08-13T20:17:45.674+0000] {dag.py:3508} INFO - Setting next_dagrun for example_xcom_args to None, run_after=None
[2023-08-13T20:17:45.681+0000] {logging_mixin.py:150} INFO - [2023-08-13T20:17:45.681+0000] {dag.py:3508} INFO - Setting next_dagrun for example_xcom_args_with_operators to None, run_after=None
[2023-08-13T20:17:45.704+0000] {processor.py:179} INFO - Processing /home/airflow/.local/lib/python3.7/site-packages/airflow/example_dags/example_xcomargs.py took 0.111 seconds
[2023-08-13T20:18:16.139+0000] {processor.py:157} INFO - Started process (PID=1657) to work on /home/airflow/.local/lib/python3.7/site-packages/airflow/example_dags/example_xcomargs.py
[2023-08-13T20:18:16.141+0000] {processor.py:826} INFO - Processing file /home/airflow/.local/lib/python3.7/site-packages/airflow/example_dags/example_xcomargs.py for tasks to queue
[2023-08-13T20:18:16.142+0000] {logging_mixin.py:150} INFO - [2023-08-13T20:18:16.142+0000] {dagbag.py:541} INFO - Filling up the DagBag from /home/airflow/.local/lib/python3.7/site-packages/airflow/example_dags/example_xcomargs.py
[2023-08-13T20:18:16.153+0000] {processor.py:836} INFO - DAG(s) dict_keys(['example_xcom_args_with_operators', 'example_xcom_args']) retrieved from /home/airflow/.local/lib/python3.7/site-packages/airflow/example_dags/example_xcomargs.py
[2023-08-13T20:18:16.190+0000] {logging_mixin.py:150} INFO - [2023-08-13T20:18:16.190+0000] {dag.py:2742} INFO - Sync 2 DAGs
[2023-08-13T20:18:16.229+0000] {logging_mixin.py:150} INFO - [2023-08-13T20:18:16.229+0000] {dag.py:3508} INFO - Setting next_dagrun for example_xcom_args to None, run_after=None
[2023-08-13T20:18:16.236+0000] {logging_mixin.py:150} INFO - [2023-08-13T20:18:16.236+0000] {dag.py:3508} INFO - Setting next_dagrun for example_xcom_args_with_operators to None, run_after=None
[2023-08-13T20:18:16.267+0000] {processor.py:179} INFO - Processing /home/airflow/.local/lib/python3.7/site-packages/airflow/example_dags/example_xcomargs.py took 0.131 seconds
[2023-08-13T20:18:46.615+0000] {processor.py:157} INFO - Started process (PID=1724) to work on /home/airflow/.local/lib/python3.7/site-packages/airflow/example_dags/example_xcomargs.py
[2023-08-13T20:18:46.616+0000] {processor.py:826} INFO - Processing file /home/airflow/.local/lib/python3.7/site-packages/airflow/example_dags/example_xcomargs.py for tasks to queue
[2023-08-13T20:18:46.617+0000] {logging_mixin.py:150} INFO - [2023-08-13T20:18:46.617+0000] {dagbag.py:541} INFO - Filling up the DagBag from /home/airflow/.local/lib/python3.7/site-packages/airflow/example_dags/example_xcomargs.py
[2023-08-13T20:18:46.628+0000] {processor.py:836} INFO - DAG(s) dict_keys(['example_xcom_args_with_operators', 'example_xcom_args']) retrieved from /home/airflow/.local/lib/python3.7/site-packages/airflow/example_dags/example_xcomargs.py
[2023-08-13T20:18:46.665+0000] {logging_mixin.py:150} INFO - [2023-08-13T20:18:46.665+0000] {dag.py:2742} INFO - Sync 2 DAGs
[2023-08-13T20:18:46.701+0000] {logging_mixin.py:150} INFO - [2023-08-13T20:18:46.701+0000] {dag.py:3508} INFO - Setting next_dagrun for example_xcom_args to None, run_after=None
[2023-08-13T20:18:46.707+0000] {logging_mixin.py:150} INFO - [2023-08-13T20:18:46.707+0000] {dag.py:3508} INFO - Setting next_dagrun for example_xcom_args_with_operators to None, run_after=None
[2023-08-13T20:18:46.735+0000] {processor.py:179} INFO - Processing /home/airflow/.local/lib/python3.7/site-packages/airflow/example_dags/example_xcomargs.py took 0.124 seconds
[2023-08-13T20:19:17.068+0000] {processor.py:157} INFO - Started process (PID=1790) to work on /home/airflow/.local/lib/python3.7/site-packages/airflow/example_dags/example_xcomargs.py
[2023-08-13T20:19:17.070+0000] {processor.py:826} INFO - Processing file /home/airflow/.local/lib/python3.7/site-packages/airflow/example_dags/example_xcomargs.py for tasks to queue
[2023-08-13T20:19:17.071+0000] {logging_mixin.py:150} INFO - [2023-08-13T20:19:17.070+0000] {dagbag.py:541} INFO - Filling up the DagBag from /home/airflow/.local/lib/python3.7/site-packages/airflow/example_dags/example_xcomargs.py
[2023-08-13T20:19:17.081+0000] {processor.py:836} INFO - DAG(s) dict_keys(['example_xcom_args_with_operators', 'example_xcom_args']) retrieved from /home/airflow/.local/lib/python3.7/site-packages/airflow/example_dags/example_xcomargs.py
[2023-08-13T20:19:17.114+0000] {logging_mixin.py:150} INFO - [2023-08-13T20:19:17.114+0000] {dag.py:2742} INFO - Sync 2 DAGs
[2023-08-13T20:19:17.150+0000] {logging_mixin.py:150} INFO - [2023-08-13T20:19:17.149+0000] {dag.py:3508} INFO - Setting next_dagrun for example_xcom_args to None, run_after=None
[2023-08-13T20:19:17.154+0000] {logging_mixin.py:150} INFO - [2023-08-13T20:19:17.154+0000] {dag.py:3508} INFO - Setting next_dagrun for example_xcom_args_with_operators to None, run_after=None
[2023-08-13T20:19:17.184+0000] {processor.py:179} INFO - Processing /home/airflow/.local/lib/python3.7/site-packages/airflow/example_dags/example_xcomargs.py took 0.119 seconds
[2023-08-13T20:19:47.609+0000] {processor.py:157} INFO - Started process (PID=1856) to work on /home/airflow/.local/lib/python3.7/site-packages/airflow/example_dags/example_xcomargs.py
[2023-08-13T20:19:47.610+0000] {processor.py:826} INFO - Processing file /home/airflow/.local/lib/python3.7/site-packages/airflow/example_dags/example_xcomargs.py for tasks to queue
[2023-08-13T20:19:47.611+0000] {logging_mixin.py:150} INFO - [2023-08-13T20:19:47.611+0000] {dagbag.py:541} INFO - Filling up the DagBag from /home/airflow/.local/lib/python3.7/site-packages/airflow/example_dags/example_xcomargs.py
[2023-08-13T20:19:47.621+0000] {processor.py:836} INFO - DAG(s) dict_keys(['example_xcom_args_with_operators', 'example_xcom_args']) retrieved from /home/airflow/.local/lib/python3.7/site-packages/airflow/example_dags/example_xcomargs.py
[2023-08-13T20:19:47.650+0000] {logging_mixin.py:150} INFO - [2023-08-13T20:19:47.650+0000] {dag.py:2742} INFO - Sync 2 DAGs
[2023-08-13T20:19:47.685+0000] {logging_mixin.py:150} INFO - [2023-08-13T20:19:47.685+0000] {dag.py:3508} INFO - Setting next_dagrun for example_xcom_args to None, run_after=None
[2023-08-13T20:19:47.690+0000] {logging_mixin.py:150} INFO - [2023-08-13T20:19:47.690+0000] {dag.py:3508} INFO - Setting next_dagrun for example_xcom_args_with_operators to None, run_after=None
[2023-08-13T20:19:47.715+0000] {processor.py:179} INFO - Processing /home/airflow/.local/lib/python3.7/site-packages/airflow/example_dags/example_xcomargs.py took 0.110 seconds
[2023-08-13T20:20:17.939+0000] {processor.py:157} INFO - Started process (PID=1924) to work on /home/airflow/.local/lib/python3.7/site-packages/airflow/example_dags/example_xcomargs.py
[2023-08-13T20:20:17.940+0000] {processor.py:826} INFO - Processing file /home/airflow/.local/lib/python3.7/site-packages/airflow/example_dags/example_xcomargs.py for tasks to queue
[2023-08-13T20:20:17.941+0000] {logging_mixin.py:150} INFO - [2023-08-13T20:20:17.941+0000] {dagbag.py:541} INFO - Filling up the DagBag from /home/airflow/.local/lib/python3.7/site-packages/airflow/example_dags/example_xcomargs.py
[2023-08-13T20:20:17.949+0000] {processor.py:836} INFO - DAG(s) dict_keys(['example_xcom_args', 'example_xcom_args_with_operators']) retrieved from /home/airflow/.local/lib/python3.7/site-packages/airflow/example_dags/example_xcomargs.py
[2023-08-13T20:20:17.977+0000] {logging_mixin.py:150} INFO - [2023-08-13T20:20:17.977+0000] {dag.py:2742} INFO - Sync 2 DAGs
[2023-08-13T20:20:18.011+0000] {logging_mixin.py:150} INFO - [2023-08-13T20:20:18.011+0000] {dag.py:3508} INFO - Setting next_dagrun for example_xcom_args to None, run_after=None
[2023-08-13T20:20:18.016+0000] {logging_mixin.py:150} INFO - [2023-08-13T20:20:18.015+0000] {dag.py:3508} INFO - Setting next_dagrun for example_xcom_args_with_operators to None, run_after=None
[2023-08-13T20:20:18.039+0000] {processor.py:179} INFO - Processing /home/airflow/.local/lib/python3.7/site-packages/airflow/example_dags/example_xcomargs.py took 0.102 seconds
[2023-08-13T20:20:48.613+0000] {processor.py:157} INFO - Started process (PID=1988) to work on /home/airflow/.local/lib/python3.7/site-packages/airflow/example_dags/example_xcomargs.py
[2023-08-13T20:20:48.615+0000] {processor.py:826} INFO - Processing file /home/airflow/.local/lib/python3.7/site-packages/airflow/example_dags/example_xcomargs.py for tasks to queue
[2023-08-13T20:20:48.616+0000] {logging_mixin.py:150} INFO - [2023-08-13T20:20:48.616+0000] {dagbag.py:541} INFO - Filling up the DagBag from /home/airflow/.local/lib/python3.7/site-packages/airflow/example_dags/example_xcomargs.py
[2023-08-13T20:20:48.626+0000] {processor.py:836} INFO - DAG(s) dict_keys(['example_xcom_args_with_operators', 'example_xcom_args']) retrieved from /home/airflow/.local/lib/python3.7/site-packages/airflow/example_dags/example_xcomargs.py
[2023-08-13T20:20:48.669+0000] {logging_mixin.py:150} INFO - [2023-08-13T20:20:48.669+0000] {dag.py:2742} INFO - Sync 2 DAGs
[2023-08-13T20:20:48.715+0000] {logging_mixin.py:150} INFO - [2023-08-13T20:20:48.714+0000] {dag.py:3508} INFO - Setting next_dagrun for example_xcom_args to None, run_after=None
[2023-08-13T20:20:48.721+0000] {logging_mixin.py:150} INFO - [2023-08-13T20:20:48.721+0000] {dag.py:3508} INFO - Setting next_dagrun for example_xcom_args_with_operators to None, run_after=None
[2023-08-13T20:20:48.750+0000] {processor.py:179} INFO - Processing /home/airflow/.local/lib/python3.7/site-packages/airflow/example_dags/example_xcomargs.py took 0.141 seconds
[2023-08-13T20:21:19.158+0000] {processor.py:157} INFO - Started process (PID=2055) to work on /home/airflow/.local/lib/python3.7/site-packages/airflow/example_dags/example_xcomargs.py
[2023-08-13T20:21:19.160+0000] {processor.py:826} INFO - Processing file /home/airflow/.local/lib/python3.7/site-packages/airflow/example_dags/example_xcomargs.py for tasks to queue
[2023-08-13T20:21:19.161+0000] {logging_mixin.py:150} INFO - [2023-08-13T20:21:19.161+0000] {dagbag.py:541} INFO - Filling up the DagBag from /home/airflow/.local/lib/python3.7/site-packages/airflow/example_dags/example_xcomargs.py
[2023-08-13T20:21:19.173+0000] {processor.py:836} INFO - DAG(s) dict_keys(['example_xcom_args_with_operators', 'example_xcom_args']) retrieved from /home/airflow/.local/lib/python3.7/site-packages/airflow/example_dags/example_xcomargs.py
[2023-08-13T20:21:19.221+0000] {logging_mixin.py:150} INFO - [2023-08-13T20:21:19.221+0000] {dag.py:2742} INFO - Sync 2 DAGs
[2023-08-13T20:21:19.273+0000] {logging_mixin.py:150} INFO - [2023-08-13T20:21:19.273+0000] {dag.py:3508} INFO - Setting next_dagrun for example_xcom_args to None, run_after=None
[2023-08-13T20:21:19.282+0000] {logging_mixin.py:150} INFO - [2023-08-13T20:21:19.281+0000] {dag.py:3508} INFO - Setting next_dagrun for example_xcom_args_with_operators to None, run_after=None
[2023-08-13T20:21:19.314+0000] {processor.py:179} INFO - Processing /home/airflow/.local/lib/python3.7/site-packages/airflow/example_dags/example_xcomargs.py took 0.161 seconds
[2023-08-13T20:21:51.548+0000] {processor.py:157} INFO - Started process (PID=2120) to work on /home/airflow/.local/lib/python3.7/site-packages/airflow/example_dags/example_xcomargs.py
[2023-08-13T20:21:51.550+0000] {processor.py:826} INFO - Processing file /home/airflow/.local/lib/python3.7/site-packages/airflow/example_dags/example_xcomargs.py for tasks to queue
[2023-08-13T20:21:51.552+0000] {logging_mixin.py:150} INFO - [2023-08-13T20:21:51.552+0000] {dagbag.py:541} INFO - Filling up the DagBag from /home/airflow/.local/lib/python3.7/site-packages/airflow/example_dags/example_xcomargs.py
[2023-08-13T20:21:51.566+0000] {processor.py:836} INFO - DAG(s) dict_keys(['example_xcom_args', 'example_xcom_args_with_operators']) retrieved from /home/airflow/.local/lib/python3.7/site-packages/airflow/example_dags/example_xcomargs.py
[2023-08-13T20:21:51.616+0000] {logging_mixin.py:150} INFO - [2023-08-13T20:21:51.616+0000] {dag.py:2742} INFO - Sync 2 DAGs
[2023-08-13T20:21:51.669+0000] {logging_mixin.py:150} INFO - [2023-08-13T20:21:51.669+0000] {dag.py:3508} INFO - Setting next_dagrun for example_xcom_args to None, run_after=None
[2023-08-13T20:21:51.682+0000] {logging_mixin.py:150} INFO - [2023-08-13T20:21:51.682+0000] {dag.py:3508} INFO - Setting next_dagrun for example_xcom_args_with_operators to None, run_after=None
[2023-08-13T20:21:51.718+0000] {processor.py:179} INFO - Processing /home/airflow/.local/lib/python3.7/site-packages/airflow/example_dags/example_xcomargs.py took 0.174 seconds
[2023-08-13T20:22:22.324+0000] {processor.py:157} INFO - Started process (PID=2173) to work on /home/airflow/.local/lib/python3.7/site-packages/airflow/example_dags/example_xcomargs.py
[2023-08-13T20:22:22.326+0000] {processor.py:826} INFO - Processing file /home/airflow/.local/lib/python3.7/site-packages/airflow/example_dags/example_xcomargs.py for tasks to queue
[2023-08-13T20:22:22.327+0000] {logging_mixin.py:150} INFO - [2023-08-13T20:22:22.327+0000] {dagbag.py:541} INFO - Filling up the DagBag from /home/airflow/.local/lib/python3.7/site-packages/airflow/example_dags/example_xcomargs.py
[2023-08-13T20:22:22.340+0000] {processor.py:836} INFO - DAG(s) dict_keys(['example_xcom_args', 'example_xcom_args_with_operators']) retrieved from /home/airflow/.local/lib/python3.7/site-packages/airflow/example_dags/example_xcomargs.py
[2023-08-13T20:22:22.384+0000] {logging_mixin.py:150} INFO - [2023-08-13T20:22:22.384+0000] {dag.py:2742} INFO - Sync 2 DAGs
[2023-08-13T20:22:22.433+0000] {logging_mixin.py:150} INFO - [2023-08-13T20:22:22.433+0000] {dag.py:3508} INFO - Setting next_dagrun for example_xcom_args to None, run_after=None
[2023-08-13T20:22:22.439+0000] {logging_mixin.py:150} INFO - [2023-08-13T20:22:22.438+0000] {dag.py:3508} INFO - Setting next_dagrun for example_xcom_args_with_operators to None, run_after=None
[2023-08-13T20:22:22.464+0000] {processor.py:179} INFO - Processing /home/airflow/.local/lib/python3.7/site-packages/airflow/example_dags/example_xcomargs.py took 0.144 seconds
[2023-08-13T20:22:53.263+0000] {processor.py:157} INFO - Started process (PID=2240) to work on /home/airflow/.local/lib/python3.7/site-packages/airflow/example_dags/example_xcomargs.py
[2023-08-13T20:22:53.265+0000] {processor.py:826} INFO - Processing file /home/airflow/.local/lib/python3.7/site-packages/airflow/example_dags/example_xcomargs.py for tasks to queue
[2023-08-13T20:22:53.268+0000] {logging_mixin.py:150} INFO - [2023-08-13T20:22:53.267+0000] {dagbag.py:541} INFO - Filling up the DagBag from /home/airflow/.local/lib/python3.7/site-packages/airflow/example_dags/example_xcomargs.py
[2023-08-13T20:22:53.283+0000] {processor.py:836} INFO - DAG(s) dict_keys(['example_xcom_args', 'example_xcom_args_with_operators']) retrieved from /home/airflow/.local/lib/python3.7/site-packages/airflow/example_dags/example_xcomargs.py
[2023-08-13T20:22:53.336+0000] {logging_mixin.py:150} INFO - [2023-08-13T20:22:53.335+0000] {dag.py:2742} INFO - Sync 2 DAGs
[2023-08-13T20:22:53.389+0000] {logging_mixin.py:150} INFO - [2023-08-13T20:22:53.389+0000] {dag.py:3508} INFO - Setting next_dagrun for example_xcom_args to None, run_after=None
[2023-08-13T20:22:53.397+0000] {logging_mixin.py:150} INFO - [2023-08-13T20:22:53.396+0000] {dag.py:3508} INFO - Setting next_dagrun for example_xcom_args_with_operators to None, run_after=None
[2023-08-13T20:22:53.425+0000] {processor.py:179} INFO - Processing /home/airflow/.local/lib/python3.7/site-packages/airflow/example_dags/example_xcomargs.py took 0.167 seconds
