[2023-08-13T18:41:08.243+0000] {processor.py:157} INFO - Started process (PID=37) to work on /home/airflow/.local/lib/python3.7/site-packages/airflow/example_dags/example_branch_labels.py
[2023-08-13T18:41:08.244+0000] {processor.py:826} INFO - Processing file /home/airflow/.local/lib/python3.7/site-packages/airflow/example_dags/example_branch_labels.py for tasks to queue
[2023-08-13T18:41:08.245+0000] {logging_mixin.py:150} INFO - [2023-08-13T18:41:08.245+0000] {dagbag.py:541} INFO - Filling up the DagBag from /home/airflow/.local/lib/python3.7/site-packages/airflow/example_dags/example_branch_labels.py
[2023-08-13T18:41:08.256+0000] {processor.py:836} INFO - DAG(s) dict_keys(['example_branch_labels']) retrieved from /home/airflow/.local/lib/python3.7/site-packages/airflow/example_dags/example_branch_labels.py
[2023-08-13T18:41:08.274+0000] {logging_mixin.py:150} INFO - [2023-08-13T18:41:08.273+0000] {dag.py:2742} INFO - Sync 1 DAGs
[2023-08-13T18:41:08.305+0000] {logging_mixin.py:150} INFO - [2023-08-13T18:41:08.305+0000] {dag.py:3508} INFO - Setting next_dagrun for example_branch_labels to 2023-08-12T00:00:00+00:00, run_after=2023-08-13T00:00:00+00:00
[2023-08-13T18:41:08.332+0000] {processor.py:179} INFO - Processing /home/airflow/.local/lib/python3.7/site-packages/airflow/example_dags/example_branch_labels.py took 0.092 seconds
[2023-08-13T18:41:38.370+0000] {processor.py:157} INFO - Started process (PID=101) to work on /home/airflow/.local/lib/python3.7/site-packages/airflow/example_dags/example_branch_labels.py
[2023-08-13T18:41:38.371+0000] {processor.py:826} INFO - Processing file /home/airflow/.local/lib/python3.7/site-packages/airflow/example_dags/example_branch_labels.py for tasks to queue
[2023-08-13T18:41:38.372+0000] {logging_mixin.py:150} INFO - [2023-08-13T18:41:38.372+0000] {dagbag.py:541} INFO - Filling up the DagBag from /home/airflow/.local/lib/python3.7/site-packages/airflow/example_dags/example_branch_labels.py
[2023-08-13T18:41:38.378+0000] {processor.py:836} INFO - DAG(s) dict_keys(['example_branch_labels']) retrieved from /home/airflow/.local/lib/python3.7/site-packages/airflow/example_dags/example_branch_labels.py
[2023-08-13T18:41:38.401+0000] {logging_mixin.py:150} INFO - [2023-08-13T18:41:38.401+0000] {dag.py:2742} INFO - Sync 1 DAGs
[2023-08-13T18:41:38.425+0000] {logging_mixin.py:150} INFO - [2023-08-13T18:41:38.425+0000] {dag.py:3508} INFO - Setting next_dagrun for example_branch_labels to 2023-08-12T00:00:00+00:00, run_after=2023-08-13T00:00:00+00:00
[2023-08-13T18:41:38.447+0000] {processor.py:179} INFO - Processing /home/airflow/.local/lib/python3.7/site-packages/airflow/example_dags/example_branch_labels.py took 0.079 seconds
[2023-08-13T18:42:08.942+0000] {processor.py:157} INFO - Started process (PID=166) to work on /home/airflow/.local/lib/python3.7/site-packages/airflow/example_dags/example_branch_labels.py
[2023-08-13T18:42:08.944+0000] {processor.py:826} INFO - Processing file /home/airflow/.local/lib/python3.7/site-packages/airflow/example_dags/example_branch_labels.py for tasks to queue
[2023-08-13T18:42:08.945+0000] {logging_mixin.py:150} INFO - [2023-08-13T18:42:08.945+0000] {dagbag.py:541} INFO - Filling up the DagBag from /home/airflow/.local/lib/python3.7/site-packages/airflow/example_dags/example_branch_labels.py
[2023-08-13T18:42:08.954+0000] {processor.py:836} INFO - DAG(s) dict_keys(['example_branch_labels']) retrieved from /home/airflow/.local/lib/python3.7/site-packages/airflow/example_dags/example_branch_labels.py
[2023-08-13T18:42:08.987+0000] {logging_mixin.py:150} INFO - [2023-08-13T18:42:08.986+0000] {dag.py:2742} INFO - Sync 1 DAGs
[2023-08-13T18:42:09.033+0000] {logging_mixin.py:150} INFO - [2023-08-13T18:42:09.033+0000] {dag.py:3508} INFO - Setting next_dagrun for example_branch_labels to 2023-08-12T00:00:00+00:00, run_after=2023-08-13T00:00:00+00:00
[2023-08-13T18:42:09.066+0000] {processor.py:179} INFO - Processing /home/airflow/.local/lib/python3.7/site-packages/airflow/example_dags/example_branch_labels.py took 0.128 seconds
[2023-08-13T18:42:39.293+0000] {processor.py:157} INFO - Started process (PID=231) to work on /home/airflow/.local/lib/python3.7/site-packages/airflow/example_dags/example_branch_labels.py
[2023-08-13T18:42:39.294+0000] {processor.py:826} INFO - Processing file /home/airflow/.local/lib/python3.7/site-packages/airflow/example_dags/example_branch_labels.py for tasks to queue
[2023-08-13T18:42:39.296+0000] {logging_mixin.py:150} INFO - [2023-08-13T18:42:39.295+0000] {dagbag.py:541} INFO - Filling up the DagBag from /home/airflow/.local/lib/python3.7/site-packages/airflow/example_dags/example_branch_labels.py
[2023-08-13T18:42:39.304+0000] {processor.py:836} INFO - DAG(s) dict_keys(['example_branch_labels']) retrieved from /home/airflow/.local/lib/python3.7/site-packages/airflow/example_dags/example_branch_labels.py
[2023-08-13T18:42:39.331+0000] {logging_mixin.py:150} INFO - [2023-08-13T18:42:39.331+0000] {dag.py:2742} INFO - Sync 1 DAGs
[2023-08-13T18:42:39.360+0000] {logging_mixin.py:150} INFO - [2023-08-13T18:42:39.360+0000] {dag.py:3508} INFO - Setting next_dagrun for example_branch_labels to 2023-08-12T00:00:00+00:00, run_after=2023-08-13T00:00:00+00:00
[2023-08-13T18:42:39.382+0000] {processor.py:179} INFO - Processing /home/airflow/.local/lib/python3.7/site-packages/airflow/example_dags/example_branch_labels.py took 0.092 seconds
[2023-08-13T18:43:09.705+0000] {processor.py:157} INFO - Started process (PID=296) to work on /home/airflow/.local/lib/python3.7/site-packages/airflow/example_dags/example_branch_labels.py
[2023-08-13T18:43:09.707+0000] {processor.py:826} INFO - Processing file /home/airflow/.local/lib/python3.7/site-packages/airflow/example_dags/example_branch_labels.py for tasks to queue
[2023-08-13T18:43:09.708+0000] {logging_mixin.py:150} INFO - [2023-08-13T18:43:09.708+0000] {dagbag.py:541} INFO - Filling up the DagBag from /home/airflow/.local/lib/python3.7/site-packages/airflow/example_dags/example_branch_labels.py
[2023-08-13T18:43:09.717+0000] {processor.py:836} INFO - DAG(s) dict_keys(['example_branch_labels']) retrieved from /home/airflow/.local/lib/python3.7/site-packages/airflow/example_dags/example_branch_labels.py
[2023-08-13T18:43:09.744+0000] {logging_mixin.py:150} INFO - [2023-08-13T18:43:09.743+0000] {dag.py:2742} INFO - Sync 1 DAGs
[2023-08-13T18:43:09.777+0000] {logging_mixin.py:150} INFO - [2023-08-13T18:43:09.777+0000] {dag.py:3508} INFO - Setting next_dagrun for example_branch_labels to 2023-08-12T00:00:00+00:00, run_after=2023-08-13T00:00:00+00:00
[2023-08-13T18:43:09.802+0000] {processor.py:179} INFO - Processing /home/airflow/.local/lib/python3.7/site-packages/airflow/example_dags/example_branch_labels.py took 0.100 seconds
[2023-08-13T18:43:40.324+0000] {processor.py:157} INFO - Started process (PID=361) to work on /home/airflow/.local/lib/python3.7/site-packages/airflow/example_dags/example_branch_labels.py
[2023-08-13T18:43:40.325+0000] {processor.py:826} INFO - Processing file /home/airflow/.local/lib/python3.7/site-packages/airflow/example_dags/example_branch_labels.py for tasks to queue
[2023-08-13T18:43:40.327+0000] {logging_mixin.py:150} INFO - [2023-08-13T18:43:40.326+0000] {dagbag.py:541} INFO - Filling up the DagBag from /home/airflow/.local/lib/python3.7/site-packages/airflow/example_dags/example_branch_labels.py
[2023-08-13T18:43:40.340+0000] {processor.py:836} INFO - DAG(s) dict_keys(['example_branch_labels']) retrieved from /home/airflow/.local/lib/python3.7/site-packages/airflow/example_dags/example_branch_labels.py
[2023-08-13T18:43:40.389+0000] {logging_mixin.py:150} INFO - [2023-08-13T18:43:40.388+0000] {dag.py:2742} INFO - Sync 1 DAGs
[2023-08-13T18:43:40.441+0000] {logging_mixin.py:150} INFO - [2023-08-13T18:43:40.441+0000] {dag.py:3508} INFO - Setting next_dagrun for example_branch_labels to 2023-08-12T00:00:00+00:00, run_after=2023-08-13T00:00:00+00:00
[2023-08-13T18:43:40.480+0000] {processor.py:179} INFO - Processing /home/airflow/.local/lib/python3.7/site-packages/airflow/example_dags/example_branch_labels.py took 0.162 seconds
[2023-08-13T18:44:10.537+0000] {processor.py:157} INFO - Started process (PID=426) to work on /home/airflow/.local/lib/python3.7/site-packages/airflow/example_dags/example_branch_labels.py
[2023-08-13T18:44:10.538+0000] {processor.py:826} INFO - Processing file /home/airflow/.local/lib/python3.7/site-packages/airflow/example_dags/example_branch_labels.py for tasks to queue
[2023-08-13T18:44:10.539+0000] {logging_mixin.py:150} INFO - [2023-08-13T18:44:10.539+0000] {dagbag.py:541} INFO - Filling up the DagBag from /home/airflow/.local/lib/python3.7/site-packages/airflow/example_dags/example_branch_labels.py
[2023-08-13T18:44:10.545+0000] {processor.py:836} INFO - DAG(s) dict_keys(['example_branch_labels']) retrieved from /home/airflow/.local/lib/python3.7/site-packages/airflow/example_dags/example_branch_labels.py
[2023-08-13T18:44:10.568+0000] {logging_mixin.py:150} INFO - [2023-08-13T18:44:10.568+0000] {dag.py:2742} INFO - Sync 1 DAGs
[2023-08-13T18:44:10.593+0000] {logging_mixin.py:150} INFO - [2023-08-13T18:44:10.593+0000] {dag.py:3508} INFO - Setting next_dagrun for example_branch_labels to 2023-08-12T00:00:00+00:00, run_after=2023-08-13T00:00:00+00:00
[2023-08-13T18:44:10.615+0000] {processor.py:179} INFO - Processing /home/airflow/.local/lib/python3.7/site-packages/airflow/example_dags/example_branch_labels.py took 0.081 seconds
[2023-08-13T18:44:40.884+0000] {processor.py:157} INFO - Started process (PID=491) to work on /home/airflow/.local/lib/python3.7/site-packages/airflow/example_dags/example_branch_labels.py
[2023-08-13T18:44:40.886+0000] {processor.py:826} INFO - Processing file /home/airflow/.local/lib/python3.7/site-packages/airflow/example_dags/example_branch_labels.py for tasks to queue
[2023-08-13T18:44:40.887+0000] {logging_mixin.py:150} INFO - [2023-08-13T18:44:40.886+0000] {dagbag.py:541} INFO - Filling up the DagBag from /home/airflow/.local/lib/python3.7/site-packages/airflow/example_dags/example_branch_labels.py
[2023-08-13T18:44:40.896+0000] {processor.py:836} INFO - DAG(s) dict_keys(['example_branch_labels']) retrieved from /home/airflow/.local/lib/python3.7/site-packages/airflow/example_dags/example_branch_labels.py
[2023-08-13T18:44:40.928+0000] {logging_mixin.py:150} INFO - [2023-08-13T18:44:40.927+0000] {dag.py:2742} INFO - Sync 1 DAGs
[2023-08-13T18:44:40.961+0000] {logging_mixin.py:150} INFO - [2023-08-13T18:44:40.960+0000] {dag.py:3508} INFO - Setting next_dagrun for example_branch_labels to 2023-08-12T00:00:00+00:00, run_after=2023-08-13T00:00:00+00:00
[2023-08-13T18:44:40.992+0000] {processor.py:179} INFO - Processing /home/airflow/.local/lib/python3.7/site-packages/airflow/example_dags/example_branch_labels.py took 0.112 seconds
[2023-08-13T18:45:11.575+0000] {processor.py:157} INFO - Started process (PID=556) to work on /home/airflow/.local/lib/python3.7/site-packages/airflow/example_dags/example_branch_labels.py
[2023-08-13T18:45:11.576+0000] {processor.py:826} INFO - Processing file /home/airflow/.local/lib/python3.7/site-packages/airflow/example_dags/example_branch_labels.py for tasks to queue
[2023-08-13T18:45:11.577+0000] {logging_mixin.py:150} INFO - [2023-08-13T18:45:11.577+0000] {dagbag.py:541} INFO - Filling up the DagBag from /home/airflow/.local/lib/python3.7/site-packages/airflow/example_dags/example_branch_labels.py
[2023-08-13T18:45:11.587+0000] {processor.py:836} INFO - DAG(s) dict_keys(['example_branch_labels']) retrieved from /home/airflow/.local/lib/python3.7/site-packages/airflow/example_dags/example_branch_labels.py
[2023-08-13T18:45:11.622+0000] {logging_mixin.py:150} INFO - [2023-08-13T18:45:11.621+0000] {dag.py:2742} INFO - Sync 1 DAGs
[2023-08-13T18:45:11.656+0000] {logging_mixin.py:150} INFO - [2023-08-13T18:45:11.656+0000] {dag.py:3508} INFO - Setting next_dagrun for example_branch_labels to 2023-08-12T00:00:00+00:00, run_after=2023-08-13T00:00:00+00:00
[2023-08-13T18:45:11.687+0000] {processor.py:179} INFO - Processing /home/airflow/.local/lib/python3.7/site-packages/airflow/example_dags/example_branch_labels.py took 0.114 seconds
[2023-08-13T18:45:42.020+0000] {processor.py:157} INFO - Started process (PID=621) to work on /home/airflow/.local/lib/python3.7/site-packages/airflow/example_dags/example_branch_labels.py
[2023-08-13T18:45:42.021+0000] {processor.py:826} INFO - Processing file /home/airflow/.local/lib/python3.7/site-packages/airflow/example_dags/example_branch_labels.py for tasks to queue
[2023-08-13T18:45:42.022+0000] {logging_mixin.py:150} INFO - [2023-08-13T18:45:42.021+0000] {dagbag.py:541} INFO - Filling up the DagBag from /home/airflow/.local/lib/python3.7/site-packages/airflow/example_dags/example_branch_labels.py
[2023-08-13T18:45:42.029+0000] {processor.py:836} INFO - DAG(s) dict_keys(['example_branch_labels']) retrieved from /home/airflow/.local/lib/python3.7/site-packages/airflow/example_dags/example_branch_labels.py
[2023-08-13T18:45:42.058+0000] {logging_mixin.py:150} INFO - [2023-08-13T18:45:42.058+0000] {dag.py:2742} INFO - Sync 1 DAGs
[2023-08-13T18:45:42.096+0000] {logging_mixin.py:150} INFO - [2023-08-13T18:45:42.096+0000] {dag.py:3508} INFO - Setting next_dagrun for example_branch_labels to 2023-08-12T00:00:00+00:00, run_after=2023-08-13T00:00:00+00:00
[2023-08-13T18:45:42.123+0000] {processor.py:179} INFO - Processing /home/airflow/.local/lib/python3.7/site-packages/airflow/example_dags/example_branch_labels.py took 0.106 seconds
[2023-08-13T18:46:12.241+0000] {processor.py:157} INFO - Started process (PID=686) to work on /home/airflow/.local/lib/python3.7/site-packages/airflow/example_dags/example_branch_labels.py
[2023-08-13T18:46:12.242+0000] {processor.py:826} INFO - Processing file /home/airflow/.local/lib/python3.7/site-packages/airflow/example_dags/example_branch_labels.py for tasks to queue
[2023-08-13T18:46:12.243+0000] {logging_mixin.py:150} INFO - [2023-08-13T18:46:12.243+0000] {dagbag.py:541} INFO - Filling up the DagBag from /home/airflow/.local/lib/python3.7/site-packages/airflow/example_dags/example_branch_labels.py
[2023-08-13T18:46:12.252+0000] {processor.py:836} INFO - DAG(s) dict_keys(['example_branch_labels']) retrieved from /home/airflow/.local/lib/python3.7/site-packages/airflow/example_dags/example_branch_labels.py
[2023-08-13T18:46:12.281+0000] {logging_mixin.py:150} INFO - [2023-08-13T18:46:12.281+0000] {dag.py:2742} INFO - Sync 1 DAGs
[2023-08-13T18:46:12.313+0000] {logging_mixin.py:150} INFO - [2023-08-13T18:46:12.312+0000] {dag.py:3508} INFO - Setting next_dagrun for example_branch_labels to 2023-08-12T00:00:00+00:00, run_after=2023-08-13T00:00:00+00:00
[2023-08-13T18:46:12.337+0000] {processor.py:179} INFO - Processing /home/airflow/.local/lib/python3.7/site-packages/airflow/example_dags/example_branch_labels.py took 0.099 seconds
[2023-08-13T18:46:42.557+0000] {processor.py:157} INFO - Started process (PID=751) to work on /home/airflow/.local/lib/python3.7/site-packages/airflow/example_dags/example_branch_labels.py
[2023-08-13T18:46:42.559+0000] {processor.py:826} INFO - Processing file /home/airflow/.local/lib/python3.7/site-packages/airflow/example_dags/example_branch_labels.py for tasks to queue
[2023-08-13T18:46:42.560+0000] {logging_mixin.py:150} INFO - [2023-08-13T18:46:42.560+0000] {dagbag.py:541} INFO - Filling up the DagBag from /home/airflow/.local/lib/python3.7/site-packages/airflow/example_dags/example_branch_labels.py
[2023-08-13T18:46:42.572+0000] {processor.py:836} INFO - DAG(s) dict_keys(['example_branch_labels']) retrieved from /home/airflow/.local/lib/python3.7/site-packages/airflow/example_dags/example_branch_labels.py
[2023-08-13T18:46:42.608+0000] {logging_mixin.py:150} INFO - [2023-08-13T18:46:42.608+0000] {dag.py:2742} INFO - Sync 1 DAGs
[2023-08-13T18:46:42.654+0000] {logging_mixin.py:150} INFO - [2023-08-13T18:46:42.653+0000] {dag.py:3508} INFO - Setting next_dagrun for example_branch_labels to 2023-08-12T00:00:00+00:00, run_after=2023-08-13T00:00:00+00:00
[2023-08-13T18:46:42.695+0000] {processor.py:179} INFO - Processing /home/airflow/.local/lib/python3.7/site-packages/airflow/example_dags/example_branch_labels.py took 0.142 seconds
[2023-08-13T18:47:12.871+0000] {processor.py:157} INFO - Started process (PID=816) to work on /home/airflow/.local/lib/python3.7/site-packages/airflow/example_dags/example_branch_labels.py
[2023-08-13T18:47:12.872+0000] {processor.py:826} INFO - Processing file /home/airflow/.local/lib/python3.7/site-packages/airflow/example_dags/example_branch_labels.py for tasks to queue
[2023-08-13T18:47:12.873+0000] {logging_mixin.py:150} INFO - [2023-08-13T18:47:12.873+0000] {dagbag.py:541} INFO - Filling up the DagBag from /home/airflow/.local/lib/python3.7/site-packages/airflow/example_dags/example_branch_labels.py
[2023-08-13T18:47:12.882+0000] {processor.py:836} INFO - DAG(s) dict_keys(['example_branch_labels']) retrieved from /home/airflow/.local/lib/python3.7/site-packages/airflow/example_dags/example_branch_labels.py
[2023-08-13T18:47:12.909+0000] {logging_mixin.py:150} INFO - [2023-08-13T18:47:12.909+0000] {dag.py:2742} INFO - Sync 1 DAGs
[2023-08-13T18:47:12.943+0000] {logging_mixin.py:150} INFO - [2023-08-13T18:47:12.942+0000] {dag.py:3508} INFO - Setting next_dagrun for example_branch_labels to 2023-08-12T00:00:00+00:00, run_after=2023-08-13T00:00:00+00:00
[2023-08-13T18:47:12.971+0000] {processor.py:179} INFO - Processing /home/airflow/.local/lib/python3.7/site-packages/airflow/example_dags/example_branch_labels.py took 0.103 seconds
[2023-08-13T18:47:43.274+0000] {processor.py:157} INFO - Started process (PID=881) to work on /home/airflow/.local/lib/python3.7/site-packages/airflow/example_dags/example_branch_labels.py
[2023-08-13T18:47:43.275+0000] {processor.py:826} INFO - Processing file /home/airflow/.local/lib/python3.7/site-packages/airflow/example_dags/example_branch_labels.py for tasks to queue
[2023-08-13T18:47:43.277+0000] {logging_mixin.py:150} INFO - [2023-08-13T18:47:43.277+0000] {dagbag.py:541} INFO - Filling up the DagBag from /home/airflow/.local/lib/python3.7/site-packages/airflow/example_dags/example_branch_labels.py
[2023-08-13T18:47:43.285+0000] {processor.py:836} INFO - DAG(s) dict_keys(['example_branch_labels']) retrieved from /home/airflow/.local/lib/python3.7/site-packages/airflow/example_dags/example_branch_labels.py
[2023-08-13T18:47:43.315+0000] {logging_mixin.py:150} INFO - [2023-08-13T18:47:43.315+0000] {dag.py:2742} INFO - Sync 1 DAGs
[2023-08-13T18:47:43.356+0000] {logging_mixin.py:150} INFO - [2023-08-13T18:47:43.356+0000] {dag.py:3508} INFO - Setting next_dagrun for example_branch_labels to 2023-08-12T00:00:00+00:00, run_after=2023-08-13T00:00:00+00:00
[2023-08-13T18:47:43.390+0000] {processor.py:179} INFO - Processing /home/airflow/.local/lib/python3.7/site-packages/airflow/example_dags/example_branch_labels.py took 0.120 seconds
[2023-08-13T18:48:13.643+0000] {processor.py:157} INFO - Started process (PID=946) to work on /home/airflow/.local/lib/python3.7/site-packages/airflow/example_dags/example_branch_labels.py
[2023-08-13T18:48:13.644+0000] {processor.py:826} INFO - Processing file /home/airflow/.local/lib/python3.7/site-packages/airflow/example_dags/example_branch_labels.py for tasks to queue
[2023-08-13T18:48:13.645+0000] {logging_mixin.py:150} INFO - [2023-08-13T18:48:13.645+0000] {dagbag.py:541} INFO - Filling up the DagBag from /home/airflow/.local/lib/python3.7/site-packages/airflow/example_dags/example_branch_labels.py
[2023-08-13T18:48:13.653+0000] {processor.py:836} INFO - DAG(s) dict_keys(['example_branch_labels']) retrieved from /home/airflow/.local/lib/python3.7/site-packages/airflow/example_dags/example_branch_labels.py
[2023-08-13T18:48:13.680+0000] {logging_mixin.py:150} INFO - [2023-08-13T18:48:13.680+0000] {dag.py:2742} INFO - Sync 1 DAGs
[2023-08-13T18:48:13.710+0000] {logging_mixin.py:150} INFO - [2023-08-13T18:48:13.710+0000] {dag.py:3508} INFO - Setting next_dagrun for example_branch_labels to 2023-08-12T00:00:00+00:00, run_after=2023-08-13T00:00:00+00:00
[2023-08-13T18:48:13.734+0000] {processor.py:179} INFO - Processing /home/airflow/.local/lib/python3.7/site-packages/airflow/example_dags/example_branch_labels.py took 0.094 seconds
[2023-08-13T18:48:44.388+0000] {processor.py:157} INFO - Started process (PID=1011) to work on /home/airflow/.local/lib/python3.7/site-packages/airflow/example_dags/example_branch_labels.py
[2023-08-13T18:48:44.389+0000] {processor.py:826} INFO - Processing file /home/airflow/.local/lib/python3.7/site-packages/airflow/example_dags/example_branch_labels.py for tasks to queue
[2023-08-13T18:48:44.390+0000] {logging_mixin.py:150} INFO - [2023-08-13T18:48:44.390+0000] {dagbag.py:541} INFO - Filling up the DagBag from /home/airflow/.local/lib/python3.7/site-packages/airflow/example_dags/example_branch_labels.py
[2023-08-13T18:48:44.398+0000] {processor.py:836} INFO - DAG(s) dict_keys(['example_branch_labels']) retrieved from /home/airflow/.local/lib/python3.7/site-packages/airflow/example_dags/example_branch_labels.py
[2023-08-13T18:48:44.423+0000] {logging_mixin.py:150} INFO - [2023-08-13T18:48:44.423+0000] {dag.py:2742} INFO - Sync 1 DAGs
[2023-08-13T18:48:44.450+0000] {logging_mixin.py:150} INFO - [2023-08-13T18:48:44.450+0000] {dag.py:3508} INFO - Setting next_dagrun for example_branch_labels to 2023-08-12T00:00:00+00:00, run_after=2023-08-13T00:00:00+00:00
[2023-08-13T18:48:44.471+0000] {processor.py:179} INFO - Processing /home/airflow/.local/lib/python3.7/site-packages/airflow/example_dags/example_branch_labels.py took 0.085 seconds
[2023-08-13T18:49:14.716+0000] {processor.py:157} INFO - Started process (PID=1076) to work on /home/airflow/.local/lib/python3.7/site-packages/airflow/example_dags/example_branch_labels.py
[2023-08-13T18:49:14.717+0000] {processor.py:826} INFO - Processing file /home/airflow/.local/lib/python3.7/site-packages/airflow/example_dags/example_branch_labels.py for tasks to queue
[2023-08-13T18:49:14.718+0000] {logging_mixin.py:150} INFO - [2023-08-13T18:49:14.718+0000] {dagbag.py:541} INFO - Filling up the DagBag from /home/airflow/.local/lib/python3.7/site-packages/airflow/example_dags/example_branch_labels.py
[2023-08-13T18:49:14.727+0000] {processor.py:836} INFO - DAG(s) dict_keys(['example_branch_labels']) retrieved from /home/airflow/.local/lib/python3.7/site-packages/airflow/example_dags/example_branch_labels.py
[2023-08-13T18:49:14.762+0000] {logging_mixin.py:150} INFO - [2023-08-13T18:49:14.762+0000] {dag.py:2742} INFO - Sync 1 DAGs
[2023-08-13T18:49:14.801+0000] {logging_mixin.py:150} INFO - [2023-08-13T18:49:14.801+0000] {dag.py:3508} INFO - Setting next_dagrun for example_branch_labels to 2023-08-12T00:00:00+00:00, run_after=2023-08-13T00:00:00+00:00
[2023-08-13T18:49:14.833+0000] {processor.py:179} INFO - Processing /home/airflow/.local/lib/python3.7/site-packages/airflow/example_dags/example_branch_labels.py took 0.122 seconds
[2023-08-13T18:49:45.255+0000] {processor.py:157} INFO - Started process (PID=1141) to work on /home/airflow/.local/lib/python3.7/site-packages/airflow/example_dags/example_branch_labels.py
[2023-08-13T18:49:45.257+0000] {processor.py:826} INFO - Processing file /home/airflow/.local/lib/python3.7/site-packages/airflow/example_dags/example_branch_labels.py for tasks to queue
[2023-08-13T18:49:45.259+0000] {logging_mixin.py:150} INFO - [2023-08-13T18:49:45.258+0000] {dagbag.py:541} INFO - Filling up the DagBag from /home/airflow/.local/lib/python3.7/site-packages/airflow/example_dags/example_branch_labels.py
[2023-08-13T18:49:45.271+0000] {processor.py:836} INFO - DAG(s) dict_keys(['example_branch_labels']) retrieved from /home/airflow/.local/lib/python3.7/site-packages/airflow/example_dags/example_branch_labels.py
[2023-08-13T18:49:45.317+0000] {logging_mixin.py:150} INFO - [2023-08-13T18:49:45.316+0000] {dag.py:2742} INFO - Sync 1 DAGs
[2023-08-13T18:49:45.373+0000] {logging_mixin.py:150} INFO - [2023-08-13T18:49:45.372+0000] {dag.py:3508} INFO - Setting next_dagrun for example_branch_labels to 2023-08-12T00:00:00+00:00, run_after=2023-08-13T00:00:00+00:00
[2023-08-13T18:49:45.419+0000] {processor.py:179} INFO - Processing /home/airflow/.local/lib/python3.7/site-packages/airflow/example_dags/example_branch_labels.py took 0.169 seconds
[2023-08-13T18:50:15.971+0000] {processor.py:157} INFO - Started process (PID=1206) to work on /home/airflow/.local/lib/python3.7/site-packages/airflow/example_dags/example_branch_labels.py
[2023-08-13T18:50:15.972+0000] {processor.py:826} INFO - Processing file /home/airflow/.local/lib/python3.7/site-packages/airflow/example_dags/example_branch_labels.py for tasks to queue
[2023-08-13T18:50:15.973+0000] {logging_mixin.py:150} INFO - [2023-08-13T18:50:15.973+0000] {dagbag.py:541} INFO - Filling up the DagBag from /home/airflow/.local/lib/python3.7/site-packages/airflow/example_dags/example_branch_labels.py
[2023-08-13T18:50:15.983+0000] {processor.py:836} INFO - DAG(s) dict_keys(['example_branch_labels']) retrieved from /home/airflow/.local/lib/python3.7/site-packages/airflow/example_dags/example_branch_labels.py
[2023-08-13T18:50:16.020+0000] {logging_mixin.py:150} INFO - [2023-08-13T18:50:16.019+0000] {dag.py:2742} INFO - Sync 1 DAGs
[2023-08-13T18:50:16.051+0000] {logging_mixin.py:150} INFO - [2023-08-13T18:50:16.051+0000] {dag.py:3508} INFO - Setting next_dagrun for example_branch_labels to 2023-08-12T00:00:00+00:00, run_after=2023-08-13T00:00:00+00:00
[2023-08-13T18:50:16.075+0000] {processor.py:179} INFO - Processing /home/airflow/.local/lib/python3.7/site-packages/airflow/example_dags/example_branch_labels.py took 0.109 seconds
