[2023-08-13T18:41:07.792+0000] {processor.py:157} INFO - Started process (PID=32) to work on /home/airflow/.local/lib/python3.7/site-packages/airflow/example_dags/example_params_ui_tutorial.py
[2023-08-13T18:41:07.794+0000] {processor.py:826} INFO - Processing file /home/airflow/.local/lib/python3.7/site-packages/airflow/example_dags/example_params_ui_tutorial.py for tasks to queue
[2023-08-13T18:41:07.795+0000] {logging_mixin.py:150} INFO - [2023-08-13T18:41:07.795+0000] {dagbag.py:541} INFO - Filling up the DagBag from /home/airflow/.local/lib/python3.7/site-packages/airflow/example_dags/example_params_ui_tutorial.py
[2023-08-13T18:41:07.865+0000] {processor.py:836} INFO - DAG(s) dict_keys(['example_params_ui_tutorial']) retrieved from /home/airflow/.local/lib/python3.7/site-packages/airflow/example_dags/example_params_ui_tutorial.py
[2023-08-13T18:41:07.897+0000] {logging_mixin.py:150} INFO - [2023-08-13T18:41:07.897+0000] {dag.py:2742} INFO - Sync 1 DAGs
[2023-08-13T18:41:07.936+0000] {logging_mixin.py:150} INFO - [2023-08-13T18:41:07.935+0000] {dag.py:3508} INFO - Setting next_dagrun for example_params_ui_tutorial to None, run_after=None
[2023-08-13T18:41:07.972+0000] {processor.py:179} INFO - Processing /home/airflow/.local/lib/python3.7/site-packages/airflow/example_dags/example_params_ui_tutorial.py took 0.185 seconds
[2023-08-13T18:41:38.041+0000] {processor.py:157} INFO - Started process (PID=97) to work on /home/airflow/.local/lib/python3.7/site-packages/airflow/example_dags/example_params_ui_tutorial.py
[2023-08-13T18:41:38.042+0000] {processor.py:826} INFO - Processing file /home/airflow/.local/lib/python3.7/site-packages/airflow/example_dags/example_params_ui_tutorial.py for tasks to queue
[2023-08-13T18:41:38.043+0000] {logging_mixin.py:150} INFO - [2023-08-13T18:41:38.043+0000] {dagbag.py:541} INFO - Filling up the DagBag from /home/airflow/.local/lib/python3.7/site-packages/airflow/example_dags/example_params_ui_tutorial.py
[2023-08-13T18:41:38.080+0000] {processor.py:836} INFO - DAG(s) dict_keys(['example_params_ui_tutorial']) retrieved from /home/airflow/.local/lib/python3.7/site-packages/airflow/example_dags/example_params_ui_tutorial.py
[2023-08-13T18:41:38.142+0000] {logging_mixin.py:150} INFO - [2023-08-13T18:41:38.141+0000] {dag.py:2742} INFO - Sync 1 DAGs
[2023-08-13T18:41:38.171+0000] {logging_mixin.py:150} INFO - [2023-08-13T18:41:38.171+0000] {dag.py:3508} INFO - Setting next_dagrun for example_params_ui_tutorial to None, run_after=None
[2023-08-13T18:41:38.193+0000] {processor.py:179} INFO - Processing /home/airflow/.local/lib/python3.7/site-packages/airflow/example_dags/example_params_ui_tutorial.py took 0.155 seconds
[2023-08-13T18:42:08.582+0000] {processor.py:157} INFO - Started process (PID=162) to work on /home/airflow/.local/lib/python3.7/site-packages/airflow/example_dags/example_params_ui_tutorial.py
[2023-08-13T18:42:08.583+0000] {processor.py:826} INFO - Processing file /home/airflow/.local/lib/python3.7/site-packages/airflow/example_dags/example_params_ui_tutorial.py for tasks to queue
[2023-08-13T18:42:08.584+0000] {logging_mixin.py:150} INFO - [2023-08-13T18:42:08.584+0000] {dagbag.py:541} INFO - Filling up the DagBag from /home/airflow/.local/lib/python3.7/site-packages/airflow/example_dags/example_params_ui_tutorial.py
[2023-08-13T18:42:08.624+0000] {processor.py:836} INFO - DAG(s) dict_keys(['example_params_ui_tutorial']) retrieved from /home/airflow/.local/lib/python3.7/site-packages/airflow/example_dags/example_params_ui_tutorial.py
[2023-08-13T18:42:08.693+0000] {logging_mixin.py:150} INFO - [2023-08-13T18:42:08.692+0000] {dag.py:2742} INFO - Sync 1 DAGs
[2023-08-13T18:42:08.742+0000] {logging_mixin.py:150} INFO - [2023-08-13T18:42:08.741+0000] {dag.py:3508} INFO - Setting next_dagrun for example_params_ui_tutorial to None, run_after=None
[2023-08-13T18:42:08.777+0000] {processor.py:179} INFO - Processing /home/airflow/.local/lib/python3.7/site-packages/airflow/example_dags/example_params_ui_tutorial.py took 0.198 seconds
[2023-08-13T18:42:38.930+0000] {processor.py:157} INFO - Started process (PID=227) to work on /home/airflow/.local/lib/python3.7/site-packages/airflow/example_dags/example_params_ui_tutorial.py
[2023-08-13T18:42:38.932+0000] {processor.py:826} INFO - Processing file /home/airflow/.local/lib/python3.7/site-packages/airflow/example_dags/example_params_ui_tutorial.py for tasks to queue
[2023-08-13T18:42:38.933+0000] {logging_mixin.py:150} INFO - [2023-08-13T18:42:38.933+0000] {dagbag.py:541} INFO - Filling up the DagBag from /home/airflow/.local/lib/python3.7/site-packages/airflow/example_dags/example_params_ui_tutorial.py
[2023-08-13T18:42:38.995+0000] {processor.py:836} INFO - DAG(s) dict_keys(['example_params_ui_tutorial']) retrieved from /home/airflow/.local/lib/python3.7/site-packages/airflow/example_dags/example_params_ui_tutorial.py
[2023-08-13T18:42:39.092+0000] {logging_mixin.py:150} INFO - [2023-08-13T18:42:39.091+0000] {dag.py:2742} INFO - Sync 1 DAGs
[2023-08-13T18:42:39.134+0000] {logging_mixin.py:150} INFO - [2023-08-13T18:42:39.134+0000] {dag.py:3508} INFO - Setting next_dagrun for example_params_ui_tutorial to None, run_after=None
[2023-08-13T18:42:39.158+0000] {processor.py:179} INFO - Processing /home/airflow/.local/lib/python3.7/site-packages/airflow/example_dags/example_params_ui_tutorial.py took 0.231 seconds
[2023-08-13T18:43:09.330+0000] {processor.py:157} INFO - Started process (PID=292) to work on /home/airflow/.local/lib/python3.7/site-packages/airflow/example_dags/example_params_ui_tutorial.py
[2023-08-13T18:43:09.331+0000] {processor.py:826} INFO - Processing file /home/airflow/.local/lib/python3.7/site-packages/airflow/example_dags/example_params_ui_tutorial.py for tasks to queue
[2023-08-13T18:43:09.332+0000] {logging_mixin.py:150} INFO - [2023-08-13T18:43:09.332+0000] {dagbag.py:541} INFO - Filling up the DagBag from /home/airflow/.local/lib/python3.7/site-packages/airflow/example_dags/example_params_ui_tutorial.py
[2023-08-13T18:43:09.383+0000] {processor.py:836} INFO - DAG(s) dict_keys(['example_params_ui_tutorial']) retrieved from /home/airflow/.local/lib/python3.7/site-packages/airflow/example_dags/example_params_ui_tutorial.py
[2023-08-13T18:43:09.453+0000] {logging_mixin.py:150} INFO - [2023-08-13T18:43:09.453+0000] {dag.py:2742} INFO - Sync 1 DAGs
[2023-08-13T18:43:09.485+0000] {logging_mixin.py:150} INFO - [2023-08-13T18:43:09.485+0000] {dag.py:3508} INFO - Setting next_dagrun for example_params_ui_tutorial to None, run_after=None
[2023-08-13T18:43:09.511+0000] {processor.py:179} INFO - Processing /home/airflow/.local/lib/python3.7/site-packages/airflow/example_dags/example_params_ui_tutorial.py took 0.184 seconds
[2023-08-13T18:43:39.794+0000] {processor.py:157} INFO - Started process (PID=357) to work on /home/airflow/.local/lib/python3.7/site-packages/airflow/example_dags/example_params_ui_tutorial.py
[2023-08-13T18:43:39.798+0000] {processor.py:826} INFO - Processing file /home/airflow/.local/lib/python3.7/site-packages/airflow/example_dags/example_params_ui_tutorial.py for tasks to queue
[2023-08-13T18:43:39.799+0000] {logging_mixin.py:150} INFO - [2023-08-13T18:43:39.799+0000] {dagbag.py:541} INFO - Filling up the DagBag from /home/airflow/.local/lib/python3.7/site-packages/airflow/example_dags/example_params_ui_tutorial.py
[2023-08-13T18:43:39.864+0000] {processor.py:836} INFO - DAG(s) dict_keys(['example_params_ui_tutorial']) retrieved from /home/airflow/.local/lib/python3.7/site-packages/airflow/example_dags/example_params_ui_tutorial.py
[2023-08-13T18:43:39.969+0000] {logging_mixin.py:150} INFO - [2023-08-13T18:43:39.969+0000] {dag.py:2742} INFO - Sync 1 DAGs
[2023-08-13T18:43:40.023+0000] {logging_mixin.py:150} INFO - [2023-08-13T18:43:40.022+0000] {dag.py:3508} INFO - Setting next_dagrun for example_params_ui_tutorial to None, run_after=None
[2023-08-13T18:43:40.076+0000] {processor.py:179} INFO - Processing /home/airflow/.local/lib/python3.7/site-packages/airflow/example_dags/example_params_ui_tutorial.py took 0.289 seconds
[2023-08-13T18:44:10.177+0000] {processor.py:157} INFO - Started process (PID=422) to work on /home/airflow/.local/lib/python3.7/site-packages/airflow/example_dags/example_params_ui_tutorial.py
[2023-08-13T18:44:10.178+0000] {processor.py:826} INFO - Processing file /home/airflow/.local/lib/python3.7/site-packages/airflow/example_dags/example_params_ui_tutorial.py for tasks to queue
[2023-08-13T18:44:10.179+0000] {logging_mixin.py:150} INFO - [2023-08-13T18:44:10.179+0000] {dagbag.py:541} INFO - Filling up the DagBag from /home/airflow/.local/lib/python3.7/site-packages/airflow/example_dags/example_params_ui_tutorial.py
[2023-08-13T18:44:10.228+0000] {processor.py:836} INFO - DAG(s) dict_keys(['example_params_ui_tutorial']) retrieved from /home/airflow/.local/lib/python3.7/site-packages/airflow/example_dags/example_params_ui_tutorial.py
[2023-08-13T18:44:10.305+0000] {logging_mixin.py:150} INFO - [2023-08-13T18:44:10.304+0000] {dag.py:2742} INFO - Sync 1 DAGs
[2023-08-13T18:44:10.336+0000] {logging_mixin.py:150} INFO - [2023-08-13T18:44:10.336+0000] {dag.py:3508} INFO - Setting next_dagrun for example_params_ui_tutorial to None, run_after=None
[2023-08-13T18:44:10.356+0000] {processor.py:179} INFO - Processing /home/airflow/.local/lib/python3.7/site-packages/airflow/example_dags/example_params_ui_tutorial.py took 0.182 seconds
[2023-08-13T18:44:40.512+0000] {processor.py:157} INFO - Started process (PID=487) to work on /home/airflow/.local/lib/python3.7/site-packages/airflow/example_dags/example_params_ui_tutorial.py
[2023-08-13T18:44:40.514+0000] {processor.py:826} INFO - Processing file /home/airflow/.local/lib/python3.7/site-packages/airflow/example_dags/example_params_ui_tutorial.py for tasks to queue
[2023-08-13T18:44:40.515+0000] {logging_mixin.py:150} INFO - [2023-08-13T18:44:40.515+0000] {dagbag.py:541} INFO - Filling up the DagBag from /home/airflow/.local/lib/python3.7/site-packages/airflow/example_dags/example_params_ui_tutorial.py
[2023-08-13T18:44:40.565+0000] {processor.py:836} INFO - DAG(s) dict_keys(['example_params_ui_tutorial']) retrieved from /home/airflow/.local/lib/python3.7/site-packages/airflow/example_dags/example_params_ui_tutorial.py
[2023-08-13T18:44:40.658+0000] {logging_mixin.py:150} INFO - [2023-08-13T18:44:40.657+0000] {dag.py:2742} INFO - Sync 1 DAGs
[2023-08-13T18:44:40.692+0000] {logging_mixin.py:150} INFO - [2023-08-13T18:44:40.692+0000] {dag.py:3508} INFO - Setting next_dagrun for example_params_ui_tutorial to None, run_after=None
[2023-08-13T18:44:40.717+0000] {processor.py:179} INFO - Processing /home/airflow/.local/lib/python3.7/site-packages/airflow/example_dags/example_params_ui_tutorial.py took 0.209 seconds
[2023-08-13T18:45:11.171+0000] {processor.py:157} INFO - Started process (PID=552) to work on /home/airflow/.local/lib/python3.7/site-packages/airflow/example_dags/example_params_ui_tutorial.py
[2023-08-13T18:45:11.172+0000] {processor.py:826} INFO - Processing file /home/airflow/.local/lib/python3.7/site-packages/airflow/example_dags/example_params_ui_tutorial.py for tasks to queue
[2023-08-13T18:45:11.173+0000] {logging_mixin.py:150} INFO - [2023-08-13T18:45:11.173+0000] {dagbag.py:541} INFO - Filling up the DagBag from /home/airflow/.local/lib/python3.7/site-packages/airflow/example_dags/example_params_ui_tutorial.py
[2023-08-13T18:45:11.225+0000] {processor.py:836} INFO - DAG(s) dict_keys(['example_params_ui_tutorial']) retrieved from /home/airflow/.local/lib/python3.7/site-packages/airflow/example_dags/example_params_ui_tutorial.py
[2023-08-13T18:45:11.315+0000] {logging_mixin.py:150} INFO - [2023-08-13T18:45:11.314+0000] {dag.py:2742} INFO - Sync 1 DAGs
[2023-08-13T18:45:11.360+0000] {logging_mixin.py:150} INFO - [2023-08-13T18:45:11.360+0000] {dag.py:3508} INFO - Setting next_dagrun for example_params_ui_tutorial to None, run_after=None
[2023-08-13T18:45:11.396+0000] {processor.py:179} INFO - Processing /home/airflow/.local/lib/python3.7/site-packages/airflow/example_dags/example_params_ui_tutorial.py took 0.227 seconds
[2023-08-13T18:45:41.650+0000] {processor.py:157} INFO - Started process (PID=617) to work on /home/airflow/.local/lib/python3.7/site-packages/airflow/example_dags/example_params_ui_tutorial.py
[2023-08-13T18:45:41.651+0000] {processor.py:826} INFO - Processing file /home/airflow/.local/lib/python3.7/site-packages/airflow/example_dags/example_params_ui_tutorial.py for tasks to queue
[2023-08-13T18:45:41.652+0000] {logging_mixin.py:150} INFO - [2023-08-13T18:45:41.651+0000] {dagbag.py:541} INFO - Filling up the DagBag from /home/airflow/.local/lib/python3.7/site-packages/airflow/example_dags/example_params_ui_tutorial.py
[2023-08-13T18:45:41.712+0000] {processor.py:836} INFO - DAG(s) dict_keys(['example_params_ui_tutorial']) retrieved from /home/airflow/.local/lib/python3.7/site-packages/airflow/example_dags/example_params_ui_tutorial.py
[2023-08-13T18:45:41.812+0000] {logging_mixin.py:150} INFO - [2023-08-13T18:45:41.812+0000] {dag.py:2742} INFO - Sync 1 DAGs
[2023-08-13T18:45:41.850+0000] {logging_mixin.py:150} INFO - [2023-08-13T18:45:41.850+0000] {dag.py:3508} INFO - Setting next_dagrun for example_params_ui_tutorial to None, run_after=None
[2023-08-13T18:45:41.876+0000] {processor.py:179} INFO - Processing /home/airflow/.local/lib/python3.7/site-packages/airflow/example_dags/example_params_ui_tutorial.py took 0.229 seconds
[2023-08-13T18:46:11.982+0000] {processor.py:157} INFO - Started process (PID=682) to work on /home/airflow/.local/lib/python3.7/site-packages/airflow/example_dags/example_params_ui_tutorial.py
[2023-08-13T18:46:11.983+0000] {processor.py:826} INFO - Processing file /home/airflow/.local/lib/python3.7/site-packages/airflow/example_dags/example_params_ui_tutorial.py for tasks to queue
[2023-08-13T18:46:11.984+0000] {logging_mixin.py:150} INFO - [2023-08-13T18:46:11.983+0000] {dagbag.py:541} INFO - Filling up the DagBag from /home/airflow/.local/lib/python3.7/site-packages/airflow/example_dags/example_params_ui_tutorial.py
[2023-08-13T18:46:12.031+0000] {processor.py:836} INFO - DAG(s) dict_keys(['example_params_ui_tutorial']) retrieved from /home/airflow/.local/lib/python3.7/site-packages/airflow/example_dags/example_params_ui_tutorial.py
[2023-08-13T18:46:12.100+0000] {logging_mixin.py:150} INFO - [2023-08-13T18:46:12.099+0000] {dag.py:2742} INFO - Sync 1 DAGs
[2023-08-13T18:46:12.129+0000] {logging_mixin.py:150} INFO - [2023-08-13T18:46:12.129+0000] {dag.py:3508} INFO - Setting next_dagrun for example_params_ui_tutorial to None, run_after=None
[2023-08-13T18:46:12.155+0000] {processor.py:179} INFO - Processing /home/airflow/.local/lib/python3.7/site-packages/airflow/example_dags/example_params_ui_tutorial.py took 0.176 seconds
[2023-08-13T18:46:42.259+0000] {processor.py:157} INFO - Started process (PID=747) to work on /home/airflow/.local/lib/python3.7/site-packages/airflow/example_dags/example_params_ui_tutorial.py
[2023-08-13T18:46:42.260+0000] {processor.py:826} INFO - Processing file /home/airflow/.local/lib/python3.7/site-packages/airflow/example_dags/example_params_ui_tutorial.py for tasks to queue
[2023-08-13T18:46:42.261+0000] {logging_mixin.py:150} INFO - [2023-08-13T18:46:42.261+0000] {dagbag.py:541} INFO - Filling up the DagBag from /home/airflow/.local/lib/python3.7/site-packages/airflow/example_dags/example_params_ui_tutorial.py
[2023-08-13T18:46:42.318+0000] {processor.py:836} INFO - DAG(s) dict_keys(['example_params_ui_tutorial']) retrieved from /home/airflow/.local/lib/python3.7/site-packages/airflow/example_dags/example_params_ui_tutorial.py
[2023-08-13T18:46:42.411+0000] {logging_mixin.py:150} INFO - [2023-08-13T18:46:42.411+0000] {dag.py:2742} INFO - Sync 1 DAGs
[2023-08-13T18:46:42.446+0000] {logging_mixin.py:150} INFO - [2023-08-13T18:46:42.446+0000] {dag.py:3508} INFO - Setting next_dagrun for example_params_ui_tutorial to None, run_after=None
[2023-08-13T18:46:42.475+0000] {processor.py:179} INFO - Processing /home/airflow/.local/lib/python3.7/site-packages/airflow/example_dags/example_params_ui_tutorial.py took 0.220 seconds
[2023-08-13T18:47:12.529+0000] {processor.py:157} INFO - Started process (PID=812) to work on /home/airflow/.local/lib/python3.7/site-packages/airflow/example_dags/example_params_ui_tutorial.py
[2023-08-13T18:47:12.531+0000] {processor.py:826} INFO - Processing file /home/airflow/.local/lib/python3.7/site-packages/airflow/example_dags/example_params_ui_tutorial.py for tasks to queue
[2023-08-13T18:47:12.532+0000] {logging_mixin.py:150} INFO - [2023-08-13T18:47:12.531+0000] {dagbag.py:541} INFO - Filling up the DagBag from /home/airflow/.local/lib/python3.7/site-packages/airflow/example_dags/example_params_ui_tutorial.py
[2023-08-13T18:47:12.578+0000] {processor.py:836} INFO - DAG(s) dict_keys(['example_params_ui_tutorial']) retrieved from /home/airflow/.local/lib/python3.7/site-packages/airflow/example_dags/example_params_ui_tutorial.py
[2023-08-13T18:47:12.657+0000] {logging_mixin.py:150} INFO - [2023-08-13T18:47:12.656+0000] {dag.py:2742} INFO - Sync 1 DAGs
[2023-08-13T18:47:12.700+0000] {logging_mixin.py:150} INFO - [2023-08-13T18:47:12.699+0000] {dag.py:3508} INFO - Setting next_dagrun for example_params_ui_tutorial to None, run_after=None
[2023-08-13T18:47:12.723+0000] {processor.py:179} INFO - Processing /home/airflow/.local/lib/python3.7/site-packages/airflow/example_dags/example_params_ui_tutorial.py took 0.196 seconds
[2023-08-13T18:47:42.919+0000] {processor.py:157} INFO - Started process (PID=877) to work on /home/airflow/.local/lib/python3.7/site-packages/airflow/example_dags/example_params_ui_tutorial.py
[2023-08-13T18:47:42.921+0000] {processor.py:826} INFO - Processing file /home/airflow/.local/lib/python3.7/site-packages/airflow/example_dags/example_params_ui_tutorial.py for tasks to queue
[2023-08-13T18:47:42.923+0000] {logging_mixin.py:150} INFO - [2023-08-13T18:47:42.922+0000] {dagbag.py:541} INFO - Filling up the DagBag from /home/airflow/.local/lib/python3.7/site-packages/airflow/example_dags/example_params_ui_tutorial.py
[2023-08-13T18:47:43.000+0000] {processor.py:836} INFO - DAG(s) dict_keys(['example_params_ui_tutorial']) retrieved from /home/airflow/.local/lib/python3.7/site-packages/airflow/example_dags/example_params_ui_tutorial.py
[2023-08-13T18:47:43.105+0000] {logging_mixin.py:150} INFO - [2023-08-13T18:47:43.105+0000] {dag.py:2742} INFO - Sync 1 DAGs
[2023-08-13T18:47:43.151+0000] {logging_mixin.py:150} INFO - [2023-08-13T18:47:43.150+0000] {dag.py:3508} INFO - Setting next_dagrun for example_params_ui_tutorial to None, run_after=None
[2023-08-13T18:47:43.186+0000] {processor.py:179} INFO - Processing /home/airflow/.local/lib/python3.7/site-packages/airflow/example_dags/example_params_ui_tutorial.py took 0.272 seconds
[2023-08-13T18:48:13.296+0000] {processor.py:157} INFO - Started process (PID=943) to work on /home/airflow/.local/lib/python3.7/site-packages/airflow/example_dags/example_params_ui_tutorial.py
[2023-08-13T18:48:13.297+0000] {processor.py:826} INFO - Processing file /home/airflow/.local/lib/python3.7/site-packages/airflow/example_dags/example_params_ui_tutorial.py for tasks to queue
[2023-08-13T18:48:13.298+0000] {logging_mixin.py:150} INFO - [2023-08-13T18:48:13.298+0000] {dagbag.py:541} INFO - Filling up the DagBag from /home/airflow/.local/lib/python3.7/site-packages/airflow/example_dags/example_params_ui_tutorial.py
[2023-08-13T18:48:13.343+0000] {processor.py:836} INFO - DAG(s) dict_keys(['example_params_ui_tutorial']) retrieved from /home/airflow/.local/lib/python3.7/site-packages/airflow/example_dags/example_params_ui_tutorial.py
[2023-08-13T18:48:13.405+0000] {logging_mixin.py:150} INFO - [2023-08-13T18:48:13.405+0000] {dag.py:2742} INFO - Sync 1 DAGs
[2023-08-13T18:48:13.433+0000] {logging_mixin.py:150} INFO - [2023-08-13T18:48:13.432+0000] {dag.py:3508} INFO - Setting next_dagrun for example_params_ui_tutorial to None, run_after=None
[2023-08-13T18:48:13.459+0000] {processor.py:179} INFO - Processing /home/airflow/.local/lib/python3.7/site-packages/airflow/example_dags/example_params_ui_tutorial.py took 0.167 seconds
[2023-08-13T18:48:43.849+0000] {processor.py:157} INFO - Started process (PID=1007) to work on /home/airflow/.local/lib/python3.7/site-packages/airflow/example_dags/example_params_ui_tutorial.py
[2023-08-13T18:48:43.850+0000] {processor.py:826} INFO - Processing file /home/airflow/.local/lib/python3.7/site-packages/airflow/example_dags/example_params_ui_tutorial.py for tasks to queue
[2023-08-13T18:48:43.851+0000] {logging_mixin.py:150} INFO - [2023-08-13T18:48:43.851+0000] {dagbag.py:541} INFO - Filling up the DagBag from /home/airflow/.local/lib/python3.7/site-packages/airflow/example_dags/example_params_ui_tutorial.py
[2023-08-13T18:48:43.909+0000] {processor.py:836} INFO - DAG(s) dict_keys(['example_params_ui_tutorial']) retrieved from /home/airflow/.local/lib/python3.7/site-packages/airflow/example_dags/example_params_ui_tutorial.py
[2023-08-13T18:48:44.009+0000] {logging_mixin.py:150} INFO - [2023-08-13T18:48:44.008+0000] {dag.py:2742} INFO - Sync 1 DAGs
[2023-08-13T18:48:44.045+0000] {logging_mixin.py:150} INFO - [2023-08-13T18:48:44.045+0000] {dag.py:3508} INFO - Setting next_dagrun for example_params_ui_tutorial to None, run_after=None
[2023-08-13T18:48:44.074+0000] {processor.py:179} INFO - Processing /home/airflow/.local/lib/python3.7/site-packages/airflow/example_dags/example_params_ui_tutorial.py took 0.228 seconds
[2023-08-13T18:49:14.310+0000] {processor.py:157} INFO - Started process (PID=1072) to work on /home/airflow/.local/lib/python3.7/site-packages/airflow/example_dags/example_params_ui_tutorial.py
[2023-08-13T18:49:14.311+0000] {processor.py:826} INFO - Processing file /home/airflow/.local/lib/python3.7/site-packages/airflow/example_dags/example_params_ui_tutorial.py for tasks to queue
[2023-08-13T18:49:14.312+0000] {logging_mixin.py:150} INFO - [2023-08-13T18:49:14.312+0000] {dagbag.py:541} INFO - Filling up the DagBag from /home/airflow/.local/lib/python3.7/site-packages/airflow/example_dags/example_params_ui_tutorial.py
[2023-08-13T18:49:14.359+0000] {processor.py:836} INFO - DAG(s) dict_keys(['example_params_ui_tutorial']) retrieved from /home/airflow/.local/lib/python3.7/site-packages/airflow/example_dags/example_params_ui_tutorial.py
[2023-08-13T18:49:14.440+0000] {logging_mixin.py:150} INFO - [2023-08-13T18:49:14.439+0000] {dag.py:2742} INFO - Sync 1 DAGs
[2023-08-13T18:49:14.473+0000] {logging_mixin.py:150} INFO - [2023-08-13T18:49:14.473+0000] {dag.py:3508} INFO - Setting next_dagrun for example_params_ui_tutorial to None, run_after=None
[2023-08-13T18:49:14.502+0000] {processor.py:179} INFO - Processing /home/airflow/.local/lib/python3.7/site-packages/airflow/example_dags/example_params_ui_tutorial.py took 0.195 seconds
[2023-08-13T18:49:44.764+0000] {processor.py:157} INFO - Started process (PID=1137) to work on /home/airflow/.local/lib/python3.7/site-packages/airflow/example_dags/example_params_ui_tutorial.py
[2023-08-13T18:49:44.766+0000] {processor.py:826} INFO - Processing file /home/airflow/.local/lib/python3.7/site-packages/airflow/example_dags/example_params_ui_tutorial.py for tasks to queue
[2023-08-13T18:49:44.767+0000] {logging_mixin.py:150} INFO - [2023-08-13T18:49:44.767+0000] {dagbag.py:541} INFO - Filling up the DagBag from /home/airflow/.local/lib/python3.7/site-packages/airflow/example_dags/example_params_ui_tutorial.py
[2023-08-13T18:49:44.834+0000] {processor.py:836} INFO - DAG(s) dict_keys(['example_params_ui_tutorial']) retrieved from /home/airflow/.local/lib/python3.7/site-packages/airflow/example_dags/example_params_ui_tutorial.py
[2023-08-13T18:49:44.952+0000] {logging_mixin.py:150} INFO - [2023-08-13T18:49:44.951+0000] {dag.py:2742} INFO - Sync 1 DAGs
[2023-08-13T18:49:44.995+0000] {logging_mixin.py:150} INFO - [2023-08-13T18:49:44.995+0000] {dag.py:3508} INFO - Setting next_dagrun for example_params_ui_tutorial to None, run_after=None
[2023-08-13T18:49:45.033+0000] {processor.py:179} INFO - Processing /home/airflow/.local/lib/python3.7/site-packages/airflow/example_dags/example_params_ui_tutorial.py took 0.273 seconds
[2023-08-13T18:50:15.566+0000] {processor.py:157} INFO - Started process (PID=1202) to work on /home/airflow/.local/lib/python3.7/site-packages/airflow/example_dags/example_params_ui_tutorial.py
[2023-08-13T18:50:15.568+0000] {processor.py:826} INFO - Processing file /home/airflow/.local/lib/python3.7/site-packages/airflow/example_dags/example_params_ui_tutorial.py for tasks to queue
[2023-08-13T18:50:15.569+0000] {logging_mixin.py:150} INFO - [2023-08-13T18:50:15.569+0000] {dagbag.py:541} INFO - Filling up the DagBag from /home/airflow/.local/lib/python3.7/site-packages/airflow/example_dags/example_params_ui_tutorial.py
[2023-08-13T18:50:15.619+0000] {processor.py:836} INFO - DAG(s) dict_keys(['example_params_ui_tutorial']) retrieved from /home/airflow/.local/lib/python3.7/site-packages/airflow/example_dags/example_params_ui_tutorial.py
[2023-08-13T18:50:15.708+0000] {logging_mixin.py:150} INFO - [2023-08-13T18:50:15.708+0000] {dag.py:2742} INFO - Sync 1 DAGs
[2023-08-13T18:50:15.752+0000] {logging_mixin.py:150} INFO - [2023-08-13T18:50:15.752+0000] {dag.py:3508} INFO - Setting next_dagrun for example_params_ui_tutorial to None, run_after=None
[2023-08-13T18:50:15.776+0000] {processor.py:179} INFO - Processing /home/airflow/.local/lib/python3.7/site-packages/airflow/example_dags/example_params_ui_tutorial.py took 0.212 seconds
[2023-08-13T19:55:32.275+0000] {processor.py:157} INFO - Started process (PID=41) to work on /home/airflow/.local/lib/python3.7/site-packages/airflow/example_dags/example_params_ui_tutorial.py
[2023-08-13T19:55:32.277+0000] {processor.py:826} INFO - Processing file /home/airflow/.local/lib/python3.7/site-packages/airflow/example_dags/example_params_ui_tutorial.py for tasks to queue
[2023-08-13T19:55:32.279+0000] {logging_mixin.py:150} INFO - [2023-08-13T19:55:32.278+0000] {dagbag.py:541} INFO - Filling up the DagBag from /home/airflow/.local/lib/python3.7/site-packages/airflow/example_dags/example_params_ui_tutorial.py
[2023-08-13T19:55:32.352+0000] {processor.py:836} INFO - DAG(s) dict_keys(['example_params_ui_tutorial']) retrieved from /home/airflow/.local/lib/python3.7/site-packages/airflow/example_dags/example_params_ui_tutorial.py
[2023-08-13T19:55:32.457+0000] {logging_mixin.py:150} INFO - [2023-08-13T19:55:32.456+0000] {dag.py:2742} INFO - Sync 1 DAGs
[2023-08-13T19:55:32.495+0000] {logging_mixin.py:150} INFO - [2023-08-13T19:55:32.494+0000] {dag.py:3508} INFO - Setting next_dagrun for example_params_ui_tutorial to None, run_after=None
[2023-08-13T19:55:32.528+0000] {processor.py:179} INFO - Processing /home/airflow/.local/lib/python3.7/site-packages/airflow/example_dags/example_params_ui_tutorial.py took 0.258 seconds
[2023-08-13T19:58:36.805+0000] {processor.py:157} INFO - Started process (PID=33) to work on /home/airflow/.local/lib/python3.7/site-packages/airflow/example_dags/example_params_ui_tutorial.py
[2023-08-13T19:58:36.807+0000] {processor.py:826} INFO - Processing file /home/airflow/.local/lib/python3.7/site-packages/airflow/example_dags/example_params_ui_tutorial.py for tasks to queue
[2023-08-13T19:58:36.808+0000] {logging_mixin.py:150} INFO - [2023-08-13T19:58:36.808+0000] {dagbag.py:541} INFO - Filling up the DagBag from /home/airflow/.local/lib/python3.7/site-packages/airflow/example_dags/example_params_ui_tutorial.py
[2023-08-13T19:58:36.868+0000] {processor.py:836} INFO - DAG(s) dict_keys(['example_params_ui_tutorial']) retrieved from /home/airflow/.local/lib/python3.7/site-packages/airflow/example_dags/example_params_ui_tutorial.py
[2023-08-13T19:58:36.885+0000] {logging_mixin.py:150} INFO - [2023-08-13T19:58:36.885+0000] {dag.py:2742} INFO - Sync 1 DAGs
[2023-08-13T19:58:36.924+0000] {logging_mixin.py:150} INFO - [2023-08-13T19:58:36.923+0000] {dag.py:3508} INFO - Setting next_dagrun for example_params_ui_tutorial to None, run_after=None
[2023-08-13T19:58:36.958+0000] {processor.py:179} INFO - Processing /home/airflow/.local/lib/python3.7/site-packages/airflow/example_dags/example_params_ui_tutorial.py took 0.156 seconds
[2023-08-13T19:59:07.363+0000] {processor.py:157} INFO - Started process (PID=99) to work on /home/airflow/.local/lib/python3.7/site-packages/airflow/example_dags/example_params_ui_tutorial.py
[2023-08-13T19:59:07.364+0000] {processor.py:826} INFO - Processing file /home/airflow/.local/lib/python3.7/site-packages/airflow/example_dags/example_params_ui_tutorial.py for tasks to queue
[2023-08-13T19:59:07.365+0000] {logging_mixin.py:150} INFO - [2023-08-13T19:59:07.365+0000] {dagbag.py:541} INFO - Filling up the DagBag from /home/airflow/.local/lib/python3.7/site-packages/airflow/example_dags/example_params_ui_tutorial.py
[2023-08-13T19:59:07.405+0000] {processor.py:836} INFO - DAG(s) dict_keys(['example_params_ui_tutorial']) retrieved from /home/airflow/.local/lib/python3.7/site-packages/airflow/example_dags/example_params_ui_tutorial.py
[2023-08-13T19:59:07.470+0000] {logging_mixin.py:150} INFO - [2023-08-13T19:59:07.469+0000] {dag.py:2742} INFO - Sync 1 DAGs
[2023-08-13T19:59:07.499+0000] {logging_mixin.py:150} INFO - [2023-08-13T19:59:07.499+0000] {dag.py:3508} INFO - Setting next_dagrun for example_params_ui_tutorial to None, run_after=None
[2023-08-13T19:59:07.523+0000] {processor.py:179} INFO - Processing /home/airflow/.local/lib/python3.7/site-packages/airflow/example_dags/example_params_ui_tutorial.py took 0.164 seconds
[2023-08-13T19:59:37.811+0000] {processor.py:157} INFO - Started process (PID=165) to work on /home/airflow/.local/lib/python3.7/site-packages/airflow/example_dags/example_params_ui_tutorial.py
[2023-08-13T19:59:37.813+0000] {processor.py:826} INFO - Processing file /home/airflow/.local/lib/python3.7/site-packages/airflow/example_dags/example_params_ui_tutorial.py for tasks to queue
[2023-08-13T19:59:37.814+0000] {logging_mixin.py:150} INFO - [2023-08-13T19:59:37.813+0000] {dagbag.py:541} INFO - Filling up the DagBag from /home/airflow/.local/lib/python3.7/site-packages/airflow/example_dags/example_params_ui_tutorial.py
[2023-08-13T19:59:37.859+0000] {processor.py:836} INFO - DAG(s) dict_keys(['example_params_ui_tutorial']) retrieved from /home/airflow/.local/lib/python3.7/site-packages/airflow/example_dags/example_params_ui_tutorial.py
[2023-08-13T19:59:37.919+0000] {logging_mixin.py:150} INFO - [2023-08-13T19:59:37.919+0000] {dag.py:2742} INFO - Sync 1 DAGs
[2023-08-13T19:59:37.945+0000] {logging_mixin.py:150} INFO - [2023-08-13T19:59:37.945+0000] {dag.py:3508} INFO - Setting next_dagrun for example_params_ui_tutorial to None, run_after=None
[2023-08-13T19:59:37.970+0000] {processor.py:179} INFO - Processing /home/airflow/.local/lib/python3.7/site-packages/airflow/example_dags/example_params_ui_tutorial.py took 0.163 seconds
[2023-08-13T20:00:08.254+0000] {processor.py:157} INFO - Started process (PID=231) to work on /home/airflow/.local/lib/python3.7/site-packages/airflow/example_dags/example_params_ui_tutorial.py
[2023-08-13T20:00:08.255+0000] {processor.py:826} INFO - Processing file /home/airflow/.local/lib/python3.7/site-packages/airflow/example_dags/example_params_ui_tutorial.py for tasks to queue
[2023-08-13T20:00:08.256+0000] {logging_mixin.py:150} INFO - [2023-08-13T20:00:08.256+0000] {dagbag.py:541} INFO - Filling up the DagBag from /home/airflow/.local/lib/python3.7/site-packages/airflow/example_dags/example_params_ui_tutorial.py
[2023-08-13T20:00:08.307+0000] {processor.py:836} INFO - DAG(s) dict_keys(['example_params_ui_tutorial']) retrieved from /home/airflow/.local/lib/python3.7/site-packages/airflow/example_dags/example_params_ui_tutorial.py
[2023-08-13T20:00:08.377+0000] {logging_mixin.py:150} INFO - [2023-08-13T20:00:08.377+0000] {dag.py:2742} INFO - Sync 1 DAGs
[2023-08-13T20:00:08.401+0000] {logging_mixin.py:150} INFO - [2023-08-13T20:00:08.400+0000] {dag.py:3508} INFO - Setting next_dagrun for example_params_ui_tutorial to None, run_after=None
[2023-08-13T20:00:08.423+0000] {processor.py:179} INFO - Processing /home/airflow/.local/lib/python3.7/site-packages/airflow/example_dags/example_params_ui_tutorial.py took 0.173 seconds
[2023-08-13T20:00:38.551+0000] {processor.py:157} INFO - Started process (PID=297) to work on /home/airflow/.local/lib/python3.7/site-packages/airflow/example_dags/example_params_ui_tutorial.py
[2023-08-13T20:00:38.552+0000] {processor.py:826} INFO - Processing file /home/airflow/.local/lib/python3.7/site-packages/airflow/example_dags/example_params_ui_tutorial.py for tasks to queue
[2023-08-13T20:00:38.553+0000] {logging_mixin.py:150} INFO - [2023-08-13T20:00:38.553+0000] {dagbag.py:541} INFO - Filling up the DagBag from /home/airflow/.local/lib/python3.7/site-packages/airflow/example_dags/example_params_ui_tutorial.py
[2023-08-13T20:00:38.590+0000] {processor.py:836} INFO - DAG(s) dict_keys(['example_params_ui_tutorial']) retrieved from /home/airflow/.local/lib/python3.7/site-packages/airflow/example_dags/example_params_ui_tutorial.py
[2023-08-13T20:00:38.659+0000] {logging_mixin.py:150} INFO - [2023-08-13T20:00:38.658+0000] {dag.py:2742} INFO - Sync 1 DAGs
[2023-08-13T20:00:38.688+0000] {logging_mixin.py:150} INFO - [2023-08-13T20:00:38.687+0000] {dag.py:3508} INFO - Setting next_dagrun for example_params_ui_tutorial to None, run_after=None
[2023-08-13T20:00:38.712+0000] {processor.py:179} INFO - Processing /home/airflow/.local/lib/python3.7/site-packages/airflow/example_dags/example_params_ui_tutorial.py took 0.165 seconds
[2023-08-13T20:01:08.819+0000] {processor.py:157} INFO - Started process (PID=363) to work on /home/airflow/.local/lib/python3.7/site-packages/airflow/example_dags/example_params_ui_tutorial.py
[2023-08-13T20:01:08.820+0000] {processor.py:826} INFO - Processing file /home/airflow/.local/lib/python3.7/site-packages/airflow/example_dags/example_params_ui_tutorial.py for tasks to queue
[2023-08-13T20:01:08.821+0000] {logging_mixin.py:150} INFO - [2023-08-13T20:01:08.821+0000] {dagbag.py:541} INFO - Filling up the DagBag from /home/airflow/.local/lib/python3.7/site-packages/airflow/example_dags/example_params_ui_tutorial.py
[2023-08-13T20:01:08.862+0000] {processor.py:836} INFO - DAG(s) dict_keys(['example_params_ui_tutorial']) retrieved from /home/airflow/.local/lib/python3.7/site-packages/airflow/example_dags/example_params_ui_tutorial.py
[2023-08-13T20:01:08.937+0000] {logging_mixin.py:150} INFO - [2023-08-13T20:01:08.936+0000] {dag.py:2742} INFO - Sync 1 DAGs
[2023-08-13T20:01:08.967+0000] {logging_mixin.py:150} INFO - [2023-08-13T20:01:08.966+0000] {dag.py:3508} INFO - Setting next_dagrun for example_params_ui_tutorial to None, run_after=None
[2023-08-13T20:01:08.986+0000] {processor.py:179} INFO - Processing /home/airflow/.local/lib/python3.7/site-packages/airflow/example_dags/example_params_ui_tutorial.py took 0.172 seconds
[2023-08-13T20:01:39.415+0000] {processor.py:157} INFO - Started process (PID=429) to work on /home/airflow/.local/lib/python3.7/site-packages/airflow/example_dags/example_params_ui_tutorial.py
[2023-08-13T20:01:39.416+0000] {processor.py:826} INFO - Processing file /home/airflow/.local/lib/python3.7/site-packages/airflow/example_dags/example_params_ui_tutorial.py for tasks to queue
[2023-08-13T20:01:39.417+0000] {logging_mixin.py:150} INFO - [2023-08-13T20:01:39.417+0000] {dagbag.py:541} INFO - Filling up the DagBag from /home/airflow/.local/lib/python3.7/site-packages/airflow/example_dags/example_params_ui_tutorial.py
[2023-08-13T20:01:39.462+0000] {processor.py:836} INFO - DAG(s) dict_keys(['example_params_ui_tutorial']) retrieved from /home/airflow/.local/lib/python3.7/site-packages/airflow/example_dags/example_params_ui_tutorial.py
[2023-08-13T20:01:39.524+0000] {logging_mixin.py:150} INFO - [2023-08-13T20:01:39.524+0000] {dag.py:2742} INFO - Sync 1 DAGs
[2023-08-13T20:01:39.552+0000] {logging_mixin.py:150} INFO - [2023-08-13T20:01:39.552+0000] {dag.py:3508} INFO - Setting next_dagrun for example_params_ui_tutorial to None, run_after=None
[2023-08-13T20:01:39.574+0000] {processor.py:179} INFO - Processing /home/airflow/.local/lib/python3.7/site-packages/airflow/example_dags/example_params_ui_tutorial.py took 0.163 seconds
[2023-08-13T20:02:09.938+0000] {processor.py:157} INFO - Started process (PID=495) to work on /home/airflow/.local/lib/python3.7/site-packages/airflow/example_dags/example_params_ui_tutorial.py
[2023-08-13T20:02:09.939+0000] {processor.py:826} INFO - Processing file /home/airflow/.local/lib/python3.7/site-packages/airflow/example_dags/example_params_ui_tutorial.py for tasks to queue
[2023-08-13T20:02:09.941+0000] {logging_mixin.py:150} INFO - [2023-08-13T20:02:09.940+0000] {dagbag.py:541} INFO - Filling up the DagBag from /home/airflow/.local/lib/python3.7/site-packages/airflow/example_dags/example_params_ui_tutorial.py
[2023-08-13T20:02:10.006+0000] {processor.py:836} INFO - DAG(s) dict_keys(['example_params_ui_tutorial']) retrieved from /home/airflow/.local/lib/python3.7/site-packages/airflow/example_dags/example_params_ui_tutorial.py
[2023-08-13T20:02:10.135+0000] {logging_mixin.py:150} INFO - [2023-08-13T20:02:10.134+0000] {dag.py:2742} INFO - Sync 1 DAGs
[2023-08-13T20:02:10.183+0000] {logging_mixin.py:150} INFO - [2023-08-13T20:02:10.182+0000] {dag.py:3508} INFO - Setting next_dagrun for example_params_ui_tutorial to None, run_after=None
[2023-08-13T20:02:10.223+0000] {processor.py:179} INFO - Processing /home/airflow/.local/lib/python3.7/site-packages/airflow/example_dags/example_params_ui_tutorial.py took 0.289 seconds
[2023-08-13T20:02:45.102+0000] {processor.py:157} INFO - Started process (PID=561) to work on /home/airflow/.local/lib/python3.7/site-packages/airflow/example_dags/example_params_ui_tutorial.py
[2023-08-13T20:02:45.104+0000] {processor.py:826} INFO - Processing file /home/airflow/.local/lib/python3.7/site-packages/airflow/example_dags/example_params_ui_tutorial.py for tasks to queue
[2023-08-13T20:02:45.105+0000] {logging_mixin.py:150} INFO - [2023-08-13T20:02:45.105+0000] {dagbag.py:541} INFO - Filling up the DagBag from /home/airflow/.local/lib/python3.7/site-packages/airflow/example_dags/example_params_ui_tutorial.py
[2023-08-13T20:02:45.184+0000] {processor.py:836} INFO - DAG(s) dict_keys(['example_params_ui_tutorial']) retrieved from /home/airflow/.local/lib/python3.7/site-packages/airflow/example_dags/example_params_ui_tutorial.py
[2023-08-13T20:02:45.332+0000] {logging_mixin.py:150} INFO - [2023-08-13T20:02:45.332+0000] {dag.py:2742} INFO - Sync 1 DAGs
[2023-08-13T20:02:45.393+0000] {logging_mixin.py:150} INFO - [2023-08-13T20:02:45.393+0000] {dag.py:3508} INFO - Setting next_dagrun for example_params_ui_tutorial to None, run_after=None
[2023-08-13T20:02:45.435+0000] {processor.py:179} INFO - Processing /home/airflow/.local/lib/python3.7/site-packages/airflow/example_dags/example_params_ui_tutorial.py took 0.338 seconds
[2023-08-13T20:03:39.440+0000] {processor.py:157} INFO - Started process (PID=584) to work on /home/airflow/.local/lib/python3.7/site-packages/airflow/example_dags/example_params_ui_tutorial.py
[2023-08-13T20:03:39.442+0000] {processor.py:826} INFO - Processing file /home/airflow/.local/lib/python3.7/site-packages/airflow/example_dags/example_params_ui_tutorial.py for tasks to queue
[2023-08-13T20:03:39.443+0000] {logging_mixin.py:150} INFO - [2023-08-13T20:03:39.443+0000] {dagbag.py:541} INFO - Filling up the DagBag from /home/airflow/.local/lib/python3.7/site-packages/airflow/example_dags/example_params_ui_tutorial.py
[2023-08-13T20:03:39.521+0000] {processor.py:836} INFO - DAG(s) dict_keys(['example_params_ui_tutorial']) retrieved from /home/airflow/.local/lib/python3.7/site-packages/airflow/example_dags/example_params_ui_tutorial.py
[2023-08-13T20:03:39.645+0000] {logging_mixin.py:150} INFO - [2023-08-13T20:03:39.645+0000] {dag.py:2742} INFO - Sync 1 DAGs
[2023-08-13T20:03:39.702+0000] {logging_mixin.py:150} INFO - [2023-08-13T20:03:39.701+0000] {dag.py:3508} INFO - Setting next_dagrun for example_params_ui_tutorial to None, run_after=None
[2023-08-13T20:03:39.740+0000] {processor.py:179} INFO - Processing /home/airflow/.local/lib/python3.7/site-packages/airflow/example_dags/example_params_ui_tutorial.py took 0.305 seconds
[2023-08-13T20:05:54.869+0000] {processor.py:157} INFO - Started process (PID=33) to work on /home/airflow/.local/lib/python3.7/site-packages/airflow/example_dags/example_params_ui_tutorial.py
[2023-08-13T20:05:54.871+0000] {processor.py:826} INFO - Processing file /home/airflow/.local/lib/python3.7/site-packages/airflow/example_dags/example_params_ui_tutorial.py for tasks to queue
[2023-08-13T20:05:54.872+0000] {logging_mixin.py:150} INFO - [2023-08-13T20:05:54.872+0000] {dagbag.py:541} INFO - Filling up the DagBag from /home/airflow/.local/lib/python3.7/site-packages/airflow/example_dags/example_params_ui_tutorial.py
[2023-08-13T20:05:54.946+0000] {processor.py:836} INFO - DAG(s) dict_keys(['example_params_ui_tutorial']) retrieved from /home/airflow/.local/lib/python3.7/site-packages/airflow/example_dags/example_params_ui_tutorial.py
[2023-08-13T20:05:54.964+0000] {logging_mixin.py:150} INFO - [2023-08-13T20:05:54.963+0000] {dag.py:2742} INFO - Sync 1 DAGs
[2023-08-13T20:05:55.003+0000] {logging_mixin.py:150} INFO - [2023-08-13T20:05:55.003+0000] {dag.py:3508} INFO - Setting next_dagrun for example_params_ui_tutorial to None, run_after=None
[2023-08-13T20:05:55.040+0000] {processor.py:179} INFO - Processing /home/airflow/.local/lib/python3.7/site-packages/airflow/example_dags/example_params_ui_tutorial.py took 0.176 seconds
[2023-08-13T20:06:25.986+0000] {processor.py:157} INFO - Started process (PID=99) to work on /home/airflow/.local/lib/python3.7/site-packages/airflow/example_dags/example_params_ui_tutorial.py
[2023-08-13T20:06:25.987+0000] {processor.py:826} INFO - Processing file /home/airflow/.local/lib/python3.7/site-packages/airflow/example_dags/example_params_ui_tutorial.py for tasks to queue
[2023-08-13T20:06:25.988+0000] {logging_mixin.py:150} INFO - [2023-08-13T20:06:25.988+0000] {dagbag.py:541} INFO - Filling up the DagBag from /home/airflow/.local/lib/python3.7/site-packages/airflow/example_dags/example_params_ui_tutorial.py
[2023-08-13T20:06:26.041+0000] {processor.py:836} INFO - DAG(s) dict_keys(['example_params_ui_tutorial']) retrieved from /home/airflow/.local/lib/python3.7/site-packages/airflow/example_dags/example_params_ui_tutorial.py
[2023-08-13T20:06:26.110+0000] {logging_mixin.py:150} INFO - [2023-08-13T20:06:26.110+0000] {dag.py:2742} INFO - Sync 1 DAGs
[2023-08-13T20:06:26.145+0000] {logging_mixin.py:150} INFO - [2023-08-13T20:06:26.145+0000] {dag.py:3508} INFO - Setting next_dagrun for example_params_ui_tutorial to None, run_after=None
[2023-08-13T20:06:26.171+0000] {processor.py:179} INFO - Processing /home/airflow/.local/lib/python3.7/site-packages/airflow/example_dags/example_params_ui_tutorial.py took 0.189 seconds
[2023-08-13T20:06:56.344+0000] {processor.py:157} INFO - Started process (PID=165) to work on /home/airflow/.local/lib/python3.7/site-packages/airflow/example_dags/example_params_ui_tutorial.py
[2023-08-13T20:06:56.346+0000] {processor.py:826} INFO - Processing file /home/airflow/.local/lib/python3.7/site-packages/airflow/example_dags/example_params_ui_tutorial.py for tasks to queue
[2023-08-13T20:06:56.348+0000] {logging_mixin.py:150} INFO - [2023-08-13T20:06:56.347+0000] {dagbag.py:541} INFO - Filling up the DagBag from /home/airflow/.local/lib/python3.7/site-packages/airflow/example_dags/example_params_ui_tutorial.py
[2023-08-13T20:06:56.415+0000] {processor.py:836} INFO - DAG(s) dict_keys(['example_params_ui_tutorial']) retrieved from /home/airflow/.local/lib/python3.7/site-packages/airflow/example_dags/example_params_ui_tutorial.py
[2023-08-13T20:06:56.503+0000] {logging_mixin.py:150} INFO - [2023-08-13T20:06:56.503+0000] {dag.py:2742} INFO - Sync 1 DAGs
[2023-08-13T20:06:56.546+0000] {logging_mixin.py:150} INFO - [2023-08-13T20:06:56.545+0000] {dag.py:3508} INFO - Setting next_dagrun for example_params_ui_tutorial to None, run_after=None
[2023-08-13T20:06:56.573+0000] {processor.py:179} INFO - Processing /home/airflow/.local/lib/python3.7/site-packages/airflow/example_dags/example_params_ui_tutorial.py took 0.233 seconds
[2023-08-13T20:07:26.719+0000] {processor.py:157} INFO - Started process (PID=231) to work on /home/airflow/.local/lib/python3.7/site-packages/airflow/example_dags/example_params_ui_tutorial.py
[2023-08-13T20:07:26.720+0000] {processor.py:826} INFO - Processing file /home/airflow/.local/lib/python3.7/site-packages/airflow/example_dags/example_params_ui_tutorial.py for tasks to queue
[2023-08-13T20:07:26.721+0000] {logging_mixin.py:150} INFO - [2023-08-13T20:07:26.721+0000] {dagbag.py:541} INFO - Filling up the DagBag from /home/airflow/.local/lib/python3.7/site-packages/airflow/example_dags/example_params_ui_tutorial.py
[2023-08-13T20:07:26.759+0000] {processor.py:836} INFO - DAG(s) dict_keys(['example_params_ui_tutorial']) retrieved from /home/airflow/.local/lib/python3.7/site-packages/airflow/example_dags/example_params_ui_tutorial.py
[2023-08-13T20:07:26.839+0000] {logging_mixin.py:150} INFO - [2023-08-13T20:07:26.839+0000] {dag.py:2742} INFO - Sync 1 DAGs
[2023-08-13T20:07:26.875+0000] {logging_mixin.py:150} INFO - [2023-08-13T20:07:26.875+0000] {dag.py:3508} INFO - Setting next_dagrun for example_params_ui_tutorial to None, run_after=None
[2023-08-13T20:07:26.898+0000] {processor.py:179} INFO - Processing /home/airflow/.local/lib/python3.7/site-packages/airflow/example_dags/example_params_ui_tutorial.py took 0.182 seconds
[2023-08-13T20:07:57.231+0000] {processor.py:157} INFO - Started process (PID=297) to work on /home/airflow/.local/lib/python3.7/site-packages/airflow/example_dags/example_params_ui_tutorial.py
[2023-08-13T20:07:57.234+0000] {processor.py:826} INFO - Processing file /home/airflow/.local/lib/python3.7/site-packages/airflow/example_dags/example_params_ui_tutorial.py for tasks to queue
[2023-08-13T20:07:57.236+0000] {logging_mixin.py:150} INFO - [2023-08-13T20:07:57.235+0000] {dagbag.py:541} INFO - Filling up the DagBag from /home/airflow/.local/lib/python3.7/site-packages/airflow/example_dags/example_params_ui_tutorial.py
[2023-08-13T20:07:57.331+0000] {processor.py:836} INFO - DAG(s) dict_keys(['example_params_ui_tutorial']) retrieved from /home/airflow/.local/lib/python3.7/site-packages/airflow/example_dags/example_params_ui_tutorial.py
[2023-08-13T20:07:57.489+0000] {logging_mixin.py:150} INFO - [2023-08-13T20:07:57.489+0000] {dag.py:2742} INFO - Sync 1 DAGs
[2023-08-13T20:07:57.543+0000] {logging_mixin.py:150} INFO - [2023-08-13T20:07:57.543+0000] {dag.py:3508} INFO - Setting next_dagrun for example_params_ui_tutorial to None, run_after=None
[2023-08-13T20:07:57.582+0000] {processor.py:179} INFO - Processing /home/airflow/.local/lib/python3.7/site-packages/airflow/example_dags/example_params_ui_tutorial.py took 0.357 seconds
[2023-08-13T20:08:28.199+0000] {processor.py:157} INFO - Started process (PID=363) to work on /home/airflow/.local/lib/python3.7/site-packages/airflow/example_dags/example_params_ui_tutorial.py
[2023-08-13T20:08:28.201+0000] {processor.py:826} INFO - Processing file /home/airflow/.local/lib/python3.7/site-packages/airflow/example_dags/example_params_ui_tutorial.py for tasks to queue
[2023-08-13T20:08:28.202+0000] {logging_mixin.py:150} INFO - [2023-08-13T20:08:28.201+0000] {dagbag.py:541} INFO - Filling up the DagBag from /home/airflow/.local/lib/python3.7/site-packages/airflow/example_dags/example_params_ui_tutorial.py
[2023-08-13T20:08:28.260+0000] {processor.py:836} INFO - DAG(s) dict_keys(['example_params_ui_tutorial']) retrieved from /home/airflow/.local/lib/python3.7/site-packages/airflow/example_dags/example_params_ui_tutorial.py
[2023-08-13T20:08:28.361+0000] {logging_mixin.py:150} INFO - [2023-08-13T20:08:28.361+0000] {dag.py:2742} INFO - Sync 1 DAGs
[2023-08-13T20:08:28.409+0000] {logging_mixin.py:150} INFO - [2023-08-13T20:08:28.409+0000] {dag.py:3508} INFO - Setting next_dagrun for example_params_ui_tutorial to None, run_after=None
[2023-08-13T20:08:28.439+0000] {processor.py:179} INFO - Processing /home/airflow/.local/lib/python3.7/site-packages/airflow/example_dags/example_params_ui_tutorial.py took 0.243 seconds
[2023-08-13T20:08:58.687+0000] {processor.py:157} INFO - Started process (PID=429) to work on /home/airflow/.local/lib/python3.7/site-packages/airflow/example_dags/example_params_ui_tutorial.py
[2023-08-13T20:08:58.688+0000] {processor.py:826} INFO - Processing file /home/airflow/.local/lib/python3.7/site-packages/airflow/example_dags/example_params_ui_tutorial.py for tasks to queue
[2023-08-13T20:08:58.689+0000] {logging_mixin.py:150} INFO - [2023-08-13T20:08:58.689+0000] {dagbag.py:541} INFO - Filling up the DagBag from /home/airflow/.local/lib/python3.7/site-packages/airflow/example_dags/example_params_ui_tutorial.py
[2023-08-13T20:08:58.744+0000] {processor.py:836} INFO - DAG(s) dict_keys(['example_params_ui_tutorial']) retrieved from /home/airflow/.local/lib/python3.7/site-packages/airflow/example_dags/example_params_ui_tutorial.py
[2023-08-13T20:08:58.833+0000] {logging_mixin.py:150} INFO - [2023-08-13T20:08:58.833+0000] {dag.py:2742} INFO - Sync 1 DAGs
[2023-08-13T20:08:58.866+0000] {logging_mixin.py:150} INFO - [2023-08-13T20:08:58.866+0000] {dag.py:3508} INFO - Setting next_dagrun for example_params_ui_tutorial to None, run_after=None
[2023-08-13T20:08:58.898+0000] {processor.py:179} INFO - Processing /home/airflow/.local/lib/python3.7/site-packages/airflow/example_dags/example_params_ui_tutorial.py took 0.213 seconds
[2023-08-13T20:09:28.958+0000] {processor.py:157} INFO - Started process (PID=495) to work on /home/airflow/.local/lib/python3.7/site-packages/airflow/example_dags/example_params_ui_tutorial.py
[2023-08-13T20:09:28.959+0000] {processor.py:826} INFO - Processing file /home/airflow/.local/lib/python3.7/site-packages/airflow/example_dags/example_params_ui_tutorial.py for tasks to queue
[2023-08-13T20:09:28.960+0000] {logging_mixin.py:150} INFO - [2023-08-13T20:09:28.960+0000] {dagbag.py:541} INFO - Filling up the DagBag from /home/airflow/.local/lib/python3.7/site-packages/airflow/example_dags/example_params_ui_tutorial.py
[2023-08-13T20:09:29.016+0000] {processor.py:836} INFO - DAG(s) dict_keys(['example_params_ui_tutorial']) retrieved from /home/airflow/.local/lib/python3.7/site-packages/airflow/example_dags/example_params_ui_tutorial.py
[2023-08-13T20:09:29.113+0000] {logging_mixin.py:150} INFO - [2023-08-13T20:09:29.112+0000] {dag.py:2742} INFO - Sync 1 DAGs
[2023-08-13T20:09:29.149+0000] {logging_mixin.py:150} INFO - [2023-08-13T20:09:29.149+0000] {dag.py:3508} INFO - Setting next_dagrun for example_params_ui_tutorial to None, run_after=None
[2023-08-13T20:09:29.182+0000] {processor.py:179} INFO - Processing /home/airflow/.local/lib/python3.7/site-packages/airflow/example_dags/example_params_ui_tutorial.py took 0.228 seconds
[2023-08-13T20:09:59.626+0000] {processor.py:157} INFO - Started process (PID=561) to work on /home/airflow/.local/lib/python3.7/site-packages/airflow/example_dags/example_params_ui_tutorial.py
[2023-08-13T20:09:59.627+0000] {processor.py:826} INFO - Processing file /home/airflow/.local/lib/python3.7/site-packages/airflow/example_dags/example_params_ui_tutorial.py for tasks to queue
[2023-08-13T20:09:59.628+0000] {logging_mixin.py:150} INFO - [2023-08-13T20:09:59.628+0000] {dagbag.py:541} INFO - Filling up the DagBag from /home/airflow/.local/lib/python3.7/site-packages/airflow/example_dags/example_params_ui_tutorial.py
[2023-08-13T20:09:59.691+0000] {processor.py:836} INFO - DAG(s) dict_keys(['example_params_ui_tutorial']) retrieved from /home/airflow/.local/lib/python3.7/site-packages/airflow/example_dags/example_params_ui_tutorial.py
[2023-08-13T20:09:59.774+0000] {logging_mixin.py:150} INFO - [2023-08-13T20:09:59.774+0000] {dag.py:2742} INFO - Sync 1 DAGs
[2023-08-13T20:09:59.821+0000] {logging_mixin.py:150} INFO - [2023-08-13T20:09:59.820+0000] {dag.py:3508} INFO - Setting next_dagrun for example_params_ui_tutorial to None, run_after=None
[2023-08-13T20:09:59.849+0000] {processor.py:179} INFO - Processing /home/airflow/.local/lib/python3.7/site-packages/airflow/example_dags/example_params_ui_tutorial.py took 0.227 seconds
[2023-08-13T20:10:29.892+0000] {processor.py:157} INFO - Started process (PID=627) to work on /home/airflow/.local/lib/python3.7/site-packages/airflow/example_dags/example_params_ui_tutorial.py
[2023-08-13T20:10:29.893+0000] {processor.py:826} INFO - Processing file /home/airflow/.local/lib/python3.7/site-packages/airflow/example_dags/example_params_ui_tutorial.py for tasks to queue
[2023-08-13T20:10:29.894+0000] {logging_mixin.py:150} INFO - [2023-08-13T20:10:29.894+0000] {dagbag.py:541} INFO - Filling up the DagBag from /home/airflow/.local/lib/python3.7/site-packages/airflow/example_dags/example_params_ui_tutorial.py
[2023-08-13T20:10:29.945+0000] {processor.py:836} INFO - DAG(s) dict_keys(['example_params_ui_tutorial']) retrieved from /home/airflow/.local/lib/python3.7/site-packages/airflow/example_dags/example_params_ui_tutorial.py
[2023-08-13T20:10:30.013+0000] {logging_mixin.py:150} INFO - [2023-08-13T20:10:30.013+0000] {dag.py:2742} INFO - Sync 1 DAGs
[2023-08-13T20:10:30.043+0000] {logging_mixin.py:150} INFO - [2023-08-13T20:10:30.042+0000] {dag.py:3508} INFO - Setting next_dagrun for example_params_ui_tutorial to None, run_after=None
[2023-08-13T20:10:30.072+0000] {processor.py:179} INFO - Processing /home/airflow/.local/lib/python3.7/site-packages/airflow/example_dags/example_params_ui_tutorial.py took 0.184 seconds
[2023-08-13T20:11:00.214+0000] {processor.py:157} INFO - Started process (PID=693) to work on /home/airflow/.local/lib/python3.7/site-packages/airflow/example_dags/example_params_ui_tutorial.py
[2023-08-13T20:11:00.215+0000] {processor.py:826} INFO - Processing file /home/airflow/.local/lib/python3.7/site-packages/airflow/example_dags/example_params_ui_tutorial.py for tasks to queue
[2023-08-13T20:11:00.216+0000] {logging_mixin.py:150} INFO - [2023-08-13T20:11:00.216+0000] {dagbag.py:541} INFO - Filling up the DagBag from /home/airflow/.local/lib/python3.7/site-packages/airflow/example_dags/example_params_ui_tutorial.py
[2023-08-13T20:11:00.273+0000] {processor.py:836} INFO - DAG(s) dict_keys(['example_params_ui_tutorial']) retrieved from /home/airflow/.local/lib/python3.7/site-packages/airflow/example_dags/example_params_ui_tutorial.py
[2023-08-13T20:11:00.362+0000] {logging_mixin.py:150} INFO - [2023-08-13T20:11:00.362+0000] {dag.py:2742} INFO - Sync 1 DAGs
[2023-08-13T20:11:00.402+0000] {logging_mixin.py:150} INFO - [2023-08-13T20:11:00.402+0000] {dag.py:3508} INFO - Setting next_dagrun for example_params_ui_tutorial to None, run_after=None
[2023-08-13T20:11:00.427+0000] {processor.py:179} INFO - Processing /home/airflow/.local/lib/python3.7/site-packages/airflow/example_dags/example_params_ui_tutorial.py took 0.216 seconds
[2023-08-13T20:11:30.856+0000] {processor.py:157} INFO - Started process (PID=759) to work on /home/airflow/.local/lib/python3.7/site-packages/airflow/example_dags/example_params_ui_tutorial.py
[2023-08-13T20:11:30.858+0000] {processor.py:826} INFO - Processing file /home/airflow/.local/lib/python3.7/site-packages/airflow/example_dags/example_params_ui_tutorial.py for tasks to queue
[2023-08-13T20:11:30.859+0000] {logging_mixin.py:150} INFO - [2023-08-13T20:11:30.859+0000] {dagbag.py:541} INFO - Filling up the DagBag from /home/airflow/.local/lib/python3.7/site-packages/airflow/example_dags/example_params_ui_tutorial.py
[2023-08-13T20:11:30.912+0000] {processor.py:836} INFO - DAG(s) dict_keys(['example_params_ui_tutorial']) retrieved from /home/airflow/.local/lib/python3.7/site-packages/airflow/example_dags/example_params_ui_tutorial.py
[2023-08-13T20:11:30.986+0000] {logging_mixin.py:150} INFO - [2023-08-13T20:11:30.985+0000] {dag.py:2742} INFO - Sync 1 DAGs
[2023-08-13T20:11:31.016+0000] {logging_mixin.py:150} INFO - [2023-08-13T20:11:31.015+0000] {dag.py:3508} INFO - Setting next_dagrun for example_params_ui_tutorial to None, run_after=None
[2023-08-13T20:11:31.038+0000] {processor.py:179} INFO - Processing /home/airflow/.local/lib/python3.7/site-packages/airflow/example_dags/example_params_ui_tutorial.py took 0.185 seconds
[2023-08-13T20:12:01.304+0000] {processor.py:157} INFO - Started process (PID=825) to work on /home/airflow/.local/lib/python3.7/site-packages/airflow/example_dags/example_params_ui_tutorial.py
[2023-08-13T20:12:01.305+0000] {processor.py:826} INFO - Processing file /home/airflow/.local/lib/python3.7/site-packages/airflow/example_dags/example_params_ui_tutorial.py for tasks to queue
[2023-08-13T20:12:01.306+0000] {logging_mixin.py:150} INFO - [2023-08-13T20:12:01.306+0000] {dagbag.py:541} INFO - Filling up the DagBag from /home/airflow/.local/lib/python3.7/site-packages/airflow/example_dags/example_params_ui_tutorial.py
[2023-08-13T20:12:01.365+0000] {processor.py:836} INFO - DAG(s) dict_keys(['example_params_ui_tutorial']) retrieved from /home/airflow/.local/lib/python3.7/site-packages/airflow/example_dags/example_params_ui_tutorial.py
[2023-08-13T20:12:01.464+0000] {logging_mixin.py:150} INFO - [2023-08-13T20:12:01.464+0000] {dag.py:2742} INFO - Sync 1 DAGs
[2023-08-13T20:12:01.506+0000] {logging_mixin.py:150} INFO - [2023-08-13T20:12:01.506+0000] {dag.py:3508} INFO - Setting next_dagrun for example_params_ui_tutorial to None, run_after=None
[2023-08-13T20:12:01.539+0000] {processor.py:179} INFO - Processing /home/airflow/.local/lib/python3.7/site-packages/airflow/example_dags/example_params_ui_tutorial.py took 0.240 seconds
[2023-08-13T20:12:31.597+0000] {processor.py:157} INFO - Started process (PID=891) to work on /home/airflow/.local/lib/python3.7/site-packages/airflow/example_dags/example_params_ui_tutorial.py
[2023-08-13T20:12:31.599+0000] {processor.py:826} INFO - Processing file /home/airflow/.local/lib/python3.7/site-packages/airflow/example_dags/example_params_ui_tutorial.py for tasks to queue
[2023-08-13T20:12:31.600+0000] {logging_mixin.py:150} INFO - [2023-08-13T20:12:31.600+0000] {dagbag.py:541} INFO - Filling up the DagBag from /home/airflow/.local/lib/python3.7/site-packages/airflow/example_dags/example_params_ui_tutorial.py
[2023-08-13T20:12:31.651+0000] {processor.py:836} INFO - DAG(s) dict_keys(['example_params_ui_tutorial']) retrieved from /home/airflow/.local/lib/python3.7/site-packages/airflow/example_dags/example_params_ui_tutorial.py
[2023-08-13T20:12:31.717+0000] {logging_mixin.py:150} INFO - [2023-08-13T20:12:31.717+0000] {dag.py:2742} INFO - Sync 1 DAGs
[2023-08-13T20:12:31.747+0000] {logging_mixin.py:150} INFO - [2023-08-13T20:12:31.747+0000] {dag.py:3508} INFO - Setting next_dagrun for example_params_ui_tutorial to None, run_after=None
[2023-08-13T20:12:31.773+0000] {processor.py:179} INFO - Processing /home/airflow/.local/lib/python3.7/site-packages/airflow/example_dags/example_params_ui_tutorial.py took 0.179 seconds
[2023-08-13T20:13:02.010+0000] {processor.py:157} INFO - Started process (PID=957) to work on /home/airflow/.local/lib/python3.7/site-packages/airflow/example_dags/example_params_ui_tutorial.py
[2023-08-13T20:13:02.012+0000] {processor.py:826} INFO - Processing file /home/airflow/.local/lib/python3.7/site-packages/airflow/example_dags/example_params_ui_tutorial.py for tasks to queue
[2023-08-13T20:13:02.014+0000] {logging_mixin.py:150} INFO - [2023-08-13T20:13:02.013+0000] {dagbag.py:541} INFO - Filling up the DagBag from /home/airflow/.local/lib/python3.7/site-packages/airflow/example_dags/example_params_ui_tutorial.py
[2023-08-13T20:13:02.080+0000] {processor.py:836} INFO - DAG(s) dict_keys(['example_params_ui_tutorial']) retrieved from /home/airflow/.local/lib/python3.7/site-packages/airflow/example_dags/example_params_ui_tutorial.py
[2023-08-13T20:13:02.186+0000] {logging_mixin.py:150} INFO - [2023-08-13T20:13:02.186+0000] {dag.py:2742} INFO - Sync 1 DAGs
[2023-08-13T20:13:02.223+0000] {logging_mixin.py:150} INFO - [2023-08-13T20:13:02.223+0000] {dag.py:3508} INFO - Setting next_dagrun for example_params_ui_tutorial to None, run_after=None
[2023-08-13T20:13:02.255+0000] {processor.py:179} INFO - Processing /home/airflow/.local/lib/python3.7/site-packages/airflow/example_dags/example_params_ui_tutorial.py took 0.248 seconds
[2023-08-13T20:13:32.380+0000] {processor.py:157} INFO - Started process (PID=1024) to work on /home/airflow/.local/lib/python3.7/site-packages/airflow/example_dags/example_params_ui_tutorial.py
[2023-08-13T20:13:32.382+0000] {processor.py:826} INFO - Processing file /home/airflow/.local/lib/python3.7/site-packages/airflow/example_dags/example_params_ui_tutorial.py for tasks to queue
[2023-08-13T20:13:32.383+0000] {logging_mixin.py:150} INFO - [2023-08-13T20:13:32.383+0000] {dagbag.py:541} INFO - Filling up the DagBag from /home/airflow/.local/lib/python3.7/site-packages/airflow/example_dags/example_params_ui_tutorial.py
[2023-08-13T20:13:32.432+0000] {processor.py:836} INFO - DAG(s) dict_keys(['example_params_ui_tutorial']) retrieved from /home/airflow/.local/lib/python3.7/site-packages/airflow/example_dags/example_params_ui_tutorial.py
[2023-08-13T20:13:32.497+0000] {logging_mixin.py:150} INFO - [2023-08-13T20:13:32.497+0000] {dag.py:2742} INFO - Sync 1 DAGs
[2023-08-13T20:13:32.540+0000] {logging_mixin.py:150} INFO - [2023-08-13T20:13:32.539+0000] {dag.py:3508} INFO - Setting next_dagrun for example_params_ui_tutorial to None, run_after=None
[2023-08-13T20:13:32.566+0000] {processor.py:179} INFO - Processing /home/airflow/.local/lib/python3.7/site-packages/airflow/example_dags/example_params_ui_tutorial.py took 0.190 seconds
[2023-08-13T20:14:02.892+0000] {processor.py:157} INFO - Started process (PID=1089) to work on /home/airflow/.local/lib/python3.7/site-packages/airflow/example_dags/example_params_ui_tutorial.py
[2023-08-13T20:14:02.893+0000] {processor.py:826} INFO - Processing file /home/airflow/.local/lib/python3.7/site-packages/airflow/example_dags/example_params_ui_tutorial.py for tasks to queue
[2023-08-13T20:14:02.895+0000] {logging_mixin.py:150} INFO - [2023-08-13T20:14:02.894+0000] {dagbag.py:541} INFO - Filling up the DagBag from /home/airflow/.local/lib/python3.7/site-packages/airflow/example_dags/example_params_ui_tutorial.py
[2023-08-13T20:14:02.935+0000] {processor.py:836} INFO - DAG(s) dict_keys(['example_params_ui_tutorial']) retrieved from /home/airflow/.local/lib/python3.7/site-packages/airflow/example_dags/example_params_ui_tutorial.py
[2023-08-13T20:14:03.027+0000] {logging_mixin.py:150} INFO - [2023-08-13T20:14:03.026+0000] {dag.py:2742} INFO - Sync 1 DAGs
[2023-08-13T20:14:03.067+0000] {logging_mixin.py:150} INFO - [2023-08-13T20:14:03.067+0000] {dag.py:3508} INFO - Setting next_dagrun for example_params_ui_tutorial to None, run_after=None
[2023-08-13T20:14:03.101+0000] {processor.py:179} INFO - Processing /home/airflow/.local/lib/python3.7/site-packages/airflow/example_dags/example_params_ui_tutorial.py took 0.212 seconds
[2023-08-13T20:14:33.159+0000] {processor.py:157} INFO - Started process (PID=1155) to work on /home/airflow/.local/lib/python3.7/site-packages/airflow/example_dags/example_params_ui_tutorial.py
[2023-08-13T20:14:33.161+0000] {processor.py:826} INFO - Processing file /home/airflow/.local/lib/python3.7/site-packages/airflow/example_dags/example_params_ui_tutorial.py for tasks to queue
[2023-08-13T20:14:33.162+0000] {logging_mixin.py:150} INFO - [2023-08-13T20:14:33.162+0000] {dagbag.py:541} INFO - Filling up the DagBag from /home/airflow/.local/lib/python3.7/site-packages/airflow/example_dags/example_params_ui_tutorial.py
[2023-08-13T20:14:33.209+0000] {processor.py:836} INFO - DAG(s) dict_keys(['example_params_ui_tutorial']) retrieved from /home/airflow/.local/lib/python3.7/site-packages/airflow/example_dags/example_params_ui_tutorial.py
[2023-08-13T20:14:33.309+0000] {logging_mixin.py:150} INFO - [2023-08-13T20:14:33.309+0000] {dag.py:2742} INFO - Sync 1 DAGs
[2023-08-13T20:14:33.356+0000] {logging_mixin.py:150} INFO - [2023-08-13T20:14:33.356+0000] {dag.py:3508} INFO - Setting next_dagrun for example_params_ui_tutorial to None, run_after=None
[2023-08-13T20:14:33.393+0000] {processor.py:179} INFO - Processing /home/airflow/.local/lib/python3.7/site-packages/airflow/example_dags/example_params_ui_tutorial.py took 0.238 seconds
[2023-08-13T20:15:03.608+0000] {processor.py:157} INFO - Started process (PID=1221) to work on /home/airflow/.local/lib/python3.7/site-packages/airflow/example_dags/example_params_ui_tutorial.py
[2023-08-13T20:15:03.609+0000] {processor.py:826} INFO - Processing file /home/airflow/.local/lib/python3.7/site-packages/airflow/example_dags/example_params_ui_tutorial.py for tasks to queue
[2023-08-13T20:15:03.611+0000] {logging_mixin.py:150} INFO - [2023-08-13T20:15:03.610+0000] {dagbag.py:541} INFO - Filling up the DagBag from /home/airflow/.local/lib/python3.7/site-packages/airflow/example_dags/example_params_ui_tutorial.py
[2023-08-13T20:15:03.652+0000] {processor.py:836} INFO - DAG(s) dict_keys(['example_params_ui_tutorial']) retrieved from /home/airflow/.local/lib/python3.7/site-packages/airflow/example_dags/example_params_ui_tutorial.py
[2023-08-13T20:15:03.727+0000] {logging_mixin.py:150} INFO - [2023-08-13T20:15:03.726+0000] {dag.py:2742} INFO - Sync 1 DAGs
[2023-08-13T20:15:03.770+0000] {logging_mixin.py:150} INFO - [2023-08-13T20:15:03.770+0000] {dag.py:3508} INFO - Setting next_dagrun for example_params_ui_tutorial to None, run_after=None
[2023-08-13T20:15:03.806+0000] {processor.py:179} INFO - Processing /home/airflow/.local/lib/python3.7/site-packages/airflow/example_dags/example_params_ui_tutorial.py took 0.201 seconds
[2023-08-13T20:15:33.930+0000] {processor.py:157} INFO - Started process (PID=1287) to work on /home/airflow/.local/lib/python3.7/site-packages/airflow/example_dags/example_params_ui_tutorial.py
[2023-08-13T20:15:33.931+0000] {processor.py:826} INFO - Processing file /home/airflow/.local/lib/python3.7/site-packages/airflow/example_dags/example_params_ui_tutorial.py for tasks to queue
[2023-08-13T20:15:33.932+0000] {logging_mixin.py:150} INFO - [2023-08-13T20:15:33.932+0000] {dagbag.py:541} INFO - Filling up the DagBag from /home/airflow/.local/lib/python3.7/site-packages/airflow/example_dags/example_params_ui_tutorial.py
[2023-08-13T20:15:33.973+0000] {processor.py:836} INFO - DAG(s) dict_keys(['example_params_ui_tutorial']) retrieved from /home/airflow/.local/lib/python3.7/site-packages/airflow/example_dags/example_params_ui_tutorial.py
[2023-08-13T20:15:34.037+0000] {logging_mixin.py:150} INFO - [2023-08-13T20:15:34.036+0000] {dag.py:2742} INFO - Sync 1 DAGs
[2023-08-13T20:15:34.079+0000] {logging_mixin.py:150} INFO - [2023-08-13T20:15:34.078+0000] {dag.py:3508} INFO - Setting next_dagrun for example_params_ui_tutorial to None, run_after=None
[2023-08-13T20:15:34.112+0000] {processor.py:179} INFO - Processing /home/airflow/.local/lib/python3.7/site-packages/airflow/example_dags/example_params_ui_tutorial.py took 0.187 seconds
[2023-08-13T20:16:04.401+0000] {processor.py:157} INFO - Started process (PID=1354) to work on /home/airflow/.local/lib/python3.7/site-packages/airflow/example_dags/example_params_ui_tutorial.py
[2023-08-13T20:16:04.402+0000] {processor.py:826} INFO - Processing file /home/airflow/.local/lib/python3.7/site-packages/airflow/example_dags/example_params_ui_tutorial.py for tasks to queue
[2023-08-13T20:16:04.404+0000] {logging_mixin.py:150} INFO - [2023-08-13T20:16:04.404+0000] {dagbag.py:541} INFO - Filling up the DagBag from /home/airflow/.local/lib/python3.7/site-packages/airflow/example_dags/example_params_ui_tutorial.py
[2023-08-13T20:16:04.447+0000] {processor.py:836} INFO - DAG(s) dict_keys(['example_params_ui_tutorial']) retrieved from /home/airflow/.local/lib/python3.7/site-packages/airflow/example_dags/example_params_ui_tutorial.py
[2023-08-13T20:16:04.542+0000] {logging_mixin.py:150} INFO - [2023-08-13T20:16:04.541+0000] {dag.py:2742} INFO - Sync 1 DAGs
[2023-08-13T20:16:04.578+0000] {logging_mixin.py:150} INFO - [2023-08-13T20:16:04.577+0000] {dag.py:3508} INFO - Setting next_dagrun for example_params_ui_tutorial to None, run_after=None
[2023-08-13T20:16:04.607+0000] {processor.py:179} INFO - Processing /home/airflow/.local/lib/python3.7/site-packages/airflow/example_dags/example_params_ui_tutorial.py took 0.210 seconds
[2023-08-13T20:16:34.816+0000] {processor.py:157} INFO - Started process (PID=1419) to work on /home/airflow/.local/lib/python3.7/site-packages/airflow/example_dags/example_params_ui_tutorial.py
[2023-08-13T20:16:34.817+0000] {processor.py:826} INFO - Processing file /home/airflow/.local/lib/python3.7/site-packages/airflow/example_dags/example_params_ui_tutorial.py for tasks to queue
[2023-08-13T20:16:34.818+0000] {logging_mixin.py:150} INFO - [2023-08-13T20:16:34.818+0000] {dagbag.py:541} INFO - Filling up the DagBag from /home/airflow/.local/lib/python3.7/site-packages/airflow/example_dags/example_params_ui_tutorial.py
[2023-08-13T20:16:34.859+0000] {processor.py:836} INFO - DAG(s) dict_keys(['example_params_ui_tutorial']) retrieved from /home/airflow/.local/lib/python3.7/site-packages/airflow/example_dags/example_params_ui_tutorial.py
[2023-08-13T20:16:34.945+0000] {logging_mixin.py:150} INFO - [2023-08-13T20:16:34.945+0000] {dag.py:2742} INFO - Sync 1 DAGs
[2023-08-13T20:16:34.985+0000] {logging_mixin.py:150} INFO - [2023-08-13T20:16:34.984+0000] {dag.py:3508} INFO - Setting next_dagrun for example_params_ui_tutorial to None, run_after=None
[2023-08-13T20:16:35.012+0000] {processor.py:179} INFO - Processing /home/airflow/.local/lib/python3.7/site-packages/airflow/example_dags/example_params_ui_tutorial.py took 0.199 seconds
[2023-08-13T20:17:05.044+0000] {processor.py:157} INFO - Started process (PID=1473) to work on /home/airflow/.local/lib/python3.7/site-packages/airflow/example_dags/example_params_ui_tutorial.py
[2023-08-13T20:17:05.045+0000] {processor.py:826} INFO - Processing file /home/airflow/.local/lib/python3.7/site-packages/airflow/example_dags/example_params_ui_tutorial.py for tasks to queue
[2023-08-13T20:17:05.046+0000] {logging_mixin.py:150} INFO - [2023-08-13T20:17:05.046+0000] {dagbag.py:541} INFO - Filling up the DagBag from /home/airflow/.local/lib/python3.7/site-packages/airflow/example_dags/example_params_ui_tutorial.py
[2023-08-13T20:17:05.082+0000] {processor.py:836} INFO - DAG(s) dict_keys(['example_params_ui_tutorial']) retrieved from /home/airflow/.local/lib/python3.7/site-packages/airflow/example_dags/example_params_ui_tutorial.py
[2023-08-13T20:17:05.141+0000] {logging_mixin.py:150} INFO - [2023-08-13T20:17:05.141+0000] {dag.py:2742} INFO - Sync 1 DAGs
[2023-08-13T20:17:05.169+0000] {logging_mixin.py:150} INFO - [2023-08-13T20:17:05.168+0000] {dag.py:3508} INFO - Setting next_dagrun for example_params_ui_tutorial to None, run_after=None
[2023-08-13T20:17:05.191+0000] {processor.py:179} INFO - Processing /home/airflow/.local/lib/python3.7/site-packages/airflow/example_dags/example_params_ui_tutorial.py took 0.149 seconds
[2023-08-13T20:17:35.358+0000] {processor.py:157} INFO - Started process (PID=1539) to work on /home/airflow/.local/lib/python3.7/site-packages/airflow/example_dags/example_params_ui_tutorial.py
[2023-08-13T20:17:35.360+0000] {processor.py:826} INFO - Processing file /home/airflow/.local/lib/python3.7/site-packages/airflow/example_dags/example_params_ui_tutorial.py for tasks to queue
[2023-08-13T20:17:35.361+0000] {logging_mixin.py:150} INFO - [2023-08-13T20:17:35.361+0000] {dagbag.py:541} INFO - Filling up the DagBag from /home/airflow/.local/lib/python3.7/site-packages/airflow/example_dags/example_params_ui_tutorial.py
[2023-08-13T20:17:35.417+0000] {processor.py:836} INFO - DAG(s) dict_keys(['example_params_ui_tutorial']) retrieved from /home/airflow/.local/lib/python3.7/site-packages/airflow/example_dags/example_params_ui_tutorial.py
[2023-08-13T20:17:35.491+0000] {logging_mixin.py:150} INFO - [2023-08-13T20:17:35.491+0000] {dag.py:2742} INFO - Sync 1 DAGs
[2023-08-13T20:17:35.518+0000] {logging_mixin.py:150} INFO - [2023-08-13T20:17:35.518+0000] {dag.py:3508} INFO - Setting next_dagrun for example_params_ui_tutorial to None, run_after=None
[2023-08-13T20:17:35.541+0000] {processor.py:179} INFO - Processing /home/airflow/.local/lib/python3.7/site-packages/airflow/example_dags/example_params_ui_tutorial.py took 0.187 seconds
[2023-08-13T20:18:06.276+0000] {processor.py:157} INFO - Started process (PID=1606) to work on /home/airflow/.local/lib/python3.7/site-packages/airflow/example_dags/example_params_ui_tutorial.py
[2023-08-13T20:18:06.277+0000] {processor.py:826} INFO - Processing file /home/airflow/.local/lib/python3.7/site-packages/airflow/example_dags/example_params_ui_tutorial.py for tasks to queue
[2023-08-13T20:18:06.278+0000] {logging_mixin.py:150} INFO - [2023-08-13T20:18:06.278+0000] {dagbag.py:541} INFO - Filling up the DagBag from /home/airflow/.local/lib/python3.7/site-packages/airflow/example_dags/example_params_ui_tutorial.py
[2023-08-13T20:18:06.336+0000] {processor.py:836} INFO - DAG(s) dict_keys(['example_params_ui_tutorial']) retrieved from /home/airflow/.local/lib/python3.7/site-packages/airflow/example_dags/example_params_ui_tutorial.py
[2023-08-13T20:18:06.421+0000] {logging_mixin.py:150} INFO - [2023-08-13T20:18:06.420+0000] {dag.py:2742} INFO - Sync 1 DAGs
[2023-08-13T20:18:06.451+0000] {logging_mixin.py:150} INFO - [2023-08-13T20:18:06.451+0000] {dag.py:3508} INFO - Setting next_dagrun for example_params_ui_tutorial to None, run_after=None
[2023-08-13T20:18:06.476+0000] {processor.py:179} INFO - Processing /home/airflow/.local/lib/python3.7/site-packages/airflow/example_dags/example_params_ui_tutorial.py took 0.203 seconds
[2023-08-13T20:18:36.606+0000] {processor.py:157} INFO - Started process (PID=1673) to work on /home/airflow/.local/lib/python3.7/site-packages/airflow/example_dags/example_params_ui_tutorial.py
[2023-08-13T20:18:36.607+0000] {processor.py:826} INFO - Processing file /home/airflow/.local/lib/python3.7/site-packages/airflow/example_dags/example_params_ui_tutorial.py for tasks to queue
[2023-08-13T20:18:36.608+0000] {logging_mixin.py:150} INFO - [2023-08-13T20:18:36.608+0000] {dagbag.py:541} INFO - Filling up the DagBag from /home/airflow/.local/lib/python3.7/site-packages/airflow/example_dags/example_params_ui_tutorial.py
[2023-08-13T20:18:36.656+0000] {processor.py:836} INFO - DAG(s) dict_keys(['example_params_ui_tutorial']) retrieved from /home/airflow/.local/lib/python3.7/site-packages/airflow/example_dags/example_params_ui_tutorial.py
[2023-08-13T20:18:36.750+0000] {logging_mixin.py:150} INFO - [2023-08-13T20:18:36.750+0000] {dag.py:2742} INFO - Sync 1 DAGs
[2023-08-13T20:18:36.785+0000] {logging_mixin.py:150} INFO - [2023-08-13T20:18:36.784+0000] {dag.py:3508} INFO - Setting next_dagrun for example_params_ui_tutorial to None, run_after=None
[2023-08-13T20:18:36.819+0000] {processor.py:179} INFO - Processing /home/airflow/.local/lib/python3.7/site-packages/airflow/example_dags/example_params_ui_tutorial.py took 0.215 seconds
[2023-08-13T20:19:06.961+0000] {processor.py:157} INFO - Started process (PID=1739) to work on /home/airflow/.local/lib/python3.7/site-packages/airflow/example_dags/example_params_ui_tutorial.py
[2023-08-13T20:19:06.963+0000] {processor.py:826} INFO - Processing file /home/airflow/.local/lib/python3.7/site-packages/airflow/example_dags/example_params_ui_tutorial.py for tasks to queue
[2023-08-13T20:19:06.964+0000] {logging_mixin.py:150} INFO - [2023-08-13T20:19:06.964+0000] {dagbag.py:541} INFO - Filling up the DagBag from /home/airflow/.local/lib/python3.7/site-packages/airflow/example_dags/example_params_ui_tutorial.py
[2023-08-13T20:19:07.011+0000] {processor.py:836} INFO - DAG(s) dict_keys(['example_params_ui_tutorial']) retrieved from /home/airflow/.local/lib/python3.7/site-packages/airflow/example_dags/example_params_ui_tutorial.py
[2023-08-13T20:19:07.109+0000] {logging_mixin.py:150} INFO - [2023-08-13T20:19:07.109+0000] {dag.py:2742} INFO - Sync 1 DAGs
[2023-08-13T20:19:07.141+0000] {logging_mixin.py:150} INFO - [2023-08-13T20:19:07.140+0000] {dag.py:3508} INFO - Setting next_dagrun for example_params_ui_tutorial to None, run_after=None
[2023-08-13T20:19:07.166+0000] {processor.py:179} INFO - Processing /home/airflow/.local/lib/python3.7/site-packages/airflow/example_dags/example_params_ui_tutorial.py took 0.208 seconds
[2023-08-13T20:19:37.317+0000] {processor.py:157} INFO - Started process (PID=1805) to work on /home/airflow/.local/lib/python3.7/site-packages/airflow/example_dags/example_params_ui_tutorial.py
[2023-08-13T20:19:37.319+0000] {processor.py:826} INFO - Processing file /home/airflow/.local/lib/python3.7/site-packages/airflow/example_dags/example_params_ui_tutorial.py for tasks to queue
[2023-08-13T20:19:37.320+0000] {logging_mixin.py:150} INFO - [2023-08-13T20:19:37.320+0000] {dagbag.py:541} INFO - Filling up the DagBag from /home/airflow/.local/lib/python3.7/site-packages/airflow/example_dags/example_params_ui_tutorial.py
[2023-08-13T20:19:37.389+0000] {processor.py:836} INFO - DAG(s) dict_keys(['example_params_ui_tutorial']) retrieved from /home/airflow/.local/lib/python3.7/site-packages/airflow/example_dags/example_params_ui_tutorial.py
[2023-08-13T20:19:37.467+0000] {logging_mixin.py:150} INFO - [2023-08-13T20:19:37.467+0000] {dag.py:2742} INFO - Sync 1 DAGs
[2023-08-13T20:19:37.504+0000] {logging_mixin.py:150} INFO - [2023-08-13T20:19:37.504+0000] {dag.py:3508} INFO - Setting next_dagrun for example_params_ui_tutorial to None, run_after=None
[2023-08-13T20:19:37.530+0000] {processor.py:179} INFO - Processing /home/airflow/.local/lib/python3.7/site-packages/airflow/example_dags/example_params_ui_tutorial.py took 0.217 seconds
[2023-08-13T20:20:07.578+0000] {processor.py:157} INFO - Started process (PID=1871) to work on /home/airflow/.local/lib/python3.7/site-packages/airflow/example_dags/example_params_ui_tutorial.py
[2023-08-13T20:20:07.579+0000] {processor.py:826} INFO - Processing file /home/airflow/.local/lib/python3.7/site-packages/airflow/example_dags/example_params_ui_tutorial.py for tasks to queue
[2023-08-13T20:20:07.581+0000] {logging_mixin.py:150} INFO - [2023-08-13T20:20:07.580+0000] {dagbag.py:541} INFO - Filling up the DagBag from /home/airflow/.local/lib/python3.7/site-packages/airflow/example_dags/example_params_ui_tutorial.py
[2023-08-13T20:20:07.639+0000] {processor.py:836} INFO - DAG(s) dict_keys(['example_params_ui_tutorial']) retrieved from /home/airflow/.local/lib/python3.7/site-packages/airflow/example_dags/example_params_ui_tutorial.py
[2023-08-13T20:20:07.725+0000] {logging_mixin.py:150} INFO - [2023-08-13T20:20:07.725+0000] {dag.py:2742} INFO - Sync 1 DAGs
[2023-08-13T20:20:07.765+0000] {logging_mixin.py:150} INFO - [2023-08-13T20:20:07.765+0000] {dag.py:3508} INFO - Setting next_dagrun for example_params_ui_tutorial to None, run_after=None
[2023-08-13T20:20:07.796+0000] {processor.py:179} INFO - Processing /home/airflow/.local/lib/python3.7/site-packages/airflow/example_dags/example_params_ui_tutorial.py took 0.222 seconds
[2023-08-13T20:20:38.356+0000] {processor.py:157} INFO - Started process (PID=1937) to work on /home/airflow/.local/lib/python3.7/site-packages/airflow/example_dags/example_params_ui_tutorial.py
[2023-08-13T20:20:38.357+0000] {processor.py:826} INFO - Processing file /home/airflow/.local/lib/python3.7/site-packages/airflow/example_dags/example_params_ui_tutorial.py for tasks to queue
[2023-08-13T20:20:38.358+0000] {logging_mixin.py:150} INFO - [2023-08-13T20:20:38.358+0000] {dagbag.py:541} INFO - Filling up the DagBag from /home/airflow/.local/lib/python3.7/site-packages/airflow/example_dags/example_params_ui_tutorial.py
[2023-08-13T20:20:38.430+0000] {processor.py:836} INFO - DAG(s) dict_keys(['example_params_ui_tutorial']) retrieved from /home/airflow/.local/lib/python3.7/site-packages/airflow/example_dags/example_params_ui_tutorial.py
[2023-08-13T20:20:38.541+0000] {logging_mixin.py:150} INFO - [2023-08-13T20:20:38.541+0000] {dag.py:2742} INFO - Sync 1 DAGs
[2023-08-13T20:20:38.587+0000] {logging_mixin.py:150} INFO - [2023-08-13T20:20:38.586+0000] {dag.py:3508} INFO - Setting next_dagrun for example_params_ui_tutorial to None, run_after=None
[2023-08-13T20:20:38.621+0000] {processor.py:179} INFO - Processing /home/airflow/.local/lib/python3.7/site-packages/airflow/example_dags/example_params_ui_tutorial.py took 0.270 seconds
[2023-08-13T20:21:08.832+0000] {processor.py:157} INFO - Started process (PID=2003) to work on /home/airflow/.local/lib/python3.7/site-packages/airflow/example_dags/example_params_ui_tutorial.py
[2023-08-13T20:21:08.833+0000] {processor.py:826} INFO - Processing file /home/airflow/.local/lib/python3.7/site-packages/airflow/example_dags/example_params_ui_tutorial.py for tasks to queue
[2023-08-13T20:21:08.834+0000] {logging_mixin.py:150} INFO - [2023-08-13T20:21:08.834+0000] {dagbag.py:541} INFO - Filling up the DagBag from /home/airflow/.local/lib/python3.7/site-packages/airflow/example_dags/example_params_ui_tutorial.py
[2023-08-13T20:21:08.877+0000] {processor.py:836} INFO - DAG(s) dict_keys(['example_params_ui_tutorial']) retrieved from /home/airflow/.local/lib/python3.7/site-packages/airflow/example_dags/example_params_ui_tutorial.py
[2023-08-13T20:21:08.963+0000] {logging_mixin.py:150} INFO - [2023-08-13T20:21:08.962+0000] {dag.py:2742} INFO - Sync 1 DAGs
[2023-08-13T20:21:08.993+0000] {logging_mixin.py:150} INFO - [2023-08-13T20:21:08.993+0000] {dag.py:3508} INFO - Setting next_dagrun for example_params_ui_tutorial to None, run_after=None
[2023-08-13T20:21:09.021+0000] {processor.py:179} INFO - Processing /home/airflow/.local/lib/python3.7/site-packages/airflow/example_dags/example_params_ui_tutorial.py took 0.192 seconds
[2023-08-13T20:21:39.066+0000] {processor.py:157} INFO - Started process (PID=2069) to work on /home/airflow/.local/lib/python3.7/site-packages/airflow/example_dags/example_params_ui_tutorial.py
[2023-08-13T20:21:39.067+0000] {processor.py:826} INFO - Processing file /home/airflow/.local/lib/python3.7/site-packages/airflow/example_dags/example_params_ui_tutorial.py for tasks to queue
[2023-08-13T20:21:39.068+0000] {logging_mixin.py:150} INFO - [2023-08-13T20:21:39.068+0000] {dagbag.py:541} INFO - Filling up the DagBag from /home/airflow/.local/lib/python3.7/site-packages/airflow/example_dags/example_params_ui_tutorial.py
[2023-08-13T20:21:39.113+0000] {processor.py:836} INFO - DAG(s) dict_keys(['example_params_ui_tutorial']) retrieved from /home/airflow/.local/lib/python3.7/site-packages/airflow/example_dags/example_params_ui_tutorial.py
[2023-08-13T20:21:39.178+0000] {logging_mixin.py:150} INFO - [2023-08-13T20:21:39.178+0000] {dag.py:2742} INFO - Sync 1 DAGs
[2023-08-13T20:21:39.213+0000] {logging_mixin.py:150} INFO - [2023-08-13T20:21:39.212+0000] {dag.py:3508} INFO - Setting next_dagrun for example_params_ui_tutorial to None, run_after=None
[2023-08-13T20:21:39.247+0000] {processor.py:179} INFO - Processing /home/airflow/.local/lib/python3.7/site-packages/airflow/example_dags/example_params_ui_tutorial.py took 0.184 seconds
[2023-08-13T20:22:09.654+0000] {processor.py:157} INFO - Started process (PID=2135) to work on /home/airflow/.local/lib/python3.7/site-packages/airflow/example_dags/example_params_ui_tutorial.py
[2023-08-13T20:22:09.655+0000] {processor.py:826} INFO - Processing file /home/airflow/.local/lib/python3.7/site-packages/airflow/example_dags/example_params_ui_tutorial.py for tasks to queue
[2023-08-13T20:22:09.656+0000] {logging_mixin.py:150} INFO - [2023-08-13T20:22:09.656+0000] {dagbag.py:541} INFO - Filling up the DagBag from /home/airflow/.local/lib/python3.7/site-packages/airflow/example_dags/example_params_ui_tutorial.py
[2023-08-13T20:22:09.704+0000] {processor.py:836} INFO - DAG(s) dict_keys(['example_params_ui_tutorial']) retrieved from /home/airflow/.local/lib/python3.7/site-packages/airflow/example_dags/example_params_ui_tutorial.py
[2023-08-13T20:22:09.797+0000] {logging_mixin.py:150} INFO - [2023-08-13T20:22:09.797+0000] {dag.py:2742} INFO - Sync 1 DAGs
[2023-08-13T20:22:09.830+0000] {logging_mixin.py:150} INFO - [2023-08-13T20:22:09.829+0000] {dag.py:3508} INFO - Setting next_dagrun for example_params_ui_tutorial to None, run_after=None
[2023-08-13T20:22:09.859+0000] {processor.py:179} INFO - Processing /home/airflow/.local/lib/python3.7/site-packages/airflow/example_dags/example_params_ui_tutorial.py took 0.210 seconds
[2023-08-13T20:22:40.493+0000] {processor.py:157} INFO - Started process (PID=2202) to work on /home/airflow/.local/lib/python3.7/site-packages/airflow/example_dags/example_params_ui_tutorial.py
[2023-08-13T20:22:40.495+0000] {processor.py:826} INFO - Processing file /home/airflow/.local/lib/python3.7/site-packages/airflow/example_dags/example_params_ui_tutorial.py for tasks to queue
[2023-08-13T20:22:40.496+0000] {logging_mixin.py:150} INFO - [2023-08-13T20:22:40.495+0000] {dagbag.py:541} INFO - Filling up the DagBag from /home/airflow/.local/lib/python3.7/site-packages/airflow/example_dags/example_params_ui_tutorial.py
[2023-08-13T20:22:40.541+0000] {processor.py:836} INFO - DAG(s) dict_keys(['example_params_ui_tutorial']) retrieved from /home/airflow/.local/lib/python3.7/site-packages/airflow/example_dags/example_params_ui_tutorial.py
[2023-08-13T20:22:40.631+0000] {logging_mixin.py:150} INFO - [2023-08-13T20:22:40.631+0000] {dag.py:2742} INFO - Sync 1 DAGs
[2023-08-13T20:22:40.671+0000] {logging_mixin.py:150} INFO - [2023-08-13T20:22:40.671+0000] {dag.py:3508} INFO - Setting next_dagrun for example_params_ui_tutorial to None, run_after=None
[2023-08-13T20:22:40.702+0000] {processor.py:179} INFO - Processing /home/airflow/.local/lib/python3.7/site-packages/airflow/example_dags/example_params_ui_tutorial.py took 0.212 seconds
[2023-08-13T20:23:10.831+0000] {processor.py:157} INFO - Started process (PID=2268) to work on /home/airflow/.local/lib/python3.7/site-packages/airflow/example_dags/example_params_ui_tutorial.py
[2023-08-13T20:23:10.832+0000] {processor.py:826} INFO - Processing file /home/airflow/.local/lib/python3.7/site-packages/airflow/example_dags/example_params_ui_tutorial.py for tasks to queue
[2023-08-13T20:23:10.834+0000] {logging_mixin.py:150} INFO - [2023-08-13T20:23:10.833+0000] {dagbag.py:541} INFO - Filling up the DagBag from /home/airflow/.local/lib/python3.7/site-packages/airflow/example_dags/example_params_ui_tutorial.py
[2023-08-13T20:23:10.885+0000] {processor.py:836} INFO - DAG(s) dict_keys(['example_params_ui_tutorial']) retrieved from /home/airflow/.local/lib/python3.7/site-packages/airflow/example_dags/example_params_ui_tutorial.py
[2023-08-13T20:23:10.954+0000] {logging_mixin.py:150} INFO - [2023-08-13T20:23:10.954+0000] {dag.py:2742} INFO - Sync 1 DAGs
[2023-08-13T20:23:11.003+0000] {logging_mixin.py:150} INFO - [2023-08-13T20:23:11.002+0000] {dag.py:3508} INFO - Setting next_dagrun for example_params_ui_tutorial to None, run_after=None
[2023-08-13T20:23:11.043+0000] {processor.py:179} INFO - Processing /home/airflow/.local/lib/python3.7/site-packages/airflow/example_dags/example_params_ui_tutorial.py took 0.216 seconds
