[2023-08-13T18:41:12.576+0000] {processor.py:157} INFO - Started process (PID=71) to work on /home/airflow/.local/lib/python3.7/site-packages/airflow/example_dags/example_external_task_marker_dag.py
[2023-08-13T18:41:12.577+0000] {processor.py:826} INFO - Processing file /home/airflow/.local/lib/python3.7/site-packages/airflow/example_dags/example_external_task_marker_dag.py for tasks to queue
[2023-08-13T18:41:12.578+0000] {logging_mixin.py:150} INFO - [2023-08-13T18:41:12.578+0000] {dagbag.py:541} INFO - Filling up the DagBag from /home/airflow/.local/lib/python3.7/site-packages/airflow/example_dags/example_external_task_marker_dag.py
[2023-08-13T18:41:12.588+0000] {processor.py:836} INFO - DAG(s) dict_keys(['example_external_task_marker_child', 'example_external_task_marker_parent']) retrieved from /home/airflow/.local/lib/python3.7/site-packages/airflow/example_dags/example_external_task_marker_dag.py
[2023-08-13T18:41:12.606+0000] {logging_mixin.py:150} INFO - [2023-08-13T18:41:12.606+0000] {dag.py:2742} INFO - Sync 2 DAGs
[2023-08-13T18:41:12.650+0000] {logging_mixin.py:150} INFO - [2023-08-13T18:41:12.650+0000] {dag.py:3508} INFO - Setting next_dagrun for example_external_task_marker_child to None, run_after=None
[2023-08-13T18:41:12.658+0000] {logging_mixin.py:150} INFO - [2023-08-13T18:41:12.657+0000] {dag.py:3508} INFO - Setting next_dagrun for example_external_task_marker_parent to None, run_after=None
[2023-08-13T18:41:12.695+0000] {processor.py:179} INFO - Processing /home/airflow/.local/lib/python3.7/site-packages/airflow/example_dags/example_external_task_marker_dag.py took 0.123 seconds
[2023-08-13T18:41:43.206+0000] {processor.py:157} INFO - Started process (PID=136) to work on /home/airflow/.local/lib/python3.7/site-packages/airflow/example_dags/example_external_task_marker_dag.py
[2023-08-13T18:41:43.208+0000] {processor.py:826} INFO - Processing file /home/airflow/.local/lib/python3.7/site-packages/airflow/example_dags/example_external_task_marker_dag.py for tasks to queue
[2023-08-13T18:41:43.210+0000] {logging_mixin.py:150} INFO - [2023-08-13T18:41:43.209+0000] {dagbag.py:541} INFO - Filling up the DagBag from /home/airflow/.local/lib/python3.7/site-packages/airflow/example_dags/example_external_task_marker_dag.py
[2023-08-13T18:41:43.219+0000] {processor.py:836} INFO - DAG(s) dict_keys(['example_external_task_marker_parent', 'example_external_task_marker_child']) retrieved from /home/airflow/.local/lib/python3.7/site-packages/airflow/example_dags/example_external_task_marker_dag.py
[2023-08-13T18:41:43.270+0000] {logging_mixin.py:150} INFO - [2023-08-13T18:41:43.269+0000] {dag.py:2742} INFO - Sync 2 DAGs
[2023-08-13T18:41:43.304+0000] {logging_mixin.py:150} INFO - [2023-08-13T18:41:43.304+0000] {dag.py:3508} INFO - Setting next_dagrun for example_external_task_marker_child to None, run_after=None
[2023-08-13T18:41:43.311+0000] {logging_mixin.py:150} INFO - [2023-08-13T18:41:43.311+0000] {dag.py:3508} INFO - Setting next_dagrun for example_external_task_marker_parent to None, run_after=None
[2023-08-13T18:41:43.333+0000] {processor.py:179} INFO - Processing /home/airflow/.local/lib/python3.7/site-packages/airflow/example_dags/example_external_task_marker_dag.py took 0.130 seconds
[2023-08-13T18:42:14.046+0000] {processor.py:157} INFO - Started process (PID=201) to work on /home/airflow/.local/lib/python3.7/site-packages/airflow/example_dags/example_external_task_marker_dag.py
[2023-08-13T18:42:14.048+0000] {processor.py:826} INFO - Processing file /home/airflow/.local/lib/python3.7/site-packages/airflow/example_dags/example_external_task_marker_dag.py for tasks to queue
[2023-08-13T18:42:14.049+0000] {logging_mixin.py:150} INFO - [2023-08-13T18:42:14.049+0000] {dagbag.py:541} INFO - Filling up the DagBag from /home/airflow/.local/lib/python3.7/site-packages/airflow/example_dags/example_external_task_marker_dag.py
[2023-08-13T18:42:14.057+0000] {processor.py:836} INFO - DAG(s) dict_keys(['example_external_task_marker_parent', 'example_external_task_marker_child']) retrieved from /home/airflow/.local/lib/python3.7/site-packages/airflow/example_dags/example_external_task_marker_dag.py
[2023-08-13T18:42:14.090+0000] {logging_mixin.py:150} INFO - [2023-08-13T18:42:14.089+0000] {dag.py:2742} INFO - Sync 2 DAGs
[2023-08-13T18:42:14.117+0000] {logging_mixin.py:150} INFO - [2023-08-13T18:42:14.116+0000] {dag.py:3508} INFO - Setting next_dagrun for example_external_task_marker_child to None, run_after=None
[2023-08-13T18:42:14.122+0000] {logging_mixin.py:150} INFO - [2023-08-13T18:42:14.122+0000] {dag.py:3508} INFO - Setting next_dagrun for example_external_task_marker_parent to None, run_after=None
[2023-08-13T18:42:14.145+0000] {processor.py:179} INFO - Processing /home/airflow/.local/lib/python3.7/site-packages/airflow/example_dags/example_external_task_marker_dag.py took 0.103 seconds
[2023-08-13T18:42:44.945+0000] {processor.py:157} INFO - Started process (PID=266) to work on /home/airflow/.local/lib/python3.7/site-packages/airflow/example_dags/example_external_task_marker_dag.py
[2023-08-13T18:42:44.946+0000] {processor.py:826} INFO - Processing file /home/airflow/.local/lib/python3.7/site-packages/airflow/example_dags/example_external_task_marker_dag.py for tasks to queue
[2023-08-13T18:42:44.947+0000] {logging_mixin.py:150} INFO - [2023-08-13T18:42:44.946+0000] {dagbag.py:541} INFO - Filling up the DagBag from /home/airflow/.local/lib/python3.7/site-packages/airflow/example_dags/example_external_task_marker_dag.py
[2023-08-13T18:42:44.951+0000] {processor.py:836} INFO - DAG(s) dict_keys(['example_external_task_marker_child', 'example_external_task_marker_parent']) retrieved from /home/airflow/.local/lib/python3.7/site-packages/airflow/example_dags/example_external_task_marker_dag.py
[2023-08-13T18:42:44.982+0000] {logging_mixin.py:150} INFO - [2023-08-13T18:42:44.982+0000] {dag.py:2742} INFO - Sync 2 DAGs
[2023-08-13T18:42:45.007+0000] {logging_mixin.py:150} INFO - [2023-08-13T18:42:45.006+0000] {dag.py:3508} INFO - Setting next_dagrun for example_external_task_marker_child to None, run_after=None
[2023-08-13T18:42:45.010+0000] {logging_mixin.py:150} INFO - [2023-08-13T18:42:45.010+0000] {dag.py:3508} INFO - Setting next_dagrun for example_external_task_marker_parent to None, run_after=None
[2023-08-13T18:42:45.029+0000] {processor.py:179} INFO - Processing /home/airflow/.local/lib/python3.7/site-packages/airflow/example_dags/example_external_task_marker_dag.py took 0.087 seconds
[2023-08-13T18:43:17.537+0000] {processor.py:157} INFO - Started process (PID=331) to work on /home/airflow/.local/lib/python3.7/site-packages/airflow/example_dags/example_external_task_marker_dag.py
[2023-08-13T18:43:17.538+0000] {processor.py:826} INFO - Processing file /home/airflow/.local/lib/python3.7/site-packages/airflow/example_dags/example_external_task_marker_dag.py for tasks to queue
[2023-08-13T18:43:17.540+0000] {logging_mixin.py:150} INFO - [2023-08-13T18:43:17.540+0000] {dagbag.py:541} INFO - Filling up the DagBag from /home/airflow/.local/lib/python3.7/site-packages/airflow/example_dags/example_external_task_marker_dag.py
[2023-08-13T18:43:17.550+0000] {processor.py:836} INFO - DAG(s) dict_keys(['example_external_task_marker_parent', 'example_external_task_marker_child']) retrieved from /home/airflow/.local/lib/python3.7/site-packages/airflow/example_dags/example_external_task_marker_dag.py
[2023-08-13T18:43:17.596+0000] {logging_mixin.py:150} INFO - [2023-08-13T18:43:17.596+0000] {dag.py:2742} INFO - Sync 2 DAGs
[2023-08-13T18:43:17.649+0000] {logging_mixin.py:150} INFO - [2023-08-13T18:43:17.648+0000] {dag.py:3508} INFO - Setting next_dagrun for example_external_task_marker_child to None, run_after=None
[2023-08-13T18:43:17.656+0000] {logging_mixin.py:150} INFO - [2023-08-13T18:43:17.656+0000] {dag.py:3508} INFO - Setting next_dagrun for example_external_task_marker_parent to None, run_after=None
[2023-08-13T18:43:17.703+0000] {processor.py:179} INFO - Processing /home/airflow/.local/lib/python3.7/site-packages/airflow/example_dags/example_external_task_marker_dag.py took 0.171 seconds
[2023-08-13T18:43:48.138+0000] {processor.py:157} INFO - Started process (PID=396) to work on /home/airflow/.local/lib/python3.7/site-packages/airflow/example_dags/example_external_task_marker_dag.py
[2023-08-13T18:43:48.140+0000] {processor.py:826} INFO - Processing file /home/airflow/.local/lib/python3.7/site-packages/airflow/example_dags/example_external_task_marker_dag.py for tasks to queue
[2023-08-13T18:43:48.142+0000] {logging_mixin.py:150} INFO - [2023-08-13T18:43:48.141+0000] {dagbag.py:541} INFO - Filling up the DagBag from /home/airflow/.local/lib/python3.7/site-packages/airflow/example_dags/example_external_task_marker_dag.py
[2023-08-13T18:43:48.154+0000] {processor.py:836} INFO - DAG(s) dict_keys(['example_external_task_marker_child', 'example_external_task_marker_parent']) retrieved from /home/airflow/.local/lib/python3.7/site-packages/airflow/example_dags/example_external_task_marker_dag.py
[2023-08-13T18:43:48.211+0000] {logging_mixin.py:150} INFO - [2023-08-13T18:43:48.211+0000] {dag.py:2742} INFO - Sync 2 DAGs
[2023-08-13T18:43:48.269+0000] {logging_mixin.py:150} INFO - [2023-08-13T18:43:48.269+0000] {dag.py:3508} INFO - Setting next_dagrun for example_external_task_marker_child to None, run_after=None
[2023-08-13T18:43:48.278+0000] {logging_mixin.py:150} INFO - [2023-08-13T18:43:48.278+0000] {dag.py:3508} INFO - Setting next_dagrun for example_external_task_marker_parent to None, run_after=None
[2023-08-13T18:43:48.314+0000] {processor.py:179} INFO - Processing /home/airflow/.local/lib/python3.7/site-packages/airflow/example_dags/example_external_task_marker_dag.py took 0.181 seconds
[2023-08-13T18:44:19.054+0000] {processor.py:157} INFO - Started process (PID=461) to work on /home/airflow/.local/lib/python3.7/site-packages/airflow/example_dags/example_external_task_marker_dag.py
[2023-08-13T18:44:19.056+0000] {processor.py:826} INFO - Processing file /home/airflow/.local/lib/python3.7/site-packages/airflow/example_dags/example_external_task_marker_dag.py for tasks to queue
[2023-08-13T18:44:19.058+0000] {logging_mixin.py:150} INFO - [2023-08-13T18:44:19.057+0000] {dagbag.py:541} INFO - Filling up the DagBag from /home/airflow/.local/lib/python3.7/site-packages/airflow/example_dags/example_external_task_marker_dag.py
[2023-08-13T18:44:19.065+0000] {processor.py:836} INFO - DAG(s) dict_keys(['example_external_task_marker_child', 'example_external_task_marker_parent']) retrieved from /home/airflow/.local/lib/python3.7/site-packages/airflow/example_dags/example_external_task_marker_dag.py
[2023-08-13T18:44:19.105+0000] {logging_mixin.py:150} INFO - [2023-08-13T18:44:19.104+0000] {dag.py:2742} INFO - Sync 2 DAGs
[2023-08-13T18:44:19.151+0000] {logging_mixin.py:150} INFO - [2023-08-13T18:44:19.151+0000] {dag.py:3508} INFO - Setting next_dagrun for example_external_task_marker_child to None, run_after=None
[2023-08-13T18:44:19.165+0000] {logging_mixin.py:150} INFO - [2023-08-13T18:44:19.164+0000] {dag.py:3508} INFO - Setting next_dagrun for example_external_task_marker_parent to None, run_after=None
[2023-08-13T18:44:19.233+0000] {processor.py:179} INFO - Processing /home/airflow/.local/lib/python3.7/site-packages/airflow/example_dags/example_external_task_marker_dag.py took 0.181 seconds
[2023-08-13T18:44:50.116+0000] {processor.py:157} INFO - Started process (PID=526) to work on /home/airflow/.local/lib/python3.7/site-packages/airflow/example_dags/example_external_task_marker_dag.py
[2023-08-13T18:44:50.118+0000] {processor.py:826} INFO - Processing file /home/airflow/.local/lib/python3.7/site-packages/airflow/example_dags/example_external_task_marker_dag.py for tasks to queue
[2023-08-13T18:44:50.119+0000] {logging_mixin.py:150} INFO - [2023-08-13T18:44:50.119+0000] {dagbag.py:541} INFO - Filling up the DagBag from /home/airflow/.local/lib/python3.7/site-packages/airflow/example_dags/example_external_task_marker_dag.py
[2023-08-13T18:44:50.126+0000] {processor.py:836} INFO - DAG(s) dict_keys(['example_external_task_marker_parent', 'example_external_task_marker_child']) retrieved from /home/airflow/.local/lib/python3.7/site-packages/airflow/example_dags/example_external_task_marker_dag.py
[2023-08-13T18:44:50.165+0000] {logging_mixin.py:150} INFO - [2023-08-13T18:44:50.165+0000] {dag.py:2742} INFO - Sync 2 DAGs
[2023-08-13T18:44:50.227+0000] {logging_mixin.py:150} INFO - [2023-08-13T18:44:50.227+0000] {dag.py:3508} INFO - Setting next_dagrun for example_external_task_marker_child to None, run_after=None
[2023-08-13T18:44:50.238+0000] {logging_mixin.py:150} INFO - [2023-08-13T18:44:50.237+0000] {dag.py:3508} INFO - Setting next_dagrun for example_external_task_marker_parent to None, run_after=None
[2023-08-13T18:44:50.269+0000] {processor.py:179} INFO - Processing /home/airflow/.local/lib/python3.7/site-packages/airflow/example_dags/example_external_task_marker_dag.py took 0.157 seconds
[2023-08-13T18:45:23.852+0000] {processor.py:157} INFO - Started process (PID=591) to work on /home/airflow/.local/lib/python3.7/site-packages/airflow/example_dags/example_external_task_marker_dag.py
[2023-08-13T18:45:23.854+0000] {processor.py:826} INFO - Processing file /home/airflow/.local/lib/python3.7/site-packages/airflow/example_dags/example_external_task_marker_dag.py for tasks to queue
[2023-08-13T18:45:23.855+0000] {logging_mixin.py:150} INFO - [2023-08-13T18:45:23.854+0000] {dagbag.py:541} INFO - Filling up the DagBag from /home/airflow/.local/lib/python3.7/site-packages/airflow/example_dags/example_external_task_marker_dag.py
[2023-08-13T18:45:23.863+0000] {processor.py:836} INFO - DAG(s) dict_keys(['example_external_task_marker_parent', 'example_external_task_marker_child']) retrieved from /home/airflow/.local/lib/python3.7/site-packages/airflow/example_dags/example_external_task_marker_dag.py
[2023-08-13T18:45:23.908+0000] {logging_mixin.py:150} INFO - [2023-08-13T18:45:23.907+0000] {dag.py:2742} INFO - Sync 2 DAGs
[2023-08-13T18:45:23.949+0000] {logging_mixin.py:150} INFO - [2023-08-13T18:45:23.949+0000] {dag.py:3508} INFO - Setting next_dagrun for example_external_task_marker_child to None, run_after=None
[2023-08-13T18:45:23.955+0000] {logging_mixin.py:150} INFO - [2023-08-13T18:45:23.955+0000] {dag.py:3508} INFO - Setting next_dagrun for example_external_task_marker_parent to None, run_after=None
[2023-08-13T18:45:23.985+0000] {processor.py:179} INFO - Processing /home/airflow/.local/lib/python3.7/site-packages/airflow/example_dags/example_external_task_marker_dag.py took 0.137 seconds
[2023-08-13T18:45:54.704+0000] {processor.py:157} INFO - Started process (PID=656) to work on /home/airflow/.local/lib/python3.7/site-packages/airflow/example_dags/example_external_task_marker_dag.py
[2023-08-13T18:45:54.706+0000] {processor.py:826} INFO - Processing file /home/airflow/.local/lib/python3.7/site-packages/airflow/example_dags/example_external_task_marker_dag.py for tasks to queue
[2023-08-13T18:45:54.707+0000] {logging_mixin.py:150} INFO - [2023-08-13T18:45:54.706+0000] {dagbag.py:541} INFO - Filling up the DagBag from /home/airflow/.local/lib/python3.7/site-packages/airflow/example_dags/example_external_task_marker_dag.py
[2023-08-13T18:45:54.714+0000] {processor.py:836} INFO - DAG(s) dict_keys(['example_external_task_marker_parent', 'example_external_task_marker_child']) retrieved from /home/airflow/.local/lib/python3.7/site-packages/airflow/example_dags/example_external_task_marker_dag.py
[2023-08-13T18:45:54.750+0000] {logging_mixin.py:150} INFO - [2023-08-13T18:45:54.750+0000] {dag.py:2742} INFO - Sync 2 DAGs
[2023-08-13T18:45:54.783+0000] {logging_mixin.py:150} INFO - [2023-08-13T18:45:54.782+0000] {dag.py:3508} INFO - Setting next_dagrun for example_external_task_marker_child to None, run_after=None
[2023-08-13T18:45:54.790+0000] {logging_mixin.py:150} INFO - [2023-08-13T18:45:54.790+0000] {dag.py:3508} INFO - Setting next_dagrun for example_external_task_marker_parent to None, run_after=None
[2023-08-13T18:45:54.821+0000] {processor.py:179} INFO - Processing /home/airflow/.local/lib/python3.7/site-packages/airflow/example_dags/example_external_task_marker_dag.py took 0.121 seconds
[2023-08-13T18:46:24.979+0000] {processor.py:157} INFO - Started process (PID=720) to work on /home/airflow/.local/lib/python3.7/site-packages/airflow/example_dags/example_external_task_marker_dag.py
[2023-08-13T18:46:24.981+0000] {processor.py:826} INFO - Processing file /home/airflow/.local/lib/python3.7/site-packages/airflow/example_dags/example_external_task_marker_dag.py for tasks to queue
[2023-08-13T18:46:24.982+0000] {logging_mixin.py:150} INFO - [2023-08-13T18:46:24.982+0000] {dagbag.py:541} INFO - Filling up the DagBag from /home/airflow/.local/lib/python3.7/site-packages/airflow/example_dags/example_external_task_marker_dag.py
[2023-08-13T18:46:24.989+0000] {processor.py:836} INFO - DAG(s) dict_keys(['example_external_task_marker_parent', 'example_external_task_marker_child']) retrieved from /home/airflow/.local/lib/python3.7/site-packages/airflow/example_dags/example_external_task_marker_dag.py
[2023-08-13T18:46:25.030+0000] {logging_mixin.py:150} INFO - [2023-08-13T18:46:25.030+0000] {dag.py:2742} INFO - Sync 2 DAGs
[2023-08-13T18:46:25.065+0000] {logging_mixin.py:150} INFO - [2023-08-13T18:46:25.065+0000] {dag.py:3508} INFO - Setting next_dagrun for example_external_task_marker_child to None, run_after=None
[2023-08-13T18:46:25.071+0000] {logging_mixin.py:150} INFO - [2023-08-13T18:46:25.071+0000] {dag.py:3508} INFO - Setting next_dagrun for example_external_task_marker_parent to None, run_after=None
[2023-08-13T18:46:25.105+0000] {processor.py:179} INFO - Processing /home/airflow/.local/lib/python3.7/site-packages/airflow/example_dags/example_external_task_marker_dag.py took 0.129 seconds
[2023-08-13T18:46:55.235+0000] {processor.py:157} INFO - Started process (PID=785) to work on /home/airflow/.local/lib/python3.7/site-packages/airflow/example_dags/example_external_task_marker_dag.py
[2023-08-13T18:46:55.237+0000] {processor.py:826} INFO - Processing file /home/airflow/.local/lib/python3.7/site-packages/airflow/example_dags/example_external_task_marker_dag.py for tasks to queue
[2023-08-13T18:46:55.238+0000] {logging_mixin.py:150} INFO - [2023-08-13T18:46:55.238+0000] {dagbag.py:541} INFO - Filling up the DagBag from /home/airflow/.local/lib/python3.7/site-packages/airflow/example_dags/example_external_task_marker_dag.py
[2023-08-13T18:46:55.245+0000] {processor.py:836} INFO - DAG(s) dict_keys(['example_external_task_marker_parent', 'example_external_task_marker_child']) retrieved from /home/airflow/.local/lib/python3.7/site-packages/airflow/example_dags/example_external_task_marker_dag.py
[2023-08-13T18:46:55.283+0000] {logging_mixin.py:150} INFO - [2023-08-13T18:46:55.283+0000] {dag.py:2742} INFO - Sync 2 DAGs
[2023-08-13T18:46:55.313+0000] {logging_mixin.py:150} INFO - [2023-08-13T18:46:55.312+0000] {dag.py:3508} INFO - Setting next_dagrun for example_external_task_marker_child to None, run_after=None
[2023-08-13T18:46:55.318+0000] {logging_mixin.py:150} INFO - [2023-08-13T18:46:55.317+0000] {dag.py:3508} INFO - Setting next_dagrun for example_external_task_marker_parent to None, run_after=None
[2023-08-13T18:46:55.344+0000] {processor.py:179} INFO - Processing /home/airflow/.local/lib/python3.7/site-packages/airflow/example_dags/example_external_task_marker_dag.py took 0.112 seconds
[2023-08-13T18:47:26.233+0000] {processor.py:157} INFO - Started process (PID=851) to work on /home/airflow/.local/lib/python3.7/site-packages/airflow/example_dags/example_external_task_marker_dag.py
[2023-08-13T18:47:26.235+0000] {processor.py:826} INFO - Processing file /home/airflow/.local/lib/python3.7/site-packages/airflow/example_dags/example_external_task_marker_dag.py for tasks to queue
[2023-08-13T18:47:26.236+0000] {logging_mixin.py:150} INFO - [2023-08-13T18:47:26.235+0000] {dagbag.py:541} INFO - Filling up the DagBag from /home/airflow/.local/lib/python3.7/site-packages/airflow/example_dags/example_external_task_marker_dag.py
[2023-08-13T18:47:26.241+0000] {processor.py:836} INFO - DAG(s) dict_keys(['example_external_task_marker_child', 'example_external_task_marker_parent']) retrieved from /home/airflow/.local/lib/python3.7/site-packages/airflow/example_dags/example_external_task_marker_dag.py
[2023-08-13T18:47:26.272+0000] {logging_mixin.py:150} INFO - [2023-08-13T18:47:26.272+0000] {dag.py:2742} INFO - Sync 2 DAGs
[2023-08-13T18:47:26.302+0000] {logging_mixin.py:150} INFO - [2023-08-13T18:47:26.302+0000] {dag.py:3508} INFO - Setting next_dagrun for example_external_task_marker_child to None, run_after=None
[2023-08-13T18:47:26.306+0000] {logging_mixin.py:150} INFO - [2023-08-13T18:47:26.306+0000] {dag.py:3508} INFO - Setting next_dagrun for example_external_task_marker_parent to None, run_after=None
[2023-08-13T18:47:26.327+0000] {processor.py:179} INFO - Processing /home/airflow/.local/lib/python3.7/site-packages/airflow/example_dags/example_external_task_marker_dag.py took 0.097 seconds
[2023-08-13T18:47:56.949+0000] {processor.py:157} INFO - Started process (PID=916) to work on /home/airflow/.local/lib/python3.7/site-packages/airflow/example_dags/example_external_task_marker_dag.py
[2023-08-13T18:47:56.951+0000] {processor.py:826} INFO - Processing file /home/airflow/.local/lib/python3.7/site-packages/airflow/example_dags/example_external_task_marker_dag.py for tasks to queue
[2023-08-13T18:47:56.952+0000] {logging_mixin.py:150} INFO - [2023-08-13T18:47:56.952+0000] {dagbag.py:541} INFO - Filling up the DagBag from /home/airflow/.local/lib/python3.7/site-packages/airflow/example_dags/example_external_task_marker_dag.py
[2023-08-13T18:47:56.961+0000] {processor.py:836} INFO - DAG(s) dict_keys(['example_external_task_marker_parent', 'example_external_task_marker_child']) retrieved from /home/airflow/.local/lib/python3.7/site-packages/airflow/example_dags/example_external_task_marker_dag.py
[2023-08-13T18:47:57.005+0000] {logging_mixin.py:150} INFO - [2023-08-13T18:47:57.005+0000] {dag.py:2742} INFO - Sync 2 DAGs
[2023-08-13T18:47:57.059+0000] {logging_mixin.py:150} INFO - [2023-08-13T18:47:57.058+0000] {dag.py:3508} INFO - Setting next_dagrun for example_external_task_marker_child to None, run_after=None
[2023-08-13T18:47:57.066+0000] {logging_mixin.py:150} INFO - [2023-08-13T18:47:57.066+0000] {dag.py:3508} INFO - Setting next_dagrun for example_external_task_marker_parent to None, run_after=None
[2023-08-13T18:47:57.099+0000] {processor.py:179} INFO - Processing /home/airflow/.local/lib/python3.7/site-packages/airflow/example_dags/example_external_task_marker_dag.py took 0.154 seconds
[2023-08-13T18:48:27.590+0000] {processor.py:157} INFO - Started process (PID=981) to work on /home/airflow/.local/lib/python3.7/site-packages/airflow/example_dags/example_external_task_marker_dag.py
[2023-08-13T18:48:27.591+0000] {processor.py:826} INFO - Processing file /home/airflow/.local/lib/python3.7/site-packages/airflow/example_dags/example_external_task_marker_dag.py for tasks to queue
[2023-08-13T18:48:27.592+0000] {logging_mixin.py:150} INFO - [2023-08-13T18:48:27.592+0000] {dagbag.py:541} INFO - Filling up the DagBag from /home/airflow/.local/lib/python3.7/site-packages/airflow/example_dags/example_external_task_marker_dag.py
[2023-08-13T18:48:27.597+0000] {processor.py:836} INFO - DAG(s) dict_keys(['example_external_task_marker_child', 'example_external_task_marker_parent']) retrieved from /home/airflow/.local/lib/python3.7/site-packages/airflow/example_dags/example_external_task_marker_dag.py
[2023-08-13T18:48:27.630+0000] {logging_mixin.py:150} INFO - [2023-08-13T18:48:27.629+0000] {dag.py:2742} INFO - Sync 2 DAGs
[2023-08-13T18:48:27.662+0000] {logging_mixin.py:150} INFO - [2023-08-13T18:48:27.661+0000] {dag.py:3508} INFO - Setting next_dagrun for example_external_task_marker_child to None, run_after=None
[2023-08-13T18:48:27.667+0000] {logging_mixin.py:150} INFO - [2023-08-13T18:48:27.667+0000] {dag.py:3508} INFO - Setting next_dagrun for example_external_task_marker_parent to None, run_after=None
[2023-08-13T18:48:27.692+0000] {processor.py:179} INFO - Processing /home/airflow/.local/lib/python3.7/site-packages/airflow/example_dags/example_external_task_marker_dag.py took 0.106 seconds
[2023-08-13T18:48:57.769+0000] {processor.py:157} INFO - Started process (PID=1045) to work on /home/airflow/.local/lib/python3.7/site-packages/airflow/example_dags/example_external_task_marker_dag.py
[2023-08-13T18:48:57.770+0000] {processor.py:826} INFO - Processing file /home/airflow/.local/lib/python3.7/site-packages/airflow/example_dags/example_external_task_marker_dag.py for tasks to queue
[2023-08-13T18:48:57.771+0000] {logging_mixin.py:150} INFO - [2023-08-13T18:48:57.771+0000] {dagbag.py:541} INFO - Filling up the DagBag from /home/airflow/.local/lib/python3.7/site-packages/airflow/example_dags/example_external_task_marker_dag.py
[2023-08-13T18:48:57.777+0000] {processor.py:836} INFO - DAG(s) dict_keys(['example_external_task_marker_parent', 'example_external_task_marker_child']) retrieved from /home/airflow/.local/lib/python3.7/site-packages/airflow/example_dags/example_external_task_marker_dag.py
[2023-08-13T18:48:57.803+0000] {logging_mixin.py:150} INFO - [2023-08-13T18:48:57.803+0000] {dag.py:2742} INFO - Sync 2 DAGs
[2023-08-13T18:48:57.830+0000] {logging_mixin.py:150} INFO - [2023-08-13T18:48:57.830+0000] {dag.py:3508} INFO - Setting next_dagrun for example_external_task_marker_child to None, run_after=None
[2023-08-13T18:48:57.835+0000] {logging_mixin.py:150} INFO - [2023-08-13T18:48:57.835+0000] {dag.py:3508} INFO - Setting next_dagrun for example_external_task_marker_parent to None, run_after=None
[2023-08-13T18:48:57.855+0000] {processor.py:179} INFO - Processing /home/airflow/.local/lib/python3.7/site-packages/airflow/example_dags/example_external_task_marker_dag.py took 0.088 seconds
[2023-08-13T18:49:28.455+0000] {processor.py:157} INFO - Started process (PID=1111) to work on /home/airflow/.local/lib/python3.7/site-packages/airflow/example_dags/example_external_task_marker_dag.py
[2023-08-13T18:49:28.457+0000] {processor.py:826} INFO - Processing file /home/airflow/.local/lib/python3.7/site-packages/airflow/example_dags/example_external_task_marker_dag.py for tasks to queue
[2023-08-13T18:49:28.458+0000] {logging_mixin.py:150} INFO - [2023-08-13T18:49:28.457+0000] {dagbag.py:541} INFO - Filling up the DagBag from /home/airflow/.local/lib/python3.7/site-packages/airflow/example_dags/example_external_task_marker_dag.py
[2023-08-13T18:49:28.464+0000] {processor.py:836} INFO - DAG(s) dict_keys(['example_external_task_marker_parent', 'example_external_task_marker_child']) retrieved from /home/airflow/.local/lib/python3.7/site-packages/airflow/example_dags/example_external_task_marker_dag.py
[2023-08-13T18:49:28.506+0000] {logging_mixin.py:150} INFO - [2023-08-13T18:49:28.505+0000] {dag.py:2742} INFO - Sync 2 DAGs
[2023-08-13T18:49:28.550+0000] {logging_mixin.py:150} INFO - [2023-08-13T18:49:28.550+0000] {dag.py:3508} INFO - Setting next_dagrun for example_external_task_marker_child to None, run_after=None
[2023-08-13T18:49:28.558+0000] {logging_mixin.py:150} INFO - [2023-08-13T18:49:28.557+0000] {dag.py:3508} INFO - Setting next_dagrun for example_external_task_marker_parent to None, run_after=None
[2023-08-13T18:49:28.589+0000] {processor.py:179} INFO - Processing /home/airflow/.local/lib/python3.7/site-packages/airflow/example_dags/example_external_task_marker_dag.py took 0.138 seconds
[2023-08-13T18:49:59.365+0000] {processor.py:157} INFO - Started process (PID=1183) to work on /home/airflow/.local/lib/python3.7/site-packages/airflow/example_dags/example_external_task_marker_dag.py
[2023-08-13T18:49:59.367+0000] {processor.py:826} INFO - Processing file /home/airflow/.local/lib/python3.7/site-packages/airflow/example_dags/example_external_task_marker_dag.py for tasks to queue
[2023-08-13T18:49:59.369+0000] {logging_mixin.py:150} INFO - [2023-08-13T18:49:59.369+0000] {dagbag.py:541} INFO - Filling up the DagBag from /home/airflow/.local/lib/python3.7/site-packages/airflow/example_dags/example_external_task_marker_dag.py
[2023-08-13T18:49:59.379+0000] {processor.py:836} INFO - DAG(s) dict_keys(['example_external_task_marker_parent', 'example_external_task_marker_child']) retrieved from /home/airflow/.local/lib/python3.7/site-packages/airflow/example_dags/example_external_task_marker_dag.py
[2023-08-13T18:49:59.432+0000] {logging_mixin.py:150} INFO - [2023-08-13T18:49:59.432+0000] {dag.py:2742} INFO - Sync 2 DAGs
[2023-08-13T18:49:59.476+0000] {logging_mixin.py:150} INFO - [2023-08-13T18:49:59.476+0000] {dag.py:3508} INFO - Setting next_dagrun for example_external_task_marker_child to None, run_after=None
[2023-08-13T18:49:59.484+0000] {logging_mixin.py:150} INFO - [2023-08-13T18:49:59.484+0000] {dag.py:3508} INFO - Setting next_dagrun for example_external_task_marker_parent to None, run_after=None
[2023-08-13T18:49:59.517+0000] {processor.py:179} INFO - Processing /home/airflow/.local/lib/python3.7/site-packages/airflow/example_dags/example_external_task_marker_dag.py took 0.157 seconds
