[2023-08-13T18:41:09.701+0000] {processor.py:157} INFO - Started process (PID=44) to work on /home/airflow/.local/lib/python3.7/site-packages/airflow/example_dags/example_skip_dag.py
[2023-08-13T18:41:09.703+0000] {processor.py:826} INFO - Processing file /home/airflow/.local/lib/python3.7/site-packages/airflow/example_dags/example_skip_dag.py for tasks to queue
[2023-08-13T18:41:09.705+0000] {logging_mixin.py:150} INFO - [2023-08-13T18:41:09.704+0000] {dagbag.py:541} INFO - Filling up the DagBag from /home/airflow/.local/lib/python3.7/site-packages/airflow/example_dags/example_skip_dag.py
[2023-08-13T18:41:09.724+0000] {processor.py:836} INFO - DAG(s) dict_keys(['example_skip_dag']) retrieved from /home/airflow/.local/lib/python3.7/site-packages/airflow/example_dags/example_skip_dag.py
[2023-08-13T18:41:09.746+0000] {logging_mixin.py:150} INFO - [2023-08-13T18:41:09.745+0000] {dag.py:2742} INFO - Sync 1 DAGs
[2023-08-13T18:41:09.802+0000] {logging_mixin.py:150} INFO - [2023-08-13T18:41:09.801+0000] {dag.py:3508} INFO - Setting next_dagrun for example_skip_dag to 2023-08-12T18:41:09.801172+00:00, run_after=2023-08-13T18:41:09.801172+00:00
[2023-08-13T18:41:09.842+0000] {processor.py:179} INFO - Processing /home/airflow/.local/lib/python3.7/site-packages/airflow/example_dags/example_skip_dag.py took 0.149 seconds
[2023-08-13T18:41:40.093+0000] {processor.py:157} INFO - Started process (PID=108) to work on /home/airflow/.local/lib/python3.7/site-packages/airflow/example_dags/example_skip_dag.py
[2023-08-13T18:41:40.095+0000] {processor.py:826} INFO - Processing file /home/airflow/.local/lib/python3.7/site-packages/airflow/example_dags/example_skip_dag.py for tasks to queue
[2023-08-13T18:41:40.097+0000] {logging_mixin.py:150} INFO - [2023-08-13T18:41:40.096+0000] {dagbag.py:541} INFO - Filling up the DagBag from /home/airflow/.local/lib/python3.7/site-packages/airflow/example_dags/example_skip_dag.py
[2023-08-13T18:41:40.112+0000] {processor.py:836} INFO - DAG(s) dict_keys(['example_skip_dag']) retrieved from /home/airflow/.local/lib/python3.7/site-packages/airflow/example_dags/example_skip_dag.py
[2023-08-13T18:41:40.148+0000] {logging_mixin.py:150} INFO - [2023-08-13T18:41:40.148+0000] {dag.py:2742} INFO - Sync 1 DAGs
[2023-08-13T18:41:40.183+0000] {logging_mixin.py:150} INFO - [2023-08-13T18:41:40.183+0000] {dag.py:3508} INFO - Setting next_dagrun for example_skip_dag to 2023-08-12T18:41:40.182964+00:00, run_after=2023-08-13T18:41:40.182964+00:00
[2023-08-13T18:41:40.210+0000] {processor.py:179} INFO - Processing /home/airflow/.local/lib/python3.7/site-packages/airflow/example_dags/example_skip_dag.py took 0.124 seconds
[2023-08-13T18:42:10.605+0000] {processor.py:157} INFO - Started process (PID=173) to work on /home/airflow/.local/lib/python3.7/site-packages/airflow/example_dags/example_skip_dag.py
[2023-08-13T18:42:10.606+0000] {processor.py:826} INFO - Processing file /home/airflow/.local/lib/python3.7/site-packages/airflow/example_dags/example_skip_dag.py for tasks to queue
[2023-08-13T18:42:10.607+0000] {logging_mixin.py:150} INFO - [2023-08-13T18:42:10.607+0000] {dagbag.py:541} INFO - Filling up the DagBag from /home/airflow/.local/lib/python3.7/site-packages/airflow/example_dags/example_skip_dag.py
[2023-08-13T18:42:10.616+0000] {processor.py:836} INFO - DAG(s) dict_keys(['example_skip_dag']) retrieved from /home/airflow/.local/lib/python3.7/site-packages/airflow/example_dags/example_skip_dag.py
[2023-08-13T18:42:10.646+0000] {logging_mixin.py:150} INFO - [2023-08-13T18:42:10.645+0000] {dag.py:2742} INFO - Sync 1 DAGs
[2023-08-13T18:42:10.684+0000] {logging_mixin.py:150} INFO - [2023-08-13T18:42:10.683+0000] {dag.py:3508} INFO - Setting next_dagrun for example_skip_dag to 2023-08-12T18:42:10.683618+00:00, run_after=2023-08-13T18:42:10.683618+00:00
[2023-08-13T18:42:10.717+0000] {processor.py:179} INFO - Processing /home/airflow/.local/lib/python3.7/site-packages/airflow/example_dags/example_skip_dag.py took 0.115 seconds
[2023-08-13T18:42:40.819+0000] {processor.py:157} INFO - Started process (PID=238) to work on /home/airflow/.local/lib/python3.7/site-packages/airflow/example_dags/example_skip_dag.py
[2023-08-13T18:42:40.821+0000] {processor.py:826} INFO - Processing file /home/airflow/.local/lib/python3.7/site-packages/airflow/example_dags/example_skip_dag.py for tasks to queue
[2023-08-13T18:42:40.822+0000] {logging_mixin.py:150} INFO - [2023-08-13T18:42:40.822+0000] {dagbag.py:541} INFO - Filling up the DagBag from /home/airflow/.local/lib/python3.7/site-packages/airflow/example_dags/example_skip_dag.py
[2023-08-13T18:42:40.829+0000] {processor.py:836} INFO - DAG(s) dict_keys(['example_skip_dag']) retrieved from /home/airflow/.local/lib/python3.7/site-packages/airflow/example_dags/example_skip_dag.py
[2023-08-13T18:42:40.854+0000] {logging_mixin.py:150} INFO - [2023-08-13T18:42:40.853+0000] {dag.py:2742} INFO - Sync 1 DAGs
[2023-08-13T18:42:40.879+0000] {logging_mixin.py:150} INFO - [2023-08-13T18:42:40.878+0000] {dag.py:3508} INFO - Setting next_dagrun for example_skip_dag to 2023-08-12T18:42:40.878602+00:00, run_after=2023-08-13T18:42:40.878602+00:00
[2023-08-13T18:42:40.898+0000] {processor.py:179} INFO - Processing /home/airflow/.local/lib/python3.7/site-packages/airflow/example_dags/example_skip_dag.py took 0.081 seconds
[2023-08-13T18:43:11.536+0000] {processor.py:157} INFO - Started process (PID=303) to work on /home/airflow/.local/lib/python3.7/site-packages/airflow/example_dags/example_skip_dag.py
[2023-08-13T18:43:11.538+0000] {processor.py:826} INFO - Processing file /home/airflow/.local/lib/python3.7/site-packages/airflow/example_dags/example_skip_dag.py for tasks to queue
[2023-08-13T18:43:11.540+0000] {logging_mixin.py:150} INFO - [2023-08-13T18:43:11.540+0000] {dagbag.py:541} INFO - Filling up the DagBag from /home/airflow/.local/lib/python3.7/site-packages/airflow/example_dags/example_skip_dag.py
[2023-08-13T18:43:11.558+0000] {processor.py:836} INFO - DAG(s) dict_keys(['example_skip_dag']) retrieved from /home/airflow/.local/lib/python3.7/site-packages/airflow/example_dags/example_skip_dag.py
[2023-08-13T18:43:11.606+0000] {logging_mixin.py:150} INFO - [2023-08-13T18:43:11.606+0000] {dag.py:2742} INFO - Sync 1 DAGs
[2023-08-13T18:43:11.664+0000] {logging_mixin.py:150} INFO - [2023-08-13T18:43:11.663+0000] {dag.py:3508} INFO - Setting next_dagrun for example_skip_dag to 2023-08-12T18:43:11.663354+00:00, run_after=2023-08-13T18:43:11.663354+00:00
[2023-08-13T18:43:11.769+0000] {processor.py:179} INFO - Processing /home/airflow/.local/lib/python3.7/site-packages/airflow/example_dags/example_skip_dag.py took 0.237 seconds
[2023-08-13T18:43:42.030+0000] {processor.py:157} INFO - Started process (PID=368) to work on /home/airflow/.local/lib/python3.7/site-packages/airflow/example_dags/example_skip_dag.py
[2023-08-13T18:43:42.031+0000] {processor.py:826} INFO - Processing file /home/airflow/.local/lib/python3.7/site-packages/airflow/example_dags/example_skip_dag.py for tasks to queue
[2023-08-13T18:43:42.033+0000] {logging_mixin.py:150} INFO - [2023-08-13T18:43:42.032+0000] {dagbag.py:541} INFO - Filling up the DagBag from /home/airflow/.local/lib/python3.7/site-packages/airflow/example_dags/example_skip_dag.py
[2023-08-13T18:43:42.044+0000] {processor.py:836} INFO - DAG(s) dict_keys(['example_skip_dag']) retrieved from /home/airflow/.local/lib/python3.7/site-packages/airflow/example_dags/example_skip_dag.py
[2023-08-13T18:43:42.086+0000] {logging_mixin.py:150} INFO - [2023-08-13T18:43:42.085+0000] {dag.py:2742} INFO - Sync 1 DAGs
[2023-08-13T18:43:42.143+0000] {logging_mixin.py:150} INFO - [2023-08-13T18:43:42.142+0000] {dag.py:3508} INFO - Setting next_dagrun for example_skip_dag to 2023-08-12T18:43:42.142388+00:00, run_after=2023-08-13T18:43:42.142388+00:00
[2023-08-13T18:43:42.186+0000] {processor.py:179} INFO - Processing /home/airflow/.local/lib/python3.7/site-packages/airflow/example_dags/example_skip_dag.py took 0.159 seconds
[2023-08-13T18:44:12.380+0000] {processor.py:157} INFO - Started process (PID=433) to work on /home/airflow/.local/lib/python3.7/site-packages/airflow/example_dags/example_skip_dag.py
[2023-08-13T18:44:12.382+0000] {processor.py:826} INFO - Processing file /home/airflow/.local/lib/python3.7/site-packages/airflow/example_dags/example_skip_dag.py for tasks to queue
[2023-08-13T18:44:12.383+0000] {logging_mixin.py:150} INFO - [2023-08-13T18:44:12.383+0000] {dagbag.py:541} INFO - Filling up the DagBag from /home/airflow/.local/lib/python3.7/site-packages/airflow/example_dags/example_skip_dag.py
[2023-08-13T18:44:12.392+0000] {processor.py:836} INFO - DAG(s) dict_keys(['example_skip_dag']) retrieved from /home/airflow/.local/lib/python3.7/site-packages/airflow/example_dags/example_skip_dag.py
[2023-08-13T18:44:12.425+0000] {logging_mixin.py:150} INFO - [2023-08-13T18:44:12.425+0000] {dag.py:2742} INFO - Sync 1 DAGs
[2023-08-13T18:44:12.476+0000] {logging_mixin.py:150} INFO - [2023-08-13T18:44:12.476+0000] {dag.py:3508} INFO - Setting next_dagrun for example_skip_dag to 2023-08-12T18:44:12.476260+00:00, run_after=2023-08-13T18:44:12.476260+00:00
[2023-08-13T18:44:12.522+0000] {processor.py:179} INFO - Processing /home/airflow/.local/lib/python3.7/site-packages/airflow/example_dags/example_skip_dag.py took 0.145 seconds
[2023-08-13T18:44:42.553+0000] {processor.py:157} INFO - Started process (PID=498) to work on /home/airflow/.local/lib/python3.7/site-packages/airflow/example_dags/example_skip_dag.py
[2023-08-13T18:44:42.554+0000] {processor.py:826} INFO - Processing file /home/airflow/.local/lib/python3.7/site-packages/airflow/example_dags/example_skip_dag.py for tasks to queue
[2023-08-13T18:44:42.555+0000] {logging_mixin.py:150} INFO - [2023-08-13T18:44:42.555+0000] {dagbag.py:541} INFO - Filling up the DagBag from /home/airflow/.local/lib/python3.7/site-packages/airflow/example_dags/example_skip_dag.py
[2023-08-13T18:44:42.562+0000] {processor.py:836} INFO - DAG(s) dict_keys(['example_skip_dag']) retrieved from /home/airflow/.local/lib/python3.7/site-packages/airflow/example_dags/example_skip_dag.py
[2023-08-13T18:44:42.590+0000] {logging_mixin.py:150} INFO - [2023-08-13T18:44:42.590+0000] {dag.py:2742} INFO - Sync 1 DAGs
[2023-08-13T18:44:42.619+0000] {logging_mixin.py:150} INFO - [2023-08-13T18:44:42.619+0000] {dag.py:3508} INFO - Setting next_dagrun for example_skip_dag to 2023-08-12T18:44:42.619254+00:00, run_after=2023-08-13T18:44:42.619254+00:00
[2023-08-13T18:44:42.642+0000] {processor.py:179} INFO - Processing /home/airflow/.local/lib/python3.7/site-packages/airflow/example_dags/example_skip_dag.py took 0.092 seconds
[2023-08-13T18:45:13.319+0000] {processor.py:157} INFO - Started process (PID=563) to work on /home/airflow/.local/lib/python3.7/site-packages/airflow/example_dags/example_skip_dag.py
[2023-08-13T18:45:13.321+0000] {processor.py:826} INFO - Processing file /home/airflow/.local/lib/python3.7/site-packages/airflow/example_dags/example_skip_dag.py for tasks to queue
[2023-08-13T18:45:13.323+0000] {logging_mixin.py:150} INFO - [2023-08-13T18:45:13.322+0000] {dagbag.py:541} INFO - Filling up the DagBag from /home/airflow/.local/lib/python3.7/site-packages/airflow/example_dags/example_skip_dag.py
[2023-08-13T18:45:13.333+0000] {processor.py:836} INFO - DAG(s) dict_keys(['example_skip_dag']) retrieved from /home/airflow/.local/lib/python3.7/site-packages/airflow/example_dags/example_skip_dag.py
[2023-08-13T18:45:13.375+0000] {logging_mixin.py:150} INFO - [2023-08-13T18:45:13.375+0000] {dag.py:2742} INFO - Sync 1 DAGs
[2023-08-13T18:45:13.428+0000] {logging_mixin.py:150} INFO - [2023-08-13T18:45:13.427+0000] {dag.py:3508} INFO - Setting next_dagrun for example_skip_dag to 2023-08-12T18:45:13.427266+00:00, run_after=2023-08-13T18:45:13.427266+00:00
[2023-08-13T18:45:13.470+0000] {processor.py:179} INFO - Processing /home/airflow/.local/lib/python3.7/site-packages/airflow/example_dags/example_skip_dag.py took 0.155 seconds
[2023-08-13T18:45:43.612+0000] {processor.py:157} INFO - Started process (PID=628) to work on /home/airflow/.local/lib/python3.7/site-packages/airflow/example_dags/example_skip_dag.py
[2023-08-13T18:45:43.613+0000] {processor.py:826} INFO - Processing file /home/airflow/.local/lib/python3.7/site-packages/airflow/example_dags/example_skip_dag.py for tasks to queue
[2023-08-13T18:45:43.615+0000] {logging_mixin.py:150} INFO - [2023-08-13T18:45:43.614+0000] {dagbag.py:541} INFO - Filling up the DagBag from /home/airflow/.local/lib/python3.7/site-packages/airflow/example_dags/example_skip_dag.py
[2023-08-13T18:45:43.623+0000] {processor.py:836} INFO - DAG(s) dict_keys(['example_skip_dag']) retrieved from /home/airflow/.local/lib/python3.7/site-packages/airflow/example_dags/example_skip_dag.py
[2023-08-13T18:45:43.653+0000] {logging_mixin.py:150} INFO - [2023-08-13T18:45:43.652+0000] {dag.py:2742} INFO - Sync 1 DAGs
[2023-08-13T18:45:43.686+0000] {logging_mixin.py:150} INFO - [2023-08-13T18:45:43.685+0000] {dag.py:3508} INFO - Setting next_dagrun for example_skip_dag to 2023-08-12T18:45:43.685499+00:00, run_after=2023-08-13T18:45:43.685499+00:00
[2023-08-13T18:45:43.712+0000] {processor.py:179} INFO - Processing /home/airflow/.local/lib/python3.7/site-packages/airflow/example_dags/example_skip_dag.py took 0.103 seconds
[2023-08-13T18:46:13.752+0000] {processor.py:157} INFO - Started process (PID=692) to work on /home/airflow/.local/lib/python3.7/site-packages/airflow/example_dags/example_skip_dag.py
[2023-08-13T18:46:13.754+0000] {processor.py:826} INFO - Processing file /home/airflow/.local/lib/python3.7/site-packages/airflow/example_dags/example_skip_dag.py for tasks to queue
[2023-08-13T18:46:13.755+0000] {logging_mixin.py:150} INFO - [2023-08-13T18:46:13.755+0000] {dagbag.py:541} INFO - Filling up the DagBag from /home/airflow/.local/lib/python3.7/site-packages/airflow/example_dags/example_skip_dag.py
[2023-08-13T18:46:13.766+0000] {processor.py:836} INFO - DAG(s) dict_keys(['example_skip_dag']) retrieved from /home/airflow/.local/lib/python3.7/site-packages/airflow/example_dags/example_skip_dag.py
[2023-08-13T18:46:13.794+0000] {logging_mixin.py:150} INFO - [2023-08-13T18:46:13.794+0000] {dag.py:2742} INFO - Sync 1 DAGs
[2023-08-13T18:46:13.831+0000] {logging_mixin.py:150} INFO - [2023-08-13T18:46:13.831+0000] {dag.py:3508} INFO - Setting next_dagrun for example_skip_dag to 2023-08-12T18:46:13.830764+00:00, run_after=2023-08-13T18:46:13.830764+00:00
[2023-08-13T18:46:13.867+0000] {processor.py:179} INFO - Processing /home/airflow/.local/lib/python3.7/site-packages/airflow/example_dags/example_skip_dag.py took 0.119 seconds
[2023-08-13T18:46:44.402+0000] {processor.py:157} INFO - Started process (PID=758) to work on /home/airflow/.local/lib/python3.7/site-packages/airflow/example_dags/example_skip_dag.py
[2023-08-13T18:46:44.404+0000] {processor.py:826} INFO - Processing file /home/airflow/.local/lib/python3.7/site-packages/airflow/example_dags/example_skip_dag.py for tasks to queue
[2023-08-13T18:46:44.406+0000] {logging_mixin.py:150} INFO - [2023-08-13T18:46:44.405+0000] {dagbag.py:541} INFO - Filling up the DagBag from /home/airflow/.local/lib/python3.7/site-packages/airflow/example_dags/example_skip_dag.py
[2023-08-13T18:46:44.416+0000] {processor.py:836} INFO - DAG(s) dict_keys(['example_skip_dag']) retrieved from /home/airflow/.local/lib/python3.7/site-packages/airflow/example_dags/example_skip_dag.py
[2023-08-13T18:46:44.452+0000] {logging_mixin.py:150} INFO - [2023-08-13T18:46:44.452+0000] {dag.py:2742} INFO - Sync 1 DAGs
[2023-08-13T18:46:44.500+0000] {logging_mixin.py:150} INFO - [2023-08-13T18:46:44.500+0000] {dag.py:3508} INFO - Setting next_dagrun for example_skip_dag to 2023-08-12T18:46:44.499800+00:00, run_after=2023-08-13T18:46:44.499800+00:00
[2023-08-13T18:46:44.536+0000] {processor.py:179} INFO - Processing /home/airflow/.local/lib/python3.7/site-packages/airflow/example_dags/example_skip_dag.py took 0.138 seconds
[2023-08-13T18:47:15.295+0000] {processor.py:157} INFO - Started process (PID=823) to work on /home/airflow/.local/lib/python3.7/site-packages/airflow/example_dags/example_skip_dag.py
[2023-08-13T18:47:15.297+0000] {processor.py:826} INFO - Processing file /home/airflow/.local/lib/python3.7/site-packages/airflow/example_dags/example_skip_dag.py for tasks to queue
[2023-08-13T18:47:15.298+0000] {logging_mixin.py:150} INFO - [2023-08-13T18:47:15.297+0000] {dagbag.py:541} INFO - Filling up the DagBag from /home/airflow/.local/lib/python3.7/site-packages/airflow/example_dags/example_skip_dag.py
[2023-08-13T18:47:15.304+0000] {processor.py:836} INFO - DAG(s) dict_keys(['example_skip_dag']) retrieved from /home/airflow/.local/lib/python3.7/site-packages/airflow/example_dags/example_skip_dag.py
[2023-08-13T18:47:15.335+0000] {logging_mixin.py:150} INFO - [2023-08-13T18:47:15.334+0000] {dag.py:2742} INFO - Sync 1 DAGs
[2023-08-13T18:47:15.379+0000] {logging_mixin.py:150} INFO - [2023-08-13T18:47:15.378+0000] {dag.py:3508} INFO - Setting next_dagrun for example_skip_dag to 2023-08-12T18:47:15.378314+00:00, run_after=2023-08-13T18:47:15.378314+00:00
[2023-08-13T18:47:15.413+0000] {processor.py:179} INFO - Processing /home/airflow/.local/lib/python3.7/site-packages/airflow/example_dags/example_skip_dag.py took 0.121 seconds
[2023-08-13T18:47:45.812+0000] {processor.py:157} INFO - Started process (PID=888) to work on /home/airflow/.local/lib/python3.7/site-packages/airflow/example_dags/example_skip_dag.py
[2023-08-13T18:47:45.814+0000] {processor.py:826} INFO - Processing file /home/airflow/.local/lib/python3.7/site-packages/airflow/example_dags/example_skip_dag.py for tasks to queue
[2023-08-13T18:47:45.815+0000] {logging_mixin.py:150} INFO - [2023-08-13T18:47:45.814+0000] {dagbag.py:541} INFO - Filling up the DagBag from /home/airflow/.local/lib/python3.7/site-packages/airflow/example_dags/example_skip_dag.py
[2023-08-13T18:47:45.823+0000] {processor.py:836} INFO - DAG(s) dict_keys(['example_skip_dag']) retrieved from /home/airflow/.local/lib/python3.7/site-packages/airflow/example_dags/example_skip_dag.py
[2023-08-13T18:47:45.850+0000] {logging_mixin.py:150} INFO - [2023-08-13T18:47:45.850+0000] {dag.py:2742} INFO - Sync 1 DAGs
[2023-08-13T18:47:45.879+0000] {logging_mixin.py:150} INFO - [2023-08-13T18:47:45.878+0000] {dag.py:3508} INFO - Setting next_dagrun for example_skip_dag to 2023-08-12T18:47:45.878576+00:00, run_after=2023-08-13T18:47:45.878576+00:00
[2023-08-13T18:47:45.907+0000] {processor.py:179} INFO - Processing /home/airflow/.local/lib/python3.7/site-packages/airflow/example_dags/example_skip_dag.py took 0.098 seconds
[2023-08-13T18:48:16.120+0000] {processor.py:157} INFO - Started process (PID=953) to work on /home/airflow/.local/lib/python3.7/site-packages/airflow/example_dags/example_skip_dag.py
[2023-08-13T18:48:16.121+0000] {processor.py:826} INFO - Processing file /home/airflow/.local/lib/python3.7/site-packages/airflow/example_dags/example_skip_dag.py for tasks to queue
[2023-08-13T18:48:16.122+0000] {logging_mixin.py:150} INFO - [2023-08-13T18:48:16.122+0000] {dagbag.py:541} INFO - Filling up the DagBag from /home/airflow/.local/lib/python3.7/site-packages/airflow/example_dags/example_skip_dag.py
[2023-08-13T18:48:16.130+0000] {processor.py:836} INFO - DAG(s) dict_keys(['example_skip_dag']) retrieved from /home/airflow/.local/lib/python3.7/site-packages/airflow/example_dags/example_skip_dag.py
[2023-08-13T18:48:16.155+0000] {logging_mixin.py:150} INFO - [2023-08-13T18:48:16.154+0000] {dag.py:2742} INFO - Sync 1 DAGs
[2023-08-13T18:48:16.185+0000] {logging_mixin.py:150} INFO - [2023-08-13T18:48:16.185+0000] {dag.py:3508} INFO - Setting next_dagrun for example_skip_dag to 2023-08-12T18:48:16.184884+00:00, run_after=2023-08-13T18:48:16.184884+00:00
[2023-08-13T18:48:16.213+0000] {processor.py:179} INFO - Processing /home/airflow/.local/lib/python3.7/site-packages/airflow/example_dags/example_skip_dag.py took 0.096 seconds
[2023-08-13T18:48:46.775+0000] {processor.py:157} INFO - Started process (PID=1018) to work on /home/airflow/.local/lib/python3.7/site-packages/airflow/example_dags/example_skip_dag.py
[2023-08-13T18:48:46.777+0000] {processor.py:826} INFO - Processing file /home/airflow/.local/lib/python3.7/site-packages/airflow/example_dags/example_skip_dag.py for tasks to queue
[2023-08-13T18:48:46.778+0000] {logging_mixin.py:150} INFO - [2023-08-13T18:48:46.777+0000] {dagbag.py:541} INFO - Filling up the DagBag from /home/airflow/.local/lib/python3.7/site-packages/airflow/example_dags/example_skip_dag.py
[2023-08-13T18:48:46.784+0000] {processor.py:836} INFO - DAG(s) dict_keys(['example_skip_dag']) retrieved from /home/airflow/.local/lib/python3.7/site-packages/airflow/example_dags/example_skip_dag.py
[2023-08-13T18:48:46.813+0000] {logging_mixin.py:150} INFO - [2023-08-13T18:48:46.813+0000] {dag.py:2742} INFO - Sync 1 DAGs
[2023-08-13T18:48:46.844+0000] {logging_mixin.py:150} INFO - [2023-08-13T18:48:46.843+0000] {dag.py:3508} INFO - Setting next_dagrun for example_skip_dag to 2023-08-12T18:48:46.843586+00:00, run_after=2023-08-13T18:48:46.843586+00:00
[2023-08-13T18:48:46.871+0000] {processor.py:179} INFO - Processing /home/airflow/.local/lib/python3.7/site-packages/airflow/example_dags/example_skip_dag.py took 0.100 seconds
[2023-08-13T18:49:17.319+0000] {processor.py:157} INFO - Started process (PID=1083) to work on /home/airflow/.local/lib/python3.7/site-packages/airflow/example_dags/example_skip_dag.py
[2023-08-13T18:49:17.321+0000] {processor.py:826} INFO - Processing file /home/airflow/.local/lib/python3.7/site-packages/airflow/example_dags/example_skip_dag.py for tasks to queue
[2023-08-13T18:49:17.322+0000] {logging_mixin.py:150} INFO - [2023-08-13T18:49:17.322+0000] {dagbag.py:541} INFO - Filling up the DagBag from /home/airflow/.local/lib/python3.7/site-packages/airflow/example_dags/example_skip_dag.py
[2023-08-13T18:49:17.329+0000] {processor.py:836} INFO - DAG(s) dict_keys(['example_skip_dag']) retrieved from /home/airflow/.local/lib/python3.7/site-packages/airflow/example_dags/example_skip_dag.py
[2023-08-13T18:49:17.356+0000] {logging_mixin.py:150} INFO - [2023-08-13T18:49:17.356+0000] {dag.py:2742} INFO - Sync 1 DAGs
[2023-08-13T18:49:17.391+0000] {logging_mixin.py:150} INFO - [2023-08-13T18:49:17.390+0000] {dag.py:3508} INFO - Setting next_dagrun for example_skip_dag to 2023-08-12T18:49:17.390677+00:00, run_after=2023-08-13T18:49:17.390677+00:00
[2023-08-13T18:49:17.420+0000] {processor.py:179} INFO - Processing /home/airflow/.local/lib/python3.7/site-packages/airflow/example_dags/example_skip_dag.py took 0.105 seconds
[2023-08-13T18:49:47.914+0000] {processor.py:157} INFO - Started process (PID=1148) to work on /home/airflow/.local/lib/python3.7/site-packages/airflow/example_dags/example_skip_dag.py
[2023-08-13T18:49:47.916+0000] {processor.py:826} INFO - Processing file /home/airflow/.local/lib/python3.7/site-packages/airflow/example_dags/example_skip_dag.py for tasks to queue
[2023-08-13T18:49:47.918+0000] {logging_mixin.py:150} INFO - [2023-08-13T18:49:47.917+0000] {dagbag.py:541} INFO - Filling up the DagBag from /home/airflow/.local/lib/python3.7/site-packages/airflow/example_dags/example_skip_dag.py
[2023-08-13T18:49:47.927+0000] {processor.py:836} INFO - DAG(s) dict_keys(['example_skip_dag']) retrieved from /home/airflow/.local/lib/python3.7/site-packages/airflow/example_dags/example_skip_dag.py
[2023-08-13T18:49:47.967+0000] {logging_mixin.py:150} INFO - [2023-08-13T18:49:47.966+0000] {dag.py:2742} INFO - Sync 1 DAGs
[2023-08-13T18:49:48.010+0000] {logging_mixin.py:150} INFO - [2023-08-13T18:49:48.009+0000] {dag.py:3508} INFO - Setting next_dagrun for example_skip_dag to 2023-08-12T18:49:48.009549+00:00, run_after=2023-08-13T18:49:48.009549+00:00
[2023-08-13T18:49:48.045+0000] {processor.py:179} INFO - Processing /home/airflow/.local/lib/python3.7/site-packages/airflow/example_dags/example_skip_dag.py took 0.135 seconds
[2023-08-13T18:50:18.483+0000] {processor.py:157} INFO - Started process (PID=1213) to work on /home/airflow/.local/lib/python3.7/site-packages/airflow/example_dags/example_skip_dag.py
[2023-08-13T18:50:18.484+0000] {processor.py:826} INFO - Processing file /home/airflow/.local/lib/python3.7/site-packages/airflow/example_dags/example_skip_dag.py for tasks to queue
[2023-08-13T18:50:18.485+0000] {logging_mixin.py:150} INFO - [2023-08-13T18:50:18.485+0000] {dagbag.py:541} INFO - Filling up the DagBag from /home/airflow/.local/lib/python3.7/site-packages/airflow/example_dags/example_skip_dag.py
[2023-08-13T18:50:18.494+0000] {processor.py:836} INFO - DAG(s) dict_keys(['example_skip_dag']) retrieved from /home/airflow/.local/lib/python3.7/site-packages/airflow/example_dags/example_skip_dag.py
[2023-08-13T18:50:18.522+0000] {logging_mixin.py:150} INFO - [2023-08-13T18:50:18.522+0000] {dag.py:2742} INFO - Sync 1 DAGs
[2023-08-13T18:50:18.560+0000] {logging_mixin.py:150} INFO - [2023-08-13T18:50:18.560+0000] {dag.py:3508} INFO - Setting next_dagrun for example_skip_dag to 2023-08-12T18:50:18.560103+00:00, run_after=2023-08-13T18:50:18.560103+00:00
[2023-08-13T18:50:18.587+0000] {processor.py:179} INFO - Processing /home/airflow/.local/lib/python3.7/site-packages/airflow/example_dags/example_skip_dag.py took 0.108 seconds
[2023-08-13T19:55:42.471+0000] {processor.py:157} INFO - Started process (PID=53) to work on /home/airflow/.local/lib/python3.7/site-packages/airflow/example_dags/example_skip_dag.py
[2023-08-13T19:55:42.473+0000] {processor.py:826} INFO - Processing file /home/airflow/.local/lib/python3.7/site-packages/airflow/example_dags/example_skip_dag.py for tasks to queue
[2023-08-13T19:55:42.478+0000] {logging_mixin.py:150} INFO - [2023-08-13T19:55:42.477+0000] {dagbag.py:541} INFO - Filling up the DagBag from /home/airflow/.local/lib/python3.7/site-packages/airflow/example_dags/example_skip_dag.py
[2023-08-13T19:55:42.705+0000] {processor.py:836} INFO - DAG(s) dict_keys(['example_skip_dag']) retrieved from /home/airflow/.local/lib/python3.7/site-packages/airflow/example_dags/example_skip_dag.py
[2023-08-13T19:55:42.931+0000] {logging_mixin.py:150} INFO - [2023-08-13T19:55:42.931+0000] {dag.py:2742} INFO - Sync 1 DAGs
[2023-08-13T19:55:43.049+0000] {logging_mixin.py:150} INFO - [2023-08-13T19:55:43.049+0000] {dag.py:3508} INFO - Setting next_dagrun for example_skip_dag to 2023-08-12T19:55:43.048665+00:00, run_after=2023-08-13T19:55:43.048665+00:00
[2023-08-13T19:55:43.136+0000] {processor.py:179} INFO - Processing /home/airflow/.local/lib/python3.7/site-packages/airflow/example_dags/example_skip_dag.py took 0.707 seconds
[2023-08-13T19:58:38.743+0000] {processor.py:157} INFO - Started process (PID=45) to work on /home/airflow/.local/lib/python3.7/site-packages/airflow/example_dags/example_skip_dag.py
[2023-08-13T19:58:38.765+0000] {processor.py:826} INFO - Processing file /home/airflow/.local/lib/python3.7/site-packages/airflow/example_dags/example_skip_dag.py for tasks to queue
[2023-08-13T19:58:38.766+0000] {logging_mixin.py:150} INFO - [2023-08-13T19:58:38.766+0000] {dagbag.py:541} INFO - Filling up the DagBag from /home/airflow/.local/lib/python3.7/site-packages/airflow/example_dags/example_skip_dag.py
[2023-08-13T19:58:38.781+0000] {processor.py:836} INFO - DAG(s) dict_keys(['example_skip_dag']) retrieved from /home/airflow/.local/lib/python3.7/site-packages/airflow/example_dags/example_skip_dag.py
[2023-08-13T19:58:38.803+0000] {logging_mixin.py:150} INFO - [2023-08-13T19:58:38.802+0000] {dag.py:2742} INFO - Sync 1 DAGs
[2023-08-13T19:58:38.862+0000] {logging_mixin.py:150} INFO - [2023-08-13T19:58:38.861+0000] {dag.py:3508} INFO - Setting next_dagrun for example_skip_dag to 2023-08-12T19:58:38.861600+00:00, run_after=2023-08-13T19:58:38.861600+00:00
[2023-08-13T19:58:38.900+0000] {processor.py:179} INFO - Processing /home/airflow/.local/lib/python3.7/site-packages/airflow/example_dags/example_skip_dag.py took 0.160 seconds
[2023-08-13T19:59:09.088+0000] {processor.py:157} INFO - Started process (PID=110) to work on /home/airflow/.local/lib/python3.7/site-packages/airflow/example_dags/example_skip_dag.py
[2023-08-13T19:59:09.089+0000] {processor.py:826} INFO - Processing file /home/airflow/.local/lib/python3.7/site-packages/airflow/example_dags/example_skip_dag.py for tasks to queue
[2023-08-13T19:59:09.090+0000] {logging_mixin.py:150} INFO - [2023-08-13T19:59:09.090+0000] {dagbag.py:541} INFO - Filling up the DagBag from /home/airflow/.local/lib/python3.7/site-packages/airflow/example_dags/example_skip_dag.py
[2023-08-13T19:59:09.099+0000] {processor.py:836} INFO - DAG(s) dict_keys(['example_skip_dag']) retrieved from /home/airflow/.local/lib/python3.7/site-packages/airflow/example_dags/example_skip_dag.py
[2023-08-13T19:59:09.135+0000] {logging_mixin.py:150} INFO - [2023-08-13T19:59:09.135+0000] {dag.py:2742} INFO - Sync 1 DAGs
[2023-08-13T19:59:09.180+0000] {logging_mixin.py:150} INFO - [2023-08-13T19:59:09.180+0000] {dag.py:3508} INFO - Setting next_dagrun for example_skip_dag to 2023-08-12T19:59:09.180037+00:00, run_after=2023-08-13T19:59:09.180037+00:00
[2023-08-13T19:59:09.218+0000] {processor.py:179} INFO - Processing /home/airflow/.local/lib/python3.7/site-packages/airflow/example_dags/example_skip_dag.py took 0.134 seconds
[2023-08-13T19:59:39.922+0000] {processor.py:157} INFO - Started process (PID=176) to work on /home/airflow/.local/lib/python3.7/site-packages/airflow/example_dags/example_skip_dag.py
[2023-08-13T19:59:39.924+0000] {processor.py:826} INFO - Processing file /home/airflow/.local/lib/python3.7/site-packages/airflow/example_dags/example_skip_dag.py for tasks to queue
[2023-08-13T19:59:39.925+0000] {logging_mixin.py:150} INFO - [2023-08-13T19:59:39.925+0000] {dagbag.py:541} INFO - Filling up the DagBag from /home/airflow/.local/lib/python3.7/site-packages/airflow/example_dags/example_skip_dag.py
[2023-08-13T19:59:39.939+0000] {processor.py:836} INFO - DAG(s) dict_keys(['example_skip_dag']) retrieved from /home/airflow/.local/lib/python3.7/site-packages/airflow/example_dags/example_skip_dag.py
[2023-08-13T19:59:39.977+0000] {logging_mixin.py:150} INFO - [2023-08-13T19:59:39.976+0000] {dag.py:2742} INFO - Sync 1 DAGs
[2023-08-13T19:59:40.029+0000] {logging_mixin.py:150} INFO - [2023-08-13T19:59:40.028+0000] {dag.py:3508} INFO - Setting next_dagrun for example_skip_dag to 2023-08-12T19:59:40.028184+00:00, run_after=2023-08-13T19:59:40.028184+00:00
[2023-08-13T19:59:40.068+0000] {processor.py:179} INFO - Processing /home/airflow/.local/lib/python3.7/site-packages/airflow/example_dags/example_skip_dag.py took 0.151 seconds
[2023-08-13T20:00:10.120+0000] {processor.py:157} INFO - Started process (PID=242) to work on /home/airflow/.local/lib/python3.7/site-packages/airflow/example_dags/example_skip_dag.py
[2023-08-13T20:00:10.121+0000] {processor.py:826} INFO - Processing file /home/airflow/.local/lib/python3.7/site-packages/airflow/example_dags/example_skip_dag.py for tasks to queue
[2023-08-13T20:00:10.122+0000] {logging_mixin.py:150} INFO - [2023-08-13T20:00:10.122+0000] {dagbag.py:541} INFO - Filling up the DagBag from /home/airflow/.local/lib/python3.7/site-packages/airflow/example_dags/example_skip_dag.py
[2023-08-13T20:00:10.128+0000] {processor.py:836} INFO - DAG(s) dict_keys(['example_skip_dag']) retrieved from /home/airflow/.local/lib/python3.7/site-packages/airflow/example_dags/example_skip_dag.py
[2023-08-13T20:00:10.152+0000] {logging_mixin.py:150} INFO - [2023-08-13T20:00:10.152+0000] {dag.py:2742} INFO - Sync 1 DAGs
[2023-08-13T20:00:10.177+0000] {logging_mixin.py:150} INFO - [2023-08-13T20:00:10.177+0000] {dag.py:3508} INFO - Setting next_dagrun for example_skip_dag to 2023-08-12T20:00:10.177356+00:00, run_after=2023-08-13T20:00:10.177356+00:00
[2023-08-13T20:00:10.200+0000] {processor.py:179} INFO - Processing /home/airflow/.local/lib/python3.7/site-packages/airflow/example_dags/example_skip_dag.py took 0.083 seconds
[2023-08-13T20:00:40.670+0000] {processor.py:157} INFO - Started process (PID=308) to work on /home/airflow/.local/lib/python3.7/site-packages/airflow/example_dags/example_skip_dag.py
[2023-08-13T20:00:40.671+0000] {processor.py:826} INFO - Processing file /home/airflow/.local/lib/python3.7/site-packages/airflow/example_dags/example_skip_dag.py for tasks to queue
[2023-08-13T20:00:40.673+0000] {logging_mixin.py:150} INFO - [2023-08-13T20:00:40.672+0000] {dagbag.py:541} INFO - Filling up the DagBag from /home/airflow/.local/lib/python3.7/site-packages/airflow/example_dags/example_skip_dag.py
[2023-08-13T20:00:40.682+0000] {processor.py:836} INFO - DAG(s) dict_keys(['example_skip_dag']) retrieved from /home/airflow/.local/lib/python3.7/site-packages/airflow/example_dags/example_skip_dag.py
[2023-08-13T20:00:40.722+0000] {logging_mixin.py:150} INFO - [2023-08-13T20:00:40.722+0000] {dag.py:2742} INFO - Sync 1 DAGs
[2023-08-13T20:00:40.762+0000] {logging_mixin.py:150} INFO - [2023-08-13T20:00:40.762+0000] {dag.py:3508} INFO - Setting next_dagrun for example_skip_dag to 2023-08-12T20:00:40.761983+00:00, run_after=2023-08-13T20:00:40.761983+00:00
[2023-08-13T20:00:40.798+0000] {processor.py:179} INFO - Processing /home/airflow/.local/lib/python3.7/site-packages/airflow/example_dags/example_skip_dag.py took 0.134 seconds
[2023-08-13T20:01:11.601+0000] {processor.py:157} INFO - Started process (PID=374) to work on /home/airflow/.local/lib/python3.7/site-packages/airflow/example_dags/example_skip_dag.py
[2023-08-13T20:01:11.602+0000] {processor.py:826} INFO - Processing file /home/airflow/.local/lib/python3.7/site-packages/airflow/example_dags/example_skip_dag.py for tasks to queue
[2023-08-13T20:01:11.603+0000] {logging_mixin.py:150} INFO - [2023-08-13T20:01:11.603+0000] {dagbag.py:541} INFO - Filling up the DagBag from /home/airflow/.local/lib/python3.7/site-packages/airflow/example_dags/example_skip_dag.py
[2023-08-13T20:01:11.609+0000] {processor.py:836} INFO - DAG(s) dict_keys(['example_skip_dag']) retrieved from /home/airflow/.local/lib/python3.7/site-packages/airflow/example_dags/example_skip_dag.py
[2023-08-13T20:01:11.637+0000] {logging_mixin.py:150} INFO - [2023-08-13T20:01:11.637+0000] {dag.py:2742} INFO - Sync 1 DAGs
[2023-08-13T20:01:11.666+0000] {logging_mixin.py:150} INFO - [2023-08-13T20:01:11.666+0000] {dag.py:3508} INFO - Setting next_dagrun for example_skip_dag to 2023-08-12T20:01:11.665773+00:00, run_after=2023-08-13T20:01:11.665773+00:00
[2023-08-13T20:01:11.691+0000] {processor.py:179} INFO - Processing /home/airflow/.local/lib/python3.7/site-packages/airflow/example_dags/example_skip_dag.py took 0.093 seconds
[2023-08-13T20:01:42.258+0000] {processor.py:157} INFO - Started process (PID=440) to work on /home/airflow/.local/lib/python3.7/site-packages/airflow/example_dags/example_skip_dag.py
[2023-08-13T20:01:42.261+0000] {processor.py:826} INFO - Processing file /home/airflow/.local/lib/python3.7/site-packages/airflow/example_dags/example_skip_dag.py for tasks to queue
[2023-08-13T20:01:42.263+0000] {logging_mixin.py:150} INFO - [2023-08-13T20:01:42.262+0000] {dagbag.py:541} INFO - Filling up the DagBag from /home/airflow/.local/lib/python3.7/site-packages/airflow/example_dags/example_skip_dag.py
[2023-08-13T20:01:42.283+0000] {processor.py:836} INFO - DAG(s) dict_keys(['example_skip_dag']) retrieved from /home/airflow/.local/lib/python3.7/site-packages/airflow/example_dags/example_skip_dag.py
[2023-08-13T20:01:42.334+0000] {logging_mixin.py:150} INFO - [2023-08-13T20:01:42.334+0000] {dag.py:2742} INFO - Sync 1 DAGs
[2023-08-13T20:01:42.379+0000] {logging_mixin.py:150} INFO - [2023-08-13T20:01:42.379+0000] {dag.py:3508} INFO - Setting next_dagrun for example_skip_dag to 2023-08-12T20:01:42.378939+00:00, run_after=2023-08-13T20:01:42.378939+00:00
[2023-08-13T20:01:42.404+0000] {processor.py:179} INFO - Processing /home/airflow/.local/lib/python3.7/site-packages/airflow/example_dags/example_skip_dag.py took 0.151 seconds
[2023-08-13T20:02:18.543+0000] {processor.py:157} INFO - Started process (PID=506) to work on /home/airflow/.local/lib/python3.7/site-packages/airflow/example_dags/example_skip_dag.py
[2023-08-13T20:02:18.544+0000] {processor.py:826} INFO - Processing file /home/airflow/.local/lib/python3.7/site-packages/airflow/example_dags/example_skip_dag.py for tasks to queue
[2023-08-13T20:02:18.546+0000] {logging_mixin.py:150} INFO - [2023-08-13T20:02:18.546+0000] {dagbag.py:541} INFO - Filling up the DagBag from /home/airflow/.local/lib/python3.7/site-packages/airflow/example_dags/example_skip_dag.py
[2023-08-13T20:02:18.557+0000] {processor.py:836} INFO - DAG(s) dict_keys(['example_skip_dag']) retrieved from /home/airflow/.local/lib/python3.7/site-packages/airflow/example_dags/example_skip_dag.py
[2023-08-13T20:02:18.593+0000] {logging_mixin.py:150} INFO - [2023-08-13T20:02:18.593+0000] {dag.py:2742} INFO - Sync 1 DAGs
[2023-08-13T20:02:18.641+0000] {logging_mixin.py:150} INFO - [2023-08-13T20:02:18.641+0000] {dag.py:3508} INFO - Setting next_dagrun for example_skip_dag to 2023-08-12T20:02:18.640942+00:00, run_after=2023-08-13T20:02:18.640942+00:00
[2023-08-13T20:02:18.675+0000] {processor.py:179} INFO - Processing /home/airflow/.local/lib/python3.7/site-packages/airflow/example_dags/example_skip_dag.py took 0.136 seconds
[2023-08-13T20:03:26.630+0000] {processor.py:157} INFO - Started process (PID=580) to work on /home/airflow/.local/lib/python3.7/site-packages/airflow/example_dags/example_skip_dag.py
[2023-08-13T20:03:26.631+0000] {processor.py:826} INFO - Processing file /home/airflow/.local/lib/python3.7/site-packages/airflow/example_dags/example_skip_dag.py for tasks to queue
[2023-08-13T20:03:26.633+0000] {logging_mixin.py:150} INFO - [2023-08-13T20:03:26.632+0000] {dagbag.py:541} INFO - Filling up the DagBag from /home/airflow/.local/lib/python3.7/site-packages/airflow/example_dags/example_skip_dag.py
[2023-08-13T20:03:26.645+0000] {processor.py:836} INFO - DAG(s) dict_keys(['example_skip_dag']) retrieved from /home/airflow/.local/lib/python3.7/site-packages/airflow/example_dags/example_skip_dag.py
[2023-08-13T20:03:28.426+0000] {logging_mixin.py:150} INFO - [2023-08-13T20:03:28.426+0000] {dag.py:2742} INFO - Sync 1 DAGs
[2023-08-13T20:03:35.798+0000] {logging_mixin.py:150} INFO - [2023-08-13T20:03:35.797+0000] {dag.py:3508} INFO - Setting next_dagrun for example_skip_dag to 2023-08-12T20:03:35.797342+00:00, run_after=2023-08-13T20:03:35.797342+00:00
[2023-08-13T20:03:36.841+0000] {processor.py:179} INFO - Processing /home/airflow/.local/lib/python3.7/site-packages/airflow/example_dags/example_skip_dag.py took 10.216 seconds
[2023-08-13T20:05:56.804+0000] {processor.py:157} INFO - Started process (PID=45) to work on /home/airflow/.local/lib/python3.7/site-packages/airflow/example_dags/example_skip_dag.py
[2023-08-13T20:05:56.806+0000] {processor.py:826} INFO - Processing file /home/airflow/.local/lib/python3.7/site-packages/airflow/example_dags/example_skip_dag.py for tasks to queue
[2023-08-13T20:05:56.808+0000] {logging_mixin.py:150} INFO - [2023-08-13T20:05:56.807+0000] {dagbag.py:541} INFO - Filling up the DagBag from /home/airflow/.local/lib/python3.7/site-packages/airflow/example_dags/example_skip_dag.py
[2023-08-13T20:05:56.822+0000] {processor.py:836} INFO - DAG(s) dict_keys(['example_skip_dag']) retrieved from /home/airflow/.local/lib/python3.7/site-packages/airflow/example_dags/example_skip_dag.py
[2023-08-13T20:05:56.841+0000] {logging_mixin.py:150} INFO - [2023-08-13T20:05:56.840+0000] {dag.py:2742} INFO - Sync 1 DAGs
[2023-08-13T20:05:56.886+0000] {logging_mixin.py:150} INFO - [2023-08-13T20:05:56.886+0000] {dag.py:3508} INFO - Setting next_dagrun for example_skip_dag to 2023-08-12T20:05:56.886055+00:00, run_after=2023-08-13T20:05:56.886055+00:00
[2023-08-13T20:05:56.923+0000] {processor.py:179} INFO - Processing /home/airflow/.local/lib/python3.7/site-packages/airflow/example_dags/example_skip_dag.py took 0.123 seconds
[2023-08-13T20:06:26.988+0000] {processor.py:157} INFO - Started process (PID=110) to work on /home/airflow/.local/lib/python3.7/site-packages/airflow/example_dags/example_skip_dag.py
[2023-08-13T20:06:26.989+0000] {processor.py:826} INFO - Processing file /home/airflow/.local/lib/python3.7/site-packages/airflow/example_dags/example_skip_dag.py for tasks to queue
[2023-08-13T20:06:26.990+0000] {logging_mixin.py:150} INFO - [2023-08-13T20:06:26.990+0000] {dagbag.py:541} INFO - Filling up the DagBag from /home/airflow/.local/lib/python3.7/site-packages/airflow/example_dags/example_skip_dag.py
[2023-08-13T20:06:26.996+0000] {processor.py:836} INFO - DAG(s) dict_keys(['example_skip_dag']) retrieved from /home/airflow/.local/lib/python3.7/site-packages/airflow/example_dags/example_skip_dag.py
[2023-08-13T20:06:27.025+0000] {logging_mixin.py:150} INFO - [2023-08-13T20:06:27.025+0000] {dag.py:2742} INFO - Sync 1 DAGs
[2023-08-13T20:06:27.055+0000] {logging_mixin.py:150} INFO - [2023-08-13T20:06:27.055+0000] {dag.py:3508} INFO - Setting next_dagrun for example_skip_dag to 2023-08-12T20:06:27.054756+00:00, run_after=2023-08-13T20:06:27.054756+00:00
[2023-08-13T20:06:27.080+0000] {processor.py:179} INFO - Processing /home/airflow/.local/lib/python3.7/site-packages/airflow/example_dags/example_skip_dag.py took 0.095 seconds
[2023-08-13T20:06:57.663+0000] {processor.py:157} INFO - Started process (PID=176) to work on /home/airflow/.local/lib/python3.7/site-packages/airflow/example_dags/example_skip_dag.py
[2023-08-13T20:06:57.665+0000] {processor.py:826} INFO - Processing file /home/airflow/.local/lib/python3.7/site-packages/airflow/example_dags/example_skip_dag.py for tasks to queue
[2023-08-13T20:06:57.666+0000] {logging_mixin.py:150} INFO - [2023-08-13T20:06:57.665+0000] {dagbag.py:541} INFO - Filling up the DagBag from /home/airflow/.local/lib/python3.7/site-packages/airflow/example_dags/example_skip_dag.py
[2023-08-13T20:06:57.674+0000] {processor.py:836} INFO - DAG(s) dict_keys(['example_skip_dag']) retrieved from /home/airflow/.local/lib/python3.7/site-packages/airflow/example_dags/example_skip_dag.py
[2023-08-13T20:06:57.701+0000] {logging_mixin.py:150} INFO - [2023-08-13T20:06:57.701+0000] {dag.py:2742} INFO - Sync 1 DAGs
[2023-08-13T20:06:57.733+0000] {logging_mixin.py:150} INFO - [2023-08-13T20:06:57.732+0000] {dag.py:3508} INFO - Setting next_dagrun for example_skip_dag to 2023-08-12T20:06:57.732366+00:00, run_after=2023-08-13T20:06:57.732366+00:00
[2023-08-13T20:06:57.760+0000] {processor.py:179} INFO - Processing /home/airflow/.local/lib/python3.7/site-packages/airflow/example_dags/example_skip_dag.py took 0.101 seconds
[2023-08-13T20:07:28.693+0000] {processor.py:157} INFO - Started process (PID=242) to work on /home/airflow/.local/lib/python3.7/site-packages/airflow/example_dags/example_skip_dag.py
[2023-08-13T20:07:28.695+0000] {processor.py:826} INFO - Processing file /home/airflow/.local/lib/python3.7/site-packages/airflow/example_dags/example_skip_dag.py for tasks to queue
[2023-08-13T20:07:28.696+0000] {logging_mixin.py:150} INFO - [2023-08-13T20:07:28.696+0000] {dagbag.py:541} INFO - Filling up the DagBag from /home/airflow/.local/lib/python3.7/site-packages/airflow/example_dags/example_skip_dag.py
[2023-08-13T20:07:28.702+0000] {processor.py:836} INFO - DAG(s) dict_keys(['example_skip_dag']) retrieved from /home/airflow/.local/lib/python3.7/site-packages/airflow/example_dags/example_skip_dag.py
[2023-08-13T20:07:28.730+0000] {logging_mixin.py:150} INFO - [2023-08-13T20:07:28.730+0000] {dag.py:2742} INFO - Sync 1 DAGs
[2023-08-13T20:07:28.762+0000] {logging_mixin.py:150} INFO - [2023-08-13T20:07:28.761+0000] {dag.py:3508} INFO - Setting next_dagrun for example_skip_dag to 2023-08-12T20:07:28.761554+00:00, run_after=2023-08-13T20:07:28.761554+00:00
[2023-08-13T20:07:28.786+0000] {processor.py:179} INFO - Processing /home/airflow/.local/lib/python3.7/site-packages/airflow/example_dags/example_skip_dag.py took 0.096 seconds
[2023-08-13T20:08:00.462+0000] {processor.py:157} INFO - Started process (PID=308) to work on /home/airflow/.local/lib/python3.7/site-packages/airflow/example_dags/example_skip_dag.py
[2023-08-13T20:08:00.464+0000] {processor.py:826} INFO - Processing file /home/airflow/.local/lib/python3.7/site-packages/airflow/example_dags/example_skip_dag.py for tasks to queue
[2023-08-13T20:08:00.466+0000] {logging_mixin.py:150} INFO - [2023-08-13T20:08:00.465+0000] {dagbag.py:541} INFO - Filling up the DagBag from /home/airflow/.local/lib/python3.7/site-packages/airflow/example_dags/example_skip_dag.py
[2023-08-13T20:08:00.476+0000] {processor.py:836} INFO - DAG(s) dict_keys(['example_skip_dag']) retrieved from /home/airflow/.local/lib/python3.7/site-packages/airflow/example_dags/example_skip_dag.py
[2023-08-13T20:08:00.511+0000] {logging_mixin.py:150} INFO - [2023-08-13T20:08:00.510+0000] {dag.py:2742} INFO - Sync 1 DAGs
[2023-08-13T20:08:00.560+0000] {logging_mixin.py:150} INFO - [2023-08-13T20:08:00.559+0000] {dag.py:3508} INFO - Setting next_dagrun for example_skip_dag to 2023-08-12T20:08:00.559423+00:00, run_after=2023-08-13T20:08:00.559423+00:00
[2023-08-13T20:08:00.594+0000] {processor.py:179} INFO - Processing /home/airflow/.local/lib/python3.7/site-packages/airflow/example_dags/example_skip_dag.py took 0.137 seconds
[2023-08-13T20:08:31.230+0000] {processor.py:157} INFO - Started process (PID=374) to work on /home/airflow/.local/lib/python3.7/site-packages/airflow/example_dags/example_skip_dag.py
[2023-08-13T20:08:31.232+0000] {processor.py:826} INFO - Processing file /home/airflow/.local/lib/python3.7/site-packages/airflow/example_dags/example_skip_dag.py for tasks to queue
[2023-08-13T20:08:31.233+0000] {logging_mixin.py:150} INFO - [2023-08-13T20:08:31.233+0000] {dagbag.py:541} INFO - Filling up the DagBag from /home/airflow/.local/lib/python3.7/site-packages/airflow/example_dags/example_skip_dag.py
[2023-08-13T20:08:31.243+0000] {processor.py:836} INFO - DAG(s) dict_keys(['example_skip_dag']) retrieved from /home/airflow/.local/lib/python3.7/site-packages/airflow/example_dags/example_skip_dag.py
[2023-08-13T20:08:31.277+0000] {logging_mixin.py:150} INFO - [2023-08-13T20:08:31.277+0000] {dag.py:2742} INFO - Sync 1 DAGs
[2023-08-13T20:08:31.313+0000] {logging_mixin.py:150} INFO - [2023-08-13T20:08:31.313+0000] {dag.py:3508} INFO - Setting next_dagrun for example_skip_dag to 2023-08-12T20:08:31.313003+00:00, run_after=2023-08-13T20:08:31.313003+00:00
[2023-08-13T20:08:31.346+0000] {processor.py:179} INFO - Processing /home/airflow/.local/lib/python3.7/site-packages/airflow/example_dags/example_skip_dag.py took 0.120 seconds
[2023-08-13T20:09:01.606+0000] {processor.py:157} INFO - Started process (PID=440) to work on /home/airflow/.local/lib/python3.7/site-packages/airflow/example_dags/example_skip_dag.py
[2023-08-13T20:09:01.607+0000] {processor.py:826} INFO - Processing file /home/airflow/.local/lib/python3.7/site-packages/airflow/example_dags/example_skip_dag.py for tasks to queue
[2023-08-13T20:09:01.608+0000] {logging_mixin.py:150} INFO - [2023-08-13T20:09:01.607+0000] {dagbag.py:541} INFO - Filling up the DagBag from /home/airflow/.local/lib/python3.7/site-packages/airflow/example_dags/example_skip_dag.py
[2023-08-13T20:09:01.614+0000] {processor.py:836} INFO - DAG(s) dict_keys(['example_skip_dag']) retrieved from /home/airflow/.local/lib/python3.7/site-packages/airflow/example_dags/example_skip_dag.py
[2023-08-13T20:09:01.642+0000] {logging_mixin.py:150} INFO - [2023-08-13T20:09:01.642+0000] {dag.py:2742} INFO - Sync 1 DAGs
[2023-08-13T20:09:01.673+0000] {logging_mixin.py:150} INFO - [2023-08-13T20:09:01.673+0000] {dag.py:3508} INFO - Setting next_dagrun for example_skip_dag to 2023-08-12T20:09:01.672858+00:00, run_after=2023-08-13T20:09:01.672858+00:00
[2023-08-13T20:09:01.698+0000] {processor.py:179} INFO - Processing /home/airflow/.local/lib/python3.7/site-packages/airflow/example_dags/example_skip_dag.py took 0.096 seconds
[2023-08-13T20:09:31.948+0000] {processor.py:157} INFO - Started process (PID=506) to work on /home/airflow/.local/lib/python3.7/site-packages/airflow/example_dags/example_skip_dag.py
[2023-08-13T20:09:31.949+0000] {processor.py:826} INFO - Processing file /home/airflow/.local/lib/python3.7/site-packages/airflow/example_dags/example_skip_dag.py for tasks to queue
[2023-08-13T20:09:31.950+0000] {logging_mixin.py:150} INFO - [2023-08-13T20:09:31.950+0000] {dagbag.py:541} INFO - Filling up the DagBag from /home/airflow/.local/lib/python3.7/site-packages/airflow/example_dags/example_skip_dag.py
[2023-08-13T20:09:31.958+0000] {processor.py:836} INFO - DAG(s) dict_keys(['example_skip_dag']) retrieved from /home/airflow/.local/lib/python3.7/site-packages/airflow/example_dags/example_skip_dag.py
[2023-08-13T20:09:31.991+0000] {logging_mixin.py:150} INFO - [2023-08-13T20:09:31.991+0000] {dag.py:2742} INFO - Sync 1 DAGs
[2023-08-13T20:09:32.026+0000] {logging_mixin.py:150} INFO - [2023-08-13T20:09:32.026+0000] {dag.py:3508} INFO - Setting next_dagrun for example_skip_dag to 2023-08-12T20:09:32.025841+00:00, run_after=2023-08-13T20:09:32.025841+00:00
[2023-08-13T20:09:32.053+0000] {processor.py:179} INFO - Processing /home/airflow/.local/lib/python3.7/site-packages/airflow/example_dags/example_skip_dag.py took 0.109 seconds
[2023-08-13T20:10:02.563+0000] {processor.py:157} INFO - Started process (PID=572) to work on /home/airflow/.local/lib/python3.7/site-packages/airflow/example_dags/example_skip_dag.py
[2023-08-13T20:10:02.564+0000] {processor.py:826} INFO - Processing file /home/airflow/.local/lib/python3.7/site-packages/airflow/example_dags/example_skip_dag.py for tasks to queue
[2023-08-13T20:10:02.566+0000] {logging_mixin.py:150} INFO - [2023-08-13T20:10:02.565+0000] {dagbag.py:541} INFO - Filling up the DagBag from /home/airflow/.local/lib/python3.7/site-packages/airflow/example_dags/example_skip_dag.py
[2023-08-13T20:10:02.573+0000] {processor.py:836} INFO - DAG(s) dict_keys(['example_skip_dag']) retrieved from /home/airflow/.local/lib/python3.7/site-packages/airflow/example_dags/example_skip_dag.py
[2023-08-13T20:10:02.601+0000] {logging_mixin.py:150} INFO - [2023-08-13T20:10:02.601+0000] {dag.py:2742} INFO - Sync 1 DAGs
[2023-08-13T20:10:02.635+0000] {logging_mixin.py:150} INFO - [2023-08-13T20:10:02.634+0000] {dag.py:3508} INFO - Setting next_dagrun for example_skip_dag to 2023-08-12T20:10:02.634603+00:00, run_after=2023-08-13T20:10:02.634603+00:00
[2023-08-13T20:10:02.661+0000] {processor.py:179} INFO - Processing /home/airflow/.local/lib/python3.7/site-packages/airflow/example_dags/example_skip_dag.py took 0.101 seconds
[2023-08-13T20:10:32.855+0000] {processor.py:157} INFO - Started process (PID=638) to work on /home/airflow/.local/lib/python3.7/site-packages/airflow/example_dags/example_skip_dag.py
[2023-08-13T20:10:32.856+0000] {processor.py:826} INFO - Processing file /home/airflow/.local/lib/python3.7/site-packages/airflow/example_dags/example_skip_dag.py for tasks to queue
[2023-08-13T20:10:32.860+0000] {logging_mixin.py:150} INFO - [2023-08-13T20:10:32.859+0000] {dagbag.py:541} INFO - Filling up the DagBag from /home/airflow/.local/lib/python3.7/site-packages/airflow/example_dags/example_skip_dag.py
[2023-08-13T20:10:32.880+0000] {processor.py:836} INFO - DAG(s) dict_keys(['example_skip_dag']) retrieved from /home/airflow/.local/lib/python3.7/site-packages/airflow/example_dags/example_skip_dag.py
[2023-08-13T20:10:32.937+0000] {logging_mixin.py:150} INFO - [2023-08-13T20:10:32.937+0000] {dag.py:2742} INFO - Sync 1 DAGs
[2023-08-13T20:10:32.978+0000] {logging_mixin.py:150} INFO - [2023-08-13T20:10:32.978+0000] {dag.py:3508} INFO - Setting next_dagrun for example_skip_dag to 2023-08-12T20:10:32.978061+00:00, run_after=2023-08-13T20:10:32.978061+00:00
[2023-08-13T20:10:33.012+0000] {processor.py:179} INFO - Processing /home/airflow/.local/lib/python3.7/site-packages/airflow/example_dags/example_skip_dag.py took 0.165 seconds
[2023-08-13T20:11:03.127+0000] {processor.py:157} INFO - Started process (PID=704) to work on /home/airflow/.local/lib/python3.7/site-packages/airflow/example_dags/example_skip_dag.py
[2023-08-13T20:11:03.128+0000] {processor.py:826} INFO - Processing file /home/airflow/.local/lib/python3.7/site-packages/airflow/example_dags/example_skip_dag.py for tasks to queue
[2023-08-13T20:11:03.129+0000] {logging_mixin.py:150} INFO - [2023-08-13T20:11:03.129+0000] {dagbag.py:541} INFO - Filling up the DagBag from /home/airflow/.local/lib/python3.7/site-packages/airflow/example_dags/example_skip_dag.py
[2023-08-13T20:11:03.136+0000] {processor.py:836} INFO - DAG(s) dict_keys(['example_skip_dag']) retrieved from /home/airflow/.local/lib/python3.7/site-packages/airflow/example_dags/example_skip_dag.py
[2023-08-13T20:11:03.165+0000] {logging_mixin.py:150} INFO - [2023-08-13T20:11:03.164+0000] {dag.py:2742} INFO - Sync 1 DAGs
[2023-08-13T20:11:03.193+0000] {logging_mixin.py:150} INFO - [2023-08-13T20:11:03.193+0000] {dag.py:3508} INFO - Setting next_dagrun for example_skip_dag to 2023-08-12T20:11:03.193294+00:00, run_after=2023-08-13T20:11:03.193294+00:00
[2023-08-13T20:11:03.220+0000] {processor.py:179} INFO - Processing /home/airflow/.local/lib/python3.7/site-packages/airflow/example_dags/example_skip_dag.py took 0.096 seconds
[2023-08-13T20:11:33.720+0000] {processor.py:157} INFO - Started process (PID=770) to work on /home/airflow/.local/lib/python3.7/site-packages/airflow/example_dags/example_skip_dag.py
[2023-08-13T20:11:33.722+0000] {processor.py:826} INFO - Processing file /home/airflow/.local/lib/python3.7/site-packages/airflow/example_dags/example_skip_dag.py for tasks to queue
[2023-08-13T20:11:33.723+0000] {logging_mixin.py:150} INFO - [2023-08-13T20:11:33.723+0000] {dagbag.py:541} INFO - Filling up the DagBag from /home/airflow/.local/lib/python3.7/site-packages/airflow/example_dags/example_skip_dag.py
[2023-08-13T20:11:33.732+0000] {processor.py:836} INFO - DAG(s) dict_keys(['example_skip_dag']) retrieved from /home/airflow/.local/lib/python3.7/site-packages/airflow/example_dags/example_skip_dag.py
[2023-08-13T20:11:33.764+0000] {logging_mixin.py:150} INFO - [2023-08-13T20:11:33.764+0000] {dag.py:2742} INFO - Sync 1 DAGs
[2023-08-13T20:11:33.798+0000] {logging_mixin.py:150} INFO - [2023-08-13T20:11:33.798+0000] {dag.py:3508} INFO - Setting next_dagrun for example_skip_dag to 2023-08-12T20:11:33.797753+00:00, run_after=2023-08-13T20:11:33.797753+00:00
[2023-08-13T20:11:33.825+0000] {processor.py:179} INFO - Processing /home/airflow/.local/lib/python3.7/site-packages/airflow/example_dags/example_skip_dag.py took 0.108 seconds
[2023-08-13T20:12:04.950+0000] {processor.py:157} INFO - Started process (PID=836) to work on /home/airflow/.local/lib/python3.7/site-packages/airflow/example_dags/example_skip_dag.py
[2023-08-13T20:12:04.951+0000] {processor.py:826} INFO - Processing file /home/airflow/.local/lib/python3.7/site-packages/airflow/example_dags/example_skip_dag.py for tasks to queue
[2023-08-13T20:12:04.953+0000] {logging_mixin.py:150} INFO - [2023-08-13T20:12:04.952+0000] {dagbag.py:541} INFO - Filling up the DagBag from /home/airflow/.local/lib/python3.7/site-packages/airflow/example_dags/example_skip_dag.py
[2023-08-13T20:12:04.962+0000] {processor.py:836} INFO - DAG(s) dict_keys(['example_skip_dag']) retrieved from /home/airflow/.local/lib/python3.7/site-packages/airflow/example_dags/example_skip_dag.py
[2023-08-13T20:12:05.000+0000] {logging_mixin.py:150} INFO - [2023-08-13T20:12:04.999+0000] {dag.py:2742} INFO - Sync 1 DAGs
[2023-08-13T20:12:05.044+0000] {logging_mixin.py:150} INFO - [2023-08-13T20:12:05.044+0000] {dag.py:3508} INFO - Setting next_dagrun for example_skip_dag to 2023-08-12T20:12:05.043976+00:00, run_after=2023-08-13T20:12:05.043976+00:00
[2023-08-13T20:12:05.084+0000] {processor.py:179} INFO - Processing /home/airflow/.local/lib/python3.7/site-packages/airflow/example_dags/example_skip_dag.py took 0.138 seconds
[2023-08-13T20:12:35.600+0000] {processor.py:157} INFO - Started process (PID=902) to work on /home/airflow/.local/lib/python3.7/site-packages/airflow/example_dags/example_skip_dag.py
[2023-08-13T20:12:35.602+0000] {processor.py:826} INFO - Processing file /home/airflow/.local/lib/python3.7/site-packages/airflow/example_dags/example_skip_dag.py for tasks to queue
[2023-08-13T20:12:35.603+0000] {logging_mixin.py:150} INFO - [2023-08-13T20:12:35.602+0000] {dagbag.py:541} INFO - Filling up the DagBag from /home/airflow/.local/lib/python3.7/site-packages/airflow/example_dags/example_skip_dag.py
[2023-08-13T20:12:35.609+0000] {processor.py:836} INFO - DAG(s) dict_keys(['example_skip_dag']) retrieved from /home/airflow/.local/lib/python3.7/site-packages/airflow/example_dags/example_skip_dag.py
[2023-08-13T20:12:35.636+0000] {logging_mixin.py:150} INFO - [2023-08-13T20:12:35.636+0000] {dag.py:2742} INFO - Sync 1 DAGs
[2023-08-13T20:12:35.665+0000] {logging_mixin.py:150} INFO - [2023-08-13T20:12:35.665+0000] {dag.py:3508} INFO - Setting next_dagrun for example_skip_dag to 2023-08-12T20:12:35.664953+00:00, run_after=2023-08-13T20:12:35.664953+00:00
[2023-08-13T20:12:35.692+0000] {processor.py:179} INFO - Processing /home/airflow/.local/lib/python3.7/site-packages/airflow/example_dags/example_skip_dag.py took 0.094 seconds
[2023-08-13T20:13:06.095+0000] {processor.py:157} INFO - Started process (PID=968) to work on /home/airflow/.local/lib/python3.7/site-packages/airflow/example_dags/example_skip_dag.py
[2023-08-13T20:13:06.097+0000] {processor.py:826} INFO - Processing file /home/airflow/.local/lib/python3.7/site-packages/airflow/example_dags/example_skip_dag.py for tasks to queue
[2023-08-13T20:13:06.098+0000] {logging_mixin.py:150} INFO - [2023-08-13T20:13:06.097+0000] {dagbag.py:541} INFO - Filling up the DagBag from /home/airflow/.local/lib/python3.7/site-packages/airflow/example_dags/example_skip_dag.py
[2023-08-13T20:13:06.107+0000] {processor.py:836} INFO - DAG(s) dict_keys(['example_skip_dag']) retrieved from /home/airflow/.local/lib/python3.7/site-packages/airflow/example_dags/example_skip_dag.py
[2023-08-13T20:13:06.135+0000] {logging_mixin.py:150} INFO - [2023-08-13T20:13:06.135+0000] {dag.py:2742} INFO - Sync 1 DAGs
[2023-08-13T20:13:06.168+0000] {logging_mixin.py:150} INFO - [2023-08-13T20:13:06.168+0000] {dag.py:3508} INFO - Setting next_dagrun for example_skip_dag to 2023-08-12T20:13:06.168105+00:00, run_after=2023-08-13T20:13:06.168105+00:00
[2023-08-13T20:13:06.198+0000] {processor.py:179} INFO - Processing /home/airflow/.local/lib/python3.7/site-packages/airflow/example_dags/example_skip_dag.py took 0.106 seconds
[2023-08-13T20:13:36.563+0000] {processor.py:157} INFO - Started process (PID=1034) to work on /home/airflow/.local/lib/python3.7/site-packages/airflow/example_dags/example_skip_dag.py
[2023-08-13T20:13:36.565+0000] {processor.py:826} INFO - Processing file /home/airflow/.local/lib/python3.7/site-packages/airflow/example_dags/example_skip_dag.py for tasks to queue
[2023-08-13T20:13:36.567+0000] {logging_mixin.py:150} INFO - [2023-08-13T20:13:36.567+0000] {dagbag.py:541} INFO - Filling up the DagBag from /home/airflow/.local/lib/python3.7/site-packages/airflow/example_dags/example_skip_dag.py
[2023-08-13T20:13:36.576+0000] {processor.py:836} INFO - DAG(s) dict_keys(['example_skip_dag']) retrieved from /home/airflow/.local/lib/python3.7/site-packages/airflow/example_dags/example_skip_dag.py
[2023-08-13T20:13:36.613+0000] {logging_mixin.py:150} INFO - [2023-08-13T20:13:36.613+0000] {dag.py:2742} INFO - Sync 1 DAGs
[2023-08-13T20:13:36.656+0000] {logging_mixin.py:150} INFO - [2023-08-13T20:13:36.656+0000] {dag.py:3508} INFO - Setting next_dagrun for example_skip_dag to 2023-08-12T20:13:36.656135+00:00, run_after=2023-08-13T20:13:36.656135+00:00
[2023-08-13T20:13:36.711+0000] {processor.py:179} INFO - Processing /home/airflow/.local/lib/python3.7/site-packages/airflow/example_dags/example_skip_dag.py took 0.152 seconds
[2023-08-13T20:14:06.913+0000] {processor.py:157} INFO - Started process (PID=1100) to work on /home/airflow/.local/lib/python3.7/site-packages/airflow/example_dags/example_skip_dag.py
[2023-08-13T20:14:06.914+0000] {processor.py:826} INFO - Processing file /home/airflow/.local/lib/python3.7/site-packages/airflow/example_dags/example_skip_dag.py for tasks to queue
[2023-08-13T20:14:06.915+0000] {logging_mixin.py:150} INFO - [2023-08-13T20:14:06.915+0000] {dagbag.py:541} INFO - Filling up the DagBag from /home/airflow/.local/lib/python3.7/site-packages/airflow/example_dags/example_skip_dag.py
[2023-08-13T20:14:06.922+0000] {processor.py:836} INFO - DAG(s) dict_keys(['example_skip_dag']) retrieved from /home/airflow/.local/lib/python3.7/site-packages/airflow/example_dags/example_skip_dag.py
[2023-08-13T20:14:06.952+0000] {logging_mixin.py:150} INFO - [2023-08-13T20:14:06.952+0000] {dag.py:2742} INFO - Sync 1 DAGs
[2023-08-13T20:14:06.983+0000] {logging_mixin.py:150} INFO - [2023-08-13T20:14:06.983+0000] {dag.py:3508} INFO - Setting next_dagrun for example_skip_dag to 2023-08-12T20:14:06.982806+00:00, run_after=2023-08-13T20:14:06.982806+00:00
[2023-08-13T20:14:07.011+0000] {processor.py:179} INFO - Processing /home/airflow/.local/lib/python3.7/site-packages/airflow/example_dags/example_skip_dag.py took 0.102 seconds
[2023-08-13T20:14:37.313+0000] {processor.py:157} INFO - Started process (PID=1166) to work on /home/airflow/.local/lib/python3.7/site-packages/airflow/example_dags/example_skip_dag.py
[2023-08-13T20:14:37.315+0000] {processor.py:826} INFO - Processing file /home/airflow/.local/lib/python3.7/site-packages/airflow/example_dags/example_skip_dag.py for tasks to queue
[2023-08-13T20:14:37.316+0000] {logging_mixin.py:150} INFO - [2023-08-13T20:14:37.315+0000] {dagbag.py:541} INFO - Filling up the DagBag from /home/airflow/.local/lib/python3.7/site-packages/airflow/example_dags/example_skip_dag.py
[2023-08-13T20:14:37.324+0000] {processor.py:836} INFO - DAG(s) dict_keys(['example_skip_dag']) retrieved from /home/airflow/.local/lib/python3.7/site-packages/airflow/example_dags/example_skip_dag.py
[2023-08-13T20:14:37.355+0000] {logging_mixin.py:150} INFO - [2023-08-13T20:14:37.354+0000] {dag.py:2742} INFO - Sync 1 DAGs
[2023-08-13T20:14:37.392+0000] {logging_mixin.py:150} INFO - [2023-08-13T20:14:37.392+0000] {dag.py:3508} INFO - Setting next_dagrun for example_skip_dag to 2023-08-12T20:14:37.391757+00:00, run_after=2023-08-13T20:14:37.391757+00:00
[2023-08-13T20:14:37.429+0000] {processor.py:179} INFO - Processing /home/airflow/.local/lib/python3.7/site-packages/airflow/example_dags/example_skip_dag.py took 0.120 seconds
[2023-08-13T20:15:07.684+0000] {processor.py:157} INFO - Started process (PID=1232) to work on /home/airflow/.local/lib/python3.7/site-packages/airflow/example_dags/example_skip_dag.py
[2023-08-13T20:15:07.685+0000] {processor.py:826} INFO - Processing file /home/airflow/.local/lib/python3.7/site-packages/airflow/example_dags/example_skip_dag.py for tasks to queue
[2023-08-13T20:15:07.686+0000] {logging_mixin.py:150} INFO - [2023-08-13T20:15:07.686+0000] {dagbag.py:541} INFO - Filling up the DagBag from /home/airflow/.local/lib/python3.7/site-packages/airflow/example_dags/example_skip_dag.py
[2023-08-13T20:15:07.694+0000] {processor.py:836} INFO - DAG(s) dict_keys(['example_skip_dag']) retrieved from /home/airflow/.local/lib/python3.7/site-packages/airflow/example_dags/example_skip_dag.py
[2023-08-13T20:15:07.721+0000] {logging_mixin.py:150} INFO - [2023-08-13T20:15:07.721+0000] {dag.py:2742} INFO - Sync 1 DAGs
[2023-08-13T20:15:07.755+0000] {logging_mixin.py:150} INFO - [2023-08-13T20:15:07.755+0000] {dag.py:3508} INFO - Setting next_dagrun for example_skip_dag to 2023-08-12T20:15:07.755135+00:00, run_after=2023-08-13T20:15:07.755135+00:00
[2023-08-13T20:15:07.785+0000] {processor.py:179} INFO - Processing /home/airflow/.local/lib/python3.7/site-packages/airflow/example_dags/example_skip_dag.py took 0.104 seconds
[2023-08-13T20:15:38.090+0000] {processor.py:157} INFO - Started process (PID=1298) to work on /home/airflow/.local/lib/python3.7/site-packages/airflow/example_dags/example_skip_dag.py
[2023-08-13T20:15:38.091+0000] {processor.py:826} INFO - Processing file /home/airflow/.local/lib/python3.7/site-packages/airflow/example_dags/example_skip_dag.py for tasks to queue
[2023-08-13T20:15:38.092+0000] {logging_mixin.py:150} INFO - [2023-08-13T20:15:38.092+0000] {dagbag.py:541} INFO - Filling up the DagBag from /home/airflow/.local/lib/python3.7/site-packages/airflow/example_dags/example_skip_dag.py
[2023-08-13T20:15:38.102+0000] {processor.py:836} INFO - DAG(s) dict_keys(['example_skip_dag']) retrieved from /home/airflow/.local/lib/python3.7/site-packages/airflow/example_dags/example_skip_dag.py
[2023-08-13T20:15:38.130+0000] {logging_mixin.py:150} INFO - [2023-08-13T20:15:38.130+0000] {dag.py:2742} INFO - Sync 1 DAGs
[2023-08-13T20:15:38.165+0000] {logging_mixin.py:150} INFO - [2023-08-13T20:15:38.165+0000] {dag.py:3508} INFO - Setting next_dagrun for example_skip_dag to 2023-08-12T20:15:38.165261+00:00, run_after=2023-08-13T20:15:38.165261+00:00
[2023-08-13T20:15:38.190+0000] {processor.py:179} INFO - Processing /home/airflow/.local/lib/python3.7/site-packages/airflow/example_dags/example_skip_dag.py took 0.104 seconds
[2023-08-13T20:16:08.640+0000] {processor.py:157} INFO - Started process (PID=1365) to work on /home/airflow/.local/lib/python3.7/site-packages/airflow/example_dags/example_skip_dag.py
[2023-08-13T20:16:08.641+0000] {processor.py:826} INFO - Processing file /home/airflow/.local/lib/python3.7/site-packages/airflow/example_dags/example_skip_dag.py for tasks to queue
[2023-08-13T20:16:08.643+0000] {logging_mixin.py:150} INFO - [2023-08-13T20:16:08.642+0000] {dagbag.py:541} INFO - Filling up the DagBag from /home/airflow/.local/lib/python3.7/site-packages/airflow/example_dags/example_skip_dag.py
[2023-08-13T20:16:08.658+0000] {processor.py:836} INFO - DAG(s) dict_keys(['example_skip_dag']) retrieved from /home/airflow/.local/lib/python3.7/site-packages/airflow/example_dags/example_skip_dag.py
[2023-08-13T20:16:08.690+0000] {logging_mixin.py:150} INFO - [2023-08-13T20:16:08.690+0000] {dag.py:2742} INFO - Sync 1 DAGs
[2023-08-13T20:16:08.729+0000] {logging_mixin.py:150} INFO - [2023-08-13T20:16:08.729+0000] {dag.py:3508} INFO - Setting next_dagrun for example_skip_dag to 2023-08-12T20:16:08.729213+00:00, run_after=2023-08-13T20:16:08.729213+00:00
[2023-08-13T20:16:08.756+0000] {processor.py:179} INFO - Processing /home/airflow/.local/lib/python3.7/site-packages/airflow/example_dags/example_skip_dag.py took 0.119 seconds
[2023-08-13T20:16:38.922+0000] {processor.py:157} INFO - Started process (PID=1431) to work on /home/airflow/.local/lib/python3.7/site-packages/airflow/example_dags/example_skip_dag.py
[2023-08-13T20:16:38.923+0000] {processor.py:826} INFO - Processing file /home/airflow/.local/lib/python3.7/site-packages/airflow/example_dags/example_skip_dag.py for tasks to queue
[2023-08-13T20:16:38.924+0000] {logging_mixin.py:150} INFO - [2023-08-13T20:16:38.924+0000] {dagbag.py:541} INFO - Filling up the DagBag from /home/airflow/.local/lib/python3.7/site-packages/airflow/example_dags/example_skip_dag.py
[2023-08-13T20:16:38.933+0000] {processor.py:836} INFO - DAG(s) dict_keys(['example_skip_dag']) retrieved from /home/airflow/.local/lib/python3.7/site-packages/airflow/example_dags/example_skip_dag.py
[2023-08-13T20:16:38.967+0000] {logging_mixin.py:150} INFO - [2023-08-13T20:16:38.967+0000] {dag.py:2742} INFO - Sync 1 DAGs
[2023-08-13T20:16:39.002+0000] {logging_mixin.py:150} INFO - [2023-08-13T20:16:39.002+0000] {dag.py:3508} INFO - Setting next_dagrun for example_skip_dag to 2023-08-12T20:16:39.001942+00:00, run_after=2023-08-13T20:16:39.001942+00:00
[2023-08-13T20:16:39.037+0000] {processor.py:179} INFO - Processing /home/airflow/.local/lib/python3.7/site-packages/airflow/example_dags/example_skip_dag.py took 0.119 seconds
[2023-08-13T20:17:09.267+0000] {processor.py:157} INFO - Started process (PID=1497) to work on /home/airflow/.local/lib/python3.7/site-packages/airflow/example_dags/example_skip_dag.py
[2023-08-13T20:17:09.268+0000] {processor.py:826} INFO - Processing file /home/airflow/.local/lib/python3.7/site-packages/airflow/example_dags/example_skip_dag.py for tasks to queue
[2023-08-13T20:17:09.270+0000] {logging_mixin.py:150} INFO - [2023-08-13T20:17:09.269+0000] {dagbag.py:541} INFO - Filling up the DagBag from /home/airflow/.local/lib/python3.7/site-packages/airflow/example_dags/example_skip_dag.py
[2023-08-13T20:17:09.276+0000] {processor.py:836} INFO - DAG(s) dict_keys(['example_skip_dag']) retrieved from /home/airflow/.local/lib/python3.7/site-packages/airflow/example_dags/example_skip_dag.py
[2023-08-13T20:17:09.302+0000] {logging_mixin.py:150} INFO - [2023-08-13T20:17:09.302+0000] {dag.py:2742} INFO - Sync 1 DAGs
[2023-08-13T20:17:09.338+0000] {logging_mixin.py:150} INFO - [2023-08-13T20:17:09.338+0000] {dag.py:3508} INFO - Setting next_dagrun for example_skip_dag to 2023-08-12T20:17:09.337819+00:00, run_after=2023-08-13T20:17:09.337819+00:00
[2023-08-13T20:17:09.371+0000] {processor.py:179} INFO - Processing /home/airflow/.local/lib/python3.7/site-packages/airflow/example_dags/example_skip_dag.py took 0.107 seconds
[2023-08-13T20:17:39.736+0000] {processor.py:157} INFO - Started process (PID=1563) to work on /home/airflow/.local/lib/python3.7/site-packages/airflow/example_dags/example_skip_dag.py
[2023-08-13T20:17:39.737+0000] {processor.py:826} INFO - Processing file /home/airflow/.local/lib/python3.7/site-packages/airflow/example_dags/example_skip_dag.py for tasks to queue
[2023-08-13T20:17:39.739+0000] {logging_mixin.py:150} INFO - [2023-08-13T20:17:39.738+0000] {dagbag.py:541} INFO - Filling up the DagBag from /home/airflow/.local/lib/python3.7/site-packages/airflow/example_dags/example_skip_dag.py
[2023-08-13T20:17:39.745+0000] {processor.py:836} INFO - DAG(s) dict_keys(['example_skip_dag']) retrieved from /home/airflow/.local/lib/python3.7/site-packages/airflow/example_dags/example_skip_dag.py
[2023-08-13T20:17:39.776+0000] {logging_mixin.py:150} INFO - [2023-08-13T20:17:39.775+0000] {dag.py:2742} INFO - Sync 1 DAGs
[2023-08-13T20:17:39.813+0000] {logging_mixin.py:150} INFO - [2023-08-13T20:17:39.813+0000] {dag.py:3508} INFO - Setting next_dagrun for example_skip_dag to 2023-08-12T20:17:39.813192+00:00, run_after=2023-08-13T20:17:39.813192+00:00
[2023-08-13T20:17:39.845+0000] {processor.py:179} INFO - Processing /home/airflow/.local/lib/python3.7/site-packages/airflow/example_dags/example_skip_dag.py took 0.112 seconds
[2023-08-13T20:18:10.278+0000] {processor.py:157} INFO - Started process (PID=1630) to work on /home/airflow/.local/lib/python3.7/site-packages/airflow/example_dags/example_skip_dag.py
[2023-08-13T20:18:10.279+0000] {processor.py:826} INFO - Processing file /home/airflow/.local/lib/python3.7/site-packages/airflow/example_dags/example_skip_dag.py for tasks to queue
[2023-08-13T20:18:10.280+0000] {logging_mixin.py:150} INFO - [2023-08-13T20:18:10.280+0000] {dagbag.py:541} INFO - Filling up the DagBag from /home/airflow/.local/lib/python3.7/site-packages/airflow/example_dags/example_skip_dag.py
[2023-08-13T20:18:10.287+0000] {processor.py:836} INFO - DAG(s) dict_keys(['example_skip_dag']) retrieved from /home/airflow/.local/lib/python3.7/site-packages/airflow/example_dags/example_skip_dag.py
[2023-08-13T20:18:10.314+0000] {logging_mixin.py:150} INFO - [2023-08-13T20:18:10.314+0000] {dag.py:2742} INFO - Sync 1 DAGs
[2023-08-13T20:18:10.357+0000] {logging_mixin.py:150} INFO - [2023-08-13T20:18:10.357+0000] {dag.py:3508} INFO - Setting next_dagrun for example_skip_dag to 2023-08-12T20:18:10.356910+00:00, run_after=2023-08-13T20:18:10.356910+00:00
[2023-08-13T20:18:10.389+0000] {processor.py:179} INFO - Processing /home/airflow/.local/lib/python3.7/site-packages/airflow/example_dags/example_skip_dag.py took 0.114 seconds
[2023-08-13T20:18:40.646+0000] {processor.py:157} INFO - Started process (PID=1697) to work on /home/airflow/.local/lib/python3.7/site-packages/airflow/example_dags/example_skip_dag.py
[2023-08-13T20:18:40.648+0000] {processor.py:826} INFO - Processing file /home/airflow/.local/lib/python3.7/site-packages/airflow/example_dags/example_skip_dag.py for tasks to queue
[2023-08-13T20:18:40.649+0000] {logging_mixin.py:150} INFO - [2023-08-13T20:18:40.648+0000] {dagbag.py:541} INFO - Filling up the DagBag from /home/airflow/.local/lib/python3.7/site-packages/airflow/example_dags/example_skip_dag.py
[2023-08-13T20:18:40.657+0000] {processor.py:836} INFO - DAG(s) dict_keys(['example_skip_dag']) retrieved from /home/airflow/.local/lib/python3.7/site-packages/airflow/example_dags/example_skip_dag.py
[2023-08-13T20:18:40.684+0000] {logging_mixin.py:150} INFO - [2023-08-13T20:18:40.684+0000] {dag.py:2742} INFO - Sync 1 DAGs
[2023-08-13T20:18:40.718+0000] {logging_mixin.py:150} INFO - [2023-08-13T20:18:40.718+0000] {dag.py:3508} INFO - Setting next_dagrun for example_skip_dag to 2023-08-12T20:18:40.718111+00:00, run_after=2023-08-13T20:18:40.718111+00:00
[2023-08-13T20:18:40.745+0000] {processor.py:179} INFO - Processing /home/airflow/.local/lib/python3.7/site-packages/airflow/example_dags/example_skip_dag.py took 0.101 seconds
[2023-08-13T20:19:11.235+0000] {processor.py:157} INFO - Started process (PID=1763) to work on /home/airflow/.local/lib/python3.7/site-packages/airflow/example_dags/example_skip_dag.py
[2023-08-13T20:19:11.237+0000] {processor.py:826} INFO - Processing file /home/airflow/.local/lib/python3.7/site-packages/airflow/example_dags/example_skip_dag.py for tasks to queue
[2023-08-13T20:19:11.239+0000] {logging_mixin.py:150} INFO - [2023-08-13T20:19:11.239+0000] {dagbag.py:541} INFO - Filling up the DagBag from /home/airflow/.local/lib/python3.7/site-packages/airflow/example_dags/example_skip_dag.py
[2023-08-13T20:19:11.249+0000] {processor.py:836} INFO - DAG(s) dict_keys(['example_skip_dag']) retrieved from /home/airflow/.local/lib/python3.7/site-packages/airflow/example_dags/example_skip_dag.py
[2023-08-13T20:19:11.289+0000] {logging_mixin.py:150} INFO - [2023-08-13T20:19:11.288+0000] {dag.py:2742} INFO - Sync 1 DAGs
[2023-08-13T20:19:11.334+0000] {logging_mixin.py:150} INFO - [2023-08-13T20:19:11.333+0000] {dag.py:3508} INFO - Setting next_dagrun for example_skip_dag to 2023-08-12T20:19:11.333668+00:00, run_after=2023-08-13T20:19:11.333668+00:00
[2023-08-13T20:19:11.374+0000] {processor.py:179} INFO - Processing /home/airflow/.local/lib/python3.7/site-packages/airflow/example_dags/example_skip_dag.py took 0.145 seconds
[2023-08-13T20:19:41.960+0000] {processor.py:157} INFO - Started process (PID=1816) to work on /home/airflow/.local/lib/python3.7/site-packages/airflow/example_dags/example_skip_dag.py
[2023-08-13T20:19:41.962+0000] {processor.py:826} INFO - Processing file /home/airflow/.local/lib/python3.7/site-packages/airflow/example_dags/example_skip_dag.py for tasks to queue
[2023-08-13T20:19:41.963+0000] {logging_mixin.py:150} INFO - [2023-08-13T20:19:41.963+0000] {dagbag.py:541} INFO - Filling up the DagBag from /home/airflow/.local/lib/python3.7/site-packages/airflow/example_dags/example_skip_dag.py
[2023-08-13T20:19:41.972+0000] {processor.py:836} INFO - DAG(s) dict_keys(['example_skip_dag']) retrieved from /home/airflow/.local/lib/python3.7/site-packages/airflow/example_dags/example_skip_dag.py
[2023-08-13T20:19:42.006+0000] {logging_mixin.py:150} INFO - [2023-08-13T20:19:42.006+0000] {dag.py:2742} INFO - Sync 1 DAGs
[2023-08-13T20:19:42.051+0000] {logging_mixin.py:150} INFO - [2023-08-13T20:19:42.050+0000] {dag.py:3508} INFO - Setting next_dagrun for example_skip_dag to 2023-08-12T20:19:42.050636+00:00, run_after=2023-08-13T20:19:42.050636+00:00
[2023-08-13T20:19:42.084+0000] {processor.py:179} INFO - Processing /home/airflow/.local/lib/python3.7/site-packages/airflow/example_dags/example_skip_dag.py took 0.127 seconds
[2023-08-13T20:20:12.571+0000] {processor.py:157} INFO - Started process (PID=1882) to work on /home/airflow/.local/lib/python3.7/site-packages/airflow/example_dags/example_skip_dag.py
[2023-08-13T20:20:12.573+0000] {processor.py:826} INFO - Processing file /home/airflow/.local/lib/python3.7/site-packages/airflow/example_dags/example_skip_dag.py for tasks to queue
[2023-08-13T20:20:12.574+0000] {logging_mixin.py:150} INFO - [2023-08-13T20:20:12.574+0000] {dagbag.py:541} INFO - Filling up the DagBag from /home/airflow/.local/lib/python3.7/site-packages/airflow/example_dags/example_skip_dag.py
[2023-08-13T20:20:12.584+0000] {processor.py:836} INFO - DAG(s) dict_keys(['example_skip_dag']) retrieved from /home/airflow/.local/lib/python3.7/site-packages/airflow/example_dags/example_skip_dag.py
[2023-08-13T20:20:12.614+0000] {logging_mixin.py:150} INFO - [2023-08-13T20:20:12.613+0000] {dag.py:2742} INFO - Sync 1 DAGs
[2023-08-13T20:20:12.646+0000] {logging_mixin.py:150} INFO - [2023-08-13T20:20:12.646+0000] {dag.py:3508} INFO - Setting next_dagrun for example_skip_dag to 2023-08-12T20:20:12.645873+00:00, run_after=2023-08-13T20:20:12.645873+00:00
[2023-08-13T20:20:12.677+0000] {processor.py:179} INFO - Processing /home/airflow/.local/lib/python3.7/site-packages/airflow/example_dags/example_skip_dag.py took 0.109 seconds
[2023-08-13T20:20:43.407+0000] {processor.py:157} INFO - Started process (PID=1948) to work on /home/airflow/.local/lib/python3.7/site-packages/airflow/example_dags/example_skip_dag.py
[2023-08-13T20:20:43.409+0000] {processor.py:826} INFO - Processing file /home/airflow/.local/lib/python3.7/site-packages/airflow/example_dags/example_skip_dag.py for tasks to queue
[2023-08-13T20:20:43.410+0000] {logging_mixin.py:150} INFO - [2023-08-13T20:20:43.410+0000] {dagbag.py:541} INFO - Filling up the DagBag from /home/airflow/.local/lib/python3.7/site-packages/airflow/example_dags/example_skip_dag.py
[2023-08-13T20:20:43.419+0000] {processor.py:836} INFO - DAG(s) dict_keys(['example_skip_dag']) retrieved from /home/airflow/.local/lib/python3.7/site-packages/airflow/example_dags/example_skip_dag.py
[2023-08-13T20:20:43.447+0000] {logging_mixin.py:150} INFO - [2023-08-13T20:20:43.447+0000] {dag.py:2742} INFO - Sync 1 DAGs
[2023-08-13T20:20:43.477+0000] {logging_mixin.py:150} INFO - [2023-08-13T20:20:43.477+0000] {dag.py:3508} INFO - Setting next_dagrun for example_skip_dag to 2023-08-12T20:20:43.477031+00:00, run_after=2023-08-13T20:20:43.477031+00:00
[2023-08-13T20:20:43.502+0000] {processor.py:179} INFO - Processing /home/airflow/.local/lib/python3.7/site-packages/airflow/example_dags/example_skip_dag.py took 0.098 seconds
[2023-08-13T20:21:13.833+0000] {processor.py:157} INFO - Started process (PID=2014) to work on /home/airflow/.local/lib/python3.7/site-packages/airflow/example_dags/example_skip_dag.py
[2023-08-13T20:21:13.834+0000] {processor.py:826} INFO - Processing file /home/airflow/.local/lib/python3.7/site-packages/airflow/example_dags/example_skip_dag.py for tasks to queue
[2023-08-13T20:21:13.836+0000] {logging_mixin.py:150} INFO - [2023-08-13T20:21:13.835+0000] {dagbag.py:541} INFO - Filling up the DagBag from /home/airflow/.local/lib/python3.7/site-packages/airflow/example_dags/example_skip_dag.py
[2023-08-13T20:21:13.845+0000] {processor.py:836} INFO - DAG(s) dict_keys(['example_skip_dag']) retrieved from /home/airflow/.local/lib/python3.7/site-packages/airflow/example_dags/example_skip_dag.py
[2023-08-13T20:21:13.879+0000] {logging_mixin.py:150} INFO - [2023-08-13T20:21:13.878+0000] {dag.py:2742} INFO - Sync 1 DAGs
[2023-08-13T20:21:13.914+0000] {logging_mixin.py:150} INFO - [2023-08-13T20:21:13.914+0000] {dag.py:3508} INFO - Setting next_dagrun for example_skip_dag to 2023-08-12T20:21:13.914248+00:00, run_after=2023-08-13T20:21:13.914248+00:00
[2023-08-13T20:21:13.943+0000] {processor.py:179} INFO - Processing /home/airflow/.local/lib/python3.7/site-packages/airflow/example_dags/example_skip_dag.py took 0.114 seconds
[2023-08-13T20:21:44.227+0000] {processor.py:157} INFO - Started process (PID=2080) to work on /home/airflow/.local/lib/python3.7/site-packages/airflow/example_dags/example_skip_dag.py
[2023-08-13T20:21:44.228+0000] {processor.py:826} INFO - Processing file /home/airflow/.local/lib/python3.7/site-packages/airflow/example_dags/example_skip_dag.py for tasks to queue
[2023-08-13T20:21:44.229+0000] {logging_mixin.py:150} INFO - [2023-08-13T20:21:44.229+0000] {dagbag.py:541} INFO - Filling up the DagBag from /home/airflow/.local/lib/python3.7/site-packages/airflow/example_dags/example_skip_dag.py
[2023-08-13T20:21:44.236+0000] {processor.py:836} INFO - DAG(s) dict_keys(['example_skip_dag']) retrieved from /home/airflow/.local/lib/python3.7/site-packages/airflow/example_dags/example_skip_dag.py
[2023-08-13T20:21:44.271+0000] {logging_mixin.py:150} INFO - [2023-08-13T20:21:44.271+0000] {dag.py:2742} INFO - Sync 1 DAGs
[2023-08-13T20:21:44.302+0000] {logging_mixin.py:150} INFO - [2023-08-13T20:21:44.301+0000] {dag.py:3508} INFO - Setting next_dagrun for example_skip_dag to 2023-08-12T20:21:44.301562+00:00, run_after=2023-08-13T20:21:44.301562+00:00
[2023-08-13T20:21:44.330+0000] {processor.py:179} INFO - Processing /home/airflow/.local/lib/python3.7/site-packages/airflow/example_dags/example_skip_dag.py took 0.108 seconds
[2023-08-13T20:22:14.542+0000] {processor.py:157} INFO - Started process (PID=2146) to work on /home/airflow/.local/lib/python3.7/site-packages/airflow/example_dags/example_skip_dag.py
[2023-08-13T20:22:14.543+0000] {processor.py:826} INFO - Processing file /home/airflow/.local/lib/python3.7/site-packages/airflow/example_dags/example_skip_dag.py for tasks to queue
[2023-08-13T20:22:14.545+0000] {logging_mixin.py:150} INFO - [2023-08-13T20:22:14.544+0000] {dagbag.py:541} INFO - Filling up the DagBag from /home/airflow/.local/lib/python3.7/site-packages/airflow/example_dags/example_skip_dag.py
[2023-08-13T20:22:14.554+0000] {processor.py:836} INFO - DAG(s) dict_keys(['example_skip_dag']) retrieved from /home/airflow/.local/lib/python3.7/site-packages/airflow/example_dags/example_skip_dag.py
[2023-08-13T20:22:14.586+0000] {logging_mixin.py:150} INFO - [2023-08-13T20:22:14.586+0000] {dag.py:2742} INFO - Sync 1 DAGs
[2023-08-13T20:22:14.622+0000] {logging_mixin.py:150} INFO - [2023-08-13T20:22:14.622+0000] {dag.py:3508} INFO - Setting next_dagrun for example_skip_dag to 2023-08-12T20:22:14.621845+00:00, run_after=2023-08-13T20:22:14.621845+00:00
[2023-08-13T20:22:14.649+0000] {processor.py:179} INFO - Processing /home/airflow/.local/lib/python3.7/site-packages/airflow/example_dags/example_skip_dag.py took 0.111 seconds
[2023-08-13T20:22:45.480+0000] {processor.py:157} INFO - Started process (PID=2213) to work on /home/airflow/.local/lib/python3.7/site-packages/airflow/example_dags/example_skip_dag.py
[2023-08-13T20:22:45.482+0000] {processor.py:826} INFO - Processing file /home/airflow/.local/lib/python3.7/site-packages/airflow/example_dags/example_skip_dag.py for tasks to queue
[2023-08-13T20:22:45.483+0000] {logging_mixin.py:150} INFO - [2023-08-13T20:22:45.482+0000] {dagbag.py:541} INFO - Filling up the DagBag from /home/airflow/.local/lib/python3.7/site-packages/airflow/example_dags/example_skip_dag.py
[2023-08-13T20:22:45.490+0000] {processor.py:836} INFO - DAG(s) dict_keys(['example_skip_dag']) retrieved from /home/airflow/.local/lib/python3.7/site-packages/airflow/example_dags/example_skip_dag.py
[2023-08-13T20:22:45.523+0000] {logging_mixin.py:150} INFO - [2023-08-13T20:22:45.523+0000] {dag.py:2742} INFO - Sync 1 DAGs
[2023-08-13T20:22:45.563+0000] {logging_mixin.py:150} INFO - [2023-08-13T20:22:45.563+0000] {dag.py:3508} INFO - Setting next_dagrun for example_skip_dag to 2023-08-12T20:22:45.563089+00:00, run_after=2023-08-13T20:22:45.563089+00:00
[2023-08-13T20:22:45.590+0000] {processor.py:179} INFO - Processing /home/airflow/.local/lib/python3.7/site-packages/airflow/example_dags/example_skip_dag.py took 0.113 seconds
[2023-08-13T20:23:15.912+0000] {processor.py:157} INFO - Started process (PID=2279) to work on /home/airflow/.local/lib/python3.7/site-packages/airflow/example_dags/example_skip_dag.py
[2023-08-13T20:23:15.913+0000] {processor.py:826} INFO - Processing file /home/airflow/.local/lib/python3.7/site-packages/airflow/example_dags/example_skip_dag.py for tasks to queue
[2023-08-13T20:23:15.914+0000] {logging_mixin.py:150} INFO - [2023-08-13T20:23:15.914+0000] {dagbag.py:541} INFO - Filling up the DagBag from /home/airflow/.local/lib/python3.7/site-packages/airflow/example_dags/example_skip_dag.py
[2023-08-13T20:23:15.923+0000] {processor.py:836} INFO - DAG(s) dict_keys(['example_skip_dag']) retrieved from /home/airflow/.local/lib/python3.7/site-packages/airflow/example_dags/example_skip_dag.py
[2023-08-13T20:23:15.950+0000] {logging_mixin.py:150} INFO - [2023-08-13T20:23:15.950+0000] {dag.py:2742} INFO - Sync 1 DAGs
[2023-08-13T20:23:15.981+0000] {logging_mixin.py:150} INFO - [2023-08-13T20:23:15.981+0000] {dag.py:3508} INFO - Setting next_dagrun for example_skip_dag to 2023-08-12T20:23:15.980846+00:00, run_after=2023-08-13T20:23:15.980846+00:00
[2023-08-13T20:23:16.010+0000] {processor.py:179} INFO - Processing /home/airflow/.local/lib/python3.7/site-packages/airflow/example_dags/example_skip_dag.py took 0.102 seconds
