[2023-08-13T18:41:09.133+0000] {processor.py:157} INFO - Started process (PID=42) to work on /home/airflow/.local/lib/python3.7/site-packages/airflow/example_dags/example_datasets.py
[2023-08-13T18:41:09.135+0000] {processor.py:826} INFO - Processing file /home/airflow/.local/lib/python3.7/site-packages/airflow/example_dags/example_datasets.py for tasks to queue
[2023-08-13T18:41:09.137+0000] {logging_mixin.py:150} INFO - [2023-08-13T18:41:09.137+0000] {dagbag.py:541} INFO - Filling up the DagBag from /home/airflow/.local/lib/python3.7/site-packages/airflow/example_dags/example_datasets.py
[2023-08-13T18:41:09.166+0000] {processor.py:836} INFO - DAG(s) dict_keys(['dataset_consumes_1', 'dataset_produces_2', 'dataset_produces_1', 'dataset_consumes_unknown_never_scheduled', 'dataset_consumes_1_and_2', 'dataset_consumes_1_never_scheduled']) retrieved from /home/airflow/.local/lib/python3.7/site-packages/airflow/example_dags/example_datasets.py
[2023-08-13T18:41:09.205+0000] {logging_mixin.py:150} INFO - [2023-08-13T18:41:09.205+0000] {dag.py:2742} INFO - Sync 6 DAGs
[2023-08-13T18:41:09.278+0000] {logging_mixin.py:150} INFO - [2023-08-13T18:41:09.277+0000] {dag.py:3508} INFO - Setting next_dagrun for dataset_consumes_1 to None, run_after=None
[2023-08-13T18:41:09.285+0000] {logging_mixin.py:150} INFO - [2023-08-13T18:41:09.285+0000] {dag.py:3508} INFO - Setting next_dagrun for dataset_consumes_1_and_2 to None, run_after=None
[2023-08-13T18:41:09.289+0000] {logging_mixin.py:150} INFO - [2023-08-13T18:41:09.288+0000] {dag.py:3508} INFO - Setting next_dagrun for dataset_consumes_1_never_scheduled to None, run_after=None
[2023-08-13T18:41:09.292+0000] {logging_mixin.py:150} INFO - [2023-08-13T18:41:09.291+0000] {dag.py:3508} INFO - Setting next_dagrun for dataset_consumes_unknown_never_scheduled to None, run_after=None
[2023-08-13T18:41:09.298+0000] {logging_mixin.py:150} INFO - [2023-08-13T18:41:09.298+0000] {dag.py:3508} INFO - Setting next_dagrun for dataset_produces_1 to 2023-08-12T00:00:00+00:00, run_after=2023-08-13T00:00:00+00:00
[2023-08-13T18:41:09.304+0000] {logging_mixin.py:150} INFO - [2023-08-13T18:41:09.303+0000] {dag.py:3508} INFO - Setting next_dagrun for dataset_produces_2 to None, run_after=None
[2023-08-13T18:41:09.387+0000] {processor.py:179} INFO - Processing /home/airflow/.local/lib/python3.7/site-packages/airflow/example_dags/example_datasets.py took 0.259 seconds
[2023-08-13T18:41:39.902+0000] {processor.py:157} INFO - Started process (PID=106) to work on /home/airflow/.local/lib/python3.7/site-packages/airflow/example_dags/example_datasets.py
[2023-08-13T18:41:39.904+0000] {processor.py:826} INFO - Processing file /home/airflow/.local/lib/python3.7/site-packages/airflow/example_dags/example_datasets.py for tasks to queue
[2023-08-13T18:41:39.905+0000] {logging_mixin.py:150} INFO - [2023-08-13T18:41:39.904+0000] {dagbag.py:541} INFO - Filling up the DagBag from /home/airflow/.local/lib/python3.7/site-packages/airflow/example_dags/example_datasets.py
[2023-08-13T18:41:39.913+0000] {processor.py:836} INFO - DAG(s) dict_keys(['dataset_consumes_1_and_2', 'dataset_produces_1', 'dataset_consumes_unknown_never_scheduled', 'dataset_consumes_1_never_scheduled', 'dataset_produces_2', 'dataset_consumes_1']) retrieved from /home/airflow/.local/lib/python3.7/site-packages/airflow/example_dags/example_datasets.py
[2023-08-13T18:41:39.951+0000] {logging_mixin.py:150} INFO - [2023-08-13T18:41:39.950+0000] {dag.py:2742} INFO - Sync 6 DAGs
[2023-08-13T18:41:39.983+0000] {logging_mixin.py:150} INFO - [2023-08-13T18:41:39.983+0000] {dag.py:3508} INFO - Setting next_dagrun for dataset_consumes_1 to None, run_after=None
[2023-08-13T18:41:39.988+0000] {logging_mixin.py:150} INFO - [2023-08-13T18:41:39.988+0000] {dag.py:3508} INFO - Setting next_dagrun for dataset_consumes_1_and_2 to None, run_after=None
[2023-08-13T18:41:39.990+0000] {logging_mixin.py:150} INFO - [2023-08-13T18:41:39.990+0000] {dag.py:3508} INFO - Setting next_dagrun for dataset_consumes_1_never_scheduled to None, run_after=None
[2023-08-13T18:41:39.992+0000] {logging_mixin.py:150} INFO - [2023-08-13T18:41:39.992+0000] {dag.py:3508} INFO - Setting next_dagrun for dataset_consumes_unknown_never_scheduled to None, run_after=None
[2023-08-13T18:41:39.995+0000] {logging_mixin.py:150} INFO - [2023-08-13T18:41:39.995+0000] {dag.py:3508} INFO - Setting next_dagrun for dataset_produces_1 to 2023-08-12T00:00:00+00:00, run_after=2023-08-13T00:00:00+00:00
[2023-08-13T18:41:39.997+0000] {logging_mixin.py:150} INFO - [2023-08-13T18:41:39.997+0000] {dag.py:3508} INFO - Setting next_dagrun for dataset_produces_2 to None, run_after=None
[2023-08-13T18:41:40.052+0000] {processor.py:179} INFO - Processing /home/airflow/.local/lib/python3.7/site-packages/airflow/example_dags/example_datasets.py took 0.152 seconds
[2023-08-13T18:42:10.430+0000] {processor.py:157} INFO - Started process (PID=171) to work on /home/airflow/.local/lib/python3.7/site-packages/airflow/example_dags/example_datasets.py
[2023-08-13T18:42:10.432+0000] {processor.py:826} INFO - Processing file /home/airflow/.local/lib/python3.7/site-packages/airflow/example_dags/example_datasets.py for tasks to queue
[2023-08-13T18:42:10.433+0000] {logging_mixin.py:150} INFO - [2023-08-13T18:42:10.433+0000] {dagbag.py:541} INFO - Filling up the DagBag from /home/airflow/.local/lib/python3.7/site-packages/airflow/example_dags/example_datasets.py
[2023-08-13T18:42:10.442+0000] {processor.py:836} INFO - DAG(s) dict_keys(['dataset_produces_1', 'dataset_consumes_unknown_never_scheduled', 'dataset_consumes_1', 'dataset_consumes_1_never_scheduled', 'dataset_consumes_1_and_2', 'dataset_produces_2']) retrieved from /home/airflow/.local/lib/python3.7/site-packages/airflow/example_dags/example_datasets.py
[2023-08-13T18:42:10.503+0000] {logging_mixin.py:150} INFO - [2023-08-13T18:42:10.503+0000] {dag.py:2742} INFO - Sync 6 DAGs
[2023-08-13T18:42:10.541+0000] {logging_mixin.py:150} INFO - [2023-08-13T18:42:10.541+0000] {dag.py:3508} INFO - Setting next_dagrun for dataset_consumes_1 to None, run_after=None
[2023-08-13T18:42:10.548+0000] {logging_mixin.py:150} INFO - [2023-08-13T18:42:10.547+0000] {dag.py:3508} INFO - Setting next_dagrun for dataset_consumes_1_and_2 to None, run_after=None
[2023-08-13T18:42:10.550+0000] {logging_mixin.py:150} INFO - [2023-08-13T18:42:10.550+0000] {dag.py:3508} INFO - Setting next_dagrun for dataset_consumes_1_never_scheduled to None, run_after=None
[2023-08-13T18:42:10.553+0000] {logging_mixin.py:150} INFO - [2023-08-13T18:42:10.553+0000] {dag.py:3508} INFO - Setting next_dagrun for dataset_consumes_unknown_never_scheduled to None, run_after=None
[2023-08-13T18:42:10.557+0000] {logging_mixin.py:150} INFO - [2023-08-13T18:42:10.557+0000] {dag.py:3508} INFO - Setting next_dagrun for dataset_produces_1 to 2023-08-12T00:00:00+00:00, run_after=2023-08-13T00:00:00+00:00
[2023-08-13T18:42:10.561+0000] {logging_mixin.py:150} INFO - [2023-08-13T18:42:10.560+0000] {dag.py:3508} INFO - Setting next_dagrun for dataset_produces_2 to None, run_after=None
[2023-08-13T18:42:10.616+0000] {processor.py:179} INFO - Processing /home/airflow/.local/lib/python3.7/site-packages/airflow/example_dags/example_datasets.py took 0.190 seconds
[2023-08-13T18:42:40.667+0000] {processor.py:157} INFO - Started process (PID=236) to work on /home/airflow/.local/lib/python3.7/site-packages/airflow/example_dags/example_datasets.py
[2023-08-13T18:42:40.669+0000] {processor.py:826} INFO - Processing file /home/airflow/.local/lib/python3.7/site-packages/airflow/example_dags/example_datasets.py for tasks to queue
[2023-08-13T18:42:40.669+0000] {logging_mixin.py:150} INFO - [2023-08-13T18:42:40.669+0000] {dagbag.py:541} INFO - Filling up the DagBag from /home/airflow/.local/lib/python3.7/site-packages/airflow/example_dags/example_datasets.py
[2023-08-13T18:42:40.679+0000] {processor.py:836} INFO - DAG(s) dict_keys(['dataset_produces_2', 'dataset_consumes_unknown_never_scheduled', 'dataset_consumes_1', 'dataset_consumes_1_and_2', 'dataset_produces_1', 'dataset_consumes_1_never_scheduled']) retrieved from /home/airflow/.local/lib/python3.7/site-packages/airflow/example_dags/example_datasets.py
[2023-08-13T18:42:40.719+0000] {logging_mixin.py:150} INFO - [2023-08-13T18:42:40.719+0000] {dag.py:2742} INFO - Sync 6 DAGs
[2023-08-13T18:42:40.743+0000] {logging_mixin.py:150} INFO - [2023-08-13T18:42:40.743+0000] {dag.py:3508} INFO - Setting next_dagrun for dataset_consumes_1 to None, run_after=None
[2023-08-13T18:42:40.747+0000] {logging_mixin.py:150} INFO - [2023-08-13T18:42:40.746+0000] {dag.py:3508} INFO - Setting next_dagrun for dataset_consumes_1_and_2 to None, run_after=None
[2023-08-13T18:42:40.748+0000] {logging_mixin.py:150} INFO - [2023-08-13T18:42:40.748+0000] {dag.py:3508} INFO - Setting next_dagrun for dataset_consumes_1_never_scheduled to None, run_after=None
[2023-08-13T18:42:40.749+0000] {logging_mixin.py:150} INFO - [2023-08-13T18:42:40.749+0000] {dag.py:3508} INFO - Setting next_dagrun for dataset_consumes_unknown_never_scheduled to None, run_after=None
[2023-08-13T18:42:40.752+0000] {logging_mixin.py:150} INFO - [2023-08-13T18:42:40.752+0000] {dag.py:3508} INFO - Setting next_dagrun for dataset_produces_1 to 2023-08-12T00:00:00+00:00, run_after=2023-08-13T00:00:00+00:00
[2023-08-13T18:42:40.754+0000] {logging_mixin.py:150} INFO - [2023-08-13T18:42:40.754+0000] {dag.py:3508} INFO - Setting next_dagrun for dataset_produces_2 to None, run_after=None
[2023-08-13T18:42:40.791+0000] {processor.py:179} INFO - Processing /home/airflow/.local/lib/python3.7/site-packages/airflow/example_dags/example_datasets.py took 0.127 seconds
[2023-08-13T18:43:11.143+0000] {processor.py:157} INFO - Started process (PID=301) to work on /home/airflow/.local/lib/python3.7/site-packages/airflow/example_dags/example_datasets.py
[2023-08-13T18:43:11.145+0000] {processor.py:826} INFO - Processing file /home/airflow/.local/lib/python3.7/site-packages/airflow/example_dags/example_datasets.py for tasks to queue
[2023-08-13T18:43:11.146+0000] {logging_mixin.py:150} INFO - [2023-08-13T18:43:11.146+0000] {dagbag.py:541} INFO - Filling up the DagBag from /home/airflow/.local/lib/python3.7/site-packages/airflow/example_dags/example_datasets.py
[2023-08-13T18:43:11.155+0000] {processor.py:836} INFO - DAG(s) dict_keys(['dataset_consumes_1', 'dataset_consumes_1_never_scheduled', 'dataset_produces_2', 'dataset_produces_1', 'dataset_consumes_unknown_never_scheduled', 'dataset_consumes_1_and_2']) retrieved from /home/airflow/.local/lib/python3.7/site-packages/airflow/example_dags/example_datasets.py
[2023-08-13T18:43:11.209+0000] {logging_mixin.py:150} INFO - [2023-08-13T18:43:11.209+0000] {dag.py:2742} INFO - Sync 6 DAGs
[2023-08-13T18:43:11.246+0000] {logging_mixin.py:150} INFO - [2023-08-13T18:43:11.246+0000] {dag.py:3508} INFO - Setting next_dagrun for dataset_consumes_1 to None, run_after=None
[2023-08-13T18:43:11.251+0000] {logging_mixin.py:150} INFO - [2023-08-13T18:43:11.251+0000] {dag.py:3508} INFO - Setting next_dagrun for dataset_consumes_1_and_2 to None, run_after=None
[2023-08-13T18:43:11.254+0000] {logging_mixin.py:150} INFO - [2023-08-13T18:43:11.254+0000] {dag.py:3508} INFO - Setting next_dagrun for dataset_consumes_1_never_scheduled to None, run_after=None
[2023-08-13T18:43:11.257+0000] {logging_mixin.py:150} INFO - [2023-08-13T18:43:11.257+0000] {dag.py:3508} INFO - Setting next_dagrun for dataset_consumes_unknown_never_scheduled to None, run_after=None
[2023-08-13T18:43:11.261+0000] {logging_mixin.py:150} INFO - [2023-08-13T18:43:11.261+0000] {dag.py:3508} INFO - Setting next_dagrun for dataset_produces_1 to 2023-08-12T00:00:00+00:00, run_after=2023-08-13T00:00:00+00:00
[2023-08-13T18:43:11.264+0000] {logging_mixin.py:150} INFO - [2023-08-13T18:43:11.263+0000] {dag.py:3508} INFO - Setting next_dagrun for dataset_produces_2 to None, run_after=None
[2023-08-13T18:43:11.319+0000] {processor.py:179} INFO - Processing /home/airflow/.local/lib/python3.7/site-packages/airflow/example_dags/example_datasets.py took 0.179 seconds
[2023-08-13T18:43:41.824+0000] {processor.py:157} INFO - Started process (PID=366) to work on /home/airflow/.local/lib/python3.7/site-packages/airflow/example_dags/example_datasets.py
[2023-08-13T18:43:41.826+0000] {processor.py:826} INFO - Processing file /home/airflow/.local/lib/python3.7/site-packages/airflow/example_dags/example_datasets.py for tasks to queue
[2023-08-13T18:43:41.827+0000] {logging_mixin.py:150} INFO - [2023-08-13T18:43:41.827+0000] {dagbag.py:541} INFO - Filling up the DagBag from /home/airflow/.local/lib/python3.7/site-packages/airflow/example_dags/example_datasets.py
[2023-08-13T18:43:41.841+0000] {processor.py:836} INFO - DAG(s) dict_keys(['dataset_consumes_1', 'dataset_consumes_1_never_scheduled', 'dataset_consumes_1_and_2', 'dataset_produces_2', 'dataset_consumes_unknown_never_scheduled', 'dataset_produces_1']) retrieved from /home/airflow/.local/lib/python3.7/site-packages/airflow/example_dags/example_datasets.py
[2023-08-13T18:43:41.905+0000] {logging_mixin.py:150} INFO - [2023-08-13T18:43:41.904+0000] {dag.py:2742} INFO - Sync 6 DAGs
[2023-08-13T18:43:41.948+0000] {logging_mixin.py:150} INFO - [2023-08-13T18:43:41.947+0000] {dag.py:3508} INFO - Setting next_dagrun for dataset_consumes_1 to None, run_after=None
[2023-08-13T18:43:41.954+0000] {logging_mixin.py:150} INFO - [2023-08-13T18:43:41.953+0000] {dag.py:3508} INFO - Setting next_dagrun for dataset_consumes_1_and_2 to None, run_after=None
[2023-08-13T18:43:41.956+0000] {logging_mixin.py:150} INFO - [2023-08-13T18:43:41.956+0000] {dag.py:3508} INFO - Setting next_dagrun for dataset_consumes_1_never_scheduled to None, run_after=None
[2023-08-13T18:43:41.960+0000] {logging_mixin.py:150} INFO - [2023-08-13T18:43:41.959+0000] {dag.py:3508} INFO - Setting next_dagrun for dataset_consumes_unknown_never_scheduled to None, run_after=None
[2023-08-13T18:43:41.966+0000] {logging_mixin.py:150} INFO - [2023-08-13T18:43:41.965+0000] {dag.py:3508} INFO - Setting next_dagrun for dataset_produces_1 to 2023-08-12T00:00:00+00:00, run_after=2023-08-13T00:00:00+00:00
[2023-08-13T18:43:41.968+0000] {logging_mixin.py:150} INFO - [2023-08-13T18:43:41.968+0000] {dag.py:3508} INFO - Setting next_dagrun for dataset_produces_2 to None, run_after=None
[2023-08-13T18:43:42.020+0000] {processor.py:179} INFO - Processing /home/airflow/.local/lib/python3.7/site-packages/airflow/example_dags/example_datasets.py took 0.200 seconds
[2023-08-13T18:44:12.181+0000] {processor.py:157} INFO - Started process (PID=432) to work on /home/airflow/.local/lib/python3.7/site-packages/airflow/example_dags/example_datasets.py
[2023-08-13T18:44:12.182+0000] {processor.py:826} INFO - Processing file /home/airflow/.local/lib/python3.7/site-packages/airflow/example_dags/example_datasets.py for tasks to queue
[2023-08-13T18:44:12.184+0000] {logging_mixin.py:150} INFO - [2023-08-13T18:44:12.183+0000] {dagbag.py:541} INFO - Filling up the DagBag from /home/airflow/.local/lib/python3.7/site-packages/airflow/example_dags/example_datasets.py
[2023-08-13T18:44:12.195+0000] {processor.py:836} INFO - DAG(s) dict_keys(['dataset_produces_2', 'dataset_consumes_1', 'dataset_consumes_1_never_scheduled', 'dataset_consumes_1_and_2', 'dataset_consumes_unknown_never_scheduled', 'dataset_produces_1']) retrieved from /home/airflow/.local/lib/python3.7/site-packages/airflow/example_dags/example_datasets.py
[2023-08-13T18:44:12.246+0000] {logging_mixin.py:150} INFO - [2023-08-13T18:44:12.245+0000] {dag.py:2742} INFO - Sync 6 DAGs
[2023-08-13T18:44:12.282+0000] {logging_mixin.py:150} INFO - [2023-08-13T18:44:12.282+0000] {dag.py:3508} INFO - Setting next_dagrun for dataset_consumes_1 to None, run_after=None
[2023-08-13T18:44:12.288+0000] {logging_mixin.py:150} INFO - [2023-08-13T18:44:12.288+0000] {dag.py:3508} INFO - Setting next_dagrun for dataset_consumes_1_and_2 to None, run_after=None
[2023-08-13T18:44:12.290+0000] {logging_mixin.py:150} INFO - [2023-08-13T18:44:12.290+0000] {dag.py:3508} INFO - Setting next_dagrun for dataset_consumes_1_never_scheduled to None, run_after=None
[2023-08-13T18:44:12.292+0000] {logging_mixin.py:150} INFO - [2023-08-13T18:44:12.292+0000] {dag.py:3508} INFO - Setting next_dagrun for dataset_consumes_unknown_never_scheduled to None, run_after=None
[2023-08-13T18:44:12.295+0000] {logging_mixin.py:150} INFO - [2023-08-13T18:44:12.295+0000] {dag.py:3508} INFO - Setting next_dagrun for dataset_produces_1 to 2023-08-12T00:00:00+00:00, run_after=2023-08-13T00:00:00+00:00
[2023-08-13T18:44:12.297+0000] {logging_mixin.py:150} INFO - [2023-08-13T18:44:12.297+0000] {dag.py:3508} INFO - Setting next_dagrun for dataset_produces_2 to None, run_after=None
[2023-08-13T18:44:12.346+0000] {processor.py:179} INFO - Processing /home/airflow/.local/lib/python3.7/site-packages/airflow/example_dags/example_datasets.py took 0.168 seconds
[2023-08-13T18:44:42.381+0000] {processor.py:157} INFO - Started process (PID=497) to work on /home/airflow/.local/lib/python3.7/site-packages/airflow/example_dags/example_datasets.py
[2023-08-13T18:44:42.383+0000] {processor.py:826} INFO - Processing file /home/airflow/.local/lib/python3.7/site-packages/airflow/example_dags/example_datasets.py for tasks to queue
[2023-08-13T18:44:42.384+0000] {logging_mixin.py:150} INFO - [2023-08-13T18:44:42.383+0000] {dagbag.py:541} INFO - Filling up the DagBag from /home/airflow/.local/lib/python3.7/site-packages/airflow/example_dags/example_datasets.py
[2023-08-13T18:44:42.395+0000] {processor.py:836} INFO - DAG(s) dict_keys(['dataset_consumes_1_never_scheduled', 'dataset_consumes_1', 'dataset_consumes_1_and_2', 'dataset_consumes_unknown_never_scheduled', 'dataset_produces_2', 'dataset_produces_1']) retrieved from /home/airflow/.local/lib/python3.7/site-packages/airflow/example_dags/example_datasets.py
[2023-08-13T18:44:42.440+0000] {logging_mixin.py:150} INFO - [2023-08-13T18:44:42.440+0000] {dag.py:2742} INFO - Sync 6 DAGs
[2023-08-13T18:44:42.471+0000] {logging_mixin.py:150} INFO - [2023-08-13T18:44:42.471+0000] {dag.py:3508} INFO - Setting next_dagrun for dataset_consumes_1 to None, run_after=None
[2023-08-13T18:44:42.475+0000] {logging_mixin.py:150} INFO - [2023-08-13T18:44:42.475+0000] {dag.py:3508} INFO - Setting next_dagrun for dataset_consumes_1_and_2 to None, run_after=None
[2023-08-13T18:44:42.477+0000] {logging_mixin.py:150} INFO - [2023-08-13T18:44:42.477+0000] {dag.py:3508} INFO - Setting next_dagrun for dataset_consumes_1_never_scheduled to None, run_after=None
[2023-08-13T18:44:42.478+0000] {logging_mixin.py:150} INFO - [2023-08-13T18:44:42.478+0000] {dag.py:3508} INFO - Setting next_dagrun for dataset_consumes_unknown_never_scheduled to None, run_after=None
[2023-08-13T18:44:42.481+0000] {logging_mixin.py:150} INFO - [2023-08-13T18:44:42.481+0000] {dag.py:3508} INFO - Setting next_dagrun for dataset_produces_1 to 2023-08-12T00:00:00+00:00, run_after=2023-08-13T00:00:00+00:00
[2023-08-13T18:44:42.484+0000] {logging_mixin.py:150} INFO - [2023-08-13T18:44:42.483+0000] {dag.py:3508} INFO - Setting next_dagrun for dataset_produces_2 to None, run_after=None
[2023-08-13T18:44:42.520+0000] {processor.py:179} INFO - Processing /home/airflow/.local/lib/python3.7/site-packages/airflow/example_dags/example_datasets.py took 0.142 seconds
[2023-08-13T18:45:13.102+0000] {processor.py:157} INFO - Started process (PID=561) to work on /home/airflow/.local/lib/python3.7/site-packages/airflow/example_dags/example_datasets.py
[2023-08-13T18:45:13.103+0000] {processor.py:826} INFO - Processing file /home/airflow/.local/lib/python3.7/site-packages/airflow/example_dags/example_datasets.py for tasks to queue
[2023-08-13T18:45:13.104+0000] {logging_mixin.py:150} INFO - [2023-08-13T18:45:13.103+0000] {dagbag.py:541} INFO - Filling up the DagBag from /home/airflow/.local/lib/python3.7/site-packages/airflow/example_dags/example_datasets.py
[2023-08-13T18:45:13.115+0000] {processor.py:836} INFO - DAG(s) dict_keys(['dataset_consumes_1', 'dataset_consumes_1_never_scheduled', 'dataset_produces_1', 'dataset_consumes_1_and_2', 'dataset_produces_2', 'dataset_consumes_unknown_never_scheduled']) retrieved from /home/airflow/.local/lib/python3.7/site-packages/airflow/example_dags/example_datasets.py
[2023-08-13T18:45:13.179+0000] {logging_mixin.py:150} INFO - [2023-08-13T18:45:13.178+0000] {dag.py:2742} INFO - Sync 6 DAGs
[2023-08-13T18:45:13.209+0000] {logging_mixin.py:150} INFO - [2023-08-13T18:45:13.209+0000] {dag.py:3508} INFO - Setting next_dagrun for dataset_consumes_1 to None, run_after=None
[2023-08-13T18:45:13.213+0000] {logging_mixin.py:150} INFO - [2023-08-13T18:45:13.213+0000] {dag.py:3508} INFO - Setting next_dagrun for dataset_consumes_1_and_2 to None, run_after=None
[2023-08-13T18:45:13.215+0000] {logging_mixin.py:150} INFO - [2023-08-13T18:45:13.215+0000] {dag.py:3508} INFO - Setting next_dagrun for dataset_consumes_1_never_scheduled to None, run_after=None
[2023-08-13T18:45:13.216+0000] {logging_mixin.py:150} INFO - [2023-08-13T18:45:13.216+0000] {dag.py:3508} INFO - Setting next_dagrun for dataset_consumes_unknown_never_scheduled to None, run_after=None
[2023-08-13T18:45:13.221+0000] {logging_mixin.py:150} INFO - [2023-08-13T18:45:13.221+0000] {dag.py:3508} INFO - Setting next_dagrun for dataset_produces_1 to 2023-08-12T00:00:00+00:00, run_after=2023-08-13T00:00:00+00:00
[2023-08-13T18:45:13.224+0000] {logging_mixin.py:150} INFO - [2023-08-13T18:45:13.223+0000] {dag.py:3508} INFO - Setting next_dagrun for dataset_produces_2 to None, run_after=None
[2023-08-13T18:45:13.273+0000] {processor.py:179} INFO - Processing /home/airflow/.local/lib/python3.7/site-packages/airflow/example_dags/example_datasets.py took 0.175 seconds
[2023-08-13T18:45:43.449+0000] {processor.py:157} INFO - Started process (PID=626) to work on /home/airflow/.local/lib/python3.7/site-packages/airflow/example_dags/example_datasets.py
[2023-08-13T18:45:43.450+0000] {processor.py:826} INFO - Processing file /home/airflow/.local/lib/python3.7/site-packages/airflow/example_dags/example_datasets.py for tasks to queue
[2023-08-13T18:45:43.451+0000] {logging_mixin.py:150} INFO - [2023-08-13T18:45:43.451+0000] {dagbag.py:541} INFO - Filling up the DagBag from /home/airflow/.local/lib/python3.7/site-packages/airflow/example_dags/example_datasets.py
[2023-08-13T18:45:43.459+0000] {processor.py:836} INFO - DAG(s) dict_keys(['dataset_produces_1', 'dataset_consumes_1', 'dataset_consumes_1_never_scheduled', 'dataset_consumes_unknown_never_scheduled', 'dataset_consumes_1_and_2', 'dataset_produces_2']) retrieved from /home/airflow/.local/lib/python3.7/site-packages/airflow/example_dags/example_datasets.py
[2023-08-13T18:45:43.501+0000] {logging_mixin.py:150} INFO - [2023-08-13T18:45:43.501+0000] {dag.py:2742} INFO - Sync 6 DAGs
[2023-08-13T18:45:43.531+0000] {logging_mixin.py:150} INFO - [2023-08-13T18:45:43.531+0000] {dag.py:3508} INFO - Setting next_dagrun for dataset_consumes_1 to None, run_after=None
[2023-08-13T18:45:43.535+0000] {logging_mixin.py:150} INFO - [2023-08-13T18:45:43.535+0000] {dag.py:3508} INFO - Setting next_dagrun for dataset_consumes_1_and_2 to None, run_after=None
[2023-08-13T18:45:43.537+0000] {logging_mixin.py:150} INFO - [2023-08-13T18:45:43.537+0000] {dag.py:3508} INFO - Setting next_dagrun for dataset_consumes_1_never_scheduled to None, run_after=None
[2023-08-13T18:45:43.539+0000] {logging_mixin.py:150} INFO - [2023-08-13T18:45:43.539+0000] {dag.py:3508} INFO - Setting next_dagrun for dataset_consumes_unknown_never_scheduled to None, run_after=None
[2023-08-13T18:45:43.542+0000] {logging_mixin.py:150} INFO - [2023-08-13T18:45:43.542+0000] {dag.py:3508} INFO - Setting next_dagrun for dataset_produces_1 to 2023-08-12T00:00:00+00:00, run_after=2023-08-13T00:00:00+00:00
[2023-08-13T18:45:43.543+0000] {logging_mixin.py:150} INFO - [2023-08-13T18:45:43.543+0000] {dag.py:3508} INFO - Setting next_dagrun for dataset_produces_2 to None, run_after=None
[2023-08-13T18:45:43.580+0000] {processor.py:179} INFO - Processing /home/airflow/.local/lib/python3.7/site-packages/airflow/example_dags/example_datasets.py took 0.134 seconds
[2023-08-13T18:46:13.637+0000] {processor.py:157} INFO - Started process (PID=691) to work on /home/airflow/.local/lib/python3.7/site-packages/airflow/example_dags/example_datasets.py
[2023-08-13T18:46:13.638+0000] {processor.py:826} INFO - Processing file /home/airflow/.local/lib/python3.7/site-packages/airflow/example_dags/example_datasets.py for tasks to queue
[2023-08-13T18:46:13.639+0000] {logging_mixin.py:150} INFO - [2023-08-13T18:46:13.639+0000] {dagbag.py:541} INFO - Filling up the DagBag from /home/airflow/.local/lib/python3.7/site-packages/airflow/example_dags/example_datasets.py
[2023-08-13T18:46:13.650+0000] {processor.py:836} INFO - DAG(s) dict_keys(['dataset_produces_1', 'dataset_consumes_unknown_never_scheduled', 'dataset_produces_2', 'dataset_consumes_1', 'dataset_consumes_1_and_2', 'dataset_consumes_1_never_scheduled']) retrieved from /home/airflow/.local/lib/python3.7/site-packages/airflow/example_dags/example_datasets.py
[2023-08-13T18:46:13.694+0000] {logging_mixin.py:150} INFO - [2023-08-13T18:46:13.693+0000] {dag.py:2742} INFO - Sync 6 DAGs
[2023-08-13T18:46:13.725+0000] {logging_mixin.py:150} INFO - [2023-08-13T18:46:13.725+0000] {dag.py:3508} INFO - Setting next_dagrun for dataset_consumes_1 to None, run_after=None
[2023-08-13T18:46:13.730+0000] {logging_mixin.py:150} INFO - [2023-08-13T18:46:13.729+0000] {dag.py:3508} INFO - Setting next_dagrun for dataset_consumes_1_and_2 to None, run_after=None
[2023-08-13T18:46:13.732+0000] {logging_mixin.py:150} INFO - [2023-08-13T18:46:13.731+0000] {dag.py:3508} INFO - Setting next_dagrun for dataset_consumes_1_never_scheduled to None, run_after=None
[2023-08-13T18:46:13.733+0000] {logging_mixin.py:150} INFO - [2023-08-13T18:46:13.733+0000] {dag.py:3508} INFO - Setting next_dagrun for dataset_consumes_unknown_never_scheduled to None, run_after=None
[2023-08-13T18:46:13.736+0000] {logging_mixin.py:150} INFO - [2023-08-13T18:46:13.736+0000] {dag.py:3508} INFO - Setting next_dagrun for dataset_produces_1 to 2023-08-12T00:00:00+00:00, run_after=2023-08-13T00:00:00+00:00
[2023-08-13T18:46:13.740+0000] {logging_mixin.py:150} INFO - [2023-08-13T18:46:13.739+0000] {dag.py:3508} INFO - Setting next_dagrun for dataset_produces_2 to None, run_after=None
[2023-08-13T18:46:13.795+0000] {processor.py:179} INFO - Processing /home/airflow/.local/lib/python3.7/site-packages/airflow/example_dags/example_datasets.py took 0.161 seconds
[2023-08-13T18:46:43.984+0000] {processor.py:157} INFO - Started process (PID=756) to work on /home/airflow/.local/lib/python3.7/site-packages/airflow/example_dags/example_datasets.py
[2023-08-13T18:46:43.985+0000] {processor.py:826} INFO - Processing file /home/airflow/.local/lib/python3.7/site-packages/airflow/example_dags/example_datasets.py for tasks to queue
[2023-08-13T18:46:43.987+0000] {logging_mixin.py:150} INFO - [2023-08-13T18:46:43.986+0000] {dagbag.py:541} INFO - Filling up the DagBag from /home/airflow/.local/lib/python3.7/site-packages/airflow/example_dags/example_datasets.py
[2023-08-13T18:46:44.006+0000] {processor.py:836} INFO - DAG(s) dict_keys(['dataset_consumes_1_never_scheduled', 'dataset_consumes_1', 'dataset_consumes_unknown_never_scheduled', 'dataset_produces_1', 'dataset_consumes_1_and_2', 'dataset_produces_2']) retrieved from /home/airflow/.local/lib/python3.7/site-packages/airflow/example_dags/example_datasets.py
[2023-08-13T18:46:44.106+0000] {logging_mixin.py:150} INFO - [2023-08-13T18:46:44.106+0000] {dag.py:2742} INFO - Sync 6 DAGs
[2023-08-13T18:46:44.161+0000] {logging_mixin.py:150} INFO - [2023-08-13T18:46:44.160+0000] {dag.py:3508} INFO - Setting next_dagrun for dataset_consumes_1 to None, run_after=None
[2023-08-13T18:46:44.171+0000] {logging_mixin.py:150} INFO - [2023-08-13T18:46:44.170+0000] {dag.py:3508} INFO - Setting next_dagrun for dataset_consumes_1_and_2 to None, run_after=None
[2023-08-13T18:46:44.175+0000] {logging_mixin.py:150} INFO - [2023-08-13T18:46:44.174+0000] {dag.py:3508} INFO - Setting next_dagrun for dataset_consumes_1_never_scheduled to None, run_after=None
[2023-08-13T18:46:44.179+0000] {logging_mixin.py:150} INFO - [2023-08-13T18:46:44.178+0000] {dag.py:3508} INFO - Setting next_dagrun for dataset_consumes_unknown_never_scheduled to None, run_after=None
[2023-08-13T18:46:44.184+0000] {logging_mixin.py:150} INFO - [2023-08-13T18:46:44.183+0000] {dag.py:3508} INFO - Setting next_dagrun for dataset_produces_1 to 2023-08-12T00:00:00+00:00, run_after=2023-08-13T00:00:00+00:00
[2023-08-13T18:46:44.187+0000] {logging_mixin.py:150} INFO - [2023-08-13T18:46:44.187+0000] {dag.py:3508} INFO - Setting next_dagrun for dataset_produces_2 to None, run_after=None
[2023-08-13T18:46:44.257+0000] {processor.py:179} INFO - Processing /home/airflow/.local/lib/python3.7/site-packages/airflow/example_dags/example_datasets.py took 0.278 seconds
[2023-08-13T18:47:15.055+0000] {processor.py:157} INFO - Started process (PID=821) to work on /home/airflow/.local/lib/python3.7/site-packages/airflow/example_dags/example_datasets.py
[2023-08-13T18:47:15.056+0000] {processor.py:826} INFO - Processing file /home/airflow/.local/lib/python3.7/site-packages/airflow/example_dags/example_datasets.py for tasks to queue
[2023-08-13T18:47:15.057+0000] {logging_mixin.py:150} INFO - [2023-08-13T18:47:15.057+0000] {dagbag.py:541} INFO - Filling up the DagBag from /home/airflow/.local/lib/python3.7/site-packages/airflow/example_dags/example_datasets.py
[2023-08-13T18:47:15.067+0000] {processor.py:836} INFO - DAG(s) dict_keys(['dataset_consumes_1_and_2', 'dataset_produces_1', 'dataset_consumes_1_never_scheduled', 'dataset_produces_2', 'dataset_consumes_1', 'dataset_consumes_unknown_never_scheduled']) retrieved from /home/airflow/.local/lib/python3.7/site-packages/airflow/example_dags/example_datasets.py
[2023-08-13T18:47:15.110+0000] {logging_mixin.py:150} INFO - [2023-08-13T18:47:15.109+0000] {dag.py:2742} INFO - Sync 6 DAGs
[2023-08-13T18:47:15.144+0000] {logging_mixin.py:150} INFO - [2023-08-13T18:47:15.144+0000] {dag.py:3508} INFO - Setting next_dagrun for dataset_consumes_1 to None, run_after=None
[2023-08-13T18:47:15.148+0000] {logging_mixin.py:150} INFO - [2023-08-13T18:47:15.148+0000] {dag.py:3508} INFO - Setting next_dagrun for dataset_consumes_1_and_2 to None, run_after=None
[2023-08-13T18:47:15.150+0000] {logging_mixin.py:150} INFO - [2023-08-13T18:47:15.150+0000] {dag.py:3508} INFO - Setting next_dagrun for dataset_consumes_1_never_scheduled to None, run_after=None
[2023-08-13T18:47:15.152+0000] {logging_mixin.py:150} INFO - [2023-08-13T18:47:15.152+0000] {dag.py:3508} INFO - Setting next_dagrun for dataset_consumes_unknown_never_scheduled to None, run_after=None
[2023-08-13T18:47:15.155+0000] {logging_mixin.py:150} INFO - [2023-08-13T18:47:15.155+0000] {dag.py:3508} INFO - Setting next_dagrun for dataset_produces_1 to 2023-08-12T00:00:00+00:00, run_after=2023-08-13T00:00:00+00:00
[2023-08-13T18:47:15.157+0000] {logging_mixin.py:150} INFO - [2023-08-13T18:47:15.157+0000] {dag.py:3508} INFO - Setting next_dagrun for dataset_produces_2 to None, run_after=None
[2023-08-13T18:47:15.196+0000] {processor.py:179} INFO - Processing /home/airflow/.local/lib/python3.7/site-packages/airflow/example_dags/example_datasets.py took 0.143 seconds
[2023-08-13T18:47:45.544+0000] {processor.py:157} INFO - Started process (PID=886) to work on /home/airflow/.local/lib/python3.7/site-packages/airflow/example_dags/example_datasets.py
[2023-08-13T18:47:45.546+0000] {processor.py:826} INFO - Processing file /home/airflow/.local/lib/python3.7/site-packages/airflow/example_dags/example_datasets.py for tasks to queue
[2023-08-13T18:47:45.547+0000] {logging_mixin.py:150} INFO - [2023-08-13T18:47:45.547+0000] {dagbag.py:541} INFO - Filling up the DagBag from /home/airflow/.local/lib/python3.7/site-packages/airflow/example_dags/example_datasets.py
[2023-08-13T18:47:45.562+0000] {processor.py:836} INFO - DAG(s) dict_keys(['dataset_consumes_1_never_scheduled', 'dataset_produces_2', 'dataset_produces_1', 'dataset_consumes_unknown_never_scheduled', 'dataset_consumes_1', 'dataset_consumes_1_and_2']) retrieved from /home/airflow/.local/lib/python3.7/site-packages/airflow/example_dags/example_datasets.py
[2023-08-13T18:47:45.615+0000] {logging_mixin.py:150} INFO - [2023-08-13T18:47:45.615+0000] {dag.py:2742} INFO - Sync 6 DAGs
[2023-08-13T18:47:45.643+0000] {logging_mixin.py:150} INFO - [2023-08-13T18:47:45.642+0000] {dag.py:3508} INFO - Setting next_dagrun for dataset_consumes_1 to None, run_after=None
[2023-08-13T18:47:45.648+0000] {logging_mixin.py:150} INFO - [2023-08-13T18:47:45.647+0000] {dag.py:3508} INFO - Setting next_dagrun for dataset_consumes_1_and_2 to None, run_after=None
[2023-08-13T18:47:45.650+0000] {logging_mixin.py:150} INFO - [2023-08-13T18:47:45.650+0000] {dag.py:3508} INFO - Setting next_dagrun for dataset_consumes_1_never_scheduled to None, run_after=None
[2023-08-13T18:47:45.651+0000] {logging_mixin.py:150} INFO - [2023-08-13T18:47:45.651+0000] {dag.py:3508} INFO - Setting next_dagrun for dataset_consumes_unknown_never_scheduled to None, run_after=None
[2023-08-13T18:47:45.655+0000] {logging_mixin.py:150} INFO - [2023-08-13T18:47:45.655+0000] {dag.py:3508} INFO - Setting next_dagrun for dataset_produces_1 to 2023-08-12T00:00:00+00:00, run_after=2023-08-13T00:00:00+00:00
[2023-08-13T18:47:45.657+0000] {logging_mixin.py:150} INFO - [2023-08-13T18:47:45.657+0000] {dag.py:3508} INFO - Setting next_dagrun for dataset_produces_2 to None, run_after=None
[2023-08-13T18:47:45.704+0000] {processor.py:179} INFO - Processing /home/airflow/.local/lib/python3.7/site-packages/airflow/example_dags/example_datasets.py took 0.163 seconds
[2023-08-13T18:48:15.887+0000] {processor.py:157} INFO - Started process (PID=951) to work on /home/airflow/.local/lib/python3.7/site-packages/airflow/example_dags/example_datasets.py
[2023-08-13T18:48:15.889+0000] {processor.py:826} INFO - Processing file /home/airflow/.local/lib/python3.7/site-packages/airflow/example_dags/example_datasets.py for tasks to queue
[2023-08-13T18:48:15.890+0000] {logging_mixin.py:150} INFO - [2023-08-13T18:48:15.889+0000] {dagbag.py:541} INFO - Filling up the DagBag from /home/airflow/.local/lib/python3.7/site-packages/airflow/example_dags/example_datasets.py
[2023-08-13T18:48:15.898+0000] {processor.py:836} INFO - DAG(s) dict_keys(['dataset_produces_2', 'dataset_produces_1', 'dataset_consumes_1_never_scheduled', 'dataset_consumes_1', 'dataset_consumes_1_and_2', 'dataset_consumes_unknown_never_scheduled']) retrieved from /home/airflow/.local/lib/python3.7/site-packages/airflow/example_dags/example_datasets.py
[2023-08-13T18:48:15.941+0000] {logging_mixin.py:150} INFO - [2023-08-13T18:48:15.940+0000] {dag.py:2742} INFO - Sync 6 DAGs
[2023-08-13T18:48:15.966+0000] {logging_mixin.py:150} INFO - [2023-08-13T18:48:15.966+0000] {dag.py:3508} INFO - Setting next_dagrun for dataset_consumes_1 to None, run_after=None
[2023-08-13T18:48:15.971+0000] {logging_mixin.py:150} INFO - [2023-08-13T18:48:15.971+0000] {dag.py:3508} INFO - Setting next_dagrun for dataset_consumes_1_and_2 to None, run_after=None
[2023-08-13T18:48:15.973+0000] {logging_mixin.py:150} INFO - [2023-08-13T18:48:15.972+0000] {dag.py:3508} INFO - Setting next_dagrun for dataset_consumes_1_never_scheduled to None, run_after=None
[2023-08-13T18:48:15.974+0000] {logging_mixin.py:150} INFO - [2023-08-13T18:48:15.974+0000] {dag.py:3508} INFO - Setting next_dagrun for dataset_consumes_unknown_never_scheduled to None, run_after=None
[2023-08-13T18:48:15.977+0000] {logging_mixin.py:150} INFO - [2023-08-13T18:48:15.977+0000] {dag.py:3508} INFO - Setting next_dagrun for dataset_produces_1 to 2023-08-12T00:00:00+00:00, run_after=2023-08-13T00:00:00+00:00
[2023-08-13T18:48:15.979+0000] {logging_mixin.py:150} INFO - [2023-08-13T18:48:15.979+0000] {dag.py:3508} INFO - Setting next_dagrun for dataset_produces_2 to None, run_after=None
[2023-08-13T18:48:16.017+0000] {processor.py:179} INFO - Processing /home/airflow/.local/lib/python3.7/site-packages/airflow/example_dags/example_datasets.py took 0.132 seconds
[2023-08-13T18:48:46.525+0000] {processor.py:157} INFO - Started process (PID=1016) to work on /home/airflow/.local/lib/python3.7/site-packages/airflow/example_dags/example_datasets.py
[2023-08-13T18:48:46.526+0000] {processor.py:826} INFO - Processing file /home/airflow/.local/lib/python3.7/site-packages/airflow/example_dags/example_datasets.py for tasks to queue
[2023-08-13T18:48:46.527+0000] {logging_mixin.py:150} INFO - [2023-08-13T18:48:46.527+0000] {dagbag.py:541} INFO - Filling up the DagBag from /home/airflow/.local/lib/python3.7/site-packages/airflow/example_dags/example_datasets.py
[2023-08-13T18:48:46.537+0000] {processor.py:836} INFO - DAG(s) dict_keys(['dataset_consumes_1_and_2', 'dataset_produces_1', 'dataset_consumes_unknown_never_scheduled', 'dataset_consumes_1', 'dataset_produces_2', 'dataset_consumes_1_never_scheduled']) retrieved from /home/airflow/.local/lib/python3.7/site-packages/airflow/example_dags/example_datasets.py
[2023-08-13T18:48:46.582+0000] {logging_mixin.py:150} INFO - [2023-08-13T18:48:46.582+0000] {dag.py:2742} INFO - Sync 6 DAGs
[2023-08-13T18:48:46.613+0000] {logging_mixin.py:150} INFO - [2023-08-13T18:48:46.612+0000] {dag.py:3508} INFO - Setting next_dagrun for dataset_consumes_1 to None, run_after=None
[2023-08-13T18:48:46.617+0000] {logging_mixin.py:150} INFO - [2023-08-13T18:48:46.617+0000] {dag.py:3508} INFO - Setting next_dagrun for dataset_consumes_1_and_2 to None, run_after=None
[2023-08-13T18:48:46.619+0000] {logging_mixin.py:150} INFO - [2023-08-13T18:48:46.619+0000] {dag.py:3508} INFO - Setting next_dagrun for dataset_consumes_1_never_scheduled to None, run_after=None
[2023-08-13T18:48:46.621+0000] {logging_mixin.py:150} INFO - [2023-08-13T18:48:46.621+0000] {dag.py:3508} INFO - Setting next_dagrun for dataset_consumes_unknown_never_scheduled to None, run_after=None
[2023-08-13T18:48:46.624+0000] {logging_mixin.py:150} INFO - [2023-08-13T18:48:46.624+0000] {dag.py:3508} INFO - Setting next_dagrun for dataset_produces_1 to 2023-08-12T00:00:00+00:00, run_after=2023-08-13T00:00:00+00:00
[2023-08-13T18:48:46.626+0000] {logging_mixin.py:150} INFO - [2023-08-13T18:48:46.625+0000] {dag.py:3508} INFO - Setting next_dagrun for dataset_produces_2 to None, run_after=None
[2023-08-13T18:48:46.669+0000] {processor.py:179} INFO - Processing /home/airflow/.local/lib/python3.7/site-packages/airflow/example_dags/example_datasets.py took 0.146 seconds
[2023-08-13T18:49:16.941+0000] {processor.py:157} INFO - Started process (PID=1081) to work on /home/airflow/.local/lib/python3.7/site-packages/airflow/example_dags/example_datasets.py
[2023-08-13T18:49:16.943+0000] {processor.py:826} INFO - Processing file /home/airflow/.local/lib/python3.7/site-packages/airflow/example_dags/example_datasets.py for tasks to queue
[2023-08-13T18:49:16.944+0000] {logging_mixin.py:150} INFO - [2023-08-13T18:49:16.944+0000] {dagbag.py:541} INFO - Filling up the DagBag from /home/airflow/.local/lib/python3.7/site-packages/airflow/example_dags/example_datasets.py
[2023-08-13T18:49:16.960+0000] {processor.py:836} INFO - DAG(s) dict_keys(['dataset_consumes_1_and_2', 'dataset_produces_2', 'dataset_produces_1', 'dataset_consumes_unknown_never_scheduled', 'dataset_consumes_1', 'dataset_consumes_1_never_scheduled']) retrieved from /home/airflow/.local/lib/python3.7/site-packages/airflow/example_dags/example_datasets.py
[2023-08-13T18:49:17.049+0000] {logging_mixin.py:150} INFO - [2023-08-13T18:49:17.048+0000] {dag.py:2742} INFO - Sync 6 DAGs
[2023-08-13T18:49:17.110+0000] {logging_mixin.py:150} INFO - [2023-08-13T18:49:17.110+0000] {dag.py:3508} INFO - Setting next_dagrun for dataset_consumes_1 to None, run_after=None
[2023-08-13T18:49:17.118+0000] {logging_mixin.py:150} INFO - [2023-08-13T18:49:17.118+0000] {dag.py:3508} INFO - Setting next_dagrun for dataset_consumes_1_and_2 to None, run_after=None
[2023-08-13T18:49:17.123+0000] {logging_mixin.py:150} INFO - [2023-08-13T18:49:17.122+0000] {dag.py:3508} INFO - Setting next_dagrun for dataset_consumes_1_never_scheduled to None, run_after=None
[2023-08-13T18:49:17.125+0000] {logging_mixin.py:150} INFO - [2023-08-13T18:49:17.125+0000] {dag.py:3508} INFO - Setting next_dagrun for dataset_consumes_unknown_never_scheduled to None, run_after=None
[2023-08-13T18:49:17.130+0000] {logging_mixin.py:150} INFO - [2023-08-13T18:49:17.130+0000] {dag.py:3508} INFO - Setting next_dagrun for dataset_produces_1 to 2023-08-12T00:00:00+00:00, run_after=2023-08-13T00:00:00+00:00
[2023-08-13T18:49:17.133+0000] {logging_mixin.py:150} INFO - [2023-08-13T18:49:17.133+0000] {dag.py:3508} INFO - Setting next_dagrun for dataset_produces_2 to None, run_after=None
[2023-08-13T18:49:17.194+0000] {processor.py:179} INFO - Processing /home/airflow/.local/lib/python3.7/site-packages/airflow/example_dags/example_datasets.py took 0.257 seconds
[2023-08-13T18:49:47.484+0000] {processor.py:157} INFO - Started process (PID=1146) to work on /home/airflow/.local/lib/python3.7/site-packages/airflow/example_dags/example_datasets.py
[2023-08-13T18:49:47.485+0000] {processor.py:826} INFO - Processing file /home/airflow/.local/lib/python3.7/site-packages/airflow/example_dags/example_datasets.py for tasks to queue
[2023-08-13T18:49:47.486+0000] {logging_mixin.py:150} INFO - [2023-08-13T18:49:47.486+0000] {dagbag.py:541} INFO - Filling up the DagBag from /home/airflow/.local/lib/python3.7/site-packages/airflow/example_dags/example_datasets.py
[2023-08-13T18:49:47.494+0000] {processor.py:836} INFO - DAG(s) dict_keys(['dataset_consumes_unknown_never_scheduled', 'dataset_consumes_1', 'dataset_consumes_1_and_2', 'dataset_produces_1', 'dataset_produces_2', 'dataset_consumes_1_never_scheduled']) retrieved from /home/airflow/.local/lib/python3.7/site-packages/airflow/example_dags/example_datasets.py
[2023-08-13T18:49:47.547+0000] {logging_mixin.py:150} INFO - [2023-08-13T18:49:47.547+0000] {dag.py:2742} INFO - Sync 6 DAGs
[2023-08-13T18:49:47.588+0000] {logging_mixin.py:150} INFO - [2023-08-13T18:49:47.588+0000] {dag.py:3508} INFO - Setting next_dagrun for dataset_consumes_1 to None, run_after=None
[2023-08-13T18:49:47.594+0000] {logging_mixin.py:150} INFO - [2023-08-13T18:49:47.594+0000] {dag.py:3508} INFO - Setting next_dagrun for dataset_consumes_1_and_2 to None, run_after=None
[2023-08-13T18:49:47.596+0000] {logging_mixin.py:150} INFO - [2023-08-13T18:49:47.596+0000] {dag.py:3508} INFO - Setting next_dagrun for dataset_consumes_1_never_scheduled to None, run_after=None
[2023-08-13T18:49:47.598+0000] {logging_mixin.py:150} INFO - [2023-08-13T18:49:47.598+0000] {dag.py:3508} INFO - Setting next_dagrun for dataset_consumes_unknown_never_scheduled to None, run_after=None
[2023-08-13T18:49:47.604+0000] {logging_mixin.py:150} INFO - [2023-08-13T18:49:47.604+0000] {dag.py:3508} INFO - Setting next_dagrun for dataset_produces_1 to 2023-08-12T00:00:00+00:00, run_after=2023-08-13T00:00:00+00:00
[2023-08-13T18:49:47.607+0000] {logging_mixin.py:150} INFO - [2023-08-13T18:49:47.607+0000] {dag.py:3508} INFO - Setting next_dagrun for dataset_produces_2 to None, run_after=None
[2023-08-13T18:49:47.710+0000] {processor.py:179} INFO - Processing /home/airflow/.local/lib/python3.7/site-packages/airflow/example_dags/example_datasets.py took 0.230 seconds
[2023-08-13T18:50:18.211+0000] {processor.py:157} INFO - Started process (PID=1211) to work on /home/airflow/.local/lib/python3.7/site-packages/airflow/example_dags/example_datasets.py
[2023-08-13T18:50:18.213+0000] {processor.py:826} INFO - Processing file /home/airflow/.local/lib/python3.7/site-packages/airflow/example_dags/example_datasets.py for tasks to queue
[2023-08-13T18:50:18.214+0000] {logging_mixin.py:150} INFO - [2023-08-13T18:50:18.213+0000] {dagbag.py:541} INFO - Filling up the DagBag from /home/airflow/.local/lib/python3.7/site-packages/airflow/example_dags/example_datasets.py
[2023-08-13T18:50:18.225+0000] {processor.py:836} INFO - DAG(s) dict_keys(['dataset_consumes_1', 'dataset_produces_2', 'dataset_produces_1', 'dataset_consumes_unknown_never_scheduled', 'dataset_consumes_1_never_scheduled', 'dataset_consumes_1_and_2']) retrieved from /home/airflow/.local/lib/python3.7/site-packages/airflow/example_dags/example_datasets.py
[2023-08-13T18:50:18.274+0000] {logging_mixin.py:150} INFO - [2023-08-13T18:50:18.274+0000] {dag.py:2742} INFO - Sync 6 DAGs
[2023-08-13T18:50:18.306+0000] {logging_mixin.py:150} INFO - [2023-08-13T18:50:18.306+0000] {dag.py:3508} INFO - Setting next_dagrun for dataset_consumes_1 to None, run_after=None
[2023-08-13T18:50:18.312+0000] {logging_mixin.py:150} INFO - [2023-08-13T18:50:18.312+0000] {dag.py:3508} INFO - Setting next_dagrun for dataset_consumes_1_and_2 to None, run_after=None
[2023-08-13T18:50:18.314+0000] {logging_mixin.py:150} INFO - [2023-08-13T18:50:18.314+0000] {dag.py:3508} INFO - Setting next_dagrun for dataset_consumes_1_never_scheduled to None, run_after=None
[2023-08-13T18:50:18.316+0000] {logging_mixin.py:150} INFO - [2023-08-13T18:50:18.316+0000] {dag.py:3508} INFO - Setting next_dagrun for dataset_consumes_unknown_never_scheduled to None, run_after=None
[2023-08-13T18:50:18.320+0000] {logging_mixin.py:150} INFO - [2023-08-13T18:50:18.320+0000] {dag.py:3508} INFO - Setting next_dagrun for dataset_produces_1 to 2023-08-12T00:00:00+00:00, run_after=2023-08-13T00:00:00+00:00
[2023-08-13T18:50:18.322+0000] {logging_mixin.py:150} INFO - [2023-08-13T18:50:18.322+0000] {dag.py:3508} INFO - Setting next_dagrun for dataset_produces_2 to None, run_after=None
[2023-08-13T18:50:18.369+0000] {processor.py:179} INFO - Processing /home/airflow/.local/lib/python3.7/site-packages/airflow/example_dags/example_datasets.py took 0.162 seconds
