[2023-08-13T18:41:09.425+0000] {processor.py:157} INFO - Started process (PID=43) to work on /home/airflow/.local/lib/python3.7/site-packages/airflow/example_dags/example_complex.py
[2023-08-13T18:41:09.429+0000] {processor.py:826} INFO - Processing file /home/airflow/.local/lib/python3.7/site-packages/airflow/example_dags/example_complex.py for tasks to queue
[2023-08-13T18:41:09.431+0000] {logging_mixin.py:150} INFO - [2023-08-13T18:41:09.431+0000] {dagbag.py:541} INFO - Filling up the DagBag from /home/airflow/.local/lib/python3.7/site-packages/airflow/example_dags/example_complex.py
[2023-08-13T18:41:09.466+0000] {processor.py:836} INFO - DAG(s) dict_keys(['example_complex']) retrieved from /home/airflow/.local/lib/python3.7/site-packages/airflow/example_dags/example_complex.py
[2023-08-13T18:41:09.498+0000] {logging_mixin.py:150} INFO - [2023-08-13T18:41:09.498+0000] {dag.py:2742} INFO - Sync 1 DAGs
[2023-08-13T18:41:09.586+0000] {logging_mixin.py:150} INFO - [2023-08-13T18:41:09.586+0000] {dag.py:3508} INFO - Setting next_dagrun for example_complex to None, run_after=None
[2023-08-13T18:41:09.651+0000] {processor.py:179} INFO - Processing /home/airflow/.local/lib/python3.7/site-packages/airflow/example_dags/example_complex.py took 0.231 seconds
[2023-08-13T18:41:39.978+0000] {processor.py:157} INFO - Started process (PID=107) to work on /home/airflow/.local/lib/python3.7/site-packages/airflow/example_dags/example_complex.py
[2023-08-13T18:41:39.979+0000] {processor.py:826} INFO - Processing file /home/airflow/.local/lib/python3.7/site-packages/airflow/example_dags/example_complex.py for tasks to queue
[2023-08-13T18:41:39.980+0000] {logging_mixin.py:150} INFO - [2023-08-13T18:41:39.980+0000] {dagbag.py:541} INFO - Filling up the DagBag from /home/airflow/.local/lib/python3.7/site-packages/airflow/example_dags/example_complex.py
[2023-08-13T18:41:39.992+0000] {processor.py:836} INFO - DAG(s) dict_keys(['example_complex']) retrieved from /home/airflow/.local/lib/python3.7/site-packages/airflow/example_dags/example_complex.py
[2023-08-13T18:41:40.037+0000] {logging_mixin.py:150} INFO - [2023-08-13T18:41:40.037+0000] {dag.py:2742} INFO - Sync 1 DAGs
[2023-08-13T18:41:40.085+0000] {logging_mixin.py:150} INFO - [2023-08-13T18:41:40.085+0000] {dag.py:3508} INFO - Setting next_dagrun for example_complex to None, run_after=None
[2023-08-13T18:41:40.129+0000] {processor.py:179} INFO - Processing /home/airflow/.local/lib/python3.7/site-packages/airflow/example_dags/example_complex.py took 0.154 seconds
[2023-08-13T18:42:10.450+0000] {processor.py:157} INFO - Started process (PID=172) to work on /home/airflow/.local/lib/python3.7/site-packages/airflow/example_dags/example_complex.py
[2023-08-13T18:42:10.452+0000] {processor.py:826} INFO - Processing file /home/airflow/.local/lib/python3.7/site-packages/airflow/example_dags/example_complex.py for tasks to queue
[2023-08-13T18:42:10.453+0000] {logging_mixin.py:150} INFO - [2023-08-13T18:42:10.452+0000] {dagbag.py:541} INFO - Filling up the DagBag from /home/airflow/.local/lib/python3.7/site-packages/airflow/example_dags/example_complex.py
[2023-08-13T18:42:10.467+0000] {processor.py:836} INFO - DAG(s) dict_keys(['example_complex']) retrieved from /home/airflow/.local/lib/python3.7/site-packages/airflow/example_dags/example_complex.py
[2023-08-13T18:42:10.507+0000] {logging_mixin.py:150} INFO - [2023-08-13T18:42:10.507+0000] {dag.py:2742} INFO - Sync 1 DAGs
[2023-08-13T18:42:10.542+0000] {logging_mixin.py:150} INFO - [2023-08-13T18:42:10.541+0000] {dag.py:3508} INFO - Setting next_dagrun for example_complex to None, run_after=None
[2023-08-13T18:42:10.575+0000] {processor.py:179} INFO - Processing /home/airflow/.local/lib/python3.7/site-packages/airflow/example_dags/example_complex.py took 0.128 seconds
[2023-08-13T18:42:40.697+0000] {processor.py:157} INFO - Started process (PID=237) to work on /home/airflow/.local/lib/python3.7/site-packages/airflow/example_dags/example_complex.py
[2023-08-13T18:42:40.698+0000] {processor.py:826} INFO - Processing file /home/airflow/.local/lib/python3.7/site-packages/airflow/example_dags/example_complex.py for tasks to queue
[2023-08-13T18:42:40.699+0000] {logging_mixin.py:150} INFO - [2023-08-13T18:42:40.699+0000] {dagbag.py:541} INFO - Filling up the DagBag from /home/airflow/.local/lib/python3.7/site-packages/airflow/example_dags/example_complex.py
[2023-08-13T18:42:40.710+0000] {processor.py:836} INFO - DAG(s) dict_keys(['example_complex']) retrieved from /home/airflow/.local/lib/python3.7/site-packages/airflow/example_dags/example_complex.py
[2023-08-13T18:42:40.740+0000] {logging_mixin.py:150} INFO - [2023-08-13T18:42:40.740+0000] {dag.py:2742} INFO - Sync 1 DAGs
[2023-08-13T18:42:40.764+0000] {logging_mixin.py:150} INFO - [2023-08-13T18:42:40.764+0000] {dag.py:3508} INFO - Setting next_dagrun for example_complex to None, run_after=None
[2023-08-13T18:42:40.785+0000] {processor.py:179} INFO - Processing /home/airflow/.local/lib/python3.7/site-packages/airflow/example_dags/example_complex.py took 0.091 seconds
[2023-08-13T18:43:11.356+0000] {processor.py:157} INFO - Started process (PID=302) to work on /home/airflow/.local/lib/python3.7/site-packages/airflow/example_dags/example_complex.py
[2023-08-13T18:43:11.357+0000] {processor.py:826} INFO - Processing file /home/airflow/.local/lib/python3.7/site-packages/airflow/example_dags/example_complex.py for tasks to queue
[2023-08-13T18:43:11.358+0000] {logging_mixin.py:150} INFO - [2023-08-13T18:43:11.358+0000] {dagbag.py:541} INFO - Filling up the DagBag from /home/airflow/.local/lib/python3.7/site-packages/airflow/example_dags/example_complex.py
[2023-08-13T18:43:11.372+0000] {processor.py:836} INFO - DAG(s) dict_keys(['example_complex']) retrieved from /home/airflow/.local/lib/python3.7/site-packages/airflow/example_dags/example_complex.py
[2023-08-13T18:43:11.411+0000] {logging_mixin.py:150} INFO - [2023-08-13T18:43:11.410+0000] {dag.py:2742} INFO - Sync 1 DAGs
[2023-08-13T18:43:11.448+0000] {logging_mixin.py:150} INFO - [2023-08-13T18:43:11.448+0000] {dag.py:3508} INFO - Setting next_dagrun for example_complex to None, run_after=None
[2023-08-13T18:43:11.485+0000] {processor.py:179} INFO - Processing /home/airflow/.local/lib/python3.7/site-packages/airflow/example_dags/example_complex.py took 0.133 seconds
[2023-08-13T18:43:41.853+0000] {processor.py:157} INFO - Started process (PID=367) to work on /home/airflow/.local/lib/python3.7/site-packages/airflow/example_dags/example_complex.py
[2023-08-13T18:43:41.855+0000] {processor.py:826} INFO - Processing file /home/airflow/.local/lib/python3.7/site-packages/airflow/example_dags/example_complex.py for tasks to queue
[2023-08-13T18:43:41.857+0000] {logging_mixin.py:150} INFO - [2023-08-13T18:43:41.856+0000] {dagbag.py:541} INFO - Filling up the DagBag from /home/airflow/.local/lib/python3.7/site-packages/airflow/example_dags/example_complex.py
[2023-08-13T18:43:41.877+0000] {processor.py:836} INFO - DAG(s) dict_keys(['example_complex']) retrieved from /home/airflow/.local/lib/python3.7/site-packages/airflow/example_dags/example_complex.py
[2023-08-13T18:43:41.929+0000] {logging_mixin.py:150} INFO - [2023-08-13T18:43:41.928+0000] {dag.py:2742} INFO - Sync 1 DAGs
[2023-08-13T18:43:41.969+0000] {logging_mixin.py:150} INFO - [2023-08-13T18:43:41.968+0000] {dag.py:3508} INFO - Setting next_dagrun for example_complex to None, run_after=None
[2023-08-13T18:43:41.999+0000] {processor.py:179} INFO - Processing /home/airflow/.local/lib/python3.7/site-packages/airflow/example_dags/example_complex.py took 0.150 seconds
[2023-08-13T18:44:12.042+0000] {processor.py:157} INFO - Started process (PID=431) to work on /home/airflow/.local/lib/python3.7/site-packages/airflow/example_dags/example_complex.py
[2023-08-13T18:44:12.043+0000] {processor.py:826} INFO - Processing file /home/airflow/.local/lib/python3.7/site-packages/airflow/example_dags/example_complex.py for tasks to queue
[2023-08-13T18:44:12.044+0000] {logging_mixin.py:150} INFO - [2023-08-13T18:44:12.044+0000] {dagbag.py:541} INFO - Filling up the DagBag from /home/airflow/.local/lib/python3.7/site-packages/airflow/example_dags/example_complex.py
[2023-08-13T18:44:12.060+0000] {processor.py:836} INFO - DAG(s) dict_keys(['example_complex']) retrieved from /home/airflow/.local/lib/python3.7/site-packages/airflow/example_dags/example_complex.py
[2023-08-13T18:44:12.100+0000] {logging_mixin.py:150} INFO - [2023-08-13T18:44:12.099+0000] {dag.py:2742} INFO - Sync 1 DAGs
[2023-08-13T18:44:12.134+0000] {logging_mixin.py:150} INFO - [2023-08-13T18:44:12.134+0000] {dag.py:3508} INFO - Setting next_dagrun for example_complex to None, run_after=None
[2023-08-13T18:44:12.164+0000] {processor.py:179} INFO - Processing /home/airflow/.local/lib/python3.7/site-packages/airflow/example_dags/example_complex.py took 0.125 seconds
[2023-08-13T18:44:42.204+0000] {processor.py:157} INFO - Started process (PID=496) to work on /home/airflow/.local/lib/python3.7/site-packages/airflow/example_dags/example_complex.py
[2023-08-13T18:44:42.205+0000] {processor.py:826} INFO - Processing file /home/airflow/.local/lib/python3.7/site-packages/airflow/example_dags/example_complex.py for tasks to queue
[2023-08-13T18:44:42.206+0000] {logging_mixin.py:150} INFO - [2023-08-13T18:44:42.206+0000] {dagbag.py:541} INFO - Filling up the DagBag from /home/airflow/.local/lib/python3.7/site-packages/airflow/example_dags/example_complex.py
[2023-08-13T18:44:42.221+0000] {processor.py:836} INFO - DAG(s) dict_keys(['example_complex']) retrieved from /home/airflow/.local/lib/python3.7/site-packages/airflow/example_dags/example_complex.py
[2023-08-13T18:44:42.275+0000] {logging_mixin.py:150} INFO - [2023-08-13T18:44:42.275+0000] {dag.py:2742} INFO - Sync 1 DAGs
[2023-08-13T18:44:42.318+0000] {logging_mixin.py:150} INFO - [2023-08-13T18:44:42.318+0000] {dag.py:3508} INFO - Setting next_dagrun for example_complex to None, run_after=None
[2023-08-13T18:44:42.352+0000] {processor.py:179} INFO - Processing /home/airflow/.local/lib/python3.7/site-packages/airflow/example_dags/example_complex.py took 0.151 seconds
[2023-08-13T18:45:13.320+0000] {processor.py:157} INFO - Started process (PID=562) to work on /home/airflow/.local/lib/python3.7/site-packages/airflow/example_dags/example_complex.py
[2023-08-13T18:45:13.321+0000] {processor.py:826} INFO - Processing file /home/airflow/.local/lib/python3.7/site-packages/airflow/example_dags/example_complex.py for tasks to queue
[2023-08-13T18:45:13.323+0000] {logging_mixin.py:150} INFO - [2023-08-13T18:45:13.323+0000] {dagbag.py:541} INFO - Filling up the DagBag from /home/airflow/.local/lib/python3.7/site-packages/airflow/example_dags/example_complex.py
[2023-08-13T18:45:13.344+0000] {processor.py:836} INFO - DAG(s) dict_keys(['example_complex']) retrieved from /home/airflow/.local/lib/python3.7/site-packages/airflow/example_dags/example_complex.py
[2023-08-13T18:45:13.407+0000] {logging_mixin.py:150} INFO - [2023-08-13T18:45:13.407+0000] {dag.py:2742} INFO - Sync 1 DAGs
[2023-08-13T18:45:13.466+0000] {logging_mixin.py:150} INFO - [2023-08-13T18:45:13.465+0000] {dag.py:3508} INFO - Setting next_dagrun for example_complex to None, run_after=None
[2023-08-13T18:45:13.496+0000] {processor.py:179} INFO - Processing /home/airflow/.local/lib/python3.7/site-packages/airflow/example_dags/example_complex.py took 0.182 seconds
[2023-08-13T18:45:43.612+0000] {processor.py:157} INFO - Started process (PID=627) to work on /home/airflow/.local/lib/python3.7/site-packages/airflow/example_dags/example_complex.py
[2023-08-13T18:45:43.613+0000] {processor.py:826} INFO - Processing file /home/airflow/.local/lib/python3.7/site-packages/airflow/example_dags/example_complex.py for tasks to queue
[2023-08-13T18:45:43.615+0000] {logging_mixin.py:150} INFO - [2023-08-13T18:45:43.614+0000] {dagbag.py:541} INFO - Filling up the DagBag from /home/airflow/.local/lib/python3.7/site-packages/airflow/example_dags/example_complex.py
[2023-08-13T18:45:43.627+0000] {processor.py:836} INFO - DAG(s) dict_keys(['example_complex']) retrieved from /home/airflow/.local/lib/python3.7/site-packages/airflow/example_dags/example_complex.py
[2023-08-13T18:45:43.669+0000] {logging_mixin.py:150} INFO - [2023-08-13T18:45:43.669+0000] {dag.py:2742} INFO - Sync 1 DAGs
[2023-08-13T18:45:43.708+0000] {logging_mixin.py:150} INFO - [2023-08-13T18:45:43.707+0000] {dag.py:3508} INFO - Setting next_dagrun for example_complex to None, run_after=None
[2023-08-13T18:45:43.741+0000] {processor.py:179} INFO - Processing /home/airflow/.local/lib/python3.7/site-packages/airflow/example_dags/example_complex.py took 0.131 seconds
[2023-08-13T18:46:13.829+0000] {processor.py:157} INFO - Started process (PID=693) to work on /home/airflow/.local/lib/python3.7/site-packages/airflow/example_dags/example_complex.py
[2023-08-13T18:46:13.831+0000] {processor.py:826} INFO - Processing file /home/airflow/.local/lib/python3.7/site-packages/airflow/example_dags/example_complex.py for tasks to queue
[2023-08-13T18:46:13.832+0000] {logging_mixin.py:150} INFO - [2023-08-13T18:46:13.832+0000] {dagbag.py:541} INFO - Filling up the DagBag from /home/airflow/.local/lib/python3.7/site-packages/airflow/example_dags/example_complex.py
[2023-08-13T18:46:13.851+0000] {processor.py:836} INFO - DAG(s) dict_keys(['example_complex']) retrieved from /home/airflow/.local/lib/python3.7/site-packages/airflow/example_dags/example_complex.py
[2023-08-13T18:46:13.903+0000] {logging_mixin.py:150} INFO - [2023-08-13T18:46:13.902+0000] {dag.py:2742} INFO - Sync 1 DAGs
[2023-08-13T18:46:13.944+0000] {logging_mixin.py:150} INFO - [2023-08-13T18:46:13.943+0000] {dag.py:3508} INFO - Setting next_dagrun for example_complex to None, run_after=None
[2023-08-13T18:46:13.975+0000] {processor.py:179} INFO - Processing /home/airflow/.local/lib/python3.7/site-packages/airflow/example_dags/example_complex.py took 0.149 seconds
[2023-08-13T18:46:44.293+0000] {processor.py:157} INFO - Started process (PID=757) to work on /home/airflow/.local/lib/python3.7/site-packages/airflow/example_dags/example_complex.py
[2023-08-13T18:46:44.295+0000] {processor.py:826} INFO - Processing file /home/airflow/.local/lib/python3.7/site-packages/airflow/example_dags/example_complex.py for tasks to queue
[2023-08-13T18:46:44.297+0000] {logging_mixin.py:150} INFO - [2023-08-13T18:46:44.296+0000] {dagbag.py:541} INFO - Filling up the DagBag from /home/airflow/.local/lib/python3.7/site-packages/airflow/example_dags/example_complex.py
[2023-08-13T18:46:44.318+0000] {processor.py:836} INFO - DAG(s) dict_keys(['example_complex']) retrieved from /home/airflow/.local/lib/python3.7/site-packages/airflow/example_dags/example_complex.py
[2023-08-13T18:46:44.392+0000] {logging_mixin.py:150} INFO - [2023-08-13T18:46:44.391+0000] {dag.py:2742} INFO - Sync 1 DAGs
[2023-08-13T18:46:44.431+0000] {logging_mixin.py:150} INFO - [2023-08-13T18:46:44.430+0000] {dag.py:3508} INFO - Setting next_dagrun for example_complex to None, run_after=None
[2023-08-13T18:46:44.462+0000] {processor.py:179} INFO - Processing /home/airflow/.local/lib/python3.7/site-packages/airflow/example_dags/example_complex.py took 0.173 seconds
[2023-08-13T18:47:15.227+0000] {processor.py:157} INFO - Started process (PID=822) to work on /home/airflow/.local/lib/python3.7/site-packages/airflow/example_dags/example_complex.py
[2023-08-13T18:47:15.229+0000] {processor.py:826} INFO - Processing file /home/airflow/.local/lib/python3.7/site-packages/airflow/example_dags/example_complex.py for tasks to queue
[2023-08-13T18:47:15.230+0000] {logging_mixin.py:150} INFO - [2023-08-13T18:47:15.229+0000] {dagbag.py:541} INFO - Filling up the DagBag from /home/airflow/.local/lib/python3.7/site-packages/airflow/example_dags/example_complex.py
[2023-08-13T18:47:15.245+0000] {processor.py:836} INFO - DAG(s) dict_keys(['example_complex']) retrieved from /home/airflow/.local/lib/python3.7/site-packages/airflow/example_dags/example_complex.py
[2023-08-13T18:47:15.284+0000] {logging_mixin.py:150} INFO - [2023-08-13T18:47:15.284+0000] {dag.py:2742} INFO - Sync 1 DAGs
[2023-08-13T18:47:15.320+0000] {logging_mixin.py:150} INFO - [2023-08-13T18:47:15.319+0000] {dag.py:3508} INFO - Setting next_dagrun for example_complex to None, run_after=None
[2023-08-13T18:47:15.349+0000] {processor.py:179} INFO - Processing /home/airflow/.local/lib/python3.7/site-packages/airflow/example_dags/example_complex.py took 0.125 seconds
[2023-08-13T18:47:45.737+0000] {processor.py:157} INFO - Started process (PID=887) to work on /home/airflow/.local/lib/python3.7/site-packages/airflow/example_dags/example_complex.py
[2023-08-13T18:47:45.738+0000] {processor.py:826} INFO - Processing file /home/airflow/.local/lib/python3.7/site-packages/airflow/example_dags/example_complex.py for tasks to queue
[2023-08-13T18:47:45.740+0000] {logging_mixin.py:150} INFO - [2023-08-13T18:47:45.739+0000] {dagbag.py:541} INFO - Filling up the DagBag from /home/airflow/.local/lib/python3.7/site-packages/airflow/example_dags/example_complex.py
[2023-08-13T18:47:45.757+0000] {processor.py:836} INFO - DAG(s) dict_keys(['example_complex']) retrieved from /home/airflow/.local/lib/python3.7/site-packages/airflow/example_dags/example_complex.py
[2023-08-13T18:47:45.796+0000] {logging_mixin.py:150} INFO - [2023-08-13T18:47:45.796+0000] {dag.py:2742} INFO - Sync 1 DAGs
[2023-08-13T18:47:45.828+0000] {logging_mixin.py:150} INFO - [2023-08-13T18:47:45.828+0000] {dag.py:3508} INFO - Setting next_dagrun for example_complex to None, run_after=None
[2023-08-13T18:47:45.855+0000] {processor.py:179} INFO - Processing /home/airflow/.local/lib/python3.7/site-packages/airflow/example_dags/example_complex.py took 0.122 seconds
[2023-08-13T18:48:16.043+0000] {processor.py:157} INFO - Started process (PID=952) to work on /home/airflow/.local/lib/python3.7/site-packages/airflow/example_dags/example_complex.py
[2023-08-13T18:48:16.044+0000] {processor.py:826} INFO - Processing file /home/airflow/.local/lib/python3.7/site-packages/airflow/example_dags/example_complex.py for tasks to queue
[2023-08-13T18:48:16.045+0000] {logging_mixin.py:150} INFO - [2023-08-13T18:48:16.045+0000] {dagbag.py:541} INFO - Filling up the DagBag from /home/airflow/.local/lib/python3.7/site-packages/airflow/example_dags/example_complex.py
[2023-08-13T18:48:16.056+0000] {processor.py:836} INFO - DAG(s) dict_keys(['example_complex']) retrieved from /home/airflow/.local/lib/python3.7/site-packages/airflow/example_dags/example_complex.py
[2023-08-13T18:48:16.093+0000] {logging_mixin.py:150} INFO - [2023-08-13T18:48:16.093+0000] {dag.py:2742} INFO - Sync 1 DAGs
[2023-08-13T18:48:16.124+0000] {logging_mixin.py:150} INFO - [2023-08-13T18:48:16.124+0000] {dag.py:3508} INFO - Setting next_dagrun for example_complex to None, run_after=None
[2023-08-13T18:48:16.151+0000] {processor.py:179} INFO - Processing /home/airflow/.local/lib/python3.7/site-packages/airflow/example_dags/example_complex.py took 0.110 seconds
[2023-08-13T18:48:46.696+0000] {processor.py:157} INFO - Started process (PID=1017) to work on /home/airflow/.local/lib/python3.7/site-packages/airflow/example_dags/example_complex.py
[2023-08-13T18:48:46.698+0000] {processor.py:826} INFO - Processing file /home/airflow/.local/lib/python3.7/site-packages/airflow/example_dags/example_complex.py for tasks to queue
[2023-08-13T18:48:46.699+0000] {logging_mixin.py:150} INFO - [2023-08-13T18:48:46.699+0000] {dagbag.py:541} INFO - Filling up the DagBag from /home/airflow/.local/lib/python3.7/site-packages/airflow/example_dags/example_complex.py
[2023-08-13T18:48:46.713+0000] {processor.py:836} INFO - DAG(s) dict_keys(['example_complex']) retrieved from /home/airflow/.local/lib/python3.7/site-packages/airflow/example_dags/example_complex.py
[2023-08-13T18:48:46.754+0000] {logging_mixin.py:150} INFO - [2023-08-13T18:48:46.754+0000] {dag.py:2742} INFO - Sync 1 DAGs
[2023-08-13T18:48:46.788+0000] {logging_mixin.py:150} INFO - [2023-08-13T18:48:46.788+0000] {dag.py:3508} INFO - Setting next_dagrun for example_complex to None, run_after=None
[2023-08-13T18:48:46.813+0000] {processor.py:179} INFO - Processing /home/airflow/.local/lib/python3.7/site-packages/airflow/example_dags/example_complex.py took 0.120 seconds
[2023-08-13T18:49:17.227+0000] {processor.py:157} INFO - Started process (PID=1082) to work on /home/airflow/.local/lib/python3.7/site-packages/airflow/example_dags/example_complex.py
[2023-08-13T18:49:17.228+0000] {processor.py:826} INFO - Processing file /home/airflow/.local/lib/python3.7/site-packages/airflow/example_dags/example_complex.py for tasks to queue
[2023-08-13T18:49:17.229+0000] {logging_mixin.py:150} INFO - [2023-08-13T18:49:17.229+0000] {dagbag.py:541} INFO - Filling up the DagBag from /home/airflow/.local/lib/python3.7/site-packages/airflow/example_dags/example_complex.py
[2023-08-13T18:49:17.250+0000] {processor.py:836} INFO - DAG(s) dict_keys(['example_complex']) retrieved from /home/airflow/.local/lib/python3.7/site-packages/airflow/example_dags/example_complex.py
[2023-08-13T18:49:17.297+0000] {logging_mixin.py:150} INFO - [2023-08-13T18:49:17.297+0000] {dag.py:2742} INFO - Sync 1 DAGs
[2023-08-13T18:49:17.333+0000] {logging_mixin.py:150} INFO - [2023-08-13T18:49:17.333+0000] {dag.py:3508} INFO - Setting next_dagrun for example_complex to None, run_after=None
[2023-08-13T18:49:17.361+0000] {processor.py:179} INFO - Processing /home/airflow/.local/lib/python3.7/site-packages/airflow/example_dags/example_complex.py took 0.138 seconds
[2023-08-13T18:49:47.758+0000] {processor.py:157} INFO - Started process (PID=1147) to work on /home/airflow/.local/lib/python3.7/site-packages/airflow/example_dags/example_complex.py
[2023-08-13T18:49:47.762+0000] {processor.py:826} INFO - Processing file /home/airflow/.local/lib/python3.7/site-packages/airflow/example_dags/example_complex.py for tasks to queue
[2023-08-13T18:49:47.765+0000] {logging_mixin.py:150} INFO - [2023-08-13T18:49:47.764+0000] {dagbag.py:541} INFO - Filling up the DagBag from /home/airflow/.local/lib/python3.7/site-packages/airflow/example_dags/example_complex.py
[2023-08-13T18:49:47.803+0000] {processor.py:836} INFO - DAG(s) dict_keys(['example_complex']) retrieved from /home/airflow/.local/lib/python3.7/site-packages/airflow/example_dags/example_complex.py
[2023-08-13T18:49:47.871+0000] {logging_mixin.py:150} INFO - [2023-08-13T18:49:47.870+0000] {dag.py:2742} INFO - Sync 1 DAGs
[2023-08-13T18:49:47.918+0000] {logging_mixin.py:150} INFO - [2023-08-13T18:49:47.918+0000] {dag.py:3508} INFO - Setting next_dagrun for example_complex to None, run_after=None
[2023-08-13T18:49:47.957+0000] {processor.py:179} INFO - Processing /home/airflow/.local/lib/python3.7/site-packages/airflow/example_dags/example_complex.py took 0.204 seconds
[2023-08-13T18:50:18.406+0000] {processor.py:157} INFO - Started process (PID=1212) to work on /home/airflow/.local/lib/python3.7/site-packages/airflow/example_dags/example_complex.py
[2023-08-13T18:50:18.407+0000] {processor.py:826} INFO - Processing file /home/airflow/.local/lib/python3.7/site-packages/airflow/example_dags/example_complex.py for tasks to queue
[2023-08-13T18:50:18.409+0000] {logging_mixin.py:150} INFO - [2023-08-13T18:50:18.408+0000] {dagbag.py:541} INFO - Filling up the DagBag from /home/airflow/.local/lib/python3.7/site-packages/airflow/example_dags/example_complex.py
[2023-08-13T18:50:18.430+0000] {processor.py:836} INFO - DAG(s) dict_keys(['example_complex']) retrieved from /home/airflow/.local/lib/python3.7/site-packages/airflow/example_dags/example_complex.py
[2023-08-13T18:50:18.482+0000] {logging_mixin.py:150} INFO - [2023-08-13T18:50:18.481+0000] {dag.py:2742} INFO - Sync 1 DAGs
[2023-08-13T18:50:18.515+0000] {logging_mixin.py:150} INFO - [2023-08-13T18:50:18.515+0000] {dag.py:3508} INFO - Setting next_dagrun for example_complex to None, run_after=None
[2023-08-13T18:50:18.543+0000] {processor.py:179} INFO - Processing /home/airflow/.local/lib/python3.7/site-packages/airflow/example_dags/example_complex.py took 0.142 seconds
