[2023-08-13T18:41:08.358+0000] {processor.py:157} INFO - Started process (PID=38) to work on /home/airflow/.local/lib/python3.7/site-packages/airflow/example_dags/example_branch_operator_decorator.py
[2023-08-13T18:41:08.359+0000] {processor.py:826} INFO - Processing file /home/airflow/.local/lib/python3.7/site-packages/airflow/example_dags/example_branch_operator_decorator.py for tasks to queue
[2023-08-13T18:41:08.360+0000] {logging_mixin.py:150} INFO - [2023-08-13T18:41:08.360+0000] {dagbag.py:541} INFO - Filling up the DagBag from /home/airflow/.local/lib/python3.7/site-packages/airflow/example_dags/example_branch_operator_decorator.py
[2023-08-13T18:41:08.373+0000] {processor.py:836} INFO - DAG(s) dict_keys(['example_branch_python_operator_decorator']) retrieved from /home/airflow/.local/lib/python3.7/site-packages/airflow/example_dags/example_branch_operator_decorator.py
[2023-08-13T18:41:08.387+0000] {logging_mixin.py:150} INFO - [2023-08-13T18:41:08.387+0000] {dag.py:2742} INFO - Sync 1 DAGs
[2023-08-13T18:41:08.419+0000] {logging_mixin.py:150} INFO - [2023-08-13T18:41:08.418+0000] {dag.py:3508} INFO - Setting next_dagrun for example_branch_python_operator_decorator to 2023-08-12T00:00:00+00:00, run_after=2023-08-13T00:00:00+00:00
[2023-08-13T18:41:08.448+0000] {processor.py:179} INFO - Processing /home/airflow/.local/lib/python3.7/site-packages/airflow/example_dags/example_branch_operator_decorator.py took 0.093 seconds
[2023-08-13T18:41:38.475+0000] {processor.py:157} INFO - Started process (PID=102) to work on /home/airflow/.local/lib/python3.7/site-packages/airflow/example_dags/example_branch_operator_decorator.py
[2023-08-13T18:41:38.477+0000] {processor.py:826} INFO - Processing file /home/airflow/.local/lib/python3.7/site-packages/airflow/example_dags/example_branch_operator_decorator.py for tasks to queue
[2023-08-13T18:41:38.477+0000] {logging_mixin.py:150} INFO - [2023-08-13T18:41:38.477+0000] {dagbag.py:541} INFO - Filling up the DagBag from /home/airflow/.local/lib/python3.7/site-packages/airflow/example_dags/example_branch_operator_decorator.py
[2023-08-13T18:41:38.485+0000] {processor.py:836} INFO - DAG(s) dict_keys(['example_branch_python_operator_decorator']) retrieved from /home/airflow/.local/lib/python3.7/site-packages/airflow/example_dags/example_branch_operator_decorator.py
[2023-08-13T18:41:38.507+0000] {logging_mixin.py:150} INFO - [2023-08-13T18:41:38.506+0000] {dag.py:2742} INFO - Sync 1 DAGs
[2023-08-13T18:41:38.528+0000] {logging_mixin.py:150} INFO - [2023-08-13T18:41:38.528+0000] {dag.py:3508} INFO - Setting next_dagrun for example_branch_python_operator_decorator to 2023-08-12T00:00:00+00:00, run_after=2023-08-13T00:00:00+00:00
[2023-08-13T18:41:38.546+0000] {processor.py:179} INFO - Processing /home/airflow/.local/lib/python3.7/site-packages/airflow/example_dags/example_branch_operator_decorator.py took 0.073 seconds
[2023-08-13T18:42:09.016+0000] {processor.py:157} INFO - Started process (PID=167) to work on /home/airflow/.local/lib/python3.7/site-packages/airflow/example_dags/example_branch_operator_decorator.py
[2023-08-13T18:42:09.017+0000] {processor.py:826} INFO - Processing file /home/airflow/.local/lib/python3.7/site-packages/airflow/example_dags/example_branch_operator_decorator.py for tasks to queue
[2023-08-13T18:42:09.018+0000] {logging_mixin.py:150} INFO - [2023-08-13T18:42:09.018+0000] {dagbag.py:541} INFO - Filling up the DagBag from /home/airflow/.local/lib/python3.7/site-packages/airflow/example_dags/example_branch_operator_decorator.py
[2023-08-13T18:42:09.033+0000] {processor.py:836} INFO - DAG(s) dict_keys(['example_branch_python_operator_decorator']) retrieved from /home/airflow/.local/lib/python3.7/site-packages/airflow/example_dags/example_branch_operator_decorator.py
[2023-08-13T18:42:09.071+0000] {logging_mixin.py:150} INFO - [2023-08-13T18:42:09.071+0000] {dag.py:2742} INFO - Sync 1 DAGs
[2023-08-13T18:42:09.113+0000] {logging_mixin.py:150} INFO - [2023-08-13T18:42:09.112+0000] {dag.py:3508} INFO - Setting next_dagrun for example_branch_python_operator_decorator to 2023-08-12T00:00:00+00:00, run_after=2023-08-13T00:00:00+00:00
[2023-08-13T18:42:09.139+0000] {processor.py:179} INFO - Processing /home/airflow/.local/lib/python3.7/site-packages/airflow/example_dags/example_branch_operator_decorator.py took 0.126 seconds
[2023-08-13T18:42:39.330+0000] {processor.py:157} INFO - Started process (PID=232) to work on /home/airflow/.local/lib/python3.7/site-packages/airflow/example_dags/example_branch_operator_decorator.py
[2023-08-13T18:42:39.331+0000] {processor.py:826} INFO - Processing file /home/airflow/.local/lib/python3.7/site-packages/airflow/example_dags/example_branch_operator_decorator.py for tasks to queue
[2023-08-13T18:42:39.332+0000] {logging_mixin.py:150} INFO - [2023-08-13T18:42:39.332+0000] {dagbag.py:541} INFO - Filling up the DagBag from /home/airflow/.local/lib/python3.7/site-packages/airflow/example_dags/example_branch_operator_decorator.py
[2023-08-13T18:42:39.341+0000] {processor.py:836} INFO - DAG(s) dict_keys(['example_branch_python_operator_decorator']) retrieved from /home/airflow/.local/lib/python3.7/site-packages/airflow/example_dags/example_branch_operator_decorator.py
[2023-08-13T18:42:39.366+0000] {logging_mixin.py:150} INFO - [2023-08-13T18:42:39.365+0000] {dag.py:2742} INFO - Sync 1 DAGs
[2023-08-13T18:42:39.394+0000] {logging_mixin.py:150} INFO - [2023-08-13T18:42:39.394+0000] {dag.py:3508} INFO - Setting next_dagrun for example_branch_python_operator_decorator to 2023-08-12T00:00:00+00:00, run_after=2023-08-13T00:00:00+00:00
[2023-08-13T18:42:39.417+0000] {processor.py:179} INFO - Processing /home/airflow/.local/lib/python3.7/site-packages/airflow/example_dags/example_branch_operator_decorator.py took 0.089 seconds
[2023-08-13T18:43:09.761+0000] {processor.py:157} INFO - Started process (PID=297) to work on /home/airflow/.local/lib/python3.7/site-packages/airflow/example_dags/example_branch_operator_decorator.py
[2023-08-13T18:43:09.762+0000] {processor.py:826} INFO - Processing file /home/airflow/.local/lib/python3.7/site-packages/airflow/example_dags/example_branch_operator_decorator.py for tasks to queue
[2023-08-13T18:43:09.763+0000] {logging_mixin.py:150} INFO - [2023-08-13T18:43:09.763+0000] {dagbag.py:541} INFO - Filling up the DagBag from /home/airflow/.local/lib/python3.7/site-packages/airflow/example_dags/example_branch_operator_decorator.py
[2023-08-13T18:43:09.775+0000] {processor.py:836} INFO - DAG(s) dict_keys(['example_branch_python_operator_decorator']) retrieved from /home/airflow/.local/lib/python3.7/site-packages/airflow/example_dags/example_branch_operator_decorator.py
[2023-08-13T18:43:09.804+0000] {logging_mixin.py:150} INFO - [2023-08-13T18:43:09.804+0000] {dag.py:2742} INFO - Sync 1 DAGs
[2023-08-13T18:43:09.839+0000] {logging_mixin.py:150} INFO - [2023-08-13T18:43:09.839+0000] {dag.py:3508} INFO - Setting next_dagrun for example_branch_python_operator_decorator to 2023-08-12T00:00:00+00:00, run_after=2023-08-13T00:00:00+00:00
[2023-08-13T18:43:09.874+0000] {processor.py:179} INFO - Processing /home/airflow/.local/lib/python3.7/site-packages/airflow/example_dags/example_branch_operator_decorator.py took 0.117 seconds
[2023-08-13T18:43:40.412+0000] {processor.py:157} INFO - Started process (PID=362) to work on /home/airflow/.local/lib/python3.7/site-packages/airflow/example_dags/example_branch_operator_decorator.py
[2023-08-13T18:43:40.414+0000] {processor.py:826} INFO - Processing file /home/airflow/.local/lib/python3.7/site-packages/airflow/example_dags/example_branch_operator_decorator.py for tasks to queue
[2023-08-13T18:43:40.416+0000] {logging_mixin.py:150} INFO - [2023-08-13T18:43:40.415+0000] {dagbag.py:541} INFO - Filling up the DagBag from /home/airflow/.local/lib/python3.7/site-packages/airflow/example_dags/example_branch_operator_decorator.py
[2023-08-13T18:43:40.432+0000] {processor.py:836} INFO - DAG(s) dict_keys(['example_branch_python_operator_decorator']) retrieved from /home/airflow/.local/lib/python3.7/site-packages/airflow/example_dags/example_branch_operator_decorator.py
[2023-08-13T18:43:40.479+0000] {logging_mixin.py:150} INFO - [2023-08-13T18:43:40.478+0000] {dag.py:2742} INFO - Sync 1 DAGs
[2023-08-13T18:43:40.524+0000] {logging_mixin.py:150} INFO - [2023-08-13T18:43:40.524+0000] {dag.py:3508} INFO - Setting next_dagrun for example_branch_python_operator_decorator to 2023-08-12T00:00:00+00:00, run_after=2023-08-13T00:00:00+00:00
[2023-08-13T18:43:40.554+0000] {processor.py:179} INFO - Processing /home/airflow/.local/lib/python3.7/site-packages/airflow/example_dags/example_branch_operator_decorator.py took 0.146 seconds
[2023-08-13T18:44:10.646+0000] {processor.py:157} INFO - Started process (PID=427) to work on /home/airflow/.local/lib/python3.7/site-packages/airflow/example_dags/example_branch_operator_decorator.py
[2023-08-13T18:44:10.647+0000] {processor.py:826} INFO - Processing file /home/airflow/.local/lib/python3.7/site-packages/airflow/example_dags/example_branch_operator_decorator.py for tasks to queue
[2023-08-13T18:44:10.648+0000] {logging_mixin.py:150} INFO - [2023-08-13T18:44:10.648+0000] {dagbag.py:541} INFO - Filling up the DagBag from /home/airflow/.local/lib/python3.7/site-packages/airflow/example_dags/example_branch_operator_decorator.py
[2023-08-13T18:44:10.657+0000] {processor.py:836} INFO - DAG(s) dict_keys(['example_branch_python_operator_decorator']) retrieved from /home/airflow/.local/lib/python3.7/site-packages/airflow/example_dags/example_branch_operator_decorator.py
[2023-08-13T18:44:10.682+0000] {logging_mixin.py:150} INFO - [2023-08-13T18:44:10.682+0000] {dag.py:2742} INFO - Sync 1 DAGs
[2023-08-13T18:44:10.711+0000] {logging_mixin.py:150} INFO - [2023-08-13T18:44:10.711+0000] {dag.py:3508} INFO - Setting next_dagrun for example_branch_python_operator_decorator to 2023-08-12T00:00:00+00:00, run_after=2023-08-13T00:00:00+00:00
[2023-08-13T18:44:10.732+0000] {processor.py:179} INFO - Processing /home/airflow/.local/lib/python3.7/site-packages/airflow/example_dags/example_branch_operator_decorator.py took 0.088 seconds
[2023-08-13T18:44:40.934+0000] {processor.py:157} INFO - Started process (PID=492) to work on /home/airflow/.local/lib/python3.7/site-packages/airflow/example_dags/example_branch_operator_decorator.py
[2023-08-13T18:44:40.935+0000] {processor.py:826} INFO - Processing file /home/airflow/.local/lib/python3.7/site-packages/airflow/example_dags/example_branch_operator_decorator.py for tasks to queue
[2023-08-13T18:44:40.937+0000] {logging_mixin.py:150} INFO - [2023-08-13T18:44:40.936+0000] {dagbag.py:541} INFO - Filling up the DagBag from /home/airflow/.local/lib/python3.7/site-packages/airflow/example_dags/example_branch_operator_decorator.py
[2023-08-13T18:44:40.950+0000] {processor.py:836} INFO - DAG(s) dict_keys(['example_branch_python_operator_decorator']) retrieved from /home/airflow/.local/lib/python3.7/site-packages/airflow/example_dags/example_branch_operator_decorator.py
[2023-08-13T18:44:40.987+0000] {logging_mixin.py:150} INFO - [2023-08-13T18:44:40.987+0000] {dag.py:2742} INFO - Sync 1 DAGs
[2023-08-13T18:44:41.020+0000] {logging_mixin.py:150} INFO - [2023-08-13T18:44:41.020+0000] {dag.py:3508} INFO - Setting next_dagrun for example_branch_python_operator_decorator to 2023-08-12T00:00:00+00:00, run_after=2023-08-13T00:00:00+00:00
[2023-08-13T18:44:41.048+0000] {processor.py:179} INFO - Processing /home/airflow/.local/lib/python3.7/site-packages/airflow/example_dags/example_branch_operator_decorator.py took 0.118 seconds
[2023-08-13T18:45:11.662+0000] {processor.py:157} INFO - Started process (PID=557) to work on /home/airflow/.local/lib/python3.7/site-packages/airflow/example_dags/example_branch_operator_decorator.py
[2023-08-13T18:45:11.663+0000] {processor.py:826} INFO - Processing file /home/airflow/.local/lib/python3.7/site-packages/airflow/example_dags/example_branch_operator_decorator.py for tasks to queue
[2023-08-13T18:45:11.664+0000] {logging_mixin.py:150} INFO - [2023-08-13T18:45:11.664+0000] {dagbag.py:541} INFO - Filling up the DagBag from /home/airflow/.local/lib/python3.7/site-packages/airflow/example_dags/example_branch_operator_decorator.py
[2023-08-13T18:45:11.678+0000] {processor.py:836} INFO - DAG(s) dict_keys(['example_branch_python_operator_decorator']) retrieved from /home/airflow/.local/lib/python3.7/site-packages/airflow/example_dags/example_branch_operator_decorator.py
[2023-08-13T18:45:11.719+0000] {logging_mixin.py:150} INFO - [2023-08-13T18:45:11.719+0000] {dag.py:2742} INFO - Sync 1 DAGs
[2023-08-13T18:45:11.756+0000] {logging_mixin.py:150} INFO - [2023-08-13T18:45:11.756+0000] {dag.py:3508} INFO - Setting next_dagrun for example_branch_python_operator_decorator to 2023-08-12T00:00:00+00:00, run_after=2023-08-13T00:00:00+00:00
[2023-08-13T18:45:11.779+0000] {processor.py:179} INFO - Processing /home/airflow/.local/lib/python3.7/site-packages/airflow/example_dags/example_branch_operator_decorator.py took 0.122 seconds
[2023-08-13T18:45:42.060+0000] {processor.py:157} INFO - Started process (PID=622) to work on /home/airflow/.local/lib/python3.7/site-packages/airflow/example_dags/example_branch_operator_decorator.py
[2023-08-13T18:45:42.062+0000] {processor.py:826} INFO - Processing file /home/airflow/.local/lib/python3.7/site-packages/airflow/example_dags/example_branch_operator_decorator.py for tasks to queue
[2023-08-13T18:45:42.063+0000] {logging_mixin.py:150} INFO - [2023-08-13T18:45:42.062+0000] {dagbag.py:541} INFO - Filling up the DagBag from /home/airflow/.local/lib/python3.7/site-packages/airflow/example_dags/example_branch_operator_decorator.py
[2023-08-13T18:45:42.075+0000] {processor.py:836} INFO - DAG(s) dict_keys(['example_branch_python_operator_decorator']) retrieved from /home/airflow/.local/lib/python3.7/site-packages/airflow/example_dags/example_branch_operator_decorator.py
[2023-08-13T18:45:42.104+0000] {logging_mixin.py:150} INFO - [2023-08-13T18:45:42.104+0000] {dag.py:2742} INFO - Sync 1 DAGs
[2023-08-13T18:45:42.142+0000] {logging_mixin.py:150} INFO - [2023-08-13T18:45:42.141+0000] {dag.py:3508} INFO - Setting next_dagrun for example_branch_python_operator_decorator to 2023-08-12T00:00:00+00:00, run_after=2023-08-13T00:00:00+00:00
[2023-08-13T18:45:42.171+0000] {processor.py:179} INFO - Processing /home/airflow/.local/lib/python3.7/site-packages/airflow/example_dags/example_branch_operator_decorator.py took 0.114 seconds
[2023-08-13T18:46:12.316+0000] {processor.py:157} INFO - Started process (PID=687) to work on /home/airflow/.local/lib/python3.7/site-packages/airflow/example_dags/example_branch_operator_decorator.py
[2023-08-13T18:46:12.317+0000] {processor.py:826} INFO - Processing file /home/airflow/.local/lib/python3.7/site-packages/airflow/example_dags/example_branch_operator_decorator.py for tasks to queue
[2023-08-13T18:46:12.318+0000] {logging_mixin.py:150} INFO - [2023-08-13T18:46:12.318+0000] {dagbag.py:541} INFO - Filling up the DagBag from /home/airflow/.local/lib/python3.7/site-packages/airflow/example_dags/example_branch_operator_decorator.py
[2023-08-13T18:46:12.329+0000] {processor.py:836} INFO - DAG(s) dict_keys(['example_branch_python_operator_decorator']) retrieved from /home/airflow/.local/lib/python3.7/site-packages/airflow/example_dags/example_branch_operator_decorator.py
[2023-08-13T18:46:12.358+0000] {logging_mixin.py:150} INFO - [2023-08-13T18:46:12.358+0000] {dag.py:2742} INFO - Sync 1 DAGs
[2023-08-13T18:46:12.384+0000] {logging_mixin.py:150} INFO - [2023-08-13T18:46:12.383+0000] {dag.py:3508} INFO - Setting next_dagrun for example_branch_python_operator_decorator to 2023-08-12T00:00:00+00:00, run_after=2023-08-13T00:00:00+00:00
[2023-08-13T18:46:12.407+0000] {processor.py:179} INFO - Processing /home/airflow/.local/lib/python3.7/site-packages/airflow/example_dags/example_branch_operator_decorator.py took 0.094 seconds
[2023-08-13T18:46:42.661+0000] {processor.py:157} INFO - Started process (PID=752) to work on /home/airflow/.local/lib/python3.7/site-packages/airflow/example_dags/example_branch_operator_decorator.py
[2023-08-13T18:46:42.663+0000] {processor.py:826} INFO - Processing file /home/airflow/.local/lib/python3.7/site-packages/airflow/example_dags/example_branch_operator_decorator.py for tasks to queue
[2023-08-13T18:46:42.665+0000] {logging_mixin.py:150} INFO - [2023-08-13T18:46:42.664+0000] {dagbag.py:541} INFO - Filling up the DagBag from /home/airflow/.local/lib/python3.7/site-packages/airflow/example_dags/example_branch_operator_decorator.py
[2023-08-13T18:46:42.683+0000] {processor.py:836} INFO - DAG(s) dict_keys(['example_branch_python_operator_decorator']) retrieved from /home/airflow/.local/lib/python3.7/site-packages/airflow/example_dags/example_branch_operator_decorator.py
[2023-08-13T18:46:42.723+0000] {logging_mixin.py:150} INFO - [2023-08-13T18:46:42.723+0000] {dag.py:2742} INFO - Sync 1 DAGs
[2023-08-13T18:46:42.764+0000] {logging_mixin.py:150} INFO - [2023-08-13T18:46:42.764+0000] {dag.py:3508} INFO - Setting next_dagrun for example_branch_python_operator_decorator to 2023-08-12T00:00:00+00:00, run_after=2023-08-13T00:00:00+00:00
[2023-08-13T18:46:42.793+0000] {processor.py:179} INFO - Processing /home/airflow/.local/lib/python3.7/site-packages/airflow/example_dags/example_branch_operator_decorator.py took 0.136 seconds
[2023-08-13T18:47:12.919+0000] {processor.py:157} INFO - Started process (PID=817) to work on /home/airflow/.local/lib/python3.7/site-packages/airflow/example_dags/example_branch_operator_decorator.py
[2023-08-13T18:47:12.921+0000] {processor.py:826} INFO - Processing file /home/airflow/.local/lib/python3.7/site-packages/airflow/example_dags/example_branch_operator_decorator.py for tasks to queue
[2023-08-13T18:47:12.922+0000] {logging_mixin.py:150} INFO - [2023-08-13T18:47:12.921+0000] {dagbag.py:541} INFO - Filling up the DagBag from /home/airflow/.local/lib/python3.7/site-packages/airflow/example_dags/example_branch_operator_decorator.py
[2023-08-13T18:47:12.932+0000] {processor.py:836} INFO - DAG(s) dict_keys(['example_branch_python_operator_decorator']) retrieved from /home/airflow/.local/lib/python3.7/site-packages/airflow/example_dags/example_branch_operator_decorator.py
[2023-08-13T18:47:12.961+0000] {logging_mixin.py:150} INFO - [2023-08-13T18:47:12.960+0000] {dag.py:2742} INFO - Sync 1 DAGs
[2023-08-13T18:47:12.994+0000] {logging_mixin.py:150} INFO - [2023-08-13T18:47:12.993+0000] {dag.py:3508} INFO - Setting next_dagrun for example_branch_python_operator_decorator to 2023-08-12T00:00:00+00:00, run_after=2023-08-13T00:00:00+00:00
[2023-08-13T18:47:13.014+0000] {processor.py:179} INFO - Processing /home/airflow/.local/lib/python3.7/site-packages/airflow/example_dags/example_branch_operator_decorator.py took 0.099 seconds
[2023-08-13T18:47:43.365+0000] {processor.py:157} INFO - Started process (PID=882) to work on /home/airflow/.local/lib/python3.7/site-packages/airflow/example_dags/example_branch_operator_decorator.py
[2023-08-13T18:47:43.366+0000] {processor.py:826} INFO - Processing file /home/airflow/.local/lib/python3.7/site-packages/airflow/example_dags/example_branch_operator_decorator.py for tasks to queue
[2023-08-13T18:47:43.368+0000] {logging_mixin.py:150} INFO - [2023-08-13T18:47:43.367+0000] {dagbag.py:541} INFO - Filling up the DagBag from /home/airflow/.local/lib/python3.7/site-packages/airflow/example_dags/example_branch_operator_decorator.py
[2023-08-13T18:47:43.383+0000] {processor.py:836} INFO - DAG(s) dict_keys(['example_branch_python_operator_decorator']) retrieved from /home/airflow/.local/lib/python3.7/site-packages/airflow/example_dags/example_branch_operator_decorator.py
[2023-08-13T18:47:43.421+0000] {logging_mixin.py:150} INFO - [2023-08-13T18:47:43.421+0000] {dag.py:2742} INFO - Sync 1 DAGs
[2023-08-13T18:47:43.456+0000] {logging_mixin.py:150} INFO - [2023-08-13T18:47:43.456+0000] {dag.py:3508} INFO - Setting next_dagrun for example_branch_python_operator_decorator to 2023-08-12T00:00:00+00:00, run_after=2023-08-13T00:00:00+00:00
[2023-08-13T18:47:43.489+0000] {processor.py:179} INFO - Processing /home/airflow/.local/lib/python3.7/site-packages/airflow/example_dags/example_branch_operator_decorator.py took 0.128 seconds
[2023-08-13T18:48:13.759+0000] {processor.py:157} INFO - Started process (PID=947) to work on /home/airflow/.local/lib/python3.7/site-packages/airflow/example_dags/example_branch_operator_decorator.py
[2023-08-13T18:48:13.760+0000] {processor.py:826} INFO - Processing file /home/airflow/.local/lib/python3.7/site-packages/airflow/example_dags/example_branch_operator_decorator.py for tasks to queue
[2023-08-13T18:48:13.761+0000] {logging_mixin.py:150} INFO - [2023-08-13T18:48:13.761+0000] {dagbag.py:541} INFO - Filling up the DagBag from /home/airflow/.local/lib/python3.7/site-packages/airflow/example_dags/example_branch_operator_decorator.py
[2023-08-13T18:48:13.771+0000] {processor.py:836} INFO - DAG(s) dict_keys(['example_branch_python_operator_decorator']) retrieved from /home/airflow/.local/lib/python3.7/site-packages/airflow/example_dags/example_branch_operator_decorator.py
[2023-08-13T18:48:13.797+0000] {logging_mixin.py:150} INFO - [2023-08-13T18:48:13.797+0000] {dag.py:2742} INFO - Sync 1 DAGs
[2023-08-13T18:48:13.823+0000] {logging_mixin.py:150} INFO - [2023-08-13T18:48:13.823+0000] {dag.py:3508} INFO - Setting next_dagrun for example_branch_python_operator_decorator to 2023-08-12T00:00:00+00:00, run_after=2023-08-13T00:00:00+00:00
[2023-08-13T18:48:13.845+0000] {processor.py:179} INFO - Processing /home/airflow/.local/lib/python3.7/site-packages/airflow/example_dags/example_branch_operator_decorator.py took 0.088 seconds
[2023-08-13T18:48:44.504+0000] {processor.py:157} INFO - Started process (PID=1012) to work on /home/airflow/.local/lib/python3.7/site-packages/airflow/example_dags/example_branch_operator_decorator.py
[2023-08-13T18:48:44.505+0000] {processor.py:826} INFO - Processing file /home/airflow/.local/lib/python3.7/site-packages/airflow/example_dags/example_branch_operator_decorator.py for tasks to queue
[2023-08-13T18:48:44.506+0000] {logging_mixin.py:150} INFO - [2023-08-13T18:48:44.506+0000] {dagbag.py:541} INFO - Filling up the DagBag from /home/airflow/.local/lib/python3.7/site-packages/airflow/example_dags/example_branch_operator_decorator.py
[2023-08-13T18:48:44.515+0000] {processor.py:836} INFO - DAG(s) dict_keys(['example_branch_python_operator_decorator']) retrieved from /home/airflow/.local/lib/python3.7/site-packages/airflow/example_dags/example_branch_operator_decorator.py
[2023-08-13T18:48:44.541+0000] {logging_mixin.py:150} INFO - [2023-08-13T18:48:44.540+0000] {dag.py:2742} INFO - Sync 1 DAGs
[2023-08-13T18:48:44.575+0000] {logging_mixin.py:150} INFO - [2023-08-13T18:48:44.575+0000] {dag.py:3508} INFO - Setting next_dagrun for example_branch_python_operator_decorator to 2023-08-12T00:00:00+00:00, run_after=2023-08-13T00:00:00+00:00
[2023-08-13T18:48:44.599+0000] {processor.py:179} INFO - Processing /home/airflow/.local/lib/python3.7/site-packages/airflow/example_dags/example_branch_operator_decorator.py took 0.098 seconds
[2023-08-13T18:49:14.766+0000] {processor.py:157} INFO - Started process (PID=1077) to work on /home/airflow/.local/lib/python3.7/site-packages/airflow/example_dags/example_branch_operator_decorator.py
[2023-08-13T18:49:14.768+0000] {processor.py:826} INFO - Processing file /home/airflow/.local/lib/python3.7/site-packages/airflow/example_dags/example_branch_operator_decorator.py for tasks to queue
[2023-08-13T18:49:14.769+0000] {logging_mixin.py:150} INFO - [2023-08-13T18:49:14.769+0000] {dagbag.py:541} INFO - Filling up the DagBag from /home/airflow/.local/lib/python3.7/site-packages/airflow/example_dags/example_branch_operator_decorator.py
[2023-08-13T18:49:14.784+0000] {processor.py:836} INFO - DAG(s) dict_keys(['example_branch_python_operator_decorator']) retrieved from /home/airflow/.local/lib/python3.7/site-packages/airflow/example_dags/example_branch_operator_decorator.py
[2023-08-13T18:49:14.817+0000] {logging_mixin.py:150} INFO - [2023-08-13T18:49:14.817+0000] {dag.py:2742} INFO - Sync 1 DAGs
[2023-08-13T18:49:14.856+0000] {logging_mixin.py:150} INFO - [2023-08-13T18:49:14.856+0000] {dag.py:3508} INFO - Setting next_dagrun for example_branch_python_operator_decorator to 2023-08-12T00:00:00+00:00, run_after=2023-08-13T00:00:00+00:00
[2023-08-13T18:49:14.884+0000] {processor.py:179} INFO - Processing /home/airflow/.local/lib/python3.7/site-packages/airflow/example_dags/example_branch_operator_decorator.py took 0.122 seconds
[2023-08-13T18:49:45.417+0000] {processor.py:157} INFO - Started process (PID=1142) to work on /home/airflow/.local/lib/python3.7/site-packages/airflow/example_dags/example_branch_operator_decorator.py
[2023-08-13T18:49:45.418+0000] {processor.py:826} INFO - Processing file /home/airflow/.local/lib/python3.7/site-packages/airflow/example_dags/example_branch_operator_decorator.py for tasks to queue
[2023-08-13T18:49:45.420+0000] {logging_mixin.py:150} INFO - [2023-08-13T18:49:45.419+0000] {dagbag.py:541} INFO - Filling up the DagBag from /home/airflow/.local/lib/python3.7/site-packages/airflow/example_dags/example_branch_operator_decorator.py
[2023-08-13T18:49:45.437+0000] {processor.py:836} INFO - DAG(s) dict_keys(['example_branch_python_operator_decorator']) retrieved from /home/airflow/.local/lib/python3.7/site-packages/airflow/example_dags/example_branch_operator_decorator.py
[2023-08-13T18:49:45.484+0000] {logging_mixin.py:150} INFO - [2023-08-13T18:49:45.484+0000] {dag.py:2742} INFO - Sync 1 DAGs
[2023-08-13T18:49:45.529+0000] {logging_mixin.py:150} INFO - [2023-08-13T18:49:45.528+0000] {dag.py:3508} INFO - Setting next_dagrun for example_branch_python_operator_decorator to 2023-08-12T00:00:00+00:00, run_after=2023-08-13T00:00:00+00:00
[2023-08-13T18:49:45.585+0000] {processor.py:179} INFO - Processing /home/airflow/.local/lib/python3.7/site-packages/airflow/example_dags/example_branch_operator_decorator.py took 0.173 seconds
[2023-08-13T18:50:16.065+0000] {processor.py:157} INFO - Started process (PID=1207) to work on /home/airflow/.local/lib/python3.7/site-packages/airflow/example_dags/example_branch_operator_decorator.py
[2023-08-13T18:50:16.066+0000] {processor.py:826} INFO - Processing file /home/airflow/.local/lib/python3.7/site-packages/airflow/example_dags/example_branch_operator_decorator.py for tasks to queue
[2023-08-13T18:50:16.067+0000] {logging_mixin.py:150} INFO - [2023-08-13T18:50:16.067+0000] {dagbag.py:541} INFO - Filling up the DagBag from /home/airflow/.local/lib/python3.7/site-packages/airflow/example_dags/example_branch_operator_decorator.py
[2023-08-13T18:50:16.078+0000] {processor.py:836} INFO - DAG(s) dict_keys(['example_branch_python_operator_decorator']) retrieved from /home/airflow/.local/lib/python3.7/site-packages/airflow/example_dags/example_branch_operator_decorator.py
[2023-08-13T18:50:16.108+0000] {logging_mixin.py:150} INFO - [2023-08-13T18:50:16.107+0000] {dag.py:2742} INFO - Sync 1 DAGs
[2023-08-13T18:50:16.138+0000] {logging_mixin.py:150} INFO - [2023-08-13T18:50:16.138+0000] {dag.py:3508} INFO - Setting next_dagrun for example_branch_python_operator_decorator to 2023-08-12T00:00:00+00:00, run_after=2023-08-13T00:00:00+00:00
[2023-08-13T18:50:16.165+0000] {processor.py:179} INFO - Processing /home/airflow/.local/lib/python3.7/site-packages/airflow/example_dags/example_branch_operator_decorator.py took 0.103 seconds
