[2023-08-13T18:41:08.475+0000] {processor.py:157} INFO - Started process (PID=39) to work on /home/airflow/.local/lib/python3.7/site-packages/airflow/example_dags/example_dynamic_task_mapping_with_no_taskflow_operators.py
[2023-08-13T18:41:08.477+0000] {processor.py:826} INFO - Processing file /home/airflow/.local/lib/python3.7/site-packages/airflow/example_dags/example_dynamic_task_mapping_with_no_taskflow_operators.py for tasks to queue
[2023-08-13T18:41:08.478+0000] {logging_mixin.py:150} INFO - [2023-08-13T18:41:08.478+0000] {dagbag.py:541} INFO - Filling up the DagBag from /home/airflow/.local/lib/python3.7/site-packages/airflow/example_dags/example_dynamic_task_mapping_with_no_taskflow_operators.py
[2023-08-13T18:41:08.487+0000] {processor.py:836} INFO - DAG(s) dict_keys(['example_dynamic_task_mapping_with_no_taskflow_operators']) retrieved from /home/airflow/.local/lib/python3.7/site-packages/airflow/example_dags/example_dynamic_task_mapping_with_no_taskflow_operators.py
[2023-08-13T18:41:08.502+0000] {logging_mixin.py:150} INFO - [2023-08-13T18:41:08.502+0000] {dag.py:2742} INFO - Sync 1 DAGs
[2023-08-13T18:41:08.531+0000] {logging_mixin.py:150} INFO - [2023-08-13T18:41:08.531+0000] {dag.py:3508} INFO - Setting next_dagrun for example_dynamic_task_mapping_with_no_taskflow_operators to 2023-08-12T18:41:08.530744+00:00, run_after=2023-08-13T18:41:08.530744+00:00
[2023-08-13T18:41:08.560+0000] {processor.py:179} INFO - Processing /home/airflow/.local/lib/python3.7/site-packages/airflow/example_dags/example_dynamic_task_mapping_with_no_taskflow_operators.py took 0.088 seconds
[2023-08-13T18:41:39.506+0000] {processor.py:157} INFO - Started process (PID=103) to work on /home/airflow/.local/lib/python3.7/site-packages/airflow/example_dags/example_dynamic_task_mapping_with_no_taskflow_operators.py
[2023-08-13T18:41:39.509+0000] {processor.py:826} INFO - Processing file /home/airflow/.local/lib/python3.7/site-packages/airflow/example_dags/example_dynamic_task_mapping_with_no_taskflow_operators.py for tasks to queue
[2023-08-13T18:41:39.518+0000] {logging_mixin.py:150} INFO - [2023-08-13T18:41:39.517+0000] {dagbag.py:541} INFO - Filling up the DagBag from /home/airflow/.local/lib/python3.7/site-packages/airflow/example_dags/example_dynamic_task_mapping_with_no_taskflow_operators.py
[2023-08-13T18:41:39.546+0000] {processor.py:836} INFO - DAG(s) dict_keys(['example_dynamic_task_mapping_with_no_taskflow_operators']) retrieved from /home/airflow/.local/lib/python3.7/site-packages/airflow/example_dags/example_dynamic_task_mapping_with_no_taskflow_operators.py
[2023-08-13T18:41:39.631+0000] {logging_mixin.py:150} INFO - [2023-08-13T18:41:39.631+0000] {dag.py:2742} INFO - Sync 1 DAGs
[2023-08-13T18:41:39.707+0000] {logging_mixin.py:150} INFO - [2023-08-13T18:41:39.707+0000] {dag.py:3508} INFO - Setting next_dagrun for example_dynamic_task_mapping_with_no_taskflow_operators to 2023-08-12T18:41:39.706861+00:00, run_after=2023-08-13T18:41:39.706861+00:00
[2023-08-13T18:41:39.753+0000] {processor.py:179} INFO - Processing /home/airflow/.local/lib/python3.7/site-packages/airflow/example_dags/example_dynamic_task_mapping_with_no_taskflow_operators.py took 0.252 seconds
[2023-08-13T18:42:10.113+0000] {processor.py:157} INFO - Started process (PID=168) to work on /home/airflow/.local/lib/python3.7/site-packages/airflow/example_dags/example_dynamic_task_mapping_with_no_taskflow_operators.py
[2023-08-13T18:42:10.115+0000] {processor.py:826} INFO - Processing file /home/airflow/.local/lib/python3.7/site-packages/airflow/example_dags/example_dynamic_task_mapping_with_no_taskflow_operators.py for tasks to queue
[2023-08-13T18:42:10.116+0000] {logging_mixin.py:150} INFO - [2023-08-13T18:42:10.115+0000] {dagbag.py:541} INFO - Filling up the DagBag from /home/airflow/.local/lib/python3.7/site-packages/airflow/example_dags/example_dynamic_task_mapping_with_no_taskflow_operators.py
[2023-08-13T18:42:10.123+0000] {processor.py:836} INFO - DAG(s) dict_keys(['example_dynamic_task_mapping_with_no_taskflow_operators']) retrieved from /home/airflow/.local/lib/python3.7/site-packages/airflow/example_dags/example_dynamic_task_mapping_with_no_taskflow_operators.py
[2023-08-13T18:42:10.156+0000] {logging_mixin.py:150} INFO - [2023-08-13T18:42:10.156+0000] {dag.py:2742} INFO - Sync 1 DAGs
[2023-08-13T18:42:10.201+0000] {logging_mixin.py:150} INFO - [2023-08-13T18:42:10.200+0000] {dag.py:3508} INFO - Setting next_dagrun for example_dynamic_task_mapping_with_no_taskflow_operators to 2023-08-12T18:42:10.200418+00:00, run_after=2023-08-13T18:42:10.200418+00:00
[2023-08-13T18:42:10.240+0000] {processor.py:179} INFO - Processing /home/airflow/.local/lib/python3.7/site-packages/airflow/example_dags/example_dynamic_task_mapping_with_no_taskflow_operators.py took 0.132 seconds
[2023-08-13T18:42:40.422+0000] {processor.py:157} INFO - Started process (PID=233) to work on /home/airflow/.local/lib/python3.7/site-packages/airflow/example_dags/example_dynamic_task_mapping_with_no_taskflow_operators.py
[2023-08-13T18:42:40.423+0000] {processor.py:826} INFO - Processing file /home/airflow/.local/lib/python3.7/site-packages/airflow/example_dags/example_dynamic_task_mapping_with_no_taskflow_operators.py for tasks to queue
[2023-08-13T18:42:40.424+0000] {logging_mixin.py:150} INFO - [2023-08-13T18:42:40.424+0000] {dagbag.py:541} INFO - Filling up the DagBag from /home/airflow/.local/lib/python3.7/site-packages/airflow/example_dags/example_dynamic_task_mapping_with_no_taskflow_operators.py
[2023-08-13T18:42:40.431+0000] {processor.py:836} INFO - DAG(s) dict_keys(['example_dynamic_task_mapping_with_no_taskflow_operators']) retrieved from /home/airflow/.local/lib/python3.7/site-packages/airflow/example_dags/example_dynamic_task_mapping_with_no_taskflow_operators.py
[2023-08-13T18:42:40.457+0000] {logging_mixin.py:150} INFO - [2023-08-13T18:42:40.457+0000] {dag.py:2742} INFO - Sync 1 DAGs
[2023-08-13T18:42:40.486+0000] {logging_mixin.py:150} INFO - [2023-08-13T18:42:40.486+0000] {dag.py:3508} INFO - Setting next_dagrun for example_dynamic_task_mapping_with_no_taskflow_operators to 2023-08-12T18:42:40.485883+00:00, run_after=2023-08-13T18:42:40.485883+00:00
[2023-08-13T18:42:40.510+0000] {processor.py:179} INFO - Processing /home/airflow/.local/lib/python3.7/site-packages/airflow/example_dags/example_dynamic_task_mapping_with_no_taskflow_operators.py took 0.091 seconds
[2023-08-13T18:43:10.847+0000] {processor.py:157} INFO - Started process (PID=298) to work on /home/airflow/.local/lib/python3.7/site-packages/airflow/example_dags/example_dynamic_task_mapping_with_no_taskflow_operators.py
[2023-08-13T18:43:10.849+0000] {processor.py:826} INFO - Processing file /home/airflow/.local/lib/python3.7/site-packages/airflow/example_dags/example_dynamic_task_mapping_with_no_taskflow_operators.py for tasks to queue
[2023-08-13T18:43:10.850+0000] {logging_mixin.py:150} INFO - [2023-08-13T18:43:10.850+0000] {dagbag.py:541} INFO - Filling up the DagBag from /home/airflow/.local/lib/python3.7/site-packages/airflow/example_dags/example_dynamic_task_mapping_with_no_taskflow_operators.py
[2023-08-13T18:43:10.860+0000] {processor.py:836} INFO - DAG(s) dict_keys(['example_dynamic_task_mapping_with_no_taskflow_operators']) retrieved from /home/airflow/.local/lib/python3.7/site-packages/airflow/example_dags/example_dynamic_task_mapping_with_no_taskflow_operators.py
[2023-08-13T18:43:10.891+0000] {logging_mixin.py:150} INFO - [2023-08-13T18:43:10.891+0000] {dag.py:2742} INFO - Sync 1 DAGs
[2023-08-13T18:43:10.928+0000] {logging_mixin.py:150} INFO - [2023-08-13T18:43:10.928+0000] {dag.py:3508} INFO - Setting next_dagrun for example_dynamic_task_mapping_with_no_taskflow_operators to 2023-08-12T18:43:10.928251+00:00, run_after=2023-08-13T18:43:10.928251+00:00
[2023-08-13T18:43:10.965+0000] {processor.py:179} INFO - Processing /home/airflow/.local/lib/python3.7/site-packages/airflow/example_dags/example_dynamic_task_mapping_with_no_taskflow_operators.py took 0.122 seconds
[2023-08-13T18:43:41.525+0000] {processor.py:157} INFO - Started process (PID=363) to work on /home/airflow/.local/lib/python3.7/site-packages/airflow/example_dags/example_dynamic_task_mapping_with_no_taskflow_operators.py
[2023-08-13T18:43:41.526+0000] {processor.py:826} INFO - Processing file /home/airflow/.local/lib/python3.7/site-packages/airflow/example_dags/example_dynamic_task_mapping_with_no_taskflow_operators.py for tasks to queue
[2023-08-13T18:43:41.527+0000] {logging_mixin.py:150} INFO - [2023-08-13T18:43:41.527+0000] {dagbag.py:541} INFO - Filling up the DagBag from /home/airflow/.local/lib/python3.7/site-packages/airflow/example_dags/example_dynamic_task_mapping_with_no_taskflow_operators.py
[2023-08-13T18:43:41.534+0000] {processor.py:836} INFO - DAG(s) dict_keys(['example_dynamic_task_mapping_with_no_taskflow_operators']) retrieved from /home/airflow/.local/lib/python3.7/site-packages/airflow/example_dags/example_dynamic_task_mapping_with_no_taskflow_operators.py
[2023-08-13T18:43:41.566+0000] {logging_mixin.py:150} INFO - [2023-08-13T18:43:41.566+0000] {dag.py:2742} INFO - Sync 1 DAGs
[2023-08-13T18:43:41.601+0000] {logging_mixin.py:150} INFO - [2023-08-13T18:43:41.601+0000] {dag.py:3508} INFO - Setting next_dagrun for example_dynamic_task_mapping_with_no_taskflow_operators to 2023-08-12T18:43:41.600763+00:00, run_after=2023-08-13T18:43:41.600763+00:00
[2023-08-13T18:43:41.634+0000] {processor.py:179} INFO - Processing /home/airflow/.local/lib/python3.7/site-packages/airflow/example_dags/example_dynamic_task_mapping_with_no_taskflow_operators.py took 0.114 seconds
[2023-08-13T18:44:11.771+0000] {processor.py:157} INFO - Started process (PID=428) to work on /home/airflow/.local/lib/python3.7/site-packages/airflow/example_dags/example_dynamic_task_mapping_with_no_taskflow_operators.py
[2023-08-13T18:44:11.772+0000] {processor.py:826} INFO - Processing file /home/airflow/.local/lib/python3.7/site-packages/airflow/example_dags/example_dynamic_task_mapping_with_no_taskflow_operators.py for tasks to queue
[2023-08-13T18:44:11.773+0000] {logging_mixin.py:150} INFO - [2023-08-13T18:44:11.773+0000] {dagbag.py:541} INFO - Filling up the DagBag from /home/airflow/.local/lib/python3.7/site-packages/airflow/example_dags/example_dynamic_task_mapping_with_no_taskflow_operators.py
[2023-08-13T18:44:11.780+0000] {processor.py:836} INFO - DAG(s) dict_keys(['example_dynamic_task_mapping_with_no_taskflow_operators']) retrieved from /home/airflow/.local/lib/python3.7/site-packages/airflow/example_dags/example_dynamic_task_mapping_with_no_taskflow_operators.py
[2023-08-13T18:44:11.807+0000] {logging_mixin.py:150} INFO - [2023-08-13T18:44:11.806+0000] {dag.py:2742} INFO - Sync 1 DAGs
[2023-08-13T18:44:11.845+0000] {logging_mixin.py:150} INFO - [2023-08-13T18:44:11.845+0000] {dag.py:3508} INFO - Setting next_dagrun for example_dynamic_task_mapping_with_no_taskflow_operators to 2023-08-12T18:44:11.844754+00:00, run_after=2023-08-13T18:44:11.844754+00:00
[2023-08-13T18:44:11.872+0000] {processor.py:179} INFO - Processing /home/airflow/.local/lib/python3.7/site-packages/airflow/example_dags/example_dynamic_task_mapping_with_no_taskflow_operators.py took 0.104 seconds
[2023-08-13T18:44:42.034+0000] {processor.py:157} INFO - Started process (PID=493) to work on /home/airflow/.local/lib/python3.7/site-packages/airflow/example_dags/example_dynamic_task_mapping_with_no_taskflow_operators.py
[2023-08-13T18:44:42.035+0000] {processor.py:826} INFO - Processing file /home/airflow/.local/lib/python3.7/site-packages/airflow/example_dags/example_dynamic_task_mapping_with_no_taskflow_operators.py for tasks to queue
[2023-08-13T18:44:42.036+0000] {logging_mixin.py:150} INFO - [2023-08-13T18:44:42.036+0000] {dagbag.py:541} INFO - Filling up the DagBag from /home/airflow/.local/lib/python3.7/site-packages/airflow/example_dags/example_dynamic_task_mapping_with_no_taskflow_operators.py
[2023-08-13T18:44:42.044+0000] {processor.py:836} INFO - DAG(s) dict_keys(['example_dynamic_task_mapping_with_no_taskflow_operators']) retrieved from /home/airflow/.local/lib/python3.7/site-packages/airflow/example_dags/example_dynamic_task_mapping_with_no_taskflow_operators.py
[2023-08-13T18:44:42.070+0000] {logging_mixin.py:150} INFO - [2023-08-13T18:44:42.070+0000] {dag.py:2742} INFO - Sync 1 DAGs
[2023-08-13T18:44:42.101+0000] {logging_mixin.py:150} INFO - [2023-08-13T18:44:42.101+0000] {dag.py:3508} INFO - Setting next_dagrun for example_dynamic_task_mapping_with_no_taskflow_operators to 2023-08-12T18:44:42.101013+00:00, run_after=2023-08-13T18:44:42.101013+00:00
[2023-08-13T18:44:42.129+0000] {processor.py:179} INFO - Processing /home/airflow/.local/lib/python3.7/site-packages/airflow/example_dags/example_dynamic_task_mapping_with_no_taskflow_operators.py took 0.098 seconds
[2023-08-13T18:45:12.734+0000] {processor.py:157} INFO - Started process (PID=558) to work on /home/airflow/.local/lib/python3.7/site-packages/airflow/example_dags/example_dynamic_task_mapping_with_no_taskflow_operators.py
[2023-08-13T18:45:12.736+0000] {processor.py:826} INFO - Processing file /home/airflow/.local/lib/python3.7/site-packages/airflow/example_dags/example_dynamic_task_mapping_with_no_taskflow_operators.py for tasks to queue
[2023-08-13T18:45:12.737+0000] {logging_mixin.py:150} INFO - [2023-08-13T18:45:12.736+0000] {dagbag.py:541} INFO - Filling up the DagBag from /home/airflow/.local/lib/python3.7/site-packages/airflow/example_dags/example_dynamic_task_mapping_with_no_taskflow_operators.py
[2023-08-13T18:45:12.748+0000] {processor.py:836} INFO - DAG(s) dict_keys(['example_dynamic_task_mapping_with_no_taskflow_operators']) retrieved from /home/airflow/.local/lib/python3.7/site-packages/airflow/example_dags/example_dynamic_task_mapping_with_no_taskflow_operators.py
[2023-08-13T18:45:12.781+0000] {logging_mixin.py:150} INFO - [2023-08-13T18:45:12.780+0000] {dag.py:2742} INFO - Sync 1 DAGs
[2023-08-13T18:45:12.829+0000] {logging_mixin.py:150} INFO - [2023-08-13T18:45:12.828+0000] {dag.py:3508} INFO - Setting next_dagrun for example_dynamic_task_mapping_with_no_taskflow_operators to 2023-08-12T18:45:12.828136+00:00, run_after=2023-08-13T18:45:12.828136+00:00
[2023-08-13T18:45:12.875+0000] {processor.py:179} INFO - Processing /home/airflow/.local/lib/python3.7/site-packages/airflow/example_dags/example_dynamic_task_mapping_with_no_taskflow_operators.py took 0.144 seconds
[2023-08-13T18:45:43.165+0000] {processor.py:157} INFO - Started process (PID=623) to work on /home/airflow/.local/lib/python3.7/site-packages/airflow/example_dags/example_dynamic_task_mapping_with_no_taskflow_operators.py
[2023-08-13T18:45:43.167+0000] {processor.py:826} INFO - Processing file /home/airflow/.local/lib/python3.7/site-packages/airflow/example_dags/example_dynamic_task_mapping_with_no_taskflow_operators.py for tasks to queue
[2023-08-13T18:45:43.168+0000] {logging_mixin.py:150} INFO - [2023-08-13T18:45:43.167+0000] {dagbag.py:541} INFO - Filling up the DagBag from /home/airflow/.local/lib/python3.7/site-packages/airflow/example_dags/example_dynamic_task_mapping_with_no_taskflow_operators.py
[2023-08-13T18:45:43.176+0000] {processor.py:836} INFO - DAG(s) dict_keys(['example_dynamic_task_mapping_with_no_taskflow_operators']) retrieved from /home/airflow/.local/lib/python3.7/site-packages/airflow/example_dags/example_dynamic_task_mapping_with_no_taskflow_operators.py
[2023-08-13T18:45:43.213+0000] {logging_mixin.py:150} INFO - [2023-08-13T18:45:43.213+0000] {dag.py:2742} INFO - Sync 1 DAGs
[2023-08-13T18:45:43.246+0000] {logging_mixin.py:150} INFO - [2023-08-13T18:45:43.246+0000] {dag.py:3508} INFO - Setting next_dagrun for example_dynamic_task_mapping_with_no_taskflow_operators to 2023-08-12T18:45:43.246352+00:00, run_after=2023-08-13T18:45:43.246352+00:00
[2023-08-13T18:45:43.272+0000] {processor.py:179} INFO - Processing /home/airflow/.local/lib/python3.7/site-packages/airflow/example_dags/example_dynamic_task_mapping_with_no_taskflow_operators.py took 0.112 seconds
[2023-08-13T18:46:13.380+0000] {processor.py:157} INFO - Started process (PID=688) to work on /home/airflow/.local/lib/python3.7/site-packages/airflow/example_dags/example_dynamic_task_mapping_with_no_taskflow_operators.py
[2023-08-13T18:46:13.382+0000] {processor.py:826} INFO - Processing file /home/airflow/.local/lib/python3.7/site-packages/airflow/example_dags/example_dynamic_task_mapping_with_no_taskflow_operators.py for tasks to queue
[2023-08-13T18:46:13.383+0000] {logging_mixin.py:150} INFO - [2023-08-13T18:46:13.383+0000] {dagbag.py:541} INFO - Filling up the DagBag from /home/airflow/.local/lib/python3.7/site-packages/airflow/example_dags/example_dynamic_task_mapping_with_no_taskflow_operators.py
[2023-08-13T18:46:13.392+0000] {processor.py:836} INFO - DAG(s) dict_keys(['example_dynamic_task_mapping_with_no_taskflow_operators']) retrieved from /home/airflow/.local/lib/python3.7/site-packages/airflow/example_dags/example_dynamic_task_mapping_with_no_taskflow_operators.py
[2023-08-13T18:46:13.418+0000] {logging_mixin.py:150} INFO - [2023-08-13T18:46:13.418+0000] {dag.py:2742} INFO - Sync 1 DAGs
[2023-08-13T18:46:13.449+0000] {logging_mixin.py:150} INFO - [2023-08-13T18:46:13.449+0000] {dag.py:3508} INFO - Setting next_dagrun for example_dynamic_task_mapping_with_no_taskflow_operators to 2023-08-12T18:46:13.449195+00:00, run_after=2023-08-13T18:46:13.449195+00:00
[2023-08-13T18:46:13.475+0000] {processor.py:179} INFO - Processing /home/airflow/.local/lib/python3.7/site-packages/airflow/example_dags/example_dynamic_task_mapping_with_no_taskflow_operators.py took 0.099 seconds
[2023-08-13T18:46:43.747+0000] {processor.py:157} INFO - Started process (PID=753) to work on /home/airflow/.local/lib/python3.7/site-packages/airflow/example_dags/example_dynamic_task_mapping_with_no_taskflow_operators.py
[2023-08-13T18:46:43.749+0000] {processor.py:826} INFO - Processing file /home/airflow/.local/lib/python3.7/site-packages/airflow/example_dags/example_dynamic_task_mapping_with_no_taskflow_operators.py for tasks to queue
[2023-08-13T18:46:43.751+0000] {logging_mixin.py:150} INFO - [2023-08-13T18:46:43.750+0000] {dagbag.py:541} INFO - Filling up the DagBag from /home/airflow/.local/lib/python3.7/site-packages/airflow/example_dags/example_dynamic_task_mapping_with_no_taskflow_operators.py
[2023-08-13T18:46:43.762+0000] {processor.py:836} INFO - DAG(s) dict_keys(['example_dynamic_task_mapping_with_no_taskflow_operators']) retrieved from /home/airflow/.local/lib/python3.7/site-packages/airflow/example_dags/example_dynamic_task_mapping_with_no_taskflow_operators.py
[2023-08-13T18:46:43.810+0000] {logging_mixin.py:150} INFO - [2023-08-13T18:46:43.809+0000] {dag.py:2742} INFO - Sync 1 DAGs
[2023-08-13T18:46:43.876+0000] {logging_mixin.py:150} INFO - [2023-08-13T18:46:43.875+0000] {dag.py:3508} INFO - Setting next_dagrun for example_dynamic_task_mapping_with_no_taskflow_operators to 2023-08-12T18:46:43.875090+00:00, run_after=2023-08-13T18:46:43.875090+00:00
[2023-08-13T18:46:43.930+0000] {processor.py:179} INFO - Processing /home/airflow/.local/lib/python3.7/site-packages/airflow/example_dags/example_dynamic_task_mapping_with_no_taskflow_operators.py took 0.187 seconds
[2023-08-13T18:47:14.008+0000] {processor.py:157} INFO - Started process (PID=818) to work on /home/airflow/.local/lib/python3.7/site-packages/airflow/example_dags/example_dynamic_task_mapping_with_no_taskflow_operators.py
[2023-08-13T18:47:14.009+0000] {processor.py:826} INFO - Processing file /home/airflow/.local/lib/python3.7/site-packages/airflow/example_dags/example_dynamic_task_mapping_with_no_taskflow_operators.py for tasks to queue
[2023-08-13T18:47:14.010+0000] {logging_mixin.py:150} INFO - [2023-08-13T18:47:14.010+0000] {dagbag.py:541} INFO - Filling up the DagBag from /home/airflow/.local/lib/python3.7/site-packages/airflow/example_dags/example_dynamic_task_mapping_with_no_taskflow_operators.py
[2023-08-13T18:47:14.016+0000] {processor.py:836} INFO - DAG(s) dict_keys(['example_dynamic_task_mapping_with_no_taskflow_operators']) retrieved from /home/airflow/.local/lib/python3.7/site-packages/airflow/example_dags/example_dynamic_task_mapping_with_no_taskflow_operators.py
[2023-08-13T18:47:14.042+0000] {logging_mixin.py:150} INFO - [2023-08-13T18:47:14.042+0000] {dag.py:2742} INFO - Sync 1 DAGs
[2023-08-13T18:47:14.074+0000] {logging_mixin.py:150} INFO - [2023-08-13T18:47:14.074+0000] {dag.py:3508} INFO - Setting next_dagrun for example_dynamic_task_mapping_with_no_taskflow_operators to 2023-08-12T18:47:14.074271+00:00, run_after=2023-08-13T18:47:14.074271+00:00
[2023-08-13T18:47:14.098+0000] {processor.py:179} INFO - Processing /home/airflow/.local/lib/python3.7/site-packages/airflow/example_dags/example_dynamic_task_mapping_with_no_taskflow_operators.py took 0.093 seconds
[2023-08-13T18:47:44.441+0000] {processor.py:157} INFO - Started process (PID=883) to work on /home/airflow/.local/lib/python3.7/site-packages/airflow/example_dags/example_dynamic_task_mapping_with_no_taskflow_operators.py
[2023-08-13T18:47:44.443+0000] {processor.py:826} INFO - Processing file /home/airflow/.local/lib/python3.7/site-packages/airflow/example_dags/example_dynamic_task_mapping_with_no_taskflow_operators.py for tasks to queue
[2023-08-13T18:47:44.444+0000] {logging_mixin.py:150} INFO - [2023-08-13T18:47:44.444+0000] {dagbag.py:541} INFO - Filling up the DagBag from /home/airflow/.local/lib/python3.7/site-packages/airflow/example_dags/example_dynamic_task_mapping_with_no_taskflow_operators.py
[2023-08-13T18:47:44.453+0000] {processor.py:836} INFO - DAG(s) dict_keys(['example_dynamic_task_mapping_with_no_taskflow_operators']) retrieved from /home/airflow/.local/lib/python3.7/site-packages/airflow/example_dags/example_dynamic_task_mapping_with_no_taskflow_operators.py
[2023-08-13T18:47:44.489+0000] {logging_mixin.py:150} INFO - [2023-08-13T18:47:44.488+0000] {dag.py:2742} INFO - Sync 1 DAGs
[2023-08-13T18:47:44.547+0000] {logging_mixin.py:150} INFO - [2023-08-13T18:47:44.546+0000] {dag.py:3508} INFO - Setting next_dagrun for example_dynamic_task_mapping_with_no_taskflow_operators to 2023-08-12T18:47:44.546384+00:00, run_after=2023-08-13T18:47:44.546384+00:00
[2023-08-13T18:47:44.582+0000] {processor.py:179} INFO - Processing /home/airflow/.local/lib/python3.7/site-packages/airflow/example_dags/example_dynamic_task_mapping_with_no_taskflow_operators.py took 0.144 seconds
[2023-08-13T18:48:14.768+0000] {processor.py:157} INFO - Started process (PID=948) to work on /home/airflow/.local/lib/python3.7/site-packages/airflow/example_dags/example_dynamic_task_mapping_with_no_taskflow_operators.py
[2023-08-13T18:48:14.769+0000] {processor.py:826} INFO - Processing file /home/airflow/.local/lib/python3.7/site-packages/airflow/example_dags/example_dynamic_task_mapping_with_no_taskflow_operators.py for tasks to queue
[2023-08-13T18:48:14.770+0000] {logging_mixin.py:150} INFO - [2023-08-13T18:48:14.770+0000] {dagbag.py:541} INFO - Filling up the DagBag from /home/airflow/.local/lib/python3.7/site-packages/airflow/example_dags/example_dynamic_task_mapping_with_no_taskflow_operators.py
[2023-08-13T18:48:14.777+0000] {processor.py:836} INFO - DAG(s) dict_keys(['example_dynamic_task_mapping_with_no_taskflow_operators']) retrieved from /home/airflow/.local/lib/python3.7/site-packages/airflow/example_dags/example_dynamic_task_mapping_with_no_taskflow_operators.py
[2023-08-13T18:48:14.803+0000] {logging_mixin.py:150} INFO - [2023-08-13T18:48:14.802+0000] {dag.py:2742} INFO - Sync 1 DAGs
[2023-08-13T18:48:14.830+0000] {logging_mixin.py:150} INFO - [2023-08-13T18:48:14.829+0000] {dag.py:3508} INFO - Setting next_dagrun for example_dynamic_task_mapping_with_no_taskflow_operators to 2023-08-12T18:48:14.829623+00:00, run_after=2023-08-13T18:48:14.829623+00:00
[2023-08-13T18:48:14.854+0000] {processor.py:179} INFO - Processing /home/airflow/.local/lib/python3.7/site-packages/airflow/example_dags/example_dynamic_task_mapping_with_no_taskflow_operators.py took 0.089 seconds
[2023-08-13T18:48:45.511+0000] {processor.py:157} INFO - Started process (PID=1013) to work on /home/airflow/.local/lib/python3.7/site-packages/airflow/example_dags/example_dynamic_task_mapping_with_no_taskflow_operators.py
[2023-08-13T18:48:45.512+0000] {processor.py:826} INFO - Processing file /home/airflow/.local/lib/python3.7/site-packages/airflow/example_dags/example_dynamic_task_mapping_with_no_taskflow_operators.py for tasks to queue
[2023-08-13T18:48:45.513+0000] {logging_mixin.py:150} INFO - [2023-08-13T18:48:45.513+0000] {dagbag.py:541} INFO - Filling up the DagBag from /home/airflow/.local/lib/python3.7/site-packages/airflow/example_dags/example_dynamic_task_mapping_with_no_taskflow_operators.py
[2023-08-13T18:48:45.520+0000] {processor.py:836} INFO - DAG(s) dict_keys(['example_dynamic_task_mapping_with_no_taskflow_operators']) retrieved from /home/airflow/.local/lib/python3.7/site-packages/airflow/example_dags/example_dynamic_task_mapping_with_no_taskflow_operators.py
[2023-08-13T18:48:45.545+0000] {logging_mixin.py:150} INFO - [2023-08-13T18:48:45.544+0000] {dag.py:2742} INFO - Sync 1 DAGs
[2023-08-13T18:48:45.571+0000] {logging_mixin.py:150} INFO - [2023-08-13T18:48:45.570+0000] {dag.py:3508} INFO - Setting next_dagrun for example_dynamic_task_mapping_with_no_taskflow_operators to 2023-08-12T18:48:45.570465+00:00, run_after=2023-08-13T18:48:45.570465+00:00
[2023-08-13T18:48:45.596+0000] {processor.py:179} INFO - Processing /home/airflow/.local/lib/python3.7/site-packages/airflow/example_dags/example_dynamic_task_mapping_with_no_taskflow_operators.py took 0.088 seconds
[2023-08-13T18:49:15.877+0000] {processor.py:157} INFO - Started process (PID=1078) to work on /home/airflow/.local/lib/python3.7/site-packages/airflow/example_dags/example_dynamic_task_mapping_with_no_taskflow_operators.py
[2023-08-13T18:49:15.878+0000] {processor.py:826} INFO - Processing file /home/airflow/.local/lib/python3.7/site-packages/airflow/example_dags/example_dynamic_task_mapping_with_no_taskflow_operators.py for tasks to queue
[2023-08-13T18:49:15.880+0000] {logging_mixin.py:150} INFO - [2023-08-13T18:49:15.879+0000] {dagbag.py:541} INFO - Filling up the DagBag from /home/airflow/.local/lib/python3.7/site-packages/airflow/example_dags/example_dynamic_task_mapping_with_no_taskflow_operators.py
[2023-08-13T18:49:15.890+0000] {processor.py:836} INFO - DAG(s) dict_keys(['example_dynamic_task_mapping_with_no_taskflow_operators']) retrieved from /home/airflow/.local/lib/python3.7/site-packages/airflow/example_dags/example_dynamic_task_mapping_with_no_taskflow_operators.py
[2023-08-13T18:49:15.924+0000] {logging_mixin.py:150} INFO - [2023-08-13T18:49:15.923+0000] {dag.py:2742} INFO - Sync 1 DAGs
[2023-08-13T18:49:15.960+0000] {logging_mixin.py:150} INFO - [2023-08-13T18:49:15.960+0000] {dag.py:3508} INFO - Setting next_dagrun for example_dynamic_task_mapping_with_no_taskflow_operators to 2023-08-12T18:49:15.959649+00:00, run_after=2023-08-13T18:49:15.959649+00:00
[2023-08-13T18:49:15.993+0000] {processor.py:179} INFO - Processing /home/airflow/.local/lib/python3.7/site-packages/airflow/example_dags/example_dynamic_task_mapping_with_no_taskflow_operators.py took 0.120 seconds
[2023-08-13T18:49:46.467+0000] {processor.py:157} INFO - Started process (PID=1143) to work on /home/airflow/.local/lib/python3.7/site-packages/airflow/example_dags/example_dynamic_task_mapping_with_no_taskflow_operators.py
[2023-08-13T18:49:46.469+0000] {processor.py:826} INFO - Processing file /home/airflow/.local/lib/python3.7/site-packages/airflow/example_dags/example_dynamic_task_mapping_with_no_taskflow_operators.py for tasks to queue
[2023-08-13T18:49:46.471+0000] {logging_mixin.py:150} INFO - [2023-08-13T18:49:46.470+0000] {dagbag.py:541} INFO - Filling up the DagBag from /home/airflow/.local/lib/python3.7/site-packages/airflow/example_dags/example_dynamic_task_mapping_with_no_taskflow_operators.py
[2023-08-13T18:49:46.481+0000] {processor.py:836} INFO - DAG(s) dict_keys(['example_dynamic_task_mapping_with_no_taskflow_operators']) retrieved from /home/airflow/.local/lib/python3.7/site-packages/airflow/example_dags/example_dynamic_task_mapping_with_no_taskflow_operators.py
[2023-08-13T18:49:46.517+0000] {logging_mixin.py:150} INFO - [2023-08-13T18:49:46.517+0000] {dag.py:2742} INFO - Sync 1 DAGs
[2023-08-13T18:49:46.560+0000] {logging_mixin.py:150} INFO - [2023-08-13T18:49:46.560+0000] {dag.py:3508} INFO - Setting next_dagrun for example_dynamic_task_mapping_with_no_taskflow_operators to 2023-08-12T18:49:46.559707+00:00, run_after=2023-08-13T18:49:46.559707+00:00
[2023-08-13T18:49:46.592+0000] {processor.py:179} INFO - Processing /home/airflow/.local/lib/python3.7/site-packages/airflow/example_dags/example_dynamic_task_mapping_with_no_taskflow_operators.py took 0.129 seconds
[2023-08-13T18:50:17.114+0000] {processor.py:157} INFO - Started process (PID=1208) to work on /home/airflow/.local/lib/python3.7/site-packages/airflow/example_dags/example_dynamic_task_mapping_with_no_taskflow_operators.py
[2023-08-13T18:50:17.115+0000] {processor.py:826} INFO - Processing file /home/airflow/.local/lib/python3.7/site-packages/airflow/example_dags/example_dynamic_task_mapping_with_no_taskflow_operators.py for tasks to queue
[2023-08-13T18:50:17.116+0000] {logging_mixin.py:150} INFO - [2023-08-13T18:50:17.116+0000] {dagbag.py:541} INFO - Filling up the DagBag from /home/airflow/.local/lib/python3.7/site-packages/airflow/example_dags/example_dynamic_task_mapping_with_no_taskflow_operators.py
[2023-08-13T18:50:17.124+0000] {processor.py:836} INFO - DAG(s) dict_keys(['example_dynamic_task_mapping_with_no_taskflow_operators']) retrieved from /home/airflow/.local/lib/python3.7/site-packages/airflow/example_dags/example_dynamic_task_mapping_with_no_taskflow_operators.py
[2023-08-13T18:50:17.148+0000] {logging_mixin.py:150} INFO - [2023-08-13T18:50:17.148+0000] {dag.py:2742} INFO - Sync 1 DAGs
[2023-08-13T18:50:17.177+0000] {logging_mixin.py:150} INFO - [2023-08-13T18:50:17.177+0000] {dag.py:3508} INFO - Setting next_dagrun for example_dynamic_task_mapping_with_no_taskflow_operators to 2023-08-12T18:50:17.177045+00:00, run_after=2023-08-13T18:50:17.177045+00:00
[2023-08-13T18:50:17.205+0000] {processor.py:179} INFO - Processing /home/airflow/.local/lib/python3.7/site-packages/airflow/example_dags/example_dynamic_task_mapping_with_no_taskflow_operators.py took 0.093 seconds
