[2023-08-13T18:41:11.290+0000] {processor.py:157} INFO - Started process (PID=58) to work on /home/airflow/.local/lib/python3.7/site-packages/airflow/example_dags/example_branch_operator.py
[2023-08-13T18:41:11.292+0000] {processor.py:826} INFO - Processing file /home/airflow/.local/lib/python3.7/site-packages/airflow/example_dags/example_branch_operator.py for tasks to queue
[2023-08-13T18:41:11.293+0000] {logging_mixin.py:150} INFO - [2023-08-13T18:41:11.293+0000] {dagbag.py:541} INFO - Filling up the DagBag from /home/airflow/.local/lib/python3.7/site-packages/airflow/example_dags/example_branch_operator.py
[2023-08-13T18:41:11.312+0000] {processor.py:836} INFO - DAG(s) dict_keys(['example_branch_operator']) retrieved from /home/airflow/.local/lib/python3.7/site-packages/airflow/example_dags/example_branch_operator.py
[2023-08-13T18:41:11.331+0000] {logging_mixin.py:150} INFO - [2023-08-13T18:41:11.331+0000] {dag.py:2742} INFO - Sync 1 DAGs
[2023-08-13T18:41:11.385+0000] {logging_mixin.py:150} INFO - [2023-08-13T18:41:11.384+0000] {dag.py:3508} INFO - Setting next_dagrun for example_branch_operator to 2023-08-12T00:00:00+00:00, run_after=2023-08-13T00:00:00+00:00
[2023-08-13T18:41:11.421+0000] {processor.py:179} INFO - Processing /home/airflow/.local/lib/python3.7/site-packages/airflow/example_dags/example_branch_operator.py took 0.135 seconds
[2023-08-13T18:41:42.135+0000] {processor.py:157} INFO - Started process (PID=123) to work on /home/airflow/.local/lib/python3.7/site-packages/airflow/example_dags/example_branch_operator.py
[2023-08-13T18:41:42.136+0000] {processor.py:826} INFO - Processing file /home/airflow/.local/lib/python3.7/site-packages/airflow/example_dags/example_branch_operator.py for tasks to queue
[2023-08-13T18:41:42.137+0000] {logging_mixin.py:150} INFO - [2023-08-13T18:41:42.137+0000] {dagbag.py:541} INFO - Filling up the DagBag from /home/airflow/.local/lib/python3.7/site-packages/airflow/example_dags/example_branch_operator.py
[2023-08-13T18:41:42.148+0000] {processor.py:836} INFO - DAG(s) dict_keys(['example_branch_operator']) retrieved from /home/airflow/.local/lib/python3.7/site-packages/airflow/example_dags/example_branch_operator.py
[2023-08-13T18:41:42.187+0000] {logging_mixin.py:150} INFO - [2023-08-13T18:41:42.187+0000] {dag.py:2742} INFO - Sync 1 DAGs
[2023-08-13T18:41:42.237+0000] {logging_mixin.py:150} INFO - [2023-08-13T18:41:42.236+0000] {dag.py:3508} INFO - Setting next_dagrun for example_branch_operator to 2023-08-12T00:00:00+00:00, run_after=2023-08-13T00:00:00+00:00
[2023-08-13T18:41:42.302+0000] {processor.py:179} INFO - Processing /home/airflow/.local/lib/python3.7/site-packages/airflow/example_dags/example_branch_operator.py took 0.170 seconds
[2023-08-13T18:42:12.707+0000] {processor.py:157} INFO - Started process (PID=188) to work on /home/airflow/.local/lib/python3.7/site-packages/airflow/example_dags/example_branch_operator.py
[2023-08-13T18:42:12.708+0000] {processor.py:826} INFO - Processing file /home/airflow/.local/lib/python3.7/site-packages/airflow/example_dags/example_branch_operator.py for tasks to queue
[2023-08-13T18:42:12.709+0000] {logging_mixin.py:150} INFO - [2023-08-13T18:42:12.709+0000] {dagbag.py:541} INFO - Filling up the DagBag from /home/airflow/.local/lib/python3.7/site-packages/airflow/example_dags/example_branch_operator.py
[2023-08-13T18:42:12.720+0000] {processor.py:836} INFO - DAG(s) dict_keys(['example_branch_operator']) retrieved from /home/airflow/.local/lib/python3.7/site-packages/airflow/example_dags/example_branch_operator.py
[2023-08-13T18:42:12.752+0000] {logging_mixin.py:150} INFO - [2023-08-13T18:42:12.752+0000] {dag.py:2742} INFO - Sync 1 DAGs
[2023-08-13T18:42:12.783+0000] {logging_mixin.py:150} INFO - [2023-08-13T18:42:12.782+0000] {dag.py:3508} INFO - Setting next_dagrun for example_branch_operator to 2023-08-12T00:00:00+00:00, run_after=2023-08-13T00:00:00+00:00
[2023-08-13T18:42:12.813+0000] {processor.py:179} INFO - Processing /home/airflow/.local/lib/python3.7/site-packages/airflow/example_dags/example_branch_operator.py took 0.108 seconds
[2023-08-13T18:42:43.037+0000] {processor.py:157} INFO - Started process (PID=253) to work on /home/airflow/.local/lib/python3.7/site-packages/airflow/example_dags/example_branch_operator.py
[2023-08-13T18:42:43.038+0000] {processor.py:826} INFO - Processing file /home/airflow/.local/lib/python3.7/site-packages/airflow/example_dags/example_branch_operator.py for tasks to queue
[2023-08-13T18:42:43.039+0000] {logging_mixin.py:150} INFO - [2023-08-13T18:42:43.039+0000] {dagbag.py:541} INFO - Filling up the DagBag from /home/airflow/.local/lib/python3.7/site-packages/airflow/example_dags/example_branch_operator.py
[2023-08-13T18:42:43.047+0000] {processor.py:836} INFO - DAG(s) dict_keys(['example_branch_operator']) retrieved from /home/airflow/.local/lib/python3.7/site-packages/airflow/example_dags/example_branch_operator.py
[2023-08-13T18:42:43.069+0000] {logging_mixin.py:150} INFO - [2023-08-13T18:42:43.069+0000] {dag.py:2742} INFO - Sync 1 DAGs
[2023-08-13T18:42:43.091+0000] {logging_mixin.py:150} INFO - [2023-08-13T18:42:43.091+0000] {dag.py:3508} INFO - Setting next_dagrun for example_branch_operator to 2023-08-12T00:00:00+00:00, run_after=2023-08-13T00:00:00+00:00
[2023-08-13T18:42:43.110+0000] {processor.py:179} INFO - Processing /home/airflow/.local/lib/python3.7/site-packages/airflow/example_dags/example_branch_operator.py took 0.075 seconds
[2023-08-13T18:43:15.563+0000] {processor.py:157} INFO - Started process (PID=318) to work on /home/airflow/.local/lib/python3.7/site-packages/airflow/example_dags/example_branch_operator.py
[2023-08-13T18:43:15.566+0000] {processor.py:826} INFO - Processing file /home/airflow/.local/lib/python3.7/site-packages/airflow/example_dags/example_branch_operator.py for tasks to queue
[2023-08-13T18:43:15.568+0000] {logging_mixin.py:150} INFO - [2023-08-13T18:43:15.567+0000] {dagbag.py:541} INFO - Filling up the DagBag from /home/airflow/.local/lib/python3.7/site-packages/airflow/example_dags/example_branch_operator.py
[2023-08-13T18:43:15.599+0000] {processor.py:836} INFO - DAG(s) dict_keys(['example_branch_operator']) retrieved from /home/airflow/.local/lib/python3.7/site-packages/airflow/example_dags/example_branch_operator.py
[2023-08-13T18:43:15.692+0000] {logging_mixin.py:150} INFO - [2023-08-13T18:43:15.692+0000] {dag.py:2742} INFO - Sync 1 DAGs
[2023-08-13T18:43:15.816+0000] {logging_mixin.py:150} INFO - [2023-08-13T18:43:15.815+0000] {dag.py:3508} INFO - Setting next_dagrun for example_branch_operator to 2023-08-12T00:00:00+00:00, run_after=2023-08-13T00:00:00+00:00
[2023-08-13T18:43:15.867+0000] {processor.py:179} INFO - Processing /home/airflow/.local/lib/python3.7/site-packages/airflow/example_dags/example_branch_operator.py took 0.309 seconds
[2023-08-13T18:43:46.346+0000] {processor.py:157} INFO - Started process (PID=383) to work on /home/airflow/.local/lib/python3.7/site-packages/airflow/example_dags/example_branch_operator.py
[2023-08-13T18:43:46.347+0000] {processor.py:826} INFO - Processing file /home/airflow/.local/lib/python3.7/site-packages/airflow/example_dags/example_branch_operator.py for tasks to queue
[2023-08-13T18:43:46.348+0000] {logging_mixin.py:150} INFO - [2023-08-13T18:43:46.348+0000] {dagbag.py:541} INFO - Filling up the DagBag from /home/airflow/.local/lib/python3.7/site-packages/airflow/example_dags/example_branch_operator.py
[2023-08-13T18:43:46.356+0000] {processor.py:836} INFO - DAG(s) dict_keys(['example_branch_operator']) retrieved from /home/airflow/.local/lib/python3.7/site-packages/airflow/example_dags/example_branch_operator.py
[2023-08-13T18:43:46.384+0000] {logging_mixin.py:150} INFO - [2023-08-13T18:43:46.384+0000] {dag.py:2742} INFO - Sync 1 DAGs
[2023-08-13T18:43:46.421+0000] {logging_mixin.py:150} INFO - [2023-08-13T18:43:46.420+0000] {dag.py:3508} INFO - Setting next_dagrun for example_branch_operator to 2023-08-12T00:00:00+00:00, run_after=2023-08-13T00:00:00+00:00
[2023-08-13T18:43:46.456+0000] {processor.py:179} INFO - Processing /home/airflow/.local/lib/python3.7/site-packages/airflow/example_dags/example_branch_operator.py took 0.113 seconds
[2023-08-13T18:44:16.492+0000] {processor.py:157} INFO - Started process (PID=448) to work on /home/airflow/.local/lib/python3.7/site-packages/airflow/example_dags/example_branch_operator.py
[2023-08-13T18:44:16.493+0000] {processor.py:826} INFO - Processing file /home/airflow/.local/lib/python3.7/site-packages/airflow/example_dags/example_branch_operator.py for tasks to queue
[2023-08-13T18:44:16.494+0000] {logging_mixin.py:150} INFO - [2023-08-13T18:44:16.494+0000] {dagbag.py:541} INFO - Filling up the DagBag from /home/airflow/.local/lib/python3.7/site-packages/airflow/example_dags/example_branch_operator.py
[2023-08-13T18:44:16.503+0000] {processor.py:836} INFO - DAG(s) dict_keys(['example_branch_operator']) retrieved from /home/airflow/.local/lib/python3.7/site-packages/airflow/example_dags/example_branch_operator.py
[2023-08-13T18:44:16.538+0000] {logging_mixin.py:150} INFO - [2023-08-13T18:44:16.537+0000] {dag.py:2742} INFO - Sync 1 DAGs
[2023-08-13T18:44:16.579+0000] {logging_mixin.py:150} INFO - [2023-08-13T18:44:16.579+0000] {dag.py:3508} INFO - Setting next_dagrun for example_branch_operator to 2023-08-12T00:00:00+00:00, run_after=2023-08-13T00:00:00+00:00
[2023-08-13T18:44:16.613+0000] {processor.py:179} INFO - Processing /home/airflow/.local/lib/python3.7/site-packages/airflow/example_dags/example_branch_operator.py took 0.123 seconds
[2023-08-13T18:44:47.438+0000] {processor.py:157} INFO - Started process (PID=513) to work on /home/airflow/.local/lib/python3.7/site-packages/airflow/example_dags/example_branch_operator.py
[2023-08-13T18:44:47.439+0000] {processor.py:826} INFO - Processing file /home/airflow/.local/lib/python3.7/site-packages/airflow/example_dags/example_branch_operator.py for tasks to queue
[2023-08-13T18:44:47.441+0000] {logging_mixin.py:150} INFO - [2023-08-13T18:44:47.441+0000] {dagbag.py:541} INFO - Filling up the DagBag from /home/airflow/.local/lib/python3.7/site-packages/airflow/example_dags/example_branch_operator.py
[2023-08-13T18:44:47.457+0000] {processor.py:836} INFO - DAG(s) dict_keys(['example_branch_operator']) retrieved from /home/airflow/.local/lib/python3.7/site-packages/airflow/example_dags/example_branch_operator.py
[2023-08-13T18:44:47.504+0000] {logging_mixin.py:150} INFO - [2023-08-13T18:44:47.504+0000] {dag.py:2742} INFO - Sync 1 DAGs
[2023-08-13T18:44:47.552+0000] {logging_mixin.py:150} INFO - [2023-08-13T18:44:47.551+0000] {dag.py:3508} INFO - Setting next_dagrun for example_branch_operator to 2023-08-12T00:00:00+00:00, run_after=2023-08-13T00:00:00+00:00
[2023-08-13T18:44:47.587+0000] {processor.py:179} INFO - Processing /home/airflow/.local/lib/python3.7/site-packages/airflow/example_dags/example_branch_operator.py took 0.154 seconds
[2023-08-13T18:45:19.754+0000] {processor.py:157} INFO - Started process (PID=578) to work on /home/airflow/.local/lib/python3.7/site-packages/airflow/example_dags/example_branch_operator.py
[2023-08-13T18:45:19.756+0000] {processor.py:826} INFO - Processing file /home/airflow/.local/lib/python3.7/site-packages/airflow/example_dags/example_branch_operator.py for tasks to queue
[2023-08-13T18:45:19.757+0000] {logging_mixin.py:150} INFO - [2023-08-13T18:45:19.757+0000] {dagbag.py:541} INFO - Filling up the DagBag from /home/airflow/.local/lib/python3.7/site-packages/airflow/example_dags/example_branch_operator.py
[2023-08-13T18:45:19.772+0000] {processor.py:836} INFO - DAG(s) dict_keys(['example_branch_operator']) retrieved from /home/airflow/.local/lib/python3.7/site-packages/airflow/example_dags/example_branch_operator.py
[2023-08-13T18:45:19.834+0000] {logging_mixin.py:150} INFO - [2023-08-13T18:45:19.834+0000] {dag.py:2742} INFO - Sync 1 DAGs
[2023-08-13T18:45:19.887+0000] {logging_mixin.py:150} INFO - [2023-08-13T18:45:19.887+0000] {dag.py:3508} INFO - Setting next_dagrun for example_branch_operator to 2023-08-12T00:00:00+00:00, run_after=2023-08-13T00:00:00+00:00
[2023-08-13T18:45:20.074+0000] {processor.py:179} INFO - Processing /home/airflow/.local/lib/python3.7/site-packages/airflow/example_dags/example_branch_operator.py took 0.325 seconds
[2023-08-13T18:45:50.590+0000] {processor.py:157} INFO - Started process (PID=643) to work on /home/airflow/.local/lib/python3.7/site-packages/airflow/example_dags/example_branch_operator.py
[2023-08-13T18:45:50.592+0000] {processor.py:826} INFO - Processing file /home/airflow/.local/lib/python3.7/site-packages/airflow/example_dags/example_branch_operator.py for tasks to queue
[2023-08-13T18:45:50.593+0000] {logging_mixin.py:150} INFO - [2023-08-13T18:45:50.592+0000] {dagbag.py:541} INFO - Filling up the DagBag from /home/airflow/.local/lib/python3.7/site-packages/airflow/example_dags/example_branch_operator.py
[2023-08-13T18:45:50.603+0000] {processor.py:836} INFO - DAG(s) dict_keys(['example_branch_operator']) retrieved from /home/airflow/.local/lib/python3.7/site-packages/airflow/example_dags/example_branch_operator.py
[2023-08-13T18:45:50.637+0000] {logging_mixin.py:150} INFO - [2023-08-13T18:45:50.637+0000] {dag.py:2742} INFO - Sync 1 DAGs
[2023-08-13T18:45:50.673+0000] {logging_mixin.py:150} INFO - [2023-08-13T18:45:50.673+0000] {dag.py:3508} INFO - Setting next_dagrun for example_branch_operator to 2023-08-12T00:00:00+00:00, run_after=2023-08-13T00:00:00+00:00
[2023-08-13T18:45:50.698+0000] {processor.py:179} INFO - Processing /home/airflow/.local/lib/python3.7/site-packages/airflow/example_dags/example_branch_operator.py took 0.111 seconds
[2023-08-13T18:46:20.753+0000] {processor.py:157} INFO - Started process (PID=707) to work on /home/airflow/.local/lib/python3.7/site-packages/airflow/example_dags/example_branch_operator.py
[2023-08-13T18:46:20.754+0000] {processor.py:826} INFO - Processing file /home/airflow/.local/lib/python3.7/site-packages/airflow/example_dags/example_branch_operator.py for tasks to queue
[2023-08-13T18:46:20.755+0000] {logging_mixin.py:150} INFO - [2023-08-13T18:46:20.755+0000] {dagbag.py:541} INFO - Filling up the DagBag from /home/airflow/.local/lib/python3.7/site-packages/airflow/example_dags/example_branch_operator.py
[2023-08-13T18:46:20.765+0000] {processor.py:836} INFO - DAG(s) dict_keys(['example_branch_operator']) retrieved from /home/airflow/.local/lib/python3.7/site-packages/airflow/example_dags/example_branch_operator.py
[2023-08-13T18:46:20.793+0000] {logging_mixin.py:150} INFO - [2023-08-13T18:46:20.793+0000] {dag.py:2742} INFO - Sync 1 DAGs
[2023-08-13T18:46:20.822+0000] {logging_mixin.py:150} INFO - [2023-08-13T18:46:20.822+0000] {dag.py:3508} INFO - Setting next_dagrun for example_branch_operator to 2023-08-12T00:00:00+00:00, run_after=2023-08-13T00:00:00+00:00
[2023-08-13T18:46:20.844+0000] {processor.py:179} INFO - Processing /home/airflow/.local/lib/python3.7/site-packages/airflow/example_dags/example_branch_operator.py took 0.094 seconds
[2023-08-13T18:46:51.168+0000] {processor.py:157} INFO - Started process (PID=772) to work on /home/airflow/.local/lib/python3.7/site-packages/airflow/example_dags/example_branch_operator.py
[2023-08-13T18:46:51.169+0000] {processor.py:826} INFO - Processing file /home/airflow/.local/lib/python3.7/site-packages/airflow/example_dags/example_branch_operator.py for tasks to queue
[2023-08-13T18:46:51.170+0000] {logging_mixin.py:150} INFO - [2023-08-13T18:46:51.170+0000] {dagbag.py:541} INFO - Filling up the DagBag from /home/airflow/.local/lib/python3.7/site-packages/airflow/example_dags/example_branch_operator.py
[2023-08-13T18:46:51.179+0000] {processor.py:836} INFO - DAG(s) dict_keys(['example_branch_operator']) retrieved from /home/airflow/.local/lib/python3.7/site-packages/airflow/example_dags/example_branch_operator.py
[2023-08-13T18:46:51.210+0000] {logging_mixin.py:150} INFO - [2023-08-13T18:46:51.210+0000] {dag.py:2742} INFO - Sync 1 DAGs
[2023-08-13T18:46:51.245+0000] {logging_mixin.py:150} INFO - [2023-08-13T18:46:51.245+0000] {dag.py:3508} INFO - Setting next_dagrun for example_branch_operator to 2023-08-12T00:00:00+00:00, run_after=2023-08-13T00:00:00+00:00
[2023-08-13T18:46:51.270+0000] {processor.py:179} INFO - Processing /home/airflow/.local/lib/python3.7/site-packages/airflow/example_dags/example_branch_operator.py took 0.105 seconds
[2023-08-13T18:47:22.233+0000] {processor.py:157} INFO - Started process (PID=838) to work on /home/airflow/.local/lib/python3.7/site-packages/airflow/example_dags/example_branch_operator.py
[2023-08-13T18:47:22.235+0000] {processor.py:826} INFO - Processing file /home/airflow/.local/lib/python3.7/site-packages/airflow/example_dags/example_branch_operator.py for tasks to queue
[2023-08-13T18:47:22.236+0000] {logging_mixin.py:150} INFO - [2023-08-13T18:47:22.236+0000] {dagbag.py:541} INFO - Filling up the DagBag from /home/airflow/.local/lib/python3.7/site-packages/airflow/example_dags/example_branch_operator.py
[2023-08-13T18:47:22.249+0000] {processor.py:836} INFO - DAG(s) dict_keys(['example_branch_operator']) retrieved from /home/airflow/.local/lib/python3.7/site-packages/airflow/example_dags/example_branch_operator.py
[2023-08-13T18:47:22.281+0000] {logging_mixin.py:150} INFO - [2023-08-13T18:47:22.281+0000] {dag.py:2742} INFO - Sync 1 DAGs
[2023-08-13T18:47:22.317+0000] {logging_mixin.py:150} INFO - [2023-08-13T18:47:22.317+0000] {dag.py:3508} INFO - Setting next_dagrun for example_branch_operator to 2023-08-12T00:00:00+00:00, run_after=2023-08-13T00:00:00+00:00
[2023-08-13T18:47:22.345+0000] {processor.py:179} INFO - Processing /home/airflow/.local/lib/python3.7/site-packages/airflow/example_dags/example_branch_operator.py took 0.115 seconds
[2023-08-13T18:47:52.676+0000] {processor.py:157} INFO - Started process (PID=903) to work on /home/airflow/.local/lib/python3.7/site-packages/airflow/example_dags/example_branch_operator.py
[2023-08-13T18:47:52.679+0000] {processor.py:826} INFO - Processing file /home/airflow/.local/lib/python3.7/site-packages/airflow/example_dags/example_branch_operator.py for tasks to queue
[2023-08-13T18:47:52.680+0000] {logging_mixin.py:150} INFO - [2023-08-13T18:47:52.680+0000] {dagbag.py:541} INFO - Filling up the DagBag from /home/airflow/.local/lib/python3.7/site-packages/airflow/example_dags/example_branch_operator.py
[2023-08-13T18:47:52.692+0000] {processor.py:836} INFO - DAG(s) dict_keys(['example_branch_operator']) retrieved from /home/airflow/.local/lib/python3.7/site-packages/airflow/example_dags/example_branch_operator.py
[2023-08-13T18:47:52.727+0000] {logging_mixin.py:150} INFO - [2023-08-13T18:47:52.727+0000] {dag.py:2742} INFO - Sync 1 DAGs
[2023-08-13T18:47:52.758+0000] {logging_mixin.py:150} INFO - [2023-08-13T18:47:52.758+0000] {dag.py:3508} INFO - Setting next_dagrun for example_branch_operator to 2023-08-12T00:00:00+00:00, run_after=2023-08-13T00:00:00+00:00
[2023-08-13T18:47:52.784+0000] {processor.py:179} INFO - Processing /home/airflow/.local/lib/python3.7/site-packages/airflow/example_dags/example_branch_operator.py took 0.112 seconds
[2023-08-13T18:48:23.111+0000] {processor.py:157} INFO - Started process (PID=968) to work on /home/airflow/.local/lib/python3.7/site-packages/airflow/example_dags/example_branch_operator.py
[2023-08-13T18:48:23.112+0000] {processor.py:826} INFO - Processing file /home/airflow/.local/lib/python3.7/site-packages/airflow/example_dags/example_branch_operator.py for tasks to queue
[2023-08-13T18:48:23.113+0000] {logging_mixin.py:150} INFO - [2023-08-13T18:48:23.113+0000] {dagbag.py:541} INFO - Filling up the DagBag from /home/airflow/.local/lib/python3.7/site-packages/airflow/example_dags/example_branch_operator.py
[2023-08-13T18:48:23.123+0000] {processor.py:836} INFO - DAG(s) dict_keys(['example_branch_operator']) retrieved from /home/airflow/.local/lib/python3.7/site-packages/airflow/example_dags/example_branch_operator.py
[2023-08-13T18:48:23.162+0000] {logging_mixin.py:150} INFO - [2023-08-13T18:48:23.162+0000] {dag.py:2742} INFO - Sync 1 DAGs
[2023-08-13T18:48:23.206+0000] {logging_mixin.py:150} INFO - [2023-08-13T18:48:23.205+0000] {dag.py:3508} INFO - Setting next_dagrun for example_branch_operator to 2023-08-12T00:00:00+00:00, run_after=2023-08-13T00:00:00+00:00
[2023-08-13T18:48:23.241+0000] {processor.py:179} INFO - Processing /home/airflow/.local/lib/python3.7/site-packages/airflow/example_dags/example_branch_operator.py took 0.133 seconds
[2023-08-13T18:48:53.617+0000] {processor.py:157} INFO - Started process (PID=1032) to work on /home/airflow/.local/lib/python3.7/site-packages/airflow/example_dags/example_branch_operator.py
[2023-08-13T18:48:53.618+0000] {processor.py:826} INFO - Processing file /home/airflow/.local/lib/python3.7/site-packages/airflow/example_dags/example_branch_operator.py for tasks to queue
[2023-08-13T18:48:53.619+0000] {logging_mixin.py:150} INFO - [2023-08-13T18:48:53.619+0000] {dagbag.py:541} INFO - Filling up the DagBag from /home/airflow/.local/lib/python3.7/site-packages/airflow/example_dags/example_branch_operator.py
[2023-08-13T18:48:53.630+0000] {processor.py:836} INFO - DAG(s) dict_keys(['example_branch_operator']) retrieved from /home/airflow/.local/lib/python3.7/site-packages/airflow/example_dags/example_branch_operator.py
[2023-08-13T18:48:53.658+0000] {logging_mixin.py:150} INFO - [2023-08-13T18:48:53.658+0000] {dag.py:2742} INFO - Sync 1 DAGs
[2023-08-13T18:48:53.688+0000] {logging_mixin.py:150} INFO - [2023-08-13T18:48:53.688+0000] {dag.py:3508} INFO - Setting next_dagrun for example_branch_operator to 2023-08-12T00:00:00+00:00, run_after=2023-08-13T00:00:00+00:00
[2023-08-13T18:48:53.717+0000] {processor.py:179} INFO - Processing /home/airflow/.local/lib/python3.7/site-packages/airflow/example_dags/example_branch_operator.py took 0.103 seconds
[2023-08-13T18:49:24.091+0000] {processor.py:157} INFO - Started process (PID=1097) to work on /home/airflow/.local/lib/python3.7/site-packages/airflow/example_dags/example_branch_operator.py
[2023-08-13T18:49:24.093+0000] {processor.py:826} INFO - Processing file /home/airflow/.local/lib/python3.7/site-packages/airflow/example_dags/example_branch_operator.py for tasks to queue
[2023-08-13T18:49:24.094+0000] {logging_mixin.py:150} INFO - [2023-08-13T18:49:24.094+0000] {dagbag.py:541} INFO - Filling up the DagBag from /home/airflow/.local/lib/python3.7/site-packages/airflow/example_dags/example_branch_operator.py
[2023-08-13T18:49:24.107+0000] {processor.py:836} INFO - DAG(s) dict_keys(['example_branch_operator']) retrieved from /home/airflow/.local/lib/python3.7/site-packages/airflow/example_dags/example_branch_operator.py
[2023-08-13T18:49:24.138+0000] {logging_mixin.py:150} INFO - [2023-08-13T18:49:24.137+0000] {dag.py:2742} INFO - Sync 1 DAGs
[2023-08-13T18:49:24.181+0000] {logging_mixin.py:150} INFO - [2023-08-13T18:49:24.181+0000] {dag.py:3508} INFO - Setting next_dagrun for example_branch_operator to 2023-08-12T00:00:00+00:00, run_after=2023-08-13T00:00:00+00:00
[2023-08-13T18:49:24.217+0000] {processor.py:179} INFO - Processing /home/airflow/.local/lib/python3.7/site-packages/airflow/example_dags/example_branch_operator.py took 0.129 seconds
[2023-08-13T18:49:54.664+0000] {processor.py:157} INFO - Started process (PID=1162) to work on /home/airflow/.local/lib/python3.7/site-packages/airflow/example_dags/example_branch_operator.py
[2023-08-13T18:49:54.667+0000] {processor.py:826} INFO - Processing file /home/airflow/.local/lib/python3.7/site-packages/airflow/example_dags/example_branch_operator.py for tasks to queue
[2023-08-13T18:49:54.669+0000] {logging_mixin.py:150} INFO - [2023-08-13T18:49:54.668+0000] {dagbag.py:541} INFO - Filling up the DagBag from /home/airflow/.local/lib/python3.7/site-packages/airflow/example_dags/example_branch_operator.py
[2023-08-13T18:49:54.685+0000] {processor.py:836} INFO - DAG(s) dict_keys(['example_branch_operator']) retrieved from /home/airflow/.local/lib/python3.7/site-packages/airflow/example_dags/example_branch_operator.py
[2023-08-13T18:49:54.722+0000] {logging_mixin.py:150} INFO - [2023-08-13T18:49:54.722+0000] {dag.py:2742} INFO - Sync 1 DAGs
[2023-08-13T18:49:54.773+0000] {logging_mixin.py:150} INFO - [2023-08-13T18:49:54.773+0000] {dag.py:3508} INFO - Setting next_dagrun for example_branch_operator to 2023-08-12T00:00:00+00:00, run_after=2023-08-13T00:00:00+00:00
[2023-08-13T18:49:54.816+0000] {processor.py:179} INFO - Processing /home/airflow/.local/lib/python3.7/site-packages/airflow/example_dags/example_branch_operator.py took 0.157 seconds
[2023-08-13T18:50:25.451+0000] {processor.py:157} INFO - Started process (PID=1227) to work on /home/airflow/.local/lib/python3.7/site-packages/airflow/example_dags/example_branch_operator.py
[2023-08-13T18:50:25.452+0000] {processor.py:826} INFO - Processing file /home/airflow/.local/lib/python3.7/site-packages/airflow/example_dags/example_branch_operator.py for tasks to queue
[2023-08-13T18:50:25.453+0000] {logging_mixin.py:150} INFO - [2023-08-13T18:50:25.453+0000] {dagbag.py:541} INFO - Filling up the DagBag from /home/airflow/.local/lib/python3.7/site-packages/airflow/example_dags/example_branch_operator.py
[2023-08-13T18:50:25.477+0000] {processor.py:836} INFO - DAG(s) dict_keys(['example_branch_operator']) retrieved from /home/airflow/.local/lib/python3.7/site-packages/airflow/example_dags/example_branch_operator.py
[2023-08-13T18:50:25.526+0000] {logging_mixin.py:150} INFO - [2023-08-13T18:50:25.526+0000] {dag.py:2742} INFO - Sync 1 DAGs
[2023-08-13T18:50:25.589+0000] {logging_mixin.py:150} INFO - [2023-08-13T18:50:25.587+0000] {dag.py:3508} INFO - Setting next_dagrun for example_branch_operator to 2023-08-12T00:00:00+00:00, run_after=2023-08-13T00:00:00+00:00
[2023-08-13T18:50:25.648+0000] {processor.py:179} INFO - Processing /home/airflow/.local/lib/python3.7/site-packages/airflow/example_dags/example_branch_operator.py took 0.206 seconds
[2023-08-13T19:55:50.998+0000] {processor.py:157} INFO - Started process (PID=67) to work on /home/airflow/.local/lib/python3.7/site-packages/airflow/example_dags/example_branch_operator.py
[2023-08-13T19:55:51.000+0000] {processor.py:826} INFO - Processing file /home/airflow/.local/lib/python3.7/site-packages/airflow/example_dags/example_branch_operator.py for tasks to queue
[2023-08-13T19:55:51.003+0000] {logging_mixin.py:150} INFO - [2023-08-13T19:55:51.002+0000] {dagbag.py:541} INFO - Filling up the DagBag from /home/airflow/.local/lib/python3.7/site-packages/airflow/example_dags/example_branch_operator.py
[2023-08-13T19:55:51.049+0000] {processor.py:836} INFO - DAG(s) dict_keys(['example_branch_operator']) retrieved from /home/airflow/.local/lib/python3.7/site-packages/airflow/example_dags/example_branch_operator.py
[2023-08-13T19:55:51.196+0000] {logging_mixin.py:150} INFO - [2023-08-13T19:55:51.195+0000] {dag.py:2742} INFO - Sync 1 DAGs
[2023-08-13T19:55:51.293+0000] {logging_mixin.py:150} INFO - [2023-08-13T19:55:51.293+0000] {dag.py:3508} INFO - Setting next_dagrun for example_branch_operator to 2023-08-12T00:00:00+00:00, run_after=2023-08-13T00:00:00+00:00
[2023-08-13T19:55:51.413+0000] {processor.py:179} INFO - Processing /home/airflow/.local/lib/python3.7/site-packages/airflow/example_dags/example_branch_operator.py took 0.424 seconds
[2023-08-13T19:58:39.941+0000] {processor.py:157} INFO - Started process (PID=59) to work on /home/airflow/.local/lib/python3.7/site-packages/airflow/example_dags/example_branch_operator.py
[2023-08-13T19:58:39.943+0000] {processor.py:826} INFO - Processing file /home/airflow/.local/lib/python3.7/site-packages/airflow/example_dags/example_branch_operator.py for tasks to queue
[2023-08-13T19:58:39.944+0000] {logging_mixin.py:150} INFO - [2023-08-13T19:58:39.944+0000] {dagbag.py:541} INFO - Filling up the DagBag from /home/airflow/.local/lib/python3.7/site-packages/airflow/example_dags/example_branch_operator.py
[2023-08-13T19:58:39.960+0000] {processor.py:836} INFO - DAG(s) dict_keys(['example_branch_operator']) retrieved from /home/airflow/.local/lib/python3.7/site-packages/airflow/example_dags/example_branch_operator.py
[2023-08-13T19:58:39.976+0000] {logging_mixin.py:150} INFO - [2023-08-13T19:58:39.975+0000] {dag.py:2742} INFO - Sync 1 DAGs
[2023-08-13T19:58:40.021+0000] {logging_mixin.py:150} INFO - [2023-08-13T19:58:40.021+0000] {dag.py:3508} INFO - Setting next_dagrun for example_branch_operator to 2023-08-12T00:00:00+00:00, run_after=2023-08-13T00:00:00+00:00
[2023-08-13T19:58:40.054+0000] {processor.py:179} INFO - Processing /home/airflow/.local/lib/python3.7/site-packages/airflow/example_dags/example_branch_operator.py took 0.116 seconds
[2023-08-13T19:59:10.441+0000] {processor.py:157} INFO - Started process (PID=125) to work on /home/airflow/.local/lib/python3.7/site-packages/airflow/example_dags/example_branch_operator.py
[2023-08-13T19:59:10.442+0000] {processor.py:826} INFO - Processing file /home/airflow/.local/lib/python3.7/site-packages/airflow/example_dags/example_branch_operator.py for tasks to queue
[2023-08-13T19:59:10.443+0000] {logging_mixin.py:150} INFO - [2023-08-13T19:59:10.443+0000] {dagbag.py:541} INFO - Filling up the DagBag from /home/airflow/.local/lib/python3.7/site-packages/airflow/example_dags/example_branch_operator.py
[2023-08-13T19:59:10.455+0000] {processor.py:836} INFO - DAG(s) dict_keys(['example_branch_operator']) retrieved from /home/airflow/.local/lib/python3.7/site-packages/airflow/example_dags/example_branch_operator.py
[2023-08-13T19:59:10.489+0000] {logging_mixin.py:150} INFO - [2023-08-13T19:59:10.489+0000] {dag.py:2742} INFO - Sync 1 DAGs
[2023-08-13T19:59:10.527+0000] {logging_mixin.py:150} INFO - [2023-08-13T19:59:10.527+0000] {dag.py:3508} INFO - Setting next_dagrun for example_branch_operator to 2023-08-12T00:00:00+00:00, run_after=2023-08-13T00:00:00+00:00
[2023-08-13T19:59:10.554+0000] {processor.py:179} INFO - Processing /home/airflow/.local/lib/python3.7/site-packages/airflow/example_dags/example_branch_operator.py took 0.117 seconds
[2023-08-13T19:59:41.425+0000] {processor.py:157} INFO - Started process (PID=191) to work on /home/airflow/.local/lib/python3.7/site-packages/airflow/example_dags/example_branch_operator.py
[2023-08-13T19:59:41.426+0000] {processor.py:826} INFO - Processing file /home/airflow/.local/lib/python3.7/site-packages/airflow/example_dags/example_branch_operator.py for tasks to queue
[2023-08-13T19:59:41.427+0000] {logging_mixin.py:150} INFO - [2023-08-13T19:59:41.427+0000] {dagbag.py:541} INFO - Filling up the DagBag from /home/airflow/.local/lib/python3.7/site-packages/airflow/example_dags/example_branch_operator.py
[2023-08-13T19:59:41.440+0000] {processor.py:836} INFO - DAG(s) dict_keys(['example_branch_operator']) retrieved from /home/airflow/.local/lib/python3.7/site-packages/airflow/example_dags/example_branch_operator.py
[2023-08-13T19:59:41.481+0000] {logging_mixin.py:150} INFO - [2023-08-13T19:59:41.481+0000] {dag.py:2742} INFO - Sync 1 DAGs
[2023-08-13T19:59:41.526+0000] {logging_mixin.py:150} INFO - [2023-08-13T19:59:41.526+0000] {dag.py:3508} INFO - Setting next_dagrun for example_branch_operator to 2023-08-12T00:00:00+00:00, run_after=2023-08-13T00:00:00+00:00
[2023-08-13T19:59:41.570+0000] {processor.py:179} INFO - Processing /home/airflow/.local/lib/python3.7/site-packages/airflow/example_dags/example_branch_operator.py took 0.148 seconds
[2023-08-13T20:00:12.196+0000] {processor.py:157} INFO - Started process (PID=257) to work on /home/airflow/.local/lib/python3.7/site-packages/airflow/example_dags/example_branch_operator.py
[2023-08-13T20:00:12.197+0000] {processor.py:826} INFO - Processing file /home/airflow/.local/lib/python3.7/site-packages/airflow/example_dags/example_branch_operator.py for tasks to queue
[2023-08-13T20:00:12.199+0000] {logging_mixin.py:150} INFO - [2023-08-13T20:00:12.199+0000] {dagbag.py:541} INFO - Filling up the DagBag from /home/airflow/.local/lib/python3.7/site-packages/airflow/example_dags/example_branch_operator.py
[2023-08-13T20:00:12.211+0000] {processor.py:836} INFO - DAG(s) dict_keys(['example_branch_operator']) retrieved from /home/airflow/.local/lib/python3.7/site-packages/airflow/example_dags/example_branch_operator.py
[2023-08-13T20:00:12.251+0000] {logging_mixin.py:150} INFO - [2023-08-13T20:00:12.251+0000] {dag.py:2742} INFO - Sync 1 DAGs
[2023-08-13T20:00:12.301+0000] {logging_mixin.py:150} INFO - [2023-08-13T20:00:12.301+0000] {dag.py:3508} INFO - Setting next_dagrun for example_branch_operator to 2023-08-12T00:00:00+00:00, run_after=2023-08-13T00:00:00+00:00
[2023-08-13T20:00:12.349+0000] {processor.py:179} INFO - Processing /home/airflow/.local/lib/python3.7/site-packages/airflow/example_dags/example_branch_operator.py took 0.161 seconds
[2023-08-13T20:00:43.155+0000] {processor.py:157} INFO - Started process (PID=323) to work on /home/airflow/.local/lib/python3.7/site-packages/airflow/example_dags/example_branch_operator.py
[2023-08-13T20:00:43.157+0000] {processor.py:826} INFO - Processing file /home/airflow/.local/lib/python3.7/site-packages/airflow/example_dags/example_branch_operator.py for tasks to queue
[2023-08-13T20:00:43.159+0000] {logging_mixin.py:150} INFO - [2023-08-13T20:00:43.158+0000] {dagbag.py:541} INFO - Filling up the DagBag from /home/airflow/.local/lib/python3.7/site-packages/airflow/example_dags/example_branch_operator.py
[2023-08-13T20:00:43.183+0000] {processor.py:836} INFO - DAG(s) dict_keys(['example_branch_operator']) retrieved from /home/airflow/.local/lib/python3.7/site-packages/airflow/example_dags/example_branch_operator.py
[2023-08-13T20:00:43.283+0000] {logging_mixin.py:150} INFO - [2023-08-13T20:00:43.282+0000] {dag.py:2742} INFO - Sync 1 DAGs
[2023-08-13T20:00:43.379+0000] {logging_mixin.py:150} INFO - [2023-08-13T20:00:43.379+0000] {dag.py:3508} INFO - Setting next_dagrun for example_branch_operator to 2023-08-12T00:00:00+00:00, run_after=2023-08-13T00:00:00+00:00
[2023-08-13T20:00:43.437+0000] {processor.py:179} INFO - Processing /home/airflow/.local/lib/python3.7/site-packages/airflow/example_dags/example_branch_operator.py took 0.288 seconds
[2023-08-13T20:01:13.736+0000] {processor.py:157} INFO - Started process (PID=389) to work on /home/airflow/.local/lib/python3.7/site-packages/airflow/example_dags/example_branch_operator.py
[2023-08-13T20:01:13.737+0000] {processor.py:826} INFO - Processing file /home/airflow/.local/lib/python3.7/site-packages/airflow/example_dags/example_branch_operator.py for tasks to queue
[2023-08-13T20:01:13.738+0000] {logging_mixin.py:150} INFO - [2023-08-13T20:01:13.738+0000] {dagbag.py:541} INFO - Filling up the DagBag from /home/airflow/.local/lib/python3.7/site-packages/airflow/example_dags/example_branch_operator.py
[2023-08-13T20:01:13.748+0000] {processor.py:836} INFO - DAG(s) dict_keys(['example_branch_operator']) retrieved from /home/airflow/.local/lib/python3.7/site-packages/airflow/example_dags/example_branch_operator.py
[2023-08-13T20:01:13.781+0000] {logging_mixin.py:150} INFO - [2023-08-13T20:01:13.780+0000] {dag.py:2742} INFO - Sync 1 DAGs
[2023-08-13T20:01:13.820+0000] {logging_mixin.py:150} INFO - [2023-08-13T20:01:13.820+0000] {dag.py:3508} INFO - Setting next_dagrun for example_branch_operator to 2023-08-12T00:00:00+00:00, run_after=2023-08-13T00:00:00+00:00
[2023-08-13T20:01:13.849+0000] {processor.py:179} INFO - Processing /home/airflow/.local/lib/python3.7/site-packages/airflow/example_dags/example_branch_operator.py took 0.117 seconds
[2023-08-13T20:01:44.613+0000] {processor.py:157} INFO - Started process (PID=455) to work on /home/airflow/.local/lib/python3.7/site-packages/airflow/example_dags/example_branch_operator.py
[2023-08-13T20:01:44.615+0000] {processor.py:826} INFO - Processing file /home/airflow/.local/lib/python3.7/site-packages/airflow/example_dags/example_branch_operator.py for tasks to queue
[2023-08-13T20:01:44.617+0000] {logging_mixin.py:150} INFO - [2023-08-13T20:01:44.617+0000] {dagbag.py:541} INFO - Filling up the DagBag from /home/airflow/.local/lib/python3.7/site-packages/airflow/example_dags/example_branch_operator.py
[2023-08-13T20:01:44.631+0000] {processor.py:836} INFO - DAG(s) dict_keys(['example_branch_operator']) retrieved from /home/airflow/.local/lib/python3.7/site-packages/airflow/example_dags/example_branch_operator.py
[2023-08-13T20:01:44.675+0000] {logging_mixin.py:150} INFO - [2023-08-13T20:01:44.675+0000] {dag.py:2742} INFO - Sync 1 DAGs
[2023-08-13T20:01:44.718+0000] {logging_mixin.py:150} INFO - [2023-08-13T20:01:44.718+0000] {dag.py:3508} INFO - Setting next_dagrun for example_branch_operator to 2023-08-12T00:00:00+00:00, run_after=2023-08-13T00:00:00+00:00
[2023-08-13T20:01:44.751+0000] {processor.py:179} INFO - Processing /home/airflow/.local/lib/python3.7/site-packages/airflow/example_dags/example_branch_operator.py took 0.143 seconds
[2023-08-13T20:02:23.402+0000] {processor.py:157} INFO - Started process (PID=528) to work on /home/airflow/.local/lib/python3.7/site-packages/airflow/example_dags/example_branch_operator.py
[2023-08-13T20:02:23.403+0000] {processor.py:826} INFO - Processing file /home/airflow/.local/lib/python3.7/site-packages/airflow/example_dags/example_branch_operator.py for tasks to queue
[2023-08-13T20:02:23.405+0000] {logging_mixin.py:150} INFO - [2023-08-13T20:02:23.405+0000] {dagbag.py:541} INFO - Filling up the DagBag from /home/airflow/.local/lib/python3.7/site-packages/airflow/example_dags/example_branch_operator.py
[2023-08-13T20:02:23.418+0000] {processor.py:836} INFO - DAG(s) dict_keys(['example_branch_operator']) retrieved from /home/airflow/.local/lib/python3.7/site-packages/airflow/example_dags/example_branch_operator.py
[2023-08-13T20:02:23.460+0000] {logging_mixin.py:150} INFO - [2023-08-13T20:02:23.460+0000] {dag.py:2742} INFO - Sync 1 DAGs
[2023-08-13T20:02:23.497+0000] {logging_mixin.py:150} INFO - [2023-08-13T20:02:23.497+0000] {dag.py:3508} INFO - Setting next_dagrun for example_branch_operator to 2023-08-12T00:00:00+00:00, run_after=2023-08-13T00:00:00+00:00
[2023-08-13T20:02:23.530+0000] {processor.py:179} INFO - Processing /home/airflow/.local/lib/python3.7/site-packages/airflow/example_dags/example_branch_operator.py took 0.132 seconds
[2023-08-13T20:05:58.329+0000] {processor.py:157} INFO - Started process (PID=59) to work on /home/airflow/.local/lib/python3.7/site-packages/airflow/example_dags/example_branch_operator.py
[2023-08-13T20:05:58.332+0000] {processor.py:826} INFO - Processing file /home/airflow/.local/lib/python3.7/site-packages/airflow/example_dags/example_branch_operator.py for tasks to queue
[2023-08-13T20:05:58.333+0000] {logging_mixin.py:150} INFO - [2023-08-13T20:05:58.333+0000] {dagbag.py:541} INFO - Filling up the DagBag from /home/airflow/.local/lib/python3.7/site-packages/airflow/example_dags/example_branch_operator.py
[2023-08-13T20:05:58.354+0000] {processor.py:836} INFO - DAG(s) dict_keys(['example_branch_operator']) retrieved from /home/airflow/.local/lib/python3.7/site-packages/airflow/example_dags/example_branch_operator.py
[2023-08-13T20:05:58.380+0000] {logging_mixin.py:150} INFO - [2023-08-13T20:05:58.380+0000] {dag.py:2742} INFO - Sync 1 DAGs
[2023-08-13T20:05:58.462+0000] {logging_mixin.py:150} INFO - [2023-08-13T20:05:58.462+0000] {dag.py:3508} INFO - Setting next_dagrun for example_branch_operator to 2023-08-12T00:00:00+00:00, run_after=2023-08-13T00:00:00+00:00
[2023-08-13T20:05:58.524+0000] {processor.py:179} INFO - Processing /home/airflow/.local/lib/python3.7/site-packages/airflow/example_dags/example_branch_operator.py took 0.201 seconds
[2023-08-13T20:06:29.305+0000] {processor.py:157} INFO - Started process (PID=125) to work on /home/airflow/.local/lib/python3.7/site-packages/airflow/example_dags/example_branch_operator.py
[2023-08-13T20:06:29.307+0000] {processor.py:826} INFO - Processing file /home/airflow/.local/lib/python3.7/site-packages/airflow/example_dags/example_branch_operator.py for tasks to queue
[2023-08-13T20:06:29.308+0000] {logging_mixin.py:150} INFO - [2023-08-13T20:06:29.307+0000] {dagbag.py:541} INFO - Filling up the DagBag from /home/airflow/.local/lib/python3.7/site-packages/airflow/example_dags/example_branch_operator.py
[2023-08-13T20:06:29.317+0000] {processor.py:836} INFO - DAG(s) dict_keys(['example_branch_operator']) retrieved from /home/airflow/.local/lib/python3.7/site-packages/airflow/example_dags/example_branch_operator.py
[2023-08-13T20:06:29.352+0000] {logging_mixin.py:150} INFO - [2023-08-13T20:06:29.352+0000] {dag.py:2742} INFO - Sync 1 DAGs
[2023-08-13T20:06:29.383+0000] {logging_mixin.py:150} INFO - [2023-08-13T20:06:29.383+0000] {dag.py:3508} INFO - Setting next_dagrun for example_branch_operator to 2023-08-12T00:00:00+00:00, run_after=2023-08-13T00:00:00+00:00
[2023-08-13T20:06:29.405+0000] {processor.py:179} INFO - Processing /home/airflow/.local/lib/python3.7/site-packages/airflow/example_dags/example_branch_operator.py took 0.104 seconds
[2023-08-13T20:06:59.834+0000] {processor.py:157} INFO - Started process (PID=191) to work on /home/airflow/.local/lib/python3.7/site-packages/airflow/example_dags/example_branch_operator.py
[2023-08-13T20:06:59.835+0000] {processor.py:826} INFO - Processing file /home/airflow/.local/lib/python3.7/site-packages/airflow/example_dags/example_branch_operator.py for tasks to queue
[2023-08-13T20:06:59.836+0000] {logging_mixin.py:150} INFO - [2023-08-13T20:06:59.836+0000] {dagbag.py:541} INFO - Filling up the DagBag from /home/airflow/.local/lib/python3.7/site-packages/airflow/example_dags/example_branch_operator.py
[2023-08-13T20:06:59.850+0000] {processor.py:836} INFO - DAG(s) dict_keys(['example_branch_operator']) retrieved from /home/airflow/.local/lib/python3.7/site-packages/airflow/example_dags/example_branch_operator.py
[2023-08-13T20:06:59.882+0000] {logging_mixin.py:150} INFO - [2023-08-13T20:06:59.882+0000] {dag.py:2742} INFO - Sync 1 DAGs
[2023-08-13T20:06:59.923+0000] {logging_mixin.py:150} INFO - [2023-08-13T20:06:59.923+0000] {dag.py:3508} INFO - Setting next_dagrun for example_branch_operator to 2023-08-12T00:00:00+00:00, run_after=2023-08-13T00:00:00+00:00
[2023-08-13T20:06:59.959+0000] {processor.py:179} INFO - Processing /home/airflow/.local/lib/python3.7/site-packages/airflow/example_dags/example_branch_operator.py took 0.129 seconds
[2023-08-13T20:07:31.265+0000] {processor.py:157} INFO - Started process (PID=257) to work on /home/airflow/.local/lib/python3.7/site-packages/airflow/example_dags/example_branch_operator.py
[2023-08-13T20:07:31.267+0000] {processor.py:826} INFO - Processing file /home/airflow/.local/lib/python3.7/site-packages/airflow/example_dags/example_branch_operator.py for tasks to queue
[2023-08-13T20:07:31.269+0000] {logging_mixin.py:150} INFO - [2023-08-13T20:07:31.268+0000] {dagbag.py:541} INFO - Filling up the DagBag from /home/airflow/.local/lib/python3.7/site-packages/airflow/example_dags/example_branch_operator.py
[2023-08-13T20:07:31.281+0000] {processor.py:836} INFO - DAG(s) dict_keys(['example_branch_operator']) retrieved from /home/airflow/.local/lib/python3.7/site-packages/airflow/example_dags/example_branch_operator.py
[2023-08-13T20:07:31.323+0000] {logging_mixin.py:150} INFO - [2023-08-13T20:07:31.323+0000] {dag.py:2742} INFO - Sync 1 DAGs
[2023-08-13T20:07:31.382+0000] {logging_mixin.py:150} INFO - [2023-08-13T20:07:31.382+0000] {dag.py:3508} INFO - Setting next_dagrun for example_branch_operator to 2023-08-12T00:00:00+00:00, run_after=2023-08-13T00:00:00+00:00
[2023-08-13T20:07:31.425+0000] {processor.py:179} INFO - Processing /home/airflow/.local/lib/python3.7/site-packages/airflow/example_dags/example_branch_operator.py took 0.165 seconds
[2023-08-13T20:08:01.891+0000] {processor.py:157} INFO - Started process (PID=323) to work on /home/airflow/.local/lib/python3.7/site-packages/airflow/example_dags/example_branch_operator.py
[2023-08-13T20:08:01.893+0000] {processor.py:826} INFO - Processing file /home/airflow/.local/lib/python3.7/site-packages/airflow/example_dags/example_branch_operator.py for tasks to queue
[2023-08-13T20:08:01.894+0000] {logging_mixin.py:150} INFO - [2023-08-13T20:08:01.894+0000] {dagbag.py:541} INFO - Filling up the DagBag from /home/airflow/.local/lib/python3.7/site-packages/airflow/example_dags/example_branch_operator.py
[2023-08-13T20:08:01.908+0000] {processor.py:836} INFO - DAG(s) dict_keys(['example_branch_operator']) retrieved from /home/airflow/.local/lib/python3.7/site-packages/airflow/example_dags/example_branch_operator.py
[2023-08-13T20:08:01.947+0000] {logging_mixin.py:150} INFO - [2023-08-13T20:08:01.947+0000] {dag.py:2742} INFO - Sync 1 DAGs
[2023-08-13T20:08:01.996+0000] {logging_mixin.py:150} INFO - [2023-08-13T20:08:01.995+0000] {dag.py:3508} INFO - Setting next_dagrun for example_branch_operator to 2023-08-12T00:00:00+00:00, run_after=2023-08-13T00:00:00+00:00
[2023-08-13T20:08:02.030+0000] {processor.py:179} INFO - Processing /home/airflow/.local/lib/python3.7/site-packages/airflow/example_dags/example_branch_operator.py took 0.143 seconds
[2023-08-13T20:08:32.489+0000] {processor.py:157} INFO - Started process (PID=389) to work on /home/airflow/.local/lib/python3.7/site-packages/airflow/example_dags/example_branch_operator.py
[2023-08-13T20:08:32.491+0000] {processor.py:826} INFO - Processing file /home/airflow/.local/lib/python3.7/site-packages/airflow/example_dags/example_branch_operator.py for tasks to queue
[2023-08-13T20:08:32.492+0000] {logging_mixin.py:150} INFO - [2023-08-13T20:08:32.491+0000] {dagbag.py:541} INFO - Filling up the DagBag from /home/airflow/.local/lib/python3.7/site-packages/airflow/example_dags/example_branch_operator.py
[2023-08-13T20:08:32.502+0000] {processor.py:836} INFO - DAG(s) dict_keys(['example_branch_operator']) retrieved from /home/airflow/.local/lib/python3.7/site-packages/airflow/example_dags/example_branch_operator.py
[2023-08-13T20:08:32.532+0000] {logging_mixin.py:150} INFO - [2023-08-13T20:08:32.532+0000] {dag.py:2742} INFO - Sync 1 DAGs
[2023-08-13T20:08:32.570+0000] {logging_mixin.py:150} INFO - [2023-08-13T20:08:32.570+0000] {dag.py:3508} INFO - Setting next_dagrun for example_branch_operator to 2023-08-12T00:00:00+00:00, run_after=2023-08-13T00:00:00+00:00
[2023-08-13T20:08:32.593+0000] {processor.py:179} INFO - Processing /home/airflow/.local/lib/python3.7/site-packages/airflow/example_dags/example_branch_operator.py took 0.106 seconds
[2023-08-13T20:09:03.163+0000] {processor.py:157} INFO - Started process (PID=455) to work on /home/airflow/.local/lib/python3.7/site-packages/airflow/example_dags/example_branch_operator.py
[2023-08-13T20:09:03.165+0000] {processor.py:826} INFO - Processing file /home/airflow/.local/lib/python3.7/site-packages/airflow/example_dags/example_branch_operator.py for tasks to queue
[2023-08-13T20:09:03.166+0000] {logging_mixin.py:150} INFO - [2023-08-13T20:09:03.166+0000] {dagbag.py:541} INFO - Filling up the DagBag from /home/airflow/.local/lib/python3.7/site-packages/airflow/example_dags/example_branch_operator.py
[2023-08-13T20:09:03.180+0000] {processor.py:836} INFO - DAG(s) dict_keys(['example_branch_operator']) retrieved from /home/airflow/.local/lib/python3.7/site-packages/airflow/example_dags/example_branch_operator.py
[2023-08-13T20:09:03.218+0000] {logging_mixin.py:150} INFO - [2023-08-13T20:09:03.217+0000] {dag.py:2742} INFO - Sync 1 DAGs
[2023-08-13T20:09:03.269+0000] {logging_mixin.py:150} INFO - [2023-08-13T20:09:03.268+0000] {dag.py:3508} INFO - Setting next_dagrun for example_branch_operator to 2023-08-12T00:00:00+00:00, run_after=2023-08-13T00:00:00+00:00
[2023-08-13T20:09:03.306+0000] {processor.py:179} INFO - Processing /home/airflow/.local/lib/python3.7/site-packages/airflow/example_dags/example_branch_operator.py took 0.146 seconds
[2023-08-13T20:09:33.690+0000] {processor.py:157} INFO - Started process (PID=521) to work on /home/airflow/.local/lib/python3.7/site-packages/airflow/example_dags/example_branch_operator.py
[2023-08-13T20:09:33.691+0000] {processor.py:826} INFO - Processing file /home/airflow/.local/lib/python3.7/site-packages/airflow/example_dags/example_branch_operator.py for tasks to queue
[2023-08-13T20:09:33.693+0000] {logging_mixin.py:150} INFO - [2023-08-13T20:09:33.692+0000] {dagbag.py:541} INFO - Filling up the DagBag from /home/airflow/.local/lib/python3.7/site-packages/airflow/example_dags/example_branch_operator.py
[2023-08-13T20:09:33.707+0000] {processor.py:836} INFO - DAG(s) dict_keys(['example_branch_operator']) retrieved from /home/airflow/.local/lib/python3.7/site-packages/airflow/example_dags/example_branch_operator.py
[2023-08-13T20:09:33.743+0000] {logging_mixin.py:150} INFO - [2023-08-13T20:09:33.743+0000] {dag.py:2742} INFO - Sync 1 DAGs
[2023-08-13T20:09:33.786+0000] {logging_mixin.py:150} INFO - [2023-08-13T20:09:33.785+0000] {dag.py:3508} INFO - Setting next_dagrun for example_branch_operator to 2023-08-12T00:00:00+00:00, run_after=2023-08-13T00:00:00+00:00
[2023-08-13T20:09:33.815+0000] {processor.py:179} INFO - Processing /home/airflow/.local/lib/python3.7/site-packages/airflow/example_dags/example_branch_operator.py took 0.130 seconds
[2023-08-13T20:10:04.090+0000] {processor.py:157} INFO - Started process (PID=587) to work on /home/airflow/.local/lib/python3.7/site-packages/airflow/example_dags/example_branch_operator.py
[2023-08-13T20:10:04.091+0000] {processor.py:826} INFO - Processing file /home/airflow/.local/lib/python3.7/site-packages/airflow/example_dags/example_branch_operator.py for tasks to queue
[2023-08-13T20:10:04.093+0000] {logging_mixin.py:150} INFO - [2023-08-13T20:10:04.092+0000] {dagbag.py:541} INFO - Filling up the DagBag from /home/airflow/.local/lib/python3.7/site-packages/airflow/example_dags/example_branch_operator.py
[2023-08-13T20:10:04.104+0000] {processor.py:836} INFO - DAG(s) dict_keys(['example_branch_operator']) retrieved from /home/airflow/.local/lib/python3.7/site-packages/airflow/example_dags/example_branch_operator.py
[2023-08-13T20:10:04.133+0000] {logging_mixin.py:150} INFO - [2023-08-13T20:10:04.133+0000] {dag.py:2742} INFO - Sync 1 DAGs
[2023-08-13T20:10:04.175+0000] {logging_mixin.py:150} INFO - [2023-08-13T20:10:04.174+0000] {dag.py:3508} INFO - Setting next_dagrun for example_branch_operator to 2023-08-12T00:00:00+00:00, run_after=2023-08-13T00:00:00+00:00
[2023-08-13T20:10:04.201+0000] {processor.py:179} INFO - Processing /home/airflow/.local/lib/python3.7/site-packages/airflow/example_dags/example_branch_operator.py took 0.115 seconds
[2023-08-13T20:10:34.362+0000] {processor.py:157} INFO - Started process (PID=653) to work on /home/airflow/.local/lib/python3.7/site-packages/airflow/example_dags/example_branch_operator.py
[2023-08-13T20:10:34.364+0000] {processor.py:826} INFO - Processing file /home/airflow/.local/lib/python3.7/site-packages/airflow/example_dags/example_branch_operator.py for tasks to queue
[2023-08-13T20:10:34.366+0000] {logging_mixin.py:150} INFO - [2023-08-13T20:10:34.365+0000] {dagbag.py:541} INFO - Filling up the DagBag from /home/airflow/.local/lib/python3.7/site-packages/airflow/example_dags/example_branch_operator.py
[2023-08-13T20:10:34.379+0000] {processor.py:836} INFO - DAG(s) dict_keys(['example_branch_operator']) retrieved from /home/airflow/.local/lib/python3.7/site-packages/airflow/example_dags/example_branch_operator.py
[2023-08-13T20:10:34.423+0000] {logging_mixin.py:150} INFO - [2023-08-13T20:10:34.422+0000] {dag.py:2742} INFO - Sync 1 DAGs
[2023-08-13T20:10:34.478+0000] {logging_mixin.py:150} INFO - [2023-08-13T20:10:34.478+0000] {dag.py:3508} INFO - Setting next_dagrun for example_branch_operator to 2023-08-12T00:00:00+00:00, run_after=2023-08-13T00:00:00+00:00
[2023-08-13T20:10:34.522+0000] {processor.py:179} INFO - Processing /home/airflow/.local/lib/python3.7/site-packages/airflow/example_dags/example_branch_operator.py took 0.164 seconds
[2023-08-13T20:11:05.353+0000] {processor.py:157} INFO - Started process (PID=719) to work on /home/airflow/.local/lib/python3.7/site-packages/airflow/example_dags/example_branch_operator.py
[2023-08-13T20:11:05.355+0000] {processor.py:826} INFO - Processing file /home/airflow/.local/lib/python3.7/site-packages/airflow/example_dags/example_branch_operator.py for tasks to queue
[2023-08-13T20:11:05.356+0000] {logging_mixin.py:150} INFO - [2023-08-13T20:11:05.356+0000] {dagbag.py:541} INFO - Filling up the DagBag from /home/airflow/.local/lib/python3.7/site-packages/airflow/example_dags/example_branch_operator.py
[2023-08-13T20:11:05.370+0000] {processor.py:836} INFO - DAG(s) dict_keys(['example_branch_operator']) retrieved from /home/airflow/.local/lib/python3.7/site-packages/airflow/example_dags/example_branch_operator.py
[2023-08-13T20:11:05.410+0000] {logging_mixin.py:150} INFO - [2023-08-13T20:11:05.410+0000] {dag.py:2742} INFO - Sync 1 DAGs
[2023-08-13T20:11:05.446+0000] {logging_mixin.py:150} INFO - [2023-08-13T20:11:05.446+0000] {dag.py:3508} INFO - Setting next_dagrun for example_branch_operator to 2023-08-12T00:00:00+00:00, run_after=2023-08-13T00:00:00+00:00
[2023-08-13T20:11:05.475+0000] {processor.py:179} INFO - Processing /home/airflow/.local/lib/python3.7/site-packages/airflow/example_dags/example_branch_operator.py took 0.127 seconds
[2023-08-13T20:11:36.090+0000] {processor.py:157} INFO - Started process (PID=785) to work on /home/airflow/.local/lib/python3.7/site-packages/airflow/example_dags/example_branch_operator.py
[2023-08-13T20:11:36.091+0000] {processor.py:826} INFO - Processing file /home/airflow/.local/lib/python3.7/site-packages/airflow/example_dags/example_branch_operator.py for tasks to queue
[2023-08-13T20:11:36.092+0000] {logging_mixin.py:150} INFO - [2023-08-13T20:11:36.092+0000] {dagbag.py:541} INFO - Filling up the DagBag from /home/airflow/.local/lib/python3.7/site-packages/airflow/example_dags/example_branch_operator.py
[2023-08-13T20:11:36.101+0000] {processor.py:836} INFO - DAG(s) dict_keys(['example_branch_operator']) retrieved from /home/airflow/.local/lib/python3.7/site-packages/airflow/example_dags/example_branch_operator.py
[2023-08-13T20:11:36.128+0000] {logging_mixin.py:150} INFO - [2023-08-13T20:11:36.127+0000] {dag.py:2742} INFO - Sync 1 DAGs
[2023-08-13T20:11:36.166+0000] {logging_mixin.py:150} INFO - [2023-08-13T20:11:36.166+0000] {dag.py:3508} INFO - Setting next_dagrun for example_branch_operator to 2023-08-12T00:00:00+00:00, run_after=2023-08-13T00:00:00+00:00
[2023-08-13T20:11:36.192+0000] {processor.py:179} INFO - Processing /home/airflow/.local/lib/python3.7/site-packages/airflow/example_dags/example_branch_operator.py took 0.106 seconds
[2023-08-13T20:12:06.236+0000] {processor.py:157} INFO - Started process (PID=851) to work on /home/airflow/.local/lib/python3.7/site-packages/airflow/example_dags/example_branch_operator.py
[2023-08-13T20:12:06.237+0000] {processor.py:826} INFO - Processing file /home/airflow/.local/lib/python3.7/site-packages/airflow/example_dags/example_branch_operator.py for tasks to queue
[2023-08-13T20:12:06.239+0000] {logging_mixin.py:150} INFO - [2023-08-13T20:12:06.238+0000] {dagbag.py:541} INFO - Filling up the DagBag from /home/airflow/.local/lib/python3.7/site-packages/airflow/example_dags/example_branch_operator.py
[2023-08-13T20:12:06.254+0000] {processor.py:836} INFO - DAG(s) dict_keys(['example_branch_operator']) retrieved from /home/airflow/.local/lib/python3.7/site-packages/airflow/example_dags/example_branch_operator.py
[2023-08-13T20:12:06.295+0000] {logging_mixin.py:150} INFO - [2023-08-13T20:12:06.295+0000] {dag.py:2742} INFO - Sync 1 DAGs
[2023-08-13T20:12:06.338+0000] {logging_mixin.py:150} INFO - [2023-08-13T20:12:06.338+0000] {dag.py:3508} INFO - Setting next_dagrun for example_branch_operator to 2023-08-12T00:00:00+00:00, run_after=2023-08-13T00:00:00+00:00
[2023-08-13T20:12:06.379+0000] {processor.py:179} INFO - Processing /home/airflow/.local/lib/python3.7/site-packages/airflow/example_dags/example_branch_operator.py took 0.147 seconds
[2023-08-13T20:12:36.951+0000] {processor.py:157} INFO - Started process (PID=917) to work on /home/airflow/.local/lib/python3.7/site-packages/airflow/example_dags/example_branch_operator.py
[2023-08-13T20:12:36.952+0000] {processor.py:826} INFO - Processing file /home/airflow/.local/lib/python3.7/site-packages/airflow/example_dags/example_branch_operator.py for tasks to queue
[2023-08-13T20:12:36.954+0000] {logging_mixin.py:150} INFO - [2023-08-13T20:12:36.953+0000] {dagbag.py:541} INFO - Filling up the DagBag from /home/airflow/.local/lib/python3.7/site-packages/airflow/example_dags/example_branch_operator.py
[2023-08-13T20:12:36.964+0000] {processor.py:836} INFO - DAG(s) dict_keys(['example_branch_operator']) retrieved from /home/airflow/.local/lib/python3.7/site-packages/airflow/example_dags/example_branch_operator.py
[2023-08-13T20:12:37.002+0000] {logging_mixin.py:150} INFO - [2023-08-13T20:12:37.002+0000] {dag.py:2742} INFO - Sync 1 DAGs
[2023-08-13T20:12:37.056+0000] {logging_mixin.py:150} INFO - [2023-08-13T20:12:37.055+0000] {dag.py:3508} INFO - Setting next_dagrun for example_branch_operator to 2023-08-12T00:00:00+00:00, run_after=2023-08-13T00:00:00+00:00
[2023-08-13T20:12:37.101+0000] {processor.py:179} INFO - Processing /home/airflow/.local/lib/python3.7/site-packages/airflow/example_dags/example_branch_operator.py took 0.153 seconds
[2023-08-13T20:13:07.259+0000] {processor.py:157} INFO - Started process (PID=983) to work on /home/airflow/.local/lib/python3.7/site-packages/airflow/example_dags/example_branch_operator.py
[2023-08-13T20:13:07.260+0000] {processor.py:826} INFO - Processing file /home/airflow/.local/lib/python3.7/site-packages/airflow/example_dags/example_branch_operator.py for tasks to queue
[2023-08-13T20:13:07.261+0000] {logging_mixin.py:150} INFO - [2023-08-13T20:13:07.261+0000] {dagbag.py:541} INFO - Filling up the DagBag from /home/airflow/.local/lib/python3.7/site-packages/airflow/example_dags/example_branch_operator.py
[2023-08-13T20:13:07.271+0000] {processor.py:836} INFO - DAG(s) dict_keys(['example_branch_operator']) retrieved from /home/airflow/.local/lib/python3.7/site-packages/airflow/example_dags/example_branch_operator.py
[2023-08-13T20:13:07.301+0000] {logging_mixin.py:150} INFO - [2023-08-13T20:13:07.301+0000] {dag.py:2742} INFO - Sync 1 DAGs
[2023-08-13T20:13:07.346+0000] {logging_mixin.py:150} INFO - [2023-08-13T20:13:07.346+0000] {dag.py:3508} INFO - Setting next_dagrun for example_branch_operator to 2023-08-12T00:00:00+00:00, run_after=2023-08-13T00:00:00+00:00
[2023-08-13T20:13:07.385+0000] {processor.py:179} INFO - Processing /home/airflow/.local/lib/python3.7/site-packages/airflow/example_dags/example_branch_operator.py took 0.128 seconds
[2023-08-13T20:13:38.599+0000] {processor.py:157} INFO - Started process (PID=1049) to work on /home/airflow/.local/lib/python3.7/site-packages/airflow/example_dags/example_branch_operator.py
[2023-08-13T20:13:38.601+0000] {processor.py:826} INFO - Processing file /home/airflow/.local/lib/python3.7/site-packages/airflow/example_dags/example_branch_operator.py for tasks to queue
[2023-08-13T20:13:38.602+0000] {logging_mixin.py:150} INFO - [2023-08-13T20:13:38.602+0000] {dagbag.py:541} INFO - Filling up the DagBag from /home/airflow/.local/lib/python3.7/site-packages/airflow/example_dags/example_branch_operator.py
[2023-08-13T20:13:38.614+0000] {processor.py:836} INFO - DAG(s) dict_keys(['example_branch_operator']) retrieved from /home/airflow/.local/lib/python3.7/site-packages/airflow/example_dags/example_branch_operator.py
[2023-08-13T20:13:38.655+0000] {logging_mixin.py:150} INFO - [2023-08-13T20:13:38.654+0000] {dag.py:2742} INFO - Sync 1 DAGs
[2023-08-13T20:13:38.707+0000] {logging_mixin.py:150} INFO - [2023-08-13T20:13:38.707+0000] {dag.py:3508} INFO - Setting next_dagrun for example_branch_operator to 2023-08-12T00:00:00+00:00, run_after=2023-08-13T00:00:00+00:00
[2023-08-13T20:13:38.744+0000] {processor.py:179} INFO - Processing /home/airflow/.local/lib/python3.7/site-packages/airflow/example_dags/example_branch_operator.py took 0.149 seconds
[2023-08-13T20:14:08.973+0000] {processor.py:157} INFO - Started process (PID=1114) to work on /home/airflow/.local/lib/python3.7/site-packages/airflow/example_dags/example_branch_operator.py
[2023-08-13T20:14:08.974+0000] {processor.py:826} INFO - Processing file /home/airflow/.local/lib/python3.7/site-packages/airflow/example_dags/example_branch_operator.py for tasks to queue
[2023-08-13T20:14:08.975+0000] {logging_mixin.py:150} INFO - [2023-08-13T20:14:08.975+0000] {dagbag.py:541} INFO - Filling up the DagBag from /home/airflow/.local/lib/python3.7/site-packages/airflow/example_dags/example_branch_operator.py
[2023-08-13T20:14:08.984+0000] {processor.py:836} INFO - DAG(s) dict_keys(['example_branch_operator']) retrieved from /home/airflow/.local/lib/python3.7/site-packages/airflow/example_dags/example_branch_operator.py
[2023-08-13T20:14:09.019+0000] {logging_mixin.py:150} INFO - [2023-08-13T20:14:09.019+0000] {dag.py:2742} INFO - Sync 1 DAGs
[2023-08-13T20:14:09.060+0000] {logging_mixin.py:150} INFO - [2023-08-13T20:14:09.060+0000] {dag.py:3508} INFO - Setting next_dagrun for example_branch_operator to 2023-08-12T00:00:00+00:00, run_after=2023-08-13T00:00:00+00:00
[2023-08-13T20:14:09.092+0000] {processor.py:179} INFO - Processing /home/airflow/.local/lib/python3.7/site-packages/airflow/example_dags/example_branch_operator.py took 0.122 seconds
[2023-08-13T20:14:39.315+0000] {processor.py:157} INFO - Started process (PID=1180) to work on /home/airflow/.local/lib/python3.7/site-packages/airflow/example_dags/example_branch_operator.py
[2023-08-13T20:14:39.316+0000] {processor.py:826} INFO - Processing file /home/airflow/.local/lib/python3.7/site-packages/airflow/example_dags/example_branch_operator.py for tasks to queue
[2023-08-13T20:14:39.317+0000] {logging_mixin.py:150} INFO - [2023-08-13T20:14:39.317+0000] {dagbag.py:541} INFO - Filling up the DagBag from /home/airflow/.local/lib/python3.7/site-packages/airflow/example_dags/example_branch_operator.py
[2023-08-13T20:14:39.327+0000] {processor.py:836} INFO - DAG(s) dict_keys(['example_branch_operator']) retrieved from /home/airflow/.local/lib/python3.7/site-packages/airflow/example_dags/example_branch_operator.py
[2023-08-13T20:14:39.358+0000] {logging_mixin.py:150} INFO - [2023-08-13T20:14:39.357+0000] {dag.py:2742} INFO - Sync 1 DAGs
[2023-08-13T20:14:39.391+0000] {logging_mixin.py:150} INFO - [2023-08-13T20:14:39.390+0000] {dag.py:3508} INFO - Setting next_dagrun for example_branch_operator to 2023-08-12T00:00:00+00:00, run_after=2023-08-13T00:00:00+00:00
[2023-08-13T20:14:39.417+0000] {processor.py:179} INFO - Processing /home/airflow/.local/lib/python3.7/site-packages/airflow/example_dags/example_branch_operator.py took 0.105 seconds
[2023-08-13T20:15:09.707+0000] {processor.py:157} INFO - Started process (PID=1246) to work on /home/airflow/.local/lib/python3.7/site-packages/airflow/example_dags/example_branch_operator.py
[2023-08-13T20:15:09.708+0000] {processor.py:826} INFO - Processing file /home/airflow/.local/lib/python3.7/site-packages/airflow/example_dags/example_branch_operator.py for tasks to queue
[2023-08-13T20:15:09.709+0000] {logging_mixin.py:150} INFO - [2023-08-13T20:15:09.709+0000] {dagbag.py:541} INFO - Filling up the DagBag from /home/airflow/.local/lib/python3.7/site-packages/airflow/example_dags/example_branch_operator.py
[2023-08-13T20:15:09.718+0000] {processor.py:836} INFO - DAG(s) dict_keys(['example_branch_operator']) retrieved from /home/airflow/.local/lib/python3.7/site-packages/airflow/example_dags/example_branch_operator.py
[2023-08-13T20:15:09.743+0000] {logging_mixin.py:150} INFO - [2023-08-13T20:15:09.743+0000] {dag.py:2742} INFO - Sync 1 DAGs
[2023-08-13T20:15:09.771+0000] {logging_mixin.py:150} INFO - [2023-08-13T20:15:09.771+0000] {dag.py:3508} INFO - Setting next_dagrun for example_branch_operator to 2023-08-12T00:00:00+00:00, run_after=2023-08-13T00:00:00+00:00
[2023-08-13T20:15:09.794+0000] {processor.py:179} INFO - Processing /home/airflow/.local/lib/python3.7/site-packages/airflow/example_dags/example_branch_operator.py took 0.090 seconds
[2023-08-13T20:15:40.180+0000] {processor.py:157} INFO - Started process (PID=1312) to work on /home/airflow/.local/lib/python3.7/site-packages/airflow/example_dags/example_branch_operator.py
[2023-08-13T20:15:40.182+0000] {processor.py:826} INFO - Processing file /home/airflow/.local/lib/python3.7/site-packages/airflow/example_dags/example_branch_operator.py for tasks to queue
[2023-08-13T20:15:40.183+0000] {logging_mixin.py:150} INFO - [2023-08-13T20:15:40.183+0000] {dagbag.py:541} INFO - Filling up the DagBag from /home/airflow/.local/lib/python3.7/site-packages/airflow/example_dags/example_branch_operator.py
[2023-08-13T20:15:40.197+0000] {processor.py:836} INFO - DAG(s) dict_keys(['example_branch_operator']) retrieved from /home/airflow/.local/lib/python3.7/site-packages/airflow/example_dags/example_branch_operator.py
[2023-08-13T20:15:40.258+0000] {logging_mixin.py:150} INFO - [2023-08-13T20:15:40.257+0000] {dag.py:2742} INFO - Sync 1 DAGs
[2023-08-13T20:15:40.301+0000] {logging_mixin.py:150} INFO - [2023-08-13T20:15:40.300+0000] {dag.py:3508} INFO - Setting next_dagrun for example_branch_operator to 2023-08-12T00:00:00+00:00, run_after=2023-08-13T00:00:00+00:00
[2023-08-13T20:15:40.341+0000] {processor.py:179} INFO - Processing /home/airflow/.local/lib/python3.7/site-packages/airflow/example_dags/example_branch_operator.py took 0.165 seconds
[2023-08-13T20:16:10.699+0000] {processor.py:157} INFO - Started process (PID=1379) to work on /home/airflow/.local/lib/python3.7/site-packages/airflow/example_dags/example_branch_operator.py
[2023-08-13T20:16:10.700+0000] {processor.py:826} INFO - Processing file /home/airflow/.local/lib/python3.7/site-packages/airflow/example_dags/example_branch_operator.py for tasks to queue
[2023-08-13T20:16:10.701+0000] {logging_mixin.py:150} INFO - [2023-08-13T20:16:10.700+0000] {dagbag.py:541} INFO - Filling up the DagBag from /home/airflow/.local/lib/python3.7/site-packages/airflow/example_dags/example_branch_operator.py
[2023-08-13T20:16:10.709+0000] {processor.py:836} INFO - DAG(s) dict_keys(['example_branch_operator']) retrieved from /home/airflow/.local/lib/python3.7/site-packages/airflow/example_dags/example_branch_operator.py
[2023-08-13T20:16:10.735+0000] {logging_mixin.py:150} INFO - [2023-08-13T20:16:10.735+0000] {dag.py:2742} INFO - Sync 1 DAGs
[2023-08-13T20:16:10.765+0000] {logging_mixin.py:150} INFO - [2023-08-13T20:16:10.764+0000] {dag.py:3508} INFO - Setting next_dagrun for example_branch_operator to 2023-08-12T00:00:00+00:00, run_after=2023-08-13T00:00:00+00:00
[2023-08-13T20:16:10.786+0000] {processor.py:179} INFO - Processing /home/airflow/.local/lib/python3.7/site-packages/airflow/example_dags/example_branch_operator.py took 0.091 seconds
[2023-08-13T20:16:41.065+0000] {processor.py:157} INFO - Started process (PID=1445) to work on /home/airflow/.local/lib/python3.7/site-packages/airflow/example_dags/example_branch_operator.py
[2023-08-13T20:16:41.066+0000] {processor.py:826} INFO - Processing file /home/airflow/.local/lib/python3.7/site-packages/airflow/example_dags/example_branch_operator.py for tasks to queue
[2023-08-13T20:16:41.067+0000] {logging_mixin.py:150} INFO - [2023-08-13T20:16:41.067+0000] {dagbag.py:541} INFO - Filling up the DagBag from /home/airflow/.local/lib/python3.7/site-packages/airflow/example_dags/example_branch_operator.py
[2023-08-13T20:16:41.079+0000] {processor.py:836} INFO - DAG(s) dict_keys(['example_branch_operator']) retrieved from /home/airflow/.local/lib/python3.7/site-packages/airflow/example_dags/example_branch_operator.py
[2023-08-13T20:16:41.105+0000] {logging_mixin.py:150} INFO - [2023-08-13T20:16:41.105+0000] {dag.py:2742} INFO - Sync 1 DAGs
[2023-08-13T20:16:41.137+0000] {logging_mixin.py:150} INFO - [2023-08-13T20:16:41.136+0000] {dag.py:3508} INFO - Setting next_dagrun for example_branch_operator to 2023-08-12T00:00:00+00:00, run_after=2023-08-13T00:00:00+00:00
[2023-08-13T20:16:41.160+0000] {processor.py:179} INFO - Processing /home/airflow/.local/lib/python3.7/site-packages/airflow/example_dags/example_branch_operator.py took 0.098 seconds
[2023-08-13T20:17:11.318+0000] {processor.py:157} INFO - Started process (PID=1511) to work on /home/airflow/.local/lib/python3.7/site-packages/airflow/example_dags/example_branch_operator.py
[2023-08-13T20:17:11.319+0000] {processor.py:826} INFO - Processing file /home/airflow/.local/lib/python3.7/site-packages/airflow/example_dags/example_branch_operator.py for tasks to queue
[2023-08-13T20:17:11.320+0000] {logging_mixin.py:150} INFO - [2023-08-13T20:17:11.320+0000] {dagbag.py:541} INFO - Filling up the DagBag from /home/airflow/.local/lib/python3.7/site-packages/airflow/example_dags/example_branch_operator.py
[2023-08-13T20:17:11.333+0000] {processor.py:836} INFO - DAG(s) dict_keys(['example_branch_operator']) retrieved from /home/airflow/.local/lib/python3.7/site-packages/airflow/example_dags/example_branch_operator.py
[2023-08-13T20:17:11.365+0000] {logging_mixin.py:150} INFO - [2023-08-13T20:17:11.365+0000] {dag.py:2742} INFO - Sync 1 DAGs
[2023-08-13T20:17:11.401+0000] {logging_mixin.py:150} INFO - [2023-08-13T20:17:11.401+0000] {dag.py:3508} INFO - Setting next_dagrun for example_branch_operator to 2023-08-12T00:00:00+00:00, run_after=2023-08-13T00:00:00+00:00
[2023-08-13T20:17:11.429+0000] {processor.py:179} INFO - Processing /home/airflow/.local/lib/python3.7/site-packages/airflow/example_dags/example_branch_operator.py took 0.115 seconds
[2023-08-13T20:17:41.689+0000] {processor.py:157} INFO - Started process (PID=1577) to work on /home/airflow/.local/lib/python3.7/site-packages/airflow/example_dags/example_branch_operator.py
[2023-08-13T20:17:41.690+0000] {processor.py:826} INFO - Processing file /home/airflow/.local/lib/python3.7/site-packages/airflow/example_dags/example_branch_operator.py for tasks to queue
[2023-08-13T20:17:41.691+0000] {logging_mixin.py:150} INFO - [2023-08-13T20:17:41.691+0000] {dagbag.py:541} INFO - Filling up the DagBag from /home/airflow/.local/lib/python3.7/site-packages/airflow/example_dags/example_branch_operator.py
[2023-08-13T20:17:41.699+0000] {processor.py:836} INFO - DAG(s) dict_keys(['example_branch_operator']) retrieved from /home/airflow/.local/lib/python3.7/site-packages/airflow/example_dags/example_branch_operator.py
[2023-08-13T20:17:41.722+0000] {logging_mixin.py:150} INFO - [2023-08-13T20:17:41.721+0000] {dag.py:2742} INFO - Sync 1 DAGs
[2023-08-13T20:17:41.744+0000] {logging_mixin.py:150} INFO - [2023-08-13T20:17:41.744+0000] {dag.py:3508} INFO - Setting next_dagrun for example_branch_operator to 2023-08-12T00:00:00+00:00, run_after=2023-08-13T00:00:00+00:00
[2023-08-13T20:17:41.763+0000] {processor.py:179} INFO - Processing /home/airflow/.local/lib/python3.7/site-packages/airflow/example_dags/example_branch_operator.py took 0.077 seconds
[2023-08-13T20:18:12.309+0000] {processor.py:157} INFO - Started process (PID=1644) to work on /home/airflow/.local/lib/python3.7/site-packages/airflow/example_dags/example_branch_operator.py
[2023-08-13T20:18:12.310+0000] {processor.py:826} INFO - Processing file /home/airflow/.local/lib/python3.7/site-packages/airflow/example_dags/example_branch_operator.py for tasks to queue
[2023-08-13T20:18:12.311+0000] {logging_mixin.py:150} INFO - [2023-08-13T20:18:12.311+0000] {dagbag.py:541} INFO - Filling up the DagBag from /home/airflow/.local/lib/python3.7/site-packages/airflow/example_dags/example_branch_operator.py
[2023-08-13T20:18:12.324+0000] {processor.py:836} INFO - DAG(s) dict_keys(['example_branch_operator']) retrieved from /home/airflow/.local/lib/python3.7/site-packages/airflow/example_dags/example_branch_operator.py
[2023-08-13T20:18:12.358+0000] {logging_mixin.py:150} INFO - [2023-08-13T20:18:12.357+0000] {dag.py:2742} INFO - Sync 1 DAGs
[2023-08-13T20:18:12.388+0000] {logging_mixin.py:150} INFO - [2023-08-13T20:18:12.388+0000] {dag.py:3508} INFO - Setting next_dagrun for example_branch_operator to 2023-08-12T00:00:00+00:00, run_after=2023-08-13T00:00:00+00:00
[2023-08-13T20:18:12.409+0000] {processor.py:179} INFO - Processing /home/airflow/.local/lib/python3.7/site-packages/airflow/example_dags/example_branch_operator.py took 0.103 seconds
[2023-08-13T20:18:42.698+0000] {processor.py:157} INFO - Started process (PID=1711) to work on /home/airflow/.local/lib/python3.7/site-packages/airflow/example_dags/example_branch_operator.py
[2023-08-13T20:18:42.700+0000] {processor.py:826} INFO - Processing file /home/airflow/.local/lib/python3.7/site-packages/airflow/example_dags/example_branch_operator.py for tasks to queue
[2023-08-13T20:18:42.701+0000] {logging_mixin.py:150} INFO - [2023-08-13T20:18:42.701+0000] {dagbag.py:541} INFO - Filling up the DagBag from /home/airflow/.local/lib/python3.7/site-packages/airflow/example_dags/example_branch_operator.py
[2023-08-13T20:18:42.709+0000] {processor.py:836} INFO - DAG(s) dict_keys(['example_branch_operator']) retrieved from /home/airflow/.local/lib/python3.7/site-packages/airflow/example_dags/example_branch_operator.py
[2023-08-13T20:18:42.738+0000] {logging_mixin.py:150} INFO - [2023-08-13T20:18:42.737+0000] {dag.py:2742} INFO - Sync 1 DAGs
[2023-08-13T20:18:42.763+0000] {logging_mixin.py:150} INFO - [2023-08-13T20:18:42.763+0000] {dag.py:3508} INFO - Setting next_dagrun for example_branch_operator to 2023-08-12T00:00:00+00:00, run_after=2023-08-13T00:00:00+00:00
[2023-08-13T20:18:42.786+0000] {processor.py:179} INFO - Processing /home/airflow/.local/lib/python3.7/site-packages/airflow/example_dags/example_branch_operator.py took 0.091 seconds
[2023-08-13T20:19:13.244+0000] {processor.py:157} INFO - Started process (PID=1777) to work on /home/airflow/.local/lib/python3.7/site-packages/airflow/example_dags/example_branch_operator.py
[2023-08-13T20:19:13.245+0000] {processor.py:826} INFO - Processing file /home/airflow/.local/lib/python3.7/site-packages/airflow/example_dags/example_branch_operator.py for tasks to queue
[2023-08-13T20:19:13.247+0000] {logging_mixin.py:150} INFO - [2023-08-13T20:19:13.246+0000] {dagbag.py:541} INFO - Filling up the DagBag from /home/airflow/.local/lib/python3.7/site-packages/airflow/example_dags/example_branch_operator.py
[2023-08-13T20:19:13.258+0000] {processor.py:836} INFO - DAG(s) dict_keys(['example_branch_operator']) retrieved from /home/airflow/.local/lib/python3.7/site-packages/airflow/example_dags/example_branch_operator.py
[2023-08-13T20:19:13.290+0000] {logging_mixin.py:150} INFO - [2023-08-13T20:19:13.289+0000] {dag.py:2742} INFO - Sync 1 DAGs
[2023-08-13T20:19:13.327+0000] {logging_mixin.py:150} INFO - [2023-08-13T20:19:13.327+0000] {dag.py:3508} INFO - Setting next_dagrun for example_branch_operator to 2023-08-12T00:00:00+00:00, run_after=2023-08-13T00:00:00+00:00
[2023-08-13T20:19:13.363+0000] {processor.py:179} INFO - Processing /home/airflow/.local/lib/python3.7/site-packages/airflow/example_dags/example_branch_operator.py took 0.122 seconds
[2023-08-13T20:19:43.583+0000] {processor.py:157} INFO - Started process (PID=1843) to work on /home/airflow/.local/lib/python3.7/site-packages/airflow/example_dags/example_branch_operator.py
[2023-08-13T20:19:43.585+0000] {processor.py:826} INFO - Processing file /home/airflow/.local/lib/python3.7/site-packages/airflow/example_dags/example_branch_operator.py for tasks to queue
[2023-08-13T20:19:43.586+0000] {logging_mixin.py:150} INFO - [2023-08-13T20:19:43.586+0000] {dagbag.py:541} INFO - Filling up the DagBag from /home/airflow/.local/lib/python3.7/site-packages/airflow/example_dags/example_branch_operator.py
[2023-08-13T20:19:43.596+0000] {processor.py:836} INFO - DAG(s) dict_keys(['example_branch_operator']) retrieved from /home/airflow/.local/lib/python3.7/site-packages/airflow/example_dags/example_branch_operator.py
[2023-08-13T20:19:43.627+0000] {logging_mixin.py:150} INFO - [2023-08-13T20:19:43.627+0000] {dag.py:2742} INFO - Sync 1 DAGs
[2023-08-13T20:19:43.659+0000] {logging_mixin.py:150} INFO - [2023-08-13T20:19:43.659+0000] {dag.py:3508} INFO - Setting next_dagrun for example_branch_operator to 2023-08-12T00:00:00+00:00, run_after=2023-08-13T00:00:00+00:00
[2023-08-13T20:19:43.686+0000] {processor.py:179} INFO - Processing /home/airflow/.local/lib/python3.7/site-packages/airflow/example_dags/example_branch_operator.py took 0.105 seconds
[2023-08-13T20:20:14.712+0000] {processor.py:157} INFO - Started process (PID=1909) to work on /home/airflow/.local/lib/python3.7/site-packages/airflow/example_dags/example_branch_operator.py
[2023-08-13T20:20:14.713+0000] {processor.py:826} INFO - Processing file /home/airflow/.local/lib/python3.7/site-packages/airflow/example_dags/example_branch_operator.py for tasks to queue
[2023-08-13T20:20:14.715+0000] {logging_mixin.py:150} INFO - [2023-08-13T20:20:14.715+0000] {dagbag.py:541} INFO - Filling up the DagBag from /home/airflow/.local/lib/python3.7/site-packages/airflow/example_dags/example_branch_operator.py
[2023-08-13T20:20:14.727+0000] {processor.py:836} INFO - DAG(s) dict_keys(['example_branch_operator']) retrieved from /home/airflow/.local/lib/python3.7/site-packages/airflow/example_dags/example_branch_operator.py
[2023-08-13T20:20:14.761+0000] {logging_mixin.py:150} INFO - [2023-08-13T20:20:14.760+0000] {dag.py:2742} INFO - Sync 1 DAGs
[2023-08-13T20:20:14.798+0000] {logging_mixin.py:150} INFO - [2023-08-13T20:20:14.797+0000] {dag.py:3508} INFO - Setting next_dagrun for example_branch_operator to 2023-08-12T00:00:00+00:00, run_after=2023-08-13T00:00:00+00:00
[2023-08-13T20:20:14.831+0000] {processor.py:179} INFO - Processing /home/airflow/.local/lib/python3.7/site-packages/airflow/example_dags/example_branch_operator.py took 0.123 seconds
[2023-08-13T20:20:45.601+0000] {processor.py:157} INFO - Started process (PID=1962) to work on /home/airflow/.local/lib/python3.7/site-packages/airflow/example_dags/example_branch_operator.py
[2023-08-13T20:20:45.603+0000] {processor.py:826} INFO - Processing file /home/airflow/.local/lib/python3.7/site-packages/airflow/example_dags/example_branch_operator.py for tasks to queue
[2023-08-13T20:20:45.605+0000] {logging_mixin.py:150} INFO - [2023-08-13T20:20:45.605+0000] {dagbag.py:541} INFO - Filling up the DagBag from /home/airflow/.local/lib/python3.7/site-packages/airflow/example_dags/example_branch_operator.py
[2023-08-13T20:20:45.626+0000] {processor.py:836} INFO - DAG(s) dict_keys(['example_branch_operator']) retrieved from /home/airflow/.local/lib/python3.7/site-packages/airflow/example_dags/example_branch_operator.py
[2023-08-13T20:20:45.671+0000] {logging_mixin.py:150} INFO - [2023-08-13T20:20:45.671+0000] {dag.py:2742} INFO - Sync 1 DAGs
[2023-08-13T20:20:45.718+0000] {logging_mixin.py:150} INFO - [2023-08-13T20:20:45.718+0000] {dag.py:3508} INFO - Setting next_dagrun for example_branch_operator to 2023-08-12T00:00:00+00:00, run_after=2023-08-13T00:00:00+00:00
[2023-08-13T20:20:45.752+0000] {processor.py:179} INFO - Processing /home/airflow/.local/lib/python3.7/site-packages/airflow/example_dags/example_branch_operator.py took 0.156 seconds
[2023-08-13T20:21:15.995+0000] {processor.py:157} INFO - Started process (PID=2028) to work on /home/airflow/.local/lib/python3.7/site-packages/airflow/example_dags/example_branch_operator.py
[2023-08-13T20:21:15.998+0000] {processor.py:826} INFO - Processing file /home/airflow/.local/lib/python3.7/site-packages/airflow/example_dags/example_branch_operator.py for tasks to queue
[2023-08-13T20:21:15.999+0000] {logging_mixin.py:150} INFO - [2023-08-13T20:21:15.999+0000] {dagbag.py:541} INFO - Filling up the DagBag from /home/airflow/.local/lib/python3.7/site-packages/airflow/example_dags/example_branch_operator.py
[2023-08-13T20:21:16.014+0000] {processor.py:836} INFO - DAG(s) dict_keys(['example_branch_operator']) retrieved from /home/airflow/.local/lib/python3.7/site-packages/airflow/example_dags/example_branch_operator.py
[2023-08-13T20:21:16.058+0000] {logging_mixin.py:150} INFO - [2023-08-13T20:21:16.058+0000] {dag.py:2742} INFO - Sync 1 DAGs
[2023-08-13T20:21:16.104+0000] {logging_mixin.py:150} INFO - [2023-08-13T20:21:16.103+0000] {dag.py:3508} INFO - Setting next_dagrun for example_branch_operator to 2023-08-12T00:00:00+00:00, run_after=2023-08-13T00:00:00+00:00
[2023-08-13T20:21:16.137+0000] {processor.py:179} INFO - Processing /home/airflow/.local/lib/python3.7/site-packages/airflow/example_dags/example_branch_operator.py took 0.147 seconds
[2023-08-13T20:21:46.285+0000] {processor.py:157} INFO - Started process (PID=2094) to work on /home/airflow/.local/lib/python3.7/site-packages/airflow/example_dags/example_branch_operator.py
[2023-08-13T20:21:46.287+0000] {processor.py:826} INFO - Processing file /home/airflow/.local/lib/python3.7/site-packages/airflow/example_dags/example_branch_operator.py for tasks to queue
[2023-08-13T20:21:46.288+0000] {logging_mixin.py:150} INFO - [2023-08-13T20:21:46.288+0000] {dagbag.py:541} INFO - Filling up the DagBag from /home/airflow/.local/lib/python3.7/site-packages/airflow/example_dags/example_branch_operator.py
[2023-08-13T20:21:46.301+0000] {processor.py:836} INFO - DAG(s) dict_keys(['example_branch_operator']) retrieved from /home/airflow/.local/lib/python3.7/site-packages/airflow/example_dags/example_branch_operator.py
[2023-08-13T20:21:46.337+0000] {logging_mixin.py:150} INFO - [2023-08-13T20:21:46.336+0000] {dag.py:2742} INFO - Sync 1 DAGs
[2023-08-13T20:21:46.391+0000] {logging_mixin.py:150} INFO - [2023-08-13T20:21:46.390+0000] {dag.py:3508} INFO - Setting next_dagrun for example_branch_operator to 2023-08-12T00:00:00+00:00, run_after=2023-08-13T00:00:00+00:00
[2023-08-13T20:21:46.433+0000] {processor.py:179} INFO - Processing /home/airflow/.local/lib/python3.7/site-packages/airflow/example_dags/example_branch_operator.py took 0.153 seconds
[2023-08-13T20:22:17.419+0000] {processor.py:157} INFO - Started process (PID=2160) to work on /home/airflow/.local/lib/python3.7/site-packages/airflow/example_dags/example_branch_operator.py
[2023-08-13T20:22:17.420+0000] {processor.py:826} INFO - Processing file /home/airflow/.local/lib/python3.7/site-packages/airflow/example_dags/example_branch_operator.py for tasks to queue
[2023-08-13T20:22:17.422+0000] {logging_mixin.py:150} INFO - [2023-08-13T20:22:17.421+0000] {dagbag.py:541} INFO - Filling up the DagBag from /home/airflow/.local/lib/python3.7/site-packages/airflow/example_dags/example_branch_operator.py
[2023-08-13T20:22:17.433+0000] {processor.py:836} INFO - DAG(s) dict_keys(['example_branch_operator']) retrieved from /home/airflow/.local/lib/python3.7/site-packages/airflow/example_dags/example_branch_operator.py
[2023-08-13T20:22:17.552+0000] {logging_mixin.py:150} INFO - [2023-08-13T20:22:17.552+0000] {dag.py:2742} INFO - Sync 1 DAGs
[2023-08-13T20:22:17.600+0000] {logging_mixin.py:150} INFO - [2023-08-13T20:22:17.600+0000] {dag.py:3508} INFO - Setting next_dagrun for example_branch_operator to 2023-08-12T00:00:00+00:00, run_after=2023-08-13T00:00:00+00:00
[2023-08-13T20:22:17.641+0000] {processor.py:179} INFO - Processing /home/airflow/.local/lib/python3.7/site-packages/airflow/example_dags/example_branch_operator.py took 0.226 seconds
[2023-08-13T20:22:48.413+0000] {processor.py:157} INFO - Started process (PID=2227) to work on /home/airflow/.local/lib/python3.7/site-packages/airflow/example_dags/example_branch_operator.py
[2023-08-13T20:22:48.414+0000] {processor.py:826} INFO - Processing file /home/airflow/.local/lib/python3.7/site-packages/airflow/example_dags/example_branch_operator.py for tasks to queue
[2023-08-13T20:22:48.416+0000] {logging_mixin.py:150} INFO - [2023-08-13T20:22:48.415+0000] {dagbag.py:541} INFO - Filling up the DagBag from /home/airflow/.local/lib/python3.7/site-packages/airflow/example_dags/example_branch_operator.py
[2023-08-13T20:22:48.428+0000] {processor.py:836} INFO - DAG(s) dict_keys(['example_branch_operator']) retrieved from /home/airflow/.local/lib/python3.7/site-packages/airflow/example_dags/example_branch_operator.py
[2023-08-13T20:22:48.464+0000] {logging_mixin.py:150} INFO - [2023-08-13T20:22:48.463+0000] {dag.py:2742} INFO - Sync 1 DAGs
[2023-08-13T20:22:48.506+0000] {logging_mixin.py:150} INFO - [2023-08-13T20:22:48.506+0000] {dag.py:3508} INFO - Setting next_dagrun for example_branch_operator to 2023-08-12T00:00:00+00:00, run_after=2023-08-13T00:00:00+00:00
[2023-08-13T20:22:48.537+0000] {processor.py:179} INFO - Processing /home/airflow/.local/lib/python3.7/site-packages/airflow/example_dags/example_branch_operator.py took 0.127 seconds
[2023-08-13T20:23:18.951+0000] {processor.py:157} INFO - Started process (PID=2293) to work on /home/airflow/.local/lib/python3.7/site-packages/airflow/example_dags/example_branch_operator.py
[2023-08-13T20:23:18.952+0000] {processor.py:826} INFO - Processing file /home/airflow/.local/lib/python3.7/site-packages/airflow/example_dags/example_branch_operator.py for tasks to queue
[2023-08-13T20:23:18.954+0000] {logging_mixin.py:150} INFO - [2023-08-13T20:23:18.953+0000] {dagbag.py:541} INFO - Filling up the DagBag from /home/airflow/.local/lib/python3.7/site-packages/airflow/example_dags/example_branch_operator.py
[2023-08-13T20:23:18.966+0000] {processor.py:836} INFO - DAG(s) dict_keys(['example_branch_operator']) retrieved from /home/airflow/.local/lib/python3.7/site-packages/airflow/example_dags/example_branch_operator.py
[2023-08-13T20:23:19.000+0000] {logging_mixin.py:150} INFO - [2023-08-13T20:23:18.999+0000] {dag.py:2742} INFO - Sync 1 DAGs
[2023-08-13T20:23:19.052+0000] {logging_mixin.py:150} INFO - [2023-08-13T20:23:19.052+0000] {dag.py:3508} INFO - Setting next_dagrun for example_branch_operator to 2023-08-12T00:00:00+00:00, run_after=2023-08-13T00:00:00+00:00
[2023-08-13T20:23:19.092+0000] {processor.py:179} INFO - Processing /home/airflow/.local/lib/python3.7/site-packages/airflow/example_dags/example_branch_operator.py took 0.144 seconds
