[2023-08-13T18:41:11.673+0000] {processor.py:157} INFO - Started process (PID=63) to work on /home/airflow/.local/lib/python3.7/site-packages/airflow/example_dags/example_task_group_decorator.py
[2023-08-13T18:41:11.674+0000] {processor.py:826} INFO - Processing file /home/airflow/.local/lib/python3.7/site-packages/airflow/example_dags/example_task_group_decorator.py for tasks to queue
[2023-08-13T18:41:11.675+0000] {logging_mixin.py:150} INFO - [2023-08-13T18:41:11.675+0000] {dagbag.py:541} INFO - Filling up the DagBag from /home/airflow/.local/lib/python3.7/site-packages/airflow/example_dags/example_task_group_decorator.py
[2023-08-13T18:41:11.693+0000] {processor.py:836} INFO - DAG(s) dict_keys(['example_task_group_decorator']) retrieved from /home/airflow/.local/lib/python3.7/site-packages/airflow/example_dags/example_task_group_decorator.py
[2023-08-13T18:41:11.709+0000] {logging_mixin.py:150} INFO - [2023-08-13T18:41:11.709+0000] {dag.py:2742} INFO - Sync 1 DAGs
[2023-08-13T18:41:11.738+0000] {logging_mixin.py:150} INFO - [2023-08-13T18:41:11.737+0000] {dag.py:3508} INFO - Setting next_dagrun for example_task_group_decorator to 2023-08-12T18:41:11.737700+00:00, run_after=2023-08-13T18:41:11.737700+00:00
[2023-08-13T18:41:11.764+0000] {processor.py:179} INFO - Processing /home/airflow/.local/lib/python3.7/site-packages/airflow/example_dags/example_task_group_decorator.py took 0.094 seconds
[2023-08-13T18:41:42.635+0000] {processor.py:157} INFO - Started process (PID=128) to work on /home/airflow/.local/lib/python3.7/site-packages/airflow/example_dags/example_task_group_decorator.py
[2023-08-13T18:41:42.637+0000] {processor.py:826} INFO - Processing file /home/airflow/.local/lib/python3.7/site-packages/airflow/example_dags/example_task_group_decorator.py for tasks to queue
[2023-08-13T18:41:42.638+0000] {logging_mixin.py:150} INFO - [2023-08-13T18:41:42.637+0000] {dagbag.py:541} INFO - Filling up the DagBag from /home/airflow/.local/lib/python3.7/site-packages/airflow/example_dags/example_task_group_decorator.py
[2023-08-13T18:41:42.654+0000] {processor.py:836} INFO - DAG(s) dict_keys(['example_task_group_decorator']) retrieved from /home/airflow/.local/lib/python3.7/site-packages/airflow/example_dags/example_task_group_decorator.py
[2023-08-13T18:41:42.681+0000] {logging_mixin.py:150} INFO - [2023-08-13T18:41:42.681+0000] {dag.py:2742} INFO - Sync 1 DAGs
[2023-08-13T18:41:42.710+0000] {logging_mixin.py:150} INFO - [2023-08-13T18:41:42.710+0000] {dag.py:3508} INFO - Setting next_dagrun for example_task_group_decorator to 2023-08-12T18:41:42.710158+00:00, run_after=2023-08-13T18:41:42.710158+00:00
[2023-08-13T18:41:42.730+0000] {processor.py:179} INFO - Processing /home/airflow/.local/lib/python3.7/site-packages/airflow/example_dags/example_task_group_decorator.py took 0.098 seconds
[2023-08-13T18:42:13.030+0000] {processor.py:157} INFO - Started process (PID=193) to work on /home/airflow/.local/lib/python3.7/site-packages/airflow/example_dags/example_task_group_decorator.py
[2023-08-13T18:42:13.032+0000] {processor.py:826} INFO - Processing file /home/airflow/.local/lib/python3.7/site-packages/airflow/example_dags/example_task_group_decorator.py for tasks to queue
[2023-08-13T18:42:13.033+0000] {logging_mixin.py:150} INFO - [2023-08-13T18:42:13.033+0000] {dagbag.py:541} INFO - Filling up the DagBag from /home/airflow/.local/lib/python3.7/site-packages/airflow/example_dags/example_task_group_decorator.py
[2023-08-13T18:42:13.057+0000] {processor.py:836} INFO - DAG(s) dict_keys(['example_task_group_decorator']) retrieved from /home/airflow/.local/lib/python3.7/site-packages/airflow/example_dags/example_task_group_decorator.py
[2023-08-13T18:42:13.107+0000] {logging_mixin.py:150} INFO - [2023-08-13T18:42:13.106+0000] {dag.py:2742} INFO - Sync 1 DAGs
[2023-08-13T18:42:13.168+0000] {logging_mixin.py:150} INFO - [2023-08-13T18:42:13.167+0000] {dag.py:3508} INFO - Setting next_dagrun for example_task_group_decorator to 2023-08-12T18:42:13.167247+00:00, run_after=2023-08-13T18:42:13.167247+00:00
[2023-08-13T18:42:13.224+0000] {processor.py:179} INFO - Processing /home/airflow/.local/lib/python3.7/site-packages/airflow/example_dags/example_task_group_decorator.py took 0.198 seconds
[2023-08-13T18:42:43.365+0000] {processor.py:157} INFO - Started process (PID=258) to work on /home/airflow/.local/lib/python3.7/site-packages/airflow/example_dags/example_task_group_decorator.py
[2023-08-13T18:42:43.366+0000] {processor.py:826} INFO - Processing file /home/airflow/.local/lib/python3.7/site-packages/airflow/example_dags/example_task_group_decorator.py for tasks to queue
[2023-08-13T18:42:43.367+0000] {logging_mixin.py:150} INFO - [2023-08-13T18:42:43.366+0000] {dagbag.py:541} INFO - Filling up the DagBag from /home/airflow/.local/lib/python3.7/site-packages/airflow/example_dags/example_task_group_decorator.py
[2023-08-13T18:42:43.382+0000] {processor.py:836} INFO - DAG(s) dict_keys(['example_task_group_decorator']) retrieved from /home/airflow/.local/lib/python3.7/site-packages/airflow/example_dags/example_task_group_decorator.py
[2023-08-13T18:42:43.412+0000] {logging_mixin.py:150} INFO - [2023-08-13T18:42:43.412+0000] {dag.py:2742} INFO - Sync 1 DAGs
[2023-08-13T18:42:43.440+0000] {logging_mixin.py:150} INFO - [2023-08-13T18:42:43.440+0000] {dag.py:3508} INFO - Setting next_dagrun for example_task_group_decorator to 2023-08-12T18:42:43.439783+00:00, run_after=2023-08-13T18:42:43.439783+00:00
[2023-08-13T18:42:43.467+0000] {processor.py:179} INFO - Processing /home/airflow/.local/lib/python3.7/site-packages/airflow/example_dags/example_task_group_decorator.py took 0.105 seconds
[2023-08-13T18:43:16.291+0000] {processor.py:157} INFO - Started process (PID=323) to work on /home/airflow/.local/lib/python3.7/site-packages/airflow/example_dags/example_task_group_decorator.py
[2023-08-13T18:43:16.293+0000] {processor.py:826} INFO - Processing file /home/airflow/.local/lib/python3.7/site-packages/airflow/example_dags/example_task_group_decorator.py for tasks to queue
[2023-08-13T18:43:16.294+0000] {logging_mixin.py:150} INFO - [2023-08-13T18:43:16.294+0000] {dagbag.py:541} INFO - Filling up the DagBag from /home/airflow/.local/lib/python3.7/site-packages/airflow/example_dags/example_task_group_decorator.py
[2023-08-13T18:43:16.322+0000] {processor.py:836} INFO - DAG(s) dict_keys(['example_task_group_decorator']) retrieved from /home/airflow/.local/lib/python3.7/site-packages/airflow/example_dags/example_task_group_decorator.py
[2023-08-13T18:43:16.369+0000] {logging_mixin.py:150} INFO - [2023-08-13T18:43:16.368+0000] {dag.py:2742} INFO - Sync 1 DAGs
[2023-08-13T18:43:16.426+0000] {logging_mixin.py:150} INFO - [2023-08-13T18:43:16.426+0000] {dag.py:3508} INFO - Setting next_dagrun for example_task_group_decorator to 2023-08-12T18:43:16.425665+00:00, run_after=2023-08-13T18:43:16.425665+00:00
[2023-08-13T18:43:16.474+0000] {processor.py:179} INFO - Processing /home/airflow/.local/lib/python3.7/site-packages/airflow/example_dags/example_task_group_decorator.py took 0.187 seconds
[2023-08-13T18:43:46.852+0000] {processor.py:157} INFO - Started process (PID=388) to work on /home/airflow/.local/lib/python3.7/site-packages/airflow/example_dags/example_task_group_decorator.py
[2023-08-13T18:43:46.854+0000] {processor.py:826} INFO - Processing file /home/airflow/.local/lib/python3.7/site-packages/airflow/example_dags/example_task_group_decorator.py for tasks to queue
[2023-08-13T18:43:46.855+0000] {logging_mixin.py:150} INFO - [2023-08-13T18:43:46.854+0000] {dagbag.py:541} INFO - Filling up the DagBag from /home/airflow/.local/lib/python3.7/site-packages/airflow/example_dags/example_task_group_decorator.py
[2023-08-13T18:43:46.873+0000] {processor.py:836} INFO - DAG(s) dict_keys(['example_task_group_decorator']) retrieved from /home/airflow/.local/lib/python3.7/site-packages/airflow/example_dags/example_task_group_decorator.py
[2023-08-13T18:43:46.907+0000] {logging_mixin.py:150} INFO - [2023-08-13T18:43:46.907+0000] {dag.py:2742} INFO - Sync 1 DAGs
[2023-08-13T18:43:46.952+0000] {logging_mixin.py:150} INFO - [2023-08-13T18:43:46.952+0000] {dag.py:3508} INFO - Setting next_dagrun for example_task_group_decorator to 2023-08-12T18:43:46.951768+00:00, run_after=2023-08-13T18:43:46.951768+00:00
[2023-08-13T18:43:46.986+0000] {processor.py:179} INFO - Processing /home/airflow/.local/lib/python3.7/site-packages/airflow/example_dags/example_task_group_decorator.py took 0.137 seconds
[2023-08-13T18:44:17.234+0000] {processor.py:157} INFO - Started process (PID=453) to work on /home/airflow/.local/lib/python3.7/site-packages/airflow/example_dags/example_task_group_decorator.py
[2023-08-13T18:44:17.235+0000] {processor.py:826} INFO - Processing file /home/airflow/.local/lib/python3.7/site-packages/airflow/example_dags/example_task_group_decorator.py for tasks to queue
[2023-08-13T18:44:17.236+0000] {logging_mixin.py:150} INFO - [2023-08-13T18:44:17.236+0000] {dagbag.py:541} INFO - Filling up the DagBag from /home/airflow/.local/lib/python3.7/site-packages/airflow/example_dags/example_task_group_decorator.py
[2023-08-13T18:44:17.265+0000] {processor.py:836} INFO - DAG(s) dict_keys(['example_task_group_decorator']) retrieved from /home/airflow/.local/lib/python3.7/site-packages/airflow/example_dags/example_task_group_decorator.py
[2023-08-13T18:44:17.309+0000] {logging_mixin.py:150} INFO - [2023-08-13T18:44:17.309+0000] {dag.py:2742} INFO - Sync 1 DAGs
[2023-08-13T18:44:17.348+0000] {logging_mixin.py:150} INFO - [2023-08-13T18:44:17.348+0000] {dag.py:3508} INFO - Setting next_dagrun for example_task_group_decorator to 2023-08-12T18:44:17.347974+00:00, run_after=2023-08-13T18:44:17.347974+00:00
[2023-08-13T18:44:17.379+0000] {processor.py:179} INFO - Processing /home/airflow/.local/lib/python3.7/site-packages/airflow/example_dags/example_task_group_decorator.py took 0.150 seconds
[2023-08-13T18:44:49.265+0000] {processor.py:157} INFO - Started process (PID=518) to work on /home/airflow/.local/lib/python3.7/site-packages/airflow/example_dags/example_task_group_decorator.py
[2023-08-13T18:44:49.267+0000] {processor.py:826} INFO - Processing file /home/airflow/.local/lib/python3.7/site-packages/airflow/example_dags/example_task_group_decorator.py for tasks to queue
[2023-08-13T18:44:49.268+0000] {logging_mixin.py:150} INFO - [2023-08-13T18:44:49.268+0000] {dagbag.py:541} INFO - Filling up the DagBag from /home/airflow/.local/lib/python3.7/site-packages/airflow/example_dags/example_task_group_decorator.py
[2023-08-13T18:44:49.292+0000] {processor.py:836} INFO - DAG(s) dict_keys(['example_task_group_decorator']) retrieved from /home/airflow/.local/lib/python3.7/site-packages/airflow/example_dags/example_task_group_decorator.py
[2023-08-13T18:44:49.332+0000] {logging_mixin.py:150} INFO - [2023-08-13T18:44:49.331+0000] {dag.py:2742} INFO - Sync 1 DAGs
[2023-08-13T18:44:49.386+0000] {logging_mixin.py:150} INFO - [2023-08-13T18:44:49.385+0000] {dag.py:3508} INFO - Setting next_dagrun for example_task_group_decorator to 2023-08-12T18:44:49.385443+00:00, run_after=2023-08-13T18:44:49.385443+00:00
[2023-08-13T18:44:49.416+0000] {processor.py:179} INFO - Processing /home/airflow/.local/lib/python3.7/site-packages/airflow/example_dags/example_task_group_decorator.py took 0.156 seconds
[2023-08-13T18:45:21.079+0000] {processor.py:157} INFO - Started process (PID=583) to work on /home/airflow/.local/lib/python3.7/site-packages/airflow/example_dags/example_task_group_decorator.py
[2023-08-13T18:45:21.080+0000] {processor.py:826} INFO - Processing file /home/airflow/.local/lib/python3.7/site-packages/airflow/example_dags/example_task_group_decorator.py for tasks to queue
[2023-08-13T18:45:21.081+0000] {logging_mixin.py:150} INFO - [2023-08-13T18:45:21.081+0000] {dagbag.py:541} INFO - Filling up the DagBag from /home/airflow/.local/lib/python3.7/site-packages/airflow/example_dags/example_task_group_decorator.py
[2023-08-13T18:45:21.105+0000] {processor.py:836} INFO - DAG(s) dict_keys(['example_task_group_decorator']) retrieved from /home/airflow/.local/lib/python3.7/site-packages/airflow/example_dags/example_task_group_decorator.py
[2023-08-13T18:45:21.152+0000] {logging_mixin.py:150} INFO - [2023-08-13T18:45:21.151+0000] {dag.py:2742} INFO - Sync 1 DAGs
[2023-08-13T18:45:21.198+0000] {logging_mixin.py:150} INFO - [2023-08-13T18:45:21.197+0000] {dag.py:3508} INFO - Setting next_dagrun for example_task_group_decorator to 2023-08-12T18:45:21.197047+00:00, run_after=2023-08-13T18:45:21.197047+00:00
[2023-08-13T18:45:21.241+0000] {processor.py:179} INFO - Processing /home/airflow/.local/lib/python3.7/site-packages/airflow/example_dags/example_task_group_decorator.py took 0.166 seconds
[2023-08-13T18:45:51.281+0000] {processor.py:157} INFO - Started process (PID=648) to work on /home/airflow/.local/lib/python3.7/site-packages/airflow/example_dags/example_task_group_decorator.py
[2023-08-13T18:45:51.283+0000] {processor.py:826} INFO - Processing file /home/airflow/.local/lib/python3.7/site-packages/airflow/example_dags/example_task_group_decorator.py for tasks to queue
[2023-08-13T18:45:51.284+0000] {logging_mixin.py:150} INFO - [2023-08-13T18:45:51.283+0000] {dagbag.py:541} INFO - Filling up the DagBag from /home/airflow/.local/lib/python3.7/site-packages/airflow/example_dags/example_task_group_decorator.py
[2023-08-13T18:45:51.301+0000] {processor.py:836} INFO - DAG(s) dict_keys(['example_task_group_decorator']) retrieved from /home/airflow/.local/lib/python3.7/site-packages/airflow/example_dags/example_task_group_decorator.py
[2023-08-13T18:45:51.332+0000] {logging_mixin.py:150} INFO - [2023-08-13T18:45:51.331+0000] {dag.py:2742} INFO - Sync 1 DAGs
[2023-08-13T18:45:51.361+0000] {logging_mixin.py:150} INFO - [2023-08-13T18:45:51.361+0000] {dag.py:3508} INFO - Setting next_dagrun for example_task_group_decorator to 2023-08-12T18:45:51.361147+00:00, run_after=2023-08-13T18:45:51.361147+00:00
[2023-08-13T18:45:51.385+0000] {processor.py:179} INFO - Processing /home/airflow/.local/lib/python3.7/site-packages/airflow/example_dags/example_task_group_decorator.py took 0.107 seconds
[2023-08-13T18:46:21.425+0000] {processor.py:157} INFO - Started process (PID=713) to work on /home/airflow/.local/lib/python3.7/site-packages/airflow/example_dags/example_task_group_decorator.py
[2023-08-13T18:46:21.426+0000] {processor.py:826} INFO - Processing file /home/airflow/.local/lib/python3.7/site-packages/airflow/example_dags/example_task_group_decorator.py for tasks to queue
[2023-08-13T18:46:21.427+0000] {logging_mixin.py:150} INFO - [2023-08-13T18:46:21.427+0000] {dagbag.py:541} INFO - Filling up the DagBag from /home/airflow/.local/lib/python3.7/site-packages/airflow/example_dags/example_task_group_decorator.py
[2023-08-13T18:46:21.442+0000] {processor.py:836} INFO - DAG(s) dict_keys(['example_task_group_decorator']) retrieved from /home/airflow/.local/lib/python3.7/site-packages/airflow/example_dags/example_task_group_decorator.py
[2023-08-13T18:46:21.470+0000] {logging_mixin.py:150} INFO - [2023-08-13T18:46:21.470+0000] {dag.py:2742} INFO - Sync 1 DAGs
[2023-08-13T18:46:21.499+0000] {logging_mixin.py:150} INFO - [2023-08-13T18:46:21.498+0000] {dag.py:3508} INFO - Setting next_dagrun for example_task_group_decorator to 2023-08-12T18:46:21.498524+00:00, run_after=2023-08-13T18:46:21.498524+00:00
[2023-08-13T18:46:21.525+0000] {processor.py:179} INFO - Processing /home/airflow/.local/lib/python3.7/site-packages/airflow/example_dags/example_task_group_decorator.py took 0.103 seconds
[2023-08-13T18:46:51.873+0000] {processor.py:157} INFO - Started process (PID=778) to work on /home/airflow/.local/lib/python3.7/site-packages/airflow/example_dags/example_task_group_decorator.py
[2023-08-13T18:46:51.875+0000] {processor.py:826} INFO - Processing file /home/airflow/.local/lib/python3.7/site-packages/airflow/example_dags/example_task_group_decorator.py for tasks to queue
[2023-08-13T18:46:51.876+0000] {logging_mixin.py:150} INFO - [2023-08-13T18:46:51.875+0000] {dagbag.py:541} INFO - Filling up the DagBag from /home/airflow/.local/lib/python3.7/site-packages/airflow/example_dags/example_task_group_decorator.py
[2023-08-13T18:46:51.894+0000] {processor.py:836} INFO - DAG(s) dict_keys(['example_task_group_decorator']) retrieved from /home/airflow/.local/lib/python3.7/site-packages/airflow/example_dags/example_task_group_decorator.py
[2023-08-13T18:46:51.927+0000] {logging_mixin.py:150} INFO - [2023-08-13T18:46:51.927+0000] {dag.py:2742} INFO - Sync 1 DAGs
[2023-08-13T18:46:51.956+0000] {logging_mixin.py:150} INFO - [2023-08-13T18:46:51.955+0000] {dag.py:3508} INFO - Setting next_dagrun for example_task_group_decorator to 2023-08-12T18:46:51.955662+00:00, run_after=2023-08-13T18:46:51.955662+00:00
[2023-08-13T18:46:51.991+0000] {processor.py:179} INFO - Processing /home/airflow/.local/lib/python3.7/site-packages/airflow/example_dags/example_task_group_decorator.py took 0.121 seconds
[2023-08-13T18:47:22.712+0000] {processor.py:157} INFO - Started process (PID=843) to work on /home/airflow/.local/lib/python3.7/site-packages/airflow/example_dags/example_task_group_decorator.py
[2023-08-13T18:47:22.715+0000] {processor.py:826} INFO - Processing file /home/airflow/.local/lib/python3.7/site-packages/airflow/example_dags/example_task_group_decorator.py for tasks to queue
[2023-08-13T18:47:22.716+0000] {logging_mixin.py:150} INFO - [2023-08-13T18:47:22.716+0000] {dagbag.py:541} INFO - Filling up the DagBag from /home/airflow/.local/lib/python3.7/site-packages/airflow/example_dags/example_task_group_decorator.py
[2023-08-13T18:47:22.747+0000] {processor.py:836} INFO - DAG(s) dict_keys(['example_task_group_decorator']) retrieved from /home/airflow/.local/lib/python3.7/site-packages/airflow/example_dags/example_task_group_decorator.py
[2023-08-13T18:47:22.791+0000] {logging_mixin.py:150} INFO - [2023-08-13T18:47:22.790+0000] {dag.py:2742} INFO - Sync 1 DAGs
[2023-08-13T18:47:22.838+0000] {logging_mixin.py:150} INFO - [2023-08-13T18:47:22.837+0000] {dag.py:3508} INFO - Setting next_dagrun for example_task_group_decorator to 2023-08-12T18:47:22.837361+00:00, run_after=2023-08-13T18:47:22.837361+00:00
[2023-08-13T18:47:22.868+0000] {processor.py:179} INFO - Processing /home/airflow/.local/lib/python3.7/site-packages/airflow/example_dags/example_task_group_decorator.py took 0.161 seconds
[2023-08-13T18:47:53.375+0000] {processor.py:157} INFO - Started process (PID=908) to work on /home/airflow/.local/lib/python3.7/site-packages/airflow/example_dags/example_task_group_decorator.py
[2023-08-13T18:47:53.376+0000] {processor.py:826} INFO - Processing file /home/airflow/.local/lib/python3.7/site-packages/airflow/example_dags/example_task_group_decorator.py for tasks to queue
[2023-08-13T18:47:53.377+0000] {logging_mixin.py:150} INFO - [2023-08-13T18:47:53.377+0000] {dagbag.py:541} INFO - Filling up the DagBag from /home/airflow/.local/lib/python3.7/site-packages/airflow/example_dags/example_task_group_decorator.py
[2023-08-13T18:47:53.393+0000] {processor.py:836} INFO - DAG(s) dict_keys(['example_task_group_decorator']) retrieved from /home/airflow/.local/lib/python3.7/site-packages/airflow/example_dags/example_task_group_decorator.py
[2023-08-13T18:47:53.427+0000] {logging_mixin.py:150} INFO - [2023-08-13T18:47:53.427+0000] {dag.py:2742} INFO - Sync 1 DAGs
[2023-08-13T18:47:53.458+0000] {logging_mixin.py:150} INFO - [2023-08-13T18:47:53.458+0000] {dag.py:3508} INFO - Setting next_dagrun for example_task_group_decorator to 2023-08-12T18:47:53.458018+00:00, run_after=2023-08-13T18:47:53.458018+00:00
[2023-08-13T18:47:53.481+0000] {processor.py:179} INFO - Processing /home/airflow/.local/lib/python3.7/site-packages/airflow/example_dags/example_task_group_decorator.py took 0.109 seconds
[2023-08-13T18:48:24.054+0000] {processor.py:157} INFO - Started process (PID=973) to work on /home/airflow/.local/lib/python3.7/site-packages/airflow/example_dags/example_task_group_decorator.py
[2023-08-13T18:48:24.055+0000] {processor.py:826} INFO - Processing file /home/airflow/.local/lib/python3.7/site-packages/airflow/example_dags/example_task_group_decorator.py for tasks to queue
[2023-08-13T18:48:24.057+0000] {logging_mixin.py:150} INFO - [2023-08-13T18:48:24.056+0000] {dagbag.py:541} INFO - Filling up the DagBag from /home/airflow/.local/lib/python3.7/site-packages/airflow/example_dags/example_task_group_decorator.py
[2023-08-13T18:48:24.075+0000] {processor.py:836} INFO - DAG(s) dict_keys(['example_task_group_decorator']) retrieved from /home/airflow/.local/lib/python3.7/site-packages/airflow/example_dags/example_task_group_decorator.py
[2023-08-13T18:48:24.109+0000] {logging_mixin.py:150} INFO - [2023-08-13T18:48:24.109+0000] {dag.py:2742} INFO - Sync 1 DAGs
[2023-08-13T18:48:24.138+0000] {logging_mixin.py:150} INFO - [2023-08-13T18:48:24.138+0000] {dag.py:3508} INFO - Setting next_dagrun for example_task_group_decorator to 2023-08-12T18:48:24.138008+00:00, run_after=2023-08-13T18:48:24.138008+00:00
[2023-08-13T18:48:24.165+0000] {processor.py:179} INFO - Processing /home/airflow/.local/lib/python3.7/site-packages/airflow/example_dags/example_task_group_decorator.py took 0.114 seconds
[2023-08-13T18:48:54.461+0000] {processor.py:157} INFO - Started process (PID=1038) to work on /home/airflow/.local/lib/python3.7/site-packages/airflow/example_dags/example_task_group_decorator.py
[2023-08-13T18:48:54.463+0000] {processor.py:826} INFO - Processing file /home/airflow/.local/lib/python3.7/site-packages/airflow/example_dags/example_task_group_decorator.py for tasks to queue
[2023-08-13T18:48:54.465+0000] {logging_mixin.py:150} INFO - [2023-08-13T18:48:54.464+0000] {dagbag.py:541} INFO - Filling up the DagBag from /home/airflow/.local/lib/python3.7/site-packages/airflow/example_dags/example_task_group_decorator.py
[2023-08-13T18:48:54.481+0000] {processor.py:836} INFO - DAG(s) dict_keys(['example_task_group_decorator']) retrieved from /home/airflow/.local/lib/python3.7/site-packages/airflow/example_dags/example_task_group_decorator.py
[2023-08-13T18:48:54.514+0000] {logging_mixin.py:150} INFO - [2023-08-13T18:48:54.514+0000] {dag.py:2742} INFO - Sync 1 DAGs
[2023-08-13T18:48:54.548+0000] {logging_mixin.py:150} INFO - [2023-08-13T18:48:54.548+0000] {dag.py:3508} INFO - Setting next_dagrun for example_task_group_decorator to 2023-08-12T18:48:54.548337+00:00, run_after=2023-08-13T18:48:54.548337+00:00
[2023-08-13T18:48:54.578+0000] {processor.py:179} INFO - Processing /home/airflow/.local/lib/python3.7/site-packages/airflow/example_dags/example_task_group_decorator.py took 0.121 seconds
[2023-08-13T18:49:24.836+0000] {processor.py:157} INFO - Started process (PID=1103) to work on /home/airflow/.local/lib/python3.7/site-packages/airflow/example_dags/example_task_group_decorator.py
[2023-08-13T18:49:24.838+0000] {processor.py:826} INFO - Processing file /home/airflow/.local/lib/python3.7/site-packages/airflow/example_dags/example_task_group_decorator.py for tasks to queue
[2023-08-13T18:49:24.839+0000] {logging_mixin.py:150} INFO - [2023-08-13T18:49:24.839+0000] {dagbag.py:541} INFO - Filling up the DagBag from /home/airflow/.local/lib/python3.7/site-packages/airflow/example_dags/example_task_group_decorator.py
[2023-08-13T18:49:24.868+0000] {processor.py:836} INFO - DAG(s) dict_keys(['example_task_group_decorator']) retrieved from /home/airflow/.local/lib/python3.7/site-packages/airflow/example_dags/example_task_group_decorator.py
[2023-08-13T18:49:24.910+0000] {logging_mixin.py:150} INFO - [2023-08-13T18:49:24.910+0000] {dag.py:2742} INFO - Sync 1 DAGs
[2023-08-13T18:49:24.953+0000] {logging_mixin.py:150} INFO - [2023-08-13T18:49:24.952+0000] {dag.py:3508} INFO - Setting next_dagrun for example_task_group_decorator to 2023-08-12T18:49:24.952631+00:00, run_after=2023-08-13T18:49:24.952631+00:00
[2023-08-13T18:49:24.985+0000] {processor.py:179} INFO - Processing /home/airflow/.local/lib/python3.7/site-packages/airflow/example_dags/example_task_group_decorator.py took 0.153 seconds
[2023-08-13T18:49:55.560+0000] {processor.py:157} INFO - Started process (PID=1168) to work on /home/airflow/.local/lib/python3.7/site-packages/airflow/example_dags/example_task_group_decorator.py
[2023-08-13T18:49:55.562+0000] {processor.py:826} INFO - Processing file /home/airflow/.local/lib/python3.7/site-packages/airflow/example_dags/example_task_group_decorator.py for tasks to queue
[2023-08-13T18:49:55.564+0000] {logging_mixin.py:150} INFO - [2023-08-13T18:49:55.563+0000] {dagbag.py:541} INFO - Filling up the DagBag from /home/airflow/.local/lib/python3.7/site-packages/airflow/example_dags/example_task_group_decorator.py
[2023-08-13T18:49:55.606+0000] {processor.py:836} INFO - DAG(s) dict_keys(['example_task_group_decorator']) retrieved from /home/airflow/.local/lib/python3.7/site-packages/airflow/example_dags/example_task_group_decorator.py
[2023-08-13T18:49:55.689+0000] {logging_mixin.py:150} INFO - [2023-08-13T18:49:55.689+0000] {dag.py:2742} INFO - Sync 1 DAGs
[2023-08-13T18:49:55.774+0000] {logging_mixin.py:150} INFO - [2023-08-13T18:49:55.774+0000] {dag.py:3508} INFO - Setting next_dagrun for example_task_group_decorator to 2023-08-12T18:49:55.773975+00:00, run_after=2023-08-13T18:49:55.773975+00:00
[2023-08-13T18:49:55.835+0000] {processor.py:179} INFO - Processing /home/airflow/.local/lib/python3.7/site-packages/airflow/example_dags/example_task_group_decorator.py took 0.280 seconds
[2023-08-13T19:56:27.687+0000] {processor.py:157} INFO - Started process (PID=72) to work on /home/airflow/.local/lib/python3.7/site-packages/airflow/example_dags/example_task_group_decorator.py
[2023-08-13T19:56:27.691+0000] {processor.py:826} INFO - Processing file /home/airflow/.local/lib/python3.7/site-packages/airflow/example_dags/example_task_group_decorator.py for tasks to queue
[2023-08-13T19:56:27.694+0000] {logging_mixin.py:150} INFO - [2023-08-13T19:56:27.694+0000] {dagbag.py:541} INFO - Filling up the DagBag from /home/airflow/.local/lib/python3.7/site-packages/airflow/example_dags/example_task_group_decorator.py
[2023-08-13T19:56:32.061+0000] {processor.py:836} INFO - DAG(s) dict_keys(['example_task_group_decorator']) retrieved from /home/airflow/.local/lib/python3.7/site-packages/airflow/example_dags/example_task_group_decorator.py
[2023-08-13T19:56:36.059+0000] {logging_mixin.py:150} INFO - [2023-08-13T19:56:36.059+0000] {dag.py:2742} INFO - Sync 1 DAGs
[2023-08-13T19:56:36.520+0000] {logging_mixin.py:150} INFO - [2023-08-13T19:56:36.520+0000] {dag.py:3508} INFO - Setting next_dagrun for example_task_group_decorator to 2023-08-12T19:56:36.519850+00:00, run_after=2023-08-13T19:56:36.519850+00:00
[2023-08-13T19:56:44.264+0000] {logging_mixin.py:150} INFO - [2023-08-13T19:56:44.264+0000] {process_utils.py:258} INFO - Waiting up to 5 seconds for processes to exit...
[2023-08-13T19:58:40.316+0000] {processor.py:157} INFO - Started process (PID=64) to work on /home/airflow/.local/lib/python3.7/site-packages/airflow/example_dags/example_task_group_decorator.py
[2023-08-13T19:58:40.318+0000] {processor.py:826} INFO - Processing file /home/airflow/.local/lib/python3.7/site-packages/airflow/example_dags/example_task_group_decorator.py for tasks to queue
[2023-08-13T19:58:40.319+0000] {logging_mixin.py:150} INFO - [2023-08-13T19:58:40.318+0000] {dagbag.py:541} INFO - Filling up the DagBag from /home/airflow/.local/lib/python3.7/site-packages/airflow/example_dags/example_task_group_decorator.py
[2023-08-13T19:58:40.348+0000] {processor.py:836} INFO - DAG(s) dict_keys(['example_task_group_decorator']) retrieved from /home/airflow/.local/lib/python3.7/site-packages/airflow/example_dags/example_task_group_decorator.py
[2023-08-13T19:58:40.368+0000] {logging_mixin.py:150} INFO - [2023-08-13T19:58:40.367+0000] {dag.py:2742} INFO - Sync 1 DAGs
[2023-08-13T19:58:40.402+0000] {logging_mixin.py:150} INFO - [2023-08-13T19:58:40.402+0000] {dag.py:3508} INFO - Setting next_dagrun for example_task_group_decorator to 2023-08-12T19:58:40.402035+00:00, run_after=2023-08-13T19:58:40.402035+00:00
[2023-08-13T19:58:40.433+0000] {processor.py:179} INFO - Processing /home/airflow/.local/lib/python3.7/site-packages/airflow/example_dags/example_task_group_decorator.py took 0.123 seconds
[2023-08-13T19:59:10.807+0000] {processor.py:157} INFO - Started process (PID=130) to work on /home/airflow/.local/lib/python3.7/site-packages/airflow/example_dags/example_task_group_decorator.py
[2023-08-13T19:59:10.808+0000] {processor.py:826} INFO - Processing file /home/airflow/.local/lib/python3.7/site-packages/airflow/example_dags/example_task_group_decorator.py for tasks to queue
[2023-08-13T19:59:10.810+0000] {logging_mixin.py:150} INFO - [2023-08-13T19:59:10.809+0000] {dagbag.py:541} INFO - Filling up the DagBag from /home/airflow/.local/lib/python3.7/site-packages/airflow/example_dags/example_task_group_decorator.py
[2023-08-13T19:59:10.837+0000] {processor.py:836} INFO - DAG(s) dict_keys(['example_task_group_decorator']) retrieved from /home/airflow/.local/lib/python3.7/site-packages/airflow/example_dags/example_task_group_decorator.py
[2023-08-13T19:59:10.896+0000] {logging_mixin.py:150} INFO - [2023-08-13T19:59:10.896+0000] {dag.py:2742} INFO - Sync 1 DAGs
[2023-08-13T19:59:10.942+0000] {logging_mixin.py:150} INFO - [2023-08-13T19:59:10.942+0000] {dag.py:3508} INFO - Setting next_dagrun for example_task_group_decorator to 2023-08-12T19:59:10.941736+00:00, run_after=2023-08-13T19:59:10.941736+00:00
[2023-08-13T19:59:10.975+0000] {processor.py:179} INFO - Processing /home/airflow/.local/lib/python3.7/site-packages/airflow/example_dags/example_task_group_decorator.py took 0.172 seconds
[2023-08-13T19:59:41.869+0000] {processor.py:157} INFO - Started process (PID=196) to work on /home/airflow/.local/lib/python3.7/site-packages/airflow/example_dags/example_task_group_decorator.py
[2023-08-13T19:59:41.871+0000] {processor.py:826} INFO - Processing file /home/airflow/.local/lib/python3.7/site-packages/airflow/example_dags/example_task_group_decorator.py for tasks to queue
[2023-08-13T19:59:41.873+0000] {logging_mixin.py:150} INFO - [2023-08-13T19:59:41.872+0000] {dagbag.py:541} INFO - Filling up the DagBag from /home/airflow/.local/lib/python3.7/site-packages/airflow/example_dags/example_task_group_decorator.py
[2023-08-13T19:59:41.910+0000] {processor.py:836} INFO - DAG(s) dict_keys(['example_task_group_decorator']) retrieved from /home/airflow/.local/lib/python3.7/site-packages/airflow/example_dags/example_task_group_decorator.py
[2023-08-13T19:59:41.963+0000] {logging_mixin.py:150} INFO - [2023-08-13T19:59:41.963+0000] {dag.py:2742} INFO - Sync 1 DAGs
[2023-08-13T19:59:42.018+0000] {logging_mixin.py:150} INFO - [2023-08-13T19:59:42.017+0000] {dag.py:3508} INFO - Setting next_dagrun for example_task_group_decorator to 2023-08-12T19:59:42.017345+00:00, run_after=2023-08-13T19:59:42.017345+00:00
[2023-08-13T19:59:42.074+0000] {processor.py:179} INFO - Processing /home/airflow/.local/lib/python3.7/site-packages/airflow/example_dags/example_task_group_decorator.py took 0.210 seconds
[2023-08-13T20:00:12.691+0000] {processor.py:157} INFO - Started process (PID=262) to work on /home/airflow/.local/lib/python3.7/site-packages/airflow/example_dags/example_task_group_decorator.py
[2023-08-13T20:00:12.693+0000] {processor.py:826} INFO - Processing file /home/airflow/.local/lib/python3.7/site-packages/airflow/example_dags/example_task_group_decorator.py for tasks to queue
[2023-08-13T20:00:12.694+0000] {logging_mixin.py:150} INFO - [2023-08-13T20:00:12.694+0000] {dagbag.py:541} INFO - Filling up the DagBag from /home/airflow/.local/lib/python3.7/site-packages/airflow/example_dags/example_task_group_decorator.py
[2023-08-13T20:00:12.715+0000] {processor.py:836} INFO - DAG(s) dict_keys(['example_task_group_decorator']) retrieved from /home/airflow/.local/lib/python3.7/site-packages/airflow/example_dags/example_task_group_decorator.py
[2023-08-13T20:00:12.751+0000] {logging_mixin.py:150} INFO - [2023-08-13T20:00:12.751+0000] {dag.py:2742} INFO - Sync 1 DAGs
[2023-08-13T20:00:12.788+0000] {logging_mixin.py:150} INFO - [2023-08-13T20:00:12.788+0000] {dag.py:3508} INFO - Setting next_dagrun for example_task_group_decorator to 2023-08-12T20:00:12.787663+00:00, run_after=2023-08-13T20:00:12.787663+00:00
[2023-08-13T20:00:12.821+0000] {processor.py:179} INFO - Processing /home/airflow/.local/lib/python3.7/site-packages/airflow/example_dags/example_task_group_decorator.py took 0.134 seconds
[2023-08-13T20:00:43.864+0000] {processor.py:157} INFO - Started process (PID=328) to work on /home/airflow/.local/lib/python3.7/site-packages/airflow/example_dags/example_task_group_decorator.py
[2023-08-13T20:00:43.865+0000] {processor.py:826} INFO - Processing file /home/airflow/.local/lib/python3.7/site-packages/airflow/example_dags/example_task_group_decorator.py for tasks to queue
[2023-08-13T20:00:43.867+0000] {logging_mixin.py:150} INFO - [2023-08-13T20:00:43.866+0000] {dagbag.py:541} INFO - Filling up the DagBag from /home/airflow/.local/lib/python3.7/site-packages/airflow/example_dags/example_task_group_decorator.py
[2023-08-13T20:00:43.895+0000] {processor.py:836} INFO - DAG(s) dict_keys(['example_task_group_decorator']) retrieved from /home/airflow/.local/lib/python3.7/site-packages/airflow/example_dags/example_task_group_decorator.py
[2023-08-13T20:00:43.935+0000] {logging_mixin.py:150} INFO - [2023-08-13T20:00:43.935+0000] {dag.py:2742} INFO - Sync 1 DAGs
[2023-08-13T20:00:43.972+0000] {logging_mixin.py:150} INFO - [2023-08-13T20:00:43.972+0000] {dag.py:3508} INFO - Setting next_dagrun for example_task_group_decorator to 2023-08-12T20:00:43.971847+00:00, run_after=2023-08-13T20:00:43.971847+00:00
[2023-08-13T20:00:44.001+0000] {processor.py:179} INFO - Processing /home/airflow/.local/lib/python3.7/site-packages/airflow/example_dags/example_task_group_decorator.py took 0.141 seconds
[2023-08-13T20:01:14.097+0000] {processor.py:157} INFO - Started process (PID=394) to work on /home/airflow/.local/lib/python3.7/site-packages/airflow/example_dags/example_task_group_decorator.py
[2023-08-13T20:01:14.099+0000] {processor.py:826} INFO - Processing file /home/airflow/.local/lib/python3.7/site-packages/airflow/example_dags/example_task_group_decorator.py for tasks to queue
[2023-08-13T20:01:14.100+0000] {logging_mixin.py:150} INFO - [2023-08-13T20:01:14.099+0000] {dagbag.py:541} INFO - Filling up the DagBag from /home/airflow/.local/lib/python3.7/site-packages/airflow/example_dags/example_task_group_decorator.py
[2023-08-13T20:01:14.114+0000] {processor.py:836} INFO - DAG(s) dict_keys(['example_task_group_decorator']) retrieved from /home/airflow/.local/lib/python3.7/site-packages/airflow/example_dags/example_task_group_decorator.py
[2023-08-13T20:01:14.143+0000] {logging_mixin.py:150} INFO - [2023-08-13T20:01:14.142+0000] {dag.py:2742} INFO - Sync 1 DAGs
[2023-08-13T20:01:14.171+0000] {logging_mixin.py:150} INFO - [2023-08-13T20:01:14.171+0000] {dag.py:3508} INFO - Setting next_dagrun for example_task_group_decorator to 2023-08-12T20:01:14.171060+00:00, run_after=2023-08-13T20:01:14.171060+00:00
[2023-08-13T20:01:14.196+0000] {processor.py:179} INFO - Processing /home/airflow/.local/lib/python3.7/site-packages/airflow/example_dags/example_task_group_decorator.py took 0.101 seconds
[2023-08-13T20:01:45.048+0000] {processor.py:157} INFO - Started process (PID=460) to work on /home/airflow/.local/lib/python3.7/site-packages/airflow/example_dags/example_task_group_decorator.py
[2023-08-13T20:01:45.049+0000] {processor.py:826} INFO - Processing file /home/airflow/.local/lib/python3.7/site-packages/airflow/example_dags/example_task_group_decorator.py for tasks to queue
[2023-08-13T20:01:45.051+0000] {logging_mixin.py:150} INFO - [2023-08-13T20:01:45.050+0000] {dagbag.py:541} INFO - Filling up the DagBag from /home/airflow/.local/lib/python3.7/site-packages/airflow/example_dags/example_task_group_decorator.py
[2023-08-13T20:01:45.073+0000] {processor.py:836} INFO - DAG(s) dict_keys(['example_task_group_decorator']) retrieved from /home/airflow/.local/lib/python3.7/site-packages/airflow/example_dags/example_task_group_decorator.py
[2023-08-13T20:01:45.115+0000] {logging_mixin.py:150} INFO - [2023-08-13T20:01:45.114+0000] {dag.py:2742} INFO - Sync 1 DAGs
[2023-08-13T20:01:45.161+0000] {logging_mixin.py:150} INFO - [2023-08-13T20:01:45.161+0000] {dag.py:3508} INFO - Setting next_dagrun for example_task_group_decorator to 2023-08-12T20:01:45.160940+00:00, run_after=2023-08-13T20:01:45.160940+00:00
[2023-08-13T20:01:45.196+0000] {processor.py:179} INFO - Processing /home/airflow/.local/lib/python3.7/site-packages/airflow/example_dags/example_task_group_decorator.py took 0.152 seconds
[2023-08-13T20:02:25.328+0000] {processor.py:157} INFO - Started process (PID=533) to work on /home/airflow/.local/lib/python3.7/site-packages/airflow/example_dags/example_task_group_decorator.py
[2023-08-13T20:02:25.330+0000] {processor.py:826} INFO - Processing file /home/airflow/.local/lib/python3.7/site-packages/airflow/example_dags/example_task_group_decorator.py for tasks to queue
[2023-08-13T20:02:25.331+0000] {logging_mixin.py:150} INFO - [2023-08-13T20:02:25.331+0000] {dagbag.py:541} INFO - Filling up the DagBag from /home/airflow/.local/lib/python3.7/site-packages/airflow/example_dags/example_task_group_decorator.py
[2023-08-13T20:02:25.356+0000] {processor.py:836} INFO - DAG(s) dict_keys(['example_task_group_decorator']) retrieved from /home/airflow/.local/lib/python3.7/site-packages/airflow/example_dags/example_task_group_decorator.py
[2023-08-13T20:02:25.398+0000] {logging_mixin.py:150} INFO - [2023-08-13T20:02:25.397+0000] {dag.py:2742} INFO - Sync 1 DAGs
[2023-08-13T20:02:25.433+0000] {logging_mixin.py:150} INFO - [2023-08-13T20:02:25.433+0000] {dag.py:3508} INFO - Setting next_dagrun for example_task_group_decorator to 2023-08-12T20:02:25.433422+00:00, run_after=2023-08-13T20:02:25.433422+00:00
[2023-08-13T20:02:25.461+0000] {processor.py:179} INFO - Processing /home/airflow/.local/lib/python3.7/site-packages/airflow/example_dags/example_task_group_decorator.py took 0.137 seconds
[2023-08-13T20:05:58.868+0000] {processor.py:157} INFO - Started process (PID=64) to work on /home/airflow/.local/lib/python3.7/site-packages/airflow/example_dags/example_task_group_decorator.py
[2023-08-13T20:05:58.870+0000] {processor.py:826} INFO - Processing file /home/airflow/.local/lib/python3.7/site-packages/airflow/example_dags/example_task_group_decorator.py for tasks to queue
[2023-08-13T20:05:58.871+0000] {logging_mixin.py:150} INFO - [2023-08-13T20:05:58.871+0000] {dagbag.py:541} INFO - Filling up the DagBag from /home/airflow/.local/lib/python3.7/site-packages/airflow/example_dags/example_task_group_decorator.py
[2023-08-13T20:05:58.899+0000] {processor.py:836} INFO - DAG(s) dict_keys(['example_task_group_decorator']) retrieved from /home/airflow/.local/lib/python3.7/site-packages/airflow/example_dags/example_task_group_decorator.py
[2023-08-13T20:05:58.916+0000] {logging_mixin.py:150} INFO - [2023-08-13T20:05:58.916+0000] {dag.py:2742} INFO - Sync 1 DAGs
[2023-08-13T20:05:58.970+0000] {logging_mixin.py:150} INFO - [2023-08-13T20:05:58.970+0000] {dag.py:3508} INFO - Setting next_dagrun for example_task_group_decorator to 2023-08-12T20:05:58.969261+00:00, run_after=2023-08-13T20:05:58.969261+00:00
[2023-08-13T20:05:59.021+0000] {processor.py:179} INFO - Processing /home/airflow/.local/lib/python3.7/site-packages/airflow/example_dags/example_task_group_decorator.py took 0.158 seconds
[2023-08-13T20:06:29.697+0000] {processor.py:157} INFO - Started process (PID=130) to work on /home/airflow/.local/lib/python3.7/site-packages/airflow/example_dags/example_task_group_decorator.py
[2023-08-13T20:06:29.698+0000] {processor.py:826} INFO - Processing file /home/airflow/.local/lib/python3.7/site-packages/airflow/example_dags/example_task_group_decorator.py for tasks to queue
[2023-08-13T20:06:29.699+0000] {logging_mixin.py:150} INFO - [2023-08-13T20:06:29.699+0000] {dagbag.py:541} INFO - Filling up the DagBag from /home/airflow/.local/lib/python3.7/site-packages/airflow/example_dags/example_task_group_decorator.py
[2023-08-13T20:06:29.715+0000] {processor.py:836} INFO - DAG(s) dict_keys(['example_task_group_decorator']) retrieved from /home/airflow/.local/lib/python3.7/site-packages/airflow/example_dags/example_task_group_decorator.py
[2023-08-13T20:06:29.746+0000] {logging_mixin.py:150} INFO - [2023-08-13T20:06:29.745+0000] {dag.py:2742} INFO - Sync 1 DAGs
[2023-08-13T20:06:29.780+0000] {logging_mixin.py:150} INFO - [2023-08-13T20:06:29.779+0000] {dag.py:3508} INFO - Setting next_dagrun for example_task_group_decorator to 2023-08-12T20:06:29.779331+00:00, run_after=2023-08-13T20:06:29.779331+00:00
[2023-08-13T20:06:29.815+0000] {processor.py:179} INFO - Processing /home/airflow/.local/lib/python3.7/site-packages/airflow/example_dags/example_task_group_decorator.py took 0.120 seconds
[2023-08-13T20:07:00.423+0000] {processor.py:157} INFO - Started process (PID=196) to work on /home/airflow/.local/lib/python3.7/site-packages/airflow/example_dags/example_task_group_decorator.py
[2023-08-13T20:07:00.425+0000] {processor.py:826} INFO - Processing file /home/airflow/.local/lib/python3.7/site-packages/airflow/example_dags/example_task_group_decorator.py for tasks to queue
[2023-08-13T20:07:00.427+0000] {logging_mixin.py:150} INFO - [2023-08-13T20:07:00.426+0000] {dagbag.py:541} INFO - Filling up the DagBag from /home/airflow/.local/lib/python3.7/site-packages/airflow/example_dags/example_task_group_decorator.py
[2023-08-13T20:07:00.450+0000] {processor.py:836} INFO - DAG(s) dict_keys(['example_task_group_decorator']) retrieved from /home/airflow/.local/lib/python3.7/site-packages/airflow/example_dags/example_task_group_decorator.py
[2023-08-13T20:07:00.482+0000] {logging_mixin.py:150} INFO - [2023-08-13T20:07:00.482+0000] {dag.py:2742} INFO - Sync 1 DAGs
[2023-08-13T20:07:00.521+0000] {logging_mixin.py:150} INFO - [2023-08-13T20:07:00.520+0000] {dag.py:3508} INFO - Setting next_dagrun for example_task_group_decorator to 2023-08-12T20:07:00.520442+00:00, run_after=2023-08-13T20:07:00.520442+00:00
[2023-08-13T20:07:00.551+0000] {processor.py:179} INFO - Processing /home/airflow/.local/lib/python3.7/site-packages/airflow/example_dags/example_task_group_decorator.py took 0.132 seconds
[2023-08-13T20:07:31.763+0000] {processor.py:157} INFO - Started process (PID=262) to work on /home/airflow/.local/lib/python3.7/site-packages/airflow/example_dags/example_task_group_decorator.py
[2023-08-13T20:07:31.764+0000] {processor.py:826} INFO - Processing file /home/airflow/.local/lib/python3.7/site-packages/airflow/example_dags/example_task_group_decorator.py for tasks to queue
[2023-08-13T20:07:31.765+0000] {logging_mixin.py:150} INFO - [2023-08-13T20:07:31.765+0000] {dagbag.py:541} INFO - Filling up the DagBag from /home/airflow/.local/lib/python3.7/site-packages/airflow/example_dags/example_task_group_decorator.py
[2023-08-13T20:07:31.781+0000] {processor.py:836} INFO - DAG(s) dict_keys(['example_task_group_decorator']) retrieved from /home/airflow/.local/lib/python3.7/site-packages/airflow/example_dags/example_task_group_decorator.py
[2023-08-13T20:07:31.816+0000] {logging_mixin.py:150} INFO - [2023-08-13T20:07:31.816+0000] {dag.py:2742} INFO - Sync 1 DAGs
[2023-08-13T20:07:31.850+0000] {logging_mixin.py:150} INFO - [2023-08-13T20:07:31.850+0000] {dag.py:3508} INFO - Setting next_dagrun for example_task_group_decorator to 2023-08-12T20:07:31.850386+00:00, run_after=2023-08-13T20:07:31.850386+00:00
[2023-08-13T20:07:31.877+0000] {processor.py:179} INFO - Processing /home/airflow/.local/lib/python3.7/site-packages/airflow/example_dags/example_task_group_decorator.py took 0.118 seconds
[2023-08-13T20:08:02.332+0000] {processor.py:157} INFO - Started process (PID=328) to work on /home/airflow/.local/lib/python3.7/site-packages/airflow/example_dags/example_task_group_decorator.py
[2023-08-13T20:08:02.333+0000] {processor.py:826} INFO - Processing file /home/airflow/.local/lib/python3.7/site-packages/airflow/example_dags/example_task_group_decorator.py for tasks to queue
[2023-08-13T20:08:02.335+0000] {logging_mixin.py:150} INFO - [2023-08-13T20:08:02.334+0000] {dagbag.py:541} INFO - Filling up the DagBag from /home/airflow/.local/lib/python3.7/site-packages/airflow/example_dags/example_task_group_decorator.py
[2023-08-13T20:08:02.362+0000] {processor.py:836} INFO - DAG(s) dict_keys(['example_task_group_decorator']) retrieved from /home/airflow/.local/lib/python3.7/site-packages/airflow/example_dags/example_task_group_decorator.py
[2023-08-13T20:08:02.421+0000] {logging_mixin.py:150} INFO - [2023-08-13T20:08:02.421+0000] {dag.py:2742} INFO - Sync 1 DAGs
[2023-08-13T20:08:02.479+0000] {logging_mixin.py:150} INFO - [2023-08-13T20:08:02.479+0000] {dag.py:3508} INFO - Setting next_dagrun for example_task_group_decorator to 2023-08-12T20:08:02.478653+00:00, run_after=2023-08-13T20:08:02.478653+00:00
[2023-08-13T20:08:02.521+0000] {processor.py:179} INFO - Processing /home/airflow/.local/lib/python3.7/site-packages/airflow/example_dags/example_task_group_decorator.py took 0.192 seconds
[2023-08-13T20:08:32.833+0000] {processor.py:157} INFO - Started process (PID=394) to work on /home/airflow/.local/lib/python3.7/site-packages/airflow/example_dags/example_task_group_decorator.py
[2023-08-13T20:08:32.834+0000] {processor.py:826} INFO - Processing file /home/airflow/.local/lib/python3.7/site-packages/airflow/example_dags/example_task_group_decorator.py for tasks to queue
[2023-08-13T20:08:32.836+0000] {logging_mixin.py:150} INFO - [2023-08-13T20:08:32.835+0000] {dagbag.py:541} INFO - Filling up the DagBag from /home/airflow/.local/lib/python3.7/site-packages/airflow/example_dags/example_task_group_decorator.py
[2023-08-13T20:08:32.851+0000] {processor.py:836} INFO - DAG(s) dict_keys(['example_task_group_decorator']) retrieved from /home/airflow/.local/lib/python3.7/site-packages/airflow/example_dags/example_task_group_decorator.py
[2023-08-13T20:08:32.885+0000] {logging_mixin.py:150} INFO - [2023-08-13T20:08:32.884+0000] {dag.py:2742} INFO - Sync 1 DAGs
[2023-08-13T20:08:32.917+0000] {logging_mixin.py:150} INFO - [2023-08-13T20:08:32.917+0000] {dag.py:3508} INFO - Setting next_dagrun for example_task_group_decorator to 2023-08-12T20:08:32.916993+00:00, run_after=2023-08-13T20:08:32.916993+00:00
[2023-08-13T20:08:32.941+0000] {processor.py:179} INFO - Processing /home/airflow/.local/lib/python3.7/site-packages/airflow/example_dags/example_task_group_decorator.py took 0.112 seconds
[2023-08-13T20:09:03.562+0000] {processor.py:157} INFO - Started process (PID=460) to work on /home/airflow/.local/lib/python3.7/site-packages/airflow/example_dags/example_task_group_decorator.py
[2023-08-13T20:09:03.563+0000] {processor.py:826} INFO - Processing file /home/airflow/.local/lib/python3.7/site-packages/airflow/example_dags/example_task_group_decorator.py for tasks to queue
[2023-08-13T20:09:03.564+0000] {logging_mixin.py:150} INFO - [2023-08-13T20:09:03.564+0000] {dagbag.py:541} INFO - Filling up the DagBag from /home/airflow/.local/lib/python3.7/site-packages/airflow/example_dags/example_task_group_decorator.py
[2023-08-13T20:09:03.581+0000] {processor.py:836} INFO - DAG(s) dict_keys(['example_task_group_decorator']) retrieved from /home/airflow/.local/lib/python3.7/site-packages/airflow/example_dags/example_task_group_decorator.py
[2023-08-13T20:09:03.614+0000] {logging_mixin.py:150} INFO - [2023-08-13T20:09:03.614+0000] {dag.py:2742} INFO - Sync 1 DAGs
[2023-08-13T20:09:03.650+0000] {logging_mixin.py:150} INFO - [2023-08-13T20:09:03.650+0000] {dag.py:3508} INFO - Setting next_dagrun for example_task_group_decorator to 2023-08-12T20:09:03.650192+00:00, run_after=2023-08-13T20:09:03.650192+00:00
[2023-08-13T20:09:03.681+0000] {processor.py:179} INFO - Processing /home/airflow/.local/lib/python3.7/site-packages/airflow/example_dags/example_task_group_decorator.py took 0.123 seconds
[2023-08-13T20:09:34.126+0000] {processor.py:157} INFO - Started process (PID=526) to work on /home/airflow/.local/lib/python3.7/site-packages/airflow/example_dags/example_task_group_decorator.py
[2023-08-13T20:09:34.128+0000] {processor.py:826} INFO - Processing file /home/airflow/.local/lib/python3.7/site-packages/airflow/example_dags/example_task_group_decorator.py for tasks to queue
[2023-08-13T20:09:34.130+0000] {logging_mixin.py:150} INFO - [2023-08-13T20:09:34.129+0000] {dagbag.py:541} INFO - Filling up the DagBag from /home/airflow/.local/lib/python3.7/site-packages/airflow/example_dags/example_task_group_decorator.py
[2023-08-13T20:09:34.151+0000] {processor.py:836} INFO - DAG(s) dict_keys(['example_task_group_decorator']) retrieved from /home/airflow/.local/lib/python3.7/site-packages/airflow/example_dags/example_task_group_decorator.py
[2023-08-13T20:09:34.192+0000] {logging_mixin.py:150} INFO - [2023-08-13T20:09:34.191+0000] {dag.py:2742} INFO - Sync 1 DAGs
[2023-08-13T20:09:34.225+0000] {logging_mixin.py:150} INFO - [2023-08-13T20:09:34.225+0000] {dag.py:3508} INFO - Setting next_dagrun for example_task_group_decorator to 2023-08-12T20:09:34.224738+00:00, run_after=2023-08-13T20:09:34.224738+00:00
[2023-08-13T20:09:34.256+0000] {processor.py:179} INFO - Processing /home/airflow/.local/lib/python3.7/site-packages/airflow/example_dags/example_task_group_decorator.py took 0.136 seconds
[2023-08-13T20:10:04.499+0000] {processor.py:157} INFO - Started process (PID=592) to work on /home/airflow/.local/lib/python3.7/site-packages/airflow/example_dags/example_task_group_decorator.py
[2023-08-13T20:10:04.501+0000] {processor.py:826} INFO - Processing file /home/airflow/.local/lib/python3.7/site-packages/airflow/example_dags/example_task_group_decorator.py for tasks to queue
[2023-08-13T20:10:04.503+0000] {logging_mixin.py:150} INFO - [2023-08-13T20:10:04.502+0000] {dagbag.py:541} INFO - Filling up the DagBag from /home/airflow/.local/lib/python3.7/site-packages/airflow/example_dags/example_task_group_decorator.py
[2023-08-13T20:10:04.552+0000] {processor.py:836} INFO - DAG(s) dict_keys(['example_task_group_decorator']) retrieved from /home/airflow/.local/lib/python3.7/site-packages/airflow/example_dags/example_task_group_decorator.py
[2023-08-13T20:10:04.616+0000] {logging_mixin.py:150} INFO - [2023-08-13T20:10:04.615+0000] {dag.py:2742} INFO - Sync 1 DAGs
[2023-08-13T20:10:04.657+0000] {logging_mixin.py:150} INFO - [2023-08-13T20:10:04.657+0000] {dag.py:3508} INFO - Setting next_dagrun for example_task_group_decorator to 2023-08-12T20:10:04.657261+00:00, run_after=2023-08-13T20:10:04.657261+00:00
[2023-08-13T20:10:04.723+0000] {processor.py:179} INFO - Processing /home/airflow/.local/lib/python3.7/site-packages/airflow/example_dags/example_task_group_decorator.py took 0.229 seconds
[2023-08-13T20:10:34.980+0000] {processor.py:157} INFO - Started process (PID=658) to work on /home/airflow/.local/lib/python3.7/site-packages/airflow/example_dags/example_task_group_decorator.py
[2023-08-13T20:10:34.983+0000] {processor.py:826} INFO - Processing file /home/airflow/.local/lib/python3.7/site-packages/airflow/example_dags/example_task_group_decorator.py for tasks to queue
[2023-08-13T20:10:34.985+0000] {logging_mixin.py:150} INFO - [2023-08-13T20:10:34.984+0000] {dagbag.py:541} INFO - Filling up the DagBag from /home/airflow/.local/lib/python3.7/site-packages/airflow/example_dags/example_task_group_decorator.py
[2023-08-13T20:10:35.021+0000] {processor.py:836} INFO - DAG(s) dict_keys(['example_task_group_decorator']) retrieved from /home/airflow/.local/lib/python3.7/site-packages/airflow/example_dags/example_task_group_decorator.py
[2023-08-13T20:10:35.080+0000] {logging_mixin.py:150} INFO - [2023-08-13T20:10:35.080+0000] {dag.py:2742} INFO - Sync 1 DAGs
[2023-08-13T20:10:35.155+0000] {logging_mixin.py:150} INFO - [2023-08-13T20:10:35.154+0000] {dag.py:3508} INFO - Setting next_dagrun for example_task_group_decorator to 2023-08-12T20:10:35.154160+00:00, run_after=2023-08-13T20:10:35.154160+00:00
[2023-08-13T20:10:35.202+0000] {processor.py:179} INFO - Processing /home/airflow/.local/lib/python3.7/site-packages/airflow/example_dags/example_task_group_decorator.py took 0.228 seconds
[2023-08-13T20:11:05.791+0000] {processor.py:157} INFO - Started process (PID=724) to work on /home/airflow/.local/lib/python3.7/site-packages/airflow/example_dags/example_task_group_decorator.py
[2023-08-13T20:11:05.793+0000] {processor.py:826} INFO - Processing file /home/airflow/.local/lib/python3.7/site-packages/airflow/example_dags/example_task_group_decorator.py for tasks to queue
[2023-08-13T20:11:05.794+0000] {logging_mixin.py:150} INFO - [2023-08-13T20:11:05.794+0000] {dagbag.py:541} INFO - Filling up the DagBag from /home/airflow/.local/lib/python3.7/site-packages/airflow/example_dags/example_task_group_decorator.py
[2023-08-13T20:11:05.815+0000] {processor.py:836} INFO - DAG(s) dict_keys(['example_task_group_decorator']) retrieved from /home/airflow/.local/lib/python3.7/site-packages/airflow/example_dags/example_task_group_decorator.py
[2023-08-13T20:11:05.851+0000] {logging_mixin.py:150} INFO - [2023-08-13T20:11:05.851+0000] {dag.py:2742} INFO - Sync 1 DAGs
[2023-08-13T20:11:05.880+0000] {logging_mixin.py:150} INFO - [2023-08-13T20:11:05.880+0000] {dag.py:3508} INFO - Setting next_dagrun for example_task_group_decorator to 2023-08-12T20:11:05.880188+00:00, run_after=2023-08-13T20:11:05.880188+00:00
[2023-08-13T20:11:05.906+0000] {processor.py:179} INFO - Processing /home/airflow/.local/lib/python3.7/site-packages/airflow/example_dags/example_task_group_decorator.py took 0.118 seconds
[2023-08-13T20:11:36.586+0000] {processor.py:157} INFO - Started process (PID=790) to work on /home/airflow/.local/lib/python3.7/site-packages/airflow/example_dags/example_task_group_decorator.py
[2023-08-13T20:11:36.588+0000] {processor.py:826} INFO - Processing file /home/airflow/.local/lib/python3.7/site-packages/airflow/example_dags/example_task_group_decorator.py for tasks to queue
[2023-08-13T20:11:36.590+0000] {logging_mixin.py:150} INFO - [2023-08-13T20:11:36.589+0000] {dagbag.py:541} INFO - Filling up the DagBag from /home/airflow/.local/lib/python3.7/site-packages/airflow/example_dags/example_task_group_decorator.py
[2023-08-13T20:11:36.627+0000] {processor.py:836} INFO - DAG(s) dict_keys(['example_task_group_decorator']) retrieved from /home/airflow/.local/lib/python3.7/site-packages/airflow/example_dags/example_task_group_decorator.py
[2023-08-13T20:11:36.684+0000] {logging_mixin.py:150} INFO - [2023-08-13T20:11:36.684+0000] {dag.py:2742} INFO - Sync 1 DAGs
[2023-08-13T20:11:36.740+0000] {logging_mixin.py:150} INFO - [2023-08-13T20:11:36.740+0000] {dag.py:3508} INFO - Setting next_dagrun for example_task_group_decorator to 2023-08-12T20:11:36.740038+00:00, run_after=2023-08-13T20:11:36.740038+00:00
[2023-08-13T20:11:36.783+0000] {processor.py:179} INFO - Processing /home/airflow/.local/lib/python3.7/site-packages/airflow/example_dags/example_task_group_decorator.py took 0.204 seconds
[2023-08-13T20:12:07.670+0000] {processor.py:157} INFO - Started process (PID=856) to work on /home/airflow/.local/lib/python3.7/site-packages/airflow/example_dags/example_task_group_decorator.py
[2023-08-13T20:12:07.671+0000] {processor.py:826} INFO - Processing file /home/airflow/.local/lib/python3.7/site-packages/airflow/example_dags/example_task_group_decorator.py for tasks to queue
[2023-08-13T20:12:07.672+0000] {logging_mixin.py:150} INFO - [2023-08-13T20:12:07.672+0000] {dagbag.py:541} INFO - Filling up the DagBag from /home/airflow/.local/lib/python3.7/site-packages/airflow/example_dags/example_task_group_decorator.py
[2023-08-13T20:12:07.693+0000] {processor.py:836} INFO - DAG(s) dict_keys(['example_task_group_decorator']) retrieved from /home/airflow/.local/lib/python3.7/site-packages/airflow/example_dags/example_task_group_decorator.py
[2023-08-13T20:12:07.728+0000] {logging_mixin.py:150} INFO - [2023-08-13T20:12:07.728+0000] {dag.py:2742} INFO - Sync 1 DAGs
[2023-08-13T20:12:07.762+0000] {logging_mixin.py:150} INFO - [2023-08-13T20:12:07.762+0000] {dag.py:3508} INFO - Setting next_dagrun for example_task_group_decorator to 2023-08-12T20:12:07.762088+00:00, run_after=2023-08-13T20:12:07.762088+00:00
[2023-08-13T20:12:07.788+0000] {processor.py:179} INFO - Processing /home/airflow/.local/lib/python3.7/site-packages/airflow/example_dags/example_task_group_decorator.py took 0.122 seconds
[2023-08-13T20:12:38.343+0000] {processor.py:157} INFO - Started process (PID=922) to work on /home/airflow/.local/lib/python3.7/site-packages/airflow/example_dags/example_task_group_decorator.py
[2023-08-13T20:12:38.345+0000] {processor.py:826} INFO - Processing file /home/airflow/.local/lib/python3.7/site-packages/airflow/example_dags/example_task_group_decorator.py for tasks to queue
[2023-08-13T20:12:38.346+0000] {logging_mixin.py:150} INFO - [2023-08-13T20:12:38.346+0000] {dagbag.py:541} INFO - Filling up the DagBag from /home/airflow/.local/lib/python3.7/site-packages/airflow/example_dags/example_task_group_decorator.py
[2023-08-13T20:12:38.365+0000] {processor.py:836} INFO - DAG(s) dict_keys(['example_task_group_decorator']) retrieved from /home/airflow/.local/lib/python3.7/site-packages/airflow/example_dags/example_task_group_decorator.py
[2023-08-13T20:12:38.402+0000] {logging_mixin.py:150} INFO - [2023-08-13T20:12:38.402+0000] {dag.py:2742} INFO - Sync 1 DAGs
[2023-08-13T20:12:38.434+0000] {logging_mixin.py:150} INFO - [2023-08-13T20:12:38.434+0000] {dag.py:3508} INFO - Setting next_dagrun for example_task_group_decorator to 2023-08-12T20:12:38.434359+00:00, run_after=2023-08-13T20:12:38.434359+00:00
[2023-08-13T20:12:38.459+0000] {processor.py:179} INFO - Processing /home/airflow/.local/lib/python3.7/site-packages/airflow/example_dags/example_task_group_decorator.py took 0.119 seconds
[2023-08-13T20:13:08.674+0000] {processor.py:157} INFO - Started process (PID=988) to work on /home/airflow/.local/lib/python3.7/site-packages/airflow/example_dags/example_task_group_decorator.py
[2023-08-13T20:13:08.675+0000] {processor.py:826} INFO - Processing file /home/airflow/.local/lib/python3.7/site-packages/airflow/example_dags/example_task_group_decorator.py for tasks to queue
[2023-08-13T20:13:08.676+0000] {logging_mixin.py:150} INFO - [2023-08-13T20:13:08.676+0000] {dagbag.py:541} INFO - Filling up the DagBag from /home/airflow/.local/lib/python3.7/site-packages/airflow/example_dags/example_task_group_decorator.py
[2023-08-13T20:13:08.697+0000] {processor.py:836} INFO - DAG(s) dict_keys(['example_task_group_decorator']) retrieved from /home/airflow/.local/lib/python3.7/site-packages/airflow/example_dags/example_task_group_decorator.py
[2023-08-13T20:13:08.735+0000] {logging_mixin.py:150} INFO - [2023-08-13T20:13:08.734+0000] {dag.py:2742} INFO - Sync 1 DAGs
[2023-08-13T20:13:08.770+0000] {logging_mixin.py:150} INFO - [2023-08-13T20:13:08.770+0000] {dag.py:3508} INFO - Setting next_dagrun for example_task_group_decorator to 2023-08-12T20:13:08.770324+00:00, run_after=2023-08-13T20:13:08.770324+00:00
[2023-08-13T20:13:08.799+0000] {processor.py:179} INFO - Processing /home/airflow/.local/lib/python3.7/site-packages/airflow/example_dags/example_task_group_decorator.py took 0.129 seconds
[2023-08-13T20:13:39.577+0000] {processor.py:157} INFO - Started process (PID=1054) to work on /home/airflow/.local/lib/python3.7/site-packages/airflow/example_dags/example_task_group_decorator.py
[2023-08-13T20:13:39.579+0000] {processor.py:826} INFO - Processing file /home/airflow/.local/lib/python3.7/site-packages/airflow/example_dags/example_task_group_decorator.py for tasks to queue
[2023-08-13T20:13:39.581+0000] {logging_mixin.py:150} INFO - [2023-08-13T20:13:39.580+0000] {dagbag.py:541} INFO - Filling up the DagBag from /home/airflow/.local/lib/python3.7/site-packages/airflow/example_dags/example_task_group_decorator.py
[2023-08-13T20:13:39.604+0000] {processor.py:836} INFO - DAG(s) dict_keys(['example_task_group_decorator']) retrieved from /home/airflow/.local/lib/python3.7/site-packages/airflow/example_dags/example_task_group_decorator.py
[2023-08-13T20:13:39.635+0000] {logging_mixin.py:150} INFO - [2023-08-13T20:13:39.634+0000] {dag.py:2742} INFO - Sync 1 DAGs
[2023-08-13T20:13:39.679+0000] {logging_mixin.py:150} INFO - [2023-08-13T20:13:39.678+0000] {dag.py:3508} INFO - Setting next_dagrun for example_task_group_decorator to 2023-08-12T20:13:39.678623+00:00, run_after=2023-08-13T20:13:39.678623+00:00
[2023-08-13T20:13:39.705+0000] {processor.py:179} INFO - Processing /home/airflow/.local/lib/python3.7/site-packages/airflow/example_dags/example_task_group_decorator.py took 0.132 seconds
[2023-08-13T20:14:09.927+0000] {processor.py:157} INFO - Started process (PID=1119) to work on /home/airflow/.local/lib/python3.7/site-packages/airflow/example_dags/example_task_group_decorator.py
[2023-08-13T20:14:09.928+0000] {processor.py:826} INFO - Processing file /home/airflow/.local/lib/python3.7/site-packages/airflow/example_dags/example_task_group_decorator.py for tasks to queue
[2023-08-13T20:14:09.929+0000] {logging_mixin.py:150} INFO - [2023-08-13T20:14:09.929+0000] {dagbag.py:541} INFO - Filling up the DagBag from /home/airflow/.local/lib/python3.7/site-packages/airflow/example_dags/example_task_group_decorator.py
[2023-08-13T20:14:09.953+0000] {processor.py:836} INFO - DAG(s) dict_keys(['example_task_group_decorator']) retrieved from /home/airflow/.local/lib/python3.7/site-packages/airflow/example_dags/example_task_group_decorator.py
[2023-08-13T20:14:09.991+0000] {logging_mixin.py:150} INFO - [2023-08-13T20:14:09.990+0000] {dag.py:2742} INFO - Sync 1 DAGs
[2023-08-13T20:14:10.029+0000] {logging_mixin.py:150} INFO - [2023-08-13T20:14:10.029+0000] {dag.py:3508} INFO - Setting next_dagrun for example_task_group_decorator to 2023-08-12T20:14:10.028714+00:00, run_after=2023-08-13T20:14:10.028714+00:00
[2023-08-13T20:14:10.071+0000] {processor.py:179} INFO - Processing /home/airflow/.local/lib/python3.7/site-packages/airflow/example_dags/example_task_group_decorator.py took 0.147 seconds
[2023-08-13T20:14:40.873+0000] {processor.py:157} INFO - Started process (PID=1185) to work on /home/airflow/.local/lib/python3.7/site-packages/airflow/example_dags/example_task_group_decorator.py
[2023-08-13T20:14:40.874+0000] {processor.py:826} INFO - Processing file /home/airflow/.local/lib/python3.7/site-packages/airflow/example_dags/example_task_group_decorator.py for tasks to queue
[2023-08-13T20:14:40.875+0000] {logging_mixin.py:150} INFO - [2023-08-13T20:14:40.875+0000] {dagbag.py:541} INFO - Filling up the DagBag from /home/airflow/.local/lib/python3.7/site-packages/airflow/example_dags/example_task_group_decorator.py
[2023-08-13T20:14:40.902+0000] {processor.py:836} INFO - DAG(s) dict_keys(['example_task_group_decorator']) retrieved from /home/airflow/.local/lib/python3.7/site-packages/airflow/example_dags/example_task_group_decorator.py
[2023-08-13T20:14:40.941+0000] {logging_mixin.py:150} INFO - [2023-08-13T20:14:40.940+0000] {dag.py:2742} INFO - Sync 1 DAGs
[2023-08-13T20:14:40.985+0000] {logging_mixin.py:150} INFO - [2023-08-13T20:14:40.984+0000] {dag.py:3508} INFO - Setting next_dagrun for example_task_group_decorator to 2023-08-12T20:14:40.983947+00:00, run_after=2023-08-13T20:14:40.983947+00:00
[2023-08-13T20:14:41.019+0000] {processor.py:179} INFO - Processing /home/airflow/.local/lib/python3.7/site-packages/airflow/example_dags/example_task_group_decorator.py took 0.150 seconds
[2023-08-13T20:15:11.271+0000] {processor.py:157} INFO - Started process (PID=1251) to work on /home/airflow/.local/lib/python3.7/site-packages/airflow/example_dags/example_task_group_decorator.py
[2023-08-13T20:15:11.273+0000] {processor.py:826} INFO - Processing file /home/airflow/.local/lib/python3.7/site-packages/airflow/example_dags/example_task_group_decorator.py for tasks to queue
[2023-08-13T20:15:11.275+0000] {logging_mixin.py:150} INFO - [2023-08-13T20:15:11.274+0000] {dagbag.py:541} INFO - Filling up the DagBag from /home/airflow/.local/lib/python3.7/site-packages/airflow/example_dags/example_task_group_decorator.py
[2023-08-13T20:15:11.301+0000] {processor.py:836} INFO - DAG(s) dict_keys(['example_task_group_decorator']) retrieved from /home/airflow/.local/lib/python3.7/site-packages/airflow/example_dags/example_task_group_decorator.py
[2023-08-13T20:15:11.355+0000] {logging_mixin.py:150} INFO - [2023-08-13T20:15:11.354+0000] {dag.py:2742} INFO - Sync 1 DAGs
[2023-08-13T20:15:11.402+0000] {logging_mixin.py:150} INFO - [2023-08-13T20:15:11.402+0000] {dag.py:3508} INFO - Setting next_dagrun for example_task_group_decorator to 2023-08-12T20:15:11.402036+00:00, run_after=2023-08-13T20:15:11.402036+00:00
[2023-08-13T20:15:11.435+0000] {processor.py:179} INFO - Processing /home/airflow/.local/lib/python3.7/site-packages/airflow/example_dags/example_task_group_decorator.py took 0.169 seconds
[2023-08-13T20:15:41.536+0000] {processor.py:157} INFO - Started process (PID=1317) to work on /home/airflow/.local/lib/python3.7/site-packages/airflow/example_dags/example_task_group_decorator.py
[2023-08-13T20:15:41.538+0000] {processor.py:826} INFO - Processing file /home/airflow/.local/lib/python3.7/site-packages/airflow/example_dags/example_task_group_decorator.py for tasks to queue
[2023-08-13T20:15:41.539+0000] {logging_mixin.py:150} INFO - [2023-08-13T20:15:41.539+0000] {dagbag.py:541} INFO - Filling up the DagBag from /home/airflow/.local/lib/python3.7/site-packages/airflow/example_dags/example_task_group_decorator.py
[2023-08-13T20:15:41.558+0000] {processor.py:836} INFO - DAG(s) dict_keys(['example_task_group_decorator']) retrieved from /home/airflow/.local/lib/python3.7/site-packages/airflow/example_dags/example_task_group_decorator.py
[2023-08-13T20:15:41.594+0000] {logging_mixin.py:150} INFO - [2023-08-13T20:15:41.594+0000] {dag.py:2742} INFO - Sync 1 DAGs
[2023-08-13T20:15:41.628+0000] {logging_mixin.py:150} INFO - [2023-08-13T20:15:41.628+0000] {dag.py:3508} INFO - Setting next_dagrun for example_task_group_decorator to 2023-08-12T20:15:41.627889+00:00, run_after=2023-08-13T20:15:41.627889+00:00
[2023-08-13T20:15:41.656+0000] {processor.py:179} INFO - Processing /home/airflow/.local/lib/python3.7/site-packages/airflow/example_dags/example_task_group_decorator.py took 0.124 seconds
[2023-08-13T20:16:12.132+0000] {processor.py:157} INFO - Started process (PID=1384) to work on /home/airflow/.local/lib/python3.7/site-packages/airflow/example_dags/example_task_group_decorator.py
[2023-08-13T20:16:12.134+0000] {processor.py:826} INFO - Processing file /home/airflow/.local/lib/python3.7/site-packages/airflow/example_dags/example_task_group_decorator.py for tasks to queue
[2023-08-13T20:16:12.135+0000] {logging_mixin.py:150} INFO - [2023-08-13T20:16:12.134+0000] {dagbag.py:541} INFO - Filling up the DagBag from /home/airflow/.local/lib/python3.7/site-packages/airflow/example_dags/example_task_group_decorator.py
[2023-08-13T20:16:12.151+0000] {processor.py:836} INFO - DAG(s) dict_keys(['example_task_group_decorator']) retrieved from /home/airflow/.local/lib/python3.7/site-packages/airflow/example_dags/example_task_group_decorator.py
[2023-08-13T20:16:12.195+0000] {logging_mixin.py:150} INFO - [2023-08-13T20:16:12.195+0000] {dag.py:2742} INFO - Sync 1 DAGs
[2023-08-13T20:16:12.243+0000] {logging_mixin.py:150} INFO - [2023-08-13T20:16:12.242+0000] {dag.py:3508} INFO - Setting next_dagrun for example_task_group_decorator to 2023-08-12T20:16:12.242546+00:00, run_after=2023-08-13T20:16:12.242546+00:00
[2023-08-13T20:16:12.290+0000] {processor.py:179} INFO - Processing /home/airflow/.local/lib/python3.7/site-packages/airflow/example_dags/example_task_group_decorator.py took 0.160 seconds
[2023-08-13T20:16:42.585+0000] {processor.py:157} INFO - Started process (PID=1450) to work on /home/airflow/.local/lib/python3.7/site-packages/airflow/example_dags/example_task_group_decorator.py
[2023-08-13T20:16:42.586+0000] {processor.py:826} INFO - Processing file /home/airflow/.local/lib/python3.7/site-packages/airflow/example_dags/example_task_group_decorator.py for tasks to queue
[2023-08-13T20:16:42.588+0000] {logging_mixin.py:150} INFO - [2023-08-13T20:16:42.588+0000] {dagbag.py:541} INFO - Filling up the DagBag from /home/airflow/.local/lib/python3.7/site-packages/airflow/example_dags/example_task_group_decorator.py
[2023-08-13T20:16:42.624+0000] {processor.py:836} INFO - DAG(s) dict_keys(['example_task_group_decorator']) retrieved from /home/airflow/.local/lib/python3.7/site-packages/airflow/example_dags/example_task_group_decorator.py
[2023-08-13T20:16:42.672+0000] {logging_mixin.py:150} INFO - [2023-08-13T20:16:42.672+0000] {dag.py:2742} INFO - Sync 1 DAGs
[2023-08-13T20:16:42.717+0000] {logging_mixin.py:150} INFO - [2023-08-13T20:16:42.716+0000] {dag.py:3508} INFO - Setting next_dagrun for example_task_group_decorator to 2023-08-12T20:16:42.716651+00:00, run_after=2023-08-13T20:16:42.716651+00:00
[2023-08-13T20:16:42.751+0000] {processor.py:179} INFO - Processing /home/airflow/.local/lib/python3.7/site-packages/airflow/example_dags/example_task_group_decorator.py took 0.171 seconds
[2023-08-13T20:17:13.597+0000] {processor.py:157} INFO - Started process (PID=1516) to work on /home/airflow/.local/lib/python3.7/site-packages/airflow/example_dags/example_task_group_decorator.py
[2023-08-13T20:17:13.598+0000] {processor.py:826} INFO - Processing file /home/airflow/.local/lib/python3.7/site-packages/airflow/example_dags/example_task_group_decorator.py for tasks to queue
[2023-08-13T20:17:13.599+0000] {logging_mixin.py:150} INFO - [2023-08-13T20:17:13.599+0000] {dagbag.py:541} INFO - Filling up the DagBag from /home/airflow/.local/lib/python3.7/site-packages/airflow/example_dags/example_task_group_decorator.py
[2023-08-13T20:17:13.617+0000] {processor.py:836} INFO - DAG(s) dict_keys(['example_task_group_decorator']) retrieved from /home/airflow/.local/lib/python3.7/site-packages/airflow/example_dags/example_task_group_decorator.py
[2023-08-13T20:17:13.652+0000] {logging_mixin.py:150} INFO - [2023-08-13T20:17:13.651+0000] {dag.py:2742} INFO - Sync 1 DAGs
[2023-08-13T20:17:13.682+0000] {logging_mixin.py:150} INFO - [2023-08-13T20:17:13.682+0000] {dag.py:3508} INFO - Setting next_dagrun for example_task_group_decorator to 2023-08-12T20:17:13.682295+00:00, run_after=2023-08-13T20:17:13.682295+00:00
[2023-08-13T20:17:13.709+0000] {processor.py:179} INFO - Processing /home/airflow/.local/lib/python3.7/site-packages/airflow/example_dags/example_task_group_decorator.py took 0.116 seconds
[2023-08-13T20:17:43.922+0000] {processor.py:157} INFO - Started process (PID=1582) to work on /home/airflow/.local/lib/python3.7/site-packages/airflow/example_dags/example_task_group_decorator.py
[2023-08-13T20:17:43.924+0000] {processor.py:826} INFO - Processing file /home/airflow/.local/lib/python3.7/site-packages/airflow/example_dags/example_task_group_decorator.py for tasks to queue
[2023-08-13T20:17:43.925+0000] {logging_mixin.py:150} INFO - [2023-08-13T20:17:43.925+0000] {dagbag.py:541} INFO - Filling up the DagBag from /home/airflow/.local/lib/python3.7/site-packages/airflow/example_dags/example_task_group_decorator.py
[2023-08-13T20:17:43.943+0000] {processor.py:836} INFO - DAG(s) dict_keys(['example_task_group_decorator']) retrieved from /home/airflow/.local/lib/python3.7/site-packages/airflow/example_dags/example_task_group_decorator.py
[2023-08-13T20:17:43.980+0000] {logging_mixin.py:150} INFO - [2023-08-13T20:17:43.979+0000] {dag.py:2742} INFO - Sync 1 DAGs
[2023-08-13T20:17:44.010+0000] {logging_mixin.py:150} INFO - [2023-08-13T20:17:44.010+0000] {dag.py:3508} INFO - Setting next_dagrun for example_task_group_decorator to 2023-08-12T20:17:44.010158+00:00, run_after=2023-08-13T20:17:44.010158+00:00
[2023-08-13T20:17:44.038+0000] {processor.py:179} INFO - Processing /home/airflow/.local/lib/python3.7/site-packages/airflow/example_dags/example_task_group_decorator.py took 0.119 seconds
[2023-08-13T20:18:14.587+0000] {processor.py:157} INFO - Started process (PID=1649) to work on /home/airflow/.local/lib/python3.7/site-packages/airflow/example_dags/example_task_group_decorator.py
[2023-08-13T20:18:14.588+0000] {processor.py:826} INFO - Processing file /home/airflow/.local/lib/python3.7/site-packages/airflow/example_dags/example_task_group_decorator.py for tasks to queue
[2023-08-13T20:18:14.590+0000] {logging_mixin.py:150} INFO - [2023-08-13T20:18:14.589+0000] {dagbag.py:541} INFO - Filling up the DagBag from /home/airflow/.local/lib/python3.7/site-packages/airflow/example_dags/example_task_group_decorator.py
[2023-08-13T20:18:14.605+0000] {processor.py:836} INFO - DAG(s) dict_keys(['example_task_group_decorator']) retrieved from /home/airflow/.local/lib/python3.7/site-packages/airflow/example_dags/example_task_group_decorator.py
[2023-08-13T20:18:14.634+0000] {logging_mixin.py:150} INFO - [2023-08-13T20:18:14.634+0000] {dag.py:2742} INFO - Sync 1 DAGs
[2023-08-13T20:18:14.665+0000] {logging_mixin.py:150} INFO - [2023-08-13T20:18:14.664+0000] {dag.py:3508} INFO - Setting next_dagrun for example_task_group_decorator to 2023-08-12T20:18:14.664484+00:00, run_after=2023-08-13T20:18:14.664484+00:00
[2023-08-13T20:18:14.690+0000] {processor.py:179} INFO - Processing /home/airflow/.local/lib/python3.7/site-packages/airflow/example_dags/example_task_group_decorator.py took 0.106 seconds
[2023-08-13T20:18:44.994+0000] {processor.py:157} INFO - Started process (PID=1716) to work on /home/airflow/.local/lib/python3.7/site-packages/airflow/example_dags/example_task_group_decorator.py
[2023-08-13T20:18:44.995+0000] {processor.py:826} INFO - Processing file /home/airflow/.local/lib/python3.7/site-packages/airflow/example_dags/example_task_group_decorator.py for tasks to queue
[2023-08-13T20:18:44.997+0000] {logging_mixin.py:150} INFO - [2023-08-13T20:18:44.996+0000] {dagbag.py:541} INFO - Filling up the DagBag from /home/airflow/.local/lib/python3.7/site-packages/airflow/example_dags/example_task_group_decorator.py
[2023-08-13T20:18:45.017+0000] {processor.py:836} INFO - DAG(s) dict_keys(['example_task_group_decorator']) retrieved from /home/airflow/.local/lib/python3.7/site-packages/airflow/example_dags/example_task_group_decorator.py
[2023-08-13T20:18:45.056+0000] {logging_mixin.py:150} INFO - [2023-08-13T20:18:45.056+0000] {dag.py:2742} INFO - Sync 1 DAGs
[2023-08-13T20:18:45.097+0000] {logging_mixin.py:150} INFO - [2023-08-13T20:18:45.097+0000] {dag.py:3508} INFO - Setting next_dagrun for example_task_group_decorator to 2023-08-12T20:18:45.097346+00:00, run_after=2023-08-13T20:18:45.097346+00:00
[2023-08-13T20:18:45.133+0000] {processor.py:179} INFO - Processing /home/airflow/.local/lib/python3.7/site-packages/airflow/example_dags/example_task_group_decorator.py took 0.142 seconds
[2023-08-13T20:19:15.556+0000] {processor.py:157} INFO - Started process (PID=1782) to work on /home/airflow/.local/lib/python3.7/site-packages/airflow/example_dags/example_task_group_decorator.py
[2023-08-13T20:19:15.557+0000] {processor.py:826} INFO - Processing file /home/airflow/.local/lib/python3.7/site-packages/airflow/example_dags/example_task_group_decorator.py for tasks to queue
[2023-08-13T20:19:15.558+0000] {logging_mixin.py:150} INFO - [2023-08-13T20:19:15.558+0000] {dagbag.py:541} INFO - Filling up the DagBag from /home/airflow/.local/lib/python3.7/site-packages/airflow/example_dags/example_task_group_decorator.py
[2023-08-13T20:19:15.576+0000] {processor.py:836} INFO - DAG(s) dict_keys(['example_task_group_decorator']) retrieved from /home/airflow/.local/lib/python3.7/site-packages/airflow/example_dags/example_task_group_decorator.py
[2023-08-13T20:19:15.611+0000] {logging_mixin.py:150} INFO - [2023-08-13T20:19:15.611+0000] {dag.py:2742} INFO - Sync 1 DAGs
[2023-08-13T20:19:15.642+0000] {logging_mixin.py:150} INFO - [2023-08-13T20:19:15.642+0000] {dag.py:3508} INFO - Setting next_dagrun for example_task_group_decorator to 2023-08-12T20:19:15.642194+00:00, run_after=2023-08-13T20:19:15.642194+00:00
[2023-08-13T20:19:15.671+0000] {processor.py:179} INFO - Processing /home/airflow/.local/lib/python3.7/site-packages/airflow/example_dags/example_task_group_decorator.py took 0.118 seconds
[2023-08-13T20:19:45.858+0000] {processor.py:157} INFO - Started process (PID=1848) to work on /home/airflow/.local/lib/python3.7/site-packages/airflow/example_dags/example_task_group_decorator.py
[2023-08-13T20:19:45.859+0000] {processor.py:826} INFO - Processing file /home/airflow/.local/lib/python3.7/site-packages/airflow/example_dags/example_task_group_decorator.py for tasks to queue
[2023-08-13T20:19:45.861+0000] {logging_mixin.py:150} INFO - [2023-08-13T20:19:45.860+0000] {dagbag.py:541} INFO - Filling up the DagBag from /home/airflow/.local/lib/python3.7/site-packages/airflow/example_dags/example_task_group_decorator.py
[2023-08-13T20:19:45.890+0000] {processor.py:836} INFO - DAG(s) dict_keys(['example_task_group_decorator']) retrieved from /home/airflow/.local/lib/python3.7/site-packages/airflow/example_dags/example_task_group_decorator.py
[2023-08-13T20:19:45.950+0000] {logging_mixin.py:150} INFO - [2023-08-13T20:19:45.949+0000] {dag.py:2742} INFO - Sync 1 DAGs
[2023-08-13T20:19:46.013+0000] {logging_mixin.py:150} INFO - [2023-08-13T20:19:46.012+0000] {dag.py:3508} INFO - Setting next_dagrun for example_task_group_decorator to 2023-08-12T20:19:46.012214+00:00, run_after=2023-08-13T20:19:46.012214+00:00
[2023-08-13T20:19:46.062+0000] {processor.py:179} INFO - Processing /home/airflow/.local/lib/python3.7/site-packages/airflow/example_dags/example_task_group_decorator.py took 0.209 seconds
[2023-08-13T20:20:16.162+0000] {processor.py:157} INFO - Started process (PID=1914) to work on /home/airflow/.local/lib/python3.7/site-packages/airflow/example_dags/example_task_group_decorator.py
[2023-08-13T20:20:16.164+0000] {processor.py:826} INFO - Processing file /home/airflow/.local/lib/python3.7/site-packages/airflow/example_dags/example_task_group_decorator.py for tasks to queue
[2023-08-13T20:20:16.165+0000] {logging_mixin.py:150} INFO - [2023-08-13T20:20:16.165+0000] {dagbag.py:541} INFO - Filling up the DagBag from /home/airflow/.local/lib/python3.7/site-packages/airflow/example_dags/example_task_group_decorator.py
[2023-08-13T20:20:16.184+0000] {processor.py:836} INFO - DAG(s) dict_keys(['example_task_group_decorator']) retrieved from /home/airflow/.local/lib/python3.7/site-packages/airflow/example_dags/example_task_group_decorator.py
[2023-08-13T20:20:16.223+0000] {logging_mixin.py:150} INFO - [2023-08-13T20:20:16.222+0000] {dag.py:2742} INFO - Sync 1 DAGs
[2023-08-13T20:20:16.263+0000] {logging_mixin.py:150} INFO - [2023-08-13T20:20:16.263+0000] {dag.py:3508} INFO - Setting next_dagrun for example_task_group_decorator to 2023-08-12T20:20:16.262708+00:00, run_after=2023-08-13T20:20:16.262708+00:00
[2023-08-13T20:20:16.291+0000] {processor.py:179} INFO - Processing /home/airflow/.local/lib/python3.7/site-packages/airflow/example_dags/example_task_group_decorator.py took 0.131 seconds
[2023-08-13T20:20:46.527+0000] {processor.py:157} INFO - Started process (PID=1979) to work on /home/airflow/.local/lib/python3.7/site-packages/airflow/example_dags/example_task_group_decorator.py
[2023-08-13T20:20:46.528+0000] {processor.py:826} INFO - Processing file /home/airflow/.local/lib/python3.7/site-packages/airflow/example_dags/example_task_group_decorator.py for tasks to queue
[2023-08-13T20:20:46.530+0000] {logging_mixin.py:150} INFO - [2023-08-13T20:20:46.529+0000] {dagbag.py:541} INFO - Filling up the DagBag from /home/airflow/.local/lib/python3.7/site-packages/airflow/example_dags/example_task_group_decorator.py
[2023-08-13T20:20:46.557+0000] {processor.py:836} INFO - DAG(s) dict_keys(['example_task_group_decorator']) retrieved from /home/airflow/.local/lib/python3.7/site-packages/airflow/example_dags/example_task_group_decorator.py
[2023-08-13T20:20:46.604+0000] {logging_mixin.py:150} INFO - [2023-08-13T20:20:46.603+0000] {dag.py:2742} INFO - Sync 1 DAGs
[2023-08-13T20:20:46.651+0000] {logging_mixin.py:150} INFO - [2023-08-13T20:20:46.651+0000] {dag.py:3508} INFO - Setting next_dagrun for example_task_group_decorator to 2023-08-12T20:20:46.650973+00:00, run_after=2023-08-13T20:20:46.650973+00:00
[2023-08-13T20:20:46.686+0000] {processor.py:179} INFO - Processing /home/airflow/.local/lib/python3.7/site-packages/airflow/example_dags/example_task_group_decorator.py took 0.162 seconds
[2023-08-13T20:21:17.382+0000] {processor.py:157} INFO - Started process (PID=2033) to work on /home/airflow/.local/lib/python3.7/site-packages/airflow/example_dags/example_task_group_decorator.py
[2023-08-13T20:21:17.383+0000] {processor.py:826} INFO - Processing file /home/airflow/.local/lib/python3.7/site-packages/airflow/example_dags/example_task_group_decorator.py for tasks to queue
[2023-08-13T20:21:17.385+0000] {logging_mixin.py:150} INFO - [2023-08-13T20:21:17.384+0000] {dagbag.py:541} INFO - Filling up the DagBag from /home/airflow/.local/lib/python3.7/site-packages/airflow/example_dags/example_task_group_decorator.py
[2023-08-13T20:21:17.408+0000] {processor.py:836} INFO - DAG(s) dict_keys(['example_task_group_decorator']) retrieved from /home/airflow/.local/lib/python3.7/site-packages/airflow/example_dags/example_task_group_decorator.py
[2023-08-13T20:21:17.442+0000] {logging_mixin.py:150} INFO - [2023-08-13T20:21:17.442+0000] {dag.py:2742} INFO - Sync 1 DAGs
[2023-08-13T20:21:17.477+0000] {logging_mixin.py:150} INFO - [2023-08-13T20:21:17.477+0000] {dag.py:3508} INFO - Setting next_dagrun for example_task_group_decorator to 2023-08-12T20:21:17.476765+00:00, run_after=2023-08-13T20:21:17.476765+00:00
[2023-08-13T20:21:17.511+0000] {processor.py:179} INFO - Processing /home/airflow/.local/lib/python3.7/site-packages/airflow/example_dags/example_task_group_decorator.py took 0.132 seconds
[2023-08-13T20:21:48.292+0000] {processor.py:157} INFO - Started process (PID=2099) to work on /home/airflow/.local/lib/python3.7/site-packages/airflow/example_dags/example_task_group_decorator.py
[2023-08-13T20:21:48.294+0000] {processor.py:826} INFO - Processing file /home/airflow/.local/lib/python3.7/site-packages/airflow/example_dags/example_task_group_decorator.py for tasks to queue
[2023-08-13T20:21:48.295+0000] {logging_mixin.py:150} INFO - [2023-08-13T20:21:48.295+0000] {dagbag.py:541} INFO - Filling up the DagBag from /home/airflow/.local/lib/python3.7/site-packages/airflow/example_dags/example_task_group_decorator.py
[2023-08-13T20:21:48.320+0000] {processor.py:836} INFO - DAG(s) dict_keys(['example_task_group_decorator']) retrieved from /home/airflow/.local/lib/python3.7/site-packages/airflow/example_dags/example_task_group_decorator.py
[2023-08-13T20:21:48.370+0000] {logging_mixin.py:150} INFO - [2023-08-13T20:21:48.369+0000] {dag.py:2742} INFO - Sync 1 DAGs
[2023-08-13T20:21:48.417+0000] {logging_mixin.py:150} INFO - [2023-08-13T20:21:48.416+0000] {dag.py:3508} INFO - Setting next_dagrun for example_task_group_decorator to 2023-08-12T20:21:48.415917+00:00, run_after=2023-08-13T20:21:48.415917+00:00
[2023-08-13T20:21:48.454+0000] {processor.py:179} INFO - Processing /home/airflow/.local/lib/python3.7/site-packages/airflow/example_dags/example_task_group_decorator.py took 0.167 seconds
[2023-08-13T20:22:18.846+0000] {processor.py:157} INFO - Started process (PID=2165) to work on /home/airflow/.local/lib/python3.7/site-packages/airflow/example_dags/example_task_group_decorator.py
[2023-08-13T20:22:18.847+0000] {processor.py:826} INFO - Processing file /home/airflow/.local/lib/python3.7/site-packages/airflow/example_dags/example_task_group_decorator.py for tasks to queue
[2023-08-13T20:22:18.849+0000] {logging_mixin.py:150} INFO - [2023-08-13T20:22:18.848+0000] {dagbag.py:541} INFO - Filling up the DagBag from /home/airflow/.local/lib/python3.7/site-packages/airflow/example_dags/example_task_group_decorator.py
[2023-08-13T20:22:18.867+0000] {processor.py:836} INFO - DAG(s) dict_keys(['example_task_group_decorator']) retrieved from /home/airflow/.local/lib/python3.7/site-packages/airflow/example_dags/example_task_group_decorator.py
[2023-08-13T20:22:18.897+0000] {logging_mixin.py:150} INFO - [2023-08-13T20:22:18.896+0000] {dag.py:2742} INFO - Sync 1 DAGs
[2023-08-13T20:22:18.937+0000] {logging_mixin.py:150} INFO - [2023-08-13T20:22:18.937+0000] {dag.py:3508} INFO - Setting next_dagrun for example_task_group_decorator to 2023-08-12T20:22:18.937164+00:00, run_after=2023-08-13T20:22:18.937164+00:00
[2023-08-13T20:22:18.962+0000] {processor.py:179} INFO - Processing /home/airflow/.local/lib/python3.7/site-packages/airflow/example_dags/example_task_group_decorator.py took 0.120 seconds
[2023-08-13T20:22:49.767+0000] {processor.py:157} INFO - Started process (PID=2232) to work on /home/airflow/.local/lib/python3.7/site-packages/airflow/example_dags/example_task_group_decorator.py
[2023-08-13T20:22:49.769+0000] {processor.py:826} INFO - Processing file /home/airflow/.local/lib/python3.7/site-packages/airflow/example_dags/example_task_group_decorator.py for tasks to queue
[2023-08-13T20:22:49.770+0000] {logging_mixin.py:150} INFO - [2023-08-13T20:22:49.770+0000] {dagbag.py:541} INFO - Filling up the DagBag from /home/airflow/.local/lib/python3.7/site-packages/airflow/example_dags/example_task_group_decorator.py
[2023-08-13T20:22:49.788+0000] {processor.py:836} INFO - DAG(s) dict_keys(['example_task_group_decorator']) retrieved from /home/airflow/.local/lib/python3.7/site-packages/airflow/example_dags/example_task_group_decorator.py
[2023-08-13T20:22:49.817+0000] {logging_mixin.py:150} INFO - [2023-08-13T20:22:49.817+0000] {dag.py:2742} INFO - Sync 1 DAGs
[2023-08-13T20:22:49.846+0000] {logging_mixin.py:150} INFO - [2023-08-13T20:22:49.846+0000] {dag.py:3508} INFO - Setting next_dagrun for example_task_group_decorator to 2023-08-12T20:22:49.845956+00:00, run_after=2023-08-13T20:22:49.845956+00:00
[2023-08-13T20:22:49.870+0000] {processor.py:179} INFO - Processing /home/airflow/.local/lib/python3.7/site-packages/airflow/example_dags/example_task_group_decorator.py took 0.106 seconds
[2023-08-13T20:23:20.365+0000] {processor.py:157} INFO - Started process (PID=2298) to work on /home/airflow/.local/lib/python3.7/site-packages/airflow/example_dags/example_task_group_decorator.py
[2023-08-13T20:23:20.367+0000] {processor.py:826} INFO - Processing file /home/airflow/.local/lib/python3.7/site-packages/airflow/example_dags/example_task_group_decorator.py for tasks to queue
[2023-08-13T20:23:20.368+0000] {logging_mixin.py:150} INFO - [2023-08-13T20:23:20.367+0000] {dagbag.py:541} INFO - Filling up the DagBag from /home/airflow/.local/lib/python3.7/site-packages/airflow/example_dags/example_task_group_decorator.py
[2023-08-13T20:23:20.384+0000] {processor.py:836} INFO - DAG(s) dict_keys(['example_task_group_decorator']) retrieved from /home/airflow/.local/lib/python3.7/site-packages/airflow/example_dags/example_task_group_decorator.py
[2023-08-13T20:23:20.415+0000] {logging_mixin.py:150} INFO - [2023-08-13T20:23:20.414+0000] {dag.py:2742} INFO - Sync 1 DAGs
[2023-08-13T20:23:20.446+0000] {logging_mixin.py:150} INFO - [2023-08-13T20:23:20.445+0000] {dag.py:3508} INFO - Setting next_dagrun for example_task_group_decorator to 2023-08-12T20:23:20.445609+00:00, run_after=2023-08-13T20:23:20.445609+00:00
[2023-08-13T20:23:20.475+0000] {processor.py:179} INFO - Processing /home/airflow/.local/lib/python3.7/site-packages/airflow/example_dags/example_task_group_decorator.py took 0.114 seconds
