[2023-08-13T18:41:11.605+0000] {processor.py:157} INFO - Started process (PID=62) to work on /home/airflow/.local/lib/python3.7/site-packages/airflow/example_dags/example_branch_datetime_operator.py
[2023-08-13T18:41:11.606+0000] {processor.py:826} INFO - Processing file /home/airflow/.local/lib/python3.7/site-packages/airflow/example_dags/example_branch_datetime_operator.py for tasks to queue
[2023-08-13T18:41:11.608+0000] {logging_mixin.py:150} INFO - [2023-08-13T18:41:11.607+0000] {dagbag.py:541} INFO - Filling up the DagBag from /home/airflow/.local/lib/python3.7/site-packages/airflow/example_dags/example_branch_datetime_operator.py
[2023-08-13T18:41:11.625+0000] {processor.py:836} INFO - DAG(s) dict_keys(['example_branch_datetime_operator_3', 'example_branch_datetime_operator_2', 'example_branch_datetime_operator']) retrieved from /home/airflow/.local/lib/python3.7/site-packages/airflow/example_dags/example_branch_datetime_operator.py
[2023-08-13T18:41:11.641+0000] {logging_mixin.py:150} INFO - [2023-08-13T18:41:11.641+0000] {dag.py:2742} INFO - Sync 3 DAGs
[2023-08-13T18:41:11.677+0000] {logging_mixin.py:150} INFO - [2023-08-13T18:41:11.677+0000] {dag.py:3508} INFO - Setting next_dagrun for example_branch_datetime_operator to 2023-08-12T00:00:00+00:00, run_after=2023-08-13T00:00:00+00:00
[2023-08-13T18:41:11.684+0000] {logging_mixin.py:150} INFO - [2023-08-13T18:41:11.684+0000] {dag.py:3508} INFO - Setting next_dagrun for example_branch_datetime_operator_2 to 2023-08-12T00:00:00+00:00, run_after=2023-08-13T00:00:00+00:00
[2023-08-13T18:41:11.688+0000] {logging_mixin.py:150} INFO - [2023-08-13T18:41:11.687+0000] {dag.py:3508} INFO - Setting next_dagrun for example_branch_datetime_operator_3 to 2023-08-12T00:00:00+00:00, run_after=2023-08-13T00:00:00+00:00
[2023-08-13T18:41:11.712+0000] {processor.py:179} INFO - Processing /home/airflow/.local/lib/python3.7/site-packages/airflow/example_dags/example_branch_datetime_operator.py took 0.110 seconds
[2023-08-13T18:41:42.537+0000] {processor.py:157} INFO - Started process (PID=127) to work on /home/airflow/.local/lib/python3.7/site-packages/airflow/example_dags/example_branch_datetime_operator.py
[2023-08-13T18:41:42.538+0000] {processor.py:826} INFO - Processing file /home/airflow/.local/lib/python3.7/site-packages/airflow/example_dags/example_branch_datetime_operator.py for tasks to queue
[2023-08-13T18:41:42.540+0000] {logging_mixin.py:150} INFO - [2023-08-13T18:41:42.540+0000] {dagbag.py:541} INFO - Filling up the DagBag from /home/airflow/.local/lib/python3.7/site-packages/airflow/example_dags/example_branch_datetime_operator.py
[2023-08-13T18:41:42.557+0000] {processor.py:836} INFO - DAG(s) dict_keys(['example_branch_datetime_operator_2', 'example_branch_datetime_operator', 'example_branch_datetime_operator_3']) retrieved from /home/airflow/.local/lib/python3.7/site-packages/airflow/example_dags/example_branch_datetime_operator.py
[2023-08-13T18:41:42.602+0000] {logging_mixin.py:150} INFO - [2023-08-13T18:41:42.602+0000] {dag.py:2742} INFO - Sync 3 DAGs
[2023-08-13T18:41:42.639+0000] {logging_mixin.py:150} INFO - [2023-08-13T18:41:42.638+0000] {dag.py:3508} INFO - Setting next_dagrun for example_branch_datetime_operator to 2023-08-12T00:00:00+00:00, run_after=2023-08-13T00:00:00+00:00
[2023-08-13T18:41:42.646+0000] {logging_mixin.py:150} INFO - [2023-08-13T18:41:42.646+0000] {dag.py:3508} INFO - Setting next_dagrun for example_branch_datetime_operator_2 to 2023-08-12T00:00:00+00:00, run_after=2023-08-13T00:00:00+00:00
[2023-08-13T18:41:42.650+0000] {logging_mixin.py:150} INFO - [2023-08-13T18:41:42.649+0000] {dag.py:3508} INFO - Setting next_dagrun for example_branch_datetime_operator_3 to 2023-08-12T00:00:00+00:00, run_after=2023-08-13T00:00:00+00:00
[2023-08-13T18:41:42.670+0000] {processor.py:179} INFO - Processing /home/airflow/.local/lib/python3.7/site-packages/airflow/example_dags/example_branch_datetime_operator.py took 0.138 seconds
[2023-08-13T18:42:12.967+0000] {processor.py:157} INFO - Started process (PID=192) to work on /home/airflow/.local/lib/python3.7/site-packages/airflow/example_dags/example_branch_datetime_operator.py
[2023-08-13T18:42:12.969+0000] {processor.py:826} INFO - Processing file /home/airflow/.local/lib/python3.7/site-packages/airflow/example_dags/example_branch_datetime_operator.py for tasks to queue
[2023-08-13T18:42:12.970+0000] {logging_mixin.py:150} INFO - [2023-08-13T18:42:12.970+0000] {dagbag.py:541} INFO - Filling up the DagBag from /home/airflow/.local/lib/python3.7/site-packages/airflow/example_dags/example_branch_datetime_operator.py
[2023-08-13T18:42:12.985+0000] {processor.py:836} INFO - DAG(s) dict_keys(['example_branch_datetime_operator_3', 'example_branch_datetime_operator', 'example_branch_datetime_operator_2']) retrieved from /home/airflow/.local/lib/python3.7/site-packages/airflow/example_dags/example_branch_datetime_operator.py
[2023-08-13T18:42:13.032+0000] {logging_mixin.py:150} INFO - [2023-08-13T18:42:13.031+0000] {dag.py:2742} INFO - Sync 3 DAGs
[2023-08-13T18:42:13.076+0000] {logging_mixin.py:150} INFO - [2023-08-13T18:42:13.076+0000] {dag.py:3508} INFO - Setting next_dagrun for example_branch_datetime_operator to 2023-08-12T00:00:00+00:00, run_after=2023-08-13T00:00:00+00:00
[2023-08-13T18:42:13.085+0000] {logging_mixin.py:150} INFO - [2023-08-13T18:42:13.085+0000] {dag.py:3508} INFO - Setting next_dagrun for example_branch_datetime_operator_2 to 2023-08-12T00:00:00+00:00, run_after=2023-08-13T00:00:00+00:00
[2023-08-13T18:42:13.091+0000] {logging_mixin.py:150} INFO - [2023-08-13T18:42:13.091+0000] {dag.py:3508} INFO - Setting next_dagrun for example_branch_datetime_operator_3 to 2023-08-12T00:00:00+00:00, run_after=2023-08-13T00:00:00+00:00
[2023-08-13T18:42:13.142+0000] {processor.py:179} INFO - Processing /home/airflow/.local/lib/python3.7/site-packages/airflow/example_dags/example_branch_datetime_operator.py took 0.178 seconds
[2023-08-13T18:42:43.334+0000] {processor.py:157} INFO - Started process (PID=257) to work on /home/airflow/.local/lib/python3.7/site-packages/airflow/example_dags/example_branch_datetime_operator.py
[2023-08-13T18:42:43.335+0000] {processor.py:826} INFO - Processing file /home/airflow/.local/lib/python3.7/site-packages/airflow/example_dags/example_branch_datetime_operator.py for tasks to queue
[2023-08-13T18:42:43.336+0000] {logging_mixin.py:150} INFO - [2023-08-13T18:42:43.336+0000] {dagbag.py:541} INFO - Filling up the DagBag from /home/airflow/.local/lib/python3.7/site-packages/airflow/example_dags/example_branch_datetime_operator.py
[2023-08-13T18:42:43.350+0000] {processor.py:836} INFO - DAG(s) dict_keys(['example_branch_datetime_operator_3', 'example_branch_datetime_operator_2', 'example_branch_datetime_operator']) retrieved from /home/airflow/.local/lib/python3.7/site-packages/airflow/example_dags/example_branch_datetime_operator.py
[2023-08-13T18:42:43.385+0000] {logging_mixin.py:150} INFO - [2023-08-13T18:42:43.385+0000] {dag.py:2742} INFO - Sync 3 DAGs
[2023-08-13T18:42:43.415+0000] {logging_mixin.py:150} INFO - [2023-08-13T18:42:43.414+0000] {dag.py:3508} INFO - Setting next_dagrun for example_branch_datetime_operator to 2023-08-12T00:00:00+00:00, run_after=2023-08-13T00:00:00+00:00
[2023-08-13T18:42:43.421+0000] {logging_mixin.py:150} INFO - [2023-08-13T18:42:43.421+0000] {dag.py:3508} INFO - Setting next_dagrun for example_branch_datetime_operator_2 to 2023-08-12T00:00:00+00:00, run_after=2023-08-13T00:00:00+00:00
[2023-08-13T18:42:43.424+0000] {logging_mixin.py:150} INFO - [2023-08-13T18:42:43.424+0000] {dag.py:3508} INFO - Setting next_dagrun for example_branch_datetime_operator_3 to 2023-08-12T00:00:00+00:00, run_after=2023-08-13T00:00:00+00:00
[2023-08-13T18:42:43.448+0000] {processor.py:179} INFO - Processing /home/airflow/.local/lib/python3.7/site-packages/airflow/example_dags/example_branch_datetime_operator.py took 0.118 seconds
[2023-08-13T18:43:16.133+0000] {processor.py:157} INFO - Started process (PID=322) to work on /home/airflow/.local/lib/python3.7/site-packages/airflow/example_dags/example_branch_datetime_operator.py
[2023-08-13T18:43:16.135+0000] {processor.py:826} INFO - Processing file /home/airflow/.local/lib/python3.7/site-packages/airflow/example_dags/example_branch_datetime_operator.py for tasks to queue
[2023-08-13T18:43:16.136+0000] {logging_mixin.py:150} INFO - [2023-08-13T18:43:16.136+0000] {dagbag.py:541} INFO - Filling up the DagBag from /home/airflow/.local/lib/python3.7/site-packages/airflow/example_dags/example_branch_datetime_operator.py
[2023-08-13T18:43:16.150+0000] {processor.py:836} INFO - DAG(s) dict_keys(['example_branch_datetime_operator_3', 'example_branch_datetime_operator_2', 'example_branch_datetime_operator']) retrieved from /home/airflow/.local/lib/python3.7/site-packages/airflow/example_dags/example_branch_datetime_operator.py
[2023-08-13T18:43:16.199+0000] {logging_mixin.py:150} INFO - [2023-08-13T18:43:16.199+0000] {dag.py:2742} INFO - Sync 3 DAGs
[2023-08-13T18:43:16.253+0000] {logging_mixin.py:150} INFO - [2023-08-13T18:43:16.253+0000] {dag.py:3508} INFO - Setting next_dagrun for example_branch_datetime_operator to 2023-08-12T00:00:00+00:00, run_after=2023-08-13T00:00:00+00:00
[2023-08-13T18:43:16.264+0000] {logging_mixin.py:150} INFO - [2023-08-13T18:43:16.263+0000] {dag.py:3508} INFO - Setting next_dagrun for example_branch_datetime_operator_2 to 2023-08-12T00:00:00+00:00, run_after=2023-08-13T00:00:00+00:00
[2023-08-13T18:43:16.269+0000] {logging_mixin.py:150} INFO - [2023-08-13T18:43:16.269+0000] {dag.py:3508} INFO - Setting next_dagrun for example_branch_datetime_operator_3 to 2023-08-12T00:00:00+00:00, run_after=2023-08-13T00:00:00+00:00
[2023-08-13T18:43:16.302+0000] {processor.py:179} INFO - Processing /home/airflow/.local/lib/python3.7/site-packages/airflow/example_dags/example_branch_datetime_operator.py took 0.174 seconds
[2023-08-13T18:43:46.805+0000] {processor.py:157} INFO - Started process (PID=387) to work on /home/airflow/.local/lib/python3.7/site-packages/airflow/example_dags/example_branch_datetime_operator.py
[2023-08-13T18:43:46.807+0000] {processor.py:826} INFO - Processing file /home/airflow/.local/lib/python3.7/site-packages/airflow/example_dags/example_branch_datetime_operator.py for tasks to queue
[2023-08-13T18:43:46.808+0000] {logging_mixin.py:150} INFO - [2023-08-13T18:43:46.808+0000] {dagbag.py:541} INFO - Filling up the DagBag from /home/airflow/.local/lib/python3.7/site-packages/airflow/example_dags/example_branch_datetime_operator.py
[2023-08-13T18:43:46.823+0000] {processor.py:836} INFO - DAG(s) dict_keys(['example_branch_datetime_operator_3', 'example_branch_datetime_operator_2', 'example_branch_datetime_operator']) retrieved from /home/airflow/.local/lib/python3.7/site-packages/airflow/example_dags/example_branch_datetime_operator.py
[2023-08-13T18:43:46.864+0000] {logging_mixin.py:150} INFO - [2023-08-13T18:43:46.864+0000] {dag.py:2742} INFO - Sync 3 DAGs
[2023-08-13T18:43:46.906+0000] {logging_mixin.py:150} INFO - [2023-08-13T18:43:46.905+0000] {dag.py:3508} INFO - Setting next_dagrun for example_branch_datetime_operator to 2023-08-12T00:00:00+00:00, run_after=2023-08-13T00:00:00+00:00
[2023-08-13T18:43:46.914+0000] {logging_mixin.py:150} INFO - [2023-08-13T18:43:46.914+0000] {dag.py:3508} INFO - Setting next_dagrun for example_branch_datetime_operator_2 to 2023-08-12T00:00:00+00:00, run_after=2023-08-13T00:00:00+00:00
[2023-08-13T18:43:46.918+0000] {logging_mixin.py:150} INFO - [2023-08-13T18:43:46.917+0000] {dag.py:3508} INFO - Setting next_dagrun for example_branch_datetime_operator_3 to 2023-08-12T00:00:00+00:00, run_after=2023-08-13T00:00:00+00:00
[2023-08-13T18:43:46.951+0000] {processor.py:179} INFO - Processing /home/airflow/.local/lib/python3.7/site-packages/airflow/example_dags/example_branch_datetime_operator.py took 0.148 seconds
[2023-08-13T18:44:17.233+0000] {processor.py:157} INFO - Started process (PID=452) to work on /home/airflow/.local/lib/python3.7/site-packages/airflow/example_dags/example_branch_datetime_operator.py
[2023-08-13T18:44:17.234+0000] {processor.py:826} INFO - Processing file /home/airflow/.local/lib/python3.7/site-packages/airflow/example_dags/example_branch_datetime_operator.py for tasks to queue
[2023-08-13T18:44:17.236+0000] {logging_mixin.py:150} INFO - [2023-08-13T18:44:17.236+0000] {dagbag.py:541} INFO - Filling up the DagBag from /home/airflow/.local/lib/python3.7/site-packages/airflow/example_dags/example_branch_datetime_operator.py
[2023-08-13T18:44:17.254+0000] {processor.py:836} INFO - DAG(s) dict_keys(['example_branch_datetime_operator', 'example_branch_datetime_operator_3', 'example_branch_datetime_operator_2']) retrieved from /home/airflow/.local/lib/python3.7/site-packages/airflow/example_dags/example_branch_datetime_operator.py
[2023-08-13T18:44:17.305+0000] {logging_mixin.py:150} INFO - [2023-08-13T18:44:17.305+0000] {dag.py:2742} INFO - Sync 3 DAGs
[2023-08-13T18:44:17.348+0000] {logging_mixin.py:150} INFO - [2023-08-13T18:44:17.348+0000] {dag.py:3508} INFO - Setting next_dagrun for example_branch_datetime_operator to 2023-08-12T00:00:00+00:00, run_after=2023-08-13T00:00:00+00:00
[2023-08-13T18:44:17.356+0000] {logging_mixin.py:150} INFO - [2023-08-13T18:44:17.356+0000] {dag.py:3508} INFO - Setting next_dagrun for example_branch_datetime_operator_2 to 2023-08-12T00:00:00+00:00, run_after=2023-08-13T00:00:00+00:00
[2023-08-13T18:44:17.361+0000] {logging_mixin.py:150} INFO - [2023-08-13T18:44:17.361+0000] {dag.py:3508} INFO - Setting next_dagrun for example_branch_datetime_operator_3 to 2023-08-12T00:00:00+00:00, run_after=2023-08-13T00:00:00+00:00
[2023-08-13T18:44:17.391+0000] {processor.py:179} INFO - Processing /home/airflow/.local/lib/python3.7/site-packages/airflow/example_dags/example_branch_datetime_operator.py took 0.163 seconds
[2023-08-13T18:44:48.928+0000] {processor.py:157} INFO - Started process (PID=517) to work on /home/airflow/.local/lib/python3.7/site-packages/airflow/example_dags/example_branch_datetime_operator.py
[2023-08-13T18:44:48.929+0000] {processor.py:826} INFO - Processing file /home/airflow/.local/lib/python3.7/site-packages/airflow/example_dags/example_branch_datetime_operator.py for tasks to queue
[2023-08-13T18:44:48.932+0000] {logging_mixin.py:150} INFO - [2023-08-13T18:44:48.931+0000] {dagbag.py:541} INFO - Filling up the DagBag from /home/airflow/.local/lib/python3.7/site-packages/airflow/example_dags/example_branch_datetime_operator.py
[2023-08-13T18:44:48.945+0000] {processor.py:836} INFO - DAG(s) dict_keys(['example_branch_datetime_operator_2', 'example_branch_datetime_operator_3', 'example_branch_datetime_operator']) retrieved from /home/airflow/.local/lib/python3.7/site-packages/airflow/example_dags/example_branch_datetime_operator.py
[2023-08-13T18:44:49.000+0000] {logging_mixin.py:150} INFO - [2023-08-13T18:44:49.000+0000] {dag.py:2742} INFO - Sync 3 DAGs
[2023-08-13T18:44:49.050+0000] {logging_mixin.py:150} INFO - [2023-08-13T18:44:49.050+0000] {dag.py:3508} INFO - Setting next_dagrun for example_branch_datetime_operator to 2023-08-12T00:00:00+00:00, run_after=2023-08-13T00:00:00+00:00
[2023-08-13T18:44:49.059+0000] {logging_mixin.py:150} INFO - [2023-08-13T18:44:49.059+0000] {dag.py:3508} INFO - Setting next_dagrun for example_branch_datetime_operator_2 to 2023-08-12T00:00:00+00:00, run_after=2023-08-13T00:00:00+00:00
[2023-08-13T18:44:49.066+0000] {logging_mixin.py:150} INFO - [2023-08-13T18:44:49.066+0000] {dag.py:3508} INFO - Setting next_dagrun for example_branch_datetime_operator_3 to 2023-08-12T00:00:00+00:00, run_after=2023-08-13T00:00:00+00:00
[2023-08-13T18:44:49.220+0000] {processor.py:179} INFO - Processing /home/airflow/.local/lib/python3.7/site-packages/airflow/example_dags/example_branch_datetime_operator.py took 0.296 seconds
[2023-08-13T18:45:20.534+0000] {processor.py:157} INFO - Started process (PID=582) to work on /home/airflow/.local/lib/python3.7/site-packages/airflow/example_dags/example_branch_datetime_operator.py
[2023-08-13T18:45:20.536+0000] {processor.py:826} INFO - Processing file /home/airflow/.local/lib/python3.7/site-packages/airflow/example_dags/example_branch_datetime_operator.py for tasks to queue
[2023-08-13T18:45:20.537+0000] {logging_mixin.py:150} INFO - [2023-08-13T18:45:20.537+0000] {dagbag.py:541} INFO - Filling up the DagBag from /home/airflow/.local/lib/python3.7/site-packages/airflow/example_dags/example_branch_datetime_operator.py
[2023-08-13T18:45:20.551+0000] {processor.py:836} INFO - DAG(s) dict_keys(['example_branch_datetime_operator', 'example_branch_datetime_operator_2', 'example_branch_datetime_operator_3']) retrieved from /home/airflow/.local/lib/python3.7/site-packages/airflow/example_dags/example_branch_datetime_operator.py
[2023-08-13T18:45:20.602+0000] {logging_mixin.py:150} INFO - [2023-08-13T18:45:20.601+0000] {dag.py:2742} INFO - Sync 3 DAGs
[2023-08-13T18:45:20.652+0000] {logging_mixin.py:150} INFO - [2023-08-13T18:45:20.652+0000] {dag.py:3508} INFO - Setting next_dagrun for example_branch_datetime_operator to 2023-08-12T00:00:00+00:00, run_after=2023-08-13T00:00:00+00:00
[2023-08-13T18:45:20.663+0000] {logging_mixin.py:150} INFO - [2023-08-13T18:45:20.663+0000] {dag.py:3508} INFO - Setting next_dagrun for example_branch_datetime_operator_2 to 2023-08-12T00:00:00+00:00, run_after=2023-08-13T00:00:00+00:00
[2023-08-13T18:45:20.668+0000] {logging_mixin.py:150} INFO - [2023-08-13T18:45:20.668+0000] {dag.py:3508} INFO - Setting next_dagrun for example_branch_datetime_operator_3 to 2023-08-12T00:00:00+00:00, run_after=2023-08-13T00:00:00+00:00
[2023-08-13T18:45:21.042+0000] {processor.py:179} INFO - Processing /home/airflow/.local/lib/python3.7/site-packages/airflow/example_dags/example_branch_datetime_operator.py took 0.511 seconds
[2023-08-13T18:45:51.127+0000] {processor.py:157} INFO - Started process (PID=647) to work on /home/airflow/.local/lib/python3.7/site-packages/airflow/example_dags/example_branch_datetime_operator.py
[2023-08-13T18:45:51.128+0000] {processor.py:826} INFO - Processing file /home/airflow/.local/lib/python3.7/site-packages/airflow/example_dags/example_branch_datetime_operator.py for tasks to queue
[2023-08-13T18:45:51.129+0000] {logging_mixin.py:150} INFO - [2023-08-13T18:45:51.129+0000] {dagbag.py:541} INFO - Filling up the DagBag from /home/airflow/.local/lib/python3.7/site-packages/airflow/example_dags/example_branch_datetime_operator.py
[2023-08-13T18:45:51.139+0000] {processor.py:836} INFO - DAG(s) dict_keys(['example_branch_datetime_operator', 'example_branch_datetime_operator_2', 'example_branch_datetime_operator_3']) retrieved from /home/airflow/.local/lib/python3.7/site-packages/airflow/example_dags/example_branch_datetime_operator.py
[2023-08-13T18:45:51.180+0000] {logging_mixin.py:150} INFO - [2023-08-13T18:45:51.179+0000] {dag.py:2742} INFO - Sync 3 DAGs
[2023-08-13T18:45:51.214+0000] {logging_mixin.py:150} INFO - [2023-08-13T18:45:51.213+0000] {dag.py:3508} INFO - Setting next_dagrun for example_branch_datetime_operator to 2023-08-12T00:00:00+00:00, run_after=2023-08-13T00:00:00+00:00
[2023-08-13T18:45:51.219+0000] {logging_mixin.py:150} INFO - [2023-08-13T18:45:51.219+0000] {dag.py:3508} INFO - Setting next_dagrun for example_branch_datetime_operator_2 to 2023-08-12T00:00:00+00:00, run_after=2023-08-13T00:00:00+00:00
[2023-08-13T18:45:51.222+0000] {logging_mixin.py:150} INFO - [2023-08-13T18:45:51.222+0000] {dag.py:3508} INFO - Setting next_dagrun for example_branch_datetime_operator_3 to 2023-08-12T00:00:00+00:00, run_after=2023-08-13T00:00:00+00:00
[2023-08-13T18:45:51.245+0000] {processor.py:179} INFO - Processing /home/airflow/.local/lib/python3.7/site-packages/airflow/example_dags/example_branch_datetime_operator.py took 0.122 seconds
[2023-08-13T18:46:21.392+0000] {processor.py:157} INFO - Started process (PID=712) to work on /home/airflow/.local/lib/python3.7/site-packages/airflow/example_dags/example_branch_datetime_operator.py
[2023-08-13T18:46:21.394+0000] {processor.py:826} INFO - Processing file /home/airflow/.local/lib/python3.7/site-packages/airflow/example_dags/example_branch_datetime_operator.py for tasks to queue
[2023-08-13T18:46:21.395+0000] {logging_mixin.py:150} INFO - [2023-08-13T18:46:21.394+0000] {dagbag.py:541} INFO - Filling up the DagBag from /home/airflow/.local/lib/python3.7/site-packages/airflow/example_dags/example_branch_datetime_operator.py
[2023-08-13T18:46:21.408+0000] {processor.py:836} INFO - DAG(s) dict_keys(['example_branch_datetime_operator_2', 'example_branch_datetime_operator', 'example_branch_datetime_operator_3']) retrieved from /home/airflow/.local/lib/python3.7/site-packages/airflow/example_dags/example_branch_datetime_operator.py
[2023-08-13T18:46:21.443+0000] {logging_mixin.py:150} INFO - [2023-08-13T18:46:21.442+0000] {dag.py:2742} INFO - Sync 3 DAGs
[2023-08-13T18:46:21.475+0000] {logging_mixin.py:150} INFO - [2023-08-13T18:46:21.474+0000] {dag.py:3508} INFO - Setting next_dagrun for example_branch_datetime_operator to 2023-08-12T00:00:00+00:00, run_after=2023-08-13T00:00:00+00:00
[2023-08-13T18:46:21.481+0000] {logging_mixin.py:150} INFO - [2023-08-13T18:46:21.481+0000] {dag.py:3508} INFO - Setting next_dagrun for example_branch_datetime_operator_2 to 2023-08-12T00:00:00+00:00, run_after=2023-08-13T00:00:00+00:00
[2023-08-13T18:46:21.484+0000] {logging_mixin.py:150} INFO - [2023-08-13T18:46:21.484+0000] {dag.py:3508} INFO - Setting next_dagrun for example_branch_datetime_operator_3 to 2023-08-12T00:00:00+00:00, run_after=2023-08-13T00:00:00+00:00
[2023-08-13T18:46:21.508+0000] {processor.py:179} INFO - Processing /home/airflow/.local/lib/python3.7/site-packages/airflow/example_dags/example_branch_datetime_operator.py took 0.119 seconds
[2023-08-13T18:46:51.756+0000] {processor.py:157} INFO - Started process (PID=777) to work on /home/airflow/.local/lib/python3.7/site-packages/airflow/example_dags/example_branch_datetime_operator.py
[2023-08-13T18:46:51.757+0000] {processor.py:826} INFO - Processing file /home/airflow/.local/lib/python3.7/site-packages/airflow/example_dags/example_branch_datetime_operator.py for tasks to queue
[2023-08-13T18:46:51.758+0000] {logging_mixin.py:150} INFO - [2023-08-13T18:46:51.758+0000] {dagbag.py:541} INFO - Filling up the DagBag from /home/airflow/.local/lib/python3.7/site-packages/airflow/example_dags/example_branch_datetime_operator.py
[2023-08-13T18:46:51.771+0000] {processor.py:836} INFO - DAG(s) dict_keys(['example_branch_datetime_operator_3', 'example_branch_datetime_operator_2', 'example_branch_datetime_operator']) retrieved from /home/airflow/.local/lib/python3.7/site-packages/airflow/example_dags/example_branch_datetime_operator.py
[2023-08-13T18:46:51.819+0000] {logging_mixin.py:150} INFO - [2023-08-13T18:46:51.819+0000] {dag.py:2742} INFO - Sync 3 DAGs
[2023-08-13T18:46:51.858+0000] {logging_mixin.py:150} INFO - [2023-08-13T18:46:51.858+0000] {dag.py:3508} INFO - Setting next_dagrun for example_branch_datetime_operator to 2023-08-12T00:00:00+00:00, run_after=2023-08-13T00:00:00+00:00
[2023-08-13T18:46:51.867+0000] {logging_mixin.py:150} INFO - [2023-08-13T18:46:51.866+0000] {dag.py:3508} INFO - Setting next_dagrun for example_branch_datetime_operator_2 to 2023-08-12T00:00:00+00:00, run_after=2023-08-13T00:00:00+00:00
[2023-08-13T18:46:51.871+0000] {logging_mixin.py:150} INFO - [2023-08-13T18:46:51.870+0000] {dag.py:3508} INFO - Setting next_dagrun for example_branch_datetime_operator_3 to 2023-08-12T00:00:00+00:00, run_after=2023-08-13T00:00:00+00:00
[2023-08-13T18:46:51.899+0000] {processor.py:179} INFO - Processing /home/airflow/.local/lib/python3.7/site-packages/airflow/example_dags/example_branch_datetime_operator.py took 0.145 seconds
[2023-08-13T18:47:22.593+0000] {processor.py:157} INFO - Started process (PID=842) to work on /home/airflow/.local/lib/python3.7/site-packages/airflow/example_dags/example_branch_datetime_operator.py
[2023-08-13T18:47:22.594+0000] {processor.py:826} INFO - Processing file /home/airflow/.local/lib/python3.7/site-packages/airflow/example_dags/example_branch_datetime_operator.py for tasks to queue
[2023-08-13T18:47:22.595+0000] {logging_mixin.py:150} INFO - [2023-08-13T18:47:22.595+0000] {dagbag.py:541} INFO - Filling up the DagBag from /home/airflow/.local/lib/python3.7/site-packages/airflow/example_dags/example_branch_datetime_operator.py
[2023-08-13T18:47:22.608+0000] {processor.py:836} INFO - DAG(s) dict_keys(['example_branch_datetime_operator_2', 'example_branch_datetime_operator', 'example_branch_datetime_operator_3']) retrieved from /home/airflow/.local/lib/python3.7/site-packages/airflow/example_dags/example_branch_datetime_operator.py
[2023-08-13T18:47:22.657+0000] {logging_mixin.py:150} INFO - [2023-08-13T18:47:22.656+0000] {dag.py:2742} INFO - Sync 3 DAGs
[2023-08-13T18:47:22.720+0000] {logging_mixin.py:150} INFO - [2023-08-13T18:47:22.719+0000] {dag.py:3508} INFO - Setting next_dagrun for example_branch_datetime_operator to 2023-08-12T00:00:00+00:00, run_after=2023-08-13T00:00:00+00:00
[2023-08-13T18:47:22.731+0000] {logging_mixin.py:150} INFO - [2023-08-13T18:47:22.731+0000] {dag.py:3508} INFO - Setting next_dagrun for example_branch_datetime_operator_2 to 2023-08-12T00:00:00+00:00, run_after=2023-08-13T00:00:00+00:00
[2023-08-13T18:47:22.736+0000] {logging_mixin.py:150} INFO - [2023-08-13T18:47:22.736+0000] {dag.py:3508} INFO - Setting next_dagrun for example_branch_datetime_operator_3 to 2023-08-12T00:00:00+00:00, run_after=2023-08-13T00:00:00+00:00
[2023-08-13T18:47:22.770+0000] {processor.py:179} INFO - Processing /home/airflow/.local/lib/python3.7/site-packages/airflow/example_dags/example_branch_datetime_operator.py took 0.180 seconds
[2023-08-13T18:47:53.133+0000] {processor.py:157} INFO - Started process (PID=907) to work on /home/airflow/.local/lib/python3.7/site-packages/airflow/example_dags/example_branch_datetime_operator.py
[2023-08-13T18:47:53.135+0000] {processor.py:826} INFO - Processing file /home/airflow/.local/lib/python3.7/site-packages/airflow/example_dags/example_branch_datetime_operator.py for tasks to queue
[2023-08-13T18:47:53.137+0000] {logging_mixin.py:150} INFO - [2023-08-13T18:47:53.136+0000] {dagbag.py:541} INFO - Filling up the DagBag from /home/airflow/.local/lib/python3.7/site-packages/airflow/example_dags/example_branch_datetime_operator.py
[2023-08-13T18:47:53.154+0000] {processor.py:836} INFO - DAG(s) dict_keys(['example_branch_datetime_operator_3', 'example_branch_datetime_operator', 'example_branch_datetime_operator_2']) retrieved from /home/airflow/.local/lib/python3.7/site-packages/airflow/example_dags/example_branch_datetime_operator.py
[2023-08-13T18:47:53.212+0000] {logging_mixin.py:150} INFO - [2023-08-13T18:47:53.212+0000] {dag.py:2742} INFO - Sync 3 DAGs
[2023-08-13T18:47:53.281+0000] {logging_mixin.py:150} INFO - [2023-08-13T18:47:53.281+0000] {dag.py:3508} INFO - Setting next_dagrun for example_branch_datetime_operator to 2023-08-12T00:00:00+00:00, run_after=2023-08-13T00:00:00+00:00
[2023-08-13T18:47:53.299+0000] {logging_mixin.py:150} INFO - [2023-08-13T18:47:53.299+0000] {dag.py:3508} INFO - Setting next_dagrun for example_branch_datetime_operator_2 to 2023-08-12T00:00:00+00:00, run_after=2023-08-13T00:00:00+00:00
[2023-08-13T18:47:53.306+0000] {logging_mixin.py:150} INFO - [2023-08-13T18:47:53.305+0000] {dag.py:3508} INFO - Setting next_dagrun for example_branch_datetime_operator_3 to 2023-08-12T00:00:00+00:00, run_after=2023-08-13T00:00:00+00:00
[2023-08-13T18:47:53.336+0000] {processor.py:179} INFO - Processing /home/airflow/.local/lib/python3.7/site-packages/airflow/example_dags/example_branch_datetime_operator.py took 0.207 seconds
[2023-08-13T18:48:23.871+0000] {processor.py:157} INFO - Started process (PID=972) to work on /home/airflow/.local/lib/python3.7/site-packages/airflow/example_dags/example_branch_datetime_operator.py
[2023-08-13T18:48:23.873+0000] {processor.py:826} INFO - Processing file /home/airflow/.local/lib/python3.7/site-packages/airflow/example_dags/example_branch_datetime_operator.py for tasks to queue
[2023-08-13T18:48:23.875+0000] {logging_mixin.py:150} INFO - [2023-08-13T18:48:23.875+0000] {dagbag.py:541} INFO - Filling up the DagBag from /home/airflow/.local/lib/python3.7/site-packages/airflow/example_dags/example_branch_datetime_operator.py
[2023-08-13T18:48:23.887+0000] {processor.py:836} INFO - DAG(s) dict_keys(['example_branch_datetime_operator_2', 'example_branch_datetime_operator_3', 'example_branch_datetime_operator']) retrieved from /home/airflow/.local/lib/python3.7/site-packages/airflow/example_dags/example_branch_datetime_operator.py
[2023-08-13T18:48:23.931+0000] {logging_mixin.py:150} INFO - [2023-08-13T18:48:23.930+0000] {dag.py:2742} INFO - Sync 3 DAGs
[2023-08-13T18:48:23.968+0000] {logging_mixin.py:150} INFO - [2023-08-13T18:48:23.968+0000] {dag.py:3508} INFO - Setting next_dagrun for example_branch_datetime_operator to 2023-08-12T00:00:00+00:00, run_after=2023-08-13T00:00:00+00:00
[2023-08-13T18:48:23.976+0000] {logging_mixin.py:150} INFO - [2023-08-13T18:48:23.976+0000] {dag.py:3508} INFO - Setting next_dagrun for example_branch_datetime_operator_2 to 2023-08-12T00:00:00+00:00, run_after=2023-08-13T00:00:00+00:00
[2023-08-13T18:48:23.981+0000] {logging_mixin.py:150} INFO - [2023-08-13T18:48:23.980+0000] {dag.py:3508} INFO - Setting next_dagrun for example_branch_datetime_operator_3 to 2023-08-12T00:00:00+00:00, run_after=2023-08-13T00:00:00+00:00
[2023-08-13T18:48:24.014+0000] {processor.py:179} INFO - Processing /home/airflow/.local/lib/python3.7/site-packages/airflow/example_dags/example_branch_datetime_operator.py took 0.147 seconds
[2023-08-13T18:48:54.308+0000] {processor.py:157} INFO - Started process (PID=1037) to work on /home/airflow/.local/lib/python3.7/site-packages/airflow/example_dags/example_branch_datetime_operator.py
[2023-08-13T18:48:54.310+0000] {processor.py:826} INFO - Processing file /home/airflow/.local/lib/python3.7/site-packages/airflow/example_dags/example_branch_datetime_operator.py for tasks to queue
[2023-08-13T18:48:54.311+0000] {logging_mixin.py:150} INFO - [2023-08-13T18:48:54.311+0000] {dagbag.py:541} INFO - Filling up the DagBag from /home/airflow/.local/lib/python3.7/site-packages/airflow/example_dags/example_branch_datetime_operator.py
[2023-08-13T18:48:54.327+0000] {processor.py:836} INFO - DAG(s) dict_keys(['example_branch_datetime_operator_2', 'example_branch_datetime_operator_3', 'example_branch_datetime_operator']) retrieved from /home/airflow/.local/lib/python3.7/site-packages/airflow/example_dags/example_branch_datetime_operator.py
[2023-08-13T18:48:54.379+0000] {logging_mixin.py:150} INFO - [2023-08-13T18:48:54.379+0000] {dag.py:2742} INFO - Sync 3 DAGs
[2023-08-13T18:48:54.419+0000] {logging_mixin.py:150} INFO - [2023-08-13T18:48:54.418+0000] {dag.py:3508} INFO - Setting next_dagrun for example_branch_datetime_operator to 2023-08-12T00:00:00+00:00, run_after=2023-08-13T00:00:00+00:00
[2023-08-13T18:48:54.425+0000] {logging_mixin.py:150} INFO - [2023-08-13T18:48:54.425+0000] {dag.py:3508} INFO - Setting next_dagrun for example_branch_datetime_operator_2 to 2023-08-12T00:00:00+00:00, run_after=2023-08-13T00:00:00+00:00
[2023-08-13T18:48:54.430+0000] {logging_mixin.py:150} INFO - [2023-08-13T18:48:54.430+0000] {dag.py:3508} INFO - Setting next_dagrun for example_branch_datetime_operator_3 to 2023-08-12T00:00:00+00:00, run_after=2023-08-13T00:00:00+00:00
[2023-08-13T18:48:54.456+0000] {processor.py:179} INFO - Processing /home/airflow/.local/lib/python3.7/site-packages/airflow/example_dags/example_branch_datetime_operator.py took 0.153 seconds
[2023-08-13T18:49:24.593+0000] {processor.py:157} INFO - Started process (PID=1102) to work on /home/airflow/.local/lib/python3.7/site-packages/airflow/example_dags/example_branch_datetime_operator.py
[2023-08-13T18:49:24.594+0000] {processor.py:826} INFO - Processing file /home/airflow/.local/lib/python3.7/site-packages/airflow/example_dags/example_branch_datetime_operator.py for tasks to queue
[2023-08-13T18:49:24.595+0000] {logging_mixin.py:150} INFO - [2023-08-13T18:49:24.595+0000] {dagbag.py:541} INFO - Filling up the DagBag from /home/airflow/.local/lib/python3.7/site-packages/airflow/example_dags/example_branch_datetime_operator.py
[2023-08-13T18:49:24.605+0000] {processor.py:836} INFO - DAG(s) dict_keys(['example_branch_datetime_operator_2', 'example_branch_datetime_operator', 'example_branch_datetime_operator_3']) retrieved from /home/airflow/.local/lib/python3.7/site-packages/airflow/example_dags/example_branch_datetime_operator.py
[2023-08-13T18:49:24.638+0000] {logging_mixin.py:150} INFO - [2023-08-13T18:49:24.638+0000] {dag.py:2742} INFO - Sync 3 DAGs
[2023-08-13T18:49:24.669+0000] {logging_mixin.py:150} INFO - [2023-08-13T18:49:24.669+0000] {dag.py:3508} INFO - Setting next_dagrun for example_branch_datetime_operator to 2023-08-12T00:00:00+00:00, run_after=2023-08-13T00:00:00+00:00
[2023-08-13T18:49:24.678+0000] {logging_mixin.py:150} INFO - [2023-08-13T18:49:24.678+0000] {dag.py:3508} INFO - Setting next_dagrun for example_branch_datetime_operator_2 to 2023-08-12T00:00:00+00:00, run_after=2023-08-13T00:00:00+00:00
[2023-08-13T18:49:24.682+0000] {logging_mixin.py:150} INFO - [2023-08-13T18:49:24.682+0000] {dag.py:3508} INFO - Setting next_dagrun for example_branch_datetime_operator_3 to 2023-08-12T00:00:00+00:00, run_after=2023-08-13T00:00:00+00:00
[2023-08-13T18:49:24.712+0000] {processor.py:179} INFO - Processing /home/airflow/.local/lib/python3.7/site-packages/airflow/example_dags/example_branch_datetime_operator.py took 0.122 seconds
[2023-08-13T18:49:55.295+0000] {processor.py:157} INFO - Started process (PID=1167) to work on /home/airflow/.local/lib/python3.7/site-packages/airflow/example_dags/example_branch_datetime_operator.py
[2023-08-13T18:49:55.297+0000] {processor.py:826} INFO - Processing file /home/airflow/.local/lib/python3.7/site-packages/airflow/example_dags/example_branch_datetime_operator.py for tasks to queue
[2023-08-13T18:49:55.299+0000] {logging_mixin.py:150} INFO - [2023-08-13T18:49:55.298+0000] {dagbag.py:541} INFO - Filling up the DagBag from /home/airflow/.local/lib/python3.7/site-packages/airflow/example_dags/example_branch_datetime_operator.py
[2023-08-13T18:49:55.317+0000] {processor.py:836} INFO - DAG(s) dict_keys(['example_branch_datetime_operator_2', 'example_branch_datetime_operator_3', 'example_branch_datetime_operator']) retrieved from /home/airflow/.local/lib/python3.7/site-packages/airflow/example_dags/example_branch_datetime_operator.py
[2023-08-13T18:49:55.373+0000] {logging_mixin.py:150} INFO - [2023-08-13T18:49:55.372+0000] {dag.py:2742} INFO - Sync 3 DAGs
[2023-08-13T18:49:55.429+0000] {logging_mixin.py:150} INFO - [2023-08-13T18:49:55.428+0000] {dag.py:3508} INFO - Setting next_dagrun for example_branch_datetime_operator to 2023-08-12T00:00:00+00:00, run_after=2023-08-13T00:00:00+00:00
[2023-08-13T18:49:55.439+0000] {logging_mixin.py:150} INFO - [2023-08-13T18:49:55.439+0000] {dag.py:3508} INFO - Setting next_dagrun for example_branch_datetime_operator_2 to 2023-08-12T00:00:00+00:00, run_after=2023-08-13T00:00:00+00:00
[2023-08-13T18:49:55.446+0000] {logging_mixin.py:150} INFO - [2023-08-13T18:49:55.445+0000] {dag.py:3508} INFO - Setting next_dagrun for example_branch_datetime_operator_3 to 2023-08-12T00:00:00+00:00, run_after=2023-08-13T00:00:00+00:00
[2023-08-13T18:49:55.487+0000] {processor.py:179} INFO - Processing /home/airflow/.local/lib/python3.7/site-packages/airflow/example_dags/example_branch_datetime_operator.py took 0.197 seconds
