[2023-08-13T18:41:11.739+0000] {processor.py:157} INFO - Started process (PID=64) to work on /home/airflow/.local/lib/python3.7/site-packages/airflow/example_dags/example_branch_python_dop_operator_3.py
[2023-08-13T18:41:11.740+0000] {processor.py:826} INFO - Processing file /home/airflow/.local/lib/python3.7/site-packages/airflow/example_dags/example_branch_python_dop_operator_3.py for tasks to queue
[2023-08-13T18:41:11.743+0000] {logging_mixin.py:150} INFO - [2023-08-13T18:41:11.742+0000] {dagbag.py:541} INFO - Filling up the DagBag from /home/airflow/.local/lib/python3.7/site-packages/airflow/example_dags/example_branch_python_dop_operator_3.py
[2023-08-13T18:41:11.754+0000] {processor.py:836} INFO - DAG(s) dict_keys(['example_branch_dop_operator_v3']) retrieved from /home/airflow/.local/lib/python3.7/site-packages/airflow/example_dags/example_branch_python_dop_operator_3.py
[2023-08-13T18:41:11.768+0000] {logging_mixin.py:150} INFO - [2023-08-13T18:41:11.768+0000] {dag.py:2742} INFO - Sync 1 DAGs
[2023-08-13T18:41:11.815+0000] {logging_mixin.py:150} INFO - [2023-08-13T18:41:11.814+0000] {dag.py:3508} INFO - Setting next_dagrun for example_branch_dop_operator_v3 to 2023-08-13T18:40:00+00:00, run_after=2023-08-13T18:41:00+00:00
[2023-08-13T18:41:11.859+0000] {processor.py:179} INFO - Processing /home/airflow/.local/lib/python3.7/site-packages/airflow/example_dags/example_branch_python_dop_operator_3.py took 0.122 seconds
[2023-08-13T18:41:42.694+0000] {processor.py:157} INFO - Started process (PID=129) to work on /home/airflow/.local/lib/python3.7/site-packages/airflow/example_dags/example_branch_python_dop_operator_3.py
[2023-08-13T18:41:42.695+0000] {processor.py:826} INFO - Processing file /home/airflow/.local/lib/python3.7/site-packages/airflow/example_dags/example_branch_python_dop_operator_3.py for tasks to queue
[2023-08-13T18:41:42.696+0000] {logging_mixin.py:150} INFO - [2023-08-13T18:41:42.696+0000] {dagbag.py:541} INFO - Filling up the DagBag from /home/airflow/.local/lib/python3.7/site-packages/airflow/example_dags/example_branch_python_dop_operator_3.py
[2023-08-13T18:41:42.704+0000] {processor.py:836} INFO - DAG(s) dict_keys(['example_branch_dop_operator_v3']) retrieved from /home/airflow/.local/lib/python3.7/site-packages/airflow/example_dags/example_branch_python_dop_operator_3.py
[2023-08-13T18:41:42.727+0000] {logging_mixin.py:150} INFO - [2023-08-13T18:41:42.727+0000] {dag.py:2742} INFO - Sync 1 DAGs
[2023-08-13T18:41:42.756+0000] {logging_mixin.py:150} INFO - [2023-08-13T18:41:42.755+0000] {dag.py:3508} INFO - Setting next_dagrun for example_branch_dop_operator_v3 to 2023-08-13T18:40:00+00:00, run_after=2023-08-13T18:41:00+00:00
[2023-08-13T18:41:42.775+0000] {processor.py:179} INFO - Processing /home/airflow/.local/lib/python3.7/site-packages/airflow/example_dags/example_branch_python_dop_operator_3.py took 0.084 seconds
[2023-08-13T18:42:13.184+0000] {processor.py:157} INFO - Started process (PID=194) to work on /home/airflow/.local/lib/python3.7/site-packages/airflow/example_dags/example_branch_python_dop_operator_3.py
[2023-08-13T18:42:13.188+0000] {processor.py:826} INFO - Processing file /home/airflow/.local/lib/python3.7/site-packages/airflow/example_dags/example_branch_python_dop_operator_3.py for tasks to queue
[2023-08-13T18:42:13.190+0000] {logging_mixin.py:150} INFO - [2023-08-13T18:42:13.190+0000] {dagbag.py:541} INFO - Filling up the DagBag from /home/airflow/.local/lib/python3.7/site-packages/airflow/example_dags/example_branch_python_dop_operator_3.py
[2023-08-13T18:42:13.209+0000] {processor.py:836} INFO - DAG(s) dict_keys(['example_branch_dop_operator_v3']) retrieved from /home/airflow/.local/lib/python3.7/site-packages/airflow/example_dags/example_branch_python_dop_operator_3.py
[2023-08-13T18:42:13.263+0000] {logging_mixin.py:150} INFO - [2023-08-13T18:42:13.263+0000] {dag.py:2742} INFO - Sync 1 DAGs
[2023-08-13T18:42:13.337+0000] {logging_mixin.py:150} INFO - [2023-08-13T18:42:13.335+0000] {dag.py:3508} INFO - Setting next_dagrun for example_branch_dop_operator_v3 to 2023-08-13T18:41:00+00:00, run_after=2023-08-13T18:42:00+00:00
[2023-08-13T18:42:13.396+0000] {processor.py:179} INFO - Processing /home/airflow/.local/lib/python3.7/site-packages/airflow/example_dags/example_branch_python_dop_operator_3.py took 0.220 seconds
[2023-08-13T18:42:43.479+0000] {processor.py:157} INFO - Started process (PID=259) to work on /home/airflow/.local/lib/python3.7/site-packages/airflow/example_dags/example_branch_python_dop_operator_3.py
[2023-08-13T18:42:43.480+0000] {processor.py:826} INFO - Processing file /home/airflow/.local/lib/python3.7/site-packages/airflow/example_dags/example_branch_python_dop_operator_3.py for tasks to queue
[2023-08-13T18:42:43.481+0000] {logging_mixin.py:150} INFO - [2023-08-13T18:42:43.481+0000] {dagbag.py:541} INFO - Filling up the DagBag from /home/airflow/.local/lib/python3.7/site-packages/airflow/example_dags/example_branch_python_dop_operator_3.py
[2023-08-13T18:42:43.488+0000] {processor.py:836} INFO - DAG(s) dict_keys(['example_branch_dop_operator_v3']) retrieved from /home/airflow/.local/lib/python3.7/site-packages/airflow/example_dags/example_branch_python_dop_operator_3.py
[2023-08-13T18:42:43.516+0000] {logging_mixin.py:150} INFO - [2023-08-13T18:42:43.515+0000] {dag.py:2742} INFO - Sync 1 DAGs
[2023-08-13T18:42:43.551+0000] {logging_mixin.py:150} INFO - [2023-08-13T18:42:43.551+0000] {dag.py:3508} INFO - Setting next_dagrun for example_branch_dop_operator_v3 to 2023-08-13T18:41:00+00:00, run_after=2023-08-13T18:42:00+00:00
[2023-08-13T18:42:43.573+0000] {processor.py:179} INFO - Processing /home/airflow/.local/lib/python3.7/site-packages/airflow/example_dags/example_branch_python_dop_operator_3.py took 0.098 seconds
[2023-08-13T18:43:16.343+0000] {processor.py:157} INFO - Started process (PID=324) to work on /home/airflow/.local/lib/python3.7/site-packages/airflow/example_dags/example_branch_python_dop_operator_3.py
[2023-08-13T18:43:16.345+0000] {processor.py:826} INFO - Processing file /home/airflow/.local/lib/python3.7/site-packages/airflow/example_dags/example_branch_python_dop_operator_3.py for tasks to queue
[2023-08-13T18:43:16.346+0000] {logging_mixin.py:150} INFO - [2023-08-13T18:43:16.346+0000] {dagbag.py:541} INFO - Filling up the DagBag from /home/airflow/.local/lib/python3.7/site-packages/airflow/example_dags/example_branch_python_dop_operator_3.py
[2023-08-13T18:43:16.357+0000] {processor.py:836} INFO - DAG(s) dict_keys(['example_branch_dop_operator_v3']) retrieved from /home/airflow/.local/lib/python3.7/site-packages/airflow/example_dags/example_branch_python_dop_operator_3.py
[2023-08-13T18:43:16.398+0000] {logging_mixin.py:150} INFO - [2023-08-13T18:43:16.397+0000] {dag.py:2742} INFO - Sync 1 DAGs
[2023-08-13T18:43:16.466+0000] {logging_mixin.py:150} INFO - [2023-08-13T18:43:16.465+0000] {dag.py:3508} INFO - Setting next_dagrun for example_branch_dop_operator_v3 to 2023-08-13T18:42:00+00:00, run_after=2023-08-13T18:43:00+00:00
[2023-08-13T18:43:16.522+0000] {processor.py:179} INFO - Processing /home/airflow/.local/lib/python3.7/site-packages/airflow/example_dags/example_branch_python_dop_operator_3.py took 0.184 seconds
[2023-08-13T18:43:46.985+0000] {processor.py:157} INFO - Started process (PID=389) to work on /home/airflow/.local/lib/python3.7/site-packages/airflow/example_dags/example_branch_python_dop_operator_3.py
[2023-08-13T18:43:46.987+0000] {processor.py:826} INFO - Processing file /home/airflow/.local/lib/python3.7/site-packages/airflow/example_dags/example_branch_python_dop_operator_3.py for tasks to queue
[2023-08-13T18:43:46.989+0000] {logging_mixin.py:150} INFO - [2023-08-13T18:43:46.988+0000] {dagbag.py:541} INFO - Filling up the DagBag from /home/airflow/.local/lib/python3.7/site-packages/airflow/example_dags/example_branch_python_dop_operator_3.py
[2023-08-13T18:43:47.002+0000] {processor.py:836} INFO - DAG(s) dict_keys(['example_branch_dop_operator_v3']) retrieved from /home/airflow/.local/lib/python3.7/site-packages/airflow/example_dags/example_branch_python_dop_operator_3.py
[2023-08-13T18:43:47.037+0000] {logging_mixin.py:150} INFO - [2023-08-13T18:43:47.037+0000] {dag.py:2742} INFO - Sync 1 DAGs
[2023-08-13T18:43:47.093+0000] {logging_mixin.py:150} INFO - [2023-08-13T18:43:47.092+0000] {dag.py:3508} INFO - Setting next_dagrun for example_branch_dop_operator_v3 to 2023-08-13T18:42:00+00:00, run_after=2023-08-13T18:43:00+00:00
[2023-08-13T18:43:47.165+0000] {processor.py:179} INFO - Processing /home/airflow/.local/lib/python3.7/site-packages/airflow/example_dags/example_branch_python_dop_operator_3.py took 0.184 seconds
[2023-08-13T18:44:17.408+0000] {processor.py:157} INFO - Started process (PID=454) to work on /home/airflow/.local/lib/python3.7/site-packages/airflow/example_dags/example_branch_python_dop_operator_3.py
[2023-08-13T18:44:17.410+0000] {processor.py:826} INFO - Processing file /home/airflow/.local/lib/python3.7/site-packages/airflow/example_dags/example_branch_python_dop_operator_3.py for tasks to queue
[2023-08-13T18:44:17.411+0000] {logging_mixin.py:150} INFO - [2023-08-13T18:44:17.411+0000] {dagbag.py:541} INFO - Filling up the DagBag from /home/airflow/.local/lib/python3.7/site-packages/airflow/example_dags/example_branch_python_dop_operator_3.py
[2023-08-13T18:44:17.422+0000] {processor.py:836} INFO - DAG(s) dict_keys(['example_branch_dop_operator_v3']) retrieved from /home/airflow/.local/lib/python3.7/site-packages/airflow/example_dags/example_branch_python_dop_operator_3.py
[2023-08-13T18:44:17.456+0000] {logging_mixin.py:150} INFO - [2023-08-13T18:44:17.456+0000] {dag.py:2742} INFO - Sync 1 DAGs
[2023-08-13T18:44:17.507+0000] {logging_mixin.py:150} INFO - [2023-08-13T18:44:17.507+0000] {dag.py:3508} INFO - Setting next_dagrun for example_branch_dop_operator_v3 to 2023-08-13T18:43:00+00:00, run_after=2023-08-13T18:44:00+00:00
[2023-08-13T18:44:17.538+0000] {processor.py:179} INFO - Processing /home/airflow/.local/lib/python3.7/site-packages/airflow/example_dags/example_branch_python_dop_operator_3.py took 0.134 seconds
[2023-08-13T18:44:49.265+0000] {processor.py:157} INFO - Started process (PID=519) to work on /home/airflow/.local/lib/python3.7/site-packages/airflow/example_dags/example_branch_python_dop_operator_3.py
[2023-08-13T18:44:49.267+0000] {processor.py:826} INFO - Processing file /home/airflow/.local/lib/python3.7/site-packages/airflow/example_dags/example_branch_python_dop_operator_3.py for tasks to queue
[2023-08-13T18:44:49.268+0000] {logging_mixin.py:150} INFO - [2023-08-13T18:44:49.268+0000] {dagbag.py:541} INFO - Filling up the DagBag from /home/airflow/.local/lib/python3.7/site-packages/airflow/example_dags/example_branch_python_dop_operator_3.py
[2023-08-13T18:44:49.282+0000] {processor.py:836} INFO - DAG(s) dict_keys(['example_branch_dop_operator_v3']) retrieved from /home/airflow/.local/lib/python3.7/site-packages/airflow/example_dags/example_branch_python_dop_operator_3.py
[2023-08-13T18:44:49.321+0000] {logging_mixin.py:150} INFO - [2023-08-13T18:44:49.320+0000] {dag.py:2742} INFO - Sync 1 DAGs
[2023-08-13T18:44:49.380+0000] {logging_mixin.py:150} INFO - [2023-08-13T18:44:49.379+0000] {dag.py:3508} INFO - Setting next_dagrun for example_branch_dop_operator_v3 to 2023-08-13T18:43:00+00:00, run_after=2023-08-13T18:44:00+00:00
[2023-08-13T18:44:49.419+0000] {processor.py:179} INFO - Processing /home/airflow/.local/lib/python3.7/site-packages/airflow/example_dags/example_branch_python_dop_operator_3.py took 0.159 seconds
[2023-08-13T18:45:21.079+0000] {processor.py:157} INFO - Started process (PID=584) to work on /home/airflow/.local/lib/python3.7/site-packages/airflow/example_dags/example_branch_python_dop_operator_3.py
[2023-08-13T18:45:21.080+0000] {processor.py:826} INFO - Processing file /home/airflow/.local/lib/python3.7/site-packages/airflow/example_dags/example_branch_python_dop_operator_3.py for tasks to queue
[2023-08-13T18:45:21.081+0000] {logging_mixin.py:150} INFO - [2023-08-13T18:45:21.081+0000] {dagbag.py:541} INFO - Filling up the DagBag from /home/airflow/.local/lib/python3.7/site-packages/airflow/example_dags/example_branch_python_dop_operator_3.py
[2023-08-13T18:45:21.092+0000] {processor.py:836} INFO - DAG(s) dict_keys(['example_branch_dop_operator_v3']) retrieved from /home/airflow/.local/lib/python3.7/site-packages/airflow/example_dags/example_branch_python_dop_operator_3.py
[2023-08-13T18:45:21.136+0000] {logging_mixin.py:150} INFO - [2023-08-13T18:45:21.136+0000] {dag.py:2742} INFO - Sync 1 DAGs
[2023-08-13T18:45:21.187+0000] {logging_mixin.py:150} INFO - [2023-08-13T18:45:21.187+0000] {dag.py:3508} INFO - Setting next_dagrun for example_branch_dop_operator_v3 to 2023-08-13T18:44:00+00:00, run_after=2023-08-13T18:45:00+00:00
[2023-08-13T18:45:21.230+0000] {processor.py:179} INFO - Processing /home/airflow/.local/lib/python3.7/site-packages/airflow/example_dags/example_branch_python_dop_operator_3.py took 0.155 seconds
[2023-08-13T18:45:51.281+0000] {processor.py:157} INFO - Started process (PID=649) to work on /home/airflow/.local/lib/python3.7/site-packages/airflow/example_dags/example_branch_python_dop_operator_3.py
[2023-08-13T18:45:51.283+0000] {processor.py:826} INFO - Processing file /home/airflow/.local/lib/python3.7/site-packages/airflow/example_dags/example_branch_python_dop_operator_3.py for tasks to queue
[2023-08-13T18:45:51.284+0000] {logging_mixin.py:150} INFO - [2023-08-13T18:45:51.283+0000] {dagbag.py:541} INFO - Filling up the DagBag from /home/airflow/.local/lib/python3.7/site-packages/airflow/example_dags/example_branch_python_dop_operator_3.py
[2023-08-13T18:45:51.291+0000] {processor.py:836} INFO - DAG(s) dict_keys(['example_branch_dop_operator_v3']) retrieved from /home/airflow/.local/lib/python3.7/site-packages/airflow/example_dags/example_branch_python_dop_operator_3.py
[2023-08-13T18:45:51.321+0000] {logging_mixin.py:150} INFO - [2023-08-13T18:45:51.320+0000] {dag.py:2742} INFO - Sync 1 DAGs
[2023-08-13T18:45:51.355+0000] {logging_mixin.py:150} INFO - [2023-08-13T18:45:51.354+0000] {dag.py:3508} INFO - Setting next_dagrun for example_branch_dop_operator_v3 to 2023-08-13T18:44:00+00:00, run_after=2023-08-13T18:45:00+00:00
[2023-08-13T18:45:51.379+0000] {processor.py:179} INFO - Processing /home/airflow/.local/lib/python3.7/site-packages/airflow/example_dags/example_branch_python_dop_operator_3.py took 0.100 seconds
[2023-08-13T18:46:21.537+0000] {processor.py:157} INFO - Started process (PID=714) to work on /home/airflow/.local/lib/python3.7/site-packages/airflow/example_dags/example_branch_python_dop_operator_3.py
[2023-08-13T18:46:21.538+0000] {processor.py:826} INFO - Processing file /home/airflow/.local/lib/python3.7/site-packages/airflow/example_dags/example_branch_python_dop_operator_3.py for tasks to queue
[2023-08-13T18:46:21.539+0000] {logging_mixin.py:150} INFO - [2023-08-13T18:46:21.539+0000] {dagbag.py:541} INFO - Filling up the DagBag from /home/airflow/.local/lib/python3.7/site-packages/airflow/example_dags/example_branch_python_dop_operator_3.py
[2023-08-13T18:46:21.548+0000] {processor.py:836} INFO - DAG(s) dict_keys(['example_branch_dop_operator_v3']) retrieved from /home/airflow/.local/lib/python3.7/site-packages/airflow/example_dags/example_branch_python_dop_operator_3.py
[2023-08-13T18:46:21.573+0000] {logging_mixin.py:150} INFO - [2023-08-13T18:46:21.573+0000] {dag.py:2742} INFO - Sync 1 DAGs
[2023-08-13T18:46:21.603+0000] {logging_mixin.py:150} INFO - [2023-08-13T18:46:21.603+0000] {dag.py:3508} INFO - Setting next_dagrun for example_branch_dop_operator_v3 to 2023-08-13T18:45:00+00:00, run_after=2023-08-13T18:46:00+00:00
[2023-08-13T18:46:21.624+0000] {processor.py:179} INFO - Processing /home/airflow/.local/lib/python3.7/site-packages/airflow/example_dags/example_branch_python_dop_operator_3.py took 0.091 seconds
[2023-08-13T18:46:51.930+0000] {processor.py:157} INFO - Started process (PID=779) to work on /home/airflow/.local/lib/python3.7/site-packages/airflow/example_dags/example_branch_python_dop_operator_3.py
[2023-08-13T18:46:51.931+0000] {processor.py:826} INFO - Processing file /home/airflow/.local/lib/python3.7/site-packages/airflow/example_dags/example_branch_python_dop_operator_3.py for tasks to queue
[2023-08-13T18:46:51.933+0000] {logging_mixin.py:150} INFO - [2023-08-13T18:46:51.932+0000] {dagbag.py:541} INFO - Filling up the DagBag from /home/airflow/.local/lib/python3.7/site-packages/airflow/example_dags/example_branch_python_dop_operator_3.py
[2023-08-13T18:46:51.942+0000] {processor.py:836} INFO - DAG(s) dict_keys(['example_branch_dop_operator_v3']) retrieved from /home/airflow/.local/lib/python3.7/site-packages/airflow/example_dags/example_branch_python_dop_operator_3.py
[2023-08-13T18:46:51.969+0000] {logging_mixin.py:150} INFO - [2023-08-13T18:46:51.968+0000] {dag.py:2742} INFO - Sync 1 DAGs
[2023-08-13T18:46:52.025+0000] {logging_mixin.py:150} INFO - [2023-08-13T18:46:52.025+0000] {dag.py:3508} INFO - Setting next_dagrun for example_branch_dop_operator_v3 to 2023-08-13T18:45:00+00:00, run_after=2023-08-13T18:46:00+00:00
[2023-08-13T18:46:52.067+0000] {processor.py:179} INFO - Processing /home/airflow/.local/lib/python3.7/site-packages/airflow/example_dags/example_branch_python_dop_operator_3.py took 0.139 seconds
[2023-08-13T18:47:22.809+0000] {processor.py:157} INFO - Started process (PID=844) to work on /home/airflow/.local/lib/python3.7/site-packages/airflow/example_dags/example_branch_python_dop_operator_3.py
[2023-08-13T18:47:22.810+0000] {processor.py:826} INFO - Processing file /home/airflow/.local/lib/python3.7/site-packages/airflow/example_dags/example_branch_python_dop_operator_3.py for tasks to queue
[2023-08-13T18:47:22.811+0000] {logging_mixin.py:150} INFO - [2023-08-13T18:47:22.811+0000] {dagbag.py:541} INFO - Filling up the DagBag from /home/airflow/.local/lib/python3.7/site-packages/airflow/example_dags/example_branch_python_dop_operator_3.py
[2023-08-13T18:47:22.824+0000] {processor.py:836} INFO - DAG(s) dict_keys(['example_branch_dop_operator_v3']) retrieved from /home/airflow/.local/lib/python3.7/site-packages/airflow/example_dags/example_branch_python_dop_operator_3.py
[2023-08-13T18:47:22.857+0000] {logging_mixin.py:150} INFO - [2023-08-13T18:47:22.857+0000] {dag.py:2742} INFO - Sync 1 DAGs
[2023-08-13T18:47:22.899+0000] {logging_mixin.py:150} INFO - [2023-08-13T18:47:22.898+0000] {dag.py:3508} INFO - Setting next_dagrun for example_branch_dop_operator_v3 to 2023-08-13T18:46:00+00:00, run_after=2023-08-13T18:47:00+00:00
[2023-08-13T18:47:22.925+0000] {processor.py:179} INFO - Processing /home/airflow/.local/lib/python3.7/site-packages/airflow/example_dags/example_branch_python_dop_operator_3.py took 0.121 seconds
[2023-08-13T18:47:53.522+0000] {processor.py:157} INFO - Started process (PID=909) to work on /home/airflow/.local/lib/python3.7/site-packages/airflow/example_dags/example_branch_python_dop_operator_3.py
[2023-08-13T18:47:53.524+0000] {processor.py:826} INFO - Processing file /home/airflow/.local/lib/python3.7/site-packages/airflow/example_dags/example_branch_python_dop_operator_3.py for tasks to queue
[2023-08-13T18:47:53.526+0000] {logging_mixin.py:150} INFO - [2023-08-13T18:47:53.525+0000] {dagbag.py:541} INFO - Filling up the DagBag from /home/airflow/.local/lib/python3.7/site-packages/airflow/example_dags/example_branch_python_dop_operator_3.py
[2023-08-13T18:47:53.538+0000] {processor.py:836} INFO - DAG(s) dict_keys(['example_branch_dop_operator_v3']) retrieved from /home/airflow/.local/lib/python3.7/site-packages/airflow/example_dags/example_branch_python_dop_operator_3.py
[2023-08-13T18:47:53.570+0000] {logging_mixin.py:150} INFO - [2023-08-13T18:47:53.570+0000] {dag.py:2742} INFO - Sync 1 DAGs
[2023-08-13T18:47:53.613+0000] {logging_mixin.py:150} INFO - [2023-08-13T18:47:53.613+0000] {dag.py:3508} INFO - Setting next_dagrun for example_branch_dop_operator_v3 to 2023-08-13T18:46:00+00:00, run_after=2023-08-13T18:47:00+00:00
[2023-08-13T18:47:53.641+0000] {processor.py:179} INFO - Processing /home/airflow/.local/lib/python3.7/site-packages/airflow/example_dags/example_branch_python_dop_operator_3.py took 0.124 seconds
[2023-08-13T18:48:24.198+0000] {processor.py:157} INFO - Started process (PID=974) to work on /home/airflow/.local/lib/python3.7/site-packages/airflow/example_dags/example_branch_python_dop_operator_3.py
[2023-08-13T18:48:24.199+0000] {processor.py:826} INFO - Processing file /home/airflow/.local/lib/python3.7/site-packages/airflow/example_dags/example_branch_python_dop_operator_3.py for tasks to queue
[2023-08-13T18:48:24.200+0000] {logging_mixin.py:150} INFO - [2023-08-13T18:48:24.200+0000] {dagbag.py:541} INFO - Filling up the DagBag from /home/airflow/.local/lib/python3.7/site-packages/airflow/example_dags/example_branch_python_dop_operator_3.py
[2023-08-13T18:48:24.208+0000] {processor.py:836} INFO - DAG(s) dict_keys(['example_branch_dop_operator_v3']) retrieved from /home/airflow/.local/lib/python3.7/site-packages/airflow/example_dags/example_branch_python_dop_operator_3.py
[2023-08-13T18:48:24.233+0000] {logging_mixin.py:150} INFO - [2023-08-13T18:48:24.232+0000] {dag.py:2742} INFO - Sync 1 DAGs
[2023-08-13T18:48:24.262+0000] {logging_mixin.py:150} INFO - [2023-08-13T18:48:24.261+0000] {dag.py:3508} INFO - Setting next_dagrun for example_branch_dop_operator_v3 to 2023-08-13T18:47:00+00:00, run_after=2023-08-13T18:48:00+00:00
[2023-08-13T18:48:24.285+0000] {processor.py:179} INFO - Processing /home/airflow/.local/lib/python3.7/site-packages/airflow/example_dags/example_branch_python_dop_operator_3.py took 0.091 seconds
[2023-08-13T18:48:54.490+0000] {processor.py:157} INFO - Started process (PID=1039) to work on /home/airflow/.local/lib/python3.7/site-packages/airflow/example_dags/example_branch_python_dop_operator_3.py
[2023-08-13T18:48:54.491+0000] {processor.py:826} INFO - Processing file /home/airflow/.local/lib/python3.7/site-packages/airflow/example_dags/example_branch_python_dop_operator_3.py for tasks to queue
[2023-08-13T18:48:54.492+0000] {logging_mixin.py:150} INFO - [2023-08-13T18:48:54.492+0000] {dagbag.py:541} INFO - Filling up the DagBag from /home/airflow/.local/lib/python3.7/site-packages/airflow/example_dags/example_branch_python_dop_operator_3.py
[2023-08-13T18:48:54.502+0000] {processor.py:836} INFO - DAG(s) dict_keys(['example_branch_dop_operator_v3']) retrieved from /home/airflow/.local/lib/python3.7/site-packages/airflow/example_dags/example_branch_python_dop_operator_3.py
[2023-08-13T18:48:54.530+0000] {logging_mixin.py:150} INFO - [2023-08-13T18:48:54.529+0000] {dag.py:2742} INFO - Sync 1 DAGs
[2023-08-13T18:48:54.571+0000] {logging_mixin.py:150} INFO - [2023-08-13T18:48:54.571+0000] {dag.py:3508} INFO - Setting next_dagrun for example_branch_dop_operator_v3 to 2023-08-13T18:47:00+00:00, run_after=2023-08-13T18:48:00+00:00
[2023-08-13T18:48:54.602+0000] {processor.py:179} INFO - Processing /home/airflow/.local/lib/python3.7/site-packages/airflow/example_dags/example_branch_python_dop_operator_3.py took 0.116 seconds
[2023-08-13T18:49:25.025+0000] {processor.py:157} INFO - Started process (PID=1104) to work on /home/airflow/.local/lib/python3.7/site-packages/airflow/example_dags/example_branch_python_dop_operator_3.py
[2023-08-13T18:49:25.027+0000] {processor.py:826} INFO - Processing file /home/airflow/.local/lib/python3.7/site-packages/airflow/example_dags/example_branch_python_dop_operator_3.py for tasks to queue
[2023-08-13T18:49:25.028+0000] {logging_mixin.py:150} INFO - [2023-08-13T18:49:25.028+0000] {dagbag.py:541} INFO - Filling up the DagBag from /home/airflow/.local/lib/python3.7/site-packages/airflow/example_dags/example_branch_python_dop_operator_3.py
[2023-08-13T18:49:25.038+0000] {processor.py:836} INFO - DAG(s) dict_keys(['example_branch_dop_operator_v3']) retrieved from /home/airflow/.local/lib/python3.7/site-packages/airflow/example_dags/example_branch_python_dop_operator_3.py
[2023-08-13T18:49:25.069+0000] {logging_mixin.py:150} INFO - [2023-08-13T18:49:25.068+0000] {dag.py:2742} INFO - Sync 1 DAGs
[2023-08-13T18:49:25.108+0000] {logging_mixin.py:150} INFO - [2023-08-13T18:49:25.107+0000] {dag.py:3508} INFO - Setting next_dagrun for example_branch_dop_operator_v3 to 2023-08-13T18:48:00+00:00, run_after=2023-08-13T18:49:00+00:00
[2023-08-13T18:49:25.142+0000] {processor.py:179} INFO - Processing /home/airflow/.local/lib/python3.7/site-packages/airflow/example_dags/example_branch_python_dop_operator_3.py took 0.122 seconds
[2023-08-13T18:49:55.839+0000] {processor.py:157} INFO - Started process (PID=1169) to work on /home/airflow/.local/lib/python3.7/site-packages/airflow/example_dags/example_branch_python_dop_operator_3.py
[2023-08-13T18:49:55.844+0000] {processor.py:826} INFO - Processing file /home/airflow/.local/lib/python3.7/site-packages/airflow/example_dags/example_branch_python_dop_operator_3.py for tasks to queue
[2023-08-13T18:49:55.846+0000] {logging_mixin.py:150} INFO - [2023-08-13T18:49:55.846+0000] {dagbag.py:541} INFO - Filling up the DagBag from /home/airflow/.local/lib/python3.7/site-packages/airflow/example_dags/example_branch_python_dop_operator_3.py
[2023-08-13T18:49:55.862+0000] {processor.py:836} INFO - DAG(s) dict_keys(['example_branch_dop_operator_v3']) retrieved from /home/airflow/.local/lib/python3.7/site-packages/airflow/example_dags/example_branch_python_dop_operator_3.py
[2023-08-13T18:49:55.909+0000] {logging_mixin.py:150} INFO - [2023-08-13T18:49:55.908+0000] {dag.py:2742} INFO - Sync 1 DAGs
[2023-08-13T18:49:55.972+0000] {logging_mixin.py:150} INFO - [2023-08-13T18:49:55.972+0000] {dag.py:3508} INFO - Setting next_dagrun for example_branch_dop_operator_v3 to 2023-08-13T18:48:00+00:00, run_after=2023-08-13T18:49:00+00:00
[2023-08-13T18:49:56.004+0000] {processor.py:179} INFO - Processing /home/airflow/.local/lib/python3.7/site-packages/airflow/example_dags/example_branch_python_dop_operator_3.py took 0.170 seconds
