[2023-08-13T18:41:07.957+0000] {processor.py:157} INFO - Started process (PID=33) to work on /home/airflow/.local/lib/python3.7/site-packages/airflow/example_dags/example_short_circuit_operator.py
[2023-08-13T18:41:07.958+0000] {processor.py:826} INFO - Processing file /home/airflow/.local/lib/python3.7/site-packages/airflow/example_dags/example_short_circuit_operator.py for tasks to queue
[2023-08-13T18:41:07.960+0000] {logging_mixin.py:150} INFO - [2023-08-13T18:41:07.959+0000] {dagbag.py:541} INFO - Filling up the DagBag from /home/airflow/.local/lib/python3.7/site-packages/airflow/example_dags/example_short_circuit_operator.py
[2023-08-13T18:41:07.977+0000] {processor.py:836} INFO - DAG(s) dict_keys(['example_short_circuit_operator']) retrieved from /home/airflow/.local/lib/python3.7/site-packages/airflow/example_dags/example_short_circuit_operator.py
[2023-08-13T18:41:07.991+0000] {logging_mixin.py:150} INFO - [2023-08-13T18:41:07.990+0000] {dag.py:2742} INFO - Sync 1 DAGs
[2023-08-13T18:41:08.022+0000] {logging_mixin.py:150} INFO - [2023-08-13T18:41:08.022+0000] {dag.py:3508} INFO - Setting next_dagrun for example_short_circuit_operator to 2023-08-12T18:41:08.021811+00:00, run_after=2023-08-13T18:41:08.021811+00:00
[2023-08-13T18:41:08.047+0000] {processor.py:179} INFO - Processing /home/airflow/.local/lib/python3.7/site-packages/airflow/example_dags/example_short_circuit_operator.py took 0.093 seconds
[2023-08-13T18:41:38.157+0000] {processor.py:157} INFO - Started process (PID=98) to work on /home/airflow/.local/lib/python3.7/site-packages/airflow/example_dags/example_short_circuit_operator.py
[2023-08-13T18:41:38.158+0000] {processor.py:826} INFO - Processing file /home/airflow/.local/lib/python3.7/site-packages/airflow/example_dags/example_short_circuit_operator.py for tasks to queue
[2023-08-13T18:41:38.159+0000] {logging_mixin.py:150} INFO - [2023-08-13T18:41:38.159+0000] {dagbag.py:541} INFO - Filling up the DagBag from /home/airflow/.local/lib/python3.7/site-packages/airflow/example_dags/example_short_circuit_operator.py
[2023-08-13T18:41:38.167+0000] {processor.py:836} INFO - DAG(s) dict_keys(['example_short_circuit_operator']) retrieved from /home/airflow/.local/lib/python3.7/site-packages/airflow/example_dags/example_short_circuit_operator.py
[2023-08-13T18:41:38.196+0000] {logging_mixin.py:150} INFO - [2023-08-13T18:41:38.195+0000] {dag.py:2742} INFO - Sync 1 DAGs
[2023-08-13T18:41:38.222+0000] {logging_mixin.py:150} INFO - [2023-08-13T18:41:38.221+0000] {dag.py:3508} INFO - Setting next_dagrun for example_short_circuit_operator to 2023-08-12T18:41:38.221522+00:00, run_after=2023-08-13T18:41:38.221522+00:00
[2023-08-13T18:41:38.245+0000] {processor.py:179} INFO - Processing /home/airflow/.local/lib/python3.7/site-packages/airflow/example_dags/example_short_circuit_operator.py took 0.091 seconds
[2023-08-13T18:42:08.718+0000] {processor.py:157} INFO - Started process (PID=163) to work on /home/airflow/.local/lib/python3.7/site-packages/airflow/example_dags/example_short_circuit_operator.py
[2023-08-13T18:42:08.721+0000] {processor.py:826} INFO - Processing file /home/airflow/.local/lib/python3.7/site-packages/airflow/example_dags/example_short_circuit_operator.py for tasks to queue
[2023-08-13T18:42:08.727+0000] {logging_mixin.py:150} INFO - [2023-08-13T18:42:08.727+0000] {dagbag.py:541} INFO - Filling up the DagBag from /home/airflow/.local/lib/python3.7/site-packages/airflow/example_dags/example_short_circuit_operator.py
[2023-08-13T18:42:08.745+0000] {processor.py:836} INFO - DAG(s) dict_keys(['example_short_circuit_operator']) retrieved from /home/airflow/.local/lib/python3.7/site-packages/airflow/example_dags/example_short_circuit_operator.py
[2023-08-13T18:42:08.779+0000] {logging_mixin.py:150} INFO - [2023-08-13T18:42:08.779+0000] {dag.py:2742} INFO - Sync 1 DAGs
[2023-08-13T18:42:08.817+0000] {logging_mixin.py:150} INFO - [2023-08-13T18:42:08.817+0000] {dag.py:3508} INFO - Setting next_dagrun for example_short_circuit_operator to 2023-08-12T18:42:08.817104+00:00, run_after=2023-08-13T18:42:08.817104+00:00
[2023-08-13T18:42:08.848+0000] {processor.py:179} INFO - Processing /home/airflow/.local/lib/python3.7/site-packages/airflow/example_dags/example_short_circuit_operator.py took 0.133 seconds
[2023-08-13T18:42:39.098+0000] {processor.py:157} INFO - Started process (PID=228) to work on /home/airflow/.local/lib/python3.7/site-packages/airflow/example_dags/example_short_circuit_operator.py
[2023-08-13T18:42:39.099+0000] {processor.py:826} INFO - Processing file /home/airflow/.local/lib/python3.7/site-packages/airflow/example_dags/example_short_circuit_operator.py for tasks to queue
[2023-08-13T18:42:39.100+0000] {logging_mixin.py:150} INFO - [2023-08-13T18:42:39.100+0000] {dagbag.py:541} INFO - Filling up the DagBag from /home/airflow/.local/lib/python3.7/site-packages/airflow/example_dags/example_short_circuit_operator.py
[2023-08-13T18:42:39.110+0000] {processor.py:836} INFO - DAG(s) dict_keys(['example_short_circuit_operator']) retrieved from /home/airflow/.local/lib/python3.7/site-packages/airflow/example_dags/example_short_circuit_operator.py
[2023-08-13T18:42:39.145+0000] {logging_mixin.py:150} INFO - [2023-08-13T18:42:39.145+0000] {dag.py:2742} INFO - Sync 1 DAGs
[2023-08-13T18:42:39.174+0000] {logging_mixin.py:150} INFO - [2023-08-13T18:42:39.174+0000] {dag.py:3508} INFO - Setting next_dagrun for example_short_circuit_operator to 2023-08-12T18:42:39.173853+00:00, run_after=2023-08-13T18:42:39.173853+00:00
[2023-08-13T18:42:39.197+0000] {processor.py:179} INFO - Processing /home/airflow/.local/lib/python3.7/site-packages/airflow/example_dags/example_short_circuit_operator.py took 0.103 seconds
[2023-08-13T18:43:09.465+0000] {processor.py:157} INFO - Started process (PID=293) to work on /home/airflow/.local/lib/python3.7/site-packages/airflow/example_dags/example_short_circuit_operator.py
[2023-08-13T18:43:09.466+0000] {processor.py:826} INFO - Processing file /home/airflow/.local/lib/python3.7/site-packages/airflow/example_dags/example_short_circuit_operator.py for tasks to queue
[2023-08-13T18:43:09.467+0000] {logging_mixin.py:150} INFO - [2023-08-13T18:43:09.467+0000] {dagbag.py:541} INFO - Filling up the DagBag from /home/airflow/.local/lib/python3.7/site-packages/airflow/example_dags/example_short_circuit_operator.py
[2023-08-13T18:43:09.475+0000] {processor.py:836} INFO - DAG(s) dict_keys(['example_short_circuit_operator']) retrieved from /home/airflow/.local/lib/python3.7/site-packages/airflow/example_dags/example_short_circuit_operator.py
[2023-08-13T18:43:09.504+0000] {logging_mixin.py:150} INFO - [2023-08-13T18:43:09.503+0000] {dag.py:2742} INFO - Sync 1 DAGs
[2023-08-13T18:43:09.549+0000] {logging_mixin.py:150} INFO - [2023-08-13T18:43:09.549+0000] {dag.py:3508} INFO - Setting next_dagrun for example_short_circuit_operator to 2023-08-12T18:43:09.548714+00:00, run_after=2023-08-13T18:43:09.548714+00:00
[2023-08-13T18:43:09.599+0000] {processor.py:179} INFO - Processing /home/airflow/.local/lib/python3.7/site-packages/airflow/example_dags/example_short_circuit_operator.py took 0.137 seconds
[2023-08-13T18:43:39.970+0000] {processor.py:157} INFO - Started process (PID=358) to work on /home/airflow/.local/lib/python3.7/site-packages/airflow/example_dags/example_short_circuit_operator.py
[2023-08-13T18:43:39.972+0000] {processor.py:826} INFO - Processing file /home/airflow/.local/lib/python3.7/site-packages/airflow/example_dags/example_short_circuit_operator.py for tasks to queue
[2023-08-13T18:43:39.973+0000] {logging_mixin.py:150} INFO - [2023-08-13T18:43:39.973+0000] {dagbag.py:541} INFO - Filling up the DagBag from /home/airflow/.local/lib/python3.7/site-packages/airflow/example_dags/example_short_circuit_operator.py
[2023-08-13T18:43:39.985+0000] {processor.py:836} INFO - DAG(s) dict_keys(['example_short_circuit_operator']) retrieved from /home/airflow/.local/lib/python3.7/site-packages/airflow/example_dags/example_short_circuit_operator.py
[2023-08-13T18:43:40.036+0000] {logging_mixin.py:150} INFO - [2023-08-13T18:43:40.036+0000] {dag.py:2742} INFO - Sync 1 DAGs
[2023-08-13T18:43:40.100+0000] {logging_mixin.py:150} INFO - [2023-08-13T18:43:40.100+0000] {dag.py:3508} INFO - Setting next_dagrun for example_short_circuit_operator to 2023-08-12T18:43:40.100176+00:00, run_after=2023-08-13T18:43:40.100176+00:00
[2023-08-13T18:43:40.137+0000] {processor.py:179} INFO - Processing /home/airflow/.local/lib/python3.7/site-packages/airflow/example_dags/example_short_circuit_operator.py took 0.171 seconds
[2023-08-13T18:44:10.315+0000] {processor.py:157} INFO - Started process (PID=423) to work on /home/airflow/.local/lib/python3.7/site-packages/airflow/example_dags/example_short_circuit_operator.py
[2023-08-13T18:44:10.316+0000] {processor.py:826} INFO - Processing file /home/airflow/.local/lib/python3.7/site-packages/airflow/example_dags/example_short_circuit_operator.py for tasks to queue
[2023-08-13T18:44:10.317+0000] {logging_mixin.py:150} INFO - [2023-08-13T18:44:10.316+0000] {dagbag.py:541} INFO - Filling up the DagBag from /home/airflow/.local/lib/python3.7/site-packages/airflow/example_dags/example_short_circuit_operator.py
[2023-08-13T18:44:10.324+0000] {processor.py:836} INFO - DAG(s) dict_keys(['example_short_circuit_operator']) retrieved from /home/airflow/.local/lib/python3.7/site-packages/airflow/example_dags/example_short_circuit_operator.py
[2023-08-13T18:44:10.351+0000] {logging_mixin.py:150} INFO - [2023-08-13T18:44:10.350+0000] {dag.py:2742} INFO - Sync 1 DAGs
[2023-08-13T18:44:10.379+0000] {logging_mixin.py:150} INFO - [2023-08-13T18:44:10.378+0000] {dag.py:3508} INFO - Setting next_dagrun for example_short_circuit_operator to 2023-08-12T18:44:10.378692+00:00, run_after=2023-08-13T18:44:10.378692+00:00
[2023-08-13T18:44:10.402+0000] {processor.py:179} INFO - Processing /home/airflow/.local/lib/python3.7/site-packages/airflow/example_dags/example_short_circuit_operator.py took 0.091 seconds
[2023-08-13T18:44:40.662+0000] {processor.py:157} INFO - Started process (PID=488) to work on /home/airflow/.local/lib/python3.7/site-packages/airflow/example_dags/example_short_circuit_operator.py
[2023-08-13T18:44:40.663+0000] {processor.py:826} INFO - Processing file /home/airflow/.local/lib/python3.7/site-packages/airflow/example_dags/example_short_circuit_operator.py for tasks to queue
[2023-08-13T18:44:40.664+0000] {logging_mixin.py:150} INFO - [2023-08-13T18:44:40.664+0000] {dagbag.py:541} INFO - Filling up the DagBag from /home/airflow/.local/lib/python3.7/site-packages/airflow/example_dags/example_short_circuit_operator.py
[2023-08-13T18:44:40.673+0000] {processor.py:836} INFO - DAG(s) dict_keys(['example_short_circuit_operator']) retrieved from /home/airflow/.local/lib/python3.7/site-packages/airflow/example_dags/example_short_circuit_operator.py
[2023-08-13T18:44:40.702+0000] {logging_mixin.py:150} INFO - [2023-08-13T18:44:40.701+0000] {dag.py:2742} INFO - Sync 1 DAGs
[2023-08-13T18:44:40.741+0000] {logging_mixin.py:150} INFO - [2023-08-13T18:44:40.741+0000] {dag.py:3508} INFO - Setting next_dagrun for example_short_circuit_operator to 2023-08-12T18:44:40.741092+00:00, run_after=2023-08-13T18:44:40.741092+00:00
[2023-08-13T18:44:40.768+0000] {processor.py:179} INFO - Processing /home/airflow/.local/lib/python3.7/site-packages/airflow/example_dags/example_short_circuit_operator.py took 0.109 seconds
[2023-08-13T18:45:11.374+0000] {processor.py:157} INFO - Started process (PID=553) to work on /home/airflow/.local/lib/python3.7/site-packages/airflow/example_dags/example_short_circuit_operator.py
[2023-08-13T18:45:11.376+0000] {processor.py:826} INFO - Processing file /home/airflow/.local/lib/python3.7/site-packages/airflow/example_dags/example_short_circuit_operator.py for tasks to queue
[2023-08-13T18:45:11.377+0000] {logging_mixin.py:150} INFO - [2023-08-13T18:45:11.377+0000] {dagbag.py:541} INFO - Filling up the DagBag from /home/airflow/.local/lib/python3.7/site-packages/airflow/example_dags/example_short_circuit_operator.py
[2023-08-13T18:45:11.388+0000] {processor.py:836} INFO - DAG(s) dict_keys(['example_short_circuit_operator']) retrieved from /home/airflow/.local/lib/python3.7/site-packages/airflow/example_dags/example_short_circuit_operator.py
[2023-08-13T18:45:11.431+0000] {logging_mixin.py:150} INFO - [2023-08-13T18:45:11.431+0000] {dag.py:2742} INFO - Sync 1 DAGs
[2023-08-13T18:45:11.470+0000] {logging_mixin.py:150} INFO - [2023-08-13T18:45:11.470+0000] {dag.py:3508} INFO - Setting next_dagrun for example_short_circuit_operator to 2023-08-12T18:45:11.469699+00:00, run_after=2023-08-13T18:45:11.469699+00:00
[2023-08-13T18:45:11.502+0000] {processor.py:179} INFO - Processing /home/airflow/.local/lib/python3.7/site-packages/airflow/example_dags/example_short_circuit_operator.py took 0.132 seconds
[2023-08-13T18:45:41.810+0000] {processor.py:157} INFO - Started process (PID=618) to work on /home/airflow/.local/lib/python3.7/site-packages/airflow/example_dags/example_short_circuit_operator.py
[2023-08-13T18:45:41.812+0000] {processor.py:826} INFO - Processing file /home/airflow/.local/lib/python3.7/site-packages/airflow/example_dags/example_short_circuit_operator.py for tasks to queue
[2023-08-13T18:45:41.813+0000] {logging_mixin.py:150} INFO - [2023-08-13T18:45:41.813+0000] {dagbag.py:541} INFO - Filling up the DagBag from /home/airflow/.local/lib/python3.7/site-packages/airflow/example_dags/example_short_circuit_operator.py
[2023-08-13T18:45:41.821+0000] {processor.py:836} INFO - DAG(s) dict_keys(['example_short_circuit_operator']) retrieved from /home/airflow/.local/lib/python3.7/site-packages/airflow/example_dags/example_short_circuit_operator.py
[2023-08-13T18:45:41.852+0000] {logging_mixin.py:150} INFO - [2023-08-13T18:45:41.851+0000] {dag.py:2742} INFO - Sync 1 DAGs
[2023-08-13T18:45:41.889+0000] {logging_mixin.py:150} INFO - [2023-08-13T18:45:41.889+0000] {dag.py:3508} INFO - Setting next_dagrun for example_short_circuit_operator to 2023-08-12T18:45:41.889186+00:00, run_after=2023-08-13T18:45:41.889186+00:00
[2023-08-13T18:45:41.915+0000] {processor.py:179} INFO - Processing /home/airflow/.local/lib/python3.7/site-packages/airflow/example_dags/example_short_circuit_operator.py took 0.108 seconds
[2023-08-13T18:46:11.982+0000] {processor.py:157} INFO - Started process (PID=683) to work on /home/airflow/.local/lib/python3.7/site-packages/airflow/example_dags/example_short_circuit_operator.py
[2023-08-13T18:46:11.983+0000] {processor.py:826} INFO - Processing file /home/airflow/.local/lib/python3.7/site-packages/airflow/example_dags/example_short_circuit_operator.py for tasks to queue
[2023-08-13T18:46:11.984+0000] {logging_mixin.py:150} INFO - [2023-08-13T18:46:11.983+0000] {dagbag.py:541} INFO - Filling up the DagBag from /home/airflow/.local/lib/python3.7/site-packages/airflow/example_dags/example_short_circuit_operator.py
[2023-08-13T18:46:11.993+0000] {processor.py:836} INFO - DAG(s) dict_keys(['example_short_circuit_operator']) retrieved from /home/airflow/.local/lib/python3.7/site-packages/airflow/example_dags/example_short_circuit_operator.py
[2023-08-13T18:46:12.023+0000] {logging_mixin.py:150} INFO - [2023-08-13T18:46:12.022+0000] {dag.py:2742} INFO - Sync 1 DAGs
[2023-08-13T18:46:12.056+0000] {logging_mixin.py:150} INFO - [2023-08-13T18:46:12.056+0000] {dag.py:3508} INFO - Setting next_dagrun for example_short_circuit_operator to 2023-08-12T18:46:12.055990+00:00, run_after=2023-08-13T18:46:12.055990+00:00
[2023-08-13T18:46:12.083+0000] {processor.py:179} INFO - Processing /home/airflow/.local/lib/python3.7/site-packages/airflow/example_dags/example_short_circuit_operator.py took 0.104 seconds
[2023-08-13T18:46:42.259+0000] {processor.py:157} INFO - Started process (PID=748) to work on /home/airflow/.local/lib/python3.7/site-packages/airflow/example_dags/example_short_circuit_operator.py
[2023-08-13T18:46:42.261+0000] {processor.py:826} INFO - Processing file /home/airflow/.local/lib/python3.7/site-packages/airflow/example_dags/example_short_circuit_operator.py for tasks to queue
[2023-08-13T18:46:42.261+0000] {logging_mixin.py:150} INFO - [2023-08-13T18:46:42.261+0000] {dagbag.py:541} INFO - Filling up the DagBag from /home/airflow/.local/lib/python3.7/site-packages/airflow/example_dags/example_short_circuit_operator.py
[2023-08-13T18:46:42.274+0000] {processor.py:836} INFO - DAG(s) dict_keys(['example_short_circuit_operator']) retrieved from /home/airflow/.local/lib/python3.7/site-packages/airflow/example_dags/example_short_circuit_operator.py
[2023-08-13T18:46:42.316+0000] {logging_mixin.py:150} INFO - [2023-08-13T18:46:42.315+0000] {dag.py:2742} INFO - Sync 1 DAGs
[2023-08-13T18:46:42.354+0000] {logging_mixin.py:150} INFO - [2023-08-13T18:46:42.354+0000] {dag.py:3508} INFO - Setting next_dagrun for example_short_circuit_operator to 2023-08-12T18:46:42.353976+00:00, run_after=2023-08-13T18:46:42.353976+00:00
[2023-08-13T18:46:42.389+0000] {processor.py:179} INFO - Processing /home/airflow/.local/lib/python3.7/site-packages/airflow/example_dags/example_short_circuit_operator.py took 0.133 seconds
[2023-08-13T18:47:12.660+0000] {processor.py:157} INFO - Started process (PID=813) to work on /home/airflow/.local/lib/python3.7/site-packages/airflow/example_dags/example_short_circuit_operator.py
[2023-08-13T18:47:12.662+0000] {processor.py:826} INFO - Processing file /home/airflow/.local/lib/python3.7/site-packages/airflow/example_dags/example_short_circuit_operator.py for tasks to queue
[2023-08-13T18:47:12.663+0000] {logging_mixin.py:150} INFO - [2023-08-13T18:47:12.663+0000] {dagbag.py:541} INFO - Filling up the DagBag from /home/airflow/.local/lib/python3.7/site-packages/airflow/example_dags/example_short_circuit_operator.py
[2023-08-13T18:47:12.676+0000] {processor.py:836} INFO - DAG(s) dict_keys(['example_short_circuit_operator']) retrieved from /home/airflow/.local/lib/python3.7/site-packages/airflow/example_dags/example_short_circuit_operator.py
[2023-08-13T18:47:12.714+0000] {logging_mixin.py:150} INFO - [2023-08-13T18:47:12.714+0000] {dag.py:2742} INFO - Sync 1 DAGs
[2023-08-13T18:47:12.745+0000] {logging_mixin.py:150} INFO - [2023-08-13T18:47:12.745+0000] {dag.py:3508} INFO - Setting next_dagrun for example_short_circuit_operator to 2023-08-12T18:47:12.744841+00:00, run_after=2023-08-13T18:47:12.744841+00:00
[2023-08-13T18:47:12.774+0000] {processor.py:179} INFO - Processing /home/airflow/.local/lib/python3.7/site-packages/airflow/example_dags/example_short_circuit_operator.py took 0.118 seconds
[2023-08-13T18:47:42.919+0000] {processor.py:157} INFO - Started process (PID=878) to work on /home/airflow/.local/lib/python3.7/site-packages/airflow/example_dags/example_short_circuit_operator.py
[2023-08-13T18:47:42.921+0000] {processor.py:826} INFO - Processing file /home/airflow/.local/lib/python3.7/site-packages/airflow/example_dags/example_short_circuit_operator.py for tasks to queue
[2023-08-13T18:47:42.923+0000] {logging_mixin.py:150} INFO - [2023-08-13T18:47:42.922+0000] {dagbag.py:541} INFO - Filling up the DagBag from /home/airflow/.local/lib/python3.7/site-packages/airflow/example_dags/example_short_circuit_operator.py
[2023-08-13T18:47:42.939+0000] {processor.py:836} INFO - DAG(s) dict_keys(['example_short_circuit_operator']) retrieved from /home/airflow/.local/lib/python3.7/site-packages/airflow/example_dags/example_short_circuit_operator.py
[2023-08-13T18:47:42.981+0000] {logging_mixin.py:150} INFO - [2023-08-13T18:47:42.980+0000] {dag.py:2742} INFO - Sync 1 DAGs
[2023-08-13T18:47:43.038+0000] {logging_mixin.py:150} INFO - [2023-08-13T18:47:43.038+0000] {dag.py:3508} INFO - Setting next_dagrun for example_short_circuit_operator to 2023-08-12T18:47:43.037792+00:00, run_after=2023-08-13T18:47:43.037792+00:00
[2023-08-13T18:47:43.070+0000] {processor.py:179} INFO - Processing /home/airflow/.local/lib/python3.7/site-packages/airflow/example_dags/example_short_circuit_operator.py took 0.155 seconds
[2023-08-13T18:48:13.128+0000] {processor.py:157} INFO - Started process (PID=942) to work on /home/airflow/.local/lib/python3.7/site-packages/airflow/example_dags/example_short_circuit_operator.py
[2023-08-13T18:48:13.130+0000] {processor.py:826} INFO - Processing file /home/airflow/.local/lib/python3.7/site-packages/airflow/example_dags/example_short_circuit_operator.py for tasks to queue
[2023-08-13T18:48:13.131+0000] {logging_mixin.py:150} INFO - [2023-08-13T18:48:13.130+0000] {dagbag.py:541} INFO - Filling up the DagBag from /home/airflow/.local/lib/python3.7/site-packages/airflow/example_dags/example_short_circuit_operator.py
[2023-08-13T18:48:13.141+0000] {processor.py:836} INFO - DAG(s) dict_keys(['example_short_circuit_operator']) retrieved from /home/airflow/.local/lib/python3.7/site-packages/airflow/example_dags/example_short_circuit_operator.py
[2023-08-13T18:48:13.175+0000] {logging_mixin.py:150} INFO - [2023-08-13T18:48:13.175+0000] {dag.py:2742} INFO - Sync 1 DAGs
[2023-08-13T18:48:13.215+0000] {logging_mixin.py:150} INFO - [2023-08-13T18:48:13.215+0000] {dag.py:3508} INFO - Setting next_dagrun for example_short_circuit_operator to 2023-08-12T18:48:13.214724+00:00, run_after=2023-08-13T18:48:13.214724+00:00
[2023-08-13T18:48:13.253+0000] {processor.py:179} INFO - Processing /home/airflow/.local/lib/python3.7/site-packages/airflow/example_dags/example_short_circuit_operator.py took 0.128 seconds
[2023-08-13T18:48:44.099+0000] {processor.py:157} INFO - Started process (PID=1008) to work on /home/airflow/.local/lib/python3.7/site-packages/airflow/example_dags/example_short_circuit_operator.py
[2023-08-13T18:48:44.100+0000] {processor.py:826} INFO - Processing file /home/airflow/.local/lib/python3.7/site-packages/airflow/example_dags/example_short_circuit_operator.py for tasks to queue
[2023-08-13T18:48:44.102+0000] {logging_mixin.py:150} INFO - [2023-08-13T18:48:44.101+0000] {dagbag.py:541} INFO - Filling up the DagBag from /home/airflow/.local/lib/python3.7/site-packages/airflow/example_dags/example_short_circuit_operator.py
[2023-08-13T18:48:44.115+0000] {processor.py:836} INFO - DAG(s) dict_keys(['example_short_circuit_operator']) retrieved from /home/airflow/.local/lib/python3.7/site-packages/airflow/example_dags/example_short_circuit_operator.py
[2023-08-13T18:48:44.160+0000] {logging_mixin.py:150} INFO - [2023-08-13T18:48:44.159+0000] {dag.py:2742} INFO - Sync 1 DAGs
[2023-08-13T18:48:44.198+0000] {logging_mixin.py:150} INFO - [2023-08-13T18:48:44.198+0000] {dag.py:3508} INFO - Setting next_dagrun for example_short_circuit_operator to 2023-08-12T18:48:44.198149+00:00, run_after=2023-08-13T18:48:44.198149+00:00
[2023-08-13T18:48:44.229+0000] {processor.py:179} INFO - Processing /home/airflow/.local/lib/python3.7/site-packages/airflow/example_dags/example_short_circuit_operator.py took 0.134 seconds
[2023-08-13T18:49:14.447+0000] {processor.py:157} INFO - Started process (PID=1073) to work on /home/airflow/.local/lib/python3.7/site-packages/airflow/example_dags/example_short_circuit_operator.py
[2023-08-13T18:49:14.448+0000] {processor.py:826} INFO - Processing file /home/airflow/.local/lib/python3.7/site-packages/airflow/example_dags/example_short_circuit_operator.py for tasks to queue
[2023-08-13T18:49:14.449+0000] {logging_mixin.py:150} INFO - [2023-08-13T18:49:14.449+0000] {dagbag.py:541} INFO - Filling up the DagBag from /home/airflow/.local/lib/python3.7/site-packages/airflow/example_dags/example_short_circuit_operator.py
[2023-08-13T18:49:14.461+0000] {processor.py:836} INFO - DAG(s) dict_keys(['example_short_circuit_operator']) retrieved from /home/airflow/.local/lib/python3.7/site-packages/airflow/example_dags/example_short_circuit_operator.py
[2023-08-13T18:49:14.499+0000] {logging_mixin.py:150} INFO - [2023-08-13T18:49:14.499+0000] {dag.py:2742} INFO - Sync 1 DAGs
[2023-08-13T18:49:14.547+0000] {logging_mixin.py:150} INFO - [2023-08-13T18:49:14.547+0000] {dag.py:3508} INFO - Setting next_dagrun for example_short_circuit_operator to 2023-08-12T18:49:14.547093+00:00, run_after=2023-08-13T18:49:14.547093+00:00
[2023-08-13T18:49:14.575+0000] {processor.py:179} INFO - Processing /home/airflow/.local/lib/python3.7/site-packages/airflow/example_dags/example_short_circuit_operator.py took 0.133 seconds
[2023-08-13T18:49:44.961+0000] {processor.py:157} INFO - Started process (PID=1138) to work on /home/airflow/.local/lib/python3.7/site-packages/airflow/example_dags/example_short_circuit_operator.py
[2023-08-13T18:49:44.963+0000] {processor.py:826} INFO - Processing file /home/airflow/.local/lib/python3.7/site-packages/airflow/example_dags/example_short_circuit_operator.py for tasks to queue
[2023-08-13T18:49:44.965+0000] {logging_mixin.py:150} INFO - [2023-08-13T18:49:44.964+0000] {dagbag.py:541} INFO - Filling up the DagBag from /home/airflow/.local/lib/python3.7/site-packages/airflow/example_dags/example_short_circuit_operator.py
[2023-08-13T18:49:44.977+0000] {processor.py:836} INFO - DAG(s) dict_keys(['example_short_circuit_operator']) retrieved from /home/airflow/.local/lib/python3.7/site-packages/airflow/example_dags/example_short_circuit_operator.py
[2023-08-13T18:49:45.016+0000] {logging_mixin.py:150} INFO - [2023-08-13T18:49:45.015+0000] {dag.py:2742} INFO - Sync 1 DAGs
[2023-08-13T18:49:45.063+0000] {logging_mixin.py:150} INFO - [2023-08-13T18:49:45.063+0000] {dag.py:3508} INFO - Setting next_dagrun for example_short_circuit_operator to 2023-08-12T18:49:45.062727+00:00, run_after=2023-08-13T18:49:45.062727+00:00
[2023-08-13T18:49:45.109+0000] {processor.py:179} INFO - Processing /home/airflow/.local/lib/python3.7/site-packages/airflow/example_dags/example_short_circuit_operator.py took 0.152 seconds
[2023-08-13T18:50:15.731+0000] {processor.py:157} INFO - Started process (PID=1203) to work on /home/airflow/.local/lib/python3.7/site-packages/airflow/example_dags/example_short_circuit_operator.py
[2023-08-13T18:50:15.733+0000] {processor.py:826} INFO - Processing file /home/airflow/.local/lib/python3.7/site-packages/airflow/example_dags/example_short_circuit_operator.py for tasks to queue
[2023-08-13T18:50:15.734+0000] {logging_mixin.py:150} INFO - [2023-08-13T18:50:15.734+0000] {dagbag.py:541} INFO - Filling up the DagBag from /home/airflow/.local/lib/python3.7/site-packages/airflow/example_dags/example_short_circuit_operator.py
[2023-08-13T18:50:15.745+0000] {processor.py:836} INFO - DAG(s) dict_keys(['example_short_circuit_operator']) retrieved from /home/airflow/.local/lib/python3.7/site-packages/airflow/example_dags/example_short_circuit_operator.py
[2023-08-13T18:50:15.818+0000] {logging_mixin.py:150} INFO - [2023-08-13T18:50:15.818+0000] {dag.py:2742} INFO - Sync 1 DAGs
[2023-08-13T18:50:15.858+0000] {logging_mixin.py:150} INFO - [2023-08-13T18:50:15.858+0000] {dag.py:3508} INFO - Setting next_dagrun for example_short_circuit_operator to 2023-08-12T18:50:15.858217+00:00, run_after=2023-08-13T18:50:15.858217+00:00
[2023-08-13T18:50:15.888+0000] {processor.py:179} INFO - Processing /home/airflow/.local/lib/python3.7/site-packages/airflow/example_dags/example_short_circuit_operator.py took 0.162 seconds
