[2023-08-13T18:41:08.001+0000] {processor.py:157} INFO - Started process (PID=34) to work on /home/airflow/.local/lib/python3.7/site-packages/airflow/example_dags/example_xcom.py
[2023-08-13T18:41:08.002+0000] {processor.py:826} INFO - Processing file /home/airflow/.local/lib/python3.7/site-packages/airflow/example_dags/example_xcom.py for tasks to queue
[2023-08-13T18:41:08.003+0000] {logging_mixin.py:150} INFO - [2023-08-13T18:41:08.003+0000] {dagbag.py:541} INFO - Filling up the DagBag from /home/airflow/.local/lib/python3.7/site-packages/airflow/example_dags/example_xcom.py
[2023-08-13T18:41:08.014+0000] {processor.py:836} INFO - DAG(s) dict_keys(['example_xcom']) retrieved from /home/airflow/.local/lib/python3.7/site-packages/airflow/example_dags/example_xcom.py
[2023-08-13T18:41:08.027+0000] {logging_mixin.py:150} INFO - [2023-08-13T18:41:08.026+0000] {dag.py:2742} INFO - Sync 1 DAGs
[2023-08-13T18:41:08.060+0000] {logging_mixin.py:150} INFO - [2023-08-13T18:41:08.060+0000] {dag.py:3508} INFO - Setting next_dagrun for example_xcom to 2021-01-01T00:00:00+00:00, run_after=2021-01-01T00:00:00+00:00
[2023-08-13T18:41:08.090+0000] {processor.py:179} INFO - Processing /home/airflow/.local/lib/python3.7/site-packages/airflow/example_dags/example_xcom.py took 0.091 seconds
[2023-08-13T18:41:38.216+0000] {processor.py:157} INFO - Started process (PID=99) to work on /home/airflow/.local/lib/python3.7/site-packages/airflow/example_dags/example_xcom.py
[2023-08-13T18:41:38.217+0000] {processor.py:826} INFO - Processing file /home/airflow/.local/lib/python3.7/site-packages/airflow/example_dags/example_xcom.py for tasks to queue
[2023-08-13T18:41:38.218+0000] {logging_mixin.py:150} INFO - [2023-08-13T18:41:38.218+0000] {dagbag.py:541} INFO - Filling up the DagBag from /home/airflow/.local/lib/python3.7/site-packages/airflow/example_dags/example_xcom.py
[2023-08-13T18:41:38.226+0000] {processor.py:836} INFO - DAG(s) dict_keys(['example_xcom']) retrieved from /home/airflow/.local/lib/python3.7/site-packages/airflow/example_dags/example_xcom.py
[2023-08-13T18:41:38.249+0000] {logging_mixin.py:150} INFO - [2023-08-13T18:41:38.248+0000] {dag.py:2742} INFO - Sync 1 DAGs
[2023-08-13T18:41:38.275+0000] {logging_mixin.py:150} INFO - [2023-08-13T18:41:38.275+0000] {dag.py:3508} INFO - Setting next_dagrun for example_xcom to 2021-01-01T00:00:00+00:00, run_after=2021-01-01T00:00:00+00:00
[2023-08-13T18:41:38.297+0000] {processor.py:179} INFO - Processing /home/airflow/.local/lib/python3.7/site-packages/airflow/example_dags/example_xcom.py took 0.083 seconds
[2023-08-13T18:42:08.807+0000] {processor.py:157} INFO - Started process (PID=164) to work on /home/airflow/.local/lib/python3.7/site-packages/airflow/example_dags/example_xcom.py
[2023-08-13T18:42:08.808+0000] {processor.py:826} INFO - Processing file /home/airflow/.local/lib/python3.7/site-packages/airflow/example_dags/example_xcom.py for tasks to queue
[2023-08-13T18:42:08.810+0000] {logging_mixin.py:150} INFO - [2023-08-13T18:42:08.810+0000] {dagbag.py:541} INFO - Filling up the DagBag from /home/airflow/.local/lib/python3.7/site-packages/airflow/example_dags/example_xcom.py
[2023-08-13T18:42:08.820+0000] {processor.py:836} INFO - DAG(s) dict_keys(['example_xcom']) retrieved from /home/airflow/.local/lib/python3.7/site-packages/airflow/example_dags/example_xcom.py
[2023-08-13T18:42:08.851+0000] {logging_mixin.py:150} INFO - [2023-08-13T18:42:08.851+0000] {dag.py:2742} INFO - Sync 1 DAGs
[2023-08-13T18:42:08.887+0000] {logging_mixin.py:150} INFO - [2023-08-13T18:42:08.887+0000] {dag.py:3508} INFO - Setting next_dagrun for example_xcom to 2021-01-01T00:00:00+00:00, run_after=2021-01-01T00:00:00+00:00
[2023-08-13T18:42:08.914+0000] {processor.py:179} INFO - Processing /home/airflow/.local/lib/python3.7/site-packages/airflow/example_dags/example_xcom.py took 0.111 seconds
[2023-08-13T18:42:39.183+0000] {processor.py:157} INFO - Started process (PID=229) to work on /home/airflow/.local/lib/python3.7/site-packages/airflow/example_dags/example_xcom.py
[2023-08-13T18:42:39.185+0000] {processor.py:826} INFO - Processing file /home/airflow/.local/lib/python3.7/site-packages/airflow/example_dags/example_xcom.py for tasks to queue
[2023-08-13T18:42:39.186+0000] {logging_mixin.py:150} INFO - [2023-08-13T18:42:39.185+0000] {dagbag.py:541} INFO - Filling up the DagBag from /home/airflow/.local/lib/python3.7/site-packages/airflow/example_dags/example_xcom.py
[2023-08-13T18:42:39.193+0000] {processor.py:836} INFO - DAG(s) dict_keys(['example_xcom']) retrieved from /home/airflow/.local/lib/python3.7/site-packages/airflow/example_dags/example_xcom.py
[2023-08-13T18:42:39.220+0000] {logging_mixin.py:150} INFO - [2023-08-13T18:42:39.220+0000] {dag.py:2742} INFO - Sync 1 DAGs
[2023-08-13T18:42:39.247+0000] {logging_mixin.py:150} INFO - [2023-08-13T18:42:39.247+0000] {dag.py:3508} INFO - Setting next_dagrun for example_xcom to 2021-01-01T00:00:00+00:00, run_after=2021-01-01T00:00:00+00:00
[2023-08-13T18:42:39.268+0000] {processor.py:179} INFO - Processing /home/airflow/.local/lib/python3.7/site-packages/airflow/example_dags/example_xcom.py took 0.088 seconds
[2023-08-13T18:43:09.541+0000] {processor.py:157} INFO - Started process (PID=294) to work on /home/airflow/.local/lib/python3.7/site-packages/airflow/example_dags/example_xcom.py
[2023-08-13T18:43:09.544+0000] {processor.py:826} INFO - Processing file /home/airflow/.local/lib/python3.7/site-packages/airflow/example_dags/example_xcom.py for tasks to queue
[2023-08-13T18:43:09.546+0000] {logging_mixin.py:150} INFO - [2023-08-13T18:43:09.546+0000] {dagbag.py:541} INFO - Filling up the DagBag from /home/airflow/.local/lib/python3.7/site-packages/airflow/example_dags/example_xcom.py
[2023-08-13T18:43:09.560+0000] {processor.py:836} INFO - DAG(s) dict_keys(['example_xcom']) retrieved from /home/airflow/.local/lib/python3.7/site-packages/airflow/example_dags/example_xcom.py
[2023-08-13T18:43:09.608+0000] {logging_mixin.py:150} INFO - [2023-08-13T18:43:09.607+0000] {dag.py:2742} INFO - Sync 1 DAGs
[2023-08-13T18:43:09.648+0000] {logging_mixin.py:150} INFO - [2023-08-13T18:43:09.647+0000] {dag.py:3508} INFO - Setting next_dagrun for example_xcom to 2021-01-01T00:00:00+00:00, run_after=2021-01-01T00:00:00+00:00
[2023-08-13T18:43:09.676+0000] {processor.py:179} INFO - Processing /home/airflow/.local/lib/python3.7/site-packages/airflow/example_dags/example_xcom.py took 0.140 seconds
[2023-08-13T18:43:40.112+0000] {processor.py:157} INFO - Started process (PID=359) to work on /home/airflow/.local/lib/python3.7/site-packages/airflow/example_dags/example_xcom.py
[2023-08-13T18:43:40.113+0000] {processor.py:826} INFO - Processing file /home/airflow/.local/lib/python3.7/site-packages/airflow/example_dags/example_xcom.py for tasks to queue
[2023-08-13T18:43:40.115+0000] {logging_mixin.py:150} INFO - [2023-08-13T18:43:40.114+0000] {dagbag.py:541} INFO - Filling up the DagBag from /home/airflow/.local/lib/python3.7/site-packages/airflow/example_dags/example_xcom.py
[2023-08-13T18:43:40.127+0000] {processor.py:836} INFO - DAG(s) dict_keys(['example_xcom']) retrieved from /home/airflow/.local/lib/python3.7/site-packages/airflow/example_dags/example_xcom.py
[2023-08-13T18:43:40.171+0000] {logging_mixin.py:150} INFO - [2023-08-13T18:43:40.170+0000] {dag.py:2742} INFO - Sync 1 DAGs
[2023-08-13T18:43:40.235+0000] {logging_mixin.py:150} INFO - [2023-08-13T18:43:40.235+0000] {dag.py:3508} INFO - Setting next_dagrun for example_xcom to 2021-01-01T00:00:00+00:00, run_after=2021-01-01T00:00:00+00:00
[2023-08-13T18:43:40.283+0000] {processor.py:179} INFO - Processing /home/airflow/.local/lib/python3.7/site-packages/airflow/example_dags/example_xcom.py took 0.176 seconds
[2023-08-13T18:44:10.381+0000] {processor.py:157} INFO - Started process (PID=424) to work on /home/airflow/.local/lib/python3.7/site-packages/airflow/example_dags/example_xcom.py
[2023-08-13T18:44:10.382+0000] {processor.py:826} INFO - Processing file /home/airflow/.local/lib/python3.7/site-packages/airflow/example_dags/example_xcom.py for tasks to queue
[2023-08-13T18:44:10.383+0000] {logging_mixin.py:150} INFO - [2023-08-13T18:44:10.383+0000] {dagbag.py:541} INFO - Filling up the DagBag from /home/airflow/.local/lib/python3.7/site-packages/airflow/example_dags/example_xcom.py
[2023-08-13T18:44:10.390+0000] {processor.py:836} INFO - DAG(s) dict_keys(['example_xcom']) retrieved from /home/airflow/.local/lib/python3.7/site-packages/airflow/example_dags/example_xcom.py
[2023-08-13T18:44:10.418+0000] {logging_mixin.py:150} INFO - [2023-08-13T18:44:10.418+0000] {dag.py:2742} INFO - Sync 1 DAGs
[2023-08-13T18:44:10.446+0000] {logging_mixin.py:150} INFO - [2023-08-13T18:44:10.446+0000] {dag.py:3508} INFO - Setting next_dagrun for example_xcom to 2021-01-01T00:00:00+00:00, run_after=2021-01-01T00:00:00+00:00
[2023-08-13T18:44:10.468+0000] {processor.py:179} INFO - Processing /home/airflow/.local/lib/python3.7/site-packages/airflow/example_dags/example_xcom.py took 0.090 seconds
[2023-08-13T18:44:40.744+0000] {processor.py:157} INFO - Started process (PID=489) to work on /home/airflow/.local/lib/python3.7/site-packages/airflow/example_dags/example_xcom.py
[2023-08-13T18:44:40.746+0000] {processor.py:826} INFO - Processing file /home/airflow/.local/lib/python3.7/site-packages/airflow/example_dags/example_xcom.py for tasks to queue
[2023-08-13T18:44:40.747+0000] {logging_mixin.py:150} INFO - [2023-08-13T18:44:40.747+0000] {dagbag.py:541} INFO - Filling up the DagBag from /home/airflow/.local/lib/python3.7/site-packages/airflow/example_dags/example_xcom.py
[2023-08-13T18:44:40.754+0000] {processor.py:836} INFO - DAG(s) dict_keys(['example_xcom']) retrieved from /home/airflow/.local/lib/python3.7/site-packages/airflow/example_dags/example_xcom.py
[2023-08-13T18:44:40.784+0000] {logging_mixin.py:150} INFO - [2023-08-13T18:44:40.784+0000] {dag.py:2742} INFO - Sync 1 DAGs
[2023-08-13T18:44:40.823+0000] {logging_mixin.py:150} INFO - [2023-08-13T18:44:40.822+0000] {dag.py:3508} INFO - Setting next_dagrun for example_xcom to 2021-01-01T00:00:00+00:00, run_after=2021-01-01T00:00:00+00:00
[2023-08-13T18:44:40.852+0000] {processor.py:179} INFO - Processing /home/airflow/.local/lib/python3.7/site-packages/airflow/example_dags/example_xcom.py took 0.111 seconds
[2023-08-13T18:45:11.430+0000] {processor.py:157} INFO - Started process (PID=554) to work on /home/airflow/.local/lib/python3.7/site-packages/airflow/example_dags/example_xcom.py
[2023-08-13T18:45:11.432+0000] {processor.py:826} INFO - Processing file /home/airflow/.local/lib/python3.7/site-packages/airflow/example_dags/example_xcom.py for tasks to queue
[2023-08-13T18:45:11.433+0000] {logging_mixin.py:150} INFO - [2023-08-13T18:45:11.433+0000] {dagbag.py:541} INFO - Filling up the DagBag from /home/airflow/.local/lib/python3.7/site-packages/airflow/example_dags/example_xcom.py
[2023-08-13T18:45:11.443+0000] {processor.py:836} INFO - DAG(s) dict_keys(['example_xcom']) retrieved from /home/airflow/.local/lib/python3.7/site-packages/airflow/example_dags/example_xcom.py
[2023-08-13T18:45:11.480+0000] {logging_mixin.py:150} INFO - [2023-08-13T18:45:11.480+0000] {dag.py:2742} INFO - Sync 1 DAGs
[2023-08-13T18:45:11.514+0000] {logging_mixin.py:150} INFO - [2023-08-13T18:45:11.514+0000] {dag.py:3508} INFO - Setting next_dagrun for example_xcom to 2021-01-01T00:00:00+00:00, run_after=2021-01-01T00:00:00+00:00
[2023-08-13T18:45:11.546+0000] {processor.py:179} INFO - Processing /home/airflow/.local/lib/python3.7/site-packages/airflow/example_dags/example_xcom.py took 0.120 seconds
[2023-08-13T18:45:41.902+0000] {processor.py:157} INFO - Started process (PID=619) to work on /home/airflow/.local/lib/python3.7/site-packages/airflow/example_dags/example_xcom.py
[2023-08-13T18:45:41.904+0000] {processor.py:826} INFO - Processing file /home/airflow/.local/lib/python3.7/site-packages/airflow/example_dags/example_xcom.py for tasks to queue
[2023-08-13T18:45:41.905+0000] {logging_mixin.py:150} INFO - [2023-08-13T18:45:41.904+0000] {dagbag.py:541} INFO - Filling up the DagBag from /home/airflow/.local/lib/python3.7/site-packages/airflow/example_dags/example_xcom.py
[2023-08-13T18:45:41.911+0000] {processor.py:836} INFO - DAG(s) dict_keys(['example_xcom']) retrieved from /home/airflow/.local/lib/python3.7/site-packages/airflow/example_dags/example_xcom.py
[2023-08-13T18:45:41.939+0000] {logging_mixin.py:150} INFO - [2023-08-13T18:45:41.939+0000] {dag.py:2742} INFO - Sync 1 DAGs
[2023-08-13T18:45:41.968+0000] {logging_mixin.py:150} INFO - [2023-08-13T18:45:41.968+0000] {dag.py:3508} INFO - Setting next_dagrun for example_xcom to 2021-01-01T00:00:00+00:00, run_after=2021-01-01T00:00:00+00:00
[2023-08-13T18:45:41.994+0000] {processor.py:179} INFO - Processing /home/airflow/.local/lib/python3.7/site-packages/airflow/example_dags/example_xcom.py took 0.094 seconds
[2023-08-13T18:46:12.111+0000] {processor.py:157} INFO - Started process (PID=684) to work on /home/airflow/.local/lib/python3.7/site-packages/airflow/example_dags/example_xcom.py
[2023-08-13T18:46:12.112+0000] {processor.py:826} INFO - Processing file /home/airflow/.local/lib/python3.7/site-packages/airflow/example_dags/example_xcom.py for tasks to queue
[2023-08-13T18:46:12.114+0000] {logging_mixin.py:150} INFO - [2023-08-13T18:46:12.113+0000] {dagbag.py:541} INFO - Filling up the DagBag from /home/airflow/.local/lib/python3.7/site-packages/airflow/example_dags/example_xcom.py
[2023-08-13T18:46:12.121+0000] {processor.py:836} INFO - DAG(s) dict_keys(['example_xcom']) retrieved from /home/airflow/.local/lib/python3.7/site-packages/airflow/example_dags/example_xcom.py
[2023-08-13T18:46:12.147+0000] {logging_mixin.py:150} INFO - [2023-08-13T18:46:12.146+0000] {dag.py:2742} INFO - Sync 1 DAGs
[2023-08-13T18:46:12.183+0000] {logging_mixin.py:150} INFO - [2023-08-13T18:46:12.183+0000] {dag.py:3508} INFO - Setting next_dagrun for example_xcom to 2021-01-01T00:00:00+00:00, run_after=2021-01-01T00:00:00+00:00
[2023-08-13T18:46:12.212+0000] {processor.py:179} INFO - Processing /home/airflow/.local/lib/python3.7/site-packages/airflow/example_dags/example_xcom.py took 0.104 seconds
[2023-08-13T18:46:42.418+0000] {processor.py:157} INFO - Started process (PID=749) to work on /home/airflow/.local/lib/python3.7/site-packages/airflow/example_dags/example_xcom.py
[2023-08-13T18:46:42.419+0000] {processor.py:826} INFO - Processing file /home/airflow/.local/lib/python3.7/site-packages/airflow/example_dags/example_xcom.py for tasks to queue
[2023-08-13T18:46:42.421+0000] {logging_mixin.py:150} INFO - [2023-08-13T18:46:42.420+0000] {dagbag.py:541} INFO - Filling up the DagBag from /home/airflow/.local/lib/python3.7/site-packages/airflow/example_dags/example_xcom.py
[2023-08-13T18:46:42.429+0000] {processor.py:836} INFO - DAG(s) dict_keys(['example_xcom']) retrieved from /home/airflow/.local/lib/python3.7/site-packages/airflow/example_dags/example_xcom.py
[2023-08-13T18:46:42.460+0000] {logging_mixin.py:150} INFO - [2023-08-13T18:46:42.460+0000] {dag.py:2742} INFO - Sync 1 DAGs
[2023-08-13T18:46:42.492+0000] {logging_mixin.py:150} INFO - [2023-08-13T18:46:42.491+0000] {dag.py:3508} INFO - Setting next_dagrun for example_xcom to 2021-01-01T00:00:00+00:00, run_after=2021-01-01T00:00:00+00:00
[2023-08-13T18:46:42.526+0000] {processor.py:179} INFO - Processing /home/airflow/.local/lib/python3.7/site-packages/airflow/example_dags/example_xcom.py took 0.111 seconds
[2023-08-13T18:47:12.752+0000] {processor.py:157} INFO - Started process (PID=814) to work on /home/airflow/.local/lib/python3.7/site-packages/airflow/example_dags/example_xcom.py
[2023-08-13T18:47:12.753+0000] {processor.py:826} INFO - Processing file /home/airflow/.local/lib/python3.7/site-packages/airflow/example_dags/example_xcom.py for tasks to queue
[2023-08-13T18:47:12.754+0000] {logging_mixin.py:150} INFO - [2023-08-13T18:47:12.754+0000] {dagbag.py:541} INFO - Filling up the DagBag from /home/airflow/.local/lib/python3.7/site-packages/airflow/example_dags/example_xcom.py
[2023-08-13T18:47:12.762+0000] {processor.py:836} INFO - DAG(s) dict_keys(['example_xcom']) retrieved from /home/airflow/.local/lib/python3.7/site-packages/airflow/example_dags/example_xcom.py
[2023-08-13T18:47:12.791+0000] {logging_mixin.py:150} INFO - [2023-08-13T18:47:12.791+0000] {dag.py:2742} INFO - Sync 1 DAGs
[2023-08-13T18:47:12.822+0000] {logging_mixin.py:150} INFO - [2023-08-13T18:47:12.822+0000] {dag.py:3508} INFO - Setting next_dagrun for example_xcom to 2021-01-01T00:00:00+00:00, run_after=2021-01-01T00:00:00+00:00
[2023-08-13T18:47:12.845+0000] {processor.py:179} INFO - Processing /home/airflow/.local/lib/python3.7/site-packages/airflow/example_dags/example_xcom.py took 0.096 seconds
[2023-08-13T18:47:43.108+0000] {processor.py:157} INFO - Started process (PID=879) to work on /home/airflow/.local/lib/python3.7/site-packages/airflow/example_dags/example_xcom.py
[2023-08-13T18:47:43.113+0000] {processor.py:826} INFO - Processing file /home/airflow/.local/lib/python3.7/site-packages/airflow/example_dags/example_xcom.py for tasks to queue
[2023-08-13T18:47:43.117+0000] {logging_mixin.py:150} INFO - [2023-08-13T18:47:43.117+0000] {dagbag.py:541} INFO - Filling up the DagBag from /home/airflow/.local/lib/python3.7/site-packages/airflow/example_dags/example_xcom.py
[2023-08-13T18:47:43.128+0000] {processor.py:836} INFO - DAG(s) dict_keys(['example_xcom']) retrieved from /home/airflow/.local/lib/python3.7/site-packages/airflow/example_dags/example_xcom.py
[2023-08-13T18:47:43.172+0000] {logging_mixin.py:150} INFO - [2023-08-13T18:47:43.171+0000] {dag.py:2742} INFO - Sync 1 DAGs
[2023-08-13T18:47:43.214+0000] {logging_mixin.py:150} INFO - [2023-08-13T18:47:43.214+0000] {dag.py:3508} INFO - Setting next_dagrun for example_xcom to 2021-01-01T00:00:00+00:00, run_after=2021-01-01T00:00:00+00:00
[2023-08-13T18:47:43.246+0000] {processor.py:179} INFO - Processing /home/airflow/.local/lib/python3.7/site-packages/airflow/example_dags/example_xcom.py took 0.146 seconds
[2023-08-13T18:48:13.497+0000] {processor.py:157} INFO - Started process (PID=944) to work on /home/airflow/.local/lib/python3.7/site-packages/airflow/example_dags/example_xcom.py
[2023-08-13T18:48:13.498+0000] {processor.py:826} INFO - Processing file /home/airflow/.local/lib/python3.7/site-packages/airflow/example_dags/example_xcom.py for tasks to queue
[2023-08-13T18:48:13.499+0000] {logging_mixin.py:150} INFO - [2023-08-13T18:48:13.499+0000] {dagbag.py:541} INFO - Filling up the DagBag from /home/airflow/.local/lib/python3.7/site-packages/airflow/example_dags/example_xcom.py
[2023-08-13T18:48:13.507+0000] {processor.py:836} INFO - DAG(s) dict_keys(['example_xcom']) retrieved from /home/airflow/.local/lib/python3.7/site-packages/airflow/example_dags/example_xcom.py
[2023-08-13T18:48:13.542+0000] {logging_mixin.py:150} INFO - [2023-08-13T18:48:13.542+0000] {dag.py:2742} INFO - Sync 1 DAGs
[2023-08-13T18:48:13.577+0000] {logging_mixin.py:150} INFO - [2023-08-13T18:48:13.576+0000] {dag.py:3508} INFO - Setting next_dagrun for example_xcom to 2021-01-01T00:00:00+00:00, run_after=2021-01-01T00:00:00+00:00
[2023-08-13T18:48:13.606+0000] {processor.py:179} INFO - Processing /home/airflow/.local/lib/python3.7/site-packages/airflow/example_dags/example_xcom.py took 0.113 seconds
[2023-08-13T18:48:44.123+0000] {processor.py:157} INFO - Started process (PID=1009) to work on /home/airflow/.local/lib/python3.7/site-packages/airflow/example_dags/example_xcom.py
[2023-08-13T18:48:44.125+0000] {processor.py:826} INFO - Processing file /home/airflow/.local/lib/python3.7/site-packages/airflow/example_dags/example_xcom.py for tasks to queue
[2023-08-13T18:48:44.127+0000] {logging_mixin.py:150} INFO - [2023-08-13T18:48:44.127+0000] {dagbag.py:541} INFO - Filling up the DagBag from /home/airflow/.local/lib/python3.7/site-packages/airflow/example_dags/example_xcom.py
[2023-08-13T18:48:44.138+0000] {processor.py:836} INFO - DAG(s) dict_keys(['example_xcom']) retrieved from /home/airflow/.local/lib/python3.7/site-packages/airflow/example_dags/example_xcom.py
[2023-08-13T18:48:44.177+0000] {logging_mixin.py:150} INFO - [2023-08-13T18:48:44.177+0000] {dag.py:2742} INFO - Sync 1 DAGs
[2023-08-13T18:48:44.212+0000] {logging_mixin.py:150} INFO - [2023-08-13T18:48:44.211+0000] {dag.py:3508} INFO - Setting next_dagrun for example_xcom to 2021-01-01T00:00:00+00:00, run_after=2021-01-01T00:00:00+00:00
[2023-08-13T18:48:44.241+0000] {processor.py:179} INFO - Processing /home/airflow/.local/lib/python3.7/site-packages/airflow/example_dags/example_xcom.py took 0.122 seconds
[2023-08-13T18:49:14.541+0000] {processor.py:157} INFO - Started process (PID=1074) to work on /home/airflow/.local/lib/python3.7/site-packages/airflow/example_dags/example_xcom.py
[2023-08-13T18:49:14.542+0000] {processor.py:826} INFO - Processing file /home/airflow/.local/lib/python3.7/site-packages/airflow/example_dags/example_xcom.py for tasks to queue
[2023-08-13T18:49:14.543+0000] {logging_mixin.py:150} INFO - [2023-08-13T18:49:14.543+0000] {dagbag.py:541} INFO - Filling up the DagBag from /home/airflow/.local/lib/python3.7/site-packages/airflow/example_dags/example_xcom.py
[2023-08-13T18:49:14.552+0000] {processor.py:836} INFO - DAG(s) dict_keys(['example_xcom']) retrieved from /home/airflow/.local/lib/python3.7/site-packages/airflow/example_dags/example_xcom.py
[2023-08-13T18:49:14.626+0000] {logging_mixin.py:150} INFO - [2023-08-13T18:49:14.625+0000] {dag.py:2742} INFO - Sync 1 DAGs
[2023-08-13T18:49:14.662+0000] {logging_mixin.py:150} INFO - [2023-08-13T18:49:14.662+0000] {dag.py:3508} INFO - Setting next_dagrun for example_xcom to 2021-01-01T00:00:00+00:00, run_after=2021-01-01T00:00:00+00:00
[2023-08-13T18:49:14.688+0000] {processor.py:179} INFO - Processing /home/airflow/.local/lib/python3.7/site-packages/airflow/example_dags/example_xcom.py took 0.151 seconds
[2023-08-13T18:49:45.072+0000] {processor.py:157} INFO - Started process (PID=1139) to work on /home/airflow/.local/lib/python3.7/site-packages/airflow/example_dags/example_xcom.py
[2023-08-13T18:49:45.074+0000] {processor.py:826} INFO - Processing file /home/airflow/.local/lib/python3.7/site-packages/airflow/example_dags/example_xcom.py for tasks to queue
[2023-08-13T18:49:45.075+0000] {logging_mixin.py:150} INFO - [2023-08-13T18:49:45.075+0000] {dagbag.py:541} INFO - Filling up the DagBag from /home/airflow/.local/lib/python3.7/site-packages/airflow/example_dags/example_xcom.py
[2023-08-13T18:49:45.088+0000] {processor.py:836} INFO - DAG(s) dict_keys(['example_xcom']) retrieved from /home/airflow/.local/lib/python3.7/site-packages/airflow/example_dags/example_xcom.py
[2023-08-13T18:49:45.136+0000] {logging_mixin.py:150} INFO - [2023-08-13T18:49:45.135+0000] {dag.py:2742} INFO - Sync 1 DAGs
[2023-08-13T18:49:45.181+0000] {logging_mixin.py:150} INFO - [2023-08-13T18:49:45.180+0000] {dag.py:3508} INFO - Setting next_dagrun for example_xcom to 2021-01-01T00:00:00+00:00, run_after=2021-01-01T00:00:00+00:00
[2023-08-13T18:49:45.216+0000] {processor.py:179} INFO - Processing /home/airflow/.local/lib/python3.7/site-packages/airflow/example_dags/example_xcom.py took 0.148 seconds
[2023-08-13T18:50:15.815+0000] {processor.py:157} INFO - Started process (PID=1204) to work on /home/airflow/.local/lib/python3.7/site-packages/airflow/example_dags/example_xcom.py
[2023-08-13T18:50:15.817+0000] {processor.py:826} INFO - Processing file /home/airflow/.local/lib/python3.7/site-packages/airflow/example_dags/example_xcom.py for tasks to queue
[2023-08-13T18:50:15.818+0000] {logging_mixin.py:150} INFO - [2023-08-13T18:50:15.818+0000] {dagbag.py:541} INFO - Filling up the DagBag from /home/airflow/.local/lib/python3.7/site-packages/airflow/example_dags/example_xcom.py
[2023-08-13T18:50:15.827+0000] {processor.py:836} INFO - DAG(s) dict_keys(['example_xcom']) retrieved from /home/airflow/.local/lib/python3.7/site-packages/airflow/example_dags/example_xcom.py
[2023-08-13T18:50:15.863+0000] {logging_mixin.py:150} INFO - [2023-08-13T18:50:15.862+0000] {dag.py:2742} INFO - Sync 1 DAGs
[2023-08-13T18:50:15.899+0000] {logging_mixin.py:150} INFO - [2023-08-13T18:50:15.899+0000] {dag.py:3508} INFO - Setting next_dagrun for example_xcom to 2021-01-01T00:00:00+00:00, run_after=2021-01-01T00:00:00+00:00
[2023-08-13T18:50:15.941+0000] {processor.py:179} INFO - Processing /home/airflow/.local/lib/python3.7/site-packages/airflow/example_dags/example_xcom.py took 0.128 seconds
[2023-08-13T19:55:32.564+0000] {processor.py:157} INFO - Started process (PID=43) to work on /home/airflow/.local/lib/python3.7/site-packages/airflow/example_dags/example_xcom.py
[2023-08-13T19:55:32.566+0000] {processor.py:826} INFO - Processing file /home/airflow/.local/lib/python3.7/site-packages/airflow/example_dags/example_xcom.py for tasks to queue
[2023-08-13T19:55:32.567+0000] {logging_mixin.py:150} INFO - [2023-08-13T19:55:32.567+0000] {dagbag.py:541} INFO - Filling up the DagBag from /home/airflow/.local/lib/python3.7/site-packages/airflow/example_dags/example_xcom.py
[2023-08-13T19:55:32.578+0000] {processor.py:836} INFO - DAG(s) dict_keys(['example_xcom']) retrieved from /home/airflow/.local/lib/python3.7/site-packages/airflow/example_dags/example_xcom.py
[2023-08-13T19:55:32.617+0000] {logging_mixin.py:150} INFO - [2023-08-13T19:55:32.617+0000] {dag.py:2742} INFO - Sync 1 DAGs
[2023-08-13T19:55:32.660+0000] {logging_mixin.py:150} INFO - [2023-08-13T19:55:32.659+0000] {dag.py:3508} INFO - Setting next_dagrun for example_xcom to 2021-01-01T00:00:00+00:00, run_after=2021-01-01T00:00:00+00:00
[2023-08-13T19:55:32.693+0000] {processor.py:179} INFO - Processing /home/airflow/.local/lib/python3.7/site-packages/airflow/example_dags/example_xcom.py took 0.132 seconds
[2023-08-13T19:58:37.048+0000] {processor.py:157} INFO - Started process (PID=35) to work on /home/airflow/.local/lib/python3.7/site-packages/airflow/example_dags/example_xcom.py
[2023-08-13T19:58:37.050+0000] {processor.py:826} INFO - Processing file /home/airflow/.local/lib/python3.7/site-packages/airflow/example_dags/example_xcom.py for tasks to queue
[2023-08-13T19:58:37.052+0000] {logging_mixin.py:150} INFO - [2023-08-13T19:58:37.051+0000] {dagbag.py:541} INFO - Filling up the DagBag from /home/airflow/.local/lib/python3.7/site-packages/airflow/example_dags/example_xcom.py
[2023-08-13T19:58:37.070+0000] {processor.py:836} INFO - DAG(s) dict_keys(['example_xcom']) retrieved from /home/airflow/.local/lib/python3.7/site-packages/airflow/example_dags/example_xcom.py
[2023-08-13T19:58:37.100+0000] {logging_mixin.py:150} INFO - [2023-08-13T19:58:37.098+0000] {dag.py:2742} INFO - Sync 1 DAGs
[2023-08-13T19:58:37.167+0000] {logging_mixin.py:150} INFO - [2023-08-13T19:58:37.167+0000] {dag.py:3508} INFO - Setting next_dagrun for example_xcom to 2021-01-01T00:00:00+00:00, run_after=2021-01-01T00:00:00+00:00
[2023-08-13T19:58:37.198+0000] {processor.py:179} INFO - Processing /home/airflow/.local/lib/python3.7/site-packages/airflow/example_dags/example_xcom.py took 0.155 seconds
[2023-08-13T19:59:07.696+0000] {processor.py:157} INFO - Started process (PID=101) to work on /home/airflow/.local/lib/python3.7/site-packages/airflow/example_dags/example_xcom.py
[2023-08-13T19:59:07.697+0000] {processor.py:826} INFO - Processing file /home/airflow/.local/lib/python3.7/site-packages/airflow/example_dags/example_xcom.py for tasks to queue
[2023-08-13T19:59:07.698+0000] {logging_mixin.py:150} INFO - [2023-08-13T19:59:07.698+0000] {dagbag.py:541} INFO - Filling up the DagBag from /home/airflow/.local/lib/python3.7/site-packages/airflow/example_dags/example_xcom.py
[2023-08-13T19:59:07.705+0000] {processor.py:836} INFO - DAG(s) dict_keys(['example_xcom']) retrieved from /home/airflow/.local/lib/python3.7/site-packages/airflow/example_dags/example_xcom.py
[2023-08-13T19:59:07.730+0000] {logging_mixin.py:150} INFO - [2023-08-13T19:59:07.730+0000] {dag.py:2742} INFO - Sync 1 DAGs
[2023-08-13T19:59:07.758+0000] {logging_mixin.py:150} INFO - [2023-08-13T19:59:07.758+0000] {dag.py:3508} INFO - Setting next_dagrun for example_xcom to 2021-01-01T00:00:00+00:00, run_after=2021-01-01T00:00:00+00:00
[2023-08-13T19:59:07.784+0000] {processor.py:179} INFO - Processing /home/airflow/.local/lib/python3.7/site-packages/airflow/example_dags/example_xcom.py took 0.091 seconds
[2023-08-13T19:59:38.004+0000] {processor.py:157} INFO - Started process (PID=167) to work on /home/airflow/.local/lib/python3.7/site-packages/airflow/example_dags/example_xcom.py
[2023-08-13T19:59:38.005+0000] {processor.py:826} INFO - Processing file /home/airflow/.local/lib/python3.7/site-packages/airflow/example_dags/example_xcom.py for tasks to queue
[2023-08-13T19:59:38.006+0000] {logging_mixin.py:150} INFO - [2023-08-13T19:59:38.006+0000] {dagbag.py:541} INFO - Filling up the DagBag from /home/airflow/.local/lib/python3.7/site-packages/airflow/example_dags/example_xcom.py
[2023-08-13T19:59:38.013+0000] {processor.py:836} INFO - DAG(s) dict_keys(['example_xcom']) retrieved from /home/airflow/.local/lib/python3.7/site-packages/airflow/example_dags/example_xcom.py
[2023-08-13T19:59:38.041+0000] {logging_mixin.py:150} INFO - [2023-08-13T19:59:38.041+0000] {dag.py:2742} INFO - Sync 1 DAGs
[2023-08-13T19:59:38.068+0000] {logging_mixin.py:150} INFO - [2023-08-13T19:59:38.068+0000] {dag.py:3508} INFO - Setting next_dagrun for example_xcom to 2021-01-01T00:00:00+00:00, run_after=2021-01-01T00:00:00+00:00
[2023-08-13T19:59:38.093+0000] {processor.py:179} INFO - Processing /home/airflow/.local/lib/python3.7/site-packages/airflow/example_dags/example_xcom.py took 0.092 seconds
[2023-08-13T20:00:08.466+0000] {processor.py:157} INFO - Started process (PID=233) to work on /home/airflow/.local/lib/python3.7/site-packages/airflow/example_dags/example_xcom.py
[2023-08-13T20:00:08.467+0000] {processor.py:826} INFO - Processing file /home/airflow/.local/lib/python3.7/site-packages/airflow/example_dags/example_xcom.py for tasks to queue
[2023-08-13T20:00:08.469+0000] {logging_mixin.py:150} INFO - [2023-08-13T20:00:08.468+0000] {dagbag.py:541} INFO - Filling up the DagBag from /home/airflow/.local/lib/python3.7/site-packages/airflow/example_dags/example_xcom.py
[2023-08-13T20:00:08.478+0000] {processor.py:836} INFO - DAG(s) dict_keys(['example_xcom']) retrieved from /home/airflow/.local/lib/python3.7/site-packages/airflow/example_dags/example_xcom.py
[2023-08-13T20:00:08.511+0000] {logging_mixin.py:150} INFO - [2023-08-13T20:00:08.510+0000] {dag.py:2742} INFO - Sync 1 DAGs
[2023-08-13T20:00:08.547+0000] {logging_mixin.py:150} INFO - [2023-08-13T20:00:08.546+0000] {dag.py:3508} INFO - Setting next_dagrun for example_xcom to 2021-01-01T00:00:00+00:00, run_after=2021-01-01T00:00:00+00:00
[2023-08-13T20:00:08.576+0000] {processor.py:179} INFO - Processing /home/airflow/.local/lib/python3.7/site-packages/airflow/example_dags/example_xcom.py took 0.115 seconds
[2023-08-13T20:00:38.751+0000] {processor.py:157} INFO - Started process (PID=299) to work on /home/airflow/.local/lib/python3.7/site-packages/airflow/example_dags/example_xcom.py
[2023-08-13T20:00:38.753+0000] {processor.py:826} INFO - Processing file /home/airflow/.local/lib/python3.7/site-packages/airflow/example_dags/example_xcom.py for tasks to queue
[2023-08-13T20:00:38.754+0000] {logging_mixin.py:150} INFO - [2023-08-13T20:00:38.754+0000] {dagbag.py:541} INFO - Filling up the DagBag from /home/airflow/.local/lib/python3.7/site-packages/airflow/example_dags/example_xcom.py
[2023-08-13T20:00:38.764+0000] {processor.py:836} INFO - DAG(s) dict_keys(['example_xcom']) retrieved from /home/airflow/.local/lib/python3.7/site-packages/airflow/example_dags/example_xcom.py
[2023-08-13T20:00:38.803+0000] {logging_mixin.py:150} INFO - [2023-08-13T20:00:38.803+0000] {dag.py:2742} INFO - Sync 1 DAGs
[2023-08-13T20:00:38.843+0000] {logging_mixin.py:150} INFO - [2023-08-13T20:00:38.842+0000] {dag.py:3508} INFO - Setting next_dagrun for example_xcom to 2021-01-01T00:00:00+00:00, run_after=2021-01-01T00:00:00+00:00
[2023-08-13T20:00:38.874+0000] {processor.py:179} INFO - Processing /home/airflow/.local/lib/python3.7/site-packages/airflow/example_dags/example_xcom.py took 0.127 seconds
[2023-08-13T20:01:09.021+0000] {processor.py:157} INFO - Started process (PID=365) to work on /home/airflow/.local/lib/python3.7/site-packages/airflow/example_dags/example_xcom.py
[2023-08-13T20:01:09.022+0000] {processor.py:826} INFO - Processing file /home/airflow/.local/lib/python3.7/site-packages/airflow/example_dags/example_xcom.py for tasks to queue
[2023-08-13T20:01:09.023+0000] {logging_mixin.py:150} INFO - [2023-08-13T20:01:09.023+0000] {dagbag.py:541} INFO - Filling up the DagBag from /home/airflow/.local/lib/python3.7/site-packages/airflow/example_dags/example_xcom.py
[2023-08-13T20:01:09.030+0000] {processor.py:836} INFO - DAG(s) dict_keys(['example_xcom']) retrieved from /home/airflow/.local/lib/python3.7/site-packages/airflow/example_dags/example_xcom.py
[2023-08-13T20:01:09.058+0000] {logging_mixin.py:150} INFO - [2023-08-13T20:01:09.058+0000] {dag.py:2742} INFO - Sync 1 DAGs
[2023-08-13T20:01:09.090+0000] {logging_mixin.py:150} INFO - [2023-08-13T20:01:09.090+0000] {dag.py:3508} INFO - Setting next_dagrun for example_xcom to 2021-01-01T00:00:00+00:00, run_after=2021-01-01T00:00:00+00:00
[2023-08-13T20:01:09.114+0000] {processor.py:179} INFO - Processing /home/airflow/.local/lib/python3.7/site-packages/airflow/example_dags/example_xcom.py took 0.096 seconds
[2023-08-13T20:01:39.550+0000] {processor.py:157} INFO - Started process (PID=431) to work on /home/airflow/.local/lib/python3.7/site-packages/airflow/example_dags/example_xcom.py
[2023-08-13T20:01:39.551+0000] {processor.py:826} INFO - Processing file /home/airflow/.local/lib/python3.7/site-packages/airflow/example_dags/example_xcom.py for tasks to queue
[2023-08-13T20:01:39.552+0000] {logging_mixin.py:150} INFO - [2023-08-13T20:01:39.552+0000] {dagbag.py:541} INFO - Filling up the DagBag from /home/airflow/.local/lib/python3.7/site-packages/airflow/example_dags/example_xcom.py
[2023-08-13T20:01:39.559+0000] {processor.py:836} INFO - DAG(s) dict_keys(['example_xcom']) retrieved from /home/airflow/.local/lib/python3.7/site-packages/airflow/example_dags/example_xcom.py
[2023-08-13T20:01:39.583+0000] {logging_mixin.py:150} INFO - [2023-08-13T20:01:39.582+0000] {dag.py:2742} INFO - Sync 1 DAGs
[2023-08-13T20:01:39.611+0000] {logging_mixin.py:150} INFO - [2023-08-13T20:01:39.611+0000] {dag.py:3508} INFO - Setting next_dagrun for example_xcom to 2021-01-01T00:00:00+00:00, run_after=2021-01-01T00:00:00+00:00
[2023-08-13T20:01:39.631+0000] {processor.py:179} INFO - Processing /home/airflow/.local/lib/python3.7/site-packages/airflow/example_dags/example_xcom.py took 0.084 seconds
[2023-08-13T20:02:10.287+0000] {processor.py:157} INFO - Started process (PID=497) to work on /home/airflow/.local/lib/python3.7/site-packages/airflow/example_dags/example_xcom.py
[2023-08-13T20:02:10.289+0000] {processor.py:826} INFO - Processing file /home/airflow/.local/lib/python3.7/site-packages/airflow/example_dags/example_xcom.py for tasks to queue
[2023-08-13T20:02:10.295+0000] {logging_mixin.py:150} INFO - [2023-08-13T20:02:10.294+0000] {dagbag.py:541} INFO - Filling up the DagBag from /home/airflow/.local/lib/python3.7/site-packages/airflow/example_dags/example_xcom.py
[2023-08-13T20:02:10.315+0000] {processor.py:836} INFO - DAG(s) dict_keys(['example_xcom']) retrieved from /home/airflow/.local/lib/python3.7/site-packages/airflow/example_dags/example_xcom.py
[2023-08-13T20:02:10.368+0000] {logging_mixin.py:150} INFO - [2023-08-13T20:02:10.368+0000] {dag.py:2742} INFO - Sync 1 DAGs
[2023-08-13T20:02:10.425+0000] {logging_mixin.py:150} INFO - [2023-08-13T20:02:10.425+0000] {dag.py:3508} INFO - Setting next_dagrun for example_xcom to 2021-01-01T00:00:00+00:00, run_after=2021-01-01T00:00:00+00:00
[2023-08-13T20:02:10.467+0000] {processor.py:179} INFO - Processing /home/airflow/.local/lib/python3.7/site-packages/airflow/example_dags/example_xcom.py took 0.184 seconds
[2023-08-13T20:02:45.429+0000] {processor.py:157} INFO - Started process (PID=563) to work on /home/airflow/.local/lib/python3.7/site-packages/airflow/example_dags/example_xcom.py
[2023-08-13T20:02:45.431+0000] {processor.py:826} INFO - Processing file /home/airflow/.local/lib/python3.7/site-packages/airflow/example_dags/example_xcom.py for tasks to queue
[2023-08-13T20:02:45.432+0000] {logging_mixin.py:150} INFO - [2023-08-13T20:02:45.432+0000] {dagbag.py:541} INFO - Filling up the DagBag from /home/airflow/.local/lib/python3.7/site-packages/airflow/example_dags/example_xcom.py
[2023-08-13T20:02:45.444+0000] {processor.py:836} INFO - DAG(s) dict_keys(['example_xcom']) retrieved from /home/airflow/.local/lib/python3.7/site-packages/airflow/example_dags/example_xcom.py
[2023-08-13T20:02:45.488+0000] {logging_mixin.py:150} INFO - [2023-08-13T20:02:45.487+0000] {dag.py:2742} INFO - Sync 1 DAGs
[2023-08-13T20:02:45.538+0000] {logging_mixin.py:150} INFO - [2023-08-13T20:02:45.537+0000] {dag.py:3508} INFO - Setting next_dagrun for example_xcom to 2021-01-01T00:00:00+00:00, run_after=2021-01-01T00:00:00+00:00
[2023-08-13T20:02:45.583+0000] {processor.py:179} INFO - Processing /home/airflow/.local/lib/python3.7/site-packages/airflow/example_dags/example_xcom.py took 0.159 seconds
[2023-08-13T20:03:39.719+0000] {processor.py:157} INFO - Started process (PID=586) to work on /home/airflow/.local/lib/python3.7/site-packages/airflow/example_dags/example_xcom.py
[2023-08-13T20:03:39.720+0000] {processor.py:826} INFO - Processing file /home/airflow/.local/lib/python3.7/site-packages/airflow/example_dags/example_xcom.py for tasks to queue
[2023-08-13T20:03:39.722+0000] {logging_mixin.py:150} INFO - [2023-08-13T20:03:39.721+0000] {dagbag.py:541} INFO - Filling up the DagBag from /home/airflow/.local/lib/python3.7/site-packages/airflow/example_dags/example_xcom.py
[2023-08-13T20:03:39.734+0000] {processor.py:836} INFO - DAG(s) dict_keys(['example_xcom']) retrieved from /home/airflow/.local/lib/python3.7/site-packages/airflow/example_dags/example_xcom.py
[2023-08-13T20:03:39.780+0000] {logging_mixin.py:150} INFO - [2023-08-13T20:03:39.780+0000] {dag.py:2742} INFO - Sync 1 DAGs
[2023-08-13T20:03:39.827+0000] {logging_mixin.py:150} INFO - [2023-08-13T20:03:39.827+0000] {dag.py:3508} INFO - Setting next_dagrun for example_xcom to 2021-01-01T00:00:00+00:00, run_after=2021-01-01T00:00:00+00:00
[2023-08-13T20:03:39.874+0000] {processor.py:179} INFO - Processing /home/airflow/.local/lib/python3.7/site-packages/airflow/example_dags/example_xcom.py took 0.159 seconds
[2023-08-13T20:05:55.156+0000] {processor.py:157} INFO - Started process (PID=35) to work on /home/airflow/.local/lib/python3.7/site-packages/airflow/example_dags/example_xcom.py
[2023-08-13T20:05:55.158+0000] {processor.py:826} INFO - Processing file /home/airflow/.local/lib/python3.7/site-packages/airflow/example_dags/example_xcom.py for tasks to queue
[2023-08-13T20:05:55.159+0000] {logging_mixin.py:150} INFO - [2023-08-13T20:05:55.159+0000] {dagbag.py:541} INFO - Filling up the DagBag from /home/airflow/.local/lib/python3.7/site-packages/airflow/example_dags/example_xcom.py
[2023-08-13T20:05:55.174+0000] {processor.py:836} INFO - DAG(s) dict_keys(['example_xcom']) retrieved from /home/airflow/.local/lib/python3.7/site-packages/airflow/example_dags/example_xcom.py
[2023-08-13T20:05:55.193+0000] {logging_mixin.py:150} INFO - [2023-08-13T20:05:55.193+0000] {dag.py:2742} INFO - Sync 1 DAGs
[2023-08-13T20:05:55.251+0000] {logging_mixin.py:150} INFO - [2023-08-13T20:05:55.251+0000] {dag.py:3508} INFO - Setting next_dagrun for example_xcom to 2021-01-01T00:00:00+00:00, run_after=2021-01-01T00:00:00+00:00
[2023-08-13T20:05:55.296+0000] {processor.py:179} INFO - Processing /home/airflow/.local/lib/python3.7/site-packages/airflow/example_dags/example_xcom.py took 0.144 seconds
[2023-08-13T20:06:26.202+0000] {processor.py:157} INFO - Started process (PID=101) to work on /home/airflow/.local/lib/python3.7/site-packages/airflow/example_dags/example_xcom.py
[2023-08-13T20:06:26.203+0000] {processor.py:826} INFO - Processing file /home/airflow/.local/lib/python3.7/site-packages/airflow/example_dags/example_xcom.py for tasks to queue
[2023-08-13T20:06:26.204+0000] {logging_mixin.py:150} INFO - [2023-08-13T20:06:26.204+0000] {dagbag.py:541} INFO - Filling up the DagBag from /home/airflow/.local/lib/python3.7/site-packages/airflow/example_dags/example_xcom.py
[2023-08-13T20:06:26.212+0000] {processor.py:836} INFO - DAG(s) dict_keys(['example_xcom']) retrieved from /home/airflow/.local/lib/python3.7/site-packages/airflow/example_dags/example_xcom.py
[2023-08-13T20:06:26.244+0000] {logging_mixin.py:150} INFO - [2023-08-13T20:06:26.244+0000] {dag.py:2742} INFO - Sync 1 DAGs
[2023-08-13T20:06:26.283+0000] {logging_mixin.py:150} INFO - [2023-08-13T20:06:26.282+0000] {dag.py:3508} INFO - Setting next_dagrun for example_xcom to 2021-01-01T00:00:00+00:00, run_after=2021-01-01T00:00:00+00:00
[2023-08-13T20:06:26.308+0000] {processor.py:179} INFO - Processing /home/airflow/.local/lib/python3.7/site-packages/airflow/example_dags/example_xcom.py took 0.110 seconds
[2023-08-13T20:06:56.608+0000] {processor.py:157} INFO - Started process (PID=167) to work on /home/airflow/.local/lib/python3.7/site-packages/airflow/example_dags/example_xcom.py
[2023-08-13T20:06:56.609+0000] {processor.py:826} INFO - Processing file /home/airflow/.local/lib/python3.7/site-packages/airflow/example_dags/example_xcom.py for tasks to queue
[2023-08-13T20:06:56.610+0000] {logging_mixin.py:150} INFO - [2023-08-13T20:06:56.610+0000] {dagbag.py:541} INFO - Filling up the DagBag from /home/airflow/.local/lib/python3.7/site-packages/airflow/example_dags/example_xcom.py
[2023-08-13T20:06:56.618+0000] {processor.py:836} INFO - DAG(s) dict_keys(['example_xcom']) retrieved from /home/airflow/.local/lib/python3.7/site-packages/airflow/example_dags/example_xcom.py
[2023-08-13T20:06:56.649+0000] {logging_mixin.py:150} INFO - [2023-08-13T20:06:56.649+0000] {dag.py:2742} INFO - Sync 1 DAGs
[2023-08-13T20:06:56.680+0000] {logging_mixin.py:150} INFO - [2023-08-13T20:06:56.680+0000] {dag.py:3508} INFO - Setting next_dagrun for example_xcom to 2021-01-01T00:00:00+00:00, run_after=2021-01-01T00:00:00+00:00
[2023-08-13T20:06:56.704+0000] {processor.py:179} INFO - Processing /home/airflow/.local/lib/python3.7/site-packages/airflow/example_dags/example_xcom.py took 0.100 seconds
[2023-08-13T20:07:26.929+0000] {processor.py:157} INFO - Started process (PID=233) to work on /home/airflow/.local/lib/python3.7/site-packages/airflow/example_dags/example_xcom.py
[2023-08-13T20:07:26.930+0000] {processor.py:826} INFO - Processing file /home/airflow/.local/lib/python3.7/site-packages/airflow/example_dags/example_xcom.py for tasks to queue
[2023-08-13T20:07:26.931+0000] {logging_mixin.py:150} INFO - [2023-08-13T20:07:26.931+0000] {dagbag.py:541} INFO - Filling up the DagBag from /home/airflow/.local/lib/python3.7/site-packages/airflow/example_dags/example_xcom.py
[2023-08-13T20:07:26.940+0000] {processor.py:836} INFO - DAG(s) dict_keys(['example_xcom']) retrieved from /home/airflow/.local/lib/python3.7/site-packages/airflow/example_dags/example_xcom.py
[2023-08-13T20:07:26.967+0000] {logging_mixin.py:150} INFO - [2023-08-13T20:07:26.967+0000] {dag.py:2742} INFO - Sync 1 DAGs
[2023-08-13T20:07:27.000+0000] {logging_mixin.py:150} INFO - [2023-08-13T20:07:27.000+0000] {dag.py:3508} INFO - Setting next_dagrun for example_xcom to 2021-01-01T00:00:00+00:00, run_after=2021-01-01T00:00:00+00:00
[2023-08-13T20:07:27.023+0000] {processor.py:179} INFO - Processing /home/airflow/.local/lib/python3.7/site-packages/airflow/example_dags/example_xcom.py took 0.097 seconds
[2023-08-13T20:07:57.620+0000] {processor.py:157} INFO - Started process (PID=299) to work on /home/airflow/.local/lib/python3.7/site-packages/airflow/example_dags/example_xcom.py
[2023-08-13T20:07:57.621+0000] {processor.py:826} INFO - Processing file /home/airflow/.local/lib/python3.7/site-packages/airflow/example_dags/example_xcom.py for tasks to queue
[2023-08-13T20:07:57.622+0000] {logging_mixin.py:150} INFO - [2023-08-13T20:07:57.622+0000] {dagbag.py:541} INFO - Filling up the DagBag from /home/airflow/.local/lib/python3.7/site-packages/airflow/example_dags/example_xcom.py
[2023-08-13T20:07:57.633+0000] {processor.py:836} INFO - DAG(s) dict_keys(['example_xcom']) retrieved from /home/airflow/.local/lib/python3.7/site-packages/airflow/example_dags/example_xcom.py
[2023-08-13T20:07:57.671+0000] {logging_mixin.py:150} INFO - [2023-08-13T20:07:57.671+0000] {dag.py:2742} INFO - Sync 1 DAGs
[2023-08-13T20:07:57.716+0000] {logging_mixin.py:150} INFO - [2023-08-13T20:07:57.716+0000] {dag.py:3508} INFO - Setting next_dagrun for example_xcom to 2021-01-01T00:00:00+00:00, run_after=2021-01-01T00:00:00+00:00
[2023-08-13T20:07:57.752+0000] {processor.py:179} INFO - Processing /home/airflow/.local/lib/python3.7/site-packages/airflow/example_dags/example_xcom.py took 0.136 seconds
[2023-08-13T20:08:28.472+0000] {processor.py:157} INFO - Started process (PID=365) to work on /home/airflow/.local/lib/python3.7/site-packages/airflow/example_dags/example_xcom.py
[2023-08-13T20:08:28.473+0000] {processor.py:826} INFO - Processing file /home/airflow/.local/lib/python3.7/site-packages/airflow/example_dags/example_xcom.py for tasks to queue
[2023-08-13T20:08:28.475+0000] {logging_mixin.py:150} INFO - [2023-08-13T20:08:28.474+0000] {dagbag.py:541} INFO - Filling up the DagBag from /home/airflow/.local/lib/python3.7/site-packages/airflow/example_dags/example_xcom.py
[2023-08-13T20:08:28.485+0000] {processor.py:836} INFO - DAG(s) dict_keys(['example_xcom']) retrieved from /home/airflow/.local/lib/python3.7/site-packages/airflow/example_dags/example_xcom.py
[2023-08-13T20:08:28.517+0000] {logging_mixin.py:150} INFO - [2023-08-13T20:08:28.516+0000] {dag.py:2742} INFO - Sync 1 DAGs
[2023-08-13T20:08:28.554+0000] {logging_mixin.py:150} INFO - [2023-08-13T20:08:28.554+0000] {dag.py:3508} INFO - Setting next_dagrun for example_xcom to 2021-01-01T00:00:00+00:00, run_after=2021-01-01T00:00:00+00:00
[2023-08-13T20:08:28.581+0000] {processor.py:179} INFO - Processing /home/airflow/.local/lib/python3.7/site-packages/airflow/example_dags/example_xcom.py took 0.114 seconds
[2023-08-13T20:08:58.927+0000] {processor.py:157} INFO - Started process (PID=431) to work on /home/airflow/.local/lib/python3.7/site-packages/airflow/example_dags/example_xcom.py
[2023-08-13T20:08:58.928+0000] {processor.py:826} INFO - Processing file /home/airflow/.local/lib/python3.7/site-packages/airflow/example_dags/example_xcom.py for tasks to queue
[2023-08-13T20:08:58.929+0000] {logging_mixin.py:150} INFO - [2023-08-13T20:08:58.929+0000] {dagbag.py:541} INFO - Filling up the DagBag from /home/airflow/.local/lib/python3.7/site-packages/airflow/example_dags/example_xcom.py
[2023-08-13T20:08:58.936+0000] {processor.py:836} INFO - DAG(s) dict_keys(['example_xcom']) retrieved from /home/airflow/.local/lib/python3.7/site-packages/airflow/example_dags/example_xcom.py
[2023-08-13T20:08:58.967+0000] {logging_mixin.py:150} INFO - [2023-08-13T20:08:58.966+0000] {dag.py:2742} INFO - Sync 1 DAGs
[2023-08-13T20:08:58.996+0000] {logging_mixin.py:150} INFO - [2023-08-13T20:08:58.996+0000] {dag.py:3508} INFO - Setting next_dagrun for example_xcom to 2021-01-01T00:00:00+00:00, run_after=2021-01-01T00:00:00+00:00
[2023-08-13T20:08:59.019+0000] {processor.py:179} INFO - Processing /home/airflow/.local/lib/python3.7/site-packages/airflow/example_dags/example_xcom.py took 0.095 seconds
[2023-08-13T20:09:29.214+0000] {processor.py:157} INFO - Started process (PID=497) to work on /home/airflow/.local/lib/python3.7/site-packages/airflow/example_dags/example_xcom.py
[2023-08-13T20:09:29.216+0000] {processor.py:826} INFO - Processing file /home/airflow/.local/lib/python3.7/site-packages/airflow/example_dags/example_xcom.py for tasks to queue
[2023-08-13T20:09:29.217+0000] {logging_mixin.py:150} INFO - [2023-08-13T20:09:29.217+0000] {dagbag.py:541} INFO - Filling up the DagBag from /home/airflow/.local/lib/python3.7/site-packages/airflow/example_dags/example_xcom.py
[2023-08-13T20:09:29.226+0000] {processor.py:836} INFO - DAG(s) dict_keys(['example_xcom']) retrieved from /home/airflow/.local/lib/python3.7/site-packages/airflow/example_dags/example_xcom.py
[2023-08-13T20:09:29.265+0000] {logging_mixin.py:150} INFO - [2023-08-13T20:09:29.264+0000] {dag.py:2742} INFO - Sync 1 DAGs
[2023-08-13T20:09:29.304+0000] {logging_mixin.py:150} INFO - [2023-08-13T20:09:29.304+0000] {dag.py:3508} INFO - Setting next_dagrun for example_xcom to 2021-01-01T00:00:00+00:00, run_after=2021-01-01T00:00:00+00:00
[2023-08-13T20:09:29.339+0000] {processor.py:179} INFO - Processing /home/airflow/.local/lib/python3.7/site-packages/airflow/example_dags/example_xcom.py took 0.128 seconds
[2023-08-13T20:09:59.878+0000] {processor.py:157} INFO - Started process (PID=563) to work on /home/airflow/.local/lib/python3.7/site-packages/airflow/example_dags/example_xcom.py
[2023-08-13T20:09:59.880+0000] {processor.py:826} INFO - Processing file /home/airflow/.local/lib/python3.7/site-packages/airflow/example_dags/example_xcom.py for tasks to queue
[2023-08-13T20:09:59.881+0000] {logging_mixin.py:150} INFO - [2023-08-13T20:09:59.880+0000] {dagbag.py:541} INFO - Filling up the DagBag from /home/airflow/.local/lib/python3.7/site-packages/airflow/example_dags/example_xcom.py
[2023-08-13T20:09:59.888+0000] {processor.py:836} INFO - DAG(s) dict_keys(['example_xcom']) retrieved from /home/airflow/.local/lib/python3.7/site-packages/airflow/example_dags/example_xcom.py
[2023-08-13T20:09:59.917+0000] {logging_mixin.py:150} INFO - [2023-08-13T20:09:59.917+0000] {dag.py:2742} INFO - Sync 1 DAGs
[2023-08-13T20:09:59.949+0000] {logging_mixin.py:150} INFO - [2023-08-13T20:09:59.949+0000] {dag.py:3508} INFO - Setting next_dagrun for example_xcom to 2021-01-01T00:00:00+00:00, run_after=2021-01-01T00:00:00+00:00
[2023-08-13T20:09:59.978+0000] {processor.py:179} INFO - Processing /home/airflow/.local/lib/python3.7/site-packages/airflow/example_dags/example_xcom.py took 0.103 seconds
[2023-08-13T20:10:30.102+0000] {processor.py:157} INFO - Started process (PID=629) to work on /home/airflow/.local/lib/python3.7/site-packages/airflow/example_dags/example_xcom.py
[2023-08-13T20:10:30.103+0000] {processor.py:826} INFO - Processing file /home/airflow/.local/lib/python3.7/site-packages/airflow/example_dags/example_xcom.py for tasks to queue
[2023-08-13T20:10:30.104+0000] {logging_mixin.py:150} INFO - [2023-08-13T20:10:30.104+0000] {dagbag.py:541} INFO - Filling up the DagBag from /home/airflow/.local/lib/python3.7/site-packages/airflow/example_dags/example_xcom.py
[2023-08-13T20:10:30.113+0000] {processor.py:836} INFO - DAG(s) dict_keys(['example_xcom']) retrieved from /home/airflow/.local/lib/python3.7/site-packages/airflow/example_dags/example_xcom.py
[2023-08-13T20:10:30.139+0000] {logging_mixin.py:150} INFO - [2023-08-13T20:10:30.139+0000] {dag.py:2742} INFO - Sync 1 DAGs
[2023-08-13T20:10:30.168+0000] {logging_mixin.py:150} INFO - [2023-08-13T20:10:30.167+0000] {dag.py:3508} INFO - Setting next_dagrun for example_xcom to 2021-01-01T00:00:00+00:00, run_after=2021-01-01T00:00:00+00:00
[2023-08-13T20:10:30.193+0000] {processor.py:179} INFO - Processing /home/airflow/.local/lib/python3.7/site-packages/airflow/example_dags/example_xcom.py took 0.095 seconds
[2023-08-13T20:11:00.456+0000] {processor.py:157} INFO - Started process (PID=695) to work on /home/airflow/.local/lib/python3.7/site-packages/airflow/example_dags/example_xcom.py
[2023-08-13T20:11:00.457+0000] {processor.py:826} INFO - Processing file /home/airflow/.local/lib/python3.7/site-packages/airflow/example_dags/example_xcom.py for tasks to queue
[2023-08-13T20:11:00.458+0000] {logging_mixin.py:150} INFO - [2023-08-13T20:11:00.458+0000] {dagbag.py:541} INFO - Filling up the DagBag from /home/airflow/.local/lib/python3.7/site-packages/airflow/example_dags/example_xcom.py
[2023-08-13T20:11:00.468+0000] {processor.py:836} INFO - DAG(s) dict_keys(['example_xcom']) retrieved from /home/airflow/.local/lib/python3.7/site-packages/airflow/example_dags/example_xcom.py
[2023-08-13T20:11:00.501+0000] {logging_mixin.py:150} INFO - [2023-08-13T20:11:00.500+0000] {dag.py:2742} INFO - Sync 1 DAGs
[2023-08-13T20:11:00.540+0000] {logging_mixin.py:150} INFO - [2023-08-13T20:11:00.540+0000] {dag.py:3508} INFO - Setting next_dagrun for example_xcom to 2021-01-01T00:00:00+00:00, run_after=2021-01-01T00:00:00+00:00
[2023-08-13T20:11:00.570+0000] {processor.py:179} INFO - Processing /home/airflow/.local/lib/python3.7/site-packages/airflow/example_dags/example_xcom.py took 0.117 seconds
[2023-08-13T20:11:31.067+0000] {processor.py:157} INFO - Started process (PID=761) to work on /home/airflow/.local/lib/python3.7/site-packages/airflow/example_dags/example_xcom.py
[2023-08-13T20:11:31.069+0000] {processor.py:826} INFO - Processing file /home/airflow/.local/lib/python3.7/site-packages/airflow/example_dags/example_xcom.py for tasks to queue
[2023-08-13T20:11:31.070+0000] {logging_mixin.py:150} INFO - [2023-08-13T20:11:31.069+0000] {dagbag.py:541} INFO - Filling up the DagBag from /home/airflow/.local/lib/python3.7/site-packages/airflow/example_dags/example_xcom.py
[2023-08-13T20:11:31.077+0000] {processor.py:836} INFO - DAG(s) dict_keys(['example_xcom']) retrieved from /home/airflow/.local/lib/python3.7/site-packages/airflow/example_dags/example_xcom.py
[2023-08-13T20:11:31.112+0000] {logging_mixin.py:150} INFO - [2023-08-13T20:11:31.112+0000] {dag.py:2742} INFO - Sync 1 DAGs
[2023-08-13T20:11:31.142+0000] {logging_mixin.py:150} INFO - [2023-08-13T20:11:31.142+0000] {dag.py:3508} INFO - Setting next_dagrun for example_xcom to 2021-01-01T00:00:00+00:00, run_after=2021-01-01T00:00:00+00:00
[2023-08-13T20:11:31.167+0000] {processor.py:179} INFO - Processing /home/airflow/.local/lib/python3.7/site-packages/airflow/example_dags/example_xcom.py took 0.102 seconds
[2023-08-13T20:12:01.570+0000] {processor.py:157} INFO - Started process (PID=827) to work on /home/airflow/.local/lib/python3.7/site-packages/airflow/example_dags/example_xcom.py
[2023-08-13T20:12:01.571+0000] {processor.py:826} INFO - Processing file /home/airflow/.local/lib/python3.7/site-packages/airflow/example_dags/example_xcom.py for tasks to queue
[2023-08-13T20:12:01.572+0000] {logging_mixin.py:150} INFO - [2023-08-13T20:12:01.572+0000] {dagbag.py:541} INFO - Filling up the DagBag from /home/airflow/.local/lib/python3.7/site-packages/airflow/example_dags/example_xcom.py
[2023-08-13T20:12:01.581+0000] {processor.py:836} INFO - DAG(s) dict_keys(['example_xcom']) retrieved from /home/airflow/.local/lib/python3.7/site-packages/airflow/example_dags/example_xcom.py
[2023-08-13T20:12:01.608+0000] {logging_mixin.py:150} INFO - [2023-08-13T20:12:01.608+0000] {dag.py:2742} INFO - Sync 1 DAGs
[2023-08-13T20:12:01.644+0000] {logging_mixin.py:150} INFO - [2023-08-13T20:12:01.644+0000] {dag.py:3508} INFO - Setting next_dagrun for example_xcom to 2021-01-01T00:00:00+00:00, run_after=2021-01-01T00:00:00+00:00
[2023-08-13T20:12:01.672+0000] {processor.py:179} INFO - Processing /home/airflow/.local/lib/python3.7/site-packages/airflow/example_dags/example_xcom.py took 0.105 seconds
[2023-08-13T20:12:31.809+0000] {processor.py:157} INFO - Started process (PID=893) to work on /home/airflow/.local/lib/python3.7/site-packages/airflow/example_dags/example_xcom.py
[2023-08-13T20:12:31.811+0000] {processor.py:826} INFO - Processing file /home/airflow/.local/lib/python3.7/site-packages/airflow/example_dags/example_xcom.py for tasks to queue
[2023-08-13T20:12:31.812+0000] {logging_mixin.py:150} INFO - [2023-08-13T20:12:31.811+0000] {dagbag.py:541} INFO - Filling up the DagBag from /home/airflow/.local/lib/python3.7/site-packages/airflow/example_dags/example_xcom.py
[2023-08-13T20:12:31.822+0000] {processor.py:836} INFO - DAG(s) dict_keys(['example_xcom']) retrieved from /home/airflow/.local/lib/python3.7/site-packages/airflow/example_dags/example_xcom.py
[2023-08-13T20:12:31.853+0000] {logging_mixin.py:150} INFO - [2023-08-13T20:12:31.853+0000] {dag.py:2742} INFO - Sync 1 DAGs
[2023-08-13T20:12:31.885+0000] {logging_mixin.py:150} INFO - [2023-08-13T20:12:31.884+0000] {dag.py:3508} INFO - Setting next_dagrun for example_xcom to 2021-01-01T00:00:00+00:00, run_after=2021-01-01T00:00:00+00:00
[2023-08-13T20:12:31.913+0000] {processor.py:179} INFO - Processing /home/airflow/.local/lib/python3.7/site-packages/airflow/example_dags/example_xcom.py took 0.107 seconds
[2023-08-13T20:13:02.183+0000] {processor.py:157} INFO - Started process (PID=959) to work on /home/airflow/.local/lib/python3.7/site-packages/airflow/example_dags/example_xcom.py
[2023-08-13T20:13:02.185+0000] {processor.py:826} INFO - Processing file /home/airflow/.local/lib/python3.7/site-packages/airflow/example_dags/example_xcom.py for tasks to queue
[2023-08-13T20:13:02.186+0000] {logging_mixin.py:150} INFO - [2023-08-13T20:13:02.186+0000] {dagbag.py:541} INFO - Filling up the DagBag from /home/airflow/.local/lib/python3.7/site-packages/airflow/example_dags/example_xcom.py
[2023-08-13T20:13:02.194+0000] {processor.py:836} INFO - DAG(s) dict_keys(['example_xcom']) retrieved from /home/airflow/.local/lib/python3.7/site-packages/airflow/example_dags/example_xcom.py
[2023-08-13T20:13:02.227+0000] {logging_mixin.py:150} INFO - [2023-08-13T20:13:02.227+0000] {dag.py:2742} INFO - Sync 1 DAGs
[2023-08-13T20:13:02.273+0000] {logging_mixin.py:150} INFO - [2023-08-13T20:13:02.272+0000] {dag.py:3508} INFO - Setting next_dagrun for example_xcom to 2021-01-01T00:00:00+00:00, run_after=2021-01-01T00:00:00+00:00
[2023-08-13T20:13:02.304+0000] {processor.py:179} INFO - Processing /home/airflow/.local/lib/python3.7/site-packages/airflow/example_dags/example_xcom.py took 0.125 seconds
[2023-08-13T20:13:32.382+0000] {processor.py:157} INFO - Started process (PID=1025) to work on /home/airflow/.local/lib/python3.7/site-packages/airflow/example_dags/example_xcom.py
[2023-08-13T20:13:32.383+0000] {processor.py:826} INFO - Processing file /home/airflow/.local/lib/python3.7/site-packages/airflow/example_dags/example_xcom.py for tasks to queue
[2023-08-13T20:13:32.384+0000] {logging_mixin.py:150} INFO - [2023-08-13T20:13:32.384+0000] {dagbag.py:541} INFO - Filling up the DagBag from /home/airflow/.local/lib/python3.7/site-packages/airflow/example_dags/example_xcom.py
[2023-08-13T20:13:32.391+0000] {processor.py:836} INFO - DAG(s) dict_keys(['example_xcom']) retrieved from /home/airflow/.local/lib/python3.7/site-packages/airflow/example_dags/example_xcom.py
[2023-08-13T20:13:32.420+0000] {logging_mixin.py:150} INFO - [2023-08-13T20:13:32.420+0000] {dag.py:2742} INFO - Sync 1 DAGs
[2023-08-13T20:13:32.454+0000] {logging_mixin.py:150} INFO - [2023-08-13T20:13:32.454+0000] {dag.py:3508} INFO - Setting next_dagrun for example_xcom to 2021-01-01T00:00:00+00:00, run_after=2021-01-01T00:00:00+00:00
[2023-08-13T20:13:32.478+0000] {processor.py:179} INFO - Processing /home/airflow/.local/lib/python3.7/site-packages/airflow/example_dags/example_xcom.py took 0.100 seconds
[2023-08-13T20:14:03.134+0000] {processor.py:157} INFO - Started process (PID=1091) to work on /home/airflow/.local/lib/python3.7/site-packages/airflow/example_dags/example_xcom.py
[2023-08-13T20:14:03.136+0000] {processor.py:826} INFO - Processing file /home/airflow/.local/lib/python3.7/site-packages/airflow/example_dags/example_xcom.py for tasks to queue
[2023-08-13T20:14:03.137+0000] {logging_mixin.py:150} INFO - [2023-08-13T20:14:03.137+0000] {dagbag.py:541} INFO - Filling up the DagBag from /home/airflow/.local/lib/python3.7/site-packages/airflow/example_dags/example_xcom.py
[2023-08-13T20:14:03.146+0000] {processor.py:836} INFO - DAG(s) dict_keys(['example_xcom']) retrieved from /home/airflow/.local/lib/python3.7/site-packages/airflow/example_dags/example_xcom.py
[2023-08-13T20:14:03.203+0000] {logging_mixin.py:150} INFO - [2023-08-13T20:14:03.202+0000] {dag.py:2742} INFO - Sync 1 DAGs
[2023-08-13T20:14:03.268+0000] {logging_mixin.py:150} INFO - [2023-08-13T20:14:03.268+0000] {dag.py:3508} INFO - Setting next_dagrun for example_xcom to 2021-01-01T00:00:00+00:00, run_after=2021-01-01T00:00:00+00:00
[2023-08-13T20:14:03.303+0000] {processor.py:179} INFO - Processing /home/airflow/.local/lib/python3.7/site-packages/airflow/example_dags/example_xcom.py took 0.174 seconds
[2023-08-13T20:14:33.431+0000] {processor.py:157} INFO - Started process (PID=1157) to work on /home/airflow/.local/lib/python3.7/site-packages/airflow/example_dags/example_xcom.py
[2023-08-13T20:14:33.432+0000] {processor.py:826} INFO - Processing file /home/airflow/.local/lib/python3.7/site-packages/airflow/example_dags/example_xcom.py for tasks to queue
[2023-08-13T20:14:33.434+0000] {logging_mixin.py:150} INFO - [2023-08-13T20:14:33.433+0000] {dagbag.py:541} INFO - Filling up the DagBag from /home/airflow/.local/lib/python3.7/site-packages/airflow/example_dags/example_xcom.py
[2023-08-13T20:14:33.445+0000] {processor.py:836} INFO - DAG(s) dict_keys(['example_xcom']) retrieved from /home/airflow/.local/lib/python3.7/site-packages/airflow/example_dags/example_xcom.py
[2023-08-13T20:14:33.475+0000] {logging_mixin.py:150} INFO - [2023-08-13T20:14:33.475+0000] {dag.py:2742} INFO - Sync 1 DAGs
[2023-08-13T20:14:33.508+0000] {logging_mixin.py:150} INFO - [2023-08-13T20:14:33.508+0000] {dag.py:3508} INFO - Setting next_dagrun for example_xcom to 2021-01-01T00:00:00+00:00, run_after=2021-01-01T00:00:00+00:00
[2023-08-13T20:14:33.535+0000] {processor.py:179} INFO - Processing /home/airflow/.local/lib/python3.7/site-packages/airflow/example_dags/example_xcom.py took 0.107 seconds
[2023-08-13T20:15:03.841+0000] {processor.py:157} INFO - Started process (PID=1223) to work on /home/airflow/.local/lib/python3.7/site-packages/airflow/example_dags/example_xcom.py
[2023-08-13T20:15:03.843+0000] {processor.py:826} INFO - Processing file /home/airflow/.local/lib/python3.7/site-packages/airflow/example_dags/example_xcom.py for tasks to queue
[2023-08-13T20:15:03.844+0000] {logging_mixin.py:150} INFO - [2023-08-13T20:15:03.844+0000] {dagbag.py:541} INFO - Filling up the DagBag from /home/airflow/.local/lib/python3.7/site-packages/airflow/example_dags/example_xcom.py
[2023-08-13T20:15:03.853+0000] {processor.py:836} INFO - DAG(s) dict_keys(['example_xcom']) retrieved from /home/airflow/.local/lib/python3.7/site-packages/airflow/example_dags/example_xcom.py
[2023-08-13T20:15:03.887+0000] {logging_mixin.py:150} INFO - [2023-08-13T20:15:03.887+0000] {dag.py:2742} INFO - Sync 1 DAGs
[2023-08-13T20:15:03.931+0000] {logging_mixin.py:150} INFO - [2023-08-13T20:15:03.931+0000] {dag.py:3508} INFO - Setting next_dagrun for example_xcom to 2021-01-01T00:00:00+00:00, run_after=2021-01-01T00:00:00+00:00
[2023-08-13T20:15:03.963+0000] {processor.py:179} INFO - Processing /home/airflow/.local/lib/python3.7/site-packages/airflow/example_dags/example_xcom.py took 0.126 seconds
[2023-08-13T20:15:34.147+0000] {processor.py:157} INFO - Started process (PID=1289) to work on /home/airflow/.local/lib/python3.7/site-packages/airflow/example_dags/example_xcom.py
[2023-08-13T20:15:34.149+0000] {processor.py:826} INFO - Processing file /home/airflow/.local/lib/python3.7/site-packages/airflow/example_dags/example_xcom.py for tasks to queue
[2023-08-13T20:15:34.150+0000] {logging_mixin.py:150} INFO - [2023-08-13T20:15:34.150+0000] {dagbag.py:541} INFO - Filling up the DagBag from /home/airflow/.local/lib/python3.7/site-packages/airflow/example_dags/example_xcom.py
[2023-08-13T20:15:34.162+0000] {processor.py:836} INFO - DAG(s) dict_keys(['example_xcom']) retrieved from /home/airflow/.local/lib/python3.7/site-packages/airflow/example_dags/example_xcom.py
[2023-08-13T20:15:34.194+0000] {logging_mixin.py:150} INFO - [2023-08-13T20:15:34.194+0000] {dag.py:2742} INFO - Sync 1 DAGs
[2023-08-13T20:15:34.237+0000] {logging_mixin.py:150} INFO - [2023-08-13T20:15:34.237+0000] {dag.py:3508} INFO - Setting next_dagrun for example_xcom to 2021-01-01T00:00:00+00:00, run_after=2021-01-01T00:00:00+00:00
[2023-08-13T20:15:34.267+0000] {processor.py:179} INFO - Processing /home/airflow/.local/lib/python3.7/site-packages/airflow/example_dags/example_xcom.py took 0.124 seconds
[2023-08-13T20:16:04.637+0000] {processor.py:157} INFO - Started process (PID=1356) to work on /home/airflow/.local/lib/python3.7/site-packages/airflow/example_dags/example_xcom.py
[2023-08-13T20:16:04.639+0000] {processor.py:826} INFO - Processing file /home/airflow/.local/lib/python3.7/site-packages/airflow/example_dags/example_xcom.py for tasks to queue
[2023-08-13T20:16:04.640+0000] {logging_mixin.py:150} INFO - [2023-08-13T20:16:04.639+0000] {dagbag.py:541} INFO - Filling up the DagBag from /home/airflow/.local/lib/python3.7/site-packages/airflow/example_dags/example_xcom.py
[2023-08-13T20:16:04.647+0000] {processor.py:836} INFO - DAG(s) dict_keys(['example_xcom']) retrieved from /home/airflow/.local/lib/python3.7/site-packages/airflow/example_dags/example_xcom.py
[2023-08-13T20:16:04.678+0000] {logging_mixin.py:150} INFO - [2023-08-13T20:16:04.678+0000] {dag.py:2742} INFO - Sync 1 DAGs
[2023-08-13T20:16:04.714+0000] {logging_mixin.py:150} INFO - [2023-08-13T20:16:04.713+0000] {dag.py:3508} INFO - Setting next_dagrun for example_xcom to 2021-01-01T00:00:00+00:00, run_after=2021-01-01T00:00:00+00:00
[2023-08-13T20:16:04.744+0000] {processor.py:179} INFO - Processing /home/airflow/.local/lib/python3.7/site-packages/airflow/example_dags/example_xcom.py took 0.110 seconds
[2023-08-13T20:16:35.178+0000] {processor.py:157} INFO - Started process (PID=1422) to work on /home/airflow/.local/lib/python3.7/site-packages/airflow/example_dags/example_xcom.py
[2023-08-13T20:16:35.179+0000] {processor.py:826} INFO - Processing file /home/airflow/.local/lib/python3.7/site-packages/airflow/example_dags/example_xcom.py for tasks to queue
[2023-08-13T20:16:35.180+0000] {logging_mixin.py:150} INFO - [2023-08-13T20:16:35.180+0000] {dagbag.py:541} INFO - Filling up the DagBag from /home/airflow/.local/lib/python3.7/site-packages/airflow/example_dags/example_xcom.py
[2023-08-13T20:16:35.188+0000] {processor.py:836} INFO - DAG(s) dict_keys(['example_xcom']) retrieved from /home/airflow/.local/lib/python3.7/site-packages/airflow/example_dags/example_xcom.py
[2023-08-13T20:16:35.215+0000] {logging_mixin.py:150} INFO - [2023-08-13T20:16:35.214+0000] {dag.py:2742} INFO - Sync 1 DAGs
[2023-08-13T20:16:35.250+0000] {logging_mixin.py:150} INFO - [2023-08-13T20:16:35.250+0000] {dag.py:3508} INFO - Setting next_dagrun for example_xcom to 2021-01-01T00:00:00+00:00, run_after=2021-01-01T00:00:00+00:00
[2023-08-13T20:16:35.282+0000] {processor.py:179} INFO - Processing /home/airflow/.local/lib/python3.7/site-packages/airflow/example_dags/example_xcom.py took 0.108 seconds
[2023-08-13T20:17:05.356+0000] {processor.py:157} INFO - Started process (PID=1475) to work on /home/airflow/.local/lib/python3.7/site-packages/airflow/example_dags/example_xcom.py
[2023-08-13T20:17:05.358+0000] {processor.py:826} INFO - Processing file /home/airflow/.local/lib/python3.7/site-packages/airflow/example_dags/example_xcom.py for tasks to queue
[2023-08-13T20:17:05.359+0000] {logging_mixin.py:150} INFO - [2023-08-13T20:17:05.359+0000] {dagbag.py:541} INFO - Filling up the DagBag from /home/airflow/.local/lib/python3.7/site-packages/airflow/example_dags/example_xcom.py
[2023-08-13T20:17:05.367+0000] {processor.py:836} INFO - DAG(s) dict_keys(['example_xcom']) retrieved from /home/airflow/.local/lib/python3.7/site-packages/airflow/example_dags/example_xcom.py
[2023-08-13T20:17:05.404+0000] {logging_mixin.py:150} INFO - [2023-08-13T20:17:05.403+0000] {dag.py:2742} INFO - Sync 1 DAGs
[2023-08-13T20:17:05.483+0000] {logging_mixin.py:150} INFO - [2023-08-13T20:17:05.482+0000] {dag.py:3508} INFO - Setting next_dagrun for example_xcom to 2021-01-01T00:00:00+00:00, run_after=2021-01-01T00:00:00+00:00
[2023-08-13T20:17:05.514+0000] {processor.py:179} INFO - Processing /home/airflow/.local/lib/python3.7/site-packages/airflow/example_dags/example_xcom.py took 0.162 seconds
[2023-08-13T20:17:35.576+0000] {processor.py:157} INFO - Started process (PID=1541) to work on /home/airflow/.local/lib/python3.7/site-packages/airflow/example_dags/example_xcom.py
[2023-08-13T20:17:35.577+0000] {processor.py:826} INFO - Processing file /home/airflow/.local/lib/python3.7/site-packages/airflow/example_dags/example_xcom.py for tasks to queue
[2023-08-13T20:17:35.578+0000] {logging_mixin.py:150} INFO - [2023-08-13T20:17:35.578+0000] {dagbag.py:541} INFO - Filling up the DagBag from /home/airflow/.local/lib/python3.7/site-packages/airflow/example_dags/example_xcom.py
[2023-08-13T20:17:35.586+0000] {processor.py:836} INFO - DAG(s) dict_keys(['example_xcom']) retrieved from /home/airflow/.local/lib/python3.7/site-packages/airflow/example_dags/example_xcom.py
[2023-08-13T20:17:35.614+0000] {logging_mixin.py:150} INFO - [2023-08-13T20:17:35.614+0000] {dag.py:2742} INFO - Sync 1 DAGs
[2023-08-13T20:17:35.638+0000] {logging_mixin.py:150} INFO - [2023-08-13T20:17:35.638+0000] {dag.py:3508} INFO - Setting next_dagrun for example_xcom to 2021-01-01T00:00:00+00:00, run_after=2021-01-01T00:00:00+00:00
[2023-08-13T20:17:35.658+0000] {processor.py:179} INFO - Processing /home/airflow/.local/lib/python3.7/site-packages/airflow/example_dags/example_xcom.py took 0.085 seconds
[2023-08-13T20:18:06.504+0000] {processor.py:157} INFO - Started process (PID=1608) to work on /home/airflow/.local/lib/python3.7/site-packages/airflow/example_dags/example_xcom.py
[2023-08-13T20:18:06.506+0000] {processor.py:826} INFO - Processing file /home/airflow/.local/lib/python3.7/site-packages/airflow/example_dags/example_xcom.py for tasks to queue
[2023-08-13T20:18:06.507+0000] {logging_mixin.py:150} INFO - [2023-08-13T20:18:06.507+0000] {dagbag.py:541} INFO - Filling up the DagBag from /home/airflow/.local/lib/python3.7/site-packages/airflow/example_dags/example_xcom.py
[2023-08-13T20:18:06.517+0000] {processor.py:836} INFO - DAG(s) dict_keys(['example_xcom']) retrieved from /home/airflow/.local/lib/python3.7/site-packages/airflow/example_dags/example_xcom.py
[2023-08-13T20:18:06.546+0000] {logging_mixin.py:150} INFO - [2023-08-13T20:18:06.546+0000] {dag.py:2742} INFO - Sync 1 DAGs
[2023-08-13T20:18:06.577+0000] {logging_mixin.py:150} INFO - [2023-08-13T20:18:06.576+0000] {dag.py:3508} INFO - Setting next_dagrun for example_xcom to 2021-01-01T00:00:00+00:00, run_after=2021-01-01T00:00:00+00:00
[2023-08-13T20:18:06.603+0000] {processor.py:179} INFO - Processing /home/airflow/.local/lib/python3.7/site-packages/airflow/example_dags/example_xcom.py took 0.103 seconds
[2023-08-13T20:18:36.748+0000] {processor.py:157} INFO - Started process (PID=1675) to work on /home/airflow/.local/lib/python3.7/site-packages/airflow/example_dags/example_xcom.py
[2023-08-13T20:18:36.749+0000] {processor.py:826} INFO - Processing file /home/airflow/.local/lib/python3.7/site-packages/airflow/example_dags/example_xcom.py for tasks to queue
[2023-08-13T20:18:36.750+0000] {logging_mixin.py:150} INFO - [2023-08-13T20:18:36.749+0000] {dagbag.py:541} INFO - Filling up the DagBag from /home/airflow/.local/lib/python3.7/site-packages/airflow/example_dags/example_xcom.py
[2023-08-13T20:18:36.757+0000] {processor.py:836} INFO - DAG(s) dict_keys(['example_xcom']) retrieved from /home/airflow/.local/lib/python3.7/site-packages/airflow/example_dags/example_xcom.py
[2023-08-13T20:18:36.784+0000] {logging_mixin.py:150} INFO - [2023-08-13T20:18:36.784+0000] {dag.py:2742} INFO - Sync 1 DAGs
[2023-08-13T20:18:36.824+0000] {logging_mixin.py:150} INFO - [2023-08-13T20:18:36.824+0000] {dag.py:3508} INFO - Setting next_dagrun for example_xcom to 2021-01-01T00:00:00+00:00, run_after=2021-01-01T00:00:00+00:00
[2023-08-13T20:18:36.854+0000] {processor.py:179} INFO - Processing /home/airflow/.local/lib/python3.7/site-packages/airflow/example_dags/example_xcom.py took 0.110 seconds
[2023-08-13T20:19:07.200+0000] {processor.py:157} INFO - Started process (PID=1741) to work on /home/airflow/.local/lib/python3.7/site-packages/airflow/example_dags/example_xcom.py
[2023-08-13T20:19:07.201+0000] {processor.py:826} INFO - Processing file /home/airflow/.local/lib/python3.7/site-packages/airflow/example_dags/example_xcom.py for tasks to queue
[2023-08-13T20:19:07.203+0000] {logging_mixin.py:150} INFO - [2023-08-13T20:19:07.202+0000] {dagbag.py:541} INFO - Filling up the DagBag from /home/airflow/.local/lib/python3.7/site-packages/airflow/example_dags/example_xcom.py
[2023-08-13T20:19:07.214+0000] {processor.py:836} INFO - DAG(s) dict_keys(['example_xcom']) retrieved from /home/airflow/.local/lib/python3.7/site-packages/airflow/example_dags/example_xcom.py
[2023-08-13T20:19:07.250+0000] {logging_mixin.py:150} INFO - [2023-08-13T20:19:07.250+0000] {dag.py:2742} INFO - Sync 1 DAGs
[2023-08-13T20:19:07.291+0000] {logging_mixin.py:150} INFO - [2023-08-13T20:19:07.291+0000] {dag.py:3508} INFO - Setting next_dagrun for example_xcom to 2021-01-01T00:00:00+00:00, run_after=2021-01-01T00:00:00+00:00
[2023-08-13T20:19:07.325+0000] {processor.py:179} INFO - Processing /home/airflow/.local/lib/python3.7/site-packages/airflow/example_dags/example_xcom.py took 0.129 seconds
[2023-08-13T20:19:37.473+0000] {processor.py:157} INFO - Started process (PID=1807) to work on /home/airflow/.local/lib/python3.7/site-packages/airflow/example_dags/example_xcom.py
[2023-08-13T20:19:37.474+0000] {processor.py:826} INFO - Processing file /home/airflow/.local/lib/python3.7/site-packages/airflow/example_dags/example_xcom.py for tasks to queue
[2023-08-13T20:19:37.475+0000] {logging_mixin.py:150} INFO - [2023-08-13T20:19:37.475+0000] {dagbag.py:541} INFO - Filling up the DagBag from /home/airflow/.local/lib/python3.7/site-packages/airflow/example_dags/example_xcom.py
[2023-08-13T20:19:37.482+0000] {processor.py:836} INFO - DAG(s) dict_keys(['example_xcom']) retrieved from /home/airflow/.local/lib/python3.7/site-packages/airflow/example_dags/example_xcom.py
[2023-08-13T20:19:37.512+0000] {logging_mixin.py:150} INFO - [2023-08-13T20:19:37.512+0000] {dag.py:2742} INFO - Sync 1 DAGs
[2023-08-13T20:19:37.544+0000] {logging_mixin.py:150} INFO - [2023-08-13T20:19:37.543+0000] {dag.py:3508} INFO - Setting next_dagrun for example_xcom to 2021-01-01T00:00:00+00:00, run_after=2021-01-01T00:00:00+00:00
[2023-08-13T20:19:37.571+0000] {processor.py:179} INFO - Processing /home/airflow/.local/lib/python3.7/site-packages/airflow/example_dags/example_xcom.py took 0.101 seconds
[2023-08-13T20:20:07.827+0000] {processor.py:157} INFO - Started process (PID=1873) to work on /home/airflow/.local/lib/python3.7/site-packages/airflow/example_dags/example_xcom.py
[2023-08-13T20:20:07.828+0000] {processor.py:826} INFO - Processing file /home/airflow/.local/lib/python3.7/site-packages/airflow/example_dags/example_xcom.py for tasks to queue
[2023-08-13T20:20:07.829+0000] {logging_mixin.py:150} INFO - [2023-08-13T20:20:07.829+0000] {dagbag.py:541} INFO - Filling up the DagBag from /home/airflow/.local/lib/python3.7/site-packages/airflow/example_dags/example_xcom.py
[2023-08-13T20:20:07.837+0000] {processor.py:836} INFO - DAG(s) dict_keys(['example_xcom']) retrieved from /home/airflow/.local/lib/python3.7/site-packages/airflow/example_dags/example_xcom.py
[2023-08-13T20:20:07.873+0000] {logging_mixin.py:150} INFO - [2023-08-13T20:20:07.873+0000] {dag.py:2742} INFO - Sync 1 DAGs
[2023-08-13T20:20:07.912+0000] {logging_mixin.py:150} INFO - [2023-08-13T20:20:07.912+0000] {dag.py:3508} INFO - Setting next_dagrun for example_xcom to 2021-01-01T00:00:00+00:00, run_after=2021-01-01T00:00:00+00:00
[2023-08-13T20:20:07.937+0000] {processor.py:179} INFO - Processing /home/airflow/.local/lib/python3.7/site-packages/airflow/example_dags/example_xcom.py took 0.114 seconds
[2023-08-13T20:20:38.657+0000] {processor.py:157} INFO - Started process (PID=1939) to work on /home/airflow/.local/lib/python3.7/site-packages/airflow/example_dags/example_xcom.py
[2023-08-13T20:20:38.658+0000] {processor.py:826} INFO - Processing file /home/airflow/.local/lib/python3.7/site-packages/airflow/example_dags/example_xcom.py for tasks to queue
[2023-08-13T20:20:38.660+0000] {logging_mixin.py:150} INFO - [2023-08-13T20:20:38.659+0000] {dagbag.py:541} INFO - Filling up the DagBag from /home/airflow/.local/lib/python3.7/site-packages/airflow/example_dags/example_xcom.py
[2023-08-13T20:20:38.670+0000] {processor.py:836} INFO - DAG(s) dict_keys(['example_xcom']) retrieved from /home/airflow/.local/lib/python3.7/site-packages/airflow/example_dags/example_xcom.py
[2023-08-13T20:20:38.703+0000] {logging_mixin.py:150} INFO - [2023-08-13T20:20:38.702+0000] {dag.py:2742} INFO - Sync 1 DAGs
[2023-08-13T20:20:38.748+0000] {logging_mixin.py:150} INFO - [2023-08-13T20:20:38.748+0000] {dag.py:3508} INFO - Setting next_dagrun for example_xcom to 2021-01-01T00:00:00+00:00, run_after=2021-01-01T00:00:00+00:00
[2023-08-13T20:20:38.778+0000] {processor.py:179} INFO - Processing /home/airflow/.local/lib/python3.7/site-packages/airflow/example_dags/example_xcom.py took 0.124 seconds
[2023-08-13T20:21:09.054+0000] {processor.py:157} INFO - Started process (PID=2005) to work on /home/airflow/.local/lib/python3.7/site-packages/airflow/example_dags/example_xcom.py
[2023-08-13T20:21:09.056+0000] {processor.py:826} INFO - Processing file /home/airflow/.local/lib/python3.7/site-packages/airflow/example_dags/example_xcom.py for tasks to queue
[2023-08-13T20:21:09.057+0000] {logging_mixin.py:150} INFO - [2023-08-13T20:21:09.057+0000] {dagbag.py:541} INFO - Filling up the DagBag from /home/airflow/.local/lib/python3.7/site-packages/airflow/example_dags/example_xcom.py
[2023-08-13T20:21:09.068+0000] {processor.py:836} INFO - DAG(s) dict_keys(['example_xcom']) retrieved from /home/airflow/.local/lib/python3.7/site-packages/airflow/example_dags/example_xcom.py
[2023-08-13T20:21:09.102+0000] {logging_mixin.py:150} INFO - [2023-08-13T20:21:09.102+0000] {dag.py:2742} INFO - Sync 1 DAGs
[2023-08-13T20:21:09.141+0000] {logging_mixin.py:150} INFO - [2023-08-13T20:21:09.141+0000] {dag.py:3508} INFO - Setting next_dagrun for example_xcom to 2021-01-01T00:00:00+00:00, run_after=2021-01-01T00:00:00+00:00
[2023-08-13T20:21:09.166+0000] {processor.py:179} INFO - Processing /home/airflow/.local/lib/python3.7/site-packages/airflow/example_dags/example_xcom.py took 0.115 seconds
[2023-08-13T20:21:39.286+0000] {processor.py:157} INFO - Started process (PID=2071) to work on /home/airflow/.local/lib/python3.7/site-packages/airflow/example_dags/example_xcom.py
[2023-08-13T20:21:39.287+0000] {processor.py:826} INFO - Processing file /home/airflow/.local/lib/python3.7/site-packages/airflow/example_dags/example_xcom.py for tasks to queue
[2023-08-13T20:21:39.288+0000] {logging_mixin.py:150} INFO - [2023-08-13T20:21:39.288+0000] {dagbag.py:541} INFO - Filling up the DagBag from /home/airflow/.local/lib/python3.7/site-packages/airflow/example_dags/example_xcom.py
[2023-08-13T20:21:39.297+0000] {processor.py:836} INFO - DAG(s) dict_keys(['example_xcom']) retrieved from /home/airflow/.local/lib/python3.7/site-packages/airflow/example_dags/example_xcom.py
[2023-08-13T20:21:39.331+0000] {logging_mixin.py:150} INFO - [2023-08-13T20:21:39.331+0000] {dag.py:2742} INFO - Sync 1 DAGs
[2023-08-13T20:21:39.376+0000] {logging_mixin.py:150} INFO - [2023-08-13T20:21:39.376+0000] {dag.py:3508} INFO - Setting next_dagrun for example_xcom to 2021-01-01T00:00:00+00:00, run_after=2021-01-01T00:00:00+00:00
[2023-08-13T20:21:39.409+0000] {processor.py:179} INFO - Processing /home/airflow/.local/lib/python3.7/site-packages/airflow/example_dags/example_xcom.py took 0.127 seconds
[2023-08-13T20:22:09.894+0000] {processor.py:157} INFO - Started process (PID=2137) to work on /home/airflow/.local/lib/python3.7/site-packages/airflow/example_dags/example_xcom.py
[2023-08-13T20:22:09.895+0000] {processor.py:826} INFO - Processing file /home/airflow/.local/lib/python3.7/site-packages/airflow/example_dags/example_xcom.py for tasks to queue
[2023-08-13T20:22:09.897+0000] {logging_mixin.py:150} INFO - [2023-08-13T20:22:09.896+0000] {dagbag.py:541} INFO - Filling up the DagBag from /home/airflow/.local/lib/python3.7/site-packages/airflow/example_dags/example_xcom.py
[2023-08-13T20:22:09.908+0000] {processor.py:836} INFO - DAG(s) dict_keys(['example_xcom']) retrieved from /home/airflow/.local/lib/python3.7/site-packages/airflow/example_dags/example_xcom.py
[2023-08-13T20:22:09.942+0000] {logging_mixin.py:150} INFO - [2023-08-13T20:22:09.941+0000] {dag.py:2742} INFO - Sync 1 DAGs
[2023-08-13T20:22:09.974+0000] {logging_mixin.py:150} INFO - [2023-08-13T20:22:09.973+0000] {dag.py:3508} INFO - Setting next_dagrun for example_xcom to 2021-01-01T00:00:00+00:00, run_after=2021-01-01T00:00:00+00:00
[2023-08-13T20:22:09.999+0000] {processor.py:179} INFO - Processing /home/airflow/.local/lib/python3.7/site-packages/airflow/example_dags/example_xcom.py took 0.109 seconds
[2023-08-13T20:22:40.736+0000] {processor.py:157} INFO - Started process (PID=2204) to work on /home/airflow/.local/lib/python3.7/site-packages/airflow/example_dags/example_xcom.py
[2023-08-13T20:22:40.738+0000] {processor.py:826} INFO - Processing file /home/airflow/.local/lib/python3.7/site-packages/airflow/example_dags/example_xcom.py for tasks to queue
[2023-08-13T20:22:40.739+0000] {logging_mixin.py:150} INFO - [2023-08-13T20:22:40.739+0000] {dagbag.py:541} INFO - Filling up the DagBag from /home/airflow/.local/lib/python3.7/site-packages/airflow/example_dags/example_xcom.py
[2023-08-13T20:22:40.749+0000] {processor.py:836} INFO - DAG(s) dict_keys(['example_xcom']) retrieved from /home/airflow/.local/lib/python3.7/site-packages/airflow/example_dags/example_xcom.py
[2023-08-13T20:22:40.782+0000] {logging_mixin.py:150} INFO - [2023-08-13T20:22:40.782+0000] {dag.py:2742} INFO - Sync 1 DAGs
[2023-08-13T20:22:40.821+0000] {logging_mixin.py:150} INFO - [2023-08-13T20:22:40.821+0000] {dag.py:3508} INFO - Setting next_dagrun for example_xcom to 2021-01-01T00:00:00+00:00, run_after=2021-01-01T00:00:00+00:00
[2023-08-13T20:22:40.845+0000] {processor.py:179} INFO - Processing /home/airflow/.local/lib/python3.7/site-packages/airflow/example_dags/example_xcom.py took 0.111 seconds
[2023-08-13T20:23:11.089+0000] {processor.py:157} INFO - Started process (PID=2270) to work on /home/airflow/.local/lib/python3.7/site-packages/airflow/example_dags/example_xcom.py
[2023-08-13T20:23:11.091+0000] {processor.py:826} INFO - Processing file /home/airflow/.local/lib/python3.7/site-packages/airflow/example_dags/example_xcom.py for tasks to queue
[2023-08-13T20:23:11.092+0000] {logging_mixin.py:150} INFO - [2023-08-13T20:23:11.092+0000] {dagbag.py:541} INFO - Filling up the DagBag from /home/airflow/.local/lib/python3.7/site-packages/airflow/example_dags/example_xcom.py
[2023-08-13T20:23:11.104+0000] {processor.py:836} INFO - DAG(s) dict_keys(['example_xcom']) retrieved from /home/airflow/.local/lib/python3.7/site-packages/airflow/example_dags/example_xcom.py
[2023-08-13T20:23:11.156+0000] {logging_mixin.py:150} INFO - [2023-08-13T20:23:11.155+0000] {dag.py:2742} INFO - Sync 1 DAGs
[2023-08-13T20:23:11.209+0000] {logging_mixin.py:150} INFO - [2023-08-13T20:23:11.209+0000] {dag.py:3508} INFO - Setting next_dagrun for example_xcom to 2021-01-01T00:00:00+00:00, run_after=2021-01-01T00:00:00+00:00
[2023-08-13T20:23:11.247+0000] {processor.py:179} INFO - Processing /home/airflow/.local/lib/python3.7/site-packages/airflow/example_dags/example_xcom.py took 0.162 seconds
