[2023-08-13T18:41:10.677+0000] {processor.py:157} INFO - Started process (PID=52) to work on /home/airflow/.local/lib/python3.7/site-packages/airflow/example_dags/example_short_circuit_decorator.py
[2023-08-13T18:41:10.678+0000] {processor.py:826} INFO - Processing file /home/airflow/.local/lib/python3.7/site-packages/airflow/example_dags/example_short_circuit_decorator.py for tasks to queue
[2023-08-13T18:41:10.680+0000] {logging_mixin.py:150} INFO - [2023-08-13T18:41:10.680+0000] {dagbag.py:541} INFO - Filling up the DagBag from /home/airflow/.local/lib/python3.7/site-packages/airflow/example_dags/example_short_circuit_decorator.py
[2023-08-13T18:41:10.704+0000] {processor.py:836} INFO - DAG(s) dict_keys(['example_short_circuit_decorator']) retrieved from /home/airflow/.local/lib/python3.7/site-packages/airflow/example_dags/example_short_circuit_decorator.py
[2023-08-13T18:41:10.723+0000] {logging_mixin.py:150} INFO - [2023-08-13T18:41:10.722+0000] {dag.py:2742} INFO - Sync 1 DAGs
[2023-08-13T18:41:10.782+0000] {logging_mixin.py:150} INFO - [2023-08-13T18:41:10.781+0000] {dag.py:3508} INFO - Setting next_dagrun for example_short_circuit_decorator to 2023-08-12T18:41:10.781265+00:00, run_after=2023-08-13T18:41:10.781265+00:00
[2023-08-13T18:41:10.838+0000] {processor.py:179} INFO - Processing /home/airflow/.local/lib/python3.7/site-packages/airflow/example_dags/example_short_circuit_decorator.py took 0.165 seconds
[2023-08-13T18:41:41.759+0000] {processor.py:157} INFO - Started process (PID=117) to work on /home/airflow/.local/lib/python3.7/site-packages/airflow/example_dags/example_short_circuit_decorator.py
[2023-08-13T18:41:41.760+0000] {processor.py:826} INFO - Processing file /home/airflow/.local/lib/python3.7/site-packages/airflow/example_dags/example_short_circuit_decorator.py for tasks to queue
[2023-08-13T18:41:41.761+0000] {logging_mixin.py:150} INFO - [2023-08-13T18:41:41.760+0000] {dagbag.py:541} INFO - Filling up the DagBag from /home/airflow/.local/lib/python3.7/site-packages/airflow/example_dags/example_short_circuit_decorator.py
[2023-08-13T18:41:41.771+0000] {processor.py:836} INFO - DAG(s) dict_keys(['example_short_circuit_decorator']) retrieved from /home/airflow/.local/lib/python3.7/site-packages/airflow/example_dags/example_short_circuit_decorator.py
[2023-08-13T18:41:41.799+0000] {logging_mixin.py:150} INFO - [2023-08-13T18:41:41.799+0000] {dag.py:2742} INFO - Sync 1 DAGs
[2023-08-13T18:41:41.824+0000] {logging_mixin.py:150} INFO - [2023-08-13T18:41:41.824+0000] {dag.py:3508} INFO - Setting next_dagrun for example_short_circuit_decorator to 2023-08-12T18:41:41.824187+00:00, run_after=2023-08-13T18:41:41.824187+00:00
[2023-08-13T18:41:41.847+0000] {processor.py:179} INFO - Processing /home/airflow/.local/lib/python3.7/site-packages/airflow/example_dags/example_short_circuit_decorator.py took 0.091 seconds
[2023-08-13T18:42:12.260+0000] {processor.py:157} INFO - Started process (PID=182) to work on /home/airflow/.local/lib/python3.7/site-packages/airflow/example_dags/example_short_circuit_decorator.py
[2023-08-13T18:42:12.261+0000] {processor.py:826} INFO - Processing file /home/airflow/.local/lib/python3.7/site-packages/airflow/example_dags/example_short_circuit_decorator.py for tasks to queue
[2023-08-13T18:42:12.263+0000] {logging_mixin.py:150} INFO - [2023-08-13T18:42:12.262+0000] {dagbag.py:541} INFO - Filling up the DagBag from /home/airflow/.local/lib/python3.7/site-packages/airflow/example_dags/example_short_circuit_decorator.py
[2023-08-13T18:42:12.275+0000] {processor.py:836} INFO - DAG(s) dict_keys(['example_short_circuit_decorator']) retrieved from /home/airflow/.local/lib/python3.7/site-packages/airflow/example_dags/example_short_circuit_decorator.py
[2023-08-13T18:42:12.316+0000] {logging_mixin.py:150} INFO - [2023-08-13T18:42:12.316+0000] {dag.py:2742} INFO - Sync 1 DAGs
[2023-08-13T18:42:12.349+0000] {logging_mixin.py:150} INFO - [2023-08-13T18:42:12.348+0000] {dag.py:3508} INFO - Setting next_dagrun for example_short_circuit_decorator to 2023-08-12T18:42:12.348190+00:00, run_after=2023-08-13T18:42:12.348190+00:00
[2023-08-13T18:42:12.394+0000] {processor.py:179} INFO - Processing /home/airflow/.local/lib/python3.7/site-packages/airflow/example_dags/example_short_circuit_decorator.py took 0.137 seconds
[2023-08-13T18:42:42.614+0000] {processor.py:157} INFO - Started process (PID=247) to work on /home/airflow/.local/lib/python3.7/site-packages/airflow/example_dags/example_short_circuit_decorator.py
[2023-08-13T18:42:42.616+0000] {processor.py:826} INFO - Processing file /home/airflow/.local/lib/python3.7/site-packages/airflow/example_dags/example_short_circuit_decorator.py for tasks to queue
[2023-08-13T18:42:42.617+0000] {logging_mixin.py:150} INFO - [2023-08-13T18:42:42.617+0000] {dagbag.py:541} INFO - Filling up the DagBag from /home/airflow/.local/lib/python3.7/site-packages/airflow/example_dags/example_short_circuit_decorator.py
[2023-08-13T18:42:42.626+0000] {processor.py:836} INFO - DAG(s) dict_keys(['example_short_circuit_decorator']) retrieved from /home/airflow/.local/lib/python3.7/site-packages/airflow/example_dags/example_short_circuit_decorator.py
[2023-08-13T18:42:42.651+0000] {logging_mixin.py:150} INFO - [2023-08-13T18:42:42.651+0000] {dag.py:2742} INFO - Sync 1 DAGs
[2023-08-13T18:42:42.675+0000] {logging_mixin.py:150} INFO - [2023-08-13T18:42:42.675+0000] {dag.py:3508} INFO - Setting next_dagrun for example_short_circuit_decorator to 2023-08-12T18:42:42.675361+00:00, run_after=2023-08-13T18:42:42.675361+00:00
[2023-08-13T18:42:42.700+0000] {processor.py:179} INFO - Processing /home/airflow/.local/lib/python3.7/site-packages/airflow/example_dags/example_short_circuit_decorator.py took 0.088 seconds
[2023-08-13T18:43:13.788+0000] {processor.py:157} INFO - Started process (PID=312) to work on /home/airflow/.local/lib/python3.7/site-packages/airflow/example_dags/example_short_circuit_decorator.py
[2023-08-13T18:43:13.790+0000] {processor.py:826} INFO - Processing file /home/airflow/.local/lib/python3.7/site-packages/airflow/example_dags/example_short_circuit_decorator.py for tasks to queue
[2023-08-13T18:43:13.792+0000] {logging_mixin.py:150} INFO - [2023-08-13T18:43:13.791+0000] {dagbag.py:541} INFO - Filling up the DagBag from /home/airflow/.local/lib/python3.7/site-packages/airflow/example_dags/example_short_circuit_decorator.py
[2023-08-13T18:43:13.819+0000] {processor.py:836} INFO - DAG(s) dict_keys(['example_short_circuit_decorator']) retrieved from /home/airflow/.local/lib/python3.7/site-packages/airflow/example_dags/example_short_circuit_decorator.py
[2023-08-13T18:43:13.889+0000] {logging_mixin.py:150} INFO - [2023-08-13T18:43:13.888+0000] {dag.py:2742} INFO - Sync 1 DAGs
[2023-08-13T18:43:13.964+0000] {logging_mixin.py:150} INFO - [2023-08-13T18:43:13.963+0000] {dag.py:3508} INFO - Setting next_dagrun for example_short_circuit_decorator to 2023-08-12T18:43:13.963397+00:00, run_after=2023-08-13T18:43:13.963397+00:00
[2023-08-13T18:43:14.035+0000] {processor.py:179} INFO - Processing /home/airflow/.local/lib/python3.7/site-packages/airflow/example_dags/example_short_circuit_decorator.py took 0.254 seconds
[2023-08-13T18:43:44.851+0000] {processor.py:157} INFO - Started process (PID=377) to work on /home/airflow/.local/lib/python3.7/site-packages/airflow/example_dags/example_short_circuit_decorator.py
[2023-08-13T18:43:44.853+0000] {processor.py:826} INFO - Processing file /home/airflow/.local/lib/python3.7/site-packages/airflow/example_dags/example_short_circuit_decorator.py for tasks to queue
[2023-08-13T18:43:44.854+0000] {logging_mixin.py:150} INFO - [2023-08-13T18:43:44.854+0000] {dagbag.py:541} INFO - Filling up the DagBag from /home/airflow/.local/lib/python3.7/site-packages/airflow/example_dags/example_short_circuit_decorator.py
[2023-08-13T18:43:44.870+0000] {processor.py:836} INFO - DAG(s) dict_keys(['example_short_circuit_decorator']) retrieved from /home/airflow/.local/lib/python3.7/site-packages/airflow/example_dags/example_short_circuit_decorator.py
[2023-08-13T18:43:44.912+0000] {logging_mixin.py:150} INFO - [2023-08-13T18:43:44.912+0000] {dag.py:2742} INFO - Sync 1 DAGs
[2023-08-13T18:43:44.962+0000] {logging_mixin.py:150} INFO - [2023-08-13T18:43:44.962+0000] {dag.py:3508} INFO - Setting next_dagrun for example_short_circuit_decorator to 2023-08-12T18:43:44.961698+00:00, run_after=2023-08-13T18:43:44.961698+00:00
[2023-08-13T18:43:45.001+0000] {processor.py:179} INFO - Processing /home/airflow/.local/lib/python3.7/site-packages/airflow/example_dags/example_short_circuit_decorator.py took 0.154 seconds
[2023-08-13T18:44:15.904+0000] {processor.py:157} INFO - Started process (PID=442) to work on /home/airflow/.local/lib/python3.7/site-packages/airflow/example_dags/example_short_circuit_decorator.py
[2023-08-13T18:44:15.905+0000] {processor.py:826} INFO - Processing file /home/airflow/.local/lib/python3.7/site-packages/airflow/example_dags/example_short_circuit_decorator.py for tasks to queue
[2023-08-13T18:44:15.906+0000] {logging_mixin.py:150} INFO - [2023-08-13T18:44:15.906+0000] {dagbag.py:541} INFO - Filling up the DagBag from /home/airflow/.local/lib/python3.7/site-packages/airflow/example_dags/example_short_circuit_decorator.py
[2023-08-13T18:44:15.917+0000] {processor.py:836} INFO - DAG(s) dict_keys(['example_short_circuit_decorator']) retrieved from /home/airflow/.local/lib/python3.7/site-packages/airflow/example_dags/example_short_circuit_decorator.py
[2023-08-13T18:44:15.953+0000] {logging_mixin.py:150} INFO - [2023-08-13T18:44:15.952+0000] {dag.py:2742} INFO - Sync 1 DAGs
[2023-08-13T18:44:15.997+0000] {logging_mixin.py:150} INFO - [2023-08-13T18:44:15.997+0000] {dag.py:3508} INFO - Setting next_dagrun for example_short_circuit_decorator to 2023-08-12T18:44:15.997380+00:00, run_after=2023-08-13T18:44:15.997380+00:00
[2023-08-13T18:44:16.034+0000] {processor.py:179} INFO - Processing /home/airflow/.local/lib/python3.7/site-packages/airflow/example_dags/example_short_circuit_decorator.py took 0.133 seconds
[2023-08-13T18:44:46.165+0000] {processor.py:157} INFO - Started process (PID=506) to work on /home/airflow/.local/lib/python3.7/site-packages/airflow/example_dags/example_short_circuit_decorator.py
[2023-08-13T18:44:46.167+0000] {processor.py:826} INFO - Processing file /home/airflow/.local/lib/python3.7/site-packages/airflow/example_dags/example_short_circuit_decorator.py for tasks to queue
[2023-08-13T18:44:46.169+0000] {logging_mixin.py:150} INFO - [2023-08-13T18:44:46.169+0000] {dagbag.py:541} INFO - Filling up the DagBag from /home/airflow/.local/lib/python3.7/site-packages/airflow/example_dags/example_short_circuit_decorator.py
[2023-08-13T18:44:46.189+0000] {processor.py:836} INFO - DAG(s) dict_keys(['example_short_circuit_decorator']) retrieved from /home/airflow/.local/lib/python3.7/site-packages/airflow/example_dags/example_short_circuit_decorator.py
[2023-08-13T18:44:46.235+0000] {logging_mixin.py:150} INFO - [2023-08-13T18:44:46.234+0000] {dag.py:2742} INFO - Sync 1 DAGs
[2023-08-13T18:44:46.278+0000] {logging_mixin.py:150} INFO - [2023-08-13T18:44:46.278+0000] {dag.py:3508} INFO - Setting next_dagrun for example_short_circuit_decorator to 2023-08-12T18:44:46.278117+00:00, run_after=2023-08-13T18:44:46.278117+00:00
[2023-08-13T18:44:46.320+0000] {processor.py:179} INFO - Processing /home/airflow/.local/lib/python3.7/site-packages/airflow/example_dags/example_short_circuit_decorator.py took 0.159 seconds
[2023-08-13T18:45:16.925+0000] {processor.py:157} INFO - Started process (PID=571) to work on /home/airflow/.local/lib/python3.7/site-packages/airflow/example_dags/example_short_circuit_decorator.py
[2023-08-13T18:45:16.927+0000] {processor.py:826} INFO - Processing file /home/airflow/.local/lib/python3.7/site-packages/airflow/example_dags/example_short_circuit_decorator.py for tasks to queue
[2023-08-13T18:45:16.928+0000] {logging_mixin.py:150} INFO - [2023-08-13T18:45:16.927+0000] {dagbag.py:541} INFO - Filling up the DagBag from /home/airflow/.local/lib/python3.7/site-packages/airflow/example_dags/example_short_circuit_decorator.py
[2023-08-13T18:45:16.941+0000] {processor.py:836} INFO - DAG(s) dict_keys(['example_short_circuit_decorator']) retrieved from /home/airflow/.local/lib/python3.7/site-packages/airflow/example_dags/example_short_circuit_decorator.py
[2023-08-13T18:45:16.982+0000] {logging_mixin.py:150} INFO - [2023-08-13T18:45:16.982+0000] {dag.py:2742} INFO - Sync 1 DAGs
[2023-08-13T18:45:17.028+0000] {logging_mixin.py:150} INFO - [2023-08-13T18:45:17.028+0000] {dag.py:3508} INFO - Setting next_dagrun for example_short_circuit_decorator to 2023-08-12T18:45:17.027132+00:00, run_after=2023-08-13T18:45:17.027132+00:00
[2023-08-13T18:45:17.064+0000] {processor.py:179} INFO - Processing /home/airflow/.local/lib/python3.7/site-packages/airflow/example_dags/example_short_circuit_decorator.py took 0.144 seconds
[2023-08-13T18:45:47.125+0000] {processor.py:157} INFO - Started process (PID=636) to work on /home/airflow/.local/lib/python3.7/site-packages/airflow/example_dags/example_short_circuit_decorator.py
[2023-08-13T18:45:47.126+0000] {processor.py:826} INFO - Processing file /home/airflow/.local/lib/python3.7/site-packages/airflow/example_dags/example_short_circuit_decorator.py for tasks to queue
[2023-08-13T18:45:47.127+0000] {logging_mixin.py:150} INFO - [2023-08-13T18:45:47.127+0000] {dagbag.py:541} INFO - Filling up the DagBag from /home/airflow/.local/lib/python3.7/site-packages/airflow/example_dags/example_short_circuit_decorator.py
[2023-08-13T18:45:47.140+0000] {processor.py:836} INFO - DAG(s) dict_keys(['example_short_circuit_decorator']) retrieved from /home/airflow/.local/lib/python3.7/site-packages/airflow/example_dags/example_short_circuit_decorator.py
[2023-08-13T18:45:47.175+0000] {logging_mixin.py:150} INFO - [2023-08-13T18:45:47.174+0000] {dag.py:2742} INFO - Sync 1 DAGs
[2023-08-13T18:45:47.210+0000] {logging_mixin.py:150} INFO - [2023-08-13T18:45:47.209+0000] {dag.py:3508} INFO - Setting next_dagrun for example_short_circuit_decorator to 2023-08-12T18:45:47.209687+00:00, run_after=2023-08-13T18:45:47.209687+00:00
[2023-08-13T18:45:47.235+0000] {processor.py:179} INFO - Processing /home/airflow/.local/lib/python3.7/site-packages/airflow/example_dags/example_short_circuit_decorator.py took 0.112 seconds
[2023-08-13T18:46:17.300+0000] {processor.py:157} INFO - Started process (PID=701) to work on /home/airflow/.local/lib/python3.7/site-packages/airflow/example_dags/example_short_circuit_decorator.py
[2023-08-13T18:46:17.302+0000] {processor.py:826} INFO - Processing file /home/airflow/.local/lib/python3.7/site-packages/airflow/example_dags/example_short_circuit_decorator.py for tasks to queue
[2023-08-13T18:46:17.303+0000] {logging_mixin.py:150} INFO - [2023-08-13T18:46:17.302+0000] {dagbag.py:541} INFO - Filling up the DagBag from /home/airflow/.local/lib/python3.7/site-packages/airflow/example_dags/example_short_circuit_decorator.py
[2023-08-13T18:46:17.314+0000] {processor.py:836} INFO - DAG(s) dict_keys(['example_short_circuit_decorator']) retrieved from /home/airflow/.local/lib/python3.7/site-packages/airflow/example_dags/example_short_circuit_decorator.py
[2023-08-13T18:46:17.343+0000] {logging_mixin.py:150} INFO - [2023-08-13T18:46:17.343+0000] {dag.py:2742} INFO - Sync 1 DAGs
[2023-08-13T18:46:17.377+0000] {logging_mixin.py:150} INFO - [2023-08-13T18:46:17.376+0000] {dag.py:3508} INFO - Setting next_dagrun for example_short_circuit_decorator to 2023-08-12T18:46:17.376505+00:00, run_after=2023-08-13T18:46:17.376505+00:00
[2023-08-13T18:46:17.400+0000] {processor.py:179} INFO - Processing /home/airflow/.local/lib/python3.7/site-packages/airflow/example_dags/example_short_circuit_decorator.py took 0.102 seconds
[2023-08-13T18:46:47.787+0000] {processor.py:157} INFO - Started process (PID=766) to work on /home/airflow/.local/lib/python3.7/site-packages/airflow/example_dags/example_short_circuit_decorator.py
[2023-08-13T18:46:47.788+0000] {processor.py:826} INFO - Processing file /home/airflow/.local/lib/python3.7/site-packages/airflow/example_dags/example_short_circuit_decorator.py for tasks to queue
[2023-08-13T18:46:47.789+0000] {logging_mixin.py:150} INFO - [2023-08-13T18:46:47.789+0000] {dagbag.py:541} INFO - Filling up the DagBag from /home/airflow/.local/lib/python3.7/site-packages/airflow/example_dags/example_short_circuit_decorator.py
[2023-08-13T18:46:47.799+0000] {processor.py:836} INFO - DAG(s) dict_keys(['example_short_circuit_decorator']) retrieved from /home/airflow/.local/lib/python3.7/site-packages/airflow/example_dags/example_short_circuit_decorator.py
[2023-08-13T18:46:47.830+0000] {logging_mixin.py:150} INFO - [2023-08-13T18:46:47.829+0000] {dag.py:2742} INFO - Sync 1 DAGs
[2023-08-13T18:46:47.861+0000] {logging_mixin.py:150} INFO - [2023-08-13T18:46:47.861+0000] {dag.py:3508} INFO - Setting next_dagrun for example_short_circuit_decorator to 2023-08-12T18:46:47.861338+00:00, run_after=2023-08-13T18:46:47.861338+00:00
[2023-08-13T18:46:47.884+0000] {processor.py:179} INFO - Processing /home/airflow/.local/lib/python3.7/site-packages/airflow/example_dags/example_short_circuit_decorator.py took 0.100 seconds
[2023-08-13T18:47:18.771+0000] {processor.py:157} INFO - Started process (PID=831) to work on /home/airflow/.local/lib/python3.7/site-packages/airflow/example_dags/example_short_circuit_decorator.py
[2023-08-13T18:47:18.772+0000] {processor.py:826} INFO - Processing file /home/airflow/.local/lib/python3.7/site-packages/airflow/example_dags/example_short_circuit_decorator.py for tasks to queue
[2023-08-13T18:47:18.773+0000] {logging_mixin.py:150} INFO - [2023-08-13T18:47:18.773+0000] {dagbag.py:541} INFO - Filling up the DagBag from /home/airflow/.local/lib/python3.7/site-packages/airflow/example_dags/example_short_circuit_decorator.py
[2023-08-13T18:47:18.785+0000] {processor.py:836} INFO - DAG(s) dict_keys(['example_short_circuit_decorator']) retrieved from /home/airflow/.local/lib/python3.7/site-packages/airflow/example_dags/example_short_circuit_decorator.py
[2023-08-13T18:47:18.815+0000] {logging_mixin.py:150} INFO - [2023-08-13T18:47:18.815+0000] {dag.py:2742} INFO - Sync 1 DAGs
[2023-08-13T18:47:18.850+0000] {logging_mixin.py:150} INFO - [2023-08-13T18:47:18.850+0000] {dag.py:3508} INFO - Setting next_dagrun for example_short_circuit_decorator to 2023-08-12T18:47:18.850054+00:00, run_after=2023-08-13T18:47:18.850054+00:00
[2023-08-13T18:47:18.880+0000] {processor.py:179} INFO - Processing /home/airflow/.local/lib/python3.7/site-packages/airflow/example_dags/example_short_circuit_decorator.py took 0.113 seconds
[2023-08-13T18:47:49.264+0000] {processor.py:157} INFO - Started process (PID=896) to work on /home/airflow/.local/lib/python3.7/site-packages/airflow/example_dags/example_short_circuit_decorator.py
[2023-08-13T18:47:49.265+0000] {processor.py:826} INFO - Processing file /home/airflow/.local/lib/python3.7/site-packages/airflow/example_dags/example_short_circuit_decorator.py for tasks to queue
[2023-08-13T18:47:49.266+0000] {logging_mixin.py:150} INFO - [2023-08-13T18:47:49.266+0000] {dagbag.py:541} INFO - Filling up the DagBag from /home/airflow/.local/lib/python3.7/site-packages/airflow/example_dags/example_short_circuit_decorator.py
[2023-08-13T18:47:49.275+0000] {processor.py:836} INFO - DAG(s) dict_keys(['example_short_circuit_decorator']) retrieved from /home/airflow/.local/lib/python3.7/site-packages/airflow/example_dags/example_short_circuit_decorator.py
[2023-08-13T18:47:49.303+0000] {logging_mixin.py:150} INFO - [2023-08-13T18:47:49.303+0000] {dag.py:2742} INFO - Sync 1 DAGs
[2023-08-13T18:47:49.333+0000] {logging_mixin.py:150} INFO - [2023-08-13T18:47:49.333+0000] {dag.py:3508} INFO - Setting next_dagrun for example_short_circuit_decorator to 2023-08-12T18:47:49.333096+00:00, run_after=2023-08-13T18:47:49.333096+00:00
[2023-08-13T18:47:49.355+0000] {processor.py:179} INFO - Processing /home/airflow/.local/lib/python3.7/site-packages/airflow/example_dags/example_short_circuit_decorator.py took 0.094 seconds
[2023-08-13T18:48:19.522+0000] {processor.py:157} INFO - Started process (PID=961) to work on /home/airflow/.local/lib/python3.7/site-packages/airflow/example_dags/example_short_circuit_decorator.py
[2023-08-13T18:48:19.524+0000] {processor.py:826} INFO - Processing file /home/airflow/.local/lib/python3.7/site-packages/airflow/example_dags/example_short_circuit_decorator.py for tasks to queue
[2023-08-13T18:48:19.525+0000] {logging_mixin.py:150} INFO - [2023-08-13T18:48:19.525+0000] {dagbag.py:541} INFO - Filling up the DagBag from /home/airflow/.local/lib/python3.7/site-packages/airflow/example_dags/example_short_circuit_decorator.py
[2023-08-13T18:48:19.540+0000] {processor.py:836} INFO - DAG(s) dict_keys(['example_short_circuit_decorator']) retrieved from /home/airflow/.local/lib/python3.7/site-packages/airflow/example_dags/example_short_circuit_decorator.py
[2023-08-13T18:48:19.577+0000] {logging_mixin.py:150} INFO - [2023-08-13T18:48:19.577+0000] {dag.py:2742} INFO - Sync 1 DAGs
[2023-08-13T18:48:19.616+0000] {logging_mixin.py:150} INFO - [2023-08-13T18:48:19.615+0000] {dag.py:3508} INFO - Setting next_dagrun for example_short_circuit_decorator to 2023-08-12T18:48:19.615344+00:00, run_after=2023-08-13T18:48:19.615344+00:00
[2023-08-13T18:48:19.642+0000] {processor.py:179} INFO - Processing /home/airflow/.local/lib/python3.7/site-packages/airflow/example_dags/example_short_circuit_decorator.py took 0.123 seconds
[2023-08-13T18:48:50.237+0000] {processor.py:157} INFO - Started process (PID=1026) to work on /home/airflow/.local/lib/python3.7/site-packages/airflow/example_dags/example_short_circuit_decorator.py
[2023-08-13T18:48:50.239+0000] {processor.py:826} INFO - Processing file /home/airflow/.local/lib/python3.7/site-packages/airflow/example_dags/example_short_circuit_decorator.py for tasks to queue
[2023-08-13T18:48:50.240+0000] {logging_mixin.py:150} INFO - [2023-08-13T18:48:50.239+0000] {dagbag.py:541} INFO - Filling up the DagBag from /home/airflow/.local/lib/python3.7/site-packages/airflow/example_dags/example_short_circuit_decorator.py
[2023-08-13T18:48:50.248+0000] {processor.py:836} INFO - DAG(s) dict_keys(['example_short_circuit_decorator']) retrieved from /home/airflow/.local/lib/python3.7/site-packages/airflow/example_dags/example_short_circuit_decorator.py
[2023-08-13T18:48:50.278+0000] {logging_mixin.py:150} INFO - [2023-08-13T18:48:50.278+0000] {dag.py:2742} INFO - Sync 1 DAGs
[2023-08-13T18:48:50.309+0000] {logging_mixin.py:150} INFO - [2023-08-13T18:48:50.308+0000] {dag.py:3508} INFO - Setting next_dagrun for example_short_circuit_decorator to 2023-08-12T18:48:50.308662+00:00, run_after=2023-08-13T18:48:50.308662+00:00
[2023-08-13T18:48:50.330+0000] {processor.py:179} INFO - Processing /home/airflow/.local/lib/python3.7/site-packages/airflow/example_dags/example_short_circuit_decorator.py took 0.096 seconds
[2023-08-13T18:49:20.722+0000] {processor.py:157} INFO - Started process (PID=1091) to work on /home/airflow/.local/lib/python3.7/site-packages/airflow/example_dags/example_short_circuit_decorator.py
[2023-08-13T18:49:20.723+0000] {processor.py:826} INFO - Processing file /home/airflow/.local/lib/python3.7/site-packages/airflow/example_dags/example_short_circuit_decorator.py for tasks to queue
[2023-08-13T18:49:20.725+0000] {logging_mixin.py:150} INFO - [2023-08-13T18:49:20.724+0000] {dagbag.py:541} INFO - Filling up the DagBag from /home/airflow/.local/lib/python3.7/site-packages/airflow/example_dags/example_short_circuit_decorator.py
[2023-08-13T18:49:20.734+0000] {processor.py:836} INFO - DAG(s) dict_keys(['example_short_circuit_decorator']) retrieved from /home/airflow/.local/lib/python3.7/site-packages/airflow/example_dags/example_short_circuit_decorator.py
[2023-08-13T18:49:20.764+0000] {logging_mixin.py:150} INFO - [2023-08-13T18:49:20.763+0000] {dag.py:2742} INFO - Sync 1 DAGs
[2023-08-13T18:49:20.795+0000] {logging_mixin.py:150} INFO - [2023-08-13T18:49:20.795+0000] {dag.py:3508} INFO - Setting next_dagrun for example_short_circuit_decorator to 2023-08-12T18:49:20.795388+00:00, run_after=2023-08-13T18:49:20.795388+00:00
[2023-08-13T18:49:20.817+0000] {processor.py:179} INFO - Processing /home/airflow/.local/lib/python3.7/site-packages/airflow/example_dags/example_short_circuit_decorator.py took 0.099 seconds
[2023-08-13T18:49:51.401+0000] {processor.py:157} INFO - Started process (PID=1156) to work on /home/airflow/.local/lib/python3.7/site-packages/airflow/example_dags/example_short_circuit_decorator.py
[2023-08-13T18:49:51.403+0000] {processor.py:826} INFO - Processing file /home/airflow/.local/lib/python3.7/site-packages/airflow/example_dags/example_short_circuit_decorator.py for tasks to queue
[2023-08-13T18:49:51.406+0000] {logging_mixin.py:150} INFO - [2023-08-13T18:49:51.406+0000] {dagbag.py:541} INFO - Filling up the DagBag from /home/airflow/.local/lib/python3.7/site-packages/airflow/example_dags/example_short_circuit_decorator.py
[2023-08-13T18:49:51.421+0000] {processor.py:836} INFO - DAG(s) dict_keys(['example_short_circuit_decorator']) retrieved from /home/airflow/.local/lib/python3.7/site-packages/airflow/example_dags/example_short_circuit_decorator.py
[2023-08-13T18:49:51.456+0000] {logging_mixin.py:150} INFO - [2023-08-13T18:49:51.456+0000] {dag.py:2742} INFO - Sync 1 DAGs
[2023-08-13T18:49:51.491+0000] {logging_mixin.py:150} INFO - [2023-08-13T18:49:51.491+0000] {dag.py:3508} INFO - Setting next_dagrun for example_short_circuit_decorator to 2023-08-12T18:49:51.490746+00:00, run_after=2023-08-13T18:49:51.490746+00:00
[2023-08-13T18:49:51.513+0000] {processor.py:179} INFO - Processing /home/airflow/.local/lib/python3.7/site-packages/airflow/example_dags/example_short_circuit_decorator.py took 0.117 seconds
[2023-08-13T18:50:22.011+0000] {processor.py:157} INFO - Started process (PID=1221) to work on /home/airflow/.local/lib/python3.7/site-packages/airflow/example_dags/example_short_circuit_decorator.py
[2023-08-13T18:50:22.012+0000] {processor.py:826} INFO - Processing file /home/airflow/.local/lib/python3.7/site-packages/airflow/example_dags/example_short_circuit_decorator.py for tasks to queue
[2023-08-13T18:50:22.013+0000] {logging_mixin.py:150} INFO - [2023-08-13T18:50:22.013+0000] {dagbag.py:541} INFO - Filling up the DagBag from /home/airflow/.local/lib/python3.7/site-packages/airflow/example_dags/example_short_circuit_decorator.py
[2023-08-13T18:50:22.022+0000] {processor.py:836} INFO - DAG(s) dict_keys(['example_short_circuit_decorator']) retrieved from /home/airflow/.local/lib/python3.7/site-packages/airflow/example_dags/example_short_circuit_decorator.py
[2023-08-13T18:50:22.051+0000] {logging_mixin.py:150} INFO - [2023-08-13T18:50:22.050+0000] {dag.py:2742} INFO - Sync 1 DAGs
[2023-08-13T18:50:22.080+0000] {logging_mixin.py:150} INFO - [2023-08-13T18:50:22.079+0000] {dag.py:3508} INFO - Setting next_dagrun for example_short_circuit_decorator to 2023-08-12T18:50:22.079580+00:00, run_after=2023-08-13T18:50:22.079580+00:00
[2023-08-13T18:50:22.102+0000] {processor.py:179} INFO - Processing /home/airflow/.local/lib/python3.7/site-packages/airflow/example_dags/example_short_circuit_decorator.py took 0.094 seconds
[2023-08-13T19:55:44.626+0000] {processor.py:157} INFO - Started process (PID=61) to work on /home/airflow/.local/lib/python3.7/site-packages/airflow/example_dags/example_short_circuit_decorator.py
[2023-08-13T19:55:44.628+0000] {processor.py:826} INFO - Processing file /home/airflow/.local/lib/python3.7/site-packages/airflow/example_dags/example_short_circuit_decorator.py for tasks to queue
[2023-08-13T19:55:44.631+0000] {logging_mixin.py:150} INFO - [2023-08-13T19:55:44.630+0000] {dagbag.py:541} INFO - Filling up the DagBag from /home/airflow/.local/lib/python3.7/site-packages/airflow/example_dags/example_short_circuit_decorator.py
[2023-08-13T19:55:44.649+0000] {processor.py:836} INFO - DAG(s) dict_keys(['example_short_circuit_decorator']) retrieved from /home/airflow/.local/lib/python3.7/site-packages/airflow/example_dags/example_short_circuit_decorator.py
[2023-08-13T19:55:44.808+0000] {logging_mixin.py:150} INFO - [2023-08-13T19:55:44.807+0000] {dag.py:2742} INFO - Sync 1 DAGs
[2023-08-13T19:55:44.967+0000] {logging_mixin.py:150} INFO - [2023-08-13T19:55:44.966+0000] {dag.py:3508} INFO - Setting next_dagrun for example_short_circuit_decorator to 2023-08-12T19:55:44.966387+00:00, run_after=2023-08-13T19:55:44.966387+00:00
[2023-08-13T19:55:45.059+0000] {processor.py:179} INFO - Processing /home/airflow/.local/lib/python3.7/site-packages/airflow/example_dags/example_short_circuit_decorator.py took 0.438 seconds
[2023-08-13T19:58:39.511+0000] {processor.py:157} INFO - Started process (PID=53) to work on /home/airflow/.local/lib/python3.7/site-packages/airflow/example_dags/example_short_circuit_decorator.py
[2023-08-13T19:58:39.512+0000] {processor.py:826} INFO - Processing file /home/airflow/.local/lib/python3.7/site-packages/airflow/example_dags/example_short_circuit_decorator.py for tasks to queue
[2023-08-13T19:58:39.513+0000] {logging_mixin.py:150} INFO - [2023-08-13T19:58:39.513+0000] {dagbag.py:541} INFO - Filling up the DagBag from /home/airflow/.local/lib/python3.7/site-packages/airflow/example_dags/example_short_circuit_decorator.py
[2023-08-13T19:58:39.530+0000] {processor.py:836} INFO - DAG(s) dict_keys(['example_short_circuit_decorator']) retrieved from /home/airflow/.local/lib/python3.7/site-packages/airflow/example_dags/example_short_circuit_decorator.py
[2023-08-13T19:58:39.544+0000] {logging_mixin.py:150} INFO - [2023-08-13T19:58:39.544+0000] {dag.py:2742} INFO - Sync 1 DAGs
[2023-08-13T19:58:39.582+0000] {logging_mixin.py:150} INFO - [2023-08-13T19:58:39.581+0000] {dag.py:3508} INFO - Setting next_dagrun for example_short_circuit_decorator to 2023-08-12T19:58:39.581525+00:00, run_after=2023-08-13T19:58:39.581525+00:00
[2023-08-13T19:58:39.612+0000] {processor.py:179} INFO - Processing /home/airflow/.local/lib/python3.7/site-packages/airflow/example_dags/example_short_circuit_decorator.py took 0.104 seconds
[2023-08-13T19:59:09.892+0000] {processor.py:157} INFO - Started process (PID=119) to work on /home/airflow/.local/lib/python3.7/site-packages/airflow/example_dags/example_short_circuit_decorator.py
[2023-08-13T19:59:09.893+0000] {processor.py:826} INFO - Processing file /home/airflow/.local/lib/python3.7/site-packages/airflow/example_dags/example_short_circuit_decorator.py for tasks to queue
[2023-08-13T19:59:09.895+0000] {logging_mixin.py:150} INFO - [2023-08-13T19:59:09.894+0000] {dagbag.py:541} INFO - Filling up the DagBag from /home/airflow/.local/lib/python3.7/site-packages/airflow/example_dags/example_short_circuit_decorator.py
[2023-08-13T19:59:09.907+0000] {processor.py:836} INFO - DAG(s) dict_keys(['example_short_circuit_decorator']) retrieved from /home/airflow/.local/lib/python3.7/site-packages/airflow/example_dags/example_short_circuit_decorator.py
[2023-08-13T19:59:09.944+0000] {logging_mixin.py:150} INFO - [2023-08-13T19:59:09.943+0000] {dag.py:2742} INFO - Sync 1 DAGs
[2023-08-13T19:59:09.988+0000] {logging_mixin.py:150} INFO - [2023-08-13T19:59:09.988+0000] {dag.py:3508} INFO - Setting next_dagrun for example_short_circuit_decorator to 2023-08-12T19:59:09.988045+00:00, run_after=2023-08-13T19:59:09.988045+00:00
[2023-08-13T19:59:10.019+0000] {processor.py:179} INFO - Processing /home/airflow/.local/lib/python3.7/site-packages/airflow/example_dags/example_short_circuit_decorator.py took 0.131 seconds
[2023-08-13T19:59:40.923+0000] {processor.py:157} INFO - Started process (PID=185) to work on /home/airflow/.local/lib/python3.7/site-packages/airflow/example_dags/example_short_circuit_decorator.py
[2023-08-13T19:59:40.924+0000] {processor.py:826} INFO - Processing file /home/airflow/.local/lib/python3.7/site-packages/airflow/example_dags/example_short_circuit_decorator.py for tasks to queue
[2023-08-13T19:59:40.925+0000] {logging_mixin.py:150} INFO - [2023-08-13T19:59:40.925+0000] {dagbag.py:541} INFO - Filling up the DagBag from /home/airflow/.local/lib/python3.7/site-packages/airflow/example_dags/example_short_circuit_decorator.py
[2023-08-13T19:59:40.939+0000] {processor.py:836} INFO - DAG(s) dict_keys(['example_short_circuit_decorator']) retrieved from /home/airflow/.local/lib/python3.7/site-packages/airflow/example_dags/example_short_circuit_decorator.py
[2023-08-13T19:59:40.973+0000] {logging_mixin.py:150} INFO - [2023-08-13T19:59:40.972+0000] {dag.py:2742} INFO - Sync 1 DAGs
[2023-08-13T19:59:41.004+0000] {logging_mixin.py:150} INFO - [2023-08-13T19:59:41.004+0000] {dag.py:3508} INFO - Setting next_dagrun for example_short_circuit_decorator to 2023-08-12T19:59:41.004112+00:00, run_after=2023-08-13T19:59:41.004112+00:00
[2023-08-13T19:59:41.034+0000] {processor.py:179} INFO - Processing /home/airflow/.local/lib/python3.7/site-packages/airflow/example_dags/example_short_circuit_decorator.py took 0.114 seconds
[2023-08-13T20:00:11.801+0000] {processor.py:157} INFO - Started process (PID=251) to work on /home/airflow/.local/lib/python3.7/site-packages/airflow/example_dags/example_short_circuit_decorator.py
[2023-08-13T20:00:11.802+0000] {processor.py:826} INFO - Processing file /home/airflow/.local/lib/python3.7/site-packages/airflow/example_dags/example_short_circuit_decorator.py for tasks to queue
[2023-08-13T20:00:11.803+0000] {logging_mixin.py:150} INFO - [2023-08-13T20:00:11.803+0000] {dagbag.py:541} INFO - Filling up the DagBag from /home/airflow/.local/lib/python3.7/site-packages/airflow/example_dags/example_short_circuit_decorator.py
[2023-08-13T20:00:11.814+0000] {processor.py:836} INFO - DAG(s) dict_keys(['example_short_circuit_decorator']) retrieved from /home/airflow/.local/lib/python3.7/site-packages/airflow/example_dags/example_short_circuit_decorator.py
[2023-08-13T20:00:11.844+0000] {logging_mixin.py:150} INFO - [2023-08-13T20:00:11.844+0000] {dag.py:2742} INFO - Sync 1 DAGs
[2023-08-13T20:00:11.880+0000] {logging_mixin.py:150} INFO - [2023-08-13T20:00:11.879+0000] {dag.py:3508} INFO - Setting next_dagrun for example_short_circuit_decorator to 2023-08-12T20:00:11.879488+00:00, run_after=2023-08-13T20:00:11.879488+00:00
[2023-08-13T20:00:11.904+0000] {processor.py:179} INFO - Processing /home/airflow/.local/lib/python3.7/site-packages/airflow/example_dags/example_short_circuit_decorator.py took 0.106 seconds
[2023-08-13T20:00:42.542+0000] {processor.py:157} INFO - Started process (PID=317) to work on /home/airflow/.local/lib/python3.7/site-packages/airflow/example_dags/example_short_circuit_decorator.py
[2023-08-13T20:00:42.543+0000] {processor.py:826} INFO - Processing file /home/airflow/.local/lib/python3.7/site-packages/airflow/example_dags/example_short_circuit_decorator.py for tasks to queue
[2023-08-13T20:00:42.544+0000] {logging_mixin.py:150} INFO - [2023-08-13T20:00:42.544+0000] {dagbag.py:541} INFO - Filling up the DagBag from /home/airflow/.local/lib/python3.7/site-packages/airflow/example_dags/example_short_circuit_decorator.py
[2023-08-13T20:00:42.556+0000] {processor.py:836} INFO - DAG(s) dict_keys(['example_short_circuit_decorator']) retrieved from /home/airflow/.local/lib/python3.7/site-packages/airflow/example_dags/example_short_circuit_decorator.py
[2023-08-13T20:00:42.591+0000] {logging_mixin.py:150} INFO - [2023-08-13T20:00:42.591+0000] {dag.py:2742} INFO - Sync 1 DAGs
[2023-08-13T20:00:42.633+0000] {logging_mixin.py:150} INFO - [2023-08-13T20:00:42.633+0000] {dag.py:3508} INFO - Setting next_dagrun for example_short_circuit_decorator to 2023-08-12T20:00:42.632930+00:00, run_after=2023-08-13T20:00:42.632930+00:00
[2023-08-13T20:00:42.670+0000] {processor.py:179} INFO - Processing /home/airflow/.local/lib/python3.7/site-packages/airflow/example_dags/example_short_circuit_decorator.py took 0.133 seconds
[2023-08-13T20:01:13.340+0000] {processor.py:157} INFO - Started process (PID=383) to work on /home/airflow/.local/lib/python3.7/site-packages/airflow/example_dags/example_short_circuit_decorator.py
[2023-08-13T20:01:13.342+0000] {processor.py:826} INFO - Processing file /home/airflow/.local/lib/python3.7/site-packages/airflow/example_dags/example_short_circuit_decorator.py for tasks to queue
[2023-08-13T20:01:13.343+0000] {logging_mixin.py:150} INFO - [2023-08-13T20:01:13.342+0000] {dagbag.py:541} INFO - Filling up the DagBag from /home/airflow/.local/lib/python3.7/site-packages/airflow/example_dags/example_short_circuit_decorator.py
[2023-08-13T20:01:13.354+0000] {processor.py:836} INFO - DAG(s) dict_keys(['example_short_circuit_decorator']) retrieved from /home/airflow/.local/lib/python3.7/site-packages/airflow/example_dags/example_short_circuit_decorator.py
[2023-08-13T20:01:13.385+0000] {logging_mixin.py:150} INFO - [2023-08-13T20:01:13.384+0000] {dag.py:2742} INFO - Sync 1 DAGs
[2023-08-13T20:01:13.416+0000] {logging_mixin.py:150} INFO - [2023-08-13T20:01:13.416+0000] {dag.py:3508} INFO - Setting next_dagrun for example_short_circuit_decorator to 2023-08-12T20:01:13.416120+00:00, run_after=2023-08-13T20:01:13.416120+00:00
[2023-08-13T20:01:13.440+0000] {processor.py:179} INFO - Processing /home/airflow/.local/lib/python3.7/site-packages/airflow/example_dags/example_short_circuit_decorator.py took 0.104 seconds
[2023-08-13T20:01:44.169+0000] {processor.py:157} INFO - Started process (PID=449) to work on /home/airflow/.local/lib/python3.7/site-packages/airflow/example_dags/example_short_circuit_decorator.py
[2023-08-13T20:01:44.170+0000] {processor.py:826} INFO - Processing file /home/airflow/.local/lib/python3.7/site-packages/airflow/example_dags/example_short_circuit_decorator.py for tasks to queue
[2023-08-13T20:01:44.172+0000] {logging_mixin.py:150} INFO - [2023-08-13T20:01:44.171+0000] {dagbag.py:541} INFO - Filling up the DagBag from /home/airflow/.local/lib/python3.7/site-packages/airflow/example_dags/example_short_circuit_decorator.py
[2023-08-13T20:01:44.183+0000] {processor.py:836} INFO - DAG(s) dict_keys(['example_short_circuit_decorator']) retrieved from /home/airflow/.local/lib/python3.7/site-packages/airflow/example_dags/example_short_circuit_decorator.py
[2023-08-13T20:01:44.220+0000] {logging_mixin.py:150} INFO - [2023-08-13T20:01:44.220+0000] {dag.py:2742} INFO - Sync 1 DAGs
[2023-08-13T20:01:44.262+0000] {logging_mixin.py:150} INFO - [2023-08-13T20:01:44.262+0000] {dag.py:3508} INFO - Setting next_dagrun for example_short_circuit_decorator to 2023-08-12T20:01:44.262082+00:00, run_after=2023-08-13T20:01:44.262082+00:00
[2023-08-13T20:01:44.304+0000] {processor.py:179} INFO - Processing /home/airflow/.local/lib/python3.7/site-packages/airflow/example_dags/example_short_circuit_decorator.py took 0.139 seconds
[2023-08-13T20:02:21.844+0000] {processor.py:157} INFO - Started process (PID=522) to work on /home/airflow/.local/lib/python3.7/site-packages/airflow/example_dags/example_short_circuit_decorator.py
[2023-08-13T20:02:21.845+0000] {processor.py:826} INFO - Processing file /home/airflow/.local/lib/python3.7/site-packages/airflow/example_dags/example_short_circuit_decorator.py for tasks to queue
[2023-08-13T20:02:21.847+0000] {logging_mixin.py:150} INFO - [2023-08-13T20:02:21.846+0000] {dagbag.py:541} INFO - Filling up the DagBag from /home/airflow/.local/lib/python3.7/site-packages/airflow/example_dags/example_short_circuit_decorator.py
[2023-08-13T20:02:21.862+0000] {processor.py:836} INFO - DAG(s) dict_keys(['example_short_circuit_decorator']) retrieved from /home/airflow/.local/lib/python3.7/site-packages/airflow/example_dags/example_short_circuit_decorator.py
[2023-08-13T20:02:21.909+0000] {logging_mixin.py:150} INFO - [2023-08-13T20:02:21.909+0000] {dag.py:2742} INFO - Sync 1 DAGs
[2023-08-13T20:02:21.966+0000] {logging_mixin.py:150} INFO - [2023-08-13T20:02:21.966+0000] {dag.py:3508} INFO - Setting next_dagrun for example_short_circuit_decorator to 2023-08-12T20:02:21.965770+00:00, run_after=2023-08-13T20:02:21.965770+00:00
[2023-08-13T20:02:22.010+0000] {processor.py:179} INFO - Processing /home/airflow/.local/lib/python3.7/site-packages/airflow/example_dags/example_short_circuit_decorator.py took 0.170 seconds
[2023-08-13T20:03:50.576+0000] {processor.py:157} INFO - Started process (PID=599) to work on /home/airflow/.local/lib/python3.7/site-packages/airflow/example_dags/example_short_circuit_decorator.py
[2023-08-13T20:03:50.578+0000] {processor.py:826} INFO - Processing file /home/airflow/.local/lib/python3.7/site-packages/airflow/example_dags/example_short_circuit_decorator.py for tasks to queue
[2023-08-13T20:03:50.580+0000] {logging_mixin.py:150} INFO - [2023-08-13T20:03:50.580+0000] {dagbag.py:541} INFO - Filling up the DagBag from /home/airflow/.local/lib/python3.7/site-packages/airflow/example_dags/example_short_circuit_decorator.py
[2023-08-13T20:03:50.596+0000] {processor.py:836} INFO - DAG(s) dict_keys(['example_short_circuit_decorator']) retrieved from /home/airflow/.local/lib/python3.7/site-packages/airflow/example_dags/example_short_circuit_decorator.py
[2023-08-13T20:03:50.658+0000] {logging_mixin.py:150} INFO - [2023-08-13T20:03:50.657+0000] {dag.py:2742} INFO - Sync 1 DAGs
[2023-08-13T20:03:50.732+0000] {logging_mixin.py:150} INFO - [2023-08-13T20:03:50.731+0000] {dag.py:3508} INFO - Setting next_dagrun for example_short_circuit_decorator to 2023-08-12T20:03:50.731026+00:00, run_after=2023-08-13T20:03:50.731026+00:00
[2023-08-13T20:03:50.783+0000] {processor.py:179} INFO - Processing /home/airflow/.local/lib/python3.7/site-packages/airflow/example_dags/example_short_circuit_decorator.py took 0.211 seconds
[2023-08-13T20:05:57.731+0000] {processor.py:157} INFO - Started process (PID=53) to work on /home/airflow/.local/lib/python3.7/site-packages/airflow/example_dags/example_short_circuit_decorator.py
[2023-08-13T20:05:57.732+0000] {processor.py:826} INFO - Processing file /home/airflow/.local/lib/python3.7/site-packages/airflow/example_dags/example_short_circuit_decorator.py for tasks to queue
[2023-08-13T20:05:57.734+0000] {logging_mixin.py:150} INFO - [2023-08-13T20:05:57.734+0000] {dagbag.py:541} INFO - Filling up the DagBag from /home/airflow/.local/lib/python3.7/site-packages/airflow/example_dags/example_short_circuit_decorator.py
[2023-08-13T20:05:57.753+0000] {processor.py:836} INFO - DAG(s) dict_keys(['example_short_circuit_decorator']) retrieved from /home/airflow/.local/lib/python3.7/site-packages/airflow/example_dags/example_short_circuit_decorator.py
[2023-08-13T20:05:57.774+0000] {logging_mixin.py:150} INFO - [2023-08-13T20:05:57.773+0000] {dag.py:2742} INFO - Sync 1 DAGs
[2023-08-13T20:05:57.839+0000] {logging_mixin.py:150} INFO - [2023-08-13T20:05:57.838+0000] {dag.py:3508} INFO - Setting next_dagrun for example_short_circuit_decorator to 2023-08-12T20:05:57.838465+00:00, run_after=2023-08-13T20:05:57.838465+00:00
[2023-08-13T20:05:57.879+0000] {processor.py:179} INFO - Processing /home/airflow/.local/lib/python3.7/site-packages/airflow/example_dags/example_short_circuit_decorator.py took 0.152 seconds
[2023-08-13T20:06:28.784+0000] {processor.py:157} INFO - Started process (PID=119) to work on /home/airflow/.local/lib/python3.7/site-packages/airflow/example_dags/example_short_circuit_decorator.py
[2023-08-13T20:06:28.786+0000] {processor.py:826} INFO - Processing file /home/airflow/.local/lib/python3.7/site-packages/airflow/example_dags/example_short_circuit_decorator.py for tasks to queue
[2023-08-13T20:06:28.787+0000] {logging_mixin.py:150} INFO - [2023-08-13T20:06:28.787+0000] {dagbag.py:541} INFO - Filling up the DagBag from /home/airflow/.local/lib/python3.7/site-packages/airflow/example_dags/example_short_circuit_decorator.py
[2023-08-13T20:06:28.798+0000] {processor.py:836} INFO - DAG(s) dict_keys(['example_short_circuit_decorator']) retrieved from /home/airflow/.local/lib/python3.7/site-packages/airflow/example_dags/example_short_circuit_decorator.py
[2023-08-13T20:06:28.836+0000] {logging_mixin.py:150} INFO - [2023-08-13T20:06:28.836+0000] {dag.py:2742} INFO - Sync 1 DAGs
[2023-08-13T20:06:28.874+0000] {logging_mixin.py:150} INFO - [2023-08-13T20:06:28.874+0000] {dag.py:3508} INFO - Setting next_dagrun for example_short_circuit_decorator to 2023-08-12T20:06:28.874419+00:00, run_after=2023-08-13T20:06:28.874419+00:00
[2023-08-13T20:06:28.905+0000] {processor.py:179} INFO - Processing /home/airflow/.local/lib/python3.7/site-packages/airflow/example_dags/example_short_circuit_decorator.py took 0.123 seconds
[2023-08-13T20:06:59.454+0000] {processor.py:157} INFO - Started process (PID=185) to work on /home/airflow/.local/lib/python3.7/site-packages/airflow/example_dags/example_short_circuit_decorator.py
[2023-08-13T20:06:59.456+0000] {processor.py:826} INFO - Processing file /home/airflow/.local/lib/python3.7/site-packages/airflow/example_dags/example_short_circuit_decorator.py for tasks to queue
[2023-08-13T20:06:59.457+0000] {logging_mixin.py:150} INFO - [2023-08-13T20:06:59.457+0000] {dagbag.py:541} INFO - Filling up the DagBag from /home/airflow/.local/lib/python3.7/site-packages/airflow/example_dags/example_short_circuit_decorator.py
[2023-08-13T20:06:59.468+0000] {processor.py:836} INFO - DAG(s) dict_keys(['example_short_circuit_decorator']) retrieved from /home/airflow/.local/lib/python3.7/site-packages/airflow/example_dags/example_short_circuit_decorator.py
[2023-08-13T20:06:59.496+0000] {logging_mixin.py:150} INFO - [2023-08-13T20:06:59.496+0000] {dag.py:2742} INFO - Sync 1 DAGs
[2023-08-13T20:06:59.527+0000] {logging_mixin.py:150} INFO - [2023-08-13T20:06:59.527+0000] {dag.py:3508} INFO - Setting next_dagrun for example_short_circuit_decorator to 2023-08-12T20:06:59.527056+00:00, run_after=2023-08-13T20:06:59.527056+00:00
[2023-08-13T20:06:59.552+0000] {processor.py:179} INFO - Processing /home/airflow/.local/lib/python3.7/site-packages/airflow/example_dags/example_short_circuit_decorator.py took 0.100 seconds
[2023-08-13T20:07:30.635+0000] {processor.py:157} INFO - Started process (PID=251) to work on /home/airflow/.local/lib/python3.7/site-packages/airflow/example_dags/example_short_circuit_decorator.py
[2023-08-13T20:07:30.636+0000] {processor.py:826} INFO - Processing file /home/airflow/.local/lib/python3.7/site-packages/airflow/example_dags/example_short_circuit_decorator.py for tasks to queue
[2023-08-13T20:07:30.640+0000] {logging_mixin.py:150} INFO - [2023-08-13T20:07:30.640+0000] {dagbag.py:541} INFO - Filling up the DagBag from /home/airflow/.local/lib/python3.7/site-packages/airflow/example_dags/example_short_circuit_decorator.py
[2023-08-13T20:07:30.665+0000] {processor.py:836} INFO - DAG(s) dict_keys(['example_short_circuit_decorator']) retrieved from /home/airflow/.local/lib/python3.7/site-packages/airflow/example_dags/example_short_circuit_decorator.py
[2023-08-13T20:07:30.747+0000] {logging_mixin.py:150} INFO - [2023-08-13T20:07:30.747+0000] {dag.py:2742} INFO - Sync 1 DAGs
[2023-08-13T20:07:30.804+0000] {logging_mixin.py:150} INFO - [2023-08-13T20:07:30.803+0000] {dag.py:3508} INFO - Setting next_dagrun for example_short_circuit_decorator to 2023-08-12T20:07:30.803506+00:00, run_after=2023-08-13T20:07:30.803506+00:00
[2023-08-13T20:07:30.867+0000] {processor.py:179} INFO - Processing /home/airflow/.local/lib/python3.7/site-packages/airflow/example_dags/example_short_circuit_decorator.py took 0.236 seconds
[2023-08-13T20:08:01.347+0000] {processor.py:157} INFO - Started process (PID=317) to work on /home/airflow/.local/lib/python3.7/site-packages/airflow/example_dags/example_short_circuit_decorator.py
[2023-08-13T20:08:01.349+0000] {processor.py:826} INFO - Processing file /home/airflow/.local/lib/python3.7/site-packages/airflow/example_dags/example_short_circuit_decorator.py for tasks to queue
[2023-08-13T20:08:01.351+0000] {logging_mixin.py:150} INFO - [2023-08-13T20:08:01.351+0000] {dagbag.py:541} INFO - Filling up the DagBag from /home/airflow/.local/lib/python3.7/site-packages/airflow/example_dags/example_short_circuit_decorator.py
[2023-08-13T20:08:01.367+0000] {processor.py:836} INFO - DAG(s) dict_keys(['example_short_circuit_decorator']) retrieved from /home/airflow/.local/lib/python3.7/site-packages/airflow/example_dags/example_short_circuit_decorator.py
[2023-08-13T20:08:01.409+0000] {logging_mixin.py:150} INFO - [2023-08-13T20:08:01.408+0000] {dag.py:2742} INFO - Sync 1 DAGs
[2023-08-13T20:08:01.459+0000] {logging_mixin.py:150} INFO - [2023-08-13T20:08:01.458+0000] {dag.py:3508} INFO - Setting next_dagrun for example_short_circuit_decorator to 2023-08-12T20:08:01.458311+00:00, run_after=2023-08-13T20:08:01.458311+00:00
[2023-08-13T20:08:01.505+0000] {processor.py:179} INFO - Processing /home/airflow/.local/lib/python3.7/site-packages/airflow/example_dags/example_short_circuit_decorator.py took 0.163 seconds
[2023-08-13T20:08:32.073+0000] {processor.py:157} INFO - Started process (PID=383) to work on /home/airflow/.local/lib/python3.7/site-packages/airflow/example_dags/example_short_circuit_decorator.py
[2023-08-13T20:08:32.074+0000] {processor.py:826} INFO - Processing file /home/airflow/.local/lib/python3.7/site-packages/airflow/example_dags/example_short_circuit_decorator.py for tasks to queue
[2023-08-13T20:08:32.075+0000] {logging_mixin.py:150} INFO - [2023-08-13T20:08:32.075+0000] {dagbag.py:541} INFO - Filling up the DagBag from /home/airflow/.local/lib/python3.7/site-packages/airflow/example_dags/example_short_circuit_decorator.py
[2023-08-13T20:08:32.089+0000] {processor.py:836} INFO - DAG(s) dict_keys(['example_short_circuit_decorator']) retrieved from /home/airflow/.local/lib/python3.7/site-packages/airflow/example_dags/example_short_circuit_decorator.py
[2023-08-13T20:08:32.123+0000] {logging_mixin.py:150} INFO - [2023-08-13T20:08:32.123+0000] {dag.py:2742} INFO - Sync 1 DAGs
[2023-08-13T20:08:32.162+0000] {logging_mixin.py:150} INFO - [2023-08-13T20:08:32.162+0000] {dag.py:3508} INFO - Setting next_dagrun for example_short_circuit_decorator to 2023-08-12T20:08:32.162375+00:00, run_after=2023-08-13T20:08:32.162375+00:00
[2023-08-13T20:08:32.189+0000] {processor.py:179} INFO - Processing /home/airflow/.local/lib/python3.7/site-packages/airflow/example_dags/example_short_circuit_decorator.py took 0.120 seconds
[2023-08-13T20:09:02.378+0000] {processor.py:157} INFO - Started process (PID=449) to work on /home/airflow/.local/lib/python3.7/site-packages/airflow/example_dags/example_short_circuit_decorator.py
[2023-08-13T20:09:02.379+0000] {processor.py:826} INFO - Processing file /home/airflow/.local/lib/python3.7/site-packages/airflow/example_dags/example_short_circuit_decorator.py for tasks to queue
[2023-08-13T20:09:02.380+0000] {logging_mixin.py:150} INFO - [2023-08-13T20:09:02.380+0000] {dagbag.py:541} INFO - Filling up the DagBag from /home/airflow/.local/lib/python3.7/site-packages/airflow/example_dags/example_short_circuit_decorator.py
[2023-08-13T20:09:02.395+0000] {processor.py:836} INFO - DAG(s) dict_keys(['example_short_circuit_decorator']) retrieved from /home/airflow/.local/lib/python3.7/site-packages/airflow/example_dags/example_short_circuit_decorator.py
[2023-08-13T20:09:02.432+0000] {logging_mixin.py:150} INFO - [2023-08-13T20:09:02.432+0000] {dag.py:2742} INFO - Sync 1 DAGs
[2023-08-13T20:09:02.465+0000] {logging_mixin.py:150} INFO - [2023-08-13T20:09:02.465+0000] {dag.py:3508} INFO - Setting next_dagrun for example_short_circuit_decorator to 2023-08-12T20:09:02.464775+00:00, run_after=2023-08-13T20:09:02.464775+00:00
[2023-08-13T20:09:02.493+0000] {processor.py:179} INFO - Processing /home/airflow/.local/lib/python3.7/site-packages/airflow/example_dags/example_short_circuit_decorator.py took 0.120 seconds
[2023-08-13T20:09:33.098+0000] {processor.py:157} INFO - Started process (PID=515) to work on /home/airflow/.local/lib/python3.7/site-packages/airflow/example_dags/example_short_circuit_decorator.py
[2023-08-13T20:09:33.100+0000] {processor.py:826} INFO - Processing file /home/airflow/.local/lib/python3.7/site-packages/airflow/example_dags/example_short_circuit_decorator.py for tasks to queue
[2023-08-13T20:09:33.102+0000] {logging_mixin.py:150} INFO - [2023-08-13T20:09:33.101+0000] {dagbag.py:541} INFO - Filling up the DagBag from /home/airflow/.local/lib/python3.7/site-packages/airflow/example_dags/example_short_circuit_decorator.py
[2023-08-13T20:09:33.120+0000] {processor.py:836} INFO - DAG(s) dict_keys(['example_short_circuit_decorator']) retrieved from /home/airflow/.local/lib/python3.7/site-packages/airflow/example_dags/example_short_circuit_decorator.py
[2023-08-13T20:09:33.166+0000] {logging_mixin.py:150} INFO - [2023-08-13T20:09:33.166+0000] {dag.py:2742} INFO - Sync 1 DAGs
[2023-08-13T20:09:33.218+0000] {logging_mixin.py:150} INFO - [2023-08-13T20:09:33.217+0000] {dag.py:3508} INFO - Setting next_dagrun for example_short_circuit_decorator to 2023-08-12T20:09:33.217609+00:00, run_after=2023-08-13T20:09:33.217609+00:00
[2023-08-13T20:09:33.255+0000] {processor.py:179} INFO - Processing /home/airflow/.local/lib/python3.7/site-packages/airflow/example_dags/example_short_circuit_decorator.py took 0.163 seconds
[2023-08-13T20:10:03.445+0000] {processor.py:157} INFO - Started process (PID=581) to work on /home/airflow/.local/lib/python3.7/site-packages/airflow/example_dags/example_short_circuit_decorator.py
[2023-08-13T20:10:03.447+0000] {processor.py:826} INFO - Processing file /home/airflow/.local/lib/python3.7/site-packages/airflow/example_dags/example_short_circuit_decorator.py for tasks to queue
[2023-08-13T20:10:03.448+0000] {logging_mixin.py:150} INFO - [2023-08-13T20:10:03.448+0000] {dagbag.py:541} INFO - Filling up the DagBag from /home/airflow/.local/lib/python3.7/site-packages/airflow/example_dags/example_short_circuit_decorator.py
[2023-08-13T20:10:03.466+0000] {processor.py:836} INFO - DAG(s) dict_keys(['example_short_circuit_decorator']) retrieved from /home/airflow/.local/lib/python3.7/site-packages/airflow/example_dags/example_short_circuit_decorator.py
[2023-08-13T20:10:03.514+0000] {logging_mixin.py:150} INFO - [2023-08-13T20:10:03.514+0000] {dag.py:2742} INFO - Sync 1 DAGs
[2023-08-13T20:10:03.583+0000] {logging_mixin.py:150} INFO - [2023-08-13T20:10:03.582+0000] {dag.py:3508} INFO - Setting next_dagrun for example_short_circuit_decorator to 2023-08-12T20:10:03.581382+00:00, run_after=2023-08-13T20:10:03.581382+00:00
[2023-08-13T20:10:03.665+0000] {processor.py:179} INFO - Processing /home/airflow/.local/lib/python3.7/site-packages/airflow/example_dags/example_short_circuit_decorator.py took 0.224 seconds
[2023-08-13T20:10:33.754+0000] {processor.py:157} INFO - Started process (PID=647) to work on /home/airflow/.local/lib/python3.7/site-packages/airflow/example_dags/example_short_circuit_decorator.py
[2023-08-13T20:10:33.756+0000] {processor.py:826} INFO - Processing file /home/airflow/.local/lib/python3.7/site-packages/airflow/example_dags/example_short_circuit_decorator.py for tasks to queue
[2023-08-13T20:10:33.758+0000] {logging_mixin.py:150} INFO - [2023-08-13T20:10:33.757+0000] {dagbag.py:541} INFO - Filling up the DagBag from /home/airflow/.local/lib/python3.7/site-packages/airflow/example_dags/example_short_circuit_decorator.py
[2023-08-13T20:10:33.773+0000] {processor.py:836} INFO - DAG(s) dict_keys(['example_short_circuit_decorator']) retrieved from /home/airflow/.local/lib/python3.7/site-packages/airflow/example_dags/example_short_circuit_decorator.py
[2023-08-13T20:10:33.821+0000] {logging_mixin.py:150} INFO - [2023-08-13T20:10:33.821+0000] {dag.py:2742} INFO - Sync 1 DAGs
[2023-08-13T20:10:33.872+0000] {logging_mixin.py:150} INFO - [2023-08-13T20:10:33.871+0000] {dag.py:3508} INFO - Setting next_dagrun for example_short_circuit_decorator to 2023-08-12T20:10:33.871267+00:00, run_after=2023-08-13T20:10:33.871267+00:00
[2023-08-13T20:10:33.919+0000] {processor.py:179} INFO - Processing /home/airflow/.local/lib/python3.7/site-packages/airflow/example_dags/example_short_circuit_decorator.py took 0.170 seconds
[2023-08-13T20:11:04.766+0000] {processor.py:157} INFO - Started process (PID=713) to work on /home/airflow/.local/lib/python3.7/site-packages/airflow/example_dags/example_short_circuit_decorator.py
[2023-08-13T20:11:04.767+0000] {processor.py:826} INFO - Processing file /home/airflow/.local/lib/python3.7/site-packages/airflow/example_dags/example_short_circuit_decorator.py for tasks to queue
[2023-08-13T20:11:04.768+0000] {logging_mixin.py:150} INFO - [2023-08-13T20:11:04.768+0000] {dagbag.py:541} INFO - Filling up the DagBag from /home/airflow/.local/lib/python3.7/site-packages/airflow/example_dags/example_short_circuit_decorator.py
[2023-08-13T20:11:04.777+0000] {processor.py:836} INFO - DAG(s) dict_keys(['example_short_circuit_decorator']) retrieved from /home/airflow/.local/lib/python3.7/site-packages/airflow/example_dags/example_short_circuit_decorator.py
[2023-08-13T20:11:04.808+0000] {logging_mixin.py:150} INFO - [2023-08-13T20:11:04.808+0000] {dag.py:2742} INFO - Sync 1 DAGs
[2023-08-13T20:11:04.844+0000] {logging_mixin.py:150} INFO - [2023-08-13T20:11:04.844+0000] {dag.py:3508} INFO - Setting next_dagrun for example_short_circuit_decorator to 2023-08-12T20:11:04.844298+00:00, run_after=2023-08-13T20:11:04.844298+00:00
[2023-08-13T20:11:04.873+0000] {processor.py:179} INFO - Processing /home/airflow/.local/lib/python3.7/site-packages/airflow/example_dags/example_short_circuit_decorator.py took 0.110 seconds
[2023-08-13T20:11:35.243+0000] {processor.py:157} INFO - Started process (PID=779) to work on /home/airflow/.local/lib/python3.7/site-packages/airflow/example_dags/example_short_circuit_decorator.py
[2023-08-13T20:11:35.245+0000] {processor.py:826} INFO - Processing file /home/airflow/.local/lib/python3.7/site-packages/airflow/example_dags/example_short_circuit_decorator.py for tasks to queue
[2023-08-13T20:11:35.247+0000] {logging_mixin.py:150} INFO - [2023-08-13T20:11:35.247+0000] {dagbag.py:541} INFO - Filling up the DagBag from /home/airflow/.local/lib/python3.7/site-packages/airflow/example_dags/example_short_circuit_decorator.py
[2023-08-13T20:11:35.269+0000] {processor.py:836} INFO - DAG(s) dict_keys(['example_short_circuit_decorator']) retrieved from /home/airflow/.local/lib/python3.7/site-packages/airflow/example_dags/example_short_circuit_decorator.py
[2023-08-13T20:11:35.321+0000] {logging_mixin.py:150} INFO - [2023-08-13T20:11:35.320+0000] {dag.py:2742} INFO - Sync 1 DAGs
[2023-08-13T20:11:35.392+0000] {logging_mixin.py:150} INFO - [2023-08-13T20:11:35.391+0000] {dag.py:3508} INFO - Setting next_dagrun for example_short_circuit_decorator to 2023-08-12T20:11:35.391495+00:00, run_after=2023-08-13T20:11:35.391495+00:00
[2023-08-13T20:11:35.432+0000] {processor.py:179} INFO - Processing /home/airflow/.local/lib/python3.7/site-packages/airflow/example_dags/example_short_circuit_decorator.py took 0.193 seconds
[2023-08-13T20:12:05.586+0000] {processor.py:157} INFO - Started process (PID=844) to work on /home/airflow/.local/lib/python3.7/site-packages/airflow/example_dags/example_short_circuit_decorator.py
[2023-08-13T20:12:05.588+0000] {processor.py:826} INFO - Processing file /home/airflow/.local/lib/python3.7/site-packages/airflow/example_dags/example_short_circuit_decorator.py for tasks to queue
[2023-08-13T20:12:05.589+0000] {logging_mixin.py:150} INFO - [2023-08-13T20:12:05.589+0000] {dagbag.py:541} INFO - Filling up the DagBag from /home/airflow/.local/lib/python3.7/site-packages/airflow/example_dags/example_short_circuit_decorator.py
[2023-08-13T20:12:05.599+0000] {processor.py:836} INFO - DAG(s) dict_keys(['example_short_circuit_decorator']) retrieved from /home/airflow/.local/lib/python3.7/site-packages/airflow/example_dags/example_short_circuit_decorator.py
[2023-08-13T20:12:05.630+0000] {logging_mixin.py:150} INFO - [2023-08-13T20:12:05.629+0000] {dag.py:2742} INFO - Sync 1 DAGs
[2023-08-13T20:12:05.664+0000] {logging_mixin.py:150} INFO - [2023-08-13T20:12:05.664+0000] {dag.py:3508} INFO - Setting next_dagrun for example_short_circuit_decorator to 2023-08-12T20:12:05.664289+00:00, run_after=2023-08-13T20:12:05.664289+00:00
[2023-08-13T20:12:05.692+0000] {processor.py:179} INFO - Processing /home/airflow/.local/lib/python3.7/site-packages/airflow/example_dags/example_short_circuit_decorator.py took 0.109 seconds
[2023-08-13T20:12:36.185+0000] {processor.py:157} INFO - Started process (PID=910) to work on /home/airflow/.local/lib/python3.7/site-packages/airflow/example_dags/example_short_circuit_decorator.py
[2023-08-13T20:12:36.186+0000] {processor.py:826} INFO - Processing file /home/airflow/.local/lib/python3.7/site-packages/airflow/example_dags/example_short_circuit_decorator.py for tasks to queue
[2023-08-13T20:12:36.187+0000] {logging_mixin.py:150} INFO - [2023-08-13T20:12:36.187+0000] {dagbag.py:541} INFO - Filling up the DagBag from /home/airflow/.local/lib/python3.7/site-packages/airflow/example_dags/example_short_circuit_decorator.py
[2023-08-13T20:12:36.197+0000] {processor.py:836} INFO - DAG(s) dict_keys(['example_short_circuit_decorator']) retrieved from /home/airflow/.local/lib/python3.7/site-packages/airflow/example_dags/example_short_circuit_decorator.py
[2023-08-13T20:12:36.224+0000] {logging_mixin.py:150} INFO - [2023-08-13T20:12:36.224+0000] {dag.py:2742} INFO - Sync 1 DAGs
[2023-08-13T20:12:36.250+0000] {logging_mixin.py:150} INFO - [2023-08-13T20:12:36.250+0000] {dag.py:3508} INFO - Setting next_dagrun for example_short_circuit_decorator to 2023-08-12T20:12:36.250159+00:00, run_after=2023-08-13T20:12:36.250159+00:00
[2023-08-13T20:12:36.271+0000] {processor.py:179} INFO - Processing /home/airflow/.local/lib/python3.7/site-packages/airflow/example_dags/example_short_circuit_decorator.py took 0.089 seconds
[2023-08-13T20:13:06.636+0000] {processor.py:157} INFO - Started process (PID=976) to work on /home/airflow/.local/lib/python3.7/site-packages/airflow/example_dags/example_short_circuit_decorator.py
[2023-08-13T20:13:06.638+0000] {processor.py:826} INFO - Processing file /home/airflow/.local/lib/python3.7/site-packages/airflow/example_dags/example_short_circuit_decorator.py for tasks to queue
[2023-08-13T20:13:06.639+0000] {logging_mixin.py:150} INFO - [2023-08-13T20:13:06.639+0000] {dagbag.py:541} INFO - Filling up the DagBag from /home/airflow/.local/lib/python3.7/site-packages/airflow/example_dags/example_short_circuit_decorator.py
[2023-08-13T20:13:06.650+0000] {processor.py:836} INFO - DAG(s) dict_keys(['example_short_circuit_decorator']) retrieved from /home/airflow/.local/lib/python3.7/site-packages/airflow/example_dags/example_short_circuit_decorator.py
[2023-08-13T20:13:06.681+0000] {logging_mixin.py:150} INFO - [2023-08-13T20:13:06.681+0000] {dag.py:2742} INFO - Sync 1 DAGs
[2023-08-13T20:13:06.719+0000] {logging_mixin.py:150} INFO - [2023-08-13T20:13:06.719+0000] {dag.py:3508} INFO - Setting next_dagrun for example_short_circuit_decorator to 2023-08-12T20:13:06.718999+00:00, run_after=2023-08-13T20:13:06.718999+00:00
[2023-08-13T20:13:06.749+0000] {processor.py:179} INFO - Processing /home/airflow/.local/lib/python3.7/site-packages/airflow/example_dags/example_short_circuit_decorator.py took 0.116 seconds
[2023-08-13T20:13:37.275+0000] {processor.py:157} INFO - Started process (PID=1042) to work on /home/airflow/.local/lib/python3.7/site-packages/airflow/example_dags/example_short_circuit_decorator.py
[2023-08-13T20:13:37.277+0000] {processor.py:826} INFO - Processing file /home/airflow/.local/lib/python3.7/site-packages/airflow/example_dags/example_short_circuit_decorator.py for tasks to queue
[2023-08-13T20:13:37.278+0000] {logging_mixin.py:150} INFO - [2023-08-13T20:13:37.278+0000] {dagbag.py:541} INFO - Filling up the DagBag from /home/airflow/.local/lib/python3.7/site-packages/airflow/example_dags/example_short_circuit_decorator.py
[2023-08-13T20:13:37.298+0000] {processor.py:836} INFO - DAG(s) dict_keys(['example_short_circuit_decorator']) retrieved from /home/airflow/.local/lib/python3.7/site-packages/airflow/example_dags/example_short_circuit_decorator.py
[2023-08-13T20:13:37.353+0000] {logging_mixin.py:150} INFO - [2023-08-13T20:13:37.352+0000] {dag.py:2742} INFO - Sync 1 DAGs
[2023-08-13T20:13:37.418+0000] {logging_mixin.py:150} INFO - [2023-08-13T20:13:37.418+0000] {dag.py:3508} INFO - Setting next_dagrun for example_short_circuit_decorator to 2023-08-12T20:13:37.417337+00:00, run_after=2023-08-13T20:13:37.417337+00:00
[2023-08-13T20:13:37.468+0000] {processor.py:179} INFO - Processing /home/airflow/.local/lib/python3.7/site-packages/airflow/example_dags/example_short_circuit_decorator.py took 0.198 seconds
[2023-08-13T20:14:07.521+0000] {processor.py:157} INFO - Started process (PID=1108) to work on /home/airflow/.local/lib/python3.7/site-packages/airflow/example_dags/example_short_circuit_decorator.py
[2023-08-13T20:14:07.523+0000] {processor.py:826} INFO - Processing file /home/airflow/.local/lib/python3.7/site-packages/airflow/example_dags/example_short_circuit_decorator.py for tasks to queue
[2023-08-13T20:14:07.524+0000] {logging_mixin.py:150} INFO - [2023-08-13T20:14:07.524+0000] {dagbag.py:541} INFO - Filling up the DagBag from /home/airflow/.local/lib/python3.7/site-packages/airflow/example_dags/example_short_circuit_decorator.py
[2023-08-13T20:14:07.533+0000] {processor.py:836} INFO - DAG(s) dict_keys(['example_short_circuit_decorator']) retrieved from /home/airflow/.local/lib/python3.7/site-packages/airflow/example_dags/example_short_circuit_decorator.py
[2023-08-13T20:14:07.560+0000] {logging_mixin.py:150} INFO - [2023-08-13T20:14:07.559+0000] {dag.py:2742} INFO - Sync 1 DAGs
[2023-08-13T20:14:07.585+0000] {logging_mixin.py:150} INFO - [2023-08-13T20:14:07.585+0000] {dag.py:3508} INFO - Setting next_dagrun for example_short_circuit_decorator to 2023-08-12T20:14:07.585099+00:00, run_after=2023-08-13T20:14:07.585099+00:00
[2023-08-13T20:14:07.607+0000] {processor.py:179} INFO - Processing /home/airflow/.local/lib/python3.7/site-packages/airflow/example_dags/example_short_circuit_decorator.py took 0.090 seconds
[2023-08-13T20:14:37.832+0000] {processor.py:157} INFO - Started process (PID=1174) to work on /home/airflow/.local/lib/python3.7/site-packages/airflow/example_dags/example_short_circuit_decorator.py
[2023-08-13T20:14:37.833+0000] {processor.py:826} INFO - Processing file /home/airflow/.local/lib/python3.7/site-packages/airflow/example_dags/example_short_circuit_decorator.py for tasks to queue
[2023-08-13T20:14:37.835+0000] {logging_mixin.py:150} INFO - [2023-08-13T20:14:37.834+0000] {dagbag.py:541} INFO - Filling up the DagBag from /home/airflow/.local/lib/python3.7/site-packages/airflow/example_dags/example_short_circuit_decorator.py
[2023-08-13T20:14:37.848+0000] {processor.py:836} INFO - DAG(s) dict_keys(['example_short_circuit_decorator']) retrieved from /home/airflow/.local/lib/python3.7/site-packages/airflow/example_dags/example_short_circuit_decorator.py
[2023-08-13T20:14:37.881+0000] {logging_mixin.py:150} INFO - [2023-08-13T20:14:37.881+0000] {dag.py:2742} INFO - Sync 1 DAGs
[2023-08-13T20:14:37.948+0000] {logging_mixin.py:150} INFO - [2023-08-13T20:14:37.948+0000] {dag.py:3508} INFO - Setting next_dagrun for example_short_circuit_decorator to 2023-08-12T20:14:37.948092+00:00, run_after=2023-08-13T20:14:37.948092+00:00
[2023-08-13T20:14:38.001+0000] {processor.py:179} INFO - Processing /home/airflow/.local/lib/python3.7/site-packages/airflow/example_dags/example_short_circuit_decorator.py took 0.173 seconds
[2023-08-13T20:15:08.265+0000] {processor.py:157} INFO - Started process (PID=1240) to work on /home/airflow/.local/lib/python3.7/site-packages/airflow/example_dags/example_short_circuit_decorator.py
[2023-08-13T20:15:08.266+0000] {processor.py:826} INFO - Processing file /home/airflow/.local/lib/python3.7/site-packages/airflow/example_dags/example_short_circuit_decorator.py for tasks to queue
[2023-08-13T20:15:08.267+0000] {logging_mixin.py:150} INFO - [2023-08-13T20:15:08.267+0000] {dagbag.py:541} INFO - Filling up the DagBag from /home/airflow/.local/lib/python3.7/site-packages/airflow/example_dags/example_short_circuit_decorator.py
[2023-08-13T20:15:08.277+0000] {processor.py:836} INFO - DAG(s) dict_keys(['example_short_circuit_decorator']) retrieved from /home/airflow/.local/lib/python3.7/site-packages/airflow/example_dags/example_short_circuit_decorator.py
[2023-08-13T20:15:08.303+0000] {logging_mixin.py:150} INFO - [2023-08-13T20:15:08.303+0000] {dag.py:2742} INFO - Sync 1 DAGs
[2023-08-13T20:15:08.340+0000] {logging_mixin.py:150} INFO - [2023-08-13T20:15:08.340+0000] {dag.py:3508} INFO - Setting next_dagrun for example_short_circuit_decorator to 2023-08-12T20:15:08.340298+00:00, run_after=2023-08-13T20:15:08.340298+00:00
[2023-08-13T20:15:08.368+0000] {processor.py:179} INFO - Processing /home/airflow/.local/lib/python3.7/site-packages/airflow/example_dags/example_short_circuit_decorator.py took 0.108 seconds
[2023-08-13T20:15:38.643+0000] {processor.py:157} INFO - Started process (PID=1306) to work on /home/airflow/.local/lib/python3.7/site-packages/airflow/example_dags/example_short_circuit_decorator.py
[2023-08-13T20:15:38.647+0000] {processor.py:826} INFO - Processing file /home/airflow/.local/lib/python3.7/site-packages/airflow/example_dags/example_short_circuit_decorator.py for tasks to queue
[2023-08-13T20:15:38.649+0000] {logging_mixin.py:150} INFO - [2023-08-13T20:15:38.648+0000] {dagbag.py:541} INFO - Filling up the DagBag from /home/airflow/.local/lib/python3.7/site-packages/airflow/example_dags/example_short_circuit_decorator.py
[2023-08-13T20:15:38.672+0000] {processor.py:836} INFO - DAG(s) dict_keys(['example_short_circuit_decorator']) retrieved from /home/airflow/.local/lib/python3.7/site-packages/airflow/example_dags/example_short_circuit_decorator.py
[2023-08-13T20:15:38.731+0000] {logging_mixin.py:150} INFO - [2023-08-13T20:15:38.730+0000] {dag.py:2742} INFO - Sync 1 DAGs
[2023-08-13T20:15:38.787+0000] {logging_mixin.py:150} INFO - [2023-08-13T20:15:38.786+0000] {dag.py:3508} INFO - Setting next_dagrun for example_short_circuit_decorator to 2023-08-12T20:15:38.786369+00:00, run_after=2023-08-13T20:15:38.786369+00:00
[2023-08-13T20:15:38.835+0000] {processor.py:179} INFO - Processing /home/airflow/.local/lib/python3.7/site-packages/airflow/example_dags/example_short_circuit_decorator.py took 0.197 seconds
[2023-08-13T20:16:09.249+0000] {processor.py:157} INFO - Started process (PID=1373) to work on /home/airflow/.local/lib/python3.7/site-packages/airflow/example_dags/example_short_circuit_decorator.py
[2023-08-13T20:16:09.251+0000] {processor.py:826} INFO - Processing file /home/airflow/.local/lib/python3.7/site-packages/airflow/example_dags/example_short_circuit_decorator.py for tasks to queue
[2023-08-13T20:16:09.252+0000] {logging_mixin.py:150} INFO - [2023-08-13T20:16:09.252+0000] {dagbag.py:541} INFO - Filling up the DagBag from /home/airflow/.local/lib/python3.7/site-packages/airflow/example_dags/example_short_circuit_decorator.py
[2023-08-13T20:16:09.263+0000] {processor.py:836} INFO - DAG(s) dict_keys(['example_short_circuit_decorator']) retrieved from /home/airflow/.local/lib/python3.7/site-packages/airflow/example_dags/example_short_circuit_decorator.py
[2023-08-13T20:16:09.295+0000] {logging_mixin.py:150} INFO - [2023-08-13T20:16:09.294+0000] {dag.py:2742} INFO - Sync 1 DAGs
[2023-08-13T20:16:09.337+0000] {logging_mixin.py:150} INFO - [2023-08-13T20:16:09.337+0000] {dag.py:3508} INFO - Setting next_dagrun for example_short_circuit_decorator to 2023-08-12T20:16:09.337114+00:00, run_after=2023-08-13T20:16:09.337114+00:00
[2023-08-13T20:16:09.371+0000] {processor.py:179} INFO - Processing /home/airflow/.local/lib/python3.7/site-packages/airflow/example_dags/example_short_circuit_decorator.py took 0.125 seconds
[2023-08-13T20:16:39.638+0000] {processor.py:157} INFO - Started process (PID=1439) to work on /home/airflow/.local/lib/python3.7/site-packages/airflow/example_dags/example_short_circuit_decorator.py
[2023-08-13T20:16:39.639+0000] {processor.py:826} INFO - Processing file /home/airflow/.local/lib/python3.7/site-packages/airflow/example_dags/example_short_circuit_decorator.py for tasks to queue
[2023-08-13T20:16:39.640+0000] {logging_mixin.py:150} INFO - [2023-08-13T20:16:39.639+0000] {dagbag.py:541} INFO - Filling up the DagBag from /home/airflow/.local/lib/python3.7/site-packages/airflow/example_dags/example_short_circuit_decorator.py
[2023-08-13T20:16:39.649+0000] {processor.py:836} INFO - DAG(s) dict_keys(['example_short_circuit_decorator']) retrieved from /home/airflow/.local/lib/python3.7/site-packages/airflow/example_dags/example_short_circuit_decorator.py
[2023-08-13T20:16:39.678+0000] {logging_mixin.py:150} INFO - [2023-08-13T20:16:39.677+0000] {dag.py:2742} INFO - Sync 1 DAGs
[2023-08-13T20:16:39.706+0000] {logging_mixin.py:150} INFO - [2023-08-13T20:16:39.706+0000] {dag.py:3508} INFO - Setting next_dagrun for example_short_circuit_decorator to 2023-08-12T20:16:39.706329+00:00, run_after=2023-08-13T20:16:39.706329+00:00
[2023-08-13T20:16:39.737+0000] {processor.py:179} INFO - Processing /home/airflow/.local/lib/python3.7/site-packages/airflow/example_dags/example_short_circuit_decorator.py took 0.102 seconds
[2023-08-13T20:17:09.792+0000] {processor.py:157} INFO - Started process (PID=1505) to work on /home/airflow/.local/lib/python3.7/site-packages/airflow/example_dags/example_short_circuit_decorator.py
[2023-08-13T20:17:09.794+0000] {processor.py:826} INFO - Processing file /home/airflow/.local/lib/python3.7/site-packages/airflow/example_dags/example_short_circuit_decorator.py for tasks to queue
[2023-08-13T20:17:09.795+0000] {logging_mixin.py:150} INFO - [2023-08-13T20:17:09.795+0000] {dagbag.py:541} INFO - Filling up the DagBag from /home/airflow/.local/lib/python3.7/site-packages/airflow/example_dags/example_short_circuit_decorator.py
[2023-08-13T20:17:09.806+0000] {processor.py:836} INFO - DAG(s) dict_keys(['example_short_circuit_decorator']) retrieved from /home/airflow/.local/lib/python3.7/site-packages/airflow/example_dags/example_short_circuit_decorator.py
[2023-08-13T20:17:09.832+0000] {logging_mixin.py:150} INFO - [2023-08-13T20:17:09.832+0000] {dag.py:2742} INFO - Sync 1 DAGs
[2023-08-13T20:17:09.857+0000] {logging_mixin.py:150} INFO - [2023-08-13T20:17:09.857+0000] {dag.py:3508} INFO - Setting next_dagrun for example_short_circuit_decorator to 2023-08-12T20:17:09.856976+00:00, run_after=2023-08-13T20:17:09.856976+00:00
[2023-08-13T20:17:09.878+0000] {processor.py:179} INFO - Processing /home/airflow/.local/lib/python3.7/site-packages/airflow/example_dags/example_short_circuit_decorator.py took 0.089 seconds
[2023-08-13T20:17:40.330+0000] {processor.py:157} INFO - Started process (PID=1571) to work on /home/airflow/.local/lib/python3.7/site-packages/airflow/example_dags/example_short_circuit_decorator.py
[2023-08-13T20:17:40.332+0000] {processor.py:826} INFO - Processing file /home/airflow/.local/lib/python3.7/site-packages/airflow/example_dags/example_short_circuit_decorator.py for tasks to queue
[2023-08-13T20:17:40.333+0000] {logging_mixin.py:150} INFO - [2023-08-13T20:17:40.333+0000] {dagbag.py:541} INFO - Filling up the DagBag from /home/airflow/.local/lib/python3.7/site-packages/airflow/example_dags/example_short_circuit_decorator.py
[2023-08-13T20:17:40.348+0000] {processor.py:836} INFO - DAG(s) dict_keys(['example_short_circuit_decorator']) retrieved from /home/airflow/.local/lib/python3.7/site-packages/airflow/example_dags/example_short_circuit_decorator.py
[2023-08-13T20:17:40.388+0000] {logging_mixin.py:150} INFO - [2023-08-13T20:17:40.388+0000] {dag.py:2742} INFO - Sync 1 DAGs
[2023-08-13T20:17:40.425+0000] {logging_mixin.py:150} INFO - [2023-08-13T20:17:40.424+0000] {dag.py:3508} INFO - Setting next_dagrun for example_short_circuit_decorator to 2023-08-12T20:17:40.424395+00:00, run_after=2023-08-13T20:17:40.424395+00:00
[2023-08-13T20:17:40.457+0000] {processor.py:179} INFO - Processing /home/airflow/.local/lib/python3.7/site-packages/airflow/example_dags/example_short_circuit_decorator.py took 0.132 seconds
[2023-08-13T20:18:10.861+0000] {processor.py:157} INFO - Started process (PID=1638) to work on /home/airflow/.local/lib/python3.7/site-packages/airflow/example_dags/example_short_circuit_decorator.py
[2023-08-13T20:18:10.862+0000] {processor.py:826} INFO - Processing file /home/airflow/.local/lib/python3.7/site-packages/airflow/example_dags/example_short_circuit_decorator.py for tasks to queue
[2023-08-13T20:18:10.864+0000] {logging_mixin.py:150} INFO - [2023-08-13T20:18:10.863+0000] {dagbag.py:541} INFO - Filling up the DagBag from /home/airflow/.local/lib/python3.7/site-packages/airflow/example_dags/example_short_circuit_decorator.py
[2023-08-13T20:18:10.877+0000] {processor.py:836} INFO - DAG(s) dict_keys(['example_short_circuit_decorator']) retrieved from /home/airflow/.local/lib/python3.7/site-packages/airflow/example_dags/example_short_circuit_decorator.py
[2023-08-13T20:18:10.913+0000] {logging_mixin.py:150} INFO - [2023-08-13T20:18:10.913+0000] {dag.py:2742} INFO - Sync 1 DAGs
[2023-08-13T20:18:10.940+0000] {logging_mixin.py:150} INFO - [2023-08-13T20:18:10.940+0000] {dag.py:3508} INFO - Setting next_dagrun for example_short_circuit_decorator to 2023-08-12T20:18:10.940069+00:00, run_after=2023-08-13T20:18:10.940069+00:00
[2023-08-13T20:18:10.964+0000] {processor.py:179} INFO - Processing /home/airflow/.local/lib/python3.7/site-packages/airflow/example_dags/example_short_circuit_decorator.py took 0.107 seconds
[2023-08-13T20:18:41.259+0000] {processor.py:157} INFO - Started process (PID=1705) to work on /home/airflow/.local/lib/python3.7/site-packages/airflow/example_dags/example_short_circuit_decorator.py
[2023-08-13T20:18:41.260+0000] {processor.py:826} INFO - Processing file /home/airflow/.local/lib/python3.7/site-packages/airflow/example_dags/example_short_circuit_decorator.py for tasks to queue
[2023-08-13T20:18:41.262+0000] {logging_mixin.py:150} INFO - [2023-08-13T20:18:41.261+0000] {dagbag.py:541} INFO - Filling up the DagBag from /home/airflow/.local/lib/python3.7/site-packages/airflow/example_dags/example_short_circuit_decorator.py
[2023-08-13T20:18:41.274+0000] {processor.py:836} INFO - DAG(s) dict_keys(['example_short_circuit_decorator']) retrieved from /home/airflow/.local/lib/python3.7/site-packages/airflow/example_dags/example_short_circuit_decorator.py
[2023-08-13T20:18:41.306+0000] {logging_mixin.py:150} INFO - [2023-08-13T20:18:41.305+0000] {dag.py:2742} INFO - Sync 1 DAGs
[2023-08-13T20:18:41.348+0000] {logging_mixin.py:150} INFO - [2023-08-13T20:18:41.348+0000] {dag.py:3508} INFO - Setting next_dagrun for example_short_circuit_decorator to 2023-08-12T20:18:41.347978+00:00, run_after=2023-08-13T20:18:41.347978+00:00
[2023-08-13T20:18:41.384+0000] {processor.py:179} INFO - Processing /home/airflow/.local/lib/python3.7/site-packages/airflow/example_dags/example_short_circuit_decorator.py took 0.129 seconds
[2023-08-13T20:19:11.846+0000] {processor.py:157} INFO - Started process (PID=1771) to work on /home/airflow/.local/lib/python3.7/site-packages/airflow/example_dags/example_short_circuit_decorator.py
[2023-08-13T20:19:11.847+0000] {processor.py:826} INFO - Processing file /home/airflow/.local/lib/python3.7/site-packages/airflow/example_dags/example_short_circuit_decorator.py for tasks to queue
[2023-08-13T20:19:11.848+0000] {logging_mixin.py:150} INFO - [2023-08-13T20:19:11.848+0000] {dagbag.py:541} INFO - Filling up the DagBag from /home/airflow/.local/lib/python3.7/site-packages/airflow/example_dags/example_short_circuit_decorator.py
[2023-08-13T20:19:11.858+0000] {processor.py:836} INFO - DAG(s) dict_keys(['example_short_circuit_decorator']) retrieved from /home/airflow/.local/lib/python3.7/site-packages/airflow/example_dags/example_short_circuit_decorator.py
[2023-08-13T20:19:11.887+0000] {logging_mixin.py:150} INFO - [2023-08-13T20:19:11.887+0000] {dag.py:2742} INFO - Sync 1 DAGs
[2023-08-13T20:19:11.918+0000] {logging_mixin.py:150} INFO - [2023-08-13T20:19:11.918+0000] {dag.py:3508} INFO - Setting next_dagrun for example_short_circuit_decorator to 2023-08-12T20:19:11.918240+00:00, run_after=2023-08-13T20:19:11.918240+00:00
[2023-08-13T20:19:11.941+0000] {processor.py:179} INFO - Processing /home/airflow/.local/lib/python3.7/site-packages/airflow/example_dags/example_short_circuit_decorator.py took 0.100 seconds
[2023-08-13T20:19:42.880+0000] {processor.py:157} INFO - Started process (PID=1836) to work on /home/airflow/.local/lib/python3.7/site-packages/airflow/example_dags/example_short_circuit_decorator.py
[2023-08-13T20:19:42.882+0000] {processor.py:826} INFO - Processing file /home/airflow/.local/lib/python3.7/site-packages/airflow/example_dags/example_short_circuit_decorator.py for tasks to queue
[2023-08-13T20:19:42.883+0000] {logging_mixin.py:150} INFO - [2023-08-13T20:19:42.883+0000] {dagbag.py:541} INFO - Filling up the DagBag from /home/airflow/.local/lib/python3.7/site-packages/airflow/example_dags/example_short_circuit_decorator.py
[2023-08-13T20:19:42.892+0000] {processor.py:836} INFO - DAG(s) dict_keys(['example_short_circuit_decorator']) retrieved from /home/airflow/.local/lib/python3.7/site-packages/airflow/example_dags/example_short_circuit_decorator.py
[2023-08-13T20:19:42.928+0000] {logging_mixin.py:150} INFO - [2023-08-13T20:19:42.928+0000] {dag.py:2742} INFO - Sync 1 DAGs
[2023-08-13T20:19:42.964+0000] {logging_mixin.py:150} INFO - [2023-08-13T20:19:42.964+0000] {dag.py:3508} INFO - Setting next_dagrun for example_short_circuit_decorator to 2023-08-12T20:19:42.964321+00:00, run_after=2023-08-13T20:19:42.964321+00:00
[2023-08-13T20:19:42.988+0000] {processor.py:179} INFO - Processing /home/airflow/.local/lib/python3.7/site-packages/airflow/example_dags/example_short_circuit_decorator.py took 0.111 seconds
[2023-08-13T20:20:13.187+0000] {processor.py:157} INFO - Started process (PID=1890) to work on /home/airflow/.local/lib/python3.7/site-packages/airflow/example_dags/example_short_circuit_decorator.py
[2023-08-13T20:20:13.188+0000] {processor.py:826} INFO - Processing file /home/airflow/.local/lib/python3.7/site-packages/airflow/example_dags/example_short_circuit_decorator.py for tasks to queue
[2023-08-13T20:20:13.189+0000] {logging_mixin.py:150} INFO - [2023-08-13T20:20:13.189+0000] {dagbag.py:541} INFO - Filling up the DagBag from /home/airflow/.local/lib/python3.7/site-packages/airflow/example_dags/example_short_circuit_decorator.py
[2023-08-13T20:20:13.199+0000] {processor.py:836} INFO - DAG(s) dict_keys(['example_short_circuit_decorator']) retrieved from /home/airflow/.local/lib/python3.7/site-packages/airflow/example_dags/example_short_circuit_decorator.py
[2023-08-13T20:20:13.239+0000] {logging_mixin.py:150} INFO - [2023-08-13T20:20:13.238+0000] {dag.py:2742} INFO - Sync 1 DAGs
[2023-08-13T20:20:13.273+0000] {logging_mixin.py:150} INFO - [2023-08-13T20:20:13.273+0000] {dag.py:3508} INFO - Setting next_dagrun for example_short_circuit_decorator to 2023-08-12T20:20:13.273444+00:00, run_after=2023-08-13T20:20:13.273444+00:00
[2023-08-13T20:20:13.303+0000] {processor.py:179} INFO - Processing /home/airflow/.local/lib/python3.7/site-packages/airflow/example_dags/example_short_circuit_decorator.py took 0.120 seconds
[2023-08-13T20:20:43.917+0000] {processor.py:157} INFO - Started process (PID=1956) to work on /home/airflow/.local/lib/python3.7/site-packages/airflow/example_dags/example_short_circuit_decorator.py
[2023-08-13T20:20:43.919+0000] {processor.py:826} INFO - Processing file /home/airflow/.local/lib/python3.7/site-packages/airflow/example_dags/example_short_circuit_decorator.py for tasks to queue
[2023-08-13T20:20:43.920+0000] {logging_mixin.py:150} INFO - [2023-08-13T20:20:43.919+0000] {dagbag.py:541} INFO - Filling up the DagBag from /home/airflow/.local/lib/python3.7/site-packages/airflow/example_dags/example_short_circuit_decorator.py
[2023-08-13T20:20:43.928+0000] {processor.py:836} INFO - DAG(s) dict_keys(['example_short_circuit_decorator']) retrieved from /home/airflow/.local/lib/python3.7/site-packages/airflow/example_dags/example_short_circuit_decorator.py
[2023-08-13T20:20:43.958+0000] {logging_mixin.py:150} INFO - [2023-08-13T20:20:43.958+0000] {dag.py:2742} INFO - Sync 1 DAGs
[2023-08-13T20:20:43.993+0000] {logging_mixin.py:150} INFO - [2023-08-13T20:20:43.993+0000] {dag.py:3508} INFO - Setting next_dagrun for example_short_circuit_decorator to 2023-08-12T20:20:43.993015+00:00, run_after=2023-08-13T20:20:43.993015+00:00
[2023-08-13T20:20:44.016+0000] {processor.py:179} INFO - Processing /home/airflow/.local/lib/python3.7/site-packages/airflow/example_dags/example_short_circuit_decorator.py took 0.101 seconds
[2023-08-13T20:21:14.468+0000] {processor.py:157} INFO - Started process (PID=2022) to work on /home/airflow/.local/lib/python3.7/site-packages/airflow/example_dags/example_short_circuit_decorator.py
[2023-08-13T20:21:14.470+0000] {processor.py:826} INFO - Processing file /home/airflow/.local/lib/python3.7/site-packages/airflow/example_dags/example_short_circuit_decorator.py for tasks to queue
[2023-08-13T20:21:14.472+0000] {logging_mixin.py:150} INFO - [2023-08-13T20:21:14.471+0000] {dagbag.py:541} INFO - Filling up the DagBag from /home/airflow/.local/lib/python3.7/site-packages/airflow/example_dags/example_short_circuit_decorator.py
[2023-08-13T20:21:14.488+0000] {processor.py:836} INFO - DAG(s) dict_keys(['example_short_circuit_decorator']) retrieved from /home/airflow/.local/lib/python3.7/site-packages/airflow/example_dags/example_short_circuit_decorator.py
[2023-08-13T20:21:14.527+0000] {logging_mixin.py:150} INFO - [2023-08-13T20:21:14.527+0000] {dag.py:2742} INFO - Sync 1 DAGs
[2023-08-13T20:21:14.568+0000] {logging_mixin.py:150} INFO - [2023-08-13T20:21:14.567+0000] {dag.py:3508} INFO - Setting next_dagrun for example_short_circuit_decorator to 2023-08-12T20:21:14.566877+00:00, run_after=2023-08-13T20:21:14.566877+00:00
[2023-08-13T20:21:14.600+0000] {processor.py:179} INFO - Processing /home/airflow/.local/lib/python3.7/site-packages/airflow/example_dags/example_short_circuit_decorator.py took 0.137 seconds
[2023-08-13T20:21:44.779+0000] {processor.py:157} INFO - Started process (PID=2088) to work on /home/airflow/.local/lib/python3.7/site-packages/airflow/example_dags/example_short_circuit_decorator.py
[2023-08-13T20:21:44.780+0000] {processor.py:826} INFO - Processing file /home/airflow/.local/lib/python3.7/site-packages/airflow/example_dags/example_short_circuit_decorator.py for tasks to queue
[2023-08-13T20:21:44.781+0000] {logging_mixin.py:150} INFO - [2023-08-13T20:21:44.781+0000] {dagbag.py:541} INFO - Filling up the DagBag from /home/airflow/.local/lib/python3.7/site-packages/airflow/example_dags/example_short_circuit_decorator.py
[2023-08-13T20:21:44.791+0000] {processor.py:836} INFO - DAG(s) dict_keys(['example_short_circuit_decorator']) retrieved from /home/airflow/.local/lib/python3.7/site-packages/airflow/example_dags/example_short_circuit_decorator.py
[2023-08-13T20:21:44.829+0000] {logging_mixin.py:150} INFO - [2023-08-13T20:21:44.829+0000] {dag.py:2742} INFO - Sync 1 DAGs
[2023-08-13T20:21:44.874+0000] {logging_mixin.py:150} INFO - [2023-08-13T20:21:44.874+0000] {dag.py:3508} INFO - Setting next_dagrun for example_short_circuit_decorator to 2023-08-12T20:21:44.873711+00:00, run_after=2023-08-13T20:21:44.873711+00:00
[2023-08-13T20:21:44.901+0000] {processor.py:179} INFO - Processing /home/airflow/.local/lib/python3.7/site-packages/airflow/example_dags/example_short_circuit_decorator.py took 0.126 seconds
[2023-08-13T20:22:15.122+0000] {processor.py:157} INFO - Started process (PID=2154) to work on /home/airflow/.local/lib/python3.7/site-packages/airflow/example_dags/example_short_circuit_decorator.py
[2023-08-13T20:22:15.123+0000] {processor.py:826} INFO - Processing file /home/airflow/.local/lib/python3.7/site-packages/airflow/example_dags/example_short_circuit_decorator.py for tasks to queue
[2023-08-13T20:22:15.124+0000] {logging_mixin.py:150} INFO - [2023-08-13T20:22:15.124+0000] {dagbag.py:541} INFO - Filling up the DagBag from /home/airflow/.local/lib/python3.7/site-packages/airflow/example_dags/example_short_circuit_decorator.py
[2023-08-13T20:22:15.134+0000] {processor.py:836} INFO - DAG(s) dict_keys(['example_short_circuit_decorator']) retrieved from /home/airflow/.local/lib/python3.7/site-packages/airflow/example_dags/example_short_circuit_decorator.py
[2023-08-13T20:22:15.163+0000] {logging_mixin.py:150} INFO - [2023-08-13T20:22:15.163+0000] {dag.py:2742} INFO - Sync 1 DAGs
[2023-08-13T20:22:15.189+0000] {logging_mixin.py:150} INFO - [2023-08-13T20:22:15.189+0000] {dag.py:3508} INFO - Setting next_dagrun for example_short_circuit_decorator to 2023-08-12T20:22:15.188741+00:00, run_after=2023-08-13T20:22:15.188741+00:00
[2023-08-13T20:22:15.210+0000] {processor.py:179} INFO - Processing /home/airflow/.local/lib/python3.7/site-packages/airflow/example_dags/example_short_circuit_decorator.py took 0.091 seconds
[2023-08-13T20:22:46.026+0000] {processor.py:157} INFO - Started process (PID=2221) to work on /home/airflow/.local/lib/python3.7/site-packages/airflow/example_dags/example_short_circuit_decorator.py
[2023-08-13T20:22:46.028+0000] {processor.py:826} INFO - Processing file /home/airflow/.local/lib/python3.7/site-packages/airflow/example_dags/example_short_circuit_decorator.py for tasks to queue
[2023-08-13T20:22:46.029+0000] {logging_mixin.py:150} INFO - [2023-08-13T20:22:46.029+0000] {dagbag.py:541} INFO - Filling up the DagBag from /home/airflow/.local/lib/python3.7/site-packages/airflow/example_dags/example_short_circuit_decorator.py
[2023-08-13T20:22:46.039+0000] {processor.py:836} INFO - DAG(s) dict_keys(['example_short_circuit_decorator']) retrieved from /home/airflow/.local/lib/python3.7/site-packages/airflow/example_dags/example_short_circuit_decorator.py
[2023-08-13T20:22:46.077+0000] {logging_mixin.py:150} INFO - [2023-08-13T20:22:46.077+0000] {dag.py:2742} INFO - Sync 1 DAGs
[2023-08-13T20:22:46.111+0000] {logging_mixin.py:150} INFO - [2023-08-13T20:22:46.111+0000] {dag.py:3508} INFO - Setting next_dagrun for example_short_circuit_decorator to 2023-08-12T20:22:46.111061+00:00, run_after=2023-08-13T20:22:46.111061+00:00
[2023-08-13T20:22:46.136+0000] {processor.py:179} INFO - Processing /home/airflow/.local/lib/python3.7/site-packages/airflow/example_dags/example_short_circuit_decorator.py took 0.114 seconds
[2023-08-13T20:23:16.535+0000] {processor.py:157} INFO - Started process (PID=2287) to work on /home/airflow/.local/lib/python3.7/site-packages/airflow/example_dags/example_short_circuit_decorator.py
[2023-08-13T20:23:16.537+0000] {processor.py:826} INFO - Processing file /home/airflow/.local/lib/python3.7/site-packages/airflow/example_dags/example_short_circuit_decorator.py for tasks to queue
[2023-08-13T20:23:16.538+0000] {logging_mixin.py:150} INFO - [2023-08-13T20:23:16.537+0000] {dagbag.py:541} INFO - Filling up the DagBag from /home/airflow/.local/lib/python3.7/site-packages/airflow/example_dags/example_short_circuit_decorator.py
[2023-08-13T20:23:16.546+0000] {processor.py:836} INFO - DAG(s) dict_keys(['example_short_circuit_decorator']) retrieved from /home/airflow/.local/lib/python3.7/site-packages/airflow/example_dags/example_short_circuit_decorator.py
[2023-08-13T20:23:16.573+0000] {logging_mixin.py:150} INFO - [2023-08-13T20:23:16.573+0000] {dag.py:2742} INFO - Sync 1 DAGs
[2023-08-13T20:23:16.599+0000] {logging_mixin.py:150} INFO - [2023-08-13T20:23:16.598+0000] {dag.py:3508} INFO - Setting next_dagrun for example_short_circuit_decorator to 2023-08-12T20:23:16.598748+00:00, run_after=2023-08-13T20:23:16.598748+00:00
[2023-08-13T20:23:16.618+0000] {processor.py:179} INFO - Processing /home/airflow/.local/lib/python3.7/site-packages/airflow/example_dags/example_short_circuit_decorator.py took 0.086 seconds
