[2023-08-13T18:41:12.058+0000] {processor.py:157} INFO - Started process (PID=67) to work on /home/airflow/.local/lib/python3.7/site-packages/airflow/example_dags/example_dynamic_task_mapping.py
[2023-08-13T18:41:12.060+0000] {processor.py:826} INFO - Processing file /home/airflow/.local/lib/python3.7/site-packages/airflow/example_dags/example_dynamic_task_mapping.py for tasks to queue
[2023-08-13T18:41:12.061+0000] {logging_mixin.py:150} INFO - [2023-08-13T18:41:12.061+0000] {dagbag.py:541} INFO - Filling up the DagBag from /home/airflow/.local/lib/python3.7/site-packages/airflow/example_dags/example_dynamic_task_mapping.py
[2023-08-13T18:41:12.078+0000] {processor.py:836} INFO - DAG(s) dict_keys(['example_dynamic_task_mapping']) retrieved from /home/airflow/.local/lib/python3.7/site-packages/airflow/example_dags/example_dynamic_task_mapping.py
[2023-08-13T18:41:12.101+0000] {logging_mixin.py:150} INFO - [2023-08-13T18:41:12.101+0000] {dag.py:2742} INFO - Sync 1 DAGs
[2023-08-13T18:41:12.179+0000] {logging_mixin.py:150} INFO - [2023-08-13T18:41:12.178+0000] {dag.py:3508} INFO - Setting next_dagrun for example_dynamic_task_mapping to 2022-03-04T00:00:00+00:00, run_after=2022-03-05T00:00:00+00:00
[2023-08-13T18:41:12.240+0000] {processor.py:179} INFO - Processing /home/airflow/.local/lib/python3.7/site-packages/airflow/example_dags/example_dynamic_task_mapping.py took 0.186 seconds
[2023-08-13T18:41:42.897+0000] {processor.py:157} INFO - Started process (PID=132) to work on /home/airflow/.local/lib/python3.7/site-packages/airflow/example_dags/example_dynamic_task_mapping.py
[2023-08-13T18:41:42.898+0000] {processor.py:826} INFO - Processing file /home/airflow/.local/lib/python3.7/site-packages/airflow/example_dags/example_dynamic_task_mapping.py for tasks to queue
[2023-08-13T18:41:42.899+0000] {logging_mixin.py:150} INFO - [2023-08-13T18:41:42.899+0000] {dagbag.py:541} INFO - Filling up the DagBag from /home/airflow/.local/lib/python3.7/site-packages/airflow/example_dags/example_dynamic_task_mapping.py
[2023-08-13T18:41:42.905+0000] {processor.py:836} INFO - DAG(s) dict_keys(['example_dynamic_task_mapping']) retrieved from /home/airflow/.local/lib/python3.7/site-packages/airflow/example_dags/example_dynamic_task_mapping.py
[2023-08-13T18:41:42.927+0000] {logging_mixin.py:150} INFO - [2023-08-13T18:41:42.927+0000] {dag.py:2742} INFO - Sync 1 DAGs
[2023-08-13T18:41:42.950+0000] {logging_mixin.py:150} INFO - [2023-08-13T18:41:42.950+0000] {dag.py:3508} INFO - Setting next_dagrun for example_dynamic_task_mapping to 2022-03-04T00:00:00+00:00, run_after=2022-03-05T00:00:00+00:00
[2023-08-13T18:41:42.969+0000] {processor.py:179} INFO - Processing /home/airflow/.local/lib/python3.7/site-packages/airflow/example_dags/example_dynamic_task_mapping.py took 0.074 seconds
[2023-08-13T18:42:13.672+0000] {processor.py:157} INFO - Started process (PID=197) to work on /home/airflow/.local/lib/python3.7/site-packages/airflow/example_dags/example_dynamic_task_mapping.py
[2023-08-13T18:42:13.674+0000] {processor.py:826} INFO - Processing file /home/airflow/.local/lib/python3.7/site-packages/airflow/example_dags/example_dynamic_task_mapping.py for tasks to queue
[2023-08-13T18:42:13.676+0000] {logging_mixin.py:150} INFO - [2023-08-13T18:42:13.676+0000] {dagbag.py:541} INFO - Filling up the DagBag from /home/airflow/.local/lib/python3.7/site-packages/airflow/example_dags/example_dynamic_task_mapping.py
[2023-08-13T18:42:13.689+0000] {processor.py:836} INFO - DAG(s) dict_keys(['example_dynamic_task_mapping']) retrieved from /home/airflow/.local/lib/python3.7/site-packages/airflow/example_dags/example_dynamic_task_mapping.py
[2023-08-13T18:42:13.727+0000] {logging_mixin.py:150} INFO - [2023-08-13T18:42:13.727+0000] {dag.py:2742} INFO - Sync 1 DAGs
[2023-08-13T18:42:13.778+0000] {logging_mixin.py:150} INFO - [2023-08-13T18:42:13.777+0000] {dag.py:3508} INFO - Setting next_dagrun for example_dynamic_task_mapping to 2022-03-04T00:00:00+00:00, run_after=2022-03-05T00:00:00+00:00
[2023-08-13T18:42:13.821+0000] {processor.py:179} INFO - Processing /home/airflow/.local/lib/python3.7/site-packages/airflow/example_dags/example_dynamic_task_mapping.py took 0.154 seconds
[2023-08-13T18:42:44.619+0000] {processor.py:157} INFO - Started process (PID=262) to work on /home/airflow/.local/lib/python3.7/site-packages/airflow/example_dags/example_dynamic_task_mapping.py
[2023-08-13T18:42:44.620+0000] {processor.py:826} INFO - Processing file /home/airflow/.local/lib/python3.7/site-packages/airflow/example_dags/example_dynamic_task_mapping.py for tasks to queue
[2023-08-13T18:42:44.621+0000] {logging_mixin.py:150} INFO - [2023-08-13T18:42:44.620+0000] {dagbag.py:541} INFO - Filling up the DagBag from /home/airflow/.local/lib/python3.7/site-packages/airflow/example_dags/example_dynamic_task_mapping.py
[2023-08-13T18:42:44.627+0000] {processor.py:836} INFO - DAG(s) dict_keys(['example_dynamic_task_mapping']) retrieved from /home/airflow/.local/lib/python3.7/site-packages/airflow/example_dags/example_dynamic_task_mapping.py
[2023-08-13T18:42:44.649+0000] {logging_mixin.py:150} INFO - [2023-08-13T18:42:44.648+0000] {dag.py:2742} INFO - Sync 1 DAGs
[2023-08-13T18:42:44.675+0000] {logging_mixin.py:150} INFO - [2023-08-13T18:42:44.675+0000] {dag.py:3508} INFO - Setting next_dagrun for example_dynamic_task_mapping to 2022-03-04T00:00:00+00:00, run_after=2022-03-05T00:00:00+00:00
[2023-08-13T18:42:44.697+0000] {processor.py:179} INFO - Processing /home/airflow/.local/lib/python3.7/site-packages/airflow/example_dags/example_dynamic_task_mapping.py took 0.081 seconds
[2023-08-13T18:43:16.776+0000] {processor.py:157} INFO - Started process (PID=327) to work on /home/airflow/.local/lib/python3.7/site-packages/airflow/example_dags/example_dynamic_task_mapping.py
[2023-08-13T18:43:16.778+0000] {processor.py:826} INFO - Processing file /home/airflow/.local/lib/python3.7/site-packages/airflow/example_dags/example_dynamic_task_mapping.py for tasks to queue
[2023-08-13T18:43:16.780+0000] {logging_mixin.py:150} INFO - [2023-08-13T18:43:16.779+0000] {dagbag.py:541} INFO - Filling up the DagBag from /home/airflow/.local/lib/python3.7/site-packages/airflow/example_dags/example_dynamic_task_mapping.py
[2023-08-13T18:43:16.795+0000] {processor.py:836} INFO - DAG(s) dict_keys(['example_dynamic_task_mapping']) retrieved from /home/airflow/.local/lib/python3.7/site-packages/airflow/example_dags/example_dynamic_task_mapping.py
[2023-08-13T18:43:16.850+0000] {logging_mixin.py:150} INFO - [2023-08-13T18:43:16.849+0000] {dag.py:2742} INFO - Sync 1 DAGs
[2023-08-13T18:43:16.922+0000] {logging_mixin.py:150} INFO - [2023-08-13T18:43:16.921+0000] {dag.py:3508} INFO - Setting next_dagrun for example_dynamic_task_mapping to 2022-03-04T00:00:00+00:00, run_after=2022-03-05T00:00:00+00:00
[2023-08-13T18:43:16.989+0000] {processor.py:179} INFO - Processing /home/airflow/.local/lib/python3.7/site-packages/airflow/example_dags/example_dynamic_task_mapping.py took 0.217 seconds
[2023-08-13T18:43:47.206+0000] {processor.py:157} INFO - Started process (PID=391) to work on /home/airflow/.local/lib/python3.7/site-packages/airflow/example_dags/example_dynamic_task_mapping.py
[2023-08-13T18:43:47.208+0000] {processor.py:826} INFO - Processing file /home/airflow/.local/lib/python3.7/site-packages/airflow/example_dags/example_dynamic_task_mapping.py for tasks to queue
[2023-08-13T18:43:47.210+0000] {logging_mixin.py:150} INFO - [2023-08-13T18:43:47.209+0000] {dagbag.py:541} INFO - Filling up the DagBag from /home/airflow/.local/lib/python3.7/site-packages/airflow/example_dags/example_dynamic_task_mapping.py
[2023-08-13T18:43:47.227+0000] {processor.py:836} INFO - DAG(s) dict_keys(['example_dynamic_task_mapping']) retrieved from /home/airflow/.local/lib/python3.7/site-packages/airflow/example_dags/example_dynamic_task_mapping.py
[2023-08-13T18:43:47.268+0000] {logging_mixin.py:150} INFO - [2023-08-13T18:43:47.267+0000] {dag.py:2742} INFO - Sync 1 DAGs
[2023-08-13T18:43:47.312+0000] {logging_mixin.py:150} INFO - [2023-08-13T18:43:47.311+0000] {dag.py:3508} INFO - Setting next_dagrun for example_dynamic_task_mapping to 2022-03-04T00:00:00+00:00, run_after=2022-03-05T00:00:00+00:00
[2023-08-13T18:43:47.350+0000] {processor.py:179} INFO - Processing /home/airflow/.local/lib/python3.7/site-packages/airflow/example_dags/example_dynamic_task_mapping.py took 0.150 seconds
[2023-08-13T18:44:17.576+0000] {processor.py:157} INFO - Started process (PID=456) to work on /home/airflow/.local/lib/python3.7/site-packages/airflow/example_dags/example_dynamic_task_mapping.py
[2023-08-13T18:44:17.577+0000] {processor.py:826} INFO - Processing file /home/airflow/.local/lib/python3.7/site-packages/airflow/example_dags/example_dynamic_task_mapping.py for tasks to queue
[2023-08-13T18:44:17.579+0000] {logging_mixin.py:150} INFO - [2023-08-13T18:44:17.578+0000] {dagbag.py:541} INFO - Filling up the DagBag from /home/airflow/.local/lib/python3.7/site-packages/airflow/example_dags/example_dynamic_task_mapping.py
[2023-08-13T18:44:17.587+0000] {processor.py:836} INFO - DAG(s) dict_keys(['example_dynamic_task_mapping']) retrieved from /home/airflow/.local/lib/python3.7/site-packages/airflow/example_dags/example_dynamic_task_mapping.py
[2023-08-13T18:44:17.612+0000] {logging_mixin.py:150} INFO - [2023-08-13T18:44:17.612+0000] {dag.py:2742} INFO - Sync 1 DAGs
[2023-08-13T18:44:17.644+0000] {logging_mixin.py:150} INFO - [2023-08-13T18:44:17.644+0000] {dag.py:3508} INFO - Setting next_dagrun for example_dynamic_task_mapping to 2022-03-04T00:00:00+00:00, run_after=2022-03-05T00:00:00+00:00
[2023-08-13T18:44:17.670+0000] {processor.py:179} INFO - Processing /home/airflow/.local/lib/python3.7/site-packages/airflow/example_dags/example_dynamic_task_mapping.py took 0.098 seconds
[2023-08-13T18:44:49.621+0000] {processor.py:157} INFO - Started process (PID=521) to work on /home/airflow/.local/lib/python3.7/site-packages/airflow/example_dags/example_dynamic_task_mapping.py
[2023-08-13T18:44:49.622+0000] {processor.py:826} INFO - Processing file /home/airflow/.local/lib/python3.7/site-packages/airflow/example_dags/example_dynamic_task_mapping.py for tasks to queue
[2023-08-13T18:44:49.624+0000] {logging_mixin.py:150} INFO - [2023-08-13T18:44:49.623+0000] {dagbag.py:541} INFO - Filling up the DagBag from /home/airflow/.local/lib/python3.7/site-packages/airflow/example_dags/example_dynamic_task_mapping.py
[2023-08-13T18:44:49.634+0000] {processor.py:836} INFO - DAG(s) dict_keys(['example_dynamic_task_mapping']) retrieved from /home/airflow/.local/lib/python3.7/site-packages/airflow/example_dags/example_dynamic_task_mapping.py
[2023-08-13T18:44:49.666+0000] {logging_mixin.py:150} INFO - [2023-08-13T18:44:49.665+0000] {dag.py:2742} INFO - Sync 1 DAGs
[2023-08-13T18:44:49.708+0000] {logging_mixin.py:150} INFO - [2023-08-13T18:44:49.708+0000] {dag.py:3508} INFO - Setting next_dagrun for example_dynamic_task_mapping to 2022-03-04T00:00:00+00:00, run_after=2022-03-05T00:00:00+00:00
[2023-08-13T18:44:49.740+0000] {processor.py:179} INFO - Processing /home/airflow/.local/lib/python3.7/site-packages/airflow/example_dags/example_dynamic_task_mapping.py took 0.123 seconds
[2023-08-13T18:45:21.440+0000] {processor.py:157} INFO - Started process (PID=586) to work on /home/airflow/.local/lib/python3.7/site-packages/airflow/example_dags/example_dynamic_task_mapping.py
[2023-08-13T18:45:21.442+0000] {processor.py:826} INFO - Processing file /home/airflow/.local/lib/python3.7/site-packages/airflow/example_dags/example_dynamic_task_mapping.py for tasks to queue
[2023-08-13T18:45:21.443+0000] {logging_mixin.py:150} INFO - [2023-08-13T18:45:21.442+0000] {dagbag.py:541} INFO - Filling up the DagBag from /home/airflow/.local/lib/python3.7/site-packages/airflow/example_dags/example_dynamic_task_mapping.py
[2023-08-13T18:45:21.451+0000] {processor.py:836} INFO - DAG(s) dict_keys(['example_dynamic_task_mapping']) retrieved from /home/airflow/.local/lib/python3.7/site-packages/airflow/example_dags/example_dynamic_task_mapping.py
[2023-08-13T18:45:21.489+0000] {logging_mixin.py:150} INFO - [2023-08-13T18:45:21.488+0000] {dag.py:2742} INFO - Sync 1 DAGs
[2023-08-13T18:45:21.532+0000] {logging_mixin.py:150} INFO - [2023-08-13T18:45:21.531+0000] {dag.py:3508} INFO - Setting next_dagrun for example_dynamic_task_mapping to 2022-03-04T00:00:00+00:00, run_after=2022-03-05T00:00:00+00:00
[2023-08-13T18:45:22.188+0000] {processor.py:179} INFO - Processing /home/airflow/.local/lib/python3.7/site-packages/airflow/example_dags/example_dynamic_task_mapping.py took 0.751 seconds
[2023-08-13T18:45:52.418+0000] {processor.py:157} INFO - Started process (PID=651) to work on /home/airflow/.local/lib/python3.7/site-packages/airflow/example_dags/example_dynamic_task_mapping.py
[2023-08-13T18:45:52.419+0000] {processor.py:826} INFO - Processing file /home/airflow/.local/lib/python3.7/site-packages/airflow/example_dags/example_dynamic_task_mapping.py for tasks to queue
[2023-08-13T18:45:52.421+0000] {logging_mixin.py:150} INFO - [2023-08-13T18:45:52.420+0000] {dagbag.py:541} INFO - Filling up the DagBag from /home/airflow/.local/lib/python3.7/site-packages/airflow/example_dags/example_dynamic_task_mapping.py
[2023-08-13T18:45:52.432+0000] {processor.py:836} INFO - DAG(s) dict_keys(['example_dynamic_task_mapping']) retrieved from /home/airflow/.local/lib/python3.7/site-packages/airflow/example_dags/example_dynamic_task_mapping.py
[2023-08-13T18:45:52.461+0000] {logging_mixin.py:150} INFO - [2023-08-13T18:45:52.460+0000] {dag.py:2742} INFO - Sync 1 DAGs
[2023-08-13T18:45:52.499+0000] {logging_mixin.py:150} INFO - [2023-08-13T18:45:52.499+0000] {dag.py:3508} INFO - Setting next_dagrun for example_dynamic_task_mapping to 2022-03-04T00:00:00+00:00, run_after=2022-03-05T00:00:00+00:00
[2023-08-13T18:45:52.528+0000] {processor.py:179} INFO - Processing /home/airflow/.local/lib/python3.7/site-packages/airflow/example_dags/example_dynamic_task_mapping.py took 0.114 seconds
[2023-08-13T18:46:22.562+0000] {processor.py:157} INFO - Started process (PID=716) to work on /home/airflow/.local/lib/python3.7/site-packages/airflow/example_dags/example_dynamic_task_mapping.py
[2023-08-13T18:46:22.564+0000] {processor.py:826} INFO - Processing file /home/airflow/.local/lib/python3.7/site-packages/airflow/example_dags/example_dynamic_task_mapping.py for tasks to queue
[2023-08-13T18:46:22.564+0000] {logging_mixin.py:150} INFO - [2023-08-13T18:46:22.564+0000] {dagbag.py:541} INFO - Filling up the DagBag from /home/airflow/.local/lib/python3.7/site-packages/airflow/example_dags/example_dynamic_task_mapping.py
[2023-08-13T18:46:22.571+0000] {processor.py:836} INFO - DAG(s) dict_keys(['example_dynamic_task_mapping']) retrieved from /home/airflow/.local/lib/python3.7/site-packages/airflow/example_dags/example_dynamic_task_mapping.py
[2023-08-13T18:46:22.594+0000] {logging_mixin.py:150} INFO - [2023-08-13T18:46:22.594+0000] {dag.py:2742} INFO - Sync 1 DAGs
[2023-08-13T18:46:22.619+0000] {logging_mixin.py:150} INFO - [2023-08-13T18:46:22.619+0000] {dag.py:3508} INFO - Setting next_dagrun for example_dynamic_task_mapping to 2022-03-04T00:00:00+00:00, run_after=2022-03-05T00:00:00+00:00
[2023-08-13T18:46:22.641+0000] {processor.py:179} INFO - Processing /home/airflow/.local/lib/python3.7/site-packages/airflow/example_dags/example_dynamic_task_mapping.py took 0.082 seconds
[2023-08-13T18:46:53.054+0000] {processor.py:157} INFO - Started process (PID=781) to work on /home/airflow/.local/lib/python3.7/site-packages/airflow/example_dags/example_dynamic_task_mapping.py
[2023-08-13T18:46:53.056+0000] {processor.py:826} INFO - Processing file /home/airflow/.local/lib/python3.7/site-packages/airflow/example_dags/example_dynamic_task_mapping.py for tasks to queue
[2023-08-13T18:46:53.058+0000] {logging_mixin.py:150} INFO - [2023-08-13T18:46:53.057+0000] {dagbag.py:541} INFO - Filling up the DagBag from /home/airflow/.local/lib/python3.7/site-packages/airflow/example_dags/example_dynamic_task_mapping.py
[2023-08-13T18:46:53.071+0000] {processor.py:836} INFO - DAG(s) dict_keys(['example_dynamic_task_mapping']) retrieved from /home/airflow/.local/lib/python3.7/site-packages/airflow/example_dags/example_dynamic_task_mapping.py
[2023-08-13T18:46:53.105+0000] {logging_mixin.py:150} INFO - [2023-08-13T18:46:53.105+0000] {dag.py:2742} INFO - Sync 1 DAGs
[2023-08-13T18:46:53.148+0000] {logging_mixin.py:150} INFO - [2023-08-13T18:46:53.148+0000] {dag.py:3508} INFO - Setting next_dagrun for example_dynamic_task_mapping to 2022-03-04T00:00:00+00:00, run_after=2022-03-05T00:00:00+00:00
[2023-08-13T18:46:53.182+0000] {processor.py:179} INFO - Processing /home/airflow/.local/lib/python3.7/site-packages/airflow/example_dags/example_dynamic_task_mapping.py took 0.132 seconds
[2023-08-13T18:47:23.908+0000] {processor.py:157} INFO - Started process (PID=846) to work on /home/airflow/.local/lib/python3.7/site-packages/airflow/example_dags/example_dynamic_task_mapping.py
[2023-08-13T18:47:23.909+0000] {processor.py:826} INFO - Processing file /home/airflow/.local/lib/python3.7/site-packages/airflow/example_dags/example_dynamic_task_mapping.py for tasks to queue
[2023-08-13T18:47:23.910+0000] {logging_mixin.py:150} INFO - [2023-08-13T18:47:23.910+0000] {dagbag.py:541} INFO - Filling up the DagBag from /home/airflow/.local/lib/python3.7/site-packages/airflow/example_dags/example_dynamic_task_mapping.py
[2023-08-13T18:47:23.919+0000] {processor.py:836} INFO - DAG(s) dict_keys(['example_dynamic_task_mapping']) retrieved from /home/airflow/.local/lib/python3.7/site-packages/airflow/example_dags/example_dynamic_task_mapping.py
[2023-08-13T18:47:23.945+0000] {logging_mixin.py:150} INFO - [2023-08-13T18:47:23.945+0000] {dag.py:2742} INFO - Sync 1 DAGs
[2023-08-13T18:47:23.979+0000] {logging_mixin.py:150} INFO - [2023-08-13T18:47:23.979+0000] {dag.py:3508} INFO - Setting next_dagrun for example_dynamic_task_mapping to 2022-03-04T00:00:00+00:00, run_after=2022-03-05T00:00:00+00:00
[2023-08-13T18:47:24.003+0000] {processor.py:179} INFO - Processing /home/airflow/.local/lib/python3.7/site-packages/airflow/example_dags/example_dynamic_task_mapping.py took 0.098 seconds
[2023-08-13T18:47:54.534+0000] {processor.py:157} INFO - Started process (PID=911) to work on /home/airflow/.local/lib/python3.7/site-packages/airflow/example_dags/example_dynamic_task_mapping.py
[2023-08-13T18:47:54.536+0000] {processor.py:826} INFO - Processing file /home/airflow/.local/lib/python3.7/site-packages/airflow/example_dags/example_dynamic_task_mapping.py for tasks to queue
[2023-08-13T18:47:54.537+0000] {logging_mixin.py:150} INFO - [2023-08-13T18:47:54.537+0000] {dagbag.py:541} INFO - Filling up the DagBag from /home/airflow/.local/lib/python3.7/site-packages/airflow/example_dags/example_dynamic_task_mapping.py
[2023-08-13T18:47:54.549+0000] {processor.py:836} INFO - DAG(s) dict_keys(['example_dynamic_task_mapping']) retrieved from /home/airflow/.local/lib/python3.7/site-packages/airflow/example_dags/example_dynamic_task_mapping.py
[2023-08-13T18:47:54.585+0000] {logging_mixin.py:150} INFO - [2023-08-13T18:47:54.584+0000] {dag.py:2742} INFO - Sync 1 DAGs
[2023-08-13T18:47:54.642+0000] {logging_mixin.py:150} INFO - [2023-08-13T18:47:54.642+0000] {dag.py:3508} INFO - Setting next_dagrun for example_dynamic_task_mapping to 2022-03-04T00:00:00+00:00, run_after=2022-03-05T00:00:00+00:00
[2023-08-13T18:47:54.678+0000] {processor.py:179} INFO - Processing /home/airflow/.local/lib/python3.7/site-packages/airflow/example_dags/example_dynamic_task_mapping.py took 0.149 seconds
[2023-08-13T18:48:25.206+0000] {processor.py:157} INFO - Started process (PID=976) to work on /home/airflow/.local/lib/python3.7/site-packages/airflow/example_dags/example_dynamic_task_mapping.py
[2023-08-13T18:48:25.207+0000] {processor.py:826} INFO - Processing file /home/airflow/.local/lib/python3.7/site-packages/airflow/example_dags/example_dynamic_task_mapping.py for tasks to queue
[2023-08-13T18:48:25.208+0000] {logging_mixin.py:150} INFO - [2023-08-13T18:48:25.208+0000] {dagbag.py:541} INFO - Filling up the DagBag from /home/airflow/.local/lib/python3.7/site-packages/airflow/example_dags/example_dynamic_task_mapping.py
[2023-08-13T18:48:25.218+0000] {processor.py:836} INFO - DAG(s) dict_keys(['example_dynamic_task_mapping']) retrieved from /home/airflow/.local/lib/python3.7/site-packages/airflow/example_dags/example_dynamic_task_mapping.py
[2023-08-13T18:48:25.241+0000] {logging_mixin.py:150} INFO - [2023-08-13T18:48:25.240+0000] {dag.py:2742} INFO - Sync 1 DAGs
[2023-08-13T18:48:25.277+0000] {logging_mixin.py:150} INFO - [2023-08-13T18:48:25.276+0000] {dag.py:3508} INFO - Setting next_dagrun for example_dynamic_task_mapping to 2022-03-04T00:00:00+00:00, run_after=2022-03-05T00:00:00+00:00
[2023-08-13T18:48:25.301+0000] {processor.py:179} INFO - Processing /home/airflow/.local/lib/python3.7/site-packages/airflow/example_dags/example_dynamic_task_mapping.py took 0.098 seconds
[2023-08-13T18:48:55.627+0000] {processor.py:157} INFO - Started process (PID=1041) to work on /home/airflow/.local/lib/python3.7/site-packages/airflow/example_dags/example_dynamic_task_mapping.py
[2023-08-13T18:48:55.628+0000] {processor.py:826} INFO - Processing file /home/airflow/.local/lib/python3.7/site-packages/airflow/example_dags/example_dynamic_task_mapping.py for tasks to queue
[2023-08-13T18:48:55.629+0000] {logging_mixin.py:150} INFO - [2023-08-13T18:48:55.629+0000] {dagbag.py:541} INFO - Filling up the DagBag from /home/airflow/.local/lib/python3.7/site-packages/airflow/example_dags/example_dynamic_task_mapping.py
[2023-08-13T18:48:55.639+0000] {processor.py:836} INFO - DAG(s) dict_keys(['example_dynamic_task_mapping']) retrieved from /home/airflow/.local/lib/python3.7/site-packages/airflow/example_dags/example_dynamic_task_mapping.py
[2023-08-13T18:48:55.668+0000] {logging_mixin.py:150} INFO - [2023-08-13T18:48:55.668+0000] {dag.py:2742} INFO - Sync 1 DAGs
[2023-08-13T18:48:55.705+0000] {logging_mixin.py:150} INFO - [2023-08-13T18:48:55.704+0000] {dag.py:3508} INFO - Setting next_dagrun for example_dynamic_task_mapping to 2022-03-04T00:00:00+00:00, run_after=2022-03-05T00:00:00+00:00
[2023-08-13T18:48:55.734+0000] {processor.py:179} INFO - Processing /home/airflow/.local/lib/python3.7/site-packages/airflow/example_dags/example_dynamic_task_mapping.py took 0.111 seconds
[2023-08-13T18:49:26.031+0000] {processor.py:157} INFO - Started process (PID=1106) to work on /home/airflow/.local/lib/python3.7/site-packages/airflow/example_dags/example_dynamic_task_mapping.py
[2023-08-13T18:49:26.032+0000] {processor.py:826} INFO - Processing file /home/airflow/.local/lib/python3.7/site-packages/airflow/example_dags/example_dynamic_task_mapping.py for tasks to queue
[2023-08-13T18:49:26.033+0000] {logging_mixin.py:150} INFO - [2023-08-13T18:49:26.033+0000] {dagbag.py:541} INFO - Filling up the DagBag from /home/airflow/.local/lib/python3.7/site-packages/airflow/example_dags/example_dynamic_task_mapping.py
[2023-08-13T18:49:26.040+0000] {processor.py:836} INFO - DAG(s) dict_keys(['example_dynamic_task_mapping']) retrieved from /home/airflow/.local/lib/python3.7/site-packages/airflow/example_dags/example_dynamic_task_mapping.py
[2023-08-13T18:49:26.065+0000] {logging_mixin.py:150} INFO - [2023-08-13T18:49:26.065+0000] {dag.py:2742} INFO - Sync 1 DAGs
[2023-08-13T18:49:26.095+0000] {logging_mixin.py:150} INFO - [2023-08-13T18:49:26.095+0000] {dag.py:3508} INFO - Setting next_dagrun for example_dynamic_task_mapping to 2022-03-04T00:00:00+00:00, run_after=2022-03-05T00:00:00+00:00
[2023-08-13T18:49:26.122+0000] {processor.py:179} INFO - Processing /home/airflow/.local/lib/python3.7/site-packages/airflow/example_dags/example_dynamic_task_mapping.py took 0.095 seconds
[2023-08-13T18:49:56.890+0000] {processor.py:157} INFO - Started process (PID=1171) to work on /home/airflow/.local/lib/python3.7/site-packages/airflow/example_dags/example_dynamic_task_mapping.py
[2023-08-13T18:49:56.891+0000] {processor.py:826} INFO - Processing file /home/airflow/.local/lib/python3.7/site-packages/airflow/example_dags/example_dynamic_task_mapping.py for tasks to queue
[2023-08-13T18:49:56.893+0000] {logging_mixin.py:150} INFO - [2023-08-13T18:49:56.892+0000] {dagbag.py:541} INFO - Filling up the DagBag from /home/airflow/.local/lib/python3.7/site-packages/airflow/example_dags/example_dynamic_task_mapping.py
[2023-08-13T18:49:56.903+0000] {processor.py:836} INFO - DAG(s) dict_keys(['example_dynamic_task_mapping']) retrieved from /home/airflow/.local/lib/python3.7/site-packages/airflow/example_dags/example_dynamic_task_mapping.py
[2023-08-13T18:49:56.942+0000] {logging_mixin.py:150} INFO - [2023-08-13T18:49:56.941+0000] {dag.py:2742} INFO - Sync 1 DAGs
[2023-08-13T18:49:56.993+0000] {logging_mixin.py:150} INFO - [2023-08-13T18:49:56.993+0000] {dag.py:3508} INFO - Setting next_dagrun for example_dynamic_task_mapping to 2022-03-04T00:00:00+00:00, run_after=2022-03-05T00:00:00+00:00
[2023-08-13T18:49:57.037+0000] {processor.py:179} INFO - Processing /home/airflow/.local/lib/python3.7/site-packages/airflow/example_dags/example_dynamic_task_mapping.py took 0.151 seconds
[2023-08-13T19:58:40.843+0000] {processor.py:157} INFO - Started process (PID=68) to work on /home/airflow/.local/lib/python3.7/site-packages/airflow/example_dags/example_dynamic_task_mapping.py
[2023-08-13T19:58:40.847+0000] {processor.py:826} INFO - Processing file /home/airflow/.local/lib/python3.7/site-packages/airflow/example_dags/example_dynamic_task_mapping.py for tasks to queue
[2023-08-13T19:58:40.849+0000] {logging_mixin.py:150} INFO - [2023-08-13T19:58:40.849+0000] {dagbag.py:541} INFO - Filling up the DagBag from /home/airflow/.local/lib/python3.7/site-packages/airflow/example_dags/example_dynamic_task_mapping.py
[2023-08-13T19:58:40.881+0000] {processor.py:836} INFO - DAG(s) dict_keys(['example_dynamic_task_mapping']) retrieved from /home/airflow/.local/lib/python3.7/site-packages/airflow/example_dags/example_dynamic_task_mapping.py
[2023-08-13T19:58:40.924+0000] {logging_mixin.py:150} INFO - [2023-08-13T19:58:40.923+0000] {dag.py:2742} INFO - Sync 1 DAGs
[2023-08-13T19:58:41.022+0000] {logging_mixin.py:150} INFO - [2023-08-13T19:58:41.021+0000] {dag.py:3508} INFO - Setting next_dagrun for example_dynamic_task_mapping to 2022-03-04T00:00:00+00:00, run_after=2022-03-05T00:00:00+00:00
[2023-08-13T19:58:41.104+0000] {processor.py:179} INFO - Processing /home/airflow/.local/lib/python3.7/site-packages/airflow/example_dags/example_dynamic_task_mapping.py took 0.266 seconds
[2023-08-13T19:59:11.157+0000] {processor.py:157} INFO - Started process (PID=133) to work on /home/airflow/.local/lib/python3.7/site-packages/airflow/example_dags/example_dynamic_task_mapping.py
[2023-08-13T19:59:11.158+0000] {processor.py:826} INFO - Processing file /home/airflow/.local/lib/python3.7/site-packages/airflow/example_dags/example_dynamic_task_mapping.py for tasks to queue
[2023-08-13T19:59:11.159+0000] {logging_mixin.py:150} INFO - [2023-08-13T19:59:11.159+0000] {dagbag.py:541} INFO - Filling up the DagBag from /home/airflow/.local/lib/python3.7/site-packages/airflow/example_dags/example_dynamic_task_mapping.py
[2023-08-13T19:59:11.166+0000] {processor.py:836} INFO - DAG(s) dict_keys(['example_dynamic_task_mapping']) retrieved from /home/airflow/.local/lib/python3.7/site-packages/airflow/example_dags/example_dynamic_task_mapping.py
[2023-08-13T19:59:11.194+0000] {logging_mixin.py:150} INFO - [2023-08-13T19:59:11.194+0000] {dag.py:2742} INFO - Sync 1 DAGs
[2023-08-13T19:59:11.227+0000] {logging_mixin.py:150} INFO - [2023-08-13T19:59:11.226+0000] {dag.py:3508} INFO - Setting next_dagrun for example_dynamic_task_mapping to 2022-03-04T00:00:00+00:00, run_after=2022-03-05T00:00:00+00:00
[2023-08-13T19:59:11.253+0000] {processor.py:179} INFO - Processing /home/airflow/.local/lib/python3.7/site-packages/airflow/example_dags/example_dynamic_task_mapping.py took 0.099 seconds
[2023-08-13T19:59:42.793+0000] {processor.py:157} INFO - Started process (PID=200) to work on /home/airflow/.local/lib/python3.7/site-packages/airflow/example_dags/example_dynamic_task_mapping.py
[2023-08-13T19:59:42.795+0000] {processor.py:826} INFO - Processing file /home/airflow/.local/lib/python3.7/site-packages/airflow/example_dags/example_dynamic_task_mapping.py for tasks to queue
[2023-08-13T19:59:42.796+0000] {logging_mixin.py:150} INFO - [2023-08-13T19:59:42.796+0000] {dagbag.py:541} INFO - Filling up the DagBag from /home/airflow/.local/lib/python3.7/site-packages/airflow/example_dags/example_dynamic_task_mapping.py
[2023-08-13T19:59:42.806+0000] {processor.py:836} INFO - DAG(s) dict_keys(['example_dynamic_task_mapping']) retrieved from /home/airflow/.local/lib/python3.7/site-packages/airflow/example_dags/example_dynamic_task_mapping.py
[2023-08-13T19:59:42.837+0000] {logging_mixin.py:150} INFO - [2023-08-13T19:59:42.837+0000] {dag.py:2742} INFO - Sync 1 DAGs
[2023-08-13T19:59:42.877+0000] {logging_mixin.py:150} INFO - [2023-08-13T19:59:42.877+0000] {dag.py:3508} INFO - Setting next_dagrun for example_dynamic_task_mapping to 2022-03-04T00:00:00+00:00, run_after=2022-03-05T00:00:00+00:00
[2023-08-13T19:59:42.909+0000] {processor.py:179} INFO - Processing /home/airflow/.local/lib/python3.7/site-packages/airflow/example_dags/example_dynamic_task_mapping.py took 0.119 seconds
[2023-08-13T20:00:13.205+0000] {processor.py:157} INFO - Started process (PID=266) to work on /home/airflow/.local/lib/python3.7/site-packages/airflow/example_dags/example_dynamic_task_mapping.py
[2023-08-13T20:00:13.207+0000] {processor.py:826} INFO - Processing file /home/airflow/.local/lib/python3.7/site-packages/airflow/example_dags/example_dynamic_task_mapping.py for tasks to queue
[2023-08-13T20:00:13.208+0000] {logging_mixin.py:150} INFO - [2023-08-13T20:00:13.208+0000] {dagbag.py:541} INFO - Filling up the DagBag from /home/airflow/.local/lib/python3.7/site-packages/airflow/example_dags/example_dynamic_task_mapping.py
[2023-08-13T20:00:13.224+0000] {processor.py:836} INFO - DAG(s) dict_keys(['example_dynamic_task_mapping']) retrieved from /home/airflow/.local/lib/python3.7/site-packages/airflow/example_dags/example_dynamic_task_mapping.py
[2023-08-13T20:00:13.287+0000] {logging_mixin.py:150} INFO - [2023-08-13T20:00:13.287+0000] {dag.py:2742} INFO - Sync 1 DAGs
[2023-08-13T20:00:13.392+0000] {logging_mixin.py:150} INFO - [2023-08-13T20:00:13.392+0000] {dag.py:3508} INFO - Setting next_dagrun for example_dynamic_task_mapping to 2022-03-04T00:00:00+00:00, run_after=2022-03-05T00:00:00+00:00
[2023-08-13T20:00:13.470+0000] {processor.py:179} INFO - Processing /home/airflow/.local/lib/python3.7/site-packages/airflow/example_dags/example_dynamic_task_mapping.py took 0.272 seconds
[2023-08-13T20:00:44.196+0000] {processor.py:157} INFO - Started process (PID=332) to work on /home/airflow/.local/lib/python3.7/site-packages/airflow/example_dags/example_dynamic_task_mapping.py
[2023-08-13T20:00:44.197+0000] {processor.py:826} INFO - Processing file /home/airflow/.local/lib/python3.7/site-packages/airflow/example_dags/example_dynamic_task_mapping.py for tasks to queue
[2023-08-13T20:00:44.198+0000] {logging_mixin.py:150} INFO - [2023-08-13T20:00:44.198+0000] {dagbag.py:541} INFO - Filling up the DagBag from /home/airflow/.local/lib/python3.7/site-packages/airflow/example_dags/example_dynamic_task_mapping.py
[2023-08-13T20:00:44.206+0000] {processor.py:836} INFO - DAG(s) dict_keys(['example_dynamic_task_mapping']) retrieved from /home/airflow/.local/lib/python3.7/site-packages/airflow/example_dags/example_dynamic_task_mapping.py
[2023-08-13T20:00:44.240+0000] {logging_mixin.py:150} INFO - [2023-08-13T20:00:44.239+0000] {dag.py:2742} INFO - Sync 1 DAGs
[2023-08-13T20:00:44.293+0000] {logging_mixin.py:150} INFO - [2023-08-13T20:00:44.293+0000] {dag.py:3508} INFO - Setting next_dagrun for example_dynamic_task_mapping to 2022-03-04T00:00:00+00:00, run_after=2022-03-05T00:00:00+00:00
[2023-08-13T20:00:44.331+0000] {processor.py:179} INFO - Processing /home/airflow/.local/lib/python3.7/site-packages/airflow/example_dags/example_dynamic_task_mapping.py took 0.140 seconds
[2023-08-13T20:01:14.368+0000] {processor.py:157} INFO - Started process (PID=397) to work on /home/airflow/.local/lib/python3.7/site-packages/airflow/example_dags/example_dynamic_task_mapping.py
[2023-08-13T20:01:14.369+0000] {processor.py:826} INFO - Processing file /home/airflow/.local/lib/python3.7/site-packages/airflow/example_dags/example_dynamic_task_mapping.py for tasks to queue
[2023-08-13T20:01:14.370+0000] {logging_mixin.py:150} INFO - [2023-08-13T20:01:14.370+0000] {dagbag.py:541} INFO - Filling up the DagBag from /home/airflow/.local/lib/python3.7/site-packages/airflow/example_dags/example_dynamic_task_mapping.py
[2023-08-13T20:01:14.376+0000] {processor.py:836} INFO - DAG(s) dict_keys(['example_dynamic_task_mapping']) retrieved from /home/airflow/.local/lib/python3.7/site-packages/airflow/example_dags/example_dynamic_task_mapping.py
[2023-08-13T20:01:14.399+0000] {logging_mixin.py:150} INFO - [2023-08-13T20:01:14.399+0000] {dag.py:2742} INFO - Sync 1 DAGs
[2023-08-13T20:01:14.426+0000] {logging_mixin.py:150} INFO - [2023-08-13T20:01:14.425+0000] {dag.py:3508} INFO - Setting next_dagrun for example_dynamic_task_mapping to 2022-03-04T00:00:00+00:00, run_after=2022-03-05T00:00:00+00:00
[2023-08-13T20:01:14.446+0000] {processor.py:179} INFO - Processing /home/airflow/.local/lib/python3.7/site-packages/airflow/example_dags/example_dynamic_task_mapping.py took 0.082 seconds
[2023-08-13T20:01:45.324+0000] {processor.py:157} INFO - Started process (PID=463) to work on /home/airflow/.local/lib/python3.7/site-packages/airflow/example_dags/example_dynamic_task_mapping.py
[2023-08-13T20:01:45.326+0000] {processor.py:826} INFO - Processing file /home/airflow/.local/lib/python3.7/site-packages/airflow/example_dags/example_dynamic_task_mapping.py for tasks to queue
[2023-08-13T20:01:45.327+0000] {logging_mixin.py:150} INFO - [2023-08-13T20:01:45.327+0000] {dagbag.py:541} INFO - Filling up the DagBag from /home/airflow/.local/lib/python3.7/site-packages/airflow/example_dags/example_dynamic_task_mapping.py
[2023-08-13T20:01:45.339+0000] {processor.py:836} INFO - DAG(s) dict_keys(['example_dynamic_task_mapping']) retrieved from /home/airflow/.local/lib/python3.7/site-packages/airflow/example_dags/example_dynamic_task_mapping.py
[2023-08-13T20:01:45.372+0000] {logging_mixin.py:150} INFO - [2023-08-13T20:01:45.372+0000] {dag.py:2742} INFO - Sync 1 DAGs
[2023-08-13T20:01:45.408+0000] {logging_mixin.py:150} INFO - [2023-08-13T20:01:45.408+0000] {dag.py:3508} INFO - Setting next_dagrun for example_dynamic_task_mapping to 2022-03-04T00:00:00+00:00, run_after=2022-03-05T00:00:00+00:00
[2023-08-13T20:01:45.443+0000] {processor.py:179} INFO - Processing /home/airflow/.local/lib/python3.7/site-packages/airflow/example_dags/example_dynamic_task_mapping.py took 0.123 seconds
[2023-08-13T20:02:34.429+0000] {processor.py:157} INFO - Started process (PID=537) to work on /home/airflow/.local/lib/python3.7/site-packages/airflow/example_dags/example_dynamic_task_mapping.py
[2023-08-13T20:02:34.432+0000] {processor.py:826} INFO - Processing file /home/airflow/.local/lib/python3.7/site-packages/airflow/example_dags/example_dynamic_task_mapping.py for tasks to queue
[2023-08-13T20:02:34.434+0000] {logging_mixin.py:150} INFO - [2023-08-13T20:02:34.434+0000] {dagbag.py:541} INFO - Filling up the DagBag from /home/airflow/.local/lib/python3.7/site-packages/airflow/example_dags/example_dynamic_task_mapping.py
[2023-08-13T20:02:34.449+0000] {processor.py:836} INFO - DAG(s) dict_keys(['example_dynamic_task_mapping']) retrieved from /home/airflow/.local/lib/python3.7/site-packages/airflow/example_dags/example_dynamic_task_mapping.py
[2023-08-13T20:02:34.495+0000] {logging_mixin.py:150} INFO - [2023-08-13T20:02:34.495+0000] {dag.py:2742} INFO - Sync 1 DAGs
[2023-08-13T20:02:34.542+0000] {logging_mixin.py:150} INFO - [2023-08-13T20:02:34.542+0000] {dag.py:3508} INFO - Setting next_dagrun for example_dynamic_task_mapping to 2022-03-04T00:00:00+00:00, run_after=2022-03-05T00:00:00+00:00
[2023-08-13T20:02:34.602+0000] {processor.py:179} INFO - Processing /home/airflow/.local/lib/python3.7/site-packages/airflow/example_dags/example_dynamic_task_mapping.py took 0.177 seconds
[2023-08-13T20:05:59.591+0000] {processor.py:157} INFO - Started process (PID=68) to work on /home/airflow/.local/lib/python3.7/site-packages/airflow/example_dags/example_dynamic_task_mapping.py
[2023-08-13T20:05:59.593+0000] {processor.py:826} INFO - Processing file /home/airflow/.local/lib/python3.7/site-packages/airflow/example_dags/example_dynamic_task_mapping.py for tasks to queue
[2023-08-13T20:05:59.594+0000] {logging_mixin.py:150} INFO - [2023-08-13T20:05:59.594+0000] {dagbag.py:541} INFO - Filling up the DagBag from /home/airflow/.local/lib/python3.7/site-packages/airflow/example_dags/example_dynamic_task_mapping.py
[2023-08-13T20:05:59.619+0000] {processor.py:836} INFO - DAG(s) dict_keys(['example_dynamic_task_mapping']) retrieved from /home/airflow/.local/lib/python3.7/site-packages/airflow/example_dags/example_dynamic_task_mapping.py
[2023-08-13T20:05:59.648+0000] {logging_mixin.py:150} INFO - [2023-08-13T20:05:59.647+0000] {dag.py:2742} INFO - Sync 1 DAGs
[2023-08-13T20:05:59.728+0000] {logging_mixin.py:150} INFO - [2023-08-13T20:05:59.727+0000] {dag.py:3508} INFO - Setting next_dagrun for example_dynamic_task_mapping to 2022-03-04T00:00:00+00:00, run_after=2022-03-05T00:00:00+00:00
[2023-08-13T20:05:59.771+0000] {processor.py:179} INFO - Processing /home/airflow/.local/lib/python3.7/site-packages/airflow/example_dags/example_dynamic_task_mapping.py took 0.186 seconds
[2023-08-13T20:06:29.999+0000] {processor.py:157} INFO - Started process (PID=134) to work on /home/airflow/.local/lib/python3.7/site-packages/airflow/example_dags/example_dynamic_task_mapping.py
[2023-08-13T20:06:30.000+0000] {processor.py:826} INFO - Processing file /home/airflow/.local/lib/python3.7/site-packages/airflow/example_dags/example_dynamic_task_mapping.py for tasks to queue
[2023-08-13T20:06:30.001+0000] {logging_mixin.py:150} INFO - [2023-08-13T20:06:30.001+0000] {dagbag.py:541} INFO - Filling up the DagBag from /home/airflow/.local/lib/python3.7/site-packages/airflow/example_dags/example_dynamic_task_mapping.py
[2023-08-13T20:06:30.007+0000] {processor.py:836} INFO - DAG(s) dict_keys(['example_dynamic_task_mapping']) retrieved from /home/airflow/.local/lib/python3.7/site-packages/airflow/example_dags/example_dynamic_task_mapping.py
[2023-08-13T20:06:30.034+0000] {logging_mixin.py:150} INFO - [2023-08-13T20:06:30.034+0000] {dag.py:2742} INFO - Sync 1 DAGs
[2023-08-13T20:06:30.080+0000] {logging_mixin.py:150} INFO - [2023-08-13T20:06:30.080+0000] {dag.py:3508} INFO - Setting next_dagrun for example_dynamic_task_mapping to 2022-03-04T00:00:00+00:00, run_after=2022-03-05T00:00:00+00:00
[2023-08-13T20:06:30.113+0000] {processor.py:179} INFO - Processing /home/airflow/.local/lib/python3.7/site-packages/airflow/example_dags/example_dynamic_task_mapping.py took 0.117 seconds
[2023-08-13T20:07:00.792+0000] {processor.py:157} INFO - Started process (PID=199) to work on /home/airflow/.local/lib/python3.7/site-packages/airflow/example_dags/example_dynamic_task_mapping.py
[2023-08-13T20:07:00.797+0000] {processor.py:826} INFO - Processing file /home/airflow/.local/lib/python3.7/site-packages/airflow/example_dags/example_dynamic_task_mapping.py for tasks to queue
[2023-08-13T20:07:00.803+0000] {logging_mixin.py:150} INFO - [2023-08-13T20:07:00.801+0000] {dagbag.py:541} INFO - Filling up the DagBag from /home/airflow/.local/lib/python3.7/site-packages/airflow/example_dags/example_dynamic_task_mapping.py
[2023-08-13T20:07:00.817+0000] {processor.py:836} INFO - DAG(s) dict_keys(['example_dynamic_task_mapping']) retrieved from /home/airflow/.local/lib/python3.7/site-packages/airflow/example_dags/example_dynamic_task_mapping.py
[2023-08-13T20:07:00.876+0000] {logging_mixin.py:150} INFO - [2023-08-13T20:07:00.875+0000] {dag.py:2742} INFO - Sync 1 DAGs
[2023-08-13T20:07:00.974+0000] {logging_mixin.py:150} INFO - [2023-08-13T20:07:00.973+0000] {dag.py:3508} INFO - Setting next_dagrun for example_dynamic_task_mapping to 2022-03-04T00:00:00+00:00, run_after=2022-03-05T00:00:00+00:00
[2023-08-13T20:07:01.709+0000] {processor.py:179} INFO - Processing /home/airflow/.local/lib/python3.7/site-packages/airflow/example_dags/example_dynamic_task_mapping.py took 0.922 seconds
[2023-08-13T20:07:32.005+0000] {processor.py:157} INFO - Started process (PID=265) to work on /home/airflow/.local/lib/python3.7/site-packages/airflow/example_dags/example_dynamic_task_mapping.py
[2023-08-13T20:07:32.006+0000] {processor.py:826} INFO - Processing file /home/airflow/.local/lib/python3.7/site-packages/airflow/example_dags/example_dynamic_task_mapping.py for tasks to queue
[2023-08-13T20:07:32.007+0000] {logging_mixin.py:150} INFO - [2023-08-13T20:07:32.007+0000] {dagbag.py:541} INFO - Filling up the DagBag from /home/airflow/.local/lib/python3.7/site-packages/airflow/example_dags/example_dynamic_task_mapping.py
[2023-08-13T20:07:32.016+0000] {processor.py:836} INFO - DAG(s) dict_keys(['example_dynamic_task_mapping']) retrieved from /home/airflow/.local/lib/python3.7/site-packages/airflow/example_dags/example_dynamic_task_mapping.py
[2023-08-13T20:07:32.044+0000] {logging_mixin.py:150} INFO - [2023-08-13T20:07:32.044+0000] {dag.py:2742} INFO - Sync 1 DAGs
[2023-08-13T20:07:32.079+0000] {logging_mixin.py:150} INFO - [2023-08-13T20:07:32.079+0000] {dag.py:3508} INFO - Setting next_dagrun for example_dynamic_task_mapping to 2022-03-04T00:00:00+00:00, run_after=2022-03-05T00:00:00+00:00
[2023-08-13T20:07:32.102+0000] {processor.py:179} INFO - Processing /home/airflow/.local/lib/python3.7/site-packages/airflow/example_dags/example_dynamic_task_mapping.py took 0.100 seconds
[2023-08-13T20:08:02.717+0000] {processor.py:157} INFO - Started process (PID=332) to work on /home/airflow/.local/lib/python3.7/site-packages/airflow/example_dags/example_dynamic_task_mapping.py
[2023-08-13T20:08:02.719+0000] {processor.py:826} INFO - Processing file /home/airflow/.local/lib/python3.7/site-packages/airflow/example_dags/example_dynamic_task_mapping.py for tasks to queue
[2023-08-13T20:08:02.720+0000] {logging_mixin.py:150} INFO - [2023-08-13T20:08:02.720+0000] {dagbag.py:541} INFO - Filling up the DagBag from /home/airflow/.local/lib/python3.7/site-packages/airflow/example_dags/example_dynamic_task_mapping.py
[2023-08-13T20:08:02.731+0000] {processor.py:836} INFO - DAG(s) dict_keys(['example_dynamic_task_mapping']) retrieved from /home/airflow/.local/lib/python3.7/site-packages/airflow/example_dags/example_dynamic_task_mapping.py
[2023-08-13T20:08:02.769+0000] {logging_mixin.py:150} INFO - [2023-08-13T20:08:02.768+0000] {dag.py:2742} INFO - Sync 1 DAGs
[2023-08-13T20:08:02.814+0000] {logging_mixin.py:150} INFO - [2023-08-13T20:08:02.814+0000] {dag.py:3508} INFO - Setting next_dagrun for example_dynamic_task_mapping to 2022-03-04T00:00:00+00:00, run_after=2022-03-05T00:00:00+00:00
[2023-08-13T20:08:02.853+0000] {processor.py:179} INFO - Processing /home/airflow/.local/lib/python3.7/site-packages/airflow/example_dags/example_dynamic_task_mapping.py took 0.141 seconds
[2023-08-13T20:08:33.062+0000] {processor.py:157} INFO - Started process (PID=397) to work on /home/airflow/.local/lib/python3.7/site-packages/airflow/example_dags/example_dynamic_task_mapping.py
[2023-08-13T20:08:33.063+0000] {processor.py:826} INFO - Processing file /home/airflow/.local/lib/python3.7/site-packages/airflow/example_dags/example_dynamic_task_mapping.py for tasks to queue
[2023-08-13T20:08:33.065+0000] {logging_mixin.py:150} INFO - [2023-08-13T20:08:33.064+0000] {dagbag.py:541} INFO - Filling up the DagBag from /home/airflow/.local/lib/python3.7/site-packages/airflow/example_dags/example_dynamic_task_mapping.py
[2023-08-13T20:08:33.074+0000] {processor.py:836} INFO - DAG(s) dict_keys(['example_dynamic_task_mapping']) retrieved from /home/airflow/.local/lib/python3.7/site-packages/airflow/example_dags/example_dynamic_task_mapping.py
[2023-08-13T20:08:33.103+0000] {logging_mixin.py:150} INFO - [2023-08-13T20:08:33.102+0000] {dag.py:2742} INFO - Sync 1 DAGs
[2023-08-13T20:08:33.136+0000] {logging_mixin.py:150} INFO - [2023-08-13T20:08:33.136+0000] {dag.py:3508} INFO - Setting next_dagrun for example_dynamic_task_mapping to 2022-03-04T00:00:00+00:00, run_after=2022-03-05T00:00:00+00:00
[2023-08-13T20:08:33.162+0000] {processor.py:179} INFO - Processing /home/airflow/.local/lib/python3.7/site-packages/airflow/example_dags/example_dynamic_task_mapping.py took 0.104 seconds
[2023-08-13T20:09:03.841+0000] {processor.py:157} INFO - Started process (PID=464) to work on /home/airflow/.local/lib/python3.7/site-packages/airflow/example_dags/example_dynamic_task_mapping.py
[2023-08-13T20:09:03.842+0000] {processor.py:826} INFO - Processing file /home/airflow/.local/lib/python3.7/site-packages/airflow/example_dags/example_dynamic_task_mapping.py for tasks to queue
[2023-08-13T20:09:03.843+0000] {logging_mixin.py:150} INFO - [2023-08-13T20:09:03.843+0000] {dagbag.py:541} INFO - Filling up the DagBag from /home/airflow/.local/lib/python3.7/site-packages/airflow/example_dags/example_dynamic_task_mapping.py
[2023-08-13T20:09:03.851+0000] {processor.py:836} INFO - DAG(s) dict_keys(['example_dynamic_task_mapping']) retrieved from /home/airflow/.local/lib/python3.7/site-packages/airflow/example_dags/example_dynamic_task_mapping.py
[2023-08-13T20:09:03.880+0000] {logging_mixin.py:150} INFO - [2023-08-13T20:09:03.880+0000] {dag.py:2742} INFO - Sync 1 DAGs
[2023-08-13T20:09:03.916+0000] {logging_mixin.py:150} INFO - [2023-08-13T20:09:03.915+0000] {dag.py:3508} INFO - Setting next_dagrun for example_dynamic_task_mapping to 2022-03-04T00:00:00+00:00, run_after=2022-03-05T00:00:00+00:00
[2023-08-13T20:09:03.942+0000] {processor.py:179} INFO - Processing /home/airflow/.local/lib/python3.7/site-packages/airflow/example_dags/example_dynamic_task_mapping.py took 0.104 seconds
[2023-08-13T20:09:34.335+0000] {processor.py:157} INFO - Started process (PID=529) to work on /home/airflow/.local/lib/python3.7/site-packages/airflow/example_dags/example_dynamic_task_mapping.py
[2023-08-13T20:09:34.337+0000] {processor.py:826} INFO - Processing file /home/airflow/.local/lib/python3.7/site-packages/airflow/example_dags/example_dynamic_task_mapping.py for tasks to queue
[2023-08-13T20:09:34.338+0000] {logging_mixin.py:150} INFO - [2023-08-13T20:09:34.338+0000] {dagbag.py:541} INFO - Filling up the DagBag from /home/airflow/.local/lib/python3.7/site-packages/airflow/example_dags/example_dynamic_task_mapping.py
[2023-08-13T20:09:34.350+0000] {processor.py:836} INFO - DAG(s) dict_keys(['example_dynamic_task_mapping']) retrieved from /home/airflow/.local/lib/python3.7/site-packages/airflow/example_dags/example_dynamic_task_mapping.py
[2023-08-13T20:09:34.388+0000] {logging_mixin.py:150} INFO - [2023-08-13T20:09:34.388+0000] {dag.py:2742} INFO - Sync 1 DAGs
[2023-08-13T20:09:34.435+0000] {logging_mixin.py:150} INFO - [2023-08-13T20:09:34.435+0000] {dag.py:3508} INFO - Setting next_dagrun for example_dynamic_task_mapping to 2022-03-04T00:00:00+00:00, run_after=2022-03-05T00:00:00+00:00
[2023-08-13T20:09:34.477+0000] {processor.py:179} INFO - Processing /home/airflow/.local/lib/python3.7/site-packages/airflow/example_dags/example_dynamic_task_mapping.py took 0.147 seconds
[2023-08-13T20:10:04.807+0000] {processor.py:157} INFO - Started process (PID=595) to work on /home/airflow/.local/lib/python3.7/site-packages/airflow/example_dags/example_dynamic_task_mapping.py
[2023-08-13T20:10:04.810+0000] {processor.py:826} INFO - Processing file /home/airflow/.local/lib/python3.7/site-packages/airflow/example_dags/example_dynamic_task_mapping.py for tasks to queue
[2023-08-13T20:10:04.821+0000] {logging_mixin.py:150} INFO - [2023-08-13T20:10:04.819+0000] {dagbag.py:541} INFO - Filling up the DagBag from /home/airflow/.local/lib/python3.7/site-packages/airflow/example_dags/example_dynamic_task_mapping.py
[2023-08-13T20:10:04.862+0000] {processor.py:836} INFO - DAG(s) dict_keys(['example_dynamic_task_mapping']) retrieved from /home/airflow/.local/lib/python3.7/site-packages/airflow/example_dags/example_dynamic_task_mapping.py
[2023-08-13T20:10:04.915+0000] {logging_mixin.py:150} INFO - [2023-08-13T20:10:04.914+0000] {dag.py:2742} INFO - Sync 1 DAGs
[2023-08-13T20:10:04.970+0000] {logging_mixin.py:150} INFO - [2023-08-13T20:10:04.969+0000] {dag.py:3508} INFO - Setting next_dagrun for example_dynamic_task_mapping to 2022-03-04T00:00:00+00:00, run_after=2022-03-05T00:00:00+00:00
[2023-08-13T20:10:05.012+0000] {processor.py:179} INFO - Processing /home/airflow/.local/lib/python3.7/site-packages/airflow/example_dags/example_dynamic_task_mapping.py took 0.211 seconds
[2023-08-13T20:10:35.522+0000] {processor.py:157} INFO - Started process (PID=661) to work on /home/airflow/.local/lib/python3.7/site-packages/airflow/example_dags/example_dynamic_task_mapping.py
[2023-08-13T20:10:35.527+0000] {processor.py:826} INFO - Processing file /home/airflow/.local/lib/python3.7/site-packages/airflow/example_dags/example_dynamic_task_mapping.py for tasks to queue
[2023-08-13T20:10:35.529+0000] {logging_mixin.py:150} INFO - [2023-08-13T20:10:35.528+0000] {dagbag.py:541} INFO - Filling up the DagBag from /home/airflow/.local/lib/python3.7/site-packages/airflow/example_dags/example_dynamic_task_mapping.py
[2023-08-13T20:10:35.540+0000] {processor.py:836} INFO - DAG(s) dict_keys(['example_dynamic_task_mapping']) retrieved from /home/airflow/.local/lib/python3.7/site-packages/airflow/example_dags/example_dynamic_task_mapping.py
[2023-08-13T20:10:35.604+0000] {logging_mixin.py:150} INFO - [2023-08-13T20:10:35.603+0000] {dag.py:2742} INFO - Sync 1 DAGs
[2023-08-13T20:10:35.698+0000] {logging_mixin.py:150} INFO - [2023-08-13T20:10:35.698+0000] {dag.py:3508} INFO - Setting next_dagrun for example_dynamic_task_mapping to 2022-03-04T00:00:00+00:00, run_after=2022-03-05T00:00:00+00:00
[2023-08-13T20:10:35.764+0000] {processor.py:179} INFO - Processing /home/airflow/.local/lib/python3.7/site-packages/airflow/example_dags/example_dynamic_task_mapping.py took 0.247 seconds
[2023-08-13T20:11:05.954+0000] {processor.py:157} INFO - Started process (PID=727) to work on /home/airflow/.local/lib/python3.7/site-packages/airflow/example_dags/example_dynamic_task_mapping.py
[2023-08-13T20:11:05.955+0000] {processor.py:826} INFO - Processing file /home/airflow/.local/lib/python3.7/site-packages/airflow/example_dags/example_dynamic_task_mapping.py for tasks to queue
[2023-08-13T20:11:05.956+0000] {logging_mixin.py:150} INFO - [2023-08-13T20:11:05.955+0000] {dagbag.py:541} INFO - Filling up the DagBag from /home/airflow/.local/lib/python3.7/site-packages/airflow/example_dags/example_dynamic_task_mapping.py
[2023-08-13T20:11:05.963+0000] {processor.py:836} INFO - DAG(s) dict_keys(['example_dynamic_task_mapping']) retrieved from /home/airflow/.local/lib/python3.7/site-packages/airflow/example_dags/example_dynamic_task_mapping.py
[2023-08-13T20:11:05.989+0000] {logging_mixin.py:150} INFO - [2023-08-13T20:11:05.989+0000] {dag.py:2742} INFO - Sync 1 DAGs
[2023-08-13T20:11:06.026+0000] {logging_mixin.py:150} INFO - [2023-08-13T20:11:06.026+0000] {dag.py:3508} INFO - Setting next_dagrun for example_dynamic_task_mapping to 2022-03-04T00:00:00+00:00, run_after=2022-03-05T00:00:00+00:00
[2023-08-13T20:11:06.049+0000] {processor.py:179} INFO - Processing /home/airflow/.local/lib/python3.7/site-packages/airflow/example_dags/example_dynamic_task_mapping.py took 0.099 seconds
[2023-08-13T20:11:36.942+0000] {processor.py:157} INFO - Started process (PID=793) to work on /home/airflow/.local/lib/python3.7/site-packages/airflow/example_dags/example_dynamic_task_mapping.py
[2023-08-13T20:11:36.943+0000] {processor.py:826} INFO - Processing file /home/airflow/.local/lib/python3.7/site-packages/airflow/example_dags/example_dynamic_task_mapping.py for tasks to queue
[2023-08-13T20:11:36.944+0000] {logging_mixin.py:150} INFO - [2023-08-13T20:11:36.944+0000] {dagbag.py:541} INFO - Filling up the DagBag from /home/airflow/.local/lib/python3.7/site-packages/airflow/example_dags/example_dynamic_task_mapping.py
[2023-08-13T20:11:36.951+0000] {processor.py:836} INFO - DAG(s) dict_keys(['example_dynamic_task_mapping']) retrieved from /home/airflow/.local/lib/python3.7/site-packages/airflow/example_dags/example_dynamic_task_mapping.py
[2023-08-13T20:11:36.974+0000] {logging_mixin.py:150} INFO - [2023-08-13T20:11:36.974+0000] {dag.py:2742} INFO - Sync 1 DAGs
[2023-08-13T20:11:37.003+0000] {logging_mixin.py:150} INFO - [2023-08-13T20:11:37.002+0000] {dag.py:3508} INFO - Setting next_dagrun for example_dynamic_task_mapping to 2022-03-04T00:00:00+00:00, run_after=2022-03-05T00:00:00+00:00
[2023-08-13T20:11:37.025+0000] {processor.py:179} INFO - Processing /home/airflow/.local/lib/python3.7/site-packages/airflow/example_dags/example_dynamic_task_mapping.py took 0.086 seconds
[2023-08-13T20:12:07.941+0000] {processor.py:157} INFO - Started process (PID=859) to work on /home/airflow/.local/lib/python3.7/site-packages/airflow/example_dags/example_dynamic_task_mapping.py
[2023-08-13T20:12:07.942+0000] {processor.py:826} INFO - Processing file /home/airflow/.local/lib/python3.7/site-packages/airflow/example_dags/example_dynamic_task_mapping.py for tasks to queue
[2023-08-13T20:12:07.944+0000] {logging_mixin.py:150} INFO - [2023-08-13T20:12:07.943+0000] {dagbag.py:541} INFO - Filling up the DagBag from /home/airflow/.local/lib/python3.7/site-packages/airflow/example_dags/example_dynamic_task_mapping.py
[2023-08-13T20:12:07.951+0000] {processor.py:836} INFO - DAG(s) dict_keys(['example_dynamic_task_mapping']) retrieved from /home/airflow/.local/lib/python3.7/site-packages/airflow/example_dags/example_dynamic_task_mapping.py
[2023-08-13T20:12:07.977+0000] {logging_mixin.py:150} INFO - [2023-08-13T20:12:07.977+0000] {dag.py:2742} INFO - Sync 1 DAGs
[2023-08-13T20:12:08.007+0000] {logging_mixin.py:150} INFO - [2023-08-13T20:12:08.007+0000] {dag.py:3508} INFO - Setting next_dagrun for example_dynamic_task_mapping to 2022-03-04T00:00:00+00:00, run_after=2022-03-05T00:00:00+00:00
[2023-08-13T20:12:08.037+0000] {processor.py:179} INFO - Processing /home/airflow/.local/lib/python3.7/site-packages/airflow/example_dags/example_dynamic_task_mapping.py took 0.099 seconds
[2023-08-13T20:12:38.615+0000] {processor.py:157} INFO - Started process (PID=925) to work on /home/airflow/.local/lib/python3.7/site-packages/airflow/example_dags/example_dynamic_task_mapping.py
[2023-08-13T20:12:38.616+0000] {processor.py:826} INFO - Processing file /home/airflow/.local/lib/python3.7/site-packages/airflow/example_dags/example_dynamic_task_mapping.py for tasks to queue
[2023-08-13T20:12:38.617+0000] {logging_mixin.py:150} INFO - [2023-08-13T20:12:38.617+0000] {dagbag.py:541} INFO - Filling up the DagBag from /home/airflow/.local/lib/python3.7/site-packages/airflow/example_dags/example_dynamic_task_mapping.py
[2023-08-13T20:12:38.625+0000] {processor.py:836} INFO - DAG(s) dict_keys(['example_dynamic_task_mapping']) retrieved from /home/airflow/.local/lib/python3.7/site-packages/airflow/example_dags/example_dynamic_task_mapping.py
[2023-08-13T20:12:38.652+0000] {logging_mixin.py:150} INFO - [2023-08-13T20:12:38.651+0000] {dag.py:2742} INFO - Sync 1 DAGs
[2023-08-13T20:12:38.688+0000] {logging_mixin.py:150} INFO - [2023-08-13T20:12:38.688+0000] {dag.py:3508} INFO - Setting next_dagrun for example_dynamic_task_mapping to 2022-03-04T00:00:00+00:00, run_after=2022-03-05T00:00:00+00:00
[2023-08-13T20:12:38.718+0000] {processor.py:179} INFO - Processing /home/airflow/.local/lib/python3.7/site-packages/airflow/example_dags/example_dynamic_task_mapping.py took 0.107 seconds
[2023-08-13T20:13:08.966+0000] {processor.py:157} INFO - Started process (PID=991) to work on /home/airflow/.local/lib/python3.7/site-packages/airflow/example_dags/example_dynamic_task_mapping.py
[2023-08-13T20:13:08.967+0000] {processor.py:826} INFO - Processing file /home/airflow/.local/lib/python3.7/site-packages/airflow/example_dags/example_dynamic_task_mapping.py for tasks to queue
[2023-08-13T20:13:08.968+0000] {logging_mixin.py:150} INFO - [2023-08-13T20:13:08.968+0000] {dagbag.py:541} INFO - Filling up the DagBag from /home/airflow/.local/lib/python3.7/site-packages/airflow/example_dags/example_dynamic_task_mapping.py
[2023-08-13T20:13:08.976+0000] {processor.py:836} INFO - DAG(s) dict_keys(['example_dynamic_task_mapping']) retrieved from /home/airflow/.local/lib/python3.7/site-packages/airflow/example_dags/example_dynamic_task_mapping.py
[2023-08-13T20:13:09.003+0000] {logging_mixin.py:150} INFO - [2023-08-13T20:13:09.002+0000] {dag.py:2742} INFO - Sync 1 DAGs
[2023-08-13T20:13:09.034+0000] {logging_mixin.py:150} INFO - [2023-08-13T20:13:09.034+0000] {dag.py:3508} INFO - Setting next_dagrun for example_dynamic_task_mapping to 2022-03-04T00:00:00+00:00, run_after=2022-03-05T00:00:00+00:00
[2023-08-13T20:13:09.058+0000] {processor.py:179} INFO - Processing /home/airflow/.local/lib/python3.7/site-packages/airflow/example_dags/example_dynamic_task_mapping.py took 0.095 seconds
[2023-08-13T20:13:40.071+0000] {processor.py:157} INFO - Started process (PID=1057) to work on /home/airflow/.local/lib/python3.7/site-packages/airflow/example_dags/example_dynamic_task_mapping.py
[2023-08-13T20:13:40.073+0000] {processor.py:826} INFO - Processing file /home/airflow/.local/lib/python3.7/site-packages/airflow/example_dags/example_dynamic_task_mapping.py for tasks to queue
[2023-08-13T20:13:40.075+0000] {logging_mixin.py:150} INFO - [2023-08-13T20:13:40.074+0000] {dagbag.py:541} INFO - Filling up the DagBag from /home/airflow/.local/lib/python3.7/site-packages/airflow/example_dags/example_dynamic_task_mapping.py
[2023-08-13T20:13:40.091+0000] {processor.py:836} INFO - DAG(s) dict_keys(['example_dynamic_task_mapping']) retrieved from /home/airflow/.local/lib/python3.7/site-packages/airflow/example_dags/example_dynamic_task_mapping.py
[2023-08-13T20:13:40.151+0000] {logging_mixin.py:150} INFO - [2023-08-13T20:13:40.151+0000] {dag.py:2742} INFO - Sync 1 DAGs
[2023-08-13T20:13:40.225+0000] {logging_mixin.py:150} INFO - [2023-08-13T20:13:40.222+0000] {dag.py:3508} INFO - Setting next_dagrun for example_dynamic_task_mapping to 2022-03-04T00:00:00+00:00, run_after=2022-03-05T00:00:00+00:00
[2023-08-13T20:13:40.273+0000] {processor.py:179} INFO - Processing /home/airflow/.local/lib/python3.7/site-packages/airflow/example_dags/example_dynamic_task_mapping.py took 0.207 seconds
[2023-08-13T20:14:10.415+0000] {processor.py:157} INFO - Started process (PID=1122) to work on /home/airflow/.local/lib/python3.7/site-packages/airflow/example_dags/example_dynamic_task_mapping.py
[2023-08-13T20:14:10.417+0000] {processor.py:826} INFO - Processing file /home/airflow/.local/lib/python3.7/site-packages/airflow/example_dags/example_dynamic_task_mapping.py for tasks to queue
[2023-08-13T20:14:10.419+0000] {logging_mixin.py:150} INFO - [2023-08-13T20:14:10.418+0000] {dagbag.py:541} INFO - Filling up the DagBag from /home/airflow/.local/lib/python3.7/site-packages/airflow/example_dags/example_dynamic_task_mapping.py
[2023-08-13T20:14:10.436+0000] {processor.py:836} INFO - DAG(s) dict_keys(['example_dynamic_task_mapping']) retrieved from /home/airflow/.local/lib/python3.7/site-packages/airflow/example_dags/example_dynamic_task_mapping.py
[2023-08-13T20:14:10.484+0000] {logging_mixin.py:150} INFO - [2023-08-13T20:14:10.484+0000] {dag.py:2742} INFO - Sync 1 DAGs
[2023-08-13T20:14:10.542+0000] {logging_mixin.py:150} INFO - [2023-08-13T20:14:10.542+0000] {dag.py:3508} INFO - Setting next_dagrun for example_dynamic_task_mapping to 2022-03-04T00:00:00+00:00, run_after=2022-03-05T00:00:00+00:00
[2023-08-13T20:14:10.580+0000] {processor.py:179} INFO - Processing /home/airflow/.local/lib/python3.7/site-packages/airflow/example_dags/example_dynamic_task_mapping.py took 0.171 seconds
[2023-08-13T20:14:41.223+0000] {processor.py:157} INFO - Started process (PID=1188) to work on /home/airflow/.local/lib/python3.7/site-packages/airflow/example_dags/example_dynamic_task_mapping.py
[2023-08-13T20:14:41.224+0000] {processor.py:826} INFO - Processing file /home/airflow/.local/lib/python3.7/site-packages/airflow/example_dags/example_dynamic_task_mapping.py for tasks to queue
[2023-08-13T20:14:41.225+0000] {logging_mixin.py:150} INFO - [2023-08-13T20:14:41.225+0000] {dagbag.py:541} INFO - Filling up the DagBag from /home/airflow/.local/lib/python3.7/site-packages/airflow/example_dags/example_dynamic_task_mapping.py
[2023-08-13T20:14:41.234+0000] {processor.py:836} INFO - DAG(s) dict_keys(['example_dynamic_task_mapping']) retrieved from /home/airflow/.local/lib/python3.7/site-packages/airflow/example_dags/example_dynamic_task_mapping.py
[2023-08-13T20:14:41.265+0000] {logging_mixin.py:150} INFO - [2023-08-13T20:14:41.264+0000] {dag.py:2742} INFO - Sync 1 DAGs
[2023-08-13T20:14:41.297+0000] {logging_mixin.py:150} INFO - [2023-08-13T20:14:41.297+0000] {dag.py:3508} INFO - Setting next_dagrun for example_dynamic_task_mapping to 2022-03-04T00:00:00+00:00, run_after=2022-03-05T00:00:00+00:00
[2023-08-13T20:14:41.323+0000] {processor.py:179} INFO - Processing /home/airflow/.local/lib/python3.7/site-packages/airflow/example_dags/example_dynamic_task_mapping.py took 0.103 seconds
[2023-08-13T20:15:11.631+0000] {processor.py:157} INFO - Started process (PID=1254) to work on /home/airflow/.local/lib/python3.7/site-packages/airflow/example_dags/example_dynamic_task_mapping.py
[2023-08-13T20:15:11.633+0000] {processor.py:826} INFO - Processing file /home/airflow/.local/lib/python3.7/site-packages/airflow/example_dags/example_dynamic_task_mapping.py for tasks to queue
[2023-08-13T20:15:11.634+0000] {logging_mixin.py:150} INFO - [2023-08-13T20:15:11.634+0000] {dagbag.py:541} INFO - Filling up the DagBag from /home/airflow/.local/lib/python3.7/site-packages/airflow/example_dags/example_dynamic_task_mapping.py
[2023-08-13T20:15:11.642+0000] {processor.py:836} INFO - DAG(s) dict_keys(['example_dynamic_task_mapping']) retrieved from /home/airflow/.local/lib/python3.7/site-packages/airflow/example_dags/example_dynamic_task_mapping.py
[2023-08-13T20:15:11.668+0000] {logging_mixin.py:150} INFO - [2023-08-13T20:15:11.667+0000] {dag.py:2742} INFO - Sync 1 DAGs
[2023-08-13T20:15:11.696+0000] {logging_mixin.py:150} INFO - [2023-08-13T20:15:11.696+0000] {dag.py:3508} INFO - Setting next_dagrun for example_dynamic_task_mapping to 2022-03-04T00:00:00+00:00, run_after=2022-03-05T00:00:00+00:00
[2023-08-13T20:15:11.718+0000] {processor.py:179} INFO - Processing /home/airflow/.local/lib/python3.7/site-packages/airflow/example_dags/example_dynamic_task_mapping.py took 0.090 seconds
[2023-08-13T20:15:41.832+0000] {processor.py:157} INFO - Started process (PID=1320) to work on /home/airflow/.local/lib/python3.7/site-packages/airflow/example_dags/example_dynamic_task_mapping.py
[2023-08-13T20:15:41.834+0000] {processor.py:826} INFO - Processing file /home/airflow/.local/lib/python3.7/site-packages/airflow/example_dags/example_dynamic_task_mapping.py for tasks to queue
[2023-08-13T20:15:41.835+0000] {logging_mixin.py:150} INFO - [2023-08-13T20:15:41.835+0000] {dagbag.py:541} INFO - Filling up the DagBag from /home/airflow/.local/lib/python3.7/site-packages/airflow/example_dags/example_dynamic_task_mapping.py
[2023-08-13T20:15:41.843+0000] {processor.py:836} INFO - DAG(s) dict_keys(['example_dynamic_task_mapping']) retrieved from /home/airflow/.local/lib/python3.7/site-packages/airflow/example_dags/example_dynamic_task_mapping.py
[2023-08-13T20:15:41.876+0000] {logging_mixin.py:150} INFO - [2023-08-13T20:15:41.876+0000] {dag.py:2742} INFO - Sync 1 DAGs
[2023-08-13T20:15:41.910+0000] {logging_mixin.py:150} INFO - [2023-08-13T20:15:41.910+0000] {dag.py:3508} INFO - Setting next_dagrun for example_dynamic_task_mapping to 2022-03-04T00:00:00+00:00, run_after=2022-03-05T00:00:00+00:00
[2023-08-13T20:15:41.939+0000] {processor.py:179} INFO - Processing /home/airflow/.local/lib/python3.7/site-packages/airflow/example_dags/example_dynamic_task_mapping.py took 0.111 seconds
[2023-08-13T20:16:12.588+0000] {processor.py:157} INFO - Started process (PID=1387) to work on /home/airflow/.local/lib/python3.7/site-packages/airflow/example_dags/example_dynamic_task_mapping.py
[2023-08-13T20:16:12.590+0000] {processor.py:826} INFO - Processing file /home/airflow/.local/lib/python3.7/site-packages/airflow/example_dags/example_dynamic_task_mapping.py for tasks to queue
[2023-08-13T20:16:12.591+0000] {logging_mixin.py:150} INFO - [2023-08-13T20:16:12.591+0000] {dagbag.py:541} INFO - Filling up the DagBag from /home/airflow/.local/lib/python3.7/site-packages/airflow/example_dags/example_dynamic_task_mapping.py
[2023-08-13T20:16:12.603+0000] {processor.py:836} INFO - DAG(s) dict_keys(['example_dynamic_task_mapping']) retrieved from /home/airflow/.local/lib/python3.7/site-packages/airflow/example_dags/example_dynamic_task_mapping.py
[2023-08-13T20:16:12.643+0000] {logging_mixin.py:150} INFO - [2023-08-13T20:16:12.643+0000] {dag.py:2742} INFO - Sync 1 DAGs
[2023-08-13T20:16:12.695+0000] {logging_mixin.py:150} INFO - [2023-08-13T20:16:12.694+0000] {dag.py:3508} INFO - Setting next_dagrun for example_dynamic_task_mapping to 2022-03-04T00:00:00+00:00, run_after=2022-03-05T00:00:00+00:00
[2023-08-13T20:16:12.728+0000] {processor.py:179} INFO - Processing /home/airflow/.local/lib/python3.7/site-packages/airflow/example_dags/example_dynamic_task_mapping.py took 0.145 seconds
[2023-08-13T20:16:42.948+0000] {processor.py:157} INFO - Started process (PID=1453) to work on /home/airflow/.local/lib/python3.7/site-packages/airflow/example_dags/example_dynamic_task_mapping.py
[2023-08-13T20:16:42.949+0000] {processor.py:826} INFO - Processing file /home/airflow/.local/lib/python3.7/site-packages/airflow/example_dags/example_dynamic_task_mapping.py for tasks to queue
[2023-08-13T20:16:42.951+0000] {logging_mixin.py:150} INFO - [2023-08-13T20:16:42.950+0000] {dagbag.py:541} INFO - Filling up the DagBag from /home/airflow/.local/lib/python3.7/site-packages/airflow/example_dags/example_dynamic_task_mapping.py
[2023-08-13T20:16:42.962+0000] {processor.py:836} INFO - DAG(s) dict_keys(['example_dynamic_task_mapping']) retrieved from /home/airflow/.local/lib/python3.7/site-packages/airflow/example_dags/example_dynamic_task_mapping.py
[2023-08-13T20:16:42.994+0000] {logging_mixin.py:150} INFO - [2023-08-13T20:16:42.994+0000] {dag.py:2742} INFO - Sync 1 DAGs
[2023-08-13T20:16:43.035+0000] {logging_mixin.py:150} INFO - [2023-08-13T20:16:43.034+0000] {dag.py:3508} INFO - Setting next_dagrun for example_dynamic_task_mapping to 2022-03-04T00:00:00+00:00, run_after=2022-03-05T00:00:00+00:00
[2023-08-13T20:16:43.062+0000] {processor.py:179} INFO - Processing /home/airflow/.local/lib/python3.7/site-packages/airflow/example_dags/example_dynamic_task_mapping.py took 0.119 seconds
[2023-08-13T20:17:13.741+0000] {processor.py:157} INFO - Started process (PID=1519) to work on /home/airflow/.local/lib/python3.7/site-packages/airflow/example_dags/example_dynamic_task_mapping.py
[2023-08-13T20:17:13.742+0000] {processor.py:826} INFO - Processing file /home/airflow/.local/lib/python3.7/site-packages/airflow/example_dags/example_dynamic_task_mapping.py for tasks to queue
[2023-08-13T20:17:13.744+0000] {logging_mixin.py:150} INFO - [2023-08-13T20:17:13.743+0000] {dagbag.py:541} INFO - Filling up the DagBag from /home/airflow/.local/lib/python3.7/site-packages/airflow/example_dags/example_dynamic_task_mapping.py
[2023-08-13T20:17:13.751+0000] {processor.py:836} INFO - DAG(s) dict_keys(['example_dynamic_task_mapping']) retrieved from /home/airflow/.local/lib/python3.7/site-packages/airflow/example_dags/example_dynamic_task_mapping.py
[2023-08-13T20:17:13.780+0000] {logging_mixin.py:150} INFO - [2023-08-13T20:17:13.780+0000] {dag.py:2742} INFO - Sync 1 DAGs
[2023-08-13T20:17:13.821+0000] {logging_mixin.py:150} INFO - [2023-08-13T20:17:13.820+0000] {dag.py:3508} INFO - Setting next_dagrun for example_dynamic_task_mapping to 2022-03-04T00:00:00+00:00, run_after=2022-03-05T00:00:00+00:00
[2023-08-13T20:17:13.845+0000] {processor.py:179} INFO - Processing /home/airflow/.local/lib/python3.7/site-packages/airflow/example_dags/example_dynamic_task_mapping.py took 0.108 seconds
[2023-08-13T20:17:44.187+0000] {processor.py:157} INFO - Started process (PID=1585) to work on /home/airflow/.local/lib/python3.7/site-packages/airflow/example_dags/example_dynamic_task_mapping.py
[2023-08-13T20:17:44.189+0000] {processor.py:826} INFO - Processing file /home/airflow/.local/lib/python3.7/site-packages/airflow/example_dags/example_dynamic_task_mapping.py for tasks to queue
[2023-08-13T20:17:44.190+0000] {logging_mixin.py:150} INFO - [2023-08-13T20:17:44.189+0000] {dagbag.py:541} INFO - Filling up the DagBag from /home/airflow/.local/lib/python3.7/site-packages/airflow/example_dags/example_dynamic_task_mapping.py
[2023-08-13T20:17:44.198+0000] {processor.py:836} INFO - DAG(s) dict_keys(['example_dynamic_task_mapping']) retrieved from /home/airflow/.local/lib/python3.7/site-packages/airflow/example_dags/example_dynamic_task_mapping.py
[2023-08-13T20:17:44.226+0000] {logging_mixin.py:150} INFO - [2023-08-13T20:17:44.226+0000] {dag.py:2742} INFO - Sync 1 DAGs
[2023-08-13T20:17:44.260+0000] {logging_mixin.py:150} INFO - [2023-08-13T20:17:44.260+0000] {dag.py:3508} INFO - Setting next_dagrun for example_dynamic_task_mapping to 2022-03-04T00:00:00+00:00, run_after=2022-03-05T00:00:00+00:00
[2023-08-13T20:17:44.283+0000] {processor.py:179} INFO - Processing /home/airflow/.local/lib/python3.7/site-packages/airflow/example_dags/example_dynamic_task_mapping.py took 0.099 seconds
[2023-08-13T20:18:14.856+0000] {processor.py:157} INFO - Started process (PID=1652) to work on /home/airflow/.local/lib/python3.7/site-packages/airflow/example_dags/example_dynamic_task_mapping.py
[2023-08-13T20:18:14.857+0000] {processor.py:826} INFO - Processing file /home/airflow/.local/lib/python3.7/site-packages/airflow/example_dags/example_dynamic_task_mapping.py for tasks to queue
[2023-08-13T20:18:14.859+0000] {logging_mixin.py:150} INFO - [2023-08-13T20:18:14.858+0000] {dagbag.py:541} INFO - Filling up the DagBag from /home/airflow/.local/lib/python3.7/site-packages/airflow/example_dags/example_dynamic_task_mapping.py
[2023-08-13T20:18:14.866+0000] {processor.py:836} INFO - DAG(s) dict_keys(['example_dynamic_task_mapping']) retrieved from /home/airflow/.local/lib/python3.7/site-packages/airflow/example_dags/example_dynamic_task_mapping.py
[2023-08-13T20:18:14.896+0000] {logging_mixin.py:150} INFO - [2023-08-13T20:18:14.895+0000] {dag.py:2742} INFO - Sync 1 DAGs
[2023-08-13T20:18:14.927+0000] {logging_mixin.py:150} INFO - [2023-08-13T20:18:14.927+0000] {dag.py:3508} INFO - Setting next_dagrun for example_dynamic_task_mapping to 2022-03-04T00:00:00+00:00, run_after=2022-03-05T00:00:00+00:00
[2023-08-13T20:18:14.954+0000] {processor.py:179} INFO - Processing /home/airflow/.local/lib/python3.7/site-packages/airflow/example_dags/example_dynamic_task_mapping.py took 0.101 seconds
[2023-08-13T20:18:45.173+0000] {processor.py:157} INFO - Started process (PID=1719) to work on /home/airflow/.local/lib/python3.7/site-packages/airflow/example_dags/example_dynamic_task_mapping.py
[2023-08-13T20:18:45.174+0000] {processor.py:826} INFO - Processing file /home/airflow/.local/lib/python3.7/site-packages/airflow/example_dags/example_dynamic_task_mapping.py for tasks to queue
[2023-08-13T20:18:45.176+0000] {logging_mixin.py:150} INFO - [2023-08-13T20:18:45.175+0000] {dagbag.py:541} INFO - Filling up the DagBag from /home/airflow/.local/lib/python3.7/site-packages/airflow/example_dags/example_dynamic_task_mapping.py
[2023-08-13T20:18:45.185+0000] {processor.py:836} INFO - DAG(s) dict_keys(['example_dynamic_task_mapping']) retrieved from /home/airflow/.local/lib/python3.7/site-packages/airflow/example_dags/example_dynamic_task_mapping.py
[2023-08-13T20:18:45.219+0000] {logging_mixin.py:150} INFO - [2023-08-13T20:18:45.218+0000] {dag.py:2742} INFO - Sync 1 DAGs
[2023-08-13T20:18:45.271+0000] {logging_mixin.py:150} INFO - [2023-08-13T20:18:45.271+0000] {dag.py:3508} INFO - Setting next_dagrun for example_dynamic_task_mapping to 2022-03-04T00:00:00+00:00, run_after=2022-03-05T00:00:00+00:00
[2023-08-13T20:18:45.304+0000] {processor.py:179} INFO - Processing /home/airflow/.local/lib/python3.7/site-packages/airflow/example_dags/example_dynamic_task_mapping.py took 0.135 seconds
[2023-08-13T20:19:15.808+0000] {processor.py:157} INFO - Started process (PID=1785) to work on /home/airflow/.local/lib/python3.7/site-packages/airflow/example_dags/example_dynamic_task_mapping.py
[2023-08-13T20:19:15.809+0000] {processor.py:826} INFO - Processing file /home/airflow/.local/lib/python3.7/site-packages/airflow/example_dags/example_dynamic_task_mapping.py for tasks to queue
[2023-08-13T20:19:15.810+0000] {logging_mixin.py:150} INFO - [2023-08-13T20:19:15.810+0000] {dagbag.py:541} INFO - Filling up the DagBag from /home/airflow/.local/lib/python3.7/site-packages/airflow/example_dags/example_dynamic_task_mapping.py
[2023-08-13T20:19:15.816+0000] {processor.py:836} INFO - DAG(s) dict_keys(['example_dynamic_task_mapping']) retrieved from /home/airflow/.local/lib/python3.7/site-packages/airflow/example_dags/example_dynamic_task_mapping.py
[2023-08-13T20:19:15.839+0000] {logging_mixin.py:150} INFO - [2023-08-13T20:19:15.838+0000] {dag.py:2742} INFO - Sync 1 DAGs
[2023-08-13T20:19:15.864+0000] {logging_mixin.py:150} INFO - [2023-08-13T20:19:15.864+0000] {dag.py:3508} INFO - Setting next_dagrun for example_dynamic_task_mapping to 2022-03-04T00:00:00+00:00, run_after=2022-03-05T00:00:00+00:00
[2023-08-13T20:19:15.887+0000] {processor.py:179} INFO - Processing /home/airflow/.local/lib/python3.7/site-packages/airflow/example_dags/example_dynamic_task_mapping.py took 0.082 seconds
[2023-08-13T20:19:46.112+0000] {processor.py:157} INFO - Started process (PID=1851) to work on /home/airflow/.local/lib/python3.7/site-packages/airflow/example_dags/example_dynamic_task_mapping.py
[2023-08-13T20:19:46.114+0000] {processor.py:826} INFO - Processing file /home/airflow/.local/lib/python3.7/site-packages/airflow/example_dags/example_dynamic_task_mapping.py for tasks to queue
[2023-08-13T20:19:46.115+0000] {logging_mixin.py:150} INFO - [2023-08-13T20:19:46.115+0000] {dagbag.py:541} INFO - Filling up the DagBag from /home/airflow/.local/lib/python3.7/site-packages/airflow/example_dags/example_dynamic_task_mapping.py
[2023-08-13T20:19:46.127+0000] {processor.py:836} INFO - DAG(s) dict_keys(['example_dynamic_task_mapping']) retrieved from /home/airflow/.local/lib/python3.7/site-packages/airflow/example_dags/example_dynamic_task_mapping.py
[2023-08-13T20:19:46.171+0000] {logging_mixin.py:150} INFO - [2023-08-13T20:19:46.171+0000] {dag.py:2742} INFO - Sync 1 DAGs
[2023-08-13T20:19:46.224+0000] {logging_mixin.py:150} INFO - [2023-08-13T20:19:46.223+0000] {dag.py:3508} INFO - Setting next_dagrun for example_dynamic_task_mapping to 2022-03-04T00:00:00+00:00, run_after=2022-03-05T00:00:00+00:00
[2023-08-13T20:19:46.268+0000] {processor.py:179} INFO - Processing /home/airflow/.local/lib/python3.7/site-packages/airflow/example_dags/example_dynamic_task_mapping.py took 0.161 seconds
[2023-08-13T20:20:16.498+0000] {processor.py:157} INFO - Started process (PID=1917) to work on /home/airflow/.local/lib/python3.7/site-packages/airflow/example_dags/example_dynamic_task_mapping.py
[2023-08-13T20:20:16.499+0000] {processor.py:826} INFO - Processing file /home/airflow/.local/lib/python3.7/site-packages/airflow/example_dags/example_dynamic_task_mapping.py for tasks to queue
[2023-08-13T20:20:16.501+0000] {logging_mixin.py:150} INFO - [2023-08-13T20:20:16.500+0000] {dagbag.py:541} INFO - Filling up the DagBag from /home/airflow/.local/lib/python3.7/site-packages/airflow/example_dags/example_dynamic_task_mapping.py
[2023-08-13T20:20:16.517+0000] {processor.py:836} INFO - DAG(s) dict_keys(['example_dynamic_task_mapping']) retrieved from /home/airflow/.local/lib/python3.7/site-packages/airflow/example_dags/example_dynamic_task_mapping.py
[2023-08-13T20:20:16.563+0000] {logging_mixin.py:150} INFO - [2023-08-13T20:20:16.562+0000] {dag.py:2742} INFO - Sync 1 DAGs
[2023-08-13T20:20:16.620+0000] {logging_mixin.py:150} INFO - [2023-08-13T20:20:16.619+0000] {dag.py:3508} INFO - Setting next_dagrun for example_dynamic_task_mapping to 2022-03-04T00:00:00+00:00, run_after=2022-03-05T00:00:00+00:00
[2023-08-13T20:20:16.677+0000] {processor.py:179} INFO - Processing /home/airflow/.local/lib/python3.7/site-packages/airflow/example_dags/example_dynamic_task_mapping.py took 0.184 seconds
[2023-08-13T20:20:47.092+0000] {processor.py:157} INFO - Started process (PID=1983) to work on /home/airflow/.local/lib/python3.7/site-packages/airflow/example_dags/example_dynamic_task_mapping.py
[2023-08-13T20:20:47.094+0000] {processor.py:826} INFO - Processing file /home/airflow/.local/lib/python3.7/site-packages/airflow/example_dags/example_dynamic_task_mapping.py for tasks to queue
[2023-08-13T20:20:47.096+0000] {logging_mixin.py:150} INFO - [2023-08-13T20:20:47.095+0000] {dagbag.py:541} INFO - Filling up the DagBag from /home/airflow/.local/lib/python3.7/site-packages/airflow/example_dags/example_dynamic_task_mapping.py
[2023-08-13T20:20:47.104+0000] {processor.py:836} INFO - DAG(s) dict_keys(['example_dynamic_task_mapping']) retrieved from /home/airflow/.local/lib/python3.7/site-packages/airflow/example_dags/example_dynamic_task_mapping.py
[2023-08-13T20:20:47.140+0000] {logging_mixin.py:150} INFO - [2023-08-13T20:20:47.140+0000] {dag.py:2742} INFO - Sync 1 DAGs
[2023-08-13T20:20:47.184+0000] {logging_mixin.py:150} INFO - [2023-08-13T20:20:47.183+0000] {dag.py:3508} INFO - Setting next_dagrun for example_dynamic_task_mapping to 2022-03-04T00:00:00+00:00, run_after=2022-03-05T00:00:00+00:00
[2023-08-13T20:20:47.227+0000] {processor.py:179} INFO - Processing /home/airflow/.local/lib/python3.7/site-packages/airflow/example_dags/example_dynamic_task_mapping.py took 0.139 seconds
[2023-08-13T20:21:17.716+0000] {processor.py:157} INFO - Started process (PID=2036) to work on /home/airflow/.local/lib/python3.7/site-packages/airflow/example_dags/example_dynamic_task_mapping.py
[2023-08-13T20:21:17.718+0000] {processor.py:826} INFO - Processing file /home/airflow/.local/lib/python3.7/site-packages/airflow/example_dags/example_dynamic_task_mapping.py for tasks to queue
[2023-08-13T20:21:17.719+0000] {logging_mixin.py:150} INFO - [2023-08-13T20:21:17.719+0000] {dagbag.py:541} INFO - Filling up the DagBag from /home/airflow/.local/lib/python3.7/site-packages/airflow/example_dags/example_dynamic_task_mapping.py
[2023-08-13T20:21:17.728+0000] {processor.py:836} INFO - DAG(s) dict_keys(['example_dynamic_task_mapping']) retrieved from /home/airflow/.local/lib/python3.7/site-packages/airflow/example_dags/example_dynamic_task_mapping.py
[2023-08-13T20:21:17.756+0000] {logging_mixin.py:150} INFO - [2023-08-13T20:21:17.756+0000] {dag.py:2742} INFO - Sync 1 DAGs
[2023-08-13T20:21:17.790+0000] {logging_mixin.py:150} INFO - [2023-08-13T20:21:17.789+0000] {dag.py:3508} INFO - Setting next_dagrun for example_dynamic_task_mapping to 2022-03-04T00:00:00+00:00, run_after=2022-03-05T00:00:00+00:00
[2023-08-13T20:21:17.819+0000] {processor.py:179} INFO - Processing /home/airflow/.local/lib/python3.7/site-packages/airflow/example_dags/example_dynamic_task_mapping.py took 0.107 seconds
[2023-08-13T20:21:48.683+0000] {processor.py:157} INFO - Started process (PID=2102) to work on /home/airflow/.local/lib/python3.7/site-packages/airflow/example_dags/example_dynamic_task_mapping.py
[2023-08-13T20:21:48.685+0000] {processor.py:826} INFO - Processing file /home/airflow/.local/lib/python3.7/site-packages/airflow/example_dags/example_dynamic_task_mapping.py for tasks to queue
[2023-08-13T20:21:48.686+0000] {logging_mixin.py:150} INFO - [2023-08-13T20:21:48.686+0000] {dagbag.py:541} INFO - Filling up the DagBag from /home/airflow/.local/lib/python3.7/site-packages/airflow/example_dags/example_dynamic_task_mapping.py
[2023-08-13T20:21:48.695+0000] {processor.py:836} INFO - DAG(s) dict_keys(['example_dynamic_task_mapping']) retrieved from /home/airflow/.local/lib/python3.7/site-packages/airflow/example_dags/example_dynamic_task_mapping.py
[2023-08-13T20:21:48.726+0000] {logging_mixin.py:150} INFO - [2023-08-13T20:21:48.726+0000] {dag.py:2742} INFO - Sync 1 DAGs
[2023-08-13T20:21:48.766+0000] {logging_mixin.py:150} INFO - [2023-08-13T20:21:48.766+0000] {dag.py:3508} INFO - Setting next_dagrun for example_dynamic_task_mapping to 2022-03-04T00:00:00+00:00, run_after=2022-03-05T00:00:00+00:00
[2023-08-13T20:21:48.789+0000] {processor.py:179} INFO - Processing /home/airflow/.local/lib/python3.7/site-packages/airflow/example_dags/example_dynamic_task_mapping.py took 0.110 seconds
[2023-08-13T20:22:19.146+0000] {processor.py:157} INFO - Started process (PID=2168) to work on /home/airflow/.local/lib/python3.7/site-packages/airflow/example_dags/example_dynamic_task_mapping.py
[2023-08-13T20:22:19.148+0000] {processor.py:826} INFO - Processing file /home/airflow/.local/lib/python3.7/site-packages/airflow/example_dags/example_dynamic_task_mapping.py for tasks to queue
[2023-08-13T20:22:19.149+0000] {logging_mixin.py:150} INFO - [2023-08-13T20:22:19.149+0000] {dagbag.py:541} INFO - Filling up the DagBag from /home/airflow/.local/lib/python3.7/site-packages/airflow/example_dags/example_dynamic_task_mapping.py
[2023-08-13T20:22:19.159+0000] {processor.py:836} INFO - DAG(s) dict_keys(['example_dynamic_task_mapping']) retrieved from /home/airflow/.local/lib/python3.7/site-packages/airflow/example_dags/example_dynamic_task_mapping.py
[2023-08-13T20:22:19.188+0000] {logging_mixin.py:150} INFO - [2023-08-13T20:22:19.188+0000] {dag.py:2742} INFO - Sync 1 DAGs
[2023-08-13T20:22:19.226+0000] {logging_mixin.py:150} INFO - [2023-08-13T20:22:19.226+0000] {dag.py:3508} INFO - Setting next_dagrun for example_dynamic_task_mapping to 2022-03-04T00:00:00+00:00, run_after=2022-03-05T00:00:00+00:00
[2023-08-13T20:22:19.255+0000] {processor.py:179} INFO - Processing /home/airflow/.local/lib/python3.7/site-packages/airflow/example_dags/example_dynamic_task_mapping.py took 0.114 seconds
[2023-08-13T20:22:50.032+0000] {processor.py:157} INFO - Started process (PID=2235) to work on /home/airflow/.local/lib/python3.7/site-packages/airflow/example_dags/example_dynamic_task_mapping.py
[2023-08-13T20:22:50.033+0000] {processor.py:826} INFO - Processing file /home/airflow/.local/lib/python3.7/site-packages/airflow/example_dags/example_dynamic_task_mapping.py for tasks to queue
[2023-08-13T20:22:50.034+0000] {logging_mixin.py:150} INFO - [2023-08-13T20:22:50.034+0000] {dagbag.py:541} INFO - Filling up the DagBag from /home/airflow/.local/lib/python3.7/site-packages/airflow/example_dags/example_dynamic_task_mapping.py
[2023-08-13T20:22:50.041+0000] {processor.py:836} INFO - DAG(s) dict_keys(['example_dynamic_task_mapping']) retrieved from /home/airflow/.local/lib/python3.7/site-packages/airflow/example_dags/example_dynamic_task_mapping.py
[2023-08-13T20:22:50.068+0000] {logging_mixin.py:150} INFO - [2023-08-13T20:22:50.067+0000] {dag.py:2742} INFO - Sync 1 DAGs
[2023-08-13T20:22:50.111+0000] {logging_mixin.py:150} INFO - [2023-08-13T20:22:50.111+0000] {dag.py:3508} INFO - Setting next_dagrun for example_dynamic_task_mapping to 2022-03-04T00:00:00+00:00, run_after=2022-03-05T00:00:00+00:00
[2023-08-13T20:22:50.143+0000] {processor.py:179} INFO - Processing /home/airflow/.local/lib/python3.7/site-packages/airflow/example_dags/example_dynamic_task_mapping.py took 0.115 seconds
[2023-08-13T20:23:20.677+0000] {processor.py:157} INFO - Started process (PID=2301) to work on /home/airflow/.local/lib/python3.7/site-packages/airflow/example_dags/example_dynamic_task_mapping.py
[2023-08-13T20:23:20.680+0000] {processor.py:826} INFO - Processing file /home/airflow/.local/lib/python3.7/site-packages/airflow/example_dags/example_dynamic_task_mapping.py for tasks to queue
[2023-08-13T20:23:20.683+0000] {logging_mixin.py:150} INFO - [2023-08-13T20:23:20.682+0000] {dagbag.py:541} INFO - Filling up the DagBag from /home/airflow/.local/lib/python3.7/site-packages/airflow/example_dags/example_dynamic_task_mapping.py
[2023-08-13T20:23:20.700+0000] {processor.py:836} INFO - DAG(s) dict_keys(['example_dynamic_task_mapping']) retrieved from /home/airflow/.local/lib/python3.7/site-packages/airflow/example_dags/example_dynamic_task_mapping.py
[2023-08-13T20:23:20.732+0000] {logging_mixin.py:150} INFO - [2023-08-13T20:23:20.732+0000] {dag.py:2742} INFO - Sync 1 DAGs
[2023-08-13T20:23:20.763+0000] {logging_mixin.py:150} INFO - [2023-08-13T20:23:20.763+0000] {dag.py:3508} INFO - Setting next_dagrun for example_dynamic_task_mapping to 2022-03-04T00:00:00+00:00, run_after=2022-03-05T00:00:00+00:00
[2023-08-13T20:23:20.782+0000] {processor.py:179} INFO - Processing /home/airflow/.local/lib/python3.7/site-packages/airflow/example_dags/example_dynamic_task_mapping.py took 0.111 seconds
