[2023-08-13T18:41:12.504+0000] {processor.py:157} INFO - Started process (PID=70) to work on /home/airflow/.local/lib/python3.7/site-packages/airflow/example_dags/example_subdag_operator.py
[2023-08-13T18:41:12.507+0000] {processor.py:826} INFO - Processing file /home/airflow/.local/lib/python3.7/site-packages/airflow/example_dags/example_subdag_operator.py for tasks to queue
[2023-08-13T18:41:12.508+0000] {logging_mixin.py:150} INFO - [2023-08-13T18:41:12.508+0000] {dagbag.py:541} INFO - Filling up the DagBag from /home/airflow/.local/lib/python3.7/site-packages/airflow/example_dags/example_subdag_operator.py
[2023-08-13T18:41:12.552+0000] {processor.py:836} INFO - DAG(s) dict_keys(['example_subdag_operator.section-1', 'example_subdag_operator.section-2', 'example_subdag_operator']) retrieved from /home/airflow/.local/lib/python3.7/site-packages/airflow/example_dags/example_subdag_operator.py
[2023-08-13T18:41:12.559+0000] {logging_mixin.py:150} INFO - [2023-08-13T18:41:12.559+0000] {dag.py:2742} INFO - Sync 3 DAGs
[2023-08-13T18:41:12.604+0000] {logging_mixin.py:150} INFO - [2023-08-13T18:41:12.603+0000] {dag.py:3508} INFO - Setting next_dagrun for example_subdag_operator to 2022-01-01T00:00:00+00:00, run_after=2022-01-01T00:00:00+00:00
[2023-08-13T18:41:12.610+0000] {logging_mixin.py:150} INFO - [2023-08-13T18:41:12.610+0000] {dag.py:3508} INFO - Setting next_dagrun for example_subdag_operator.section-1 to None, run_after=None
[2023-08-13T18:41:12.612+0000] {logging_mixin.py:150} INFO - [2023-08-13T18:41:12.612+0000] {dag.py:3508} INFO - Setting next_dagrun for example_subdag_operator.section-2 to None, run_after=None
[2023-08-13T18:41:12.624+0000] {logging_mixin.py:150} INFO - [2023-08-13T18:41:12.624+0000] {dag.py:2742} INFO - Sync 2 DAGs
[2023-08-13T18:41:12.635+0000] {logging_mixin.py:150} INFO - [2023-08-13T18:41:12.635+0000] {dag.py:3508} INFO - Setting next_dagrun for example_subdag_operator.section-1 to None, run_after=None
[2023-08-13T18:41:12.636+0000] {logging_mixin.py:150} INFO - [2023-08-13T18:41:12.636+0000] {dag.py:3508} INFO - Setting next_dagrun for example_subdag_operator.section-2 to None, run_after=None
[2023-08-13T18:41:12.658+0000] {processor.py:179} INFO - Processing /home/airflow/.local/lib/python3.7/site-packages/airflow/example_dags/example_subdag_operator.py took 0.160 seconds
[2023-08-13T18:41:43.120+0000] {processor.py:157} INFO - Started process (PID=135) to work on /home/airflow/.local/lib/python3.7/site-packages/airflow/example_dags/example_subdag_operator.py
[2023-08-13T18:41:43.121+0000] {processor.py:826} INFO - Processing file /home/airflow/.local/lib/python3.7/site-packages/airflow/example_dags/example_subdag_operator.py for tasks to queue
[2023-08-13T18:41:43.123+0000] {logging_mixin.py:150} INFO - [2023-08-13T18:41:43.122+0000] {dagbag.py:541} INFO - Filling up the DagBag from /home/airflow/.local/lib/python3.7/site-packages/airflow/example_dags/example_subdag_operator.py
[2023-08-13T18:41:43.159+0000] {processor.py:836} INFO - DAG(s) dict_keys(['example_subdag_operator.section-1', 'example_subdag_operator.section-2', 'example_subdag_operator']) retrieved from /home/airflow/.local/lib/python3.7/site-packages/airflow/example_dags/example_subdag_operator.py
[2023-08-13T18:41:43.193+0000] {logging_mixin.py:150} INFO - [2023-08-13T18:41:43.192+0000] {dag.py:2742} INFO - Sync 3 DAGs
[2023-08-13T18:41:43.250+0000] {logging_mixin.py:150} INFO - [2023-08-13T18:41:43.250+0000] {dag.py:3508} INFO - Setting next_dagrun for example_subdag_operator to 2022-01-01T00:00:00+00:00, run_after=2022-01-01T00:00:00+00:00
[2023-08-13T18:41:43.255+0000] {logging_mixin.py:150} INFO - [2023-08-13T18:41:43.255+0000] {dag.py:3508} INFO - Setting next_dagrun for example_subdag_operator.section-1 to None, run_after=None
[2023-08-13T18:41:43.257+0000] {logging_mixin.py:150} INFO - [2023-08-13T18:41:43.257+0000] {dag.py:3508} INFO - Setting next_dagrun for example_subdag_operator.section-2 to None, run_after=None
[2023-08-13T18:41:43.271+0000] {logging_mixin.py:150} INFO - [2023-08-13T18:41:43.271+0000] {dag.py:2742} INFO - Sync 2 DAGs
[2023-08-13T18:41:43.279+0000] {logging_mixin.py:150} INFO - [2023-08-13T18:41:43.279+0000] {dag.py:3508} INFO - Setting next_dagrun for example_subdag_operator.section-1 to None, run_after=None
[2023-08-13T18:41:43.280+0000] {logging_mixin.py:150} INFO - [2023-08-13T18:41:43.280+0000] {dag.py:3508} INFO - Setting next_dagrun for example_subdag_operator.section-2 to None, run_after=None
[2023-08-13T18:41:43.297+0000] {processor.py:179} INFO - Processing /home/airflow/.local/lib/python3.7/site-packages/airflow/example_dags/example_subdag_operator.py took 0.182 seconds
[2023-08-13T18:42:13.995+0000] {processor.py:157} INFO - Started process (PID=200) to work on /home/airflow/.local/lib/python3.7/site-packages/airflow/example_dags/example_subdag_operator.py
[2023-08-13T18:42:13.996+0000] {processor.py:826} INFO - Processing file /home/airflow/.local/lib/python3.7/site-packages/airflow/example_dags/example_subdag_operator.py for tasks to queue
[2023-08-13T18:42:13.997+0000] {logging_mixin.py:150} INFO - [2023-08-13T18:42:13.996+0000] {dagbag.py:541} INFO - Filling up the DagBag from /home/airflow/.local/lib/python3.7/site-packages/airflow/example_dags/example_subdag_operator.py
[2023-08-13T18:42:14.024+0000] {processor.py:836} INFO - DAG(s) dict_keys(['example_subdag_operator.section-1', 'example_subdag_operator.section-2', 'example_subdag_operator']) retrieved from /home/airflow/.local/lib/python3.7/site-packages/airflow/example_dags/example_subdag_operator.py
[2023-08-13T18:42:14.045+0000] {logging_mixin.py:150} INFO - [2023-08-13T18:42:14.045+0000] {dag.py:2742} INFO - Sync 3 DAGs
[2023-08-13T18:42:14.074+0000] {logging_mixin.py:150} INFO - [2023-08-13T18:42:14.074+0000] {dag.py:3508} INFO - Setting next_dagrun for example_subdag_operator to 2022-01-01T00:00:00+00:00, run_after=2022-01-01T00:00:00+00:00
[2023-08-13T18:42:14.078+0000] {logging_mixin.py:150} INFO - [2023-08-13T18:42:14.078+0000] {dag.py:3508} INFO - Setting next_dagrun for example_subdag_operator.section-1 to None, run_after=None
[2023-08-13T18:42:14.080+0000] {logging_mixin.py:150} INFO - [2023-08-13T18:42:14.080+0000] {dag.py:3508} INFO - Setting next_dagrun for example_subdag_operator.section-2 to None, run_after=None
[2023-08-13T18:42:14.090+0000] {logging_mixin.py:150} INFO - [2023-08-13T18:42:14.090+0000] {dag.py:2742} INFO - Sync 2 DAGs
[2023-08-13T18:42:14.096+0000] {logging_mixin.py:150} INFO - [2023-08-13T18:42:14.095+0000] {dag.py:3508} INFO - Setting next_dagrun for example_subdag_operator.section-1 to None, run_after=None
[2023-08-13T18:42:14.096+0000] {logging_mixin.py:150} INFO - [2023-08-13T18:42:14.096+0000] {dag.py:3508} INFO - Setting next_dagrun for example_subdag_operator.section-2 to None, run_after=None
[2023-08-13T18:42:14.109+0000] {processor.py:179} INFO - Processing /home/airflow/.local/lib/python3.7/site-packages/airflow/example_dags/example_subdag_operator.py took 0.117 seconds
[2023-08-13T18:42:44.945+0000] {processor.py:157} INFO - Started process (PID=265) to work on /home/airflow/.local/lib/python3.7/site-packages/airflow/example_dags/example_subdag_operator.py
[2023-08-13T18:42:44.946+0000] {processor.py:826} INFO - Processing file /home/airflow/.local/lib/python3.7/site-packages/airflow/example_dags/example_subdag_operator.py for tasks to queue
[2023-08-13T18:42:44.947+0000] {logging_mixin.py:150} INFO - [2023-08-13T18:42:44.946+0000] {dagbag.py:541} INFO - Filling up the DagBag from /home/airflow/.local/lib/python3.7/site-packages/airflow/example_dags/example_subdag_operator.py
[2023-08-13T18:42:44.970+0000] {processor.py:836} INFO - DAG(s) dict_keys(['example_subdag_operator.section-1', 'example_subdag_operator.section-2', 'example_subdag_operator']) retrieved from /home/airflow/.local/lib/python3.7/site-packages/airflow/example_dags/example_subdag_operator.py
[2023-08-13T18:42:44.990+0000] {logging_mixin.py:150} INFO - [2023-08-13T18:42:44.990+0000] {dag.py:2742} INFO - Sync 3 DAGs
[2023-08-13T18:42:45.014+0000] {logging_mixin.py:150} INFO - [2023-08-13T18:42:45.013+0000] {dag.py:3508} INFO - Setting next_dagrun for example_subdag_operator to 2022-01-01T00:00:00+00:00, run_after=2022-01-01T00:00:00+00:00
[2023-08-13T18:42:45.017+0000] {logging_mixin.py:150} INFO - [2023-08-13T18:42:45.017+0000] {dag.py:3508} INFO - Setting next_dagrun for example_subdag_operator.section-1 to None, run_after=None
[2023-08-13T18:42:45.019+0000] {logging_mixin.py:150} INFO - [2023-08-13T18:42:45.019+0000] {dag.py:3508} INFO - Setting next_dagrun for example_subdag_operator.section-2 to None, run_after=None
[2023-08-13T18:42:45.026+0000] {logging_mixin.py:150} INFO - [2023-08-13T18:42:45.026+0000] {dag.py:2742} INFO - Sync 2 DAGs
[2023-08-13T18:42:45.032+0000] {logging_mixin.py:150} INFO - [2023-08-13T18:42:45.032+0000] {dag.py:3508} INFO - Setting next_dagrun for example_subdag_operator.section-1 to None, run_after=None
[2023-08-13T18:42:45.033+0000] {logging_mixin.py:150} INFO - [2023-08-13T18:42:45.033+0000] {dag.py:3508} INFO - Setting next_dagrun for example_subdag_operator.section-2 to None, run_after=None
[2023-08-13T18:42:45.047+0000] {processor.py:179} INFO - Processing /home/airflow/.local/lib/python3.7/site-packages/airflow/example_dags/example_subdag_operator.py took 0.105 seconds
[2023-08-13T18:43:17.533+0000] {processor.py:157} INFO - Started process (PID=330) to work on /home/airflow/.local/lib/python3.7/site-packages/airflow/example_dags/example_subdag_operator.py
[2023-08-13T18:43:17.535+0000] {processor.py:826} INFO - Processing file /home/airflow/.local/lib/python3.7/site-packages/airflow/example_dags/example_subdag_operator.py for tasks to queue
[2023-08-13T18:43:17.536+0000] {logging_mixin.py:150} INFO - [2023-08-13T18:43:17.536+0000] {dagbag.py:541} INFO - Filling up the DagBag from /home/airflow/.local/lib/python3.7/site-packages/airflow/example_dags/example_subdag_operator.py
[2023-08-13T18:43:17.576+0000] {processor.py:836} INFO - DAG(s) dict_keys(['example_subdag_operator.section-1', 'example_subdag_operator.section-2', 'example_subdag_operator']) retrieved from /home/airflow/.local/lib/python3.7/site-packages/airflow/example_dags/example_subdag_operator.py
[2023-08-13T18:43:17.614+0000] {logging_mixin.py:150} INFO - [2023-08-13T18:43:17.613+0000] {dag.py:2742} INFO - Sync 3 DAGs
[2023-08-13T18:43:17.683+0000] {logging_mixin.py:150} INFO - [2023-08-13T18:43:17.682+0000] {dag.py:3508} INFO - Setting next_dagrun for example_subdag_operator to 2022-01-01T00:00:00+00:00, run_after=2022-01-01T00:00:00+00:00
[2023-08-13T18:43:17.691+0000] {logging_mixin.py:150} INFO - [2023-08-13T18:43:17.691+0000] {dag.py:3508} INFO - Setting next_dagrun for example_subdag_operator.section-1 to None, run_after=None
[2023-08-13T18:43:17.695+0000] {logging_mixin.py:150} INFO - [2023-08-13T18:43:17.695+0000] {dag.py:3508} INFO - Setting next_dagrun for example_subdag_operator.section-2 to None, run_after=None
[2023-08-13T18:43:17.714+0000] {logging_mixin.py:150} INFO - [2023-08-13T18:43:17.713+0000] {dag.py:2742} INFO - Sync 2 DAGs
[2023-08-13T18:43:17.728+0000] {logging_mixin.py:150} INFO - [2023-08-13T18:43:17.727+0000] {dag.py:3508} INFO - Setting next_dagrun for example_subdag_operator.section-1 to None, run_after=None
[2023-08-13T18:43:17.729+0000] {logging_mixin.py:150} INFO - [2023-08-13T18:43:17.728+0000] {dag.py:3508} INFO - Setting next_dagrun for example_subdag_operator.section-2 to None, run_after=None
[2023-08-13T18:43:17.758+0000] {processor.py:179} INFO - Processing /home/airflow/.local/lib/python3.7/site-packages/airflow/example_dags/example_subdag_operator.py took 0.230 seconds
[2023-08-13T18:43:47.896+0000] {processor.py:157} INFO - Started process (PID=395) to work on /home/airflow/.local/lib/python3.7/site-packages/airflow/example_dags/example_subdag_operator.py
[2023-08-13T18:43:47.898+0000] {processor.py:826} INFO - Processing file /home/airflow/.local/lib/python3.7/site-packages/airflow/example_dags/example_subdag_operator.py for tasks to queue
[2023-08-13T18:43:47.900+0000] {logging_mixin.py:150} INFO - [2023-08-13T18:43:47.900+0000] {dagbag.py:541} INFO - Filling up the DagBag from /home/airflow/.local/lib/python3.7/site-packages/airflow/example_dags/example_subdag_operator.py
[2023-08-13T18:43:47.944+0000] {processor.py:836} INFO - DAG(s) dict_keys(['example_subdag_operator.section-1', 'example_subdag_operator.section-2', 'example_subdag_operator']) retrieved from /home/airflow/.local/lib/python3.7/site-packages/airflow/example_dags/example_subdag_operator.py
[2023-08-13T18:43:47.983+0000] {logging_mixin.py:150} INFO - [2023-08-13T18:43:47.982+0000] {dag.py:2742} INFO - Sync 3 DAGs
[2023-08-13T18:43:48.040+0000] {logging_mixin.py:150} INFO - [2023-08-13T18:43:48.040+0000] {dag.py:3508} INFO - Setting next_dagrun for example_subdag_operator to 2022-01-01T00:00:00+00:00, run_after=2022-01-01T00:00:00+00:00
[2023-08-13T18:43:48.048+0000] {logging_mixin.py:150} INFO - [2023-08-13T18:43:48.047+0000] {dag.py:3508} INFO - Setting next_dagrun for example_subdag_operator.section-1 to None, run_after=None
[2023-08-13T18:43:48.051+0000] {logging_mixin.py:150} INFO - [2023-08-13T18:43:48.051+0000] {dag.py:3508} INFO - Setting next_dagrun for example_subdag_operator.section-2 to None, run_after=None
[2023-08-13T18:43:48.065+0000] {logging_mixin.py:150} INFO - [2023-08-13T18:43:48.064+0000] {dag.py:2742} INFO - Sync 2 DAGs
[2023-08-13T18:43:48.078+0000] {logging_mixin.py:150} INFO - [2023-08-13T18:43:48.078+0000] {dag.py:3508} INFO - Setting next_dagrun for example_subdag_operator.section-1 to None, run_after=None
[2023-08-13T18:43:48.079+0000] {logging_mixin.py:150} INFO - [2023-08-13T18:43:48.079+0000] {dag.py:3508} INFO - Setting next_dagrun for example_subdag_operator.section-2 to None, run_after=None
[2023-08-13T18:43:48.109+0000] {processor.py:179} INFO - Processing /home/airflow/.local/lib/python3.7/site-packages/airflow/example_dags/example_subdag_operator.py took 0.220 seconds
[2023-08-13T18:44:18.895+0000] {processor.py:157} INFO - Started process (PID=460) to work on /home/airflow/.local/lib/python3.7/site-packages/airflow/example_dags/example_subdag_operator.py
[2023-08-13T18:44:18.896+0000] {processor.py:826} INFO - Processing file /home/airflow/.local/lib/python3.7/site-packages/airflow/example_dags/example_subdag_operator.py for tasks to queue
[2023-08-13T18:44:18.898+0000] {logging_mixin.py:150} INFO - [2023-08-13T18:44:18.897+0000] {dagbag.py:541} INFO - Filling up the DagBag from /home/airflow/.local/lib/python3.7/site-packages/airflow/example_dags/example_subdag_operator.py
[2023-08-13T18:44:18.930+0000] {processor.py:836} INFO - DAG(s) dict_keys(['example_subdag_operator.section-1', 'example_subdag_operator.section-2', 'example_subdag_operator']) retrieved from /home/airflow/.local/lib/python3.7/site-packages/airflow/example_dags/example_subdag_operator.py
[2023-08-13T18:44:18.952+0000] {logging_mixin.py:150} INFO - [2023-08-13T18:44:18.952+0000] {dag.py:2742} INFO - Sync 3 DAGs
[2023-08-13T18:44:18.985+0000] {logging_mixin.py:150} INFO - [2023-08-13T18:44:18.984+0000] {dag.py:3508} INFO - Setting next_dagrun for example_subdag_operator to 2022-01-01T00:00:00+00:00, run_after=2022-01-01T00:00:00+00:00
[2023-08-13T18:44:18.989+0000] {logging_mixin.py:150} INFO - [2023-08-13T18:44:18.989+0000] {dag.py:3508} INFO - Setting next_dagrun for example_subdag_operator.section-1 to None, run_after=None
[2023-08-13T18:44:18.991+0000] {logging_mixin.py:150} INFO - [2023-08-13T18:44:18.991+0000] {dag.py:3508} INFO - Setting next_dagrun for example_subdag_operator.section-2 to None, run_after=None
[2023-08-13T18:44:19.000+0000] {logging_mixin.py:150} INFO - [2023-08-13T18:44:19.000+0000] {dag.py:2742} INFO - Sync 2 DAGs
[2023-08-13T18:44:19.006+0000] {logging_mixin.py:150} INFO - [2023-08-13T18:44:19.006+0000] {dag.py:3508} INFO - Setting next_dagrun for example_subdag_operator.section-1 to None, run_after=None
[2023-08-13T18:44:19.007+0000] {logging_mixin.py:150} INFO - [2023-08-13T18:44:19.007+0000] {dag.py:3508} INFO - Setting next_dagrun for example_subdag_operator.section-2 to None, run_after=None
[2023-08-13T18:44:19.025+0000] {processor.py:179} INFO - Processing /home/airflow/.local/lib/python3.7/site-packages/airflow/example_dags/example_subdag_operator.py took 0.135 seconds
[2023-08-13T18:44:49.923+0000] {processor.py:157} INFO - Started process (PID=525) to work on /home/airflow/.local/lib/python3.7/site-packages/airflow/example_dags/example_subdag_operator.py
[2023-08-13T18:44:49.925+0000] {processor.py:826} INFO - Processing file /home/airflow/.local/lib/python3.7/site-packages/airflow/example_dags/example_subdag_operator.py for tasks to queue
[2023-08-13T18:44:49.926+0000] {logging_mixin.py:150} INFO - [2023-08-13T18:44:49.926+0000] {dagbag.py:541} INFO - Filling up the DagBag from /home/airflow/.local/lib/python3.7/site-packages/airflow/example_dags/example_subdag_operator.py
[2023-08-13T18:44:49.963+0000] {processor.py:836} INFO - DAG(s) dict_keys(['example_subdag_operator.section-1', 'example_subdag_operator.section-2', 'example_subdag_operator']) retrieved from /home/airflow/.local/lib/python3.7/site-packages/airflow/example_dags/example_subdag_operator.py
[2023-08-13T18:44:49.990+0000] {logging_mixin.py:150} INFO - [2023-08-13T18:44:49.989+0000] {dag.py:2742} INFO - Sync 3 DAGs
[2023-08-13T18:44:50.026+0000] {logging_mixin.py:150} INFO - [2023-08-13T18:44:50.026+0000] {dag.py:3508} INFO - Setting next_dagrun for example_subdag_operator to 2022-01-01T00:00:00+00:00, run_after=2022-01-01T00:00:00+00:00
[2023-08-13T18:44:50.033+0000] {logging_mixin.py:150} INFO - [2023-08-13T18:44:50.033+0000] {dag.py:3508} INFO - Setting next_dagrun for example_subdag_operator.section-1 to None, run_after=None
[2023-08-13T18:44:50.036+0000] {logging_mixin.py:150} INFO - [2023-08-13T18:44:50.035+0000] {dag.py:3508} INFO - Setting next_dagrun for example_subdag_operator.section-2 to None, run_after=None
[2023-08-13T18:44:50.048+0000] {logging_mixin.py:150} INFO - [2023-08-13T18:44:50.048+0000] {dag.py:2742} INFO - Sync 2 DAGs
[2023-08-13T18:44:50.058+0000] {logging_mixin.py:150} INFO - [2023-08-13T18:44:50.057+0000] {dag.py:3508} INFO - Setting next_dagrun for example_subdag_operator.section-1 to None, run_after=None
[2023-08-13T18:44:50.058+0000] {logging_mixin.py:150} INFO - [2023-08-13T18:44:50.058+0000] {dag.py:3508} INFO - Setting next_dagrun for example_subdag_operator.section-2 to None, run_after=None
[2023-08-13T18:44:50.078+0000] {processor.py:179} INFO - Processing /home/airflow/.local/lib/python3.7/site-packages/airflow/example_dags/example_subdag_operator.py took 0.158 seconds
[2023-08-13T18:45:22.787+0000] {processor.py:157} INFO - Started process (PID=590) to work on /home/airflow/.local/lib/python3.7/site-packages/airflow/example_dags/example_subdag_operator.py
[2023-08-13T18:45:22.789+0000] {processor.py:826} INFO - Processing file /home/airflow/.local/lib/python3.7/site-packages/airflow/example_dags/example_subdag_operator.py for tasks to queue
[2023-08-13T18:45:22.791+0000] {logging_mixin.py:150} INFO - [2023-08-13T18:45:22.790+0000] {dagbag.py:541} INFO - Filling up the DagBag from /home/airflow/.local/lib/python3.7/site-packages/airflow/example_dags/example_subdag_operator.py
[2023-08-13T18:45:23.374+0000] {processor.py:836} INFO - DAG(s) dict_keys(['example_subdag_operator.section-1', 'example_subdag_operator.section-2', 'example_subdag_operator']) retrieved from /home/airflow/.local/lib/python3.7/site-packages/airflow/example_dags/example_subdag_operator.py
[2023-08-13T18:45:23.621+0000] {logging_mixin.py:150} INFO - [2023-08-13T18:45:23.621+0000] {dag.py:2742} INFO - Sync 3 DAGs
[2023-08-13T18:45:23.733+0000] {logging_mixin.py:150} INFO - [2023-08-13T18:45:23.733+0000] {dag.py:3508} INFO - Setting next_dagrun for example_subdag_operator to 2022-01-01T00:00:00+00:00, run_after=2022-01-01T00:00:00+00:00
[2023-08-13T18:45:23.740+0000] {logging_mixin.py:150} INFO - [2023-08-13T18:45:23.739+0000] {dag.py:3508} INFO - Setting next_dagrun for example_subdag_operator.section-1 to None, run_after=None
[2023-08-13T18:45:23.742+0000] {logging_mixin.py:150} INFO - [2023-08-13T18:45:23.742+0000] {dag.py:3508} INFO - Setting next_dagrun for example_subdag_operator.section-2 to None, run_after=None
[2023-08-13T18:45:23.755+0000] {logging_mixin.py:150} INFO - [2023-08-13T18:45:23.754+0000] {dag.py:2742} INFO - Sync 2 DAGs
[2023-08-13T18:45:23.765+0000] {logging_mixin.py:150} INFO - [2023-08-13T18:45:23.763+0000] {dag.py:3508} INFO - Setting next_dagrun for example_subdag_operator.section-1 to None, run_after=None
[2023-08-13T18:45:23.767+0000] {logging_mixin.py:150} INFO - [2023-08-13T18:45:23.766+0000] {dag.py:3508} INFO - Setting next_dagrun for example_subdag_operator.section-2 to None, run_after=None
[2023-08-13T18:45:23.817+0000] {processor.py:179} INFO - Processing /home/airflow/.local/lib/python3.7/site-packages/airflow/example_dags/example_subdag_operator.py took 1.034 seconds
[2023-08-13T18:45:54.574+0000] {processor.py:157} INFO - Started process (PID=655) to work on /home/airflow/.local/lib/python3.7/site-packages/airflow/example_dags/example_subdag_operator.py
[2023-08-13T18:45:54.576+0000] {processor.py:826} INFO - Processing file /home/airflow/.local/lib/python3.7/site-packages/airflow/example_dags/example_subdag_operator.py for tasks to queue
[2023-08-13T18:45:54.577+0000] {logging_mixin.py:150} INFO - [2023-08-13T18:45:54.576+0000] {dagbag.py:541} INFO - Filling up the DagBag from /home/airflow/.local/lib/python3.7/site-packages/airflow/example_dags/example_subdag_operator.py
[2023-08-13T18:45:54.600+0000] {processor.py:836} INFO - DAG(s) dict_keys(['example_subdag_operator.section-1', 'example_subdag_operator.section-2', 'example_subdag_operator']) retrieved from /home/airflow/.local/lib/python3.7/site-packages/airflow/example_dags/example_subdag_operator.py
[2023-08-13T18:45:54.619+0000] {logging_mixin.py:150} INFO - [2023-08-13T18:45:54.619+0000] {dag.py:2742} INFO - Sync 3 DAGs
[2023-08-13T18:45:54.642+0000] {logging_mixin.py:150} INFO - [2023-08-13T18:45:54.642+0000] {dag.py:3508} INFO - Setting next_dagrun for example_subdag_operator to 2022-01-01T00:00:00+00:00, run_after=2022-01-01T00:00:00+00:00
[2023-08-13T18:45:54.646+0000] {logging_mixin.py:150} INFO - [2023-08-13T18:45:54.646+0000] {dag.py:3508} INFO - Setting next_dagrun for example_subdag_operator.section-1 to None, run_after=None
[2023-08-13T18:45:54.648+0000] {logging_mixin.py:150} INFO - [2023-08-13T18:45:54.648+0000] {dag.py:3508} INFO - Setting next_dagrun for example_subdag_operator.section-2 to None, run_after=None
[2023-08-13T18:45:54.655+0000] {logging_mixin.py:150} INFO - [2023-08-13T18:45:54.655+0000] {dag.py:2742} INFO - Sync 2 DAGs
[2023-08-13T18:45:54.661+0000] {logging_mixin.py:150} INFO - [2023-08-13T18:45:54.661+0000] {dag.py:3508} INFO - Setting next_dagrun for example_subdag_operator.section-1 to None, run_after=None
[2023-08-13T18:45:54.661+0000] {logging_mixin.py:150} INFO - [2023-08-13T18:45:54.661+0000] {dag.py:3508} INFO - Setting next_dagrun for example_subdag_operator.section-2 to None, run_after=None
[2023-08-13T18:45:54.677+0000] {processor.py:179} INFO - Processing /home/airflow/.local/lib/python3.7/site-packages/airflow/example_dags/example_subdag_operator.py took 0.106 seconds
[2023-08-13T18:46:24.815+0000] {processor.py:157} INFO - Started process (PID=719) to work on /home/airflow/.local/lib/python3.7/site-packages/airflow/example_dags/example_subdag_operator.py
[2023-08-13T18:46:24.816+0000] {processor.py:826} INFO - Processing file /home/airflow/.local/lib/python3.7/site-packages/airflow/example_dags/example_subdag_operator.py for tasks to queue
[2023-08-13T18:46:24.817+0000] {logging_mixin.py:150} INFO - [2023-08-13T18:46:24.817+0000] {dagbag.py:541} INFO - Filling up the DagBag from /home/airflow/.local/lib/python3.7/site-packages/airflow/example_dags/example_subdag_operator.py
[2023-08-13T18:46:24.849+0000] {processor.py:836} INFO - DAG(s) dict_keys(['example_subdag_operator.section-1', 'example_subdag_operator.section-2', 'example_subdag_operator']) retrieved from /home/airflow/.local/lib/python3.7/site-packages/airflow/example_dags/example_subdag_operator.py
[2023-08-13T18:46:24.869+0000] {logging_mixin.py:150} INFO - [2023-08-13T18:46:24.869+0000] {dag.py:2742} INFO - Sync 3 DAGs
[2023-08-13T18:46:24.898+0000] {logging_mixin.py:150} INFO - [2023-08-13T18:46:24.898+0000] {dag.py:3508} INFO - Setting next_dagrun for example_subdag_operator to 2022-01-01T00:00:00+00:00, run_after=2022-01-01T00:00:00+00:00
[2023-08-13T18:46:24.903+0000] {logging_mixin.py:150} INFO - [2023-08-13T18:46:24.902+0000] {dag.py:3508} INFO - Setting next_dagrun for example_subdag_operator.section-1 to None, run_after=None
[2023-08-13T18:46:24.904+0000] {logging_mixin.py:150} INFO - [2023-08-13T18:46:24.904+0000] {dag.py:3508} INFO - Setting next_dagrun for example_subdag_operator.section-2 to None, run_after=None
[2023-08-13T18:46:24.913+0000] {logging_mixin.py:150} INFO - [2023-08-13T18:46:24.913+0000] {dag.py:2742} INFO - Sync 2 DAGs
[2023-08-13T18:46:24.920+0000] {logging_mixin.py:150} INFO - [2023-08-13T18:46:24.920+0000] {dag.py:3508} INFO - Setting next_dagrun for example_subdag_operator.section-1 to None, run_after=None
[2023-08-13T18:46:24.921+0000] {logging_mixin.py:150} INFO - [2023-08-13T18:46:24.921+0000] {dag.py:3508} INFO - Setting next_dagrun for example_subdag_operator.section-2 to None, run_after=None
[2023-08-13T18:46:24.939+0000] {processor.py:179} INFO - Processing /home/airflow/.local/lib/python3.7/site-packages/airflow/example_dags/example_subdag_operator.py took 0.127 seconds
[2023-08-13T18:46:55.235+0000] {processor.py:157} INFO - Started process (PID=784) to work on /home/airflow/.local/lib/python3.7/site-packages/airflow/example_dags/example_subdag_operator.py
[2023-08-13T18:46:55.237+0000] {processor.py:826} INFO - Processing file /home/airflow/.local/lib/python3.7/site-packages/airflow/example_dags/example_subdag_operator.py for tasks to queue
[2023-08-13T18:46:55.238+0000] {logging_mixin.py:150} INFO - [2023-08-13T18:46:55.238+0000] {dagbag.py:541} INFO - Filling up the DagBag from /home/airflow/.local/lib/python3.7/site-packages/airflow/example_dags/example_subdag_operator.py
[2023-08-13T18:46:55.270+0000] {processor.py:836} INFO - DAG(s) dict_keys(['example_subdag_operator.section-1', 'example_subdag_operator.section-2', 'example_subdag_operator']) retrieved from /home/airflow/.local/lib/python3.7/site-packages/airflow/example_dags/example_subdag_operator.py
[2023-08-13T18:46:55.296+0000] {logging_mixin.py:150} INFO - [2023-08-13T18:46:55.295+0000] {dag.py:2742} INFO - Sync 3 DAGs
[2023-08-13T18:46:55.326+0000] {logging_mixin.py:150} INFO - [2023-08-13T18:46:55.326+0000] {dag.py:3508} INFO - Setting next_dagrun for example_subdag_operator to 2022-01-01T00:00:00+00:00, run_after=2022-01-01T00:00:00+00:00
[2023-08-13T18:46:55.331+0000] {logging_mixin.py:150} INFO - [2023-08-13T18:46:55.331+0000] {dag.py:3508} INFO - Setting next_dagrun for example_subdag_operator.section-1 to None, run_after=None
[2023-08-13T18:46:55.333+0000] {logging_mixin.py:150} INFO - [2023-08-13T18:46:55.333+0000] {dag.py:3508} INFO - Setting next_dagrun for example_subdag_operator.section-2 to None, run_after=None
[2023-08-13T18:46:55.345+0000] {logging_mixin.py:150} INFO - [2023-08-13T18:46:55.345+0000] {dag.py:2742} INFO - Sync 2 DAGs
[2023-08-13T18:46:55.352+0000] {logging_mixin.py:150} INFO - [2023-08-13T18:46:55.352+0000] {dag.py:3508} INFO - Setting next_dagrun for example_subdag_operator.section-1 to None, run_after=None
[2023-08-13T18:46:55.353+0000] {logging_mixin.py:150} INFO - [2023-08-13T18:46:55.353+0000] {dag.py:3508} INFO - Setting next_dagrun for example_subdag_operator.section-2 to None, run_after=None
[2023-08-13T18:46:55.369+0000] {processor.py:179} INFO - Processing /home/airflow/.local/lib/python3.7/site-packages/airflow/example_dags/example_subdag_operator.py took 0.137 seconds
[2023-08-13T18:47:26.094+0000] {processor.py:157} INFO - Started process (PID=850) to work on /home/airflow/.local/lib/python3.7/site-packages/airflow/example_dags/example_subdag_operator.py
[2023-08-13T18:47:26.095+0000] {processor.py:826} INFO - Processing file /home/airflow/.local/lib/python3.7/site-packages/airflow/example_dags/example_subdag_operator.py for tasks to queue
[2023-08-13T18:47:26.096+0000] {logging_mixin.py:150} INFO - [2023-08-13T18:47:26.096+0000] {dagbag.py:541} INFO - Filling up the DagBag from /home/airflow/.local/lib/python3.7/site-packages/airflow/example_dags/example_subdag_operator.py
[2023-08-13T18:47:26.121+0000] {processor.py:836} INFO - DAG(s) dict_keys(['example_subdag_operator.section-1', 'example_subdag_operator.section-2', 'example_subdag_operator']) retrieved from /home/airflow/.local/lib/python3.7/site-packages/airflow/example_dags/example_subdag_operator.py
[2023-08-13T18:47:26.139+0000] {logging_mixin.py:150} INFO - [2023-08-13T18:47:26.139+0000] {dag.py:2742} INFO - Sync 3 DAGs
[2023-08-13T18:47:26.168+0000] {logging_mixin.py:150} INFO - [2023-08-13T18:47:26.168+0000] {dag.py:3508} INFO - Setting next_dagrun for example_subdag_operator to 2022-01-01T00:00:00+00:00, run_after=2022-01-01T00:00:00+00:00
[2023-08-13T18:47:26.173+0000] {logging_mixin.py:150} INFO - [2023-08-13T18:47:26.173+0000] {dag.py:3508} INFO - Setting next_dagrun for example_subdag_operator.section-1 to None, run_after=None
[2023-08-13T18:47:26.175+0000] {logging_mixin.py:150} INFO - [2023-08-13T18:47:26.175+0000] {dag.py:3508} INFO - Setting next_dagrun for example_subdag_operator.section-2 to None, run_after=None
[2023-08-13T18:47:26.182+0000] {logging_mixin.py:150} INFO - [2023-08-13T18:47:26.182+0000] {dag.py:2742} INFO - Sync 2 DAGs
[2023-08-13T18:47:26.188+0000] {logging_mixin.py:150} INFO - [2023-08-13T18:47:26.188+0000] {dag.py:3508} INFO - Setting next_dagrun for example_subdag_operator.section-1 to None, run_after=None
[2023-08-13T18:47:26.189+0000] {logging_mixin.py:150} INFO - [2023-08-13T18:47:26.189+0000] {dag.py:3508} INFO - Setting next_dagrun for example_subdag_operator.section-2 to None, run_after=None
[2023-08-13T18:47:26.204+0000] {processor.py:179} INFO - Processing /home/airflow/.local/lib/python3.7/site-packages/airflow/example_dags/example_subdag_operator.py took 0.112 seconds
[2023-08-13T18:47:56.729+0000] {processor.py:157} INFO - Started process (PID=915) to work on /home/airflow/.local/lib/python3.7/site-packages/airflow/example_dags/example_subdag_operator.py
[2023-08-13T18:47:56.732+0000] {processor.py:826} INFO - Processing file /home/airflow/.local/lib/python3.7/site-packages/airflow/example_dags/example_subdag_operator.py for tasks to queue
[2023-08-13T18:47:56.734+0000] {logging_mixin.py:150} INFO - [2023-08-13T18:47:56.733+0000] {dagbag.py:541} INFO - Filling up the DagBag from /home/airflow/.local/lib/python3.7/site-packages/airflow/example_dags/example_subdag_operator.py
[2023-08-13T18:47:56.768+0000] {processor.py:836} INFO - DAG(s) dict_keys(['example_subdag_operator.section-1', 'example_subdag_operator.section-2', 'example_subdag_operator']) retrieved from /home/airflow/.local/lib/python3.7/site-packages/airflow/example_dags/example_subdag_operator.py
[2023-08-13T18:47:56.802+0000] {logging_mixin.py:150} INFO - [2023-08-13T18:47:56.802+0000] {dag.py:2742} INFO - Sync 3 DAGs
[2023-08-13T18:47:56.848+0000] {logging_mixin.py:150} INFO - [2023-08-13T18:47:56.847+0000] {dag.py:3508} INFO - Setting next_dagrun for example_subdag_operator to 2022-01-01T00:00:00+00:00, run_after=2022-01-01T00:00:00+00:00
[2023-08-13T18:47:56.856+0000] {logging_mixin.py:150} INFO - [2023-08-13T18:47:56.855+0000] {dag.py:3508} INFO - Setting next_dagrun for example_subdag_operator.section-1 to None, run_after=None
[2023-08-13T18:47:56.858+0000] {logging_mixin.py:150} INFO - [2023-08-13T18:47:56.858+0000] {dag.py:3508} INFO - Setting next_dagrun for example_subdag_operator.section-2 to None, run_after=None
[2023-08-13T18:47:56.873+0000] {logging_mixin.py:150} INFO - [2023-08-13T18:47:56.873+0000] {dag.py:2742} INFO - Sync 2 DAGs
[2023-08-13T18:47:56.886+0000] {logging_mixin.py:150} INFO - [2023-08-13T18:47:56.885+0000] {dag.py:3508} INFO - Setting next_dagrun for example_subdag_operator.section-1 to None, run_after=None
[2023-08-13T18:47:56.887+0000] {logging_mixin.py:150} INFO - [2023-08-13T18:47:56.887+0000] {dag.py:3508} INFO - Setting next_dagrun for example_subdag_operator.section-2 to None, run_after=None
[2023-08-13T18:47:56.912+0000] {processor.py:179} INFO - Processing /home/airflow/.local/lib/python3.7/site-packages/airflow/example_dags/example_subdag_operator.py took 0.189 seconds
[2023-08-13T18:48:27.449+0000] {processor.py:157} INFO - Started process (PID=980) to work on /home/airflow/.local/lib/python3.7/site-packages/airflow/example_dags/example_subdag_operator.py
[2023-08-13T18:48:27.450+0000] {processor.py:826} INFO - Processing file /home/airflow/.local/lib/python3.7/site-packages/airflow/example_dags/example_subdag_operator.py for tasks to queue
[2023-08-13T18:48:27.451+0000] {logging_mixin.py:150} INFO - [2023-08-13T18:48:27.450+0000] {dagbag.py:541} INFO - Filling up the DagBag from /home/airflow/.local/lib/python3.7/site-packages/airflow/example_dags/example_subdag_operator.py
[2023-08-13T18:48:27.476+0000] {processor.py:836} INFO - DAG(s) dict_keys(['example_subdag_operator.section-1', 'example_subdag_operator.section-2', 'example_subdag_operator']) retrieved from /home/airflow/.local/lib/python3.7/site-packages/airflow/example_dags/example_subdag_operator.py
[2023-08-13T18:48:27.495+0000] {logging_mixin.py:150} INFO - [2023-08-13T18:48:27.495+0000] {dag.py:2742} INFO - Sync 3 DAGs
[2023-08-13T18:48:27.527+0000] {logging_mixin.py:150} INFO - [2023-08-13T18:48:27.527+0000] {dag.py:3508} INFO - Setting next_dagrun for example_subdag_operator to 2022-01-01T00:00:00+00:00, run_after=2022-01-01T00:00:00+00:00
[2023-08-13T18:48:27.532+0000] {logging_mixin.py:150} INFO - [2023-08-13T18:48:27.532+0000] {dag.py:3508} INFO - Setting next_dagrun for example_subdag_operator.section-1 to None, run_after=None
[2023-08-13T18:48:27.534+0000] {logging_mixin.py:150} INFO - [2023-08-13T18:48:27.534+0000] {dag.py:3508} INFO - Setting next_dagrun for example_subdag_operator.section-2 to None, run_after=None
[2023-08-13T18:48:27.541+0000] {logging_mixin.py:150} INFO - [2023-08-13T18:48:27.541+0000] {dag.py:2742} INFO - Sync 2 DAGs
[2023-08-13T18:48:27.547+0000] {logging_mixin.py:150} INFO - [2023-08-13T18:48:27.547+0000] {dag.py:3508} INFO - Setting next_dagrun for example_subdag_operator.section-1 to None, run_after=None
[2023-08-13T18:48:27.548+0000] {logging_mixin.py:150} INFO - [2023-08-13T18:48:27.548+0000] {dag.py:3508} INFO - Setting next_dagrun for example_subdag_operator.section-2 to None, run_after=None
[2023-08-13T18:48:27.563+0000] {processor.py:179} INFO - Processing /home/airflow/.local/lib/python3.7/site-packages/airflow/example_dags/example_subdag_operator.py took 0.117 seconds
[2023-08-13T18:48:57.662+0000] {processor.py:157} INFO - Started process (PID=1044) to work on /home/airflow/.local/lib/python3.7/site-packages/airflow/example_dags/example_subdag_operator.py
[2023-08-13T18:48:57.663+0000] {processor.py:826} INFO - Processing file /home/airflow/.local/lib/python3.7/site-packages/airflow/example_dags/example_subdag_operator.py for tasks to queue
[2023-08-13T18:48:57.664+0000] {logging_mixin.py:150} INFO - [2023-08-13T18:48:57.664+0000] {dagbag.py:541} INFO - Filling up the DagBag from /home/airflow/.local/lib/python3.7/site-packages/airflow/example_dags/example_subdag_operator.py
[2023-08-13T18:48:57.687+0000] {processor.py:836} INFO - DAG(s) dict_keys(['example_subdag_operator.section-1', 'example_subdag_operator.section-2', 'example_subdag_operator']) retrieved from /home/airflow/.local/lib/python3.7/site-packages/airflow/example_dags/example_subdag_operator.py
[2023-08-13T18:48:57.704+0000] {logging_mixin.py:150} INFO - [2023-08-13T18:48:57.703+0000] {dag.py:2742} INFO - Sync 3 DAGs
[2023-08-13T18:48:57.725+0000] {logging_mixin.py:150} INFO - [2023-08-13T18:48:57.725+0000] {dag.py:3508} INFO - Setting next_dagrun for example_subdag_operator to 2022-01-01T00:00:00+00:00, run_after=2022-01-01T00:00:00+00:00
[2023-08-13T18:48:57.729+0000] {logging_mixin.py:150} INFO - [2023-08-13T18:48:57.729+0000] {dag.py:3508} INFO - Setting next_dagrun for example_subdag_operator.section-1 to None, run_after=None
[2023-08-13T18:48:57.730+0000] {logging_mixin.py:150} INFO - [2023-08-13T18:48:57.730+0000] {dag.py:3508} INFO - Setting next_dagrun for example_subdag_operator.section-2 to None, run_after=None
[2023-08-13T18:48:57.736+0000] {logging_mixin.py:150} INFO - [2023-08-13T18:48:57.736+0000] {dag.py:2742} INFO - Sync 2 DAGs
[2023-08-13T18:48:57.742+0000] {logging_mixin.py:150} INFO - [2023-08-13T18:48:57.741+0000] {dag.py:3508} INFO - Setting next_dagrun for example_subdag_operator.section-1 to None, run_after=None
[2023-08-13T18:48:57.742+0000] {logging_mixin.py:150} INFO - [2023-08-13T18:48:57.742+0000] {dag.py:3508} INFO - Setting next_dagrun for example_subdag_operator.section-2 to None, run_after=None
[2023-08-13T18:48:57.756+0000] {processor.py:179} INFO - Processing /home/airflow/.local/lib/python3.7/site-packages/airflow/example_dags/example_subdag_operator.py took 0.097 seconds
[2023-08-13T18:49:28.251+0000] {processor.py:157} INFO - Started process (PID=1110) to work on /home/airflow/.local/lib/python3.7/site-packages/airflow/example_dags/example_subdag_operator.py
[2023-08-13T18:49:28.252+0000] {processor.py:826} INFO - Processing file /home/airflow/.local/lib/python3.7/site-packages/airflow/example_dags/example_subdag_operator.py for tasks to queue
[2023-08-13T18:49:28.254+0000] {logging_mixin.py:150} INFO - [2023-08-13T18:49:28.253+0000] {dagbag.py:541} INFO - Filling up the DagBag from /home/airflow/.local/lib/python3.7/site-packages/airflow/example_dags/example_subdag_operator.py
[2023-08-13T18:49:28.287+0000] {processor.py:836} INFO - DAG(s) dict_keys(['example_subdag_operator.section-1', 'example_subdag_operator.section-2', 'example_subdag_operator']) retrieved from /home/airflow/.local/lib/python3.7/site-packages/airflow/example_dags/example_subdag_operator.py
[2023-08-13T18:49:28.317+0000] {logging_mixin.py:150} INFO - [2023-08-13T18:49:28.316+0000] {dag.py:2742} INFO - Sync 3 DAGs
[2023-08-13T18:49:28.368+0000] {logging_mixin.py:150} INFO - [2023-08-13T18:49:28.367+0000] {dag.py:3508} INFO - Setting next_dagrun for example_subdag_operator to 2022-01-01T00:00:00+00:00, run_after=2022-01-01T00:00:00+00:00
[2023-08-13T18:49:28.375+0000] {logging_mixin.py:150} INFO - [2023-08-13T18:49:28.375+0000] {dag.py:3508} INFO - Setting next_dagrun for example_subdag_operator.section-1 to None, run_after=None
[2023-08-13T18:49:28.378+0000] {logging_mixin.py:150} INFO - [2023-08-13T18:49:28.378+0000] {dag.py:3508} INFO - Setting next_dagrun for example_subdag_operator.section-2 to None, run_after=None
[2023-08-13T18:49:28.393+0000] {logging_mixin.py:150} INFO - [2023-08-13T18:49:28.392+0000] {dag.py:2742} INFO - Sync 2 DAGs
[2023-08-13T18:49:28.405+0000] {logging_mixin.py:150} INFO - [2023-08-13T18:49:28.405+0000] {dag.py:3508} INFO - Setting next_dagrun for example_subdag_operator.section-1 to None, run_after=None
[2023-08-13T18:49:28.406+0000] {logging_mixin.py:150} INFO - [2023-08-13T18:49:28.406+0000] {dag.py:3508} INFO - Setting next_dagrun for example_subdag_operator.section-2 to None, run_after=None
[2023-08-13T18:49:28.425+0000] {processor.py:179} INFO - Processing /home/airflow/.local/lib/python3.7/site-packages/airflow/example_dags/example_subdag_operator.py took 0.177 seconds
[2023-08-13T18:49:59.108+0000] {processor.py:157} INFO - Started process (PID=1175) to work on /home/airflow/.local/lib/python3.7/site-packages/airflow/example_dags/example_subdag_operator.py
[2023-08-13T18:49:59.110+0000] {processor.py:826} INFO - Processing file /home/airflow/.local/lib/python3.7/site-packages/airflow/example_dags/example_subdag_operator.py for tasks to queue
[2023-08-13T18:49:59.111+0000] {logging_mixin.py:150} INFO - [2023-08-13T18:49:59.111+0000] {dagbag.py:541} INFO - Filling up the DagBag from /home/airflow/.local/lib/python3.7/site-packages/airflow/example_dags/example_subdag_operator.py
[2023-08-13T18:49:59.157+0000] {processor.py:836} INFO - DAG(s) dict_keys(['example_subdag_operator.section-1', 'example_subdag_operator.section-2', 'example_subdag_operator']) retrieved from /home/airflow/.local/lib/python3.7/site-packages/airflow/example_dags/example_subdag_operator.py
[2023-08-13T18:49:59.193+0000] {logging_mixin.py:150} INFO - [2023-08-13T18:49:59.193+0000] {dag.py:2742} INFO - Sync 3 DAGs
[2023-08-13T18:49:59.244+0000] {logging_mixin.py:150} INFO - [2023-08-13T18:49:59.243+0000] {dag.py:3508} INFO - Setting next_dagrun for example_subdag_operator to 2022-01-01T00:00:00+00:00, run_after=2022-01-01T00:00:00+00:00
[2023-08-13T18:49:59.252+0000] {logging_mixin.py:150} INFO - [2023-08-13T18:49:59.251+0000] {dag.py:3508} INFO - Setting next_dagrun for example_subdag_operator.section-1 to None, run_after=None
[2023-08-13T18:49:59.255+0000] {logging_mixin.py:150} INFO - [2023-08-13T18:49:59.255+0000] {dag.py:3508} INFO - Setting next_dagrun for example_subdag_operator.section-2 to None, run_after=None
[2023-08-13T18:49:59.275+0000] {logging_mixin.py:150} INFO - [2023-08-13T18:49:59.274+0000] {dag.py:2742} INFO - Sync 2 DAGs
[2023-08-13T18:49:59.287+0000] {logging_mixin.py:150} INFO - [2023-08-13T18:49:59.287+0000] {dag.py:3508} INFO - Setting next_dagrun for example_subdag_operator.section-1 to None, run_after=None
[2023-08-13T18:49:59.288+0000] {logging_mixin.py:150} INFO - [2023-08-13T18:49:59.288+0000] {dag.py:3508} INFO - Setting next_dagrun for example_subdag_operator.section-2 to None, run_after=None
[2023-08-13T18:49:59.318+0000] {processor.py:179} INFO - Processing /home/airflow/.local/lib/python3.7/site-packages/airflow/example_dags/example_subdag_operator.py took 0.214 seconds
