[2023-08-13T18:41:10.126+0000] {processor.py:157} INFO - Started process (PID=46) to work on /home/airflow/.local/lib/python3.7/site-packages/airflow/example_dags/example_params_trigger_ui.py
[2023-08-13T18:41:10.128+0000] {processor.py:826} INFO - Processing file /home/airflow/.local/lib/python3.7/site-packages/airflow/example_dags/example_params_trigger_ui.py for tasks to queue
[2023-08-13T18:41:10.131+0000] {logging_mixin.py:150} INFO - [2023-08-13T18:41:10.130+0000] {dagbag.py:541} INFO - Filling up the DagBag from /home/airflow/.local/lib/python3.7/site-packages/airflow/example_dags/example_params_trigger_ui.py
[2023-08-13T18:41:10.176+0000] {processor.py:836} INFO - DAG(s) dict_keys(['example_params_trigger_ui']) retrieved from /home/airflow/.local/lib/python3.7/site-packages/airflow/example_dags/example_params_trigger_ui.py
[2023-08-13T18:41:10.239+0000] {logging_mixin.py:150} INFO - [2023-08-13T18:41:10.239+0000] {dag.py:2742} INFO - Sync 1 DAGs
[2023-08-13T18:41:10.279+0000] {logging_mixin.py:150} INFO - [2023-08-13T18:41:10.279+0000] {dag.py:3508} INFO - Setting next_dagrun for example_params_trigger_ui to None, run_after=None
[2023-08-13T18:41:10.311+0000] {processor.py:179} INFO - Processing /home/airflow/.local/lib/python3.7/site-packages/airflow/example_dags/example_params_trigger_ui.py took 0.190 seconds
[2023-08-13T18:41:41.249+0000] {processor.py:157} INFO - Started process (PID=111) to work on /home/airflow/.local/lib/python3.7/site-packages/airflow/example_dags/example_params_trigger_ui.py
[2023-08-13T18:41:41.250+0000] {processor.py:826} INFO - Processing file /home/airflow/.local/lib/python3.7/site-packages/airflow/example_dags/example_params_trigger_ui.py for tasks to queue
[2023-08-13T18:41:41.251+0000] {logging_mixin.py:150} INFO - [2023-08-13T18:41:41.251+0000] {dagbag.py:541} INFO - Filling up the DagBag from /home/airflow/.local/lib/python3.7/site-packages/airflow/example_dags/example_params_trigger_ui.py
[2023-08-13T18:41:41.273+0000] {processor.py:836} INFO - DAG(s) dict_keys(['example_params_trigger_ui']) retrieved from /home/airflow/.local/lib/python3.7/site-packages/airflow/example_dags/example_params_trigger_ui.py
[2023-08-13T18:41:41.376+0000] {logging_mixin.py:150} INFO - [2023-08-13T18:41:41.376+0000] {dag.py:2742} INFO - Sync 1 DAGs
[2023-08-13T18:41:41.404+0000] {logging_mixin.py:150} INFO - [2023-08-13T18:41:41.404+0000] {dag.py:3508} INFO - Setting next_dagrun for example_params_trigger_ui to None, run_after=None
[2023-08-13T18:41:41.427+0000] {processor.py:179} INFO - Processing /home/airflow/.local/lib/python3.7/site-packages/airflow/example_dags/example_params_trigger_ui.py took 0.181 seconds
[2023-08-13T18:42:11.761+0000] {processor.py:157} INFO - Started process (PID=176) to work on /home/airflow/.local/lib/python3.7/site-packages/airflow/example_dags/example_params_trigger_ui.py
[2023-08-13T18:42:11.763+0000] {processor.py:826} INFO - Processing file /home/airflow/.local/lib/python3.7/site-packages/airflow/example_dags/example_params_trigger_ui.py for tasks to queue
[2023-08-13T18:42:11.764+0000] {logging_mixin.py:150} INFO - [2023-08-13T18:42:11.763+0000] {dagbag.py:541} INFO - Filling up the DagBag from /home/airflow/.local/lib/python3.7/site-packages/airflow/example_dags/example_params_trigger_ui.py
[2023-08-13T18:42:11.788+0000] {processor.py:836} INFO - DAG(s) dict_keys(['example_params_trigger_ui']) retrieved from /home/airflow/.local/lib/python3.7/site-packages/airflow/example_dags/example_params_trigger_ui.py
[2023-08-13T18:42:11.878+0000] {logging_mixin.py:150} INFO - [2023-08-13T18:42:11.877+0000] {dag.py:2742} INFO - Sync 1 DAGs
[2023-08-13T18:42:11.914+0000] {logging_mixin.py:150} INFO - [2023-08-13T18:42:11.914+0000] {dag.py:3508} INFO - Setting next_dagrun for example_params_trigger_ui to None, run_after=None
[2023-08-13T18:42:11.942+0000] {processor.py:179} INFO - Processing /home/airflow/.local/lib/python3.7/site-packages/airflow/example_dags/example_params_trigger_ui.py took 0.184 seconds
[2023-08-13T18:42:42.036+0000] {processor.py:157} INFO - Started process (PID=240) to work on /home/airflow/.local/lib/python3.7/site-packages/airflow/example_dags/example_params_trigger_ui.py
[2023-08-13T18:42:42.037+0000] {processor.py:826} INFO - Processing file /home/airflow/.local/lib/python3.7/site-packages/airflow/example_dags/example_params_trigger_ui.py for tasks to queue
[2023-08-13T18:42:42.038+0000] {logging_mixin.py:150} INFO - [2023-08-13T18:42:42.038+0000] {dagbag.py:541} INFO - Filling up the DagBag from /home/airflow/.local/lib/python3.7/site-packages/airflow/example_dags/example_params_trigger_ui.py
[2023-08-13T18:42:42.056+0000] {processor.py:836} INFO - DAG(s) dict_keys(['example_params_trigger_ui']) retrieved from /home/airflow/.local/lib/python3.7/site-packages/airflow/example_dags/example_params_trigger_ui.py
[2023-08-13T18:42:42.134+0000] {logging_mixin.py:150} INFO - [2023-08-13T18:42:42.133+0000] {dag.py:2742} INFO - Sync 1 DAGs
[2023-08-13T18:42:42.155+0000] {logging_mixin.py:150} INFO - [2023-08-13T18:42:42.155+0000] {dag.py:3508} INFO - Setting next_dagrun for example_params_trigger_ui to None, run_after=None
[2023-08-13T18:42:42.173+0000] {processor.py:179} INFO - Processing /home/airflow/.local/lib/python3.7/site-packages/airflow/example_dags/example_params_trigger_ui.py took 0.140 seconds
[2023-08-13T18:43:12.572+0000] {processor.py:157} INFO - Started process (PID=305) to work on /home/airflow/.local/lib/python3.7/site-packages/airflow/example_dags/example_params_trigger_ui.py
[2023-08-13T18:43:12.574+0000] {processor.py:826} INFO - Processing file /home/airflow/.local/lib/python3.7/site-packages/airflow/example_dags/example_params_trigger_ui.py for tasks to queue
[2023-08-13T18:43:12.575+0000] {logging_mixin.py:150} INFO - [2023-08-13T18:43:12.575+0000] {dagbag.py:541} INFO - Filling up the DagBag from /home/airflow/.local/lib/python3.7/site-packages/airflow/example_dags/example_params_trigger_ui.py
[2023-08-13T18:43:12.649+0000] {processor.py:836} INFO - DAG(s) dict_keys(['example_params_trigger_ui']) retrieved from /home/airflow/.local/lib/python3.7/site-packages/airflow/example_dags/example_params_trigger_ui.py
[2023-08-13T18:43:12.859+0000] {logging_mixin.py:150} INFO - [2023-08-13T18:43:12.857+0000] {dag.py:2742} INFO - Sync 1 DAGs
[2023-08-13T18:43:12.981+0000] {logging_mixin.py:150} INFO - [2023-08-13T18:43:12.981+0000] {dag.py:3508} INFO - Setting next_dagrun for example_params_trigger_ui to None, run_after=None
[2023-08-13T18:43:13.045+0000] {processor.py:179} INFO - Processing /home/airflow/.local/lib/python3.7/site-packages/airflow/example_dags/example_params_trigger_ui.py took 0.478 seconds
[2023-08-13T18:43:43.232+0000] {processor.py:157} INFO - Started process (PID=370) to work on /home/airflow/.local/lib/python3.7/site-packages/airflow/example_dags/example_params_trigger_ui.py
[2023-08-13T18:43:43.233+0000] {processor.py:826} INFO - Processing file /home/airflow/.local/lib/python3.7/site-packages/airflow/example_dags/example_params_trigger_ui.py for tasks to queue
[2023-08-13T18:43:43.234+0000] {logging_mixin.py:150} INFO - [2023-08-13T18:43:43.234+0000] {dagbag.py:541} INFO - Filling up the DagBag from /home/airflow/.local/lib/python3.7/site-packages/airflow/example_dags/example_params_trigger_ui.py
[2023-08-13T18:43:43.265+0000] {processor.py:836} INFO - DAG(s) dict_keys(['example_params_trigger_ui']) retrieved from /home/airflow/.local/lib/python3.7/site-packages/airflow/example_dags/example_params_trigger_ui.py
[2023-08-13T18:43:43.459+0000] {logging_mixin.py:150} INFO - [2023-08-13T18:43:43.458+0000] {dag.py:2742} INFO - Sync 1 DAGs
[2023-08-13T18:43:43.504+0000] {logging_mixin.py:150} INFO - [2023-08-13T18:43:43.503+0000] {dag.py:3508} INFO - Setting next_dagrun for example_params_trigger_ui to None, run_after=None
[2023-08-13T18:43:43.533+0000] {processor.py:179} INFO - Processing /home/airflow/.local/lib/python3.7/site-packages/airflow/example_dags/example_params_trigger_ui.py took 0.305 seconds
[2023-08-13T18:44:14.432+0000] {processor.py:157} INFO - Started process (PID=436) to work on /home/airflow/.local/lib/python3.7/site-packages/airflow/example_dags/example_params_trigger_ui.py
[2023-08-13T18:44:14.433+0000] {processor.py:826} INFO - Processing file /home/airflow/.local/lib/python3.7/site-packages/airflow/example_dags/example_params_trigger_ui.py for tasks to queue
[2023-08-13T18:44:14.434+0000] {logging_mixin.py:150} INFO - [2023-08-13T18:44:14.434+0000] {dagbag.py:541} INFO - Filling up the DagBag from /home/airflow/.local/lib/python3.7/site-packages/airflow/example_dags/example_params_trigger_ui.py
[2023-08-13T18:44:14.461+0000] {processor.py:836} INFO - DAG(s) dict_keys(['example_params_trigger_ui']) retrieved from /home/airflow/.local/lib/python3.7/site-packages/airflow/example_dags/example_params_trigger_ui.py
[2023-08-13T18:44:14.584+0000] {logging_mixin.py:150} INFO - [2023-08-13T18:44:14.583+0000] {dag.py:2742} INFO - Sync 1 DAGs
[2023-08-13T18:44:14.628+0000] {logging_mixin.py:150} INFO - [2023-08-13T18:44:14.628+0000] {dag.py:3508} INFO - Setting next_dagrun for example_params_trigger_ui to None, run_after=None
[2023-08-13T18:44:14.659+0000] {processor.py:179} INFO - Processing /home/airflow/.local/lib/python3.7/site-packages/airflow/example_dags/example_params_trigger_ui.py took 0.233 seconds
[2023-08-13T18:44:44.696+0000] {processor.py:157} INFO - Started process (PID=501) to work on /home/airflow/.local/lib/python3.7/site-packages/airflow/example_dags/example_params_trigger_ui.py
[2023-08-13T18:44:44.697+0000] {processor.py:826} INFO - Processing file /home/airflow/.local/lib/python3.7/site-packages/airflow/example_dags/example_params_trigger_ui.py for tasks to queue
[2023-08-13T18:44:44.698+0000] {logging_mixin.py:150} INFO - [2023-08-13T18:44:44.698+0000] {dagbag.py:541} INFO - Filling up the DagBag from /home/airflow/.local/lib/python3.7/site-packages/airflow/example_dags/example_params_trigger_ui.py
[2023-08-13T18:44:44.728+0000] {processor.py:836} INFO - DAG(s) dict_keys(['example_params_trigger_ui']) retrieved from /home/airflow/.local/lib/python3.7/site-packages/airflow/example_dags/example_params_trigger_ui.py
[2023-08-13T18:44:44.852+0000] {logging_mixin.py:150} INFO - [2023-08-13T18:44:44.852+0000] {dag.py:2742} INFO - Sync 1 DAGs
[2023-08-13T18:44:44.895+0000] {logging_mixin.py:150} INFO - [2023-08-13T18:44:44.894+0000] {dag.py:3508} INFO - Setting next_dagrun for example_params_trigger_ui to None, run_after=None
[2023-08-13T18:44:44.929+0000] {processor.py:179} INFO - Processing /home/airflow/.local/lib/python3.7/site-packages/airflow/example_dags/example_params_trigger_ui.py took 0.237 seconds
[2023-08-13T18:45:15.554+0000] {processor.py:157} INFO - Started process (PID=566) to work on /home/airflow/.local/lib/python3.7/site-packages/airflow/example_dags/example_params_trigger_ui.py
[2023-08-13T18:45:15.555+0000] {processor.py:826} INFO - Processing file /home/airflow/.local/lib/python3.7/site-packages/airflow/example_dags/example_params_trigger_ui.py for tasks to queue
[2023-08-13T18:45:15.556+0000] {logging_mixin.py:150} INFO - [2023-08-13T18:45:15.556+0000] {dagbag.py:541} INFO - Filling up the DagBag from /home/airflow/.local/lib/python3.7/site-packages/airflow/example_dags/example_params_trigger_ui.py
[2023-08-13T18:45:15.589+0000] {processor.py:836} INFO - DAG(s) dict_keys(['example_params_trigger_ui']) retrieved from /home/airflow/.local/lib/python3.7/site-packages/airflow/example_dags/example_params_trigger_ui.py
[2023-08-13T18:45:15.734+0000] {logging_mixin.py:150} INFO - [2023-08-13T18:45:15.733+0000] {dag.py:2742} INFO - Sync 1 DAGs
[2023-08-13T18:45:15.779+0000] {logging_mixin.py:150} INFO - [2023-08-13T18:45:15.778+0000] {dag.py:3508} INFO - Setting next_dagrun for example_params_trigger_ui to None, run_after=None
[2023-08-13T18:45:15.817+0000] {processor.py:179} INFO - Processing /home/airflow/.local/lib/python3.7/site-packages/airflow/example_dags/example_params_trigger_ui.py took 0.267 seconds
[2023-08-13T18:45:45.943+0000] {processor.py:157} INFO - Started process (PID=632) to work on /home/airflow/.local/lib/python3.7/site-packages/airflow/example_dags/example_params_trigger_ui.py
[2023-08-13T18:45:45.944+0000] {processor.py:826} INFO - Processing file /home/airflow/.local/lib/python3.7/site-packages/airflow/example_dags/example_params_trigger_ui.py for tasks to queue
[2023-08-13T18:45:45.945+0000] {logging_mixin.py:150} INFO - [2023-08-13T18:45:45.945+0000] {dagbag.py:541} INFO - Filling up the DagBag from /home/airflow/.local/lib/python3.7/site-packages/airflow/example_dags/example_params_trigger_ui.py
[2023-08-13T18:45:45.971+0000] {processor.py:836} INFO - DAG(s) dict_keys(['example_params_trigger_ui']) retrieved from /home/airflow/.local/lib/python3.7/site-packages/airflow/example_dags/example_params_trigger_ui.py
[2023-08-13T18:45:46.072+0000] {logging_mixin.py:150} INFO - [2023-08-13T18:45:46.071+0000] {dag.py:2742} INFO - Sync 1 DAGs
[2023-08-13T18:45:46.099+0000] {logging_mixin.py:150} INFO - [2023-08-13T18:45:46.099+0000] {dag.py:3508} INFO - Setting next_dagrun for example_params_trigger_ui to None, run_after=None
[2023-08-13T18:45:46.121+0000] {processor.py:179} INFO - Processing /home/airflow/.local/lib/python3.7/site-packages/airflow/example_dags/example_params_trigger_ui.py took 0.181 seconds
[2023-08-13T18:46:16.189+0000] {processor.py:157} INFO - Started process (PID=698) to work on /home/airflow/.local/lib/python3.7/site-packages/airflow/example_dags/example_params_trigger_ui.py
[2023-08-13T18:46:16.191+0000] {processor.py:826} INFO - Processing file /home/airflow/.local/lib/python3.7/site-packages/airflow/example_dags/example_params_trigger_ui.py for tasks to queue
[2023-08-13T18:46:16.193+0000] {logging_mixin.py:150} INFO - [2023-08-13T18:46:16.192+0000] {dagbag.py:541} INFO - Filling up the DagBag from /home/airflow/.local/lib/python3.7/site-packages/airflow/example_dags/example_params_trigger_ui.py
[2023-08-13T18:46:16.232+0000] {processor.py:836} INFO - DAG(s) dict_keys(['example_params_trigger_ui']) retrieved from /home/airflow/.local/lib/python3.7/site-packages/airflow/example_dags/example_params_trigger_ui.py
[2023-08-13T18:46:16.362+0000] {logging_mixin.py:150} INFO - [2023-08-13T18:46:16.361+0000] {dag.py:2742} INFO - Sync 1 DAGs
[2023-08-13T18:46:16.394+0000] {logging_mixin.py:150} INFO - [2023-08-13T18:46:16.394+0000] {dag.py:3508} INFO - Setting next_dagrun for example_params_trigger_ui to None, run_after=None
[2023-08-13T18:46:16.419+0000] {processor.py:179} INFO - Processing /home/airflow/.local/lib/python3.7/site-packages/airflow/example_dags/example_params_trigger_ui.py took 0.234 seconds
[2023-08-13T18:46:46.586+0000] {processor.py:157} INFO - Started process (PID=761) to work on /home/airflow/.local/lib/python3.7/site-packages/airflow/example_dags/example_params_trigger_ui.py
[2023-08-13T18:46:46.588+0000] {processor.py:826} INFO - Processing file /home/airflow/.local/lib/python3.7/site-packages/airflow/example_dags/example_params_trigger_ui.py for tasks to queue
[2023-08-13T18:46:46.589+0000] {logging_mixin.py:150} INFO - [2023-08-13T18:46:46.589+0000] {dagbag.py:541} INFO - Filling up the DagBag from /home/airflow/.local/lib/python3.7/site-packages/airflow/example_dags/example_params_trigger_ui.py
[2023-08-13T18:46:46.613+0000] {processor.py:836} INFO - DAG(s) dict_keys(['example_params_trigger_ui']) retrieved from /home/airflow/.local/lib/python3.7/site-packages/airflow/example_dags/example_params_trigger_ui.py
[2023-08-13T18:46:46.737+0000] {logging_mixin.py:150} INFO - [2023-08-13T18:46:46.736+0000] {dag.py:2742} INFO - Sync 1 DAGs
[2023-08-13T18:46:46.774+0000] {logging_mixin.py:150} INFO - [2023-08-13T18:46:46.774+0000] {dag.py:3508} INFO - Setting next_dagrun for example_params_trigger_ui to None, run_after=None
[2023-08-13T18:46:46.800+0000] {processor.py:179} INFO - Processing /home/airflow/.local/lib/python3.7/site-packages/airflow/example_dags/example_params_trigger_ui.py took 0.217 seconds
[2023-08-13T18:47:17.465+0000] {processor.py:157} INFO - Started process (PID=826) to work on /home/airflow/.local/lib/python3.7/site-packages/airflow/example_dags/example_params_trigger_ui.py
[2023-08-13T18:47:17.466+0000] {processor.py:826} INFO - Processing file /home/airflow/.local/lib/python3.7/site-packages/airflow/example_dags/example_params_trigger_ui.py for tasks to queue
[2023-08-13T18:47:17.467+0000] {logging_mixin.py:150} INFO - [2023-08-13T18:47:17.467+0000] {dagbag.py:541} INFO - Filling up the DagBag from /home/airflow/.local/lib/python3.7/site-packages/airflow/example_dags/example_params_trigger_ui.py
[2023-08-13T18:47:17.490+0000] {processor.py:836} INFO - DAG(s) dict_keys(['example_params_trigger_ui']) retrieved from /home/airflow/.local/lib/python3.7/site-packages/airflow/example_dags/example_params_trigger_ui.py
[2023-08-13T18:47:17.610+0000] {logging_mixin.py:150} INFO - [2023-08-13T18:47:17.609+0000] {dag.py:2742} INFO - Sync 1 DAGs
[2023-08-13T18:47:17.644+0000] {logging_mixin.py:150} INFO - [2023-08-13T18:47:17.644+0000] {dag.py:3508} INFO - Setting next_dagrun for example_params_trigger_ui to None, run_after=None
[2023-08-13T18:47:17.677+0000] {processor.py:179} INFO - Processing /home/airflow/.local/lib/python3.7/site-packages/airflow/example_dags/example_params_trigger_ui.py took 0.216 seconds
[2023-08-13T18:47:47.961+0000] {processor.py:157} INFO - Started process (PID=891) to work on /home/airflow/.local/lib/python3.7/site-packages/airflow/example_dags/example_params_trigger_ui.py
[2023-08-13T18:47:47.963+0000] {processor.py:826} INFO - Processing file /home/airflow/.local/lib/python3.7/site-packages/airflow/example_dags/example_params_trigger_ui.py for tasks to queue
[2023-08-13T18:47:47.964+0000] {logging_mixin.py:150} INFO - [2023-08-13T18:47:47.964+0000] {dagbag.py:541} INFO - Filling up the DagBag from /home/airflow/.local/lib/python3.7/site-packages/airflow/example_dags/example_params_trigger_ui.py
[2023-08-13T18:47:47.994+0000] {processor.py:836} INFO - DAG(s) dict_keys(['example_params_trigger_ui']) retrieved from /home/airflow/.local/lib/python3.7/site-packages/airflow/example_dags/example_params_trigger_ui.py
[2023-08-13T18:47:48.108+0000] {logging_mixin.py:150} INFO - [2023-08-13T18:47:48.107+0000] {dag.py:2742} INFO - Sync 1 DAGs
[2023-08-13T18:47:48.145+0000] {logging_mixin.py:150} INFO - [2023-08-13T18:47:48.145+0000] {dag.py:3508} INFO - Setting next_dagrun for example_params_trigger_ui to None, run_after=None
[2023-08-13T18:47:48.179+0000] {processor.py:179} INFO - Processing /home/airflow/.local/lib/python3.7/site-packages/airflow/example_dags/example_params_trigger_ui.py took 0.221 seconds
[2023-08-13T18:48:18.261+0000] {processor.py:157} INFO - Started process (PID=956) to work on /home/airflow/.local/lib/python3.7/site-packages/airflow/example_dags/example_params_trigger_ui.py
[2023-08-13T18:48:18.262+0000] {processor.py:826} INFO - Processing file /home/airflow/.local/lib/python3.7/site-packages/airflow/example_dags/example_params_trigger_ui.py for tasks to queue
[2023-08-13T18:48:18.263+0000] {logging_mixin.py:150} INFO - [2023-08-13T18:48:18.263+0000] {dagbag.py:541} INFO - Filling up the DagBag from /home/airflow/.local/lib/python3.7/site-packages/airflow/example_dags/example_params_trigger_ui.py
[2023-08-13T18:48:18.283+0000] {processor.py:836} INFO - DAG(s) dict_keys(['example_params_trigger_ui']) retrieved from /home/airflow/.local/lib/python3.7/site-packages/airflow/example_dags/example_params_trigger_ui.py
[2023-08-13T18:48:18.374+0000] {logging_mixin.py:150} INFO - [2023-08-13T18:48:18.373+0000] {dag.py:2742} INFO - Sync 1 DAGs
[2023-08-13T18:48:18.404+0000] {logging_mixin.py:150} INFO - [2023-08-13T18:48:18.403+0000] {dag.py:3508} INFO - Setting next_dagrun for example_params_trigger_ui to None, run_after=None
[2023-08-13T18:48:18.429+0000] {processor.py:179} INFO - Processing /home/airflow/.local/lib/python3.7/site-packages/airflow/example_dags/example_params_trigger_ui.py took 0.170 seconds
[2023-08-13T18:48:48.928+0000] {processor.py:157} INFO - Started process (PID=1021) to work on /home/airflow/.local/lib/python3.7/site-packages/airflow/example_dags/example_params_trigger_ui.py
[2023-08-13T18:48:48.930+0000] {processor.py:826} INFO - Processing file /home/airflow/.local/lib/python3.7/site-packages/airflow/example_dags/example_params_trigger_ui.py for tasks to queue
[2023-08-13T18:48:48.931+0000] {logging_mixin.py:150} INFO - [2023-08-13T18:48:48.931+0000] {dagbag.py:541} INFO - Filling up the DagBag from /home/airflow/.local/lib/python3.7/site-packages/airflow/example_dags/example_params_trigger_ui.py
[2023-08-13T18:48:48.960+0000] {processor.py:836} INFO - DAG(s) dict_keys(['example_params_trigger_ui']) retrieved from /home/airflow/.local/lib/python3.7/site-packages/airflow/example_dags/example_params_trigger_ui.py
[2023-08-13T18:48:49.085+0000] {logging_mixin.py:150} INFO - [2023-08-13T18:48:49.085+0000] {dag.py:2742} INFO - Sync 1 DAGs
[2023-08-13T18:48:49.123+0000] {logging_mixin.py:150} INFO - [2023-08-13T18:48:49.123+0000] {dag.py:3508} INFO - Setting next_dagrun for example_params_trigger_ui to None, run_after=None
[2023-08-13T18:48:49.154+0000] {processor.py:179} INFO - Processing /home/airflow/.local/lib/python3.7/site-packages/airflow/example_dags/example_params_trigger_ui.py took 0.230 seconds
[2023-08-13T18:49:19.466+0000] {processor.py:157} INFO - Started process (PID=1086) to work on /home/airflow/.local/lib/python3.7/site-packages/airflow/example_dags/example_params_trigger_ui.py
[2023-08-13T18:49:19.467+0000] {processor.py:826} INFO - Processing file /home/airflow/.local/lib/python3.7/site-packages/airflow/example_dags/example_params_trigger_ui.py for tasks to queue
[2023-08-13T18:49:19.467+0000] {logging_mixin.py:150} INFO - [2023-08-13T18:49:19.467+0000] {dagbag.py:541} INFO - Filling up the DagBag from /home/airflow/.local/lib/python3.7/site-packages/airflow/example_dags/example_params_trigger_ui.py
[2023-08-13T18:49:19.491+0000] {processor.py:836} INFO - DAG(s) dict_keys(['example_params_trigger_ui']) retrieved from /home/airflow/.local/lib/python3.7/site-packages/airflow/example_dags/example_params_trigger_ui.py
[2023-08-13T18:49:19.584+0000] {logging_mixin.py:150} INFO - [2023-08-13T18:49:19.584+0000] {dag.py:2742} INFO - Sync 1 DAGs
[2023-08-13T18:49:19.611+0000] {logging_mixin.py:150} INFO - [2023-08-13T18:49:19.610+0000] {dag.py:3508} INFO - Setting next_dagrun for example_params_trigger_ui to None, run_after=None
[2023-08-13T18:49:19.633+0000] {processor.py:179} INFO - Processing /home/airflow/.local/lib/python3.7/site-packages/airflow/example_dags/example_params_trigger_ui.py took 0.170 seconds
[2023-08-13T18:49:50.099+0000] {processor.py:157} INFO - Started process (PID=1151) to work on /home/airflow/.local/lib/python3.7/site-packages/airflow/example_dags/example_params_trigger_ui.py
[2023-08-13T18:49:50.100+0000] {processor.py:826} INFO - Processing file /home/airflow/.local/lib/python3.7/site-packages/airflow/example_dags/example_params_trigger_ui.py for tasks to queue
[2023-08-13T18:49:50.101+0000] {logging_mixin.py:150} INFO - [2023-08-13T18:49:50.101+0000] {dagbag.py:541} INFO - Filling up the DagBag from /home/airflow/.local/lib/python3.7/site-packages/airflow/example_dags/example_params_trigger_ui.py
[2023-08-13T18:49:50.125+0000] {processor.py:836} INFO - DAG(s) dict_keys(['example_params_trigger_ui']) retrieved from /home/airflow/.local/lib/python3.7/site-packages/airflow/example_dags/example_params_trigger_ui.py
[2023-08-13T18:49:50.236+0000] {logging_mixin.py:150} INFO - [2023-08-13T18:49:50.236+0000] {dag.py:2742} INFO - Sync 1 DAGs
[2023-08-13T18:49:50.271+0000] {logging_mixin.py:150} INFO - [2023-08-13T18:49:50.270+0000] {dag.py:3508} INFO - Setting next_dagrun for example_params_trigger_ui to None, run_after=None
[2023-08-13T18:49:50.302+0000] {processor.py:179} INFO - Processing /home/airflow/.local/lib/python3.7/site-packages/airflow/example_dags/example_params_trigger_ui.py took 0.206 seconds
[2023-08-13T18:50:20.654+0000] {processor.py:157} INFO - Started process (PID=1216) to work on /home/airflow/.local/lib/python3.7/site-packages/airflow/example_dags/example_params_trigger_ui.py
[2023-08-13T18:50:20.655+0000] {processor.py:826} INFO - Processing file /home/airflow/.local/lib/python3.7/site-packages/airflow/example_dags/example_params_trigger_ui.py for tasks to queue
[2023-08-13T18:50:20.658+0000] {logging_mixin.py:150} INFO - [2023-08-13T18:50:20.657+0000] {dagbag.py:541} INFO - Filling up the DagBag from /home/airflow/.local/lib/python3.7/site-packages/airflow/example_dags/example_params_trigger_ui.py
[2023-08-13T18:50:20.700+0000] {processor.py:836} INFO - DAG(s) dict_keys(['example_params_trigger_ui']) retrieved from /home/airflow/.local/lib/python3.7/site-packages/airflow/example_dags/example_params_trigger_ui.py
[2023-08-13T18:50:20.850+0000] {logging_mixin.py:150} INFO - [2023-08-13T18:50:20.849+0000] {dag.py:2742} INFO - Sync 1 DAGs
[2023-08-13T18:50:20.892+0000] {logging_mixin.py:150} INFO - [2023-08-13T18:50:20.891+0000] {dag.py:3508} INFO - Setting next_dagrun for example_params_trigger_ui to None, run_after=None
[2023-08-13T18:50:20.929+0000] {processor.py:179} INFO - Processing /home/airflow/.local/lib/python3.7/site-packages/airflow/example_dags/example_params_trigger_ui.py took 0.280 seconds
[2023-08-13T19:55:43.181+0000] {processor.py:157} INFO - Started process (PID=55) to work on /home/airflow/.local/lib/python3.7/site-packages/airflow/example_dags/example_params_trigger_ui.py
[2023-08-13T19:55:43.190+0000] {processor.py:826} INFO - Processing file /home/airflow/.local/lib/python3.7/site-packages/airflow/example_dags/example_params_trigger_ui.py for tasks to queue
[2023-08-13T19:55:43.192+0000] {logging_mixin.py:150} INFO - [2023-08-13T19:55:43.192+0000] {dagbag.py:541} INFO - Filling up the DagBag from /home/airflow/.local/lib/python3.7/site-packages/airflow/example_dags/example_params_trigger_ui.py
[2023-08-13T19:55:43.283+0000] {processor.py:836} INFO - DAG(s) dict_keys(['example_params_trigger_ui']) retrieved from /home/airflow/.local/lib/python3.7/site-packages/airflow/example_dags/example_params_trigger_ui.py
[2023-08-13T19:55:43.522+0000] {logging_mixin.py:150} INFO - [2023-08-13T19:55:43.522+0000] {dag.py:2742} INFO - Sync 1 DAGs
[2023-08-13T19:55:43.579+0000] {logging_mixin.py:150} INFO - [2023-08-13T19:55:43.578+0000] {dag.py:3508} INFO - Setting next_dagrun for example_params_trigger_ui to None, run_after=None
[2023-08-13T19:55:43.629+0000] {processor.py:179} INFO - Processing /home/airflow/.local/lib/python3.7/site-packages/airflow/example_dags/example_params_trigger_ui.py took 0.453 seconds
[2023-08-13T19:58:39.123+0000] {processor.py:157} INFO - Started process (PID=47) to work on /home/airflow/.local/lib/python3.7/site-packages/airflow/example_dags/example_params_trigger_ui.py
[2023-08-13T19:58:39.125+0000] {processor.py:826} INFO - Processing file /home/airflow/.local/lib/python3.7/site-packages/airflow/example_dags/example_params_trigger_ui.py for tasks to queue
[2023-08-13T19:58:39.126+0000] {logging_mixin.py:150} INFO - [2023-08-13T19:58:39.126+0000] {dagbag.py:541} INFO - Filling up the DagBag from /home/airflow/.local/lib/python3.7/site-packages/airflow/example_dags/example_params_trigger_ui.py
[2023-08-13T19:58:39.160+0000] {processor.py:836} INFO - DAG(s) dict_keys(['example_params_trigger_ui']) retrieved from /home/airflow/.local/lib/python3.7/site-packages/airflow/example_dags/example_params_trigger_ui.py
[2023-08-13T19:58:39.175+0000] {logging_mixin.py:150} INFO - [2023-08-13T19:58:39.175+0000] {dag.py:2742} INFO - Sync 1 DAGs
[2023-08-13T19:58:39.213+0000] {logging_mixin.py:150} INFO - [2023-08-13T19:58:39.213+0000] {dag.py:3508} INFO - Setting next_dagrun for example_params_trigger_ui to None, run_after=None
[2023-08-13T19:58:39.244+0000] {processor.py:179} INFO - Processing /home/airflow/.local/lib/python3.7/site-packages/airflow/example_dags/example_params_trigger_ui.py took 0.125 seconds
[2023-08-13T19:59:09.483+0000] {processor.py:157} INFO - Started process (PID=114) to work on /home/airflow/.local/lib/python3.7/site-packages/airflow/example_dags/example_params_trigger_ui.py
[2023-08-13T19:59:09.484+0000] {processor.py:826} INFO - Processing file /home/airflow/.local/lib/python3.7/site-packages/airflow/example_dags/example_params_trigger_ui.py for tasks to queue
[2023-08-13T19:59:09.486+0000] {logging_mixin.py:150} INFO - [2023-08-13T19:59:09.485+0000] {dagbag.py:541} INFO - Filling up the DagBag from /home/airflow/.local/lib/python3.7/site-packages/airflow/example_dags/example_params_trigger_ui.py
[2023-08-13T19:59:09.508+0000] {processor.py:836} INFO - DAG(s) dict_keys(['example_params_trigger_ui']) retrieved from /home/airflow/.local/lib/python3.7/site-packages/airflow/example_dags/example_params_trigger_ui.py
[2023-08-13T19:59:09.614+0000] {logging_mixin.py:150} INFO - [2023-08-13T19:59:09.614+0000] {dag.py:2742} INFO - Sync 1 DAGs
[2023-08-13T19:59:09.643+0000] {logging_mixin.py:150} INFO - [2023-08-13T19:59:09.643+0000] {dag.py:3508} INFO - Setting next_dagrun for example_params_trigger_ui to None, run_after=None
[2023-08-13T19:59:09.666+0000] {processor.py:179} INFO - Processing /home/airflow/.local/lib/python3.7/site-packages/airflow/example_dags/example_params_trigger_ui.py took 0.187 seconds
[2023-08-13T19:59:40.300+0000] {processor.py:157} INFO - Started process (PID=179) to work on /home/airflow/.local/lib/python3.7/site-packages/airflow/example_dags/example_params_trigger_ui.py
[2023-08-13T19:59:40.301+0000] {processor.py:826} INFO - Processing file /home/airflow/.local/lib/python3.7/site-packages/airflow/example_dags/example_params_trigger_ui.py for tasks to queue
[2023-08-13T19:59:40.303+0000] {logging_mixin.py:150} INFO - [2023-08-13T19:59:40.302+0000] {dagbag.py:541} INFO - Filling up the DagBag from /home/airflow/.local/lib/python3.7/site-packages/airflow/example_dags/example_params_trigger_ui.py
[2023-08-13T19:59:40.336+0000] {processor.py:836} INFO - DAG(s) dict_keys(['example_params_trigger_ui']) retrieved from /home/airflow/.local/lib/python3.7/site-packages/airflow/example_dags/example_params_trigger_ui.py
[2023-08-13T19:59:40.450+0000] {logging_mixin.py:150} INFO - [2023-08-13T19:59:40.449+0000] {dag.py:2742} INFO - Sync 1 DAGs
[2023-08-13T19:59:40.491+0000] {logging_mixin.py:150} INFO - [2023-08-13T19:59:40.490+0000] {dag.py:3508} INFO - Setting next_dagrun for example_params_trigger_ui to None, run_after=None
[2023-08-13T19:59:40.526+0000] {processor.py:179} INFO - Processing /home/airflow/.local/lib/python3.7/site-packages/airflow/example_dags/example_params_trigger_ui.py took 0.231 seconds
[2023-08-13T20:00:11.369+0000] {processor.py:157} INFO - Started process (PID=245) to work on /home/airflow/.local/lib/python3.7/site-packages/airflow/example_dags/example_params_trigger_ui.py
[2023-08-13T20:00:11.371+0000] {processor.py:826} INFO - Processing file /home/airflow/.local/lib/python3.7/site-packages/airflow/example_dags/example_params_trigger_ui.py for tasks to queue
[2023-08-13T20:00:11.372+0000] {logging_mixin.py:150} INFO - [2023-08-13T20:00:11.371+0000] {dagbag.py:541} INFO - Filling up the DagBag from /home/airflow/.local/lib/python3.7/site-packages/airflow/example_dags/example_params_trigger_ui.py
[2023-08-13T20:00:11.392+0000] {processor.py:836} INFO - DAG(s) dict_keys(['example_params_trigger_ui']) retrieved from /home/airflow/.local/lib/python3.7/site-packages/airflow/example_dags/example_params_trigger_ui.py
[2023-08-13T20:00:11.473+0000] {logging_mixin.py:150} INFO - [2023-08-13T20:00:11.473+0000] {dag.py:2742} INFO - Sync 1 DAGs
[2023-08-13T20:00:11.501+0000] {logging_mixin.py:150} INFO - [2023-08-13T20:00:11.500+0000] {dag.py:3508} INFO - Setting next_dagrun for example_params_trigger_ui to None, run_after=None
[2023-08-13T20:00:11.522+0000] {processor.py:179} INFO - Processing /home/airflow/.local/lib/python3.7/site-packages/airflow/example_dags/example_params_trigger_ui.py took 0.156 seconds
[2023-08-13T20:00:42.011+0000] {processor.py:157} INFO - Started process (PID=311) to work on /home/airflow/.local/lib/python3.7/site-packages/airflow/example_dags/example_params_trigger_ui.py
[2023-08-13T20:00:42.012+0000] {processor.py:826} INFO - Processing file /home/airflow/.local/lib/python3.7/site-packages/airflow/example_dags/example_params_trigger_ui.py for tasks to queue
[2023-08-13T20:00:42.013+0000] {logging_mixin.py:150} INFO - [2023-08-13T20:00:42.013+0000] {dagbag.py:541} INFO - Filling up the DagBag from /home/airflow/.local/lib/python3.7/site-packages/airflow/example_dags/example_params_trigger_ui.py
[2023-08-13T20:00:42.039+0000] {processor.py:836} INFO - DAG(s) dict_keys(['example_params_trigger_ui']) retrieved from /home/airflow/.local/lib/python3.7/site-packages/airflow/example_dags/example_params_trigger_ui.py
[2023-08-13T20:00:42.179+0000] {logging_mixin.py:150} INFO - [2023-08-13T20:00:42.178+0000] {dag.py:2742} INFO - Sync 1 DAGs
[2023-08-13T20:00:42.224+0000] {logging_mixin.py:150} INFO - [2023-08-13T20:00:42.224+0000] {dag.py:3508} INFO - Setting next_dagrun for example_params_trigger_ui to None, run_after=None
[2023-08-13T20:00:42.255+0000] {processor.py:179} INFO - Processing /home/airflow/.local/lib/python3.7/site-packages/airflow/example_dags/example_params_trigger_ui.py took 0.247 seconds
[2023-08-13T20:01:12.866+0000] {processor.py:157} INFO - Started process (PID=377) to work on /home/airflow/.local/lib/python3.7/site-packages/airflow/example_dags/example_params_trigger_ui.py
[2023-08-13T20:01:12.868+0000] {processor.py:826} INFO - Processing file /home/airflow/.local/lib/python3.7/site-packages/airflow/example_dags/example_params_trigger_ui.py for tasks to queue
[2023-08-13T20:01:12.869+0000] {logging_mixin.py:150} INFO - [2023-08-13T20:01:12.869+0000] {dagbag.py:541} INFO - Filling up the DagBag from /home/airflow/.local/lib/python3.7/site-packages/airflow/example_dags/example_params_trigger_ui.py
[2023-08-13T20:01:12.902+0000] {processor.py:836} INFO - DAG(s) dict_keys(['example_params_trigger_ui']) retrieved from /home/airflow/.local/lib/python3.7/site-packages/airflow/example_dags/example_params_trigger_ui.py
[2023-08-13T20:01:13.027+0000] {logging_mixin.py:150} INFO - [2023-08-13T20:01:13.027+0000] {dag.py:2742} INFO - Sync 1 DAGs
[2023-08-13T20:01:13.058+0000] {logging_mixin.py:150} INFO - [2023-08-13T20:01:13.057+0000] {dag.py:3508} INFO - Setting next_dagrun for example_params_trigger_ui to None, run_after=None
[2023-08-13T20:01:13.088+0000] {processor.py:179} INFO - Processing /home/airflow/.local/lib/python3.7/site-packages/airflow/example_dags/example_params_trigger_ui.py took 0.227 seconds
[2023-08-13T20:01:43.617+0000] {processor.py:157} INFO - Started process (PID=443) to work on /home/airflow/.local/lib/python3.7/site-packages/airflow/example_dags/example_params_trigger_ui.py
[2023-08-13T20:01:43.618+0000] {processor.py:826} INFO - Processing file /home/airflow/.local/lib/python3.7/site-packages/airflow/example_dags/example_params_trigger_ui.py for tasks to queue
[2023-08-13T20:01:43.619+0000] {logging_mixin.py:150} INFO - [2023-08-13T20:01:43.619+0000] {dagbag.py:541} INFO - Filling up the DagBag from /home/airflow/.local/lib/python3.7/site-packages/airflow/example_dags/example_params_trigger_ui.py
[2023-08-13T20:01:43.641+0000] {processor.py:836} INFO - DAG(s) dict_keys(['example_params_trigger_ui']) retrieved from /home/airflow/.local/lib/python3.7/site-packages/airflow/example_dags/example_params_trigger_ui.py
[2023-08-13T20:01:43.743+0000] {logging_mixin.py:150} INFO - [2023-08-13T20:01:43.742+0000] {dag.py:2742} INFO - Sync 1 DAGs
[2023-08-13T20:01:43.783+0000] {logging_mixin.py:150} INFO - [2023-08-13T20:01:43.782+0000] {dag.py:3508} INFO - Setting next_dagrun for example_params_trigger_ui to None, run_after=None
[2023-08-13T20:01:43.823+0000] {processor.py:179} INFO - Processing /home/airflow/.local/lib/python3.7/site-packages/airflow/example_dags/example_params_trigger_ui.py took 0.211 seconds
[2023-08-13T20:02:21.216+0000] {processor.py:157} INFO - Started process (PID=516) to work on /home/airflow/.local/lib/python3.7/site-packages/airflow/example_dags/example_params_trigger_ui.py
[2023-08-13T20:02:21.222+0000] {processor.py:826} INFO - Processing file /home/airflow/.local/lib/python3.7/site-packages/airflow/example_dags/example_params_trigger_ui.py for tasks to queue
[2023-08-13T20:02:21.224+0000] {logging_mixin.py:150} INFO - [2023-08-13T20:02:21.223+0000] {dagbag.py:541} INFO - Filling up the DagBag from /home/airflow/.local/lib/python3.7/site-packages/airflow/example_dags/example_params_trigger_ui.py
[2023-08-13T20:02:21.265+0000] {processor.py:836} INFO - DAG(s) dict_keys(['example_params_trigger_ui']) retrieved from /home/airflow/.local/lib/python3.7/site-packages/airflow/example_dags/example_params_trigger_ui.py
[2023-08-13T20:02:21.446+0000] {logging_mixin.py:150} INFO - [2023-08-13T20:02:21.446+0000] {dag.py:2742} INFO - Sync 1 DAGs
[2023-08-13T20:02:21.498+0000] {logging_mixin.py:150} INFO - [2023-08-13T20:02:21.498+0000] {dag.py:3508} INFO - Setting next_dagrun for example_params_trigger_ui to None, run_after=None
[2023-08-13T20:02:21.554+0000] {processor.py:179} INFO - Processing /home/airflow/.local/lib/python3.7/site-packages/airflow/example_dags/example_params_trigger_ui.py took 0.344 seconds
[2023-08-13T20:03:49.278+0000] {processor.py:157} INFO - Started process (PID=593) to work on /home/airflow/.local/lib/python3.7/site-packages/airflow/example_dags/example_params_trigger_ui.py
[2023-08-13T20:03:49.280+0000] {processor.py:826} INFO - Processing file /home/airflow/.local/lib/python3.7/site-packages/airflow/example_dags/example_params_trigger_ui.py for tasks to queue
[2023-08-13T20:03:49.282+0000] {logging_mixin.py:150} INFO - [2023-08-13T20:03:49.281+0000] {dagbag.py:541} INFO - Filling up the DagBag from /home/airflow/.local/lib/python3.7/site-packages/airflow/example_dags/example_params_trigger_ui.py
[2023-08-13T20:03:49.354+0000] {processor.py:836} INFO - DAG(s) dict_keys(['example_params_trigger_ui']) retrieved from /home/airflow/.local/lib/python3.7/site-packages/airflow/example_dags/example_params_trigger_ui.py
[2023-08-13T20:03:49.676+0000] {logging_mixin.py:150} INFO - [2023-08-13T20:03:49.676+0000] {dag.py:2742} INFO - Sync 1 DAGs
[2023-08-13T20:03:49.761+0000] {logging_mixin.py:150} INFO - [2023-08-13T20:03:49.761+0000] {dag.py:3508} INFO - Setting next_dagrun for example_params_trigger_ui to None, run_after=None
[2023-08-13T20:03:50.083+0000] {processor.py:179} INFO - Processing /home/airflow/.local/lib/python3.7/site-packages/airflow/example_dags/example_params_trigger_ui.py took 0.810 seconds
[2023-08-13T20:05:57.166+0000] {processor.py:157} INFO - Started process (PID=47) to work on /home/airflow/.local/lib/python3.7/site-packages/airflow/example_dags/example_params_trigger_ui.py
[2023-08-13T20:05:57.168+0000] {processor.py:826} INFO - Processing file /home/airflow/.local/lib/python3.7/site-packages/airflow/example_dags/example_params_trigger_ui.py for tasks to queue
[2023-08-13T20:05:57.169+0000] {logging_mixin.py:150} INFO - [2023-08-13T20:05:57.168+0000] {dagbag.py:541} INFO - Filling up the DagBag from /home/airflow/.local/lib/python3.7/site-packages/airflow/example_dags/example_params_trigger_ui.py
[2023-08-13T20:05:57.205+0000] {processor.py:836} INFO - DAG(s) dict_keys(['example_params_trigger_ui']) retrieved from /home/airflow/.local/lib/python3.7/site-packages/airflow/example_dags/example_params_trigger_ui.py
[2023-08-13T20:05:57.239+0000] {logging_mixin.py:150} INFO - [2023-08-13T20:05:57.238+0000] {dag.py:2742} INFO - Sync 1 DAGs
[2023-08-13T20:05:57.296+0000] {logging_mixin.py:150} INFO - [2023-08-13T20:05:57.295+0000] {dag.py:3508} INFO - Setting next_dagrun for example_params_trigger_ui to None, run_after=None
[2023-08-13T20:05:57.366+0000] {processor.py:179} INFO - Processing /home/airflow/.local/lib/python3.7/site-packages/airflow/example_dags/example_params_trigger_ui.py took 0.204 seconds
[2023-08-13T20:06:28.239+0000] {processor.py:157} INFO - Started process (PID=113) to work on /home/airflow/.local/lib/python3.7/site-packages/airflow/example_dags/example_params_trigger_ui.py
[2023-08-13T20:06:28.240+0000] {processor.py:826} INFO - Processing file /home/airflow/.local/lib/python3.7/site-packages/airflow/example_dags/example_params_trigger_ui.py for tasks to queue
[2023-08-13T20:06:28.241+0000] {logging_mixin.py:150} INFO - [2023-08-13T20:06:28.241+0000] {dagbag.py:541} INFO - Filling up the DagBag from /home/airflow/.local/lib/python3.7/site-packages/airflow/example_dags/example_params_trigger_ui.py
[2023-08-13T20:06:28.262+0000] {processor.py:836} INFO - DAG(s) dict_keys(['example_params_trigger_ui']) retrieved from /home/airflow/.local/lib/python3.7/site-packages/airflow/example_dags/example_params_trigger_ui.py
[2023-08-13T20:06:28.383+0000] {logging_mixin.py:150} INFO - [2023-08-13T20:06:28.383+0000] {dag.py:2742} INFO - Sync 1 DAGs
[2023-08-13T20:06:28.413+0000] {logging_mixin.py:150} INFO - [2023-08-13T20:06:28.412+0000] {dag.py:3508} INFO - Setting next_dagrun for example_params_trigger_ui to None, run_after=None
[2023-08-13T20:06:28.437+0000] {processor.py:179} INFO - Processing /home/airflow/.local/lib/python3.7/site-packages/airflow/example_dags/example_params_trigger_ui.py took 0.202 seconds
[2023-08-13T20:06:58.851+0000] {processor.py:157} INFO - Started process (PID=179) to work on /home/airflow/.local/lib/python3.7/site-packages/airflow/example_dags/example_params_trigger_ui.py
[2023-08-13T20:06:58.853+0000] {processor.py:826} INFO - Processing file /home/airflow/.local/lib/python3.7/site-packages/airflow/example_dags/example_params_trigger_ui.py for tasks to queue
[2023-08-13T20:06:58.854+0000] {logging_mixin.py:150} INFO - [2023-08-13T20:06:58.853+0000] {dagbag.py:541} INFO - Filling up the DagBag from /home/airflow/.local/lib/python3.7/site-packages/airflow/example_dags/example_params_trigger_ui.py
[2023-08-13T20:06:58.881+0000] {processor.py:836} INFO - DAG(s) dict_keys(['example_params_trigger_ui']) retrieved from /home/airflow/.local/lib/python3.7/site-packages/airflow/example_dags/example_params_trigger_ui.py
[2023-08-13T20:06:58.993+0000] {logging_mixin.py:150} INFO - [2023-08-13T20:06:58.993+0000] {dag.py:2742} INFO - Sync 1 DAGs
[2023-08-13T20:06:59.027+0000] {logging_mixin.py:150} INFO - [2023-08-13T20:06:59.026+0000] {dag.py:3508} INFO - Setting next_dagrun for example_params_trigger_ui to None, run_after=None
[2023-08-13T20:06:59.056+0000] {processor.py:179} INFO - Processing /home/airflow/.local/lib/python3.7/site-packages/airflow/example_dags/example_params_trigger_ui.py took 0.208 seconds
[2023-08-13T20:07:29.937+0000] {processor.py:157} INFO - Started process (PID=245) to work on /home/airflow/.local/lib/python3.7/site-packages/airflow/example_dags/example_params_trigger_ui.py
[2023-08-13T20:07:29.939+0000] {processor.py:826} INFO - Processing file /home/airflow/.local/lib/python3.7/site-packages/airflow/example_dags/example_params_trigger_ui.py for tasks to queue
[2023-08-13T20:07:29.940+0000] {logging_mixin.py:150} INFO - [2023-08-13T20:07:29.939+0000] {dagbag.py:541} INFO - Filling up the DagBag from /home/airflow/.local/lib/python3.7/site-packages/airflow/example_dags/example_params_trigger_ui.py
[2023-08-13T20:07:29.959+0000] {processor.py:836} INFO - DAG(s) dict_keys(['example_params_trigger_ui']) retrieved from /home/airflow/.local/lib/python3.7/site-packages/airflow/example_dags/example_params_trigger_ui.py
[2023-08-13T20:07:30.049+0000] {logging_mixin.py:150} INFO - [2023-08-13T20:07:30.049+0000] {dag.py:2742} INFO - Sync 1 DAGs
[2023-08-13T20:07:30.089+0000] {logging_mixin.py:150} INFO - [2023-08-13T20:07:30.089+0000] {dag.py:3508} INFO - Setting next_dagrun for example_params_trigger_ui to None, run_after=None
[2023-08-13T20:07:30.131+0000] {processor.py:179} INFO - Processing /home/airflow/.local/lib/python3.7/site-packages/airflow/example_dags/example_params_trigger_ui.py took 0.197 seconds
[2023-08-13T20:08:00.799+0000] {processor.py:157} INFO - Started process (PID=311) to work on /home/airflow/.local/lib/python3.7/site-packages/airflow/example_dags/example_params_trigger_ui.py
[2023-08-13T20:08:00.800+0000] {processor.py:826} INFO - Processing file /home/airflow/.local/lib/python3.7/site-packages/airflow/example_dags/example_params_trigger_ui.py for tasks to queue
[2023-08-13T20:08:00.802+0000] {logging_mixin.py:150} INFO - [2023-08-13T20:08:00.801+0000] {dagbag.py:541} INFO - Filling up the DagBag from /home/airflow/.local/lib/python3.7/site-packages/airflow/example_dags/example_params_trigger_ui.py
[2023-08-13T20:08:00.832+0000] {processor.py:836} INFO - DAG(s) dict_keys(['example_params_trigger_ui']) retrieved from /home/airflow/.local/lib/python3.7/site-packages/airflow/example_dags/example_params_trigger_ui.py
[2023-08-13T20:08:00.971+0000] {logging_mixin.py:150} INFO - [2023-08-13T20:08:00.971+0000] {dag.py:2742} INFO - Sync 1 DAGs
[2023-08-13T20:08:01.015+0000] {logging_mixin.py:150} INFO - [2023-08-13T20:08:01.015+0000] {dag.py:3508} INFO - Setting next_dagrun for example_params_trigger_ui to None, run_after=None
[2023-08-13T20:08:01.049+0000] {processor.py:179} INFO - Processing /home/airflow/.local/lib/python3.7/site-packages/airflow/example_dags/example_params_trigger_ui.py took 0.254 seconds
[2023-08-13T20:08:31.523+0000] {processor.py:157} INFO - Started process (PID=377) to work on /home/airflow/.local/lib/python3.7/site-packages/airflow/example_dags/example_params_trigger_ui.py
[2023-08-13T20:08:31.525+0000] {processor.py:826} INFO - Processing file /home/airflow/.local/lib/python3.7/site-packages/airflow/example_dags/example_params_trigger_ui.py for tasks to queue
[2023-08-13T20:08:31.526+0000] {logging_mixin.py:150} INFO - [2023-08-13T20:08:31.526+0000] {dagbag.py:541} INFO - Filling up the DagBag from /home/airflow/.local/lib/python3.7/site-packages/airflow/example_dags/example_params_trigger_ui.py
[2023-08-13T20:08:31.549+0000] {processor.py:836} INFO - DAG(s) dict_keys(['example_params_trigger_ui']) retrieved from /home/airflow/.local/lib/python3.7/site-packages/airflow/example_dags/example_params_trigger_ui.py
[2023-08-13T20:08:31.643+0000] {logging_mixin.py:150} INFO - [2023-08-13T20:08:31.643+0000] {dag.py:2742} INFO - Sync 1 DAGs
[2023-08-13T20:08:31.679+0000] {logging_mixin.py:150} INFO - [2023-08-13T20:08:31.679+0000] {dag.py:3508} INFO - Setting next_dagrun for example_params_trigger_ui to None, run_after=None
[2023-08-13T20:08:31.706+0000] {processor.py:179} INFO - Processing /home/airflow/.local/lib/python3.7/site-packages/airflow/example_dags/example_params_trigger_ui.py took 0.185 seconds
[2023-08-13T20:09:01.730+0000] {processor.py:157} INFO - Started process (PID=442) to work on /home/airflow/.local/lib/python3.7/site-packages/airflow/example_dags/example_params_trigger_ui.py
[2023-08-13T20:09:01.732+0000] {processor.py:826} INFO - Processing file /home/airflow/.local/lib/python3.7/site-packages/airflow/example_dags/example_params_trigger_ui.py for tasks to queue
[2023-08-13T20:09:01.733+0000] {logging_mixin.py:150} INFO - [2023-08-13T20:09:01.732+0000] {dagbag.py:541} INFO - Filling up the DagBag from /home/airflow/.local/lib/python3.7/site-packages/airflow/example_dags/example_params_trigger_ui.py
[2023-08-13T20:09:01.759+0000] {processor.py:836} INFO - DAG(s) dict_keys(['example_params_trigger_ui']) retrieved from /home/airflow/.local/lib/python3.7/site-packages/airflow/example_dags/example_params_trigger_ui.py
[2023-08-13T20:09:01.859+0000] {logging_mixin.py:150} INFO - [2023-08-13T20:09:01.859+0000] {dag.py:2742} INFO - Sync 1 DAGs
[2023-08-13T20:09:01.895+0000] {logging_mixin.py:150} INFO - [2023-08-13T20:09:01.895+0000] {dag.py:3508} INFO - Setting next_dagrun for example_params_trigger_ui to None, run_after=None
[2023-08-13T20:09:01.916+0000] {processor.py:179} INFO - Processing /home/airflow/.local/lib/python3.7/site-packages/airflow/example_dags/example_params_trigger_ui.py took 0.189 seconds
[2023-08-13T20:09:32.271+0000] {processor.py:157} INFO - Started process (PID=509) to work on /home/airflow/.local/lib/python3.7/site-packages/airflow/example_dags/example_params_trigger_ui.py
[2023-08-13T20:09:32.273+0000] {processor.py:826} INFO - Processing file /home/airflow/.local/lib/python3.7/site-packages/airflow/example_dags/example_params_trigger_ui.py for tasks to queue
[2023-08-13T20:09:32.274+0000] {logging_mixin.py:150} INFO - [2023-08-13T20:09:32.273+0000] {dagbag.py:541} INFO - Filling up the DagBag from /home/airflow/.local/lib/python3.7/site-packages/airflow/example_dags/example_params_trigger_ui.py
[2023-08-13T20:09:32.306+0000] {processor.py:836} INFO - DAG(s) dict_keys(['example_params_trigger_ui']) retrieved from /home/airflow/.local/lib/python3.7/site-packages/airflow/example_dags/example_params_trigger_ui.py
[2023-08-13T20:09:32.479+0000] {logging_mixin.py:150} INFO - [2023-08-13T20:09:32.479+0000] {dag.py:2742} INFO - Sync 1 DAGs
[2023-08-13T20:09:32.527+0000] {logging_mixin.py:150} INFO - [2023-08-13T20:09:32.527+0000] {dag.py:3508} INFO - Setting next_dagrun for example_params_trigger_ui to None, run_after=None
[2023-08-13T20:09:32.557+0000] {processor.py:179} INFO - Processing /home/airflow/.local/lib/python3.7/site-packages/airflow/example_dags/example_params_trigger_ui.py took 0.290 seconds
[2023-08-13T20:10:02.691+0000] {processor.py:157} INFO - Started process (PID=574) to work on /home/airflow/.local/lib/python3.7/site-packages/airflow/example_dags/example_params_trigger_ui.py
[2023-08-13T20:10:02.693+0000] {processor.py:826} INFO - Processing file /home/airflow/.local/lib/python3.7/site-packages/airflow/example_dags/example_params_trigger_ui.py for tasks to queue
[2023-08-13T20:10:02.693+0000] {logging_mixin.py:150} INFO - [2023-08-13T20:10:02.693+0000] {dagbag.py:541} INFO - Filling up the DagBag from /home/airflow/.local/lib/python3.7/site-packages/airflow/example_dags/example_params_trigger_ui.py
[2023-08-13T20:10:02.713+0000] {processor.py:836} INFO - DAG(s) dict_keys(['example_params_trigger_ui']) retrieved from /home/airflow/.local/lib/python3.7/site-packages/airflow/example_dags/example_params_trigger_ui.py
[2023-08-13T20:10:02.809+0000] {logging_mixin.py:150} INFO - [2023-08-13T20:10:02.809+0000] {dag.py:2742} INFO - Sync 1 DAGs
[2023-08-13T20:10:02.842+0000] {logging_mixin.py:150} INFO - [2023-08-13T20:10:02.842+0000] {dag.py:3508} INFO - Setting next_dagrun for example_params_trigger_ui to None, run_after=None
[2023-08-13T20:10:02.870+0000] {processor.py:179} INFO - Processing /home/airflow/.local/lib/python3.7/site-packages/airflow/example_dags/example_params_trigger_ui.py took 0.182 seconds
[2023-08-13T20:10:33.051+0000] {processor.py:157} INFO - Started process (PID=640) to work on /home/airflow/.local/lib/python3.7/site-packages/airflow/example_dags/example_params_trigger_ui.py
[2023-08-13T20:10:33.053+0000] {processor.py:826} INFO - Processing file /home/airflow/.local/lib/python3.7/site-packages/airflow/example_dags/example_params_trigger_ui.py for tasks to queue
[2023-08-13T20:10:33.054+0000] {logging_mixin.py:150} INFO - [2023-08-13T20:10:33.054+0000] {dagbag.py:541} INFO - Filling up the DagBag from /home/airflow/.local/lib/python3.7/site-packages/airflow/example_dags/example_params_trigger_ui.py
[2023-08-13T20:10:33.082+0000] {processor.py:836} INFO - DAG(s) dict_keys(['example_params_trigger_ui']) retrieved from /home/airflow/.local/lib/python3.7/site-packages/airflow/example_dags/example_params_trigger_ui.py
[2023-08-13T20:10:33.207+0000] {logging_mixin.py:150} INFO - [2023-08-13T20:10:33.207+0000] {dag.py:2742} INFO - Sync 1 DAGs
[2023-08-13T20:10:33.262+0000] {logging_mixin.py:150} INFO - [2023-08-13T20:10:33.261+0000] {dag.py:3508} INFO - Setting next_dagrun for example_params_trigger_ui to None, run_after=None
[2023-08-13T20:10:33.310+0000] {processor.py:179} INFO - Processing /home/airflow/.local/lib/python3.7/site-packages/airflow/example_dags/example_params_trigger_ui.py took 0.263 seconds
[2023-08-13T20:11:03.360+0000] {processor.py:157} INFO - Started process (PID=707) to work on /home/airflow/.local/lib/python3.7/site-packages/airflow/example_dags/example_params_trigger_ui.py
[2023-08-13T20:11:03.361+0000] {processor.py:826} INFO - Processing file /home/airflow/.local/lib/python3.7/site-packages/airflow/example_dags/example_params_trigger_ui.py for tasks to queue
[2023-08-13T20:11:03.362+0000] {logging_mixin.py:150} INFO - [2023-08-13T20:11:03.362+0000] {dagbag.py:541} INFO - Filling up the DagBag from /home/airflow/.local/lib/python3.7/site-packages/airflow/example_dags/example_params_trigger_ui.py
[2023-08-13T20:11:03.385+0000] {processor.py:836} INFO - DAG(s) dict_keys(['example_params_trigger_ui']) retrieved from /home/airflow/.local/lib/python3.7/site-packages/airflow/example_dags/example_params_trigger_ui.py
[2023-08-13T20:11:03.464+0000] {logging_mixin.py:150} INFO - [2023-08-13T20:11:03.464+0000] {dag.py:2742} INFO - Sync 1 DAGs
[2023-08-13T20:11:03.493+0000] {logging_mixin.py:150} INFO - [2023-08-13T20:11:03.493+0000] {dag.py:3508} INFO - Setting next_dagrun for example_params_trigger_ui to None, run_after=None
[2023-08-13T20:11:03.519+0000] {processor.py:179} INFO - Processing /home/airflow/.local/lib/python3.7/site-packages/airflow/example_dags/example_params_trigger_ui.py took 0.163 seconds
[2023-08-13T20:11:33.901+0000] {processor.py:157} INFO - Started process (PID=773) to work on /home/airflow/.local/lib/python3.7/site-packages/airflow/example_dags/example_params_trigger_ui.py
[2023-08-13T20:11:33.902+0000] {processor.py:826} INFO - Processing file /home/airflow/.local/lib/python3.7/site-packages/airflow/example_dags/example_params_trigger_ui.py for tasks to queue
[2023-08-13T20:11:33.903+0000] {logging_mixin.py:150} INFO - [2023-08-13T20:11:33.903+0000] {dagbag.py:541} INFO - Filling up the DagBag from /home/airflow/.local/lib/python3.7/site-packages/airflow/example_dags/example_params_trigger_ui.py
[2023-08-13T20:11:33.923+0000] {processor.py:836} INFO - DAG(s) dict_keys(['example_params_trigger_ui']) retrieved from /home/airflow/.local/lib/python3.7/site-packages/airflow/example_dags/example_params_trigger_ui.py
[2023-08-13T20:11:34.020+0000] {logging_mixin.py:150} INFO - [2023-08-13T20:11:34.020+0000] {dag.py:2742} INFO - Sync 1 DAGs
[2023-08-13T20:11:34.055+0000] {logging_mixin.py:150} INFO - [2023-08-13T20:11:34.055+0000] {dag.py:3508} INFO - Setting next_dagrun for example_params_trigger_ui to None, run_after=None
[2023-08-13T20:11:34.080+0000] {processor.py:179} INFO - Processing /home/airflow/.local/lib/python3.7/site-packages/airflow/example_dags/example_params_trigger_ui.py took 0.182 seconds
[2023-08-13T20:12:05.123+0000] {processor.py:157} INFO - Started process (PID=838) to work on /home/airflow/.local/lib/python3.7/site-packages/airflow/example_dags/example_params_trigger_ui.py
[2023-08-13T20:12:05.125+0000] {processor.py:826} INFO - Processing file /home/airflow/.local/lib/python3.7/site-packages/airflow/example_dags/example_params_trigger_ui.py for tasks to queue
[2023-08-13T20:12:05.126+0000] {logging_mixin.py:150} INFO - [2023-08-13T20:12:05.125+0000] {dagbag.py:541} INFO - Filling up the DagBag from /home/airflow/.local/lib/python3.7/site-packages/airflow/example_dags/example_params_trigger_ui.py
[2023-08-13T20:12:05.154+0000] {processor.py:836} INFO - DAG(s) dict_keys(['example_params_trigger_ui']) retrieved from /home/airflow/.local/lib/python3.7/site-packages/airflow/example_dags/example_params_trigger_ui.py
[2023-08-13T20:12:05.264+0000] {logging_mixin.py:150} INFO - [2023-08-13T20:12:05.264+0000] {dag.py:2742} INFO - Sync 1 DAGs
[2023-08-13T20:12:05.300+0000] {logging_mixin.py:150} INFO - [2023-08-13T20:12:05.300+0000] {dag.py:3508} INFO - Setting next_dagrun for example_params_trigger_ui to None, run_after=None
[2023-08-13T20:12:05.327+0000] {processor.py:179} INFO - Processing /home/airflow/.local/lib/python3.7/site-packages/airflow/example_dags/example_params_trigger_ui.py took 0.207 seconds
[2023-08-13T20:12:35.723+0000] {processor.py:157} INFO - Started process (PID=904) to work on /home/airflow/.local/lib/python3.7/site-packages/airflow/example_dags/example_params_trigger_ui.py
[2023-08-13T20:12:35.724+0000] {processor.py:826} INFO - Processing file /home/airflow/.local/lib/python3.7/site-packages/airflow/example_dags/example_params_trigger_ui.py for tasks to queue
[2023-08-13T20:12:35.725+0000] {logging_mixin.py:150} INFO - [2023-08-13T20:12:35.725+0000] {dagbag.py:541} INFO - Filling up the DagBag from /home/airflow/.local/lib/python3.7/site-packages/airflow/example_dags/example_params_trigger_ui.py
[2023-08-13T20:12:35.746+0000] {processor.py:836} INFO - DAG(s) dict_keys(['example_params_trigger_ui']) retrieved from /home/airflow/.local/lib/python3.7/site-packages/airflow/example_dags/example_params_trigger_ui.py
[2023-08-13T20:12:35.866+0000] {logging_mixin.py:150} INFO - [2023-08-13T20:12:35.865+0000] {dag.py:2742} INFO - Sync 1 DAGs
[2023-08-13T20:12:35.905+0000] {logging_mixin.py:150} INFO - [2023-08-13T20:12:35.905+0000] {dag.py:3508} INFO - Setting next_dagrun for example_params_trigger_ui to None, run_after=None
[2023-08-13T20:12:35.939+0000] {processor.py:179} INFO - Processing /home/airflow/.local/lib/python3.7/site-packages/airflow/example_dags/example_params_trigger_ui.py took 0.219 seconds
[2023-08-13T20:13:06.233+0000] {processor.py:157} INFO - Started process (PID=970) to work on /home/airflow/.local/lib/python3.7/site-packages/airflow/example_dags/example_params_trigger_ui.py
[2023-08-13T20:13:06.234+0000] {processor.py:826} INFO - Processing file /home/airflow/.local/lib/python3.7/site-packages/airflow/example_dags/example_params_trigger_ui.py for tasks to queue
[2023-08-13T20:13:06.236+0000] {logging_mixin.py:150} INFO - [2023-08-13T20:13:06.235+0000] {dagbag.py:541} INFO - Filling up the DagBag from /home/airflow/.local/lib/python3.7/site-packages/airflow/example_dags/example_params_trigger_ui.py
[2023-08-13T20:13:06.264+0000] {processor.py:836} INFO - DAG(s) dict_keys(['example_params_trigger_ui']) retrieved from /home/airflow/.local/lib/python3.7/site-packages/airflow/example_dags/example_params_trigger_ui.py
[2023-08-13T20:13:06.378+0000] {logging_mixin.py:150} INFO - [2023-08-13T20:13:06.377+0000] {dag.py:2742} INFO - Sync 1 DAGs
[2023-08-13T20:13:06.410+0000] {logging_mixin.py:150} INFO - [2023-08-13T20:13:06.410+0000] {dag.py:3508} INFO - Setting next_dagrun for example_params_trigger_ui to None, run_after=None
[2023-08-13T20:13:06.437+0000] {processor.py:179} INFO - Processing /home/airflow/.local/lib/python3.7/site-packages/airflow/example_dags/example_params_trigger_ui.py took 0.208 seconds
[2023-08-13T20:13:36.759+0000] {processor.py:157} INFO - Started process (PID=1036) to work on /home/airflow/.local/lib/python3.7/site-packages/airflow/example_dags/example_params_trigger_ui.py
[2023-08-13T20:13:36.760+0000] {processor.py:826} INFO - Processing file /home/airflow/.local/lib/python3.7/site-packages/airflow/example_dags/example_params_trigger_ui.py for tasks to queue
[2023-08-13T20:13:36.762+0000] {logging_mixin.py:150} INFO - [2023-08-13T20:13:36.761+0000] {dagbag.py:541} INFO - Filling up the DagBag from /home/airflow/.local/lib/python3.7/site-packages/airflow/example_dags/example_params_trigger_ui.py
[2023-08-13T20:13:36.798+0000] {processor.py:836} INFO - DAG(s) dict_keys(['example_params_trigger_ui']) retrieved from /home/airflow/.local/lib/python3.7/site-packages/airflow/example_dags/example_params_trigger_ui.py
[2023-08-13T20:13:36.950+0000] {logging_mixin.py:150} INFO - [2023-08-13T20:13:36.949+0000] {dag.py:2742} INFO - Sync 1 DAGs
[2023-08-13T20:13:36.995+0000] {logging_mixin.py:150} INFO - [2023-08-13T20:13:36.995+0000] {dag.py:3508} INFO - Setting next_dagrun for example_params_trigger_ui to None, run_after=None
[2023-08-13T20:13:37.026+0000] {processor.py:179} INFO - Processing /home/airflow/.local/lib/python3.7/site-packages/airflow/example_dags/example_params_trigger_ui.py took 0.272 seconds
[2023-08-13T20:14:07.100+0000] {processor.py:157} INFO - Started process (PID=1103) to work on /home/airflow/.local/lib/python3.7/site-packages/airflow/example_dags/example_params_trigger_ui.py
[2023-08-13T20:14:07.101+0000] {processor.py:826} INFO - Processing file /home/airflow/.local/lib/python3.7/site-packages/airflow/example_dags/example_params_trigger_ui.py for tasks to queue
[2023-08-13T20:14:07.102+0000] {logging_mixin.py:150} INFO - [2023-08-13T20:14:07.102+0000] {dagbag.py:541} INFO - Filling up the DagBag from /home/airflow/.local/lib/python3.7/site-packages/airflow/example_dags/example_params_trigger_ui.py
[2023-08-13T20:14:07.132+0000] {processor.py:836} INFO - DAG(s) dict_keys(['example_params_trigger_ui']) retrieved from /home/airflow/.local/lib/python3.7/site-packages/airflow/example_dags/example_params_trigger_ui.py
[2023-08-13T20:14:07.259+0000] {logging_mixin.py:150} INFO - [2023-08-13T20:14:07.259+0000] {dag.py:2742} INFO - Sync 1 DAGs
[2023-08-13T20:14:07.298+0000] {logging_mixin.py:150} INFO - [2023-08-13T20:14:07.298+0000] {dag.py:3508} INFO - Setting next_dagrun for example_params_trigger_ui to None, run_after=None
[2023-08-13T20:14:07.333+0000] {processor.py:179} INFO - Processing /home/airflow/.local/lib/python3.7/site-packages/airflow/example_dags/example_params_trigger_ui.py took 0.237 seconds
[2023-08-13T20:14:37.526+0000] {processor.py:157} INFO - Started process (PID=1169) to work on /home/airflow/.local/lib/python3.7/site-packages/airflow/example_dags/example_params_trigger_ui.py
[2023-08-13T20:14:37.528+0000] {processor.py:826} INFO - Processing file /home/airflow/.local/lib/python3.7/site-packages/airflow/example_dags/example_params_trigger_ui.py for tasks to queue
[2023-08-13T20:14:37.529+0000] {logging_mixin.py:150} INFO - [2023-08-13T20:14:37.529+0000] {dagbag.py:541} INFO - Filling up the DagBag from /home/airflow/.local/lib/python3.7/site-packages/airflow/example_dags/example_params_trigger_ui.py
[2023-08-13T20:14:37.559+0000] {processor.py:836} INFO - DAG(s) dict_keys(['example_params_trigger_ui']) retrieved from /home/airflow/.local/lib/python3.7/site-packages/airflow/example_dags/example_params_trigger_ui.py
[2023-08-13T20:14:37.649+0000] {logging_mixin.py:150} INFO - [2023-08-13T20:14:37.648+0000] {dag.py:2742} INFO - Sync 1 DAGs
[2023-08-13T20:14:37.678+0000] {logging_mixin.py:150} INFO - [2023-08-13T20:14:37.677+0000] {dag.py:3508} INFO - Setting next_dagrun for example_params_trigger_ui to None, run_after=None
[2023-08-13T20:14:37.705+0000] {processor.py:179} INFO - Processing /home/airflow/.local/lib/python3.7/site-packages/airflow/example_dags/example_params_trigger_ui.py took 0.183 seconds
[2023-08-13T20:15:07.998+0000] {processor.py:157} INFO - Started process (PID=1236) to work on /home/airflow/.local/lib/python3.7/site-packages/airflow/example_dags/example_params_trigger_ui.py
[2023-08-13T20:15:07.999+0000] {processor.py:826} INFO - Processing file /home/airflow/.local/lib/python3.7/site-packages/airflow/example_dags/example_params_trigger_ui.py for tasks to queue
[2023-08-13T20:15:08.000+0000] {logging_mixin.py:150} INFO - [2023-08-13T20:15:08.000+0000] {dagbag.py:541} INFO - Filling up the DagBag from /home/airflow/.local/lib/python3.7/site-packages/airflow/example_dags/example_params_trigger_ui.py
[2023-08-13T20:15:08.019+0000] {processor.py:836} INFO - DAG(s) dict_keys(['example_params_trigger_ui']) retrieved from /home/airflow/.local/lib/python3.7/site-packages/airflow/example_dags/example_params_trigger_ui.py
[2023-08-13T20:15:08.109+0000] {logging_mixin.py:150} INFO - [2023-08-13T20:15:08.109+0000] {dag.py:2742} INFO - Sync 1 DAGs
[2023-08-13T20:15:08.141+0000] {logging_mixin.py:150} INFO - [2023-08-13T20:15:08.140+0000] {dag.py:3508} INFO - Setting next_dagrun for example_params_trigger_ui to None, run_after=None
[2023-08-13T20:15:08.168+0000] {processor.py:179} INFO - Processing /home/airflow/.local/lib/python3.7/site-packages/airflow/example_dags/example_params_trigger_ui.py took 0.174 seconds
[2023-08-13T20:15:38.289+0000] {processor.py:157} INFO - Started process (PID=1301) to work on /home/airflow/.local/lib/python3.7/site-packages/airflow/example_dags/example_params_trigger_ui.py
[2023-08-13T20:15:38.291+0000] {processor.py:826} INFO - Processing file /home/airflow/.local/lib/python3.7/site-packages/airflow/example_dags/example_params_trigger_ui.py for tasks to queue
[2023-08-13T20:15:38.292+0000] {logging_mixin.py:150} INFO - [2023-08-13T20:15:38.291+0000] {dagbag.py:541} INFO - Filling up the DagBag from /home/airflow/.local/lib/python3.7/site-packages/airflow/example_dags/example_params_trigger_ui.py
[2023-08-13T20:15:38.318+0000] {processor.py:836} INFO - DAG(s) dict_keys(['example_params_trigger_ui']) retrieved from /home/airflow/.local/lib/python3.7/site-packages/airflow/example_dags/example_params_trigger_ui.py
[2023-08-13T20:15:38.437+0000] {logging_mixin.py:150} INFO - [2023-08-13T20:15:38.436+0000] {dag.py:2742} INFO - Sync 1 DAGs
[2023-08-13T20:15:38.472+0000] {logging_mixin.py:150} INFO - [2023-08-13T20:15:38.472+0000] {dag.py:3508} INFO - Setting next_dagrun for example_params_trigger_ui to None, run_after=None
[2023-08-13T20:15:38.506+0000] {processor.py:179} INFO - Processing /home/airflow/.local/lib/python3.7/site-packages/airflow/example_dags/example_params_trigger_ui.py took 0.220 seconds
[2023-08-13T20:16:08.786+0000] {processor.py:157} INFO - Started process (PID=1367) to work on /home/airflow/.local/lib/python3.7/site-packages/airflow/example_dags/example_params_trigger_ui.py
[2023-08-13T20:16:08.787+0000] {processor.py:826} INFO - Processing file /home/airflow/.local/lib/python3.7/site-packages/airflow/example_dags/example_params_trigger_ui.py for tasks to queue
[2023-08-13T20:16:08.788+0000] {logging_mixin.py:150} INFO - [2023-08-13T20:16:08.788+0000] {dagbag.py:541} INFO - Filling up the DagBag from /home/airflow/.local/lib/python3.7/site-packages/airflow/example_dags/example_params_trigger_ui.py
[2023-08-13T20:16:08.813+0000] {processor.py:836} INFO - DAG(s) dict_keys(['example_params_trigger_ui']) retrieved from /home/airflow/.local/lib/python3.7/site-packages/airflow/example_dags/example_params_trigger_ui.py
[2023-08-13T20:16:08.932+0000] {logging_mixin.py:150} INFO - [2023-08-13T20:16:08.932+0000] {dag.py:2742} INFO - Sync 1 DAGs
[2023-08-13T20:16:08.971+0000] {logging_mixin.py:150} INFO - [2023-08-13T20:16:08.971+0000] {dag.py:3508} INFO - Setting next_dagrun for example_params_trigger_ui to None, run_after=None
[2023-08-13T20:16:08.999+0000] {processor.py:179} INFO - Processing /home/airflow/.local/lib/python3.7/site-packages/airflow/example_dags/example_params_trigger_ui.py took 0.216 seconds
[2023-08-13T20:16:39.086+0000] {processor.py:157} INFO - Started process (PID=1433) to work on /home/airflow/.local/lib/python3.7/site-packages/airflow/example_dags/example_params_trigger_ui.py
[2023-08-13T20:16:39.088+0000] {processor.py:826} INFO - Processing file /home/airflow/.local/lib/python3.7/site-packages/airflow/example_dags/example_params_trigger_ui.py for tasks to queue
[2023-08-13T20:16:39.089+0000] {logging_mixin.py:150} INFO - [2023-08-13T20:16:39.089+0000] {dagbag.py:541} INFO - Filling up the DagBag from /home/airflow/.local/lib/python3.7/site-packages/airflow/example_dags/example_params_trigger_ui.py
[2023-08-13T20:16:39.124+0000] {processor.py:836} INFO - DAG(s) dict_keys(['example_params_trigger_ui']) retrieved from /home/airflow/.local/lib/python3.7/site-packages/airflow/example_dags/example_params_trigger_ui.py
[2023-08-13T20:16:39.300+0000] {logging_mixin.py:150} INFO - [2023-08-13T20:16:39.299+0000] {dag.py:2742} INFO - Sync 1 DAGs
[2023-08-13T20:16:39.358+0000] {logging_mixin.py:150} INFO - [2023-08-13T20:16:39.357+0000] {dag.py:3508} INFO - Setting next_dagrun for example_params_trigger_ui to None, run_after=None
[2023-08-13T20:16:39.405+0000] {processor.py:179} INFO - Processing /home/airflow/.local/lib/python3.7/site-packages/airflow/example_dags/example_params_trigger_ui.py took 0.324 seconds
[2023-08-13T20:17:09.447+0000] {processor.py:157} INFO - Started process (PID=1500) to work on /home/airflow/.local/lib/python3.7/site-packages/airflow/example_dags/example_params_trigger_ui.py
[2023-08-13T20:17:09.448+0000] {processor.py:826} INFO - Processing file /home/airflow/.local/lib/python3.7/site-packages/airflow/example_dags/example_params_trigger_ui.py for tasks to queue
[2023-08-13T20:17:09.449+0000] {logging_mixin.py:150} INFO - [2023-08-13T20:17:09.448+0000] {dagbag.py:541} INFO - Filling up the DagBag from /home/airflow/.local/lib/python3.7/site-packages/airflow/example_dags/example_params_trigger_ui.py
[2023-08-13T20:17:09.469+0000] {processor.py:836} INFO - DAG(s) dict_keys(['example_params_trigger_ui']) retrieved from /home/airflow/.local/lib/python3.7/site-packages/airflow/example_dags/example_params_trigger_ui.py
[2023-08-13T20:17:09.575+0000] {logging_mixin.py:150} INFO - [2023-08-13T20:17:09.575+0000] {dag.py:2742} INFO - Sync 1 DAGs
[2023-08-13T20:17:09.605+0000] {logging_mixin.py:150} INFO - [2023-08-13T20:17:09.604+0000] {dag.py:3508} INFO - Setting next_dagrun for example_params_trigger_ui to None, run_after=None
[2023-08-13T20:17:09.632+0000] {processor.py:179} INFO - Processing /home/airflow/.local/lib/python3.7/site-packages/airflow/example_dags/example_params_trigger_ui.py took 0.188 seconds
[2023-08-13T20:17:39.885+0000] {processor.py:157} INFO - Started process (PID=1566) to work on /home/airflow/.local/lib/python3.7/site-packages/airflow/example_dags/example_params_trigger_ui.py
[2023-08-13T20:17:39.886+0000] {processor.py:826} INFO - Processing file /home/airflow/.local/lib/python3.7/site-packages/airflow/example_dags/example_params_trigger_ui.py for tasks to queue
[2023-08-13T20:17:39.887+0000] {logging_mixin.py:150} INFO - [2023-08-13T20:17:39.887+0000] {dagbag.py:541} INFO - Filling up the DagBag from /home/airflow/.local/lib/python3.7/site-packages/airflow/example_dags/example_params_trigger_ui.py
[2023-08-13T20:17:39.916+0000] {processor.py:836} INFO - DAG(s) dict_keys(['example_params_trigger_ui']) retrieved from /home/airflow/.local/lib/python3.7/site-packages/airflow/example_dags/example_params_trigger_ui.py
[2023-08-13T20:17:40.037+0000] {logging_mixin.py:150} INFO - [2023-08-13T20:17:40.036+0000] {dag.py:2742} INFO - Sync 1 DAGs
[2023-08-13T20:17:40.071+0000] {logging_mixin.py:150} INFO - [2023-08-13T20:17:40.071+0000] {dag.py:3508} INFO - Setting next_dagrun for example_params_trigger_ui to None, run_after=None
[2023-08-13T20:17:40.100+0000] {processor.py:179} INFO - Processing /home/airflow/.local/lib/python3.7/site-packages/airflow/example_dags/example_params_trigger_ui.py took 0.218 seconds
[2023-08-13T20:18:10.568+0000] {processor.py:157} INFO - Started process (PID=1633) to work on /home/airflow/.local/lib/python3.7/site-packages/airflow/example_dags/example_params_trigger_ui.py
[2023-08-13T20:18:10.569+0000] {processor.py:826} INFO - Processing file /home/airflow/.local/lib/python3.7/site-packages/airflow/example_dags/example_params_trigger_ui.py for tasks to queue
[2023-08-13T20:18:10.570+0000] {logging_mixin.py:150} INFO - [2023-08-13T20:18:10.570+0000] {dagbag.py:541} INFO - Filling up the DagBag from /home/airflow/.local/lib/python3.7/site-packages/airflow/example_dags/example_params_trigger_ui.py
[2023-08-13T20:18:10.590+0000] {processor.py:836} INFO - DAG(s) dict_keys(['example_params_trigger_ui']) retrieved from /home/airflow/.local/lib/python3.7/site-packages/airflow/example_dags/example_params_trigger_ui.py
[2023-08-13T20:18:10.683+0000] {logging_mixin.py:150} INFO - [2023-08-13T20:18:10.682+0000] {dag.py:2742} INFO - Sync 1 DAGs
[2023-08-13T20:18:10.716+0000] {logging_mixin.py:150} INFO - [2023-08-13T20:18:10.715+0000] {dag.py:3508} INFO - Setting next_dagrun for example_params_trigger_ui to None, run_after=None
[2023-08-13T20:18:10.741+0000] {processor.py:179} INFO - Processing /home/airflow/.local/lib/python3.7/site-packages/airflow/example_dags/example_params_trigger_ui.py took 0.176 seconds
[2023-08-13T20:18:40.835+0000] {processor.py:157} INFO - Started process (PID=1700) to work on /home/airflow/.local/lib/python3.7/site-packages/airflow/example_dags/example_params_trigger_ui.py
[2023-08-13T20:18:40.836+0000] {processor.py:826} INFO - Processing file /home/airflow/.local/lib/python3.7/site-packages/airflow/example_dags/example_params_trigger_ui.py for tasks to queue
[2023-08-13T20:18:40.838+0000] {logging_mixin.py:150} INFO - [2023-08-13T20:18:40.837+0000] {dagbag.py:541} INFO - Filling up the DagBag from /home/airflow/.local/lib/python3.7/site-packages/airflow/example_dags/example_params_trigger_ui.py
[2023-08-13T20:18:40.869+0000] {processor.py:836} INFO - DAG(s) dict_keys(['example_params_trigger_ui']) retrieved from /home/airflow/.local/lib/python3.7/site-packages/airflow/example_dags/example_params_trigger_ui.py
[2023-08-13T20:18:41.008+0000] {logging_mixin.py:150} INFO - [2023-08-13T20:18:41.007+0000] {dag.py:2742} INFO - Sync 1 DAGs
[2023-08-13T20:18:41.054+0000] {logging_mixin.py:150} INFO - [2023-08-13T20:18:41.054+0000] {dag.py:3508} INFO - Setting next_dagrun for example_params_trigger_ui to None, run_after=None
[2023-08-13T20:18:41.090+0000] {processor.py:179} INFO - Processing /home/airflow/.local/lib/python3.7/site-packages/airflow/example_dags/example_params_trigger_ui.py took 0.258 seconds
[2023-08-13T20:19:11.447+0000] {processor.py:157} INFO - Started process (PID=1765) to work on /home/airflow/.local/lib/python3.7/site-packages/airflow/example_dags/example_params_trigger_ui.py
[2023-08-13T20:19:11.449+0000] {processor.py:826} INFO - Processing file /home/airflow/.local/lib/python3.7/site-packages/airflow/example_dags/example_params_trigger_ui.py for tasks to queue
[2023-08-13T20:19:11.450+0000] {logging_mixin.py:150} INFO - [2023-08-13T20:19:11.450+0000] {dagbag.py:541} INFO - Filling up the DagBag from /home/airflow/.local/lib/python3.7/site-packages/airflow/example_dags/example_params_trigger_ui.py
[2023-08-13T20:19:11.475+0000] {processor.py:836} INFO - DAG(s) dict_keys(['example_params_trigger_ui']) retrieved from /home/airflow/.local/lib/python3.7/site-packages/airflow/example_dags/example_params_trigger_ui.py
[2023-08-13T20:19:11.571+0000] {logging_mixin.py:150} INFO - [2023-08-13T20:19:11.571+0000] {dag.py:2742} INFO - Sync 1 DAGs
[2023-08-13T20:19:11.607+0000] {logging_mixin.py:150} INFO - [2023-08-13T20:19:11.607+0000] {dag.py:3508} INFO - Setting next_dagrun for example_params_trigger_ui to None, run_after=None
[2023-08-13T20:19:11.634+0000] {processor.py:179} INFO - Processing /home/airflow/.local/lib/python3.7/site-packages/airflow/example_dags/example_params_trigger_ui.py took 0.190 seconds
[2023-08-13T20:19:42.116+0000] {processor.py:157} INFO - Started process (PID=1818) to work on /home/airflow/.local/lib/python3.7/site-packages/airflow/example_dags/example_params_trigger_ui.py
[2023-08-13T20:19:42.117+0000] {processor.py:826} INFO - Processing file /home/airflow/.local/lib/python3.7/site-packages/airflow/example_dags/example_params_trigger_ui.py for tasks to queue
[2023-08-13T20:19:42.119+0000] {logging_mixin.py:150} INFO - [2023-08-13T20:19:42.118+0000] {dagbag.py:541} INFO - Filling up the DagBag from /home/airflow/.local/lib/python3.7/site-packages/airflow/example_dags/example_params_trigger_ui.py
[2023-08-13T20:19:42.140+0000] {processor.py:836} INFO - DAG(s) dict_keys(['example_params_trigger_ui']) retrieved from /home/airflow/.local/lib/python3.7/site-packages/airflow/example_dags/example_params_trigger_ui.py
[2023-08-13T20:19:42.262+0000] {logging_mixin.py:150} INFO - [2023-08-13T20:19:42.261+0000] {dag.py:2742} INFO - Sync 1 DAGs
[2023-08-13T20:19:42.337+0000] {logging_mixin.py:150} INFO - [2023-08-13T20:19:42.337+0000] {dag.py:3508} INFO - Setting next_dagrun for example_params_trigger_ui to None, run_after=None
[2023-08-13T20:19:42.384+0000] {processor.py:179} INFO - Processing /home/airflow/.local/lib/python3.7/site-packages/airflow/example_dags/example_params_trigger_ui.py took 0.271 seconds
[2023-08-13T20:20:12.712+0000] {processor.py:157} INFO - Started process (PID=1884) to work on /home/airflow/.local/lib/python3.7/site-packages/airflow/example_dags/example_params_trigger_ui.py
[2023-08-13T20:20:12.714+0000] {processor.py:826} INFO - Processing file /home/airflow/.local/lib/python3.7/site-packages/airflow/example_dags/example_params_trigger_ui.py for tasks to queue
[2023-08-13T20:20:12.715+0000] {logging_mixin.py:150} INFO - [2023-08-13T20:20:12.715+0000] {dagbag.py:541} INFO - Filling up the DagBag from /home/airflow/.local/lib/python3.7/site-packages/airflow/example_dags/example_params_trigger_ui.py
[2023-08-13T20:20:12.746+0000] {processor.py:836} INFO - DAG(s) dict_keys(['example_params_trigger_ui']) retrieved from /home/airflow/.local/lib/python3.7/site-packages/airflow/example_dags/example_params_trigger_ui.py
[2023-08-13T20:20:12.883+0000] {logging_mixin.py:150} INFO - [2023-08-13T20:20:12.883+0000] {dag.py:2742} INFO - Sync 1 DAGs
[2023-08-13T20:20:12.921+0000] {logging_mixin.py:150} INFO - [2023-08-13T20:20:12.921+0000] {dag.py:3508} INFO - Setting next_dagrun for example_params_trigger_ui to None, run_after=None
[2023-08-13T20:20:12.951+0000] {processor.py:179} INFO - Processing /home/airflow/.local/lib/python3.7/site-packages/airflow/example_dags/example_params_trigger_ui.py took 0.242 seconds
[2023-08-13T20:20:43.532+0000] {processor.py:157} INFO - Started process (PID=1950) to work on /home/airflow/.local/lib/python3.7/site-packages/airflow/example_dags/example_params_trigger_ui.py
[2023-08-13T20:20:43.533+0000] {processor.py:826} INFO - Processing file /home/airflow/.local/lib/python3.7/site-packages/airflow/example_dags/example_params_trigger_ui.py for tasks to queue
[2023-08-13T20:20:43.534+0000] {logging_mixin.py:150} INFO - [2023-08-13T20:20:43.534+0000] {dagbag.py:541} INFO - Filling up the DagBag from /home/airflow/.local/lib/python3.7/site-packages/airflow/example_dags/example_params_trigger_ui.py
[2023-08-13T20:20:43.557+0000] {processor.py:836} INFO - DAG(s) dict_keys(['example_params_trigger_ui']) retrieved from /home/airflow/.local/lib/python3.7/site-packages/airflow/example_dags/example_params_trigger_ui.py
[2023-08-13T20:20:43.652+0000] {logging_mixin.py:150} INFO - [2023-08-13T20:20:43.651+0000] {dag.py:2742} INFO - Sync 1 DAGs
[2023-08-13T20:20:43.684+0000] {logging_mixin.py:150} INFO - [2023-08-13T20:20:43.684+0000] {dag.py:3508} INFO - Setting next_dagrun for example_params_trigger_ui to None, run_after=None
[2023-08-13T20:20:43.710+0000] {processor.py:179} INFO - Processing /home/airflow/.local/lib/python3.7/site-packages/airflow/example_dags/example_params_trigger_ui.py took 0.182 seconds
[2023-08-13T20:21:13.978+0000] {processor.py:157} INFO - Started process (PID=2016) to work on /home/airflow/.local/lib/python3.7/site-packages/airflow/example_dags/example_params_trigger_ui.py
[2023-08-13T20:21:13.979+0000] {processor.py:826} INFO - Processing file /home/airflow/.local/lib/python3.7/site-packages/airflow/example_dags/example_params_trigger_ui.py for tasks to queue
[2023-08-13T20:21:13.981+0000] {logging_mixin.py:150} INFO - [2023-08-13T20:21:13.980+0000] {dagbag.py:541} INFO - Filling up the DagBag from /home/airflow/.local/lib/python3.7/site-packages/airflow/example_dags/example_params_trigger_ui.py
[2023-08-13T20:21:14.008+0000] {processor.py:836} INFO - DAG(s) dict_keys(['example_params_trigger_ui']) retrieved from /home/airflow/.local/lib/python3.7/site-packages/airflow/example_dags/example_params_trigger_ui.py
[2023-08-13T20:21:14.144+0000] {logging_mixin.py:150} INFO - [2023-08-13T20:21:14.143+0000] {dag.py:2742} INFO - Sync 1 DAGs
[2023-08-13T20:21:14.189+0000] {logging_mixin.py:150} INFO - [2023-08-13T20:21:14.189+0000] {dag.py:3508} INFO - Setting next_dagrun for example_params_trigger_ui to None, run_after=None
[2023-08-13T20:21:14.217+0000] {processor.py:179} INFO - Processing /home/airflow/.local/lib/python3.7/site-packages/airflow/example_dags/example_params_trigger_ui.py took 0.243 seconds
[2023-08-13T20:21:44.366+0000] {processor.py:157} INFO - Started process (PID=2082) to work on /home/airflow/.local/lib/python3.7/site-packages/airflow/example_dags/example_params_trigger_ui.py
[2023-08-13T20:21:44.368+0000] {processor.py:826} INFO - Processing file /home/airflow/.local/lib/python3.7/site-packages/airflow/example_dags/example_params_trigger_ui.py for tasks to queue
[2023-08-13T20:21:44.369+0000] {logging_mixin.py:150} INFO - [2023-08-13T20:21:44.369+0000] {dagbag.py:541} INFO - Filling up the DagBag from /home/airflow/.local/lib/python3.7/site-packages/airflow/example_dags/example_params_trigger_ui.py
[2023-08-13T20:21:44.393+0000] {processor.py:836} INFO - DAG(s) dict_keys(['example_params_trigger_ui']) retrieved from /home/airflow/.local/lib/python3.7/site-packages/airflow/example_dags/example_params_trigger_ui.py
[2023-08-13T20:21:44.491+0000] {logging_mixin.py:150} INFO - [2023-08-13T20:21:44.491+0000] {dag.py:2742} INFO - Sync 1 DAGs
[2023-08-13T20:21:44.526+0000] {logging_mixin.py:150} INFO - [2023-08-13T20:21:44.525+0000] {dag.py:3508} INFO - Setting next_dagrun for example_params_trigger_ui to None, run_after=None
[2023-08-13T20:21:44.552+0000] {processor.py:179} INFO - Processing /home/airflow/.local/lib/python3.7/site-packages/airflow/example_dags/example_params_trigger_ui.py took 0.189 seconds
[2023-08-13T20:22:14.771+0000] {processor.py:157} INFO - Started process (PID=2149) to work on /home/airflow/.local/lib/python3.7/site-packages/airflow/example_dags/example_params_trigger_ui.py
[2023-08-13T20:22:14.773+0000] {processor.py:826} INFO - Processing file /home/airflow/.local/lib/python3.7/site-packages/airflow/example_dags/example_params_trigger_ui.py for tasks to queue
[2023-08-13T20:22:14.774+0000] {logging_mixin.py:150} INFO - [2023-08-13T20:22:14.774+0000] {dagbag.py:541} INFO - Filling up the DagBag from /home/airflow/.local/lib/python3.7/site-packages/airflow/example_dags/example_params_trigger_ui.py
[2023-08-13T20:22:14.803+0000] {processor.py:836} INFO - DAG(s) dict_keys(['example_params_trigger_ui']) retrieved from /home/airflow/.local/lib/python3.7/site-packages/airflow/example_dags/example_params_trigger_ui.py
[2023-08-13T20:22:14.899+0000] {logging_mixin.py:150} INFO - [2023-08-13T20:22:14.898+0000] {dag.py:2742} INFO - Sync 1 DAGs
[2023-08-13T20:22:14.932+0000] {logging_mixin.py:150} INFO - [2023-08-13T20:22:14.932+0000] {dag.py:3508} INFO - Setting next_dagrun for example_params_trigger_ui to None, run_after=None
[2023-08-13T20:22:14.960+0000] {processor.py:179} INFO - Processing /home/airflow/.local/lib/python3.7/site-packages/airflow/example_dags/example_params_trigger_ui.py took 0.193 seconds
[2023-08-13T20:22:45.622+0000] {processor.py:157} INFO - Started process (PID=2215) to work on /home/airflow/.local/lib/python3.7/site-packages/airflow/example_dags/example_params_trigger_ui.py
[2023-08-13T20:22:45.624+0000] {processor.py:826} INFO - Processing file /home/airflow/.local/lib/python3.7/site-packages/airflow/example_dags/example_params_trigger_ui.py for tasks to queue
[2023-08-13T20:22:45.625+0000] {logging_mixin.py:150} INFO - [2023-08-13T20:22:45.624+0000] {dagbag.py:541} INFO - Filling up the DagBag from /home/airflow/.local/lib/python3.7/site-packages/airflow/example_dags/example_params_trigger_ui.py
[2023-08-13T20:22:45.646+0000] {processor.py:836} INFO - DAG(s) dict_keys(['example_params_trigger_ui']) retrieved from /home/airflow/.local/lib/python3.7/site-packages/airflow/example_dags/example_params_trigger_ui.py
[2023-08-13T20:22:45.762+0000] {logging_mixin.py:150} INFO - [2023-08-13T20:22:45.762+0000] {dag.py:2742} INFO - Sync 1 DAGs
[2023-08-13T20:22:45.800+0000] {logging_mixin.py:150} INFO - [2023-08-13T20:22:45.799+0000] {dag.py:3508} INFO - Setting next_dagrun for example_params_trigger_ui to None, run_after=None
[2023-08-13T20:22:45.828+0000] {processor.py:179} INFO - Processing /home/airflow/.local/lib/python3.7/site-packages/airflow/example_dags/example_params_trigger_ui.py took 0.210 seconds
[2023-08-13T20:23:16.045+0000] {processor.py:157} INFO - Started process (PID=2281) to work on /home/airflow/.local/lib/python3.7/site-packages/airflow/example_dags/example_params_trigger_ui.py
[2023-08-13T20:23:16.047+0000] {processor.py:826} INFO - Processing file /home/airflow/.local/lib/python3.7/site-packages/airflow/example_dags/example_params_trigger_ui.py for tasks to queue
[2023-08-13T20:23:16.048+0000] {logging_mixin.py:150} INFO - [2023-08-13T20:23:16.048+0000] {dagbag.py:541} INFO - Filling up the DagBag from /home/airflow/.local/lib/python3.7/site-packages/airflow/example_dags/example_params_trigger_ui.py
[2023-08-13T20:23:16.081+0000] {processor.py:836} INFO - DAG(s) dict_keys(['example_params_trigger_ui']) retrieved from /home/airflow/.local/lib/python3.7/site-packages/airflow/example_dags/example_params_trigger_ui.py
[2023-08-13T20:23:16.238+0000] {logging_mixin.py:150} INFO - [2023-08-13T20:23:16.238+0000] {dag.py:2742} INFO - Sync 1 DAGs
[2023-08-13T20:23:16.276+0000] {logging_mixin.py:150} INFO - [2023-08-13T20:23:16.276+0000] {dag.py:3508} INFO - Setting next_dagrun for example_params_trigger_ui to None, run_after=None
[2023-08-13T20:23:16.306+0000] {processor.py:179} INFO - Processing /home/airflow/.local/lib/python3.7/site-packages/airflow/example_dags/example_params_trigger_ui.py took 0.265 seconds
