[2023-08-13T18:41:11.790+0000] {processor.py:157} INFO - Started process (PID=65) to work on /home/airflow/.local/lib/python3.7/site-packages/airflow/example_dags/example_local_kubernetes_executor.py
[2023-08-13T18:41:11.791+0000] {processor.py:826} INFO - Processing file /home/airflow/.local/lib/python3.7/site-packages/airflow/example_dags/example_local_kubernetes_executor.py for tasks to queue
[2023-08-13T18:41:11.792+0000] {logging_mixin.py:150} INFO - [2023-08-13T18:41:11.792+0000] {dagbag.py:541} INFO - Filling up the DagBag from /home/airflow/.local/lib/python3.7/site-packages/airflow/example_dags/example_local_kubernetes_executor.py
[2023-08-13T18:41:12.112+0000] {processor.py:836} INFO - DAG(s) dict_keys(['example_local_kubernetes_executor']) retrieved from /home/airflow/.local/lib/python3.7/site-packages/airflow/example_dags/example_local_kubernetes_executor.py
[2023-08-13T18:41:12.181+0000] {logging_mixin.py:150} INFO - [2023-08-13T18:41:12.181+0000] {dag.py:2742} INFO - Sync 1 DAGs
[2023-08-13T18:41:12.288+0000] {logging_mixin.py:150} INFO - [2023-08-13T18:41:12.288+0000] {dag.py:3508} INFO - Setting next_dagrun for example_local_kubernetes_executor to None, run_after=None
[2023-08-13T18:41:12.343+0000] {processor.py:179} INFO - Processing /home/airflow/.local/lib/python3.7/site-packages/airflow/example_dags/example_local_kubernetes_executor.py took 0.557 seconds
[2023-08-13T18:41:42.753+0000] {processor.py:157} INFO - Started process (PID=130) to work on /home/airflow/.local/lib/python3.7/site-packages/airflow/example_dags/example_local_kubernetes_executor.py
[2023-08-13T18:41:42.754+0000] {processor.py:826} INFO - Processing file /home/airflow/.local/lib/python3.7/site-packages/airflow/example_dags/example_local_kubernetes_executor.py for tasks to queue
[2023-08-13T18:41:42.754+0000] {logging_mixin.py:150} INFO - [2023-08-13T18:41:42.754+0000] {dagbag.py:541} INFO - Filling up the DagBag from /home/airflow/.local/lib/python3.7/site-packages/airflow/example_dags/example_local_kubernetes_executor.py
[2023-08-13T18:41:42.941+0000] {processor.py:836} INFO - DAG(s) dict_keys(['example_local_kubernetes_executor']) retrieved from /home/airflow/.local/lib/python3.7/site-packages/airflow/example_dags/example_local_kubernetes_executor.py
[2023-08-13T18:41:42.974+0000] {logging_mixin.py:150} INFO - [2023-08-13T18:41:42.974+0000] {dag.py:2742} INFO - Sync 1 DAGs
[2023-08-13T18:41:43.000+0000] {logging_mixin.py:150} INFO - [2023-08-13T18:41:43.000+0000] {dag.py:3508} INFO - Setting next_dagrun for example_local_kubernetes_executor to None, run_after=None
[2023-08-13T18:41:43.018+0000] {processor.py:179} INFO - Processing /home/airflow/.local/lib/python3.7/site-packages/airflow/example_dags/example_local_kubernetes_executor.py took 0.268 seconds
[2023-08-13T18:42:13.275+0000] {processor.py:157} INFO - Started process (PID=195) to work on /home/airflow/.local/lib/python3.7/site-packages/airflow/example_dags/example_local_kubernetes_executor.py
[2023-08-13T18:42:13.276+0000] {processor.py:826} INFO - Processing file /home/airflow/.local/lib/python3.7/site-packages/airflow/example_dags/example_local_kubernetes_executor.py for tasks to queue
[2023-08-13T18:42:13.278+0000] {logging_mixin.py:150} INFO - [2023-08-13T18:42:13.277+0000] {dagbag.py:541} INFO - Filling up the DagBag from /home/airflow/.local/lib/python3.7/site-packages/airflow/example_dags/example_local_kubernetes_executor.py
[2023-08-13T18:42:13.739+0000] {processor.py:836} INFO - DAG(s) dict_keys(['example_local_kubernetes_executor']) retrieved from /home/airflow/.local/lib/python3.7/site-packages/airflow/example_dags/example_local_kubernetes_executor.py
[2023-08-13T18:42:13.800+0000] {logging_mixin.py:150} INFO - [2023-08-13T18:42:13.800+0000] {dag.py:2742} INFO - Sync 1 DAGs
[2023-08-13T18:42:13.845+0000] {logging_mixin.py:150} INFO - [2023-08-13T18:42:13.844+0000] {dag.py:3508} INFO - Setting next_dagrun for example_local_kubernetes_executor to None, run_after=None
[2023-08-13T18:42:13.886+0000] {processor.py:179} INFO - Processing /home/airflow/.local/lib/python3.7/site-packages/airflow/example_dags/example_local_kubernetes_executor.py took 0.619 seconds
[2023-08-13T18:42:44.508+0000] {processor.py:157} INFO - Started process (PID=260) to work on /home/airflow/.local/lib/python3.7/site-packages/airflow/example_dags/example_local_kubernetes_executor.py
[2023-08-13T18:42:44.509+0000] {processor.py:826} INFO - Processing file /home/airflow/.local/lib/python3.7/site-packages/airflow/example_dags/example_local_kubernetes_executor.py for tasks to queue
[2023-08-13T18:42:44.511+0000] {logging_mixin.py:150} INFO - [2023-08-13T18:42:44.510+0000] {dagbag.py:541} INFO - Filling up the DagBag from /home/airflow/.local/lib/python3.7/site-packages/airflow/example_dags/example_local_kubernetes_executor.py
[2023-08-13T18:42:44.717+0000] {processor.py:836} INFO - DAG(s) dict_keys(['example_local_kubernetes_executor']) retrieved from /home/airflow/.local/lib/python3.7/site-packages/airflow/example_dags/example_local_kubernetes_executor.py
[2023-08-13T18:42:44.755+0000] {logging_mixin.py:150} INFO - [2023-08-13T18:42:44.754+0000] {dag.py:2742} INFO - Sync 1 DAGs
[2023-08-13T18:42:44.781+0000] {logging_mixin.py:150} INFO - [2023-08-13T18:42:44.781+0000] {dag.py:3508} INFO - Setting next_dagrun for example_local_kubernetes_executor to None, run_after=None
[2023-08-13T18:42:44.806+0000] {processor.py:179} INFO - Processing /home/airflow/.local/lib/python3.7/site-packages/airflow/example_dags/example_local_kubernetes_executor.py took 0.303 seconds
[2023-08-13T18:43:16.520+0000] {processor.py:157} INFO - Started process (PID=325) to work on /home/airflow/.local/lib/python3.7/site-packages/airflow/example_dags/example_local_kubernetes_executor.py
[2023-08-13T18:43:16.522+0000] {processor.py:826} INFO - Processing file /home/airflow/.local/lib/python3.7/site-packages/airflow/example_dags/example_local_kubernetes_executor.py for tasks to queue
[2023-08-13T18:43:16.524+0000] {logging_mixin.py:150} INFO - [2023-08-13T18:43:16.523+0000] {dagbag.py:541} INFO - Filling up the DagBag from /home/airflow/.local/lib/python3.7/site-packages/airflow/example_dags/example_local_kubernetes_executor.py
[2023-08-13T18:43:17.027+0000] {processor.py:836} INFO - DAG(s) dict_keys(['example_local_kubernetes_executor']) retrieved from /home/airflow/.local/lib/python3.7/site-packages/airflow/example_dags/example_local_kubernetes_executor.py
[2023-08-13T18:43:17.118+0000] {logging_mixin.py:150} INFO - [2023-08-13T18:43:17.117+0000] {dag.py:2742} INFO - Sync 1 DAGs
[2023-08-13T18:43:17.174+0000] {logging_mixin.py:150} INFO - [2023-08-13T18:43:17.173+0000] {dag.py:3508} INFO - Setting next_dagrun for example_local_kubernetes_executor to None, run_after=None
[2023-08-13T18:43:17.220+0000] {processor.py:179} INFO - Processing /home/airflow/.local/lib/python3.7/site-packages/airflow/example_dags/example_local_kubernetes_executor.py took 0.707 seconds
[2023-08-13T18:43:47.396+0000] {processor.py:157} INFO - Started process (PID=392) to work on /home/airflow/.local/lib/python3.7/site-packages/airflow/example_dags/example_local_kubernetes_executor.py
[2023-08-13T18:43:47.398+0000] {processor.py:826} INFO - Processing file /home/airflow/.local/lib/python3.7/site-packages/airflow/example_dags/example_local_kubernetes_executor.py for tasks to queue
[2023-08-13T18:43:47.400+0000] {logging_mixin.py:150} INFO - [2023-08-13T18:43:47.399+0000] {dagbag.py:541} INFO - Filling up the DagBag from /home/airflow/.local/lib/python3.7/site-packages/airflow/example_dags/example_local_kubernetes_executor.py
[2023-08-13T18:43:47.923+0000] {processor.py:836} INFO - DAG(s) dict_keys(['example_local_kubernetes_executor']) retrieved from /home/airflow/.local/lib/python3.7/site-packages/airflow/example_dags/example_local_kubernetes_executor.py
[2023-08-13T18:43:47.983+0000] {logging_mixin.py:150} INFO - [2023-08-13T18:43:47.982+0000] {dag.py:2742} INFO - Sync 1 DAGs
[2023-08-13T18:43:48.040+0000] {logging_mixin.py:150} INFO - [2023-08-13T18:43:48.040+0000] {dag.py:3508} INFO - Setting next_dagrun for example_local_kubernetes_executor to None, run_after=None
[2023-08-13T18:43:48.083+0000] {processor.py:179} INFO - Processing /home/airflow/.local/lib/python3.7/site-packages/airflow/example_dags/example_local_kubernetes_executor.py took 0.695 seconds
[2023-08-13T18:44:18.894+0000] {processor.py:157} INFO - Started process (PID=459) to work on /home/airflow/.local/lib/python3.7/site-packages/airflow/example_dags/example_local_kubernetes_executor.py
[2023-08-13T18:44:18.895+0000] {processor.py:826} INFO - Processing file /home/airflow/.local/lib/python3.7/site-packages/airflow/example_dags/example_local_kubernetes_executor.py for tasks to queue
[2023-08-13T18:44:18.897+0000] {logging_mixin.py:150} INFO - [2023-08-13T18:44:18.896+0000] {dagbag.py:541} INFO - Filling up the DagBag from /home/airflow/.local/lib/python3.7/site-packages/airflow/example_dags/example_local_kubernetes_executor.py
[2023-08-13T18:44:19.212+0000] {processor.py:836} INFO - DAG(s) dict_keys(['example_local_kubernetes_executor']) retrieved from /home/airflow/.local/lib/python3.7/site-packages/airflow/example_dags/example_local_kubernetes_executor.py
[2023-08-13T18:44:19.282+0000] {logging_mixin.py:150} INFO - [2023-08-13T18:44:19.282+0000] {dag.py:2742} INFO - Sync 1 DAGs
[2023-08-13T18:44:19.328+0000] {logging_mixin.py:150} INFO - [2023-08-13T18:44:19.328+0000] {dag.py:3508} INFO - Setting next_dagrun for example_local_kubernetes_executor to None, run_after=None
[2023-08-13T18:44:19.355+0000] {processor.py:179} INFO - Processing /home/airflow/.local/lib/python3.7/site-packages/airflow/example_dags/example_local_kubernetes_executor.py took 0.465 seconds
[2023-08-13T18:44:49.785+0000] {processor.py:157} INFO - Started process (PID=523) to work on /home/airflow/.local/lib/python3.7/site-packages/airflow/example_dags/example_local_kubernetes_executor.py
[2023-08-13T18:44:49.787+0000] {processor.py:826} INFO - Processing file /home/airflow/.local/lib/python3.7/site-packages/airflow/example_dags/example_local_kubernetes_executor.py for tasks to queue
[2023-08-13T18:44:49.788+0000] {logging_mixin.py:150} INFO - [2023-08-13T18:44:49.787+0000] {dagbag.py:541} INFO - Filling up the DagBag from /home/airflow/.local/lib/python3.7/site-packages/airflow/example_dags/example_local_kubernetes_executor.py
[2023-08-13T18:44:50.069+0000] {processor.py:836} INFO - DAG(s) dict_keys(['example_local_kubernetes_executor']) retrieved from /home/airflow/.local/lib/python3.7/site-packages/airflow/example_dags/example_local_kubernetes_executor.py
[2023-08-13T18:44:50.121+0000] {logging_mixin.py:150} INFO - [2023-08-13T18:44:50.121+0000] {dag.py:2742} INFO - Sync 1 DAGs
[2023-08-13T18:44:50.164+0000] {logging_mixin.py:150} INFO - [2023-08-13T18:44:50.163+0000] {dag.py:3508} INFO - Setting next_dagrun for example_local_kubernetes_executor to None, run_after=None
[2023-08-13T18:44:50.215+0000] {processor.py:179} INFO - Processing /home/airflow/.local/lib/python3.7/site-packages/airflow/example_dags/example_local_kubernetes_executor.py took 0.434 seconds
[2023-08-13T18:45:22.456+0000] {processor.py:157} INFO - Started process (PID=589) to work on /home/airflow/.local/lib/python3.7/site-packages/airflow/example_dags/example_local_kubernetes_executor.py
[2023-08-13T18:45:22.457+0000] {processor.py:826} INFO - Processing file /home/airflow/.local/lib/python3.7/site-packages/airflow/example_dags/example_local_kubernetes_executor.py for tasks to queue
[2023-08-13T18:45:22.458+0000] {logging_mixin.py:150} INFO - [2023-08-13T18:45:22.458+0000] {dagbag.py:541} INFO - Filling up the DagBag from /home/airflow/.local/lib/python3.7/site-packages/airflow/example_dags/example_local_kubernetes_executor.py
[2023-08-13T18:45:23.493+0000] {processor.py:836} INFO - DAG(s) dict_keys(['example_local_kubernetes_executor']) retrieved from /home/airflow/.local/lib/python3.7/site-packages/airflow/example_dags/example_local_kubernetes_executor.py
[2023-08-13T18:45:23.802+0000] {logging_mixin.py:150} INFO - [2023-08-13T18:45:23.801+0000] {dag.py:2742} INFO - Sync 1 DAGs
[2023-08-13T18:45:23.845+0000] {logging_mixin.py:150} INFO - [2023-08-13T18:45:23.845+0000] {dag.py:3508} INFO - Setting next_dagrun for example_local_kubernetes_executor to None, run_after=None
[2023-08-13T18:45:23.881+0000] {processor.py:179} INFO - Processing /home/airflow/.local/lib/python3.7/site-packages/airflow/example_dags/example_local_kubernetes_executor.py took 1.430 seconds
[2023-08-13T18:45:54.575+0000] {processor.py:157} INFO - Started process (PID=654) to work on /home/airflow/.local/lib/python3.7/site-packages/airflow/example_dags/example_local_kubernetes_executor.py
[2023-08-13T18:45:54.576+0000] {processor.py:826} INFO - Processing file /home/airflow/.local/lib/python3.7/site-packages/airflow/example_dags/example_local_kubernetes_executor.py for tasks to queue
[2023-08-13T18:45:54.577+0000] {logging_mixin.py:150} INFO - [2023-08-13T18:45:54.576+0000] {dagbag.py:541} INFO - Filling up the DagBag from /home/airflow/.local/lib/python3.7/site-packages/airflow/example_dags/example_local_kubernetes_executor.py
[2023-08-13T18:45:54.821+0000] {processor.py:836} INFO - DAG(s) dict_keys(['example_local_kubernetes_executor']) retrieved from /home/airflow/.local/lib/python3.7/site-packages/airflow/example_dags/example_local_kubernetes_executor.py
[2023-08-13T18:45:54.876+0000] {logging_mixin.py:150} INFO - [2023-08-13T18:45:54.875+0000] {dag.py:2742} INFO - Sync 1 DAGs
[2023-08-13T18:45:54.914+0000] {logging_mixin.py:150} INFO - [2023-08-13T18:45:54.914+0000] {dag.py:3508} INFO - Setting next_dagrun for example_local_kubernetes_executor to None, run_after=None
[2023-08-13T18:45:54.949+0000] {processor.py:179} INFO - Processing /home/airflow/.local/lib/python3.7/site-packages/airflow/example_dags/example_local_kubernetes_executor.py took 0.377 seconds
[2023-08-13T18:46:25.140+0000] {processor.py:157} INFO - Started process (PID=721) to work on /home/airflow/.local/lib/python3.7/site-packages/airflow/example_dags/example_local_kubernetes_executor.py
[2023-08-13T18:46:25.141+0000] {processor.py:826} INFO - Processing file /home/airflow/.local/lib/python3.7/site-packages/airflow/example_dags/example_local_kubernetes_executor.py for tasks to queue
[2023-08-13T18:46:25.143+0000] {logging_mixin.py:150} INFO - [2023-08-13T18:46:25.142+0000] {dagbag.py:541} INFO - Filling up the DagBag from /home/airflow/.local/lib/python3.7/site-packages/airflow/example_dags/example_local_kubernetes_executor.py
[2023-08-13T18:46:25.384+0000] {processor.py:836} INFO - DAG(s) dict_keys(['example_local_kubernetes_executor']) retrieved from /home/airflow/.local/lib/python3.7/site-packages/airflow/example_dags/example_local_kubernetes_executor.py
[2023-08-13T18:46:25.420+0000] {logging_mixin.py:150} INFO - [2023-08-13T18:46:25.420+0000] {dag.py:2742} INFO - Sync 1 DAGs
[2023-08-13T18:46:25.451+0000] {logging_mixin.py:150} INFO - [2023-08-13T18:46:25.450+0000] {dag.py:3508} INFO - Setting next_dagrun for example_local_kubernetes_executor to None, run_after=None
[2023-08-13T18:46:25.475+0000] {processor.py:179} INFO - Processing /home/airflow/.local/lib/python3.7/site-packages/airflow/example_dags/example_local_kubernetes_executor.py took 0.337 seconds
[2023-08-13T18:46:55.527+0000] {processor.py:157} INFO - Started process (PID=789) to work on /home/airflow/.local/lib/python3.7/site-packages/airflow/example_dags/example_local_kubernetes_executor.py
[2023-08-13T18:46:55.529+0000] {processor.py:826} INFO - Processing file /home/airflow/.local/lib/python3.7/site-packages/airflow/example_dags/example_local_kubernetes_executor.py for tasks to queue
[2023-08-13T18:46:55.530+0000] {logging_mixin.py:150} INFO - [2023-08-13T18:46:55.530+0000] {dagbag.py:541} INFO - Filling up the DagBag from /home/airflow/.local/lib/python3.7/site-packages/airflow/example_dags/example_local_kubernetes_executor.py
[2023-08-13T18:46:55.761+0000] {processor.py:836} INFO - DAG(s) dict_keys(['example_local_kubernetes_executor']) retrieved from /home/airflow/.local/lib/python3.7/site-packages/airflow/example_dags/example_local_kubernetes_executor.py
[2023-08-13T18:46:55.796+0000] {logging_mixin.py:150} INFO - [2023-08-13T18:46:55.795+0000] {dag.py:2742} INFO - Sync 1 DAGs
[2023-08-13T18:46:55.825+0000] {logging_mixin.py:150} INFO - [2023-08-13T18:46:55.825+0000] {dag.py:3508} INFO - Setting next_dagrun for example_local_kubernetes_executor to None, run_after=None
[2023-08-13T18:46:55.852+0000] {processor.py:179} INFO - Processing /home/airflow/.local/lib/python3.7/site-packages/airflow/example_dags/example_local_kubernetes_executor.py took 0.329 seconds
[2023-08-13T18:47:26.094+0000] {processor.py:157} INFO - Started process (PID=849) to work on /home/airflow/.local/lib/python3.7/site-packages/airflow/example_dags/example_local_kubernetes_executor.py
[2023-08-13T18:47:26.095+0000] {processor.py:826} INFO - Processing file /home/airflow/.local/lib/python3.7/site-packages/airflow/example_dags/example_local_kubernetes_executor.py for tasks to queue
[2023-08-13T18:47:26.096+0000] {logging_mixin.py:150} INFO - [2023-08-13T18:47:26.096+0000] {dagbag.py:541} INFO - Filling up the DagBag from /home/airflow/.local/lib/python3.7/site-packages/airflow/example_dags/example_local_kubernetes_executor.py
[2023-08-13T18:47:26.306+0000] {processor.py:836} INFO - DAG(s) dict_keys(['example_local_kubernetes_executor']) retrieved from /home/airflow/.local/lib/python3.7/site-packages/airflow/example_dags/example_local_kubernetes_executor.py
[2023-08-13T18:47:26.348+0000] {logging_mixin.py:150} INFO - [2023-08-13T18:47:26.348+0000] {dag.py:2742} INFO - Sync 1 DAGs
[2023-08-13T18:47:26.391+0000] {logging_mixin.py:150} INFO - [2023-08-13T18:47:26.391+0000] {dag.py:3508} INFO - Setting next_dagrun for example_local_kubernetes_executor to None, run_after=None
[2023-08-13T18:47:26.430+0000] {processor.py:179} INFO - Processing /home/airflow/.local/lib/python3.7/site-packages/airflow/example_dags/example_local_kubernetes_executor.py took 0.338 seconds
[2023-08-13T18:47:56.727+0000] {processor.py:157} INFO - Started process (PID=914) to work on /home/airflow/.local/lib/python3.7/site-packages/airflow/example_dags/example_local_kubernetes_executor.py
[2023-08-13T18:47:56.729+0000] {processor.py:826} INFO - Processing file /home/airflow/.local/lib/python3.7/site-packages/airflow/example_dags/example_local_kubernetes_executor.py for tasks to queue
[2023-08-13T18:47:56.731+0000] {logging_mixin.py:150} INFO - [2023-08-13T18:47:56.731+0000] {dagbag.py:541} INFO - Filling up the DagBag from /home/airflow/.local/lib/python3.7/site-packages/airflow/example_dags/example_local_kubernetes_executor.py
[2023-08-13T18:47:57.058+0000] {processor.py:836} INFO - DAG(s) dict_keys(['example_local_kubernetes_executor']) retrieved from /home/airflow/.local/lib/python3.7/site-packages/airflow/example_dags/example_local_kubernetes_executor.py
[2023-08-13T18:47:57.109+0000] {logging_mixin.py:150} INFO - [2023-08-13T18:47:57.109+0000] {dag.py:2742} INFO - Sync 1 DAGs
[2023-08-13T18:47:57.159+0000] {logging_mixin.py:150} INFO - [2023-08-13T18:47:57.158+0000] {dag.py:3508} INFO - Setting next_dagrun for example_local_kubernetes_executor to None, run_after=None
[2023-08-13T18:47:57.192+0000] {processor.py:179} INFO - Processing /home/airflow/.local/lib/python3.7/site-packages/airflow/example_dags/example_local_kubernetes_executor.py took 0.469 seconds
[2023-08-13T18:48:27.449+0000] {processor.py:157} INFO - Started process (PID=979) to work on /home/airflow/.local/lib/python3.7/site-packages/airflow/example_dags/example_local_kubernetes_executor.py
[2023-08-13T18:48:27.450+0000] {processor.py:826} INFO - Processing file /home/airflow/.local/lib/python3.7/site-packages/airflow/example_dags/example_local_kubernetes_executor.py for tasks to queue
[2023-08-13T18:48:27.451+0000] {logging_mixin.py:150} INFO - [2023-08-13T18:48:27.450+0000] {dagbag.py:541} INFO - Filling up the DagBag from /home/airflow/.local/lib/python3.7/site-packages/airflow/example_dags/example_local_kubernetes_executor.py
[2023-08-13T18:48:27.676+0000] {processor.py:836} INFO - DAG(s) dict_keys(['example_local_kubernetes_executor']) retrieved from /home/airflow/.local/lib/python3.7/site-packages/airflow/example_dags/example_local_kubernetes_executor.py
[2023-08-13T18:48:27.714+0000] {logging_mixin.py:150} INFO - [2023-08-13T18:48:27.714+0000] {dag.py:2742} INFO - Sync 1 DAGs
[2023-08-13T18:48:27.744+0000] {logging_mixin.py:150} INFO - [2023-08-13T18:48:27.744+0000] {dag.py:3508} INFO - Setting next_dagrun for example_local_kubernetes_executor to None, run_after=None
[2023-08-13T18:48:27.773+0000] {processor.py:179} INFO - Processing /home/airflow/.local/lib/python3.7/site-packages/airflow/example_dags/example_local_kubernetes_executor.py took 0.328 seconds
[2023-08-13T18:48:57.884+0000] {processor.py:157} INFO - Started process (PID=1046) to work on /home/airflow/.local/lib/python3.7/site-packages/airflow/example_dags/example_local_kubernetes_executor.py
[2023-08-13T18:48:57.886+0000] {processor.py:826} INFO - Processing file /home/airflow/.local/lib/python3.7/site-packages/airflow/example_dags/example_local_kubernetes_executor.py for tasks to queue
[2023-08-13T18:48:57.887+0000] {logging_mixin.py:150} INFO - [2023-08-13T18:48:57.887+0000] {dagbag.py:541} INFO - Filling up the DagBag from /home/airflow/.local/lib/python3.7/site-packages/airflow/example_dags/example_local_kubernetes_executor.py
[2023-08-13T18:48:58.121+0000] {processor.py:836} INFO - DAG(s) dict_keys(['example_local_kubernetes_executor']) retrieved from /home/airflow/.local/lib/python3.7/site-packages/airflow/example_dags/example_local_kubernetes_executor.py
[2023-08-13T18:48:58.155+0000] {logging_mixin.py:150} INFO - [2023-08-13T18:48:58.154+0000] {dag.py:2742} INFO - Sync 1 DAGs
[2023-08-13T18:48:58.176+0000] {logging_mixin.py:150} INFO - [2023-08-13T18:48:58.176+0000] {dag.py:3508} INFO - Setting next_dagrun for example_local_kubernetes_executor to None, run_after=None
[2023-08-13T18:48:58.196+0000] {processor.py:179} INFO - Processing /home/airflow/.local/lib/python3.7/site-packages/airflow/example_dags/example_local_kubernetes_executor.py took 0.315 seconds
[2023-08-13T18:49:28.251+0000] {processor.py:157} INFO - Started process (PID=1109) to work on /home/airflow/.local/lib/python3.7/site-packages/airflow/example_dags/example_local_kubernetes_executor.py
[2023-08-13T18:49:28.252+0000] {processor.py:826} INFO - Processing file /home/airflow/.local/lib/python3.7/site-packages/airflow/example_dags/example_local_kubernetes_executor.py for tasks to queue
[2023-08-13T18:49:28.254+0000] {logging_mixin.py:150} INFO - [2023-08-13T18:49:28.253+0000] {dagbag.py:541} INFO - Filling up the DagBag from /home/airflow/.local/lib/python3.7/site-packages/airflow/example_dags/example_local_kubernetes_executor.py
[2023-08-13T18:49:28.566+0000] {processor.py:836} INFO - DAG(s) dict_keys(['example_local_kubernetes_executor']) retrieved from /home/airflow/.local/lib/python3.7/site-packages/airflow/example_dags/example_local_kubernetes_executor.py
[2023-08-13T18:49:28.620+0000] {logging_mixin.py:150} INFO - [2023-08-13T18:49:28.619+0000] {dag.py:2742} INFO - Sync 1 DAGs
[2023-08-13T18:49:28.670+0000] {logging_mixin.py:150} INFO - [2023-08-13T18:49:28.670+0000] {dag.py:3508} INFO - Setting next_dagrun for example_local_kubernetes_executor to None, run_after=None
[2023-08-13T18:49:28.708+0000] {processor.py:179} INFO - Processing /home/airflow/.local/lib/python3.7/site-packages/airflow/example_dags/example_local_kubernetes_executor.py took 0.461 seconds
[2023-08-13T18:49:59.107+0000] {processor.py:157} INFO - Started process (PID=1174) to work on /home/airflow/.local/lib/python3.7/site-packages/airflow/example_dags/example_local_kubernetes_executor.py
[2023-08-13T18:49:59.108+0000] {processor.py:826} INFO - Processing file /home/airflow/.local/lib/python3.7/site-packages/airflow/example_dags/example_local_kubernetes_executor.py for tasks to queue
[2023-08-13T18:49:59.110+0000] {logging_mixin.py:150} INFO - [2023-08-13T18:49:59.109+0000] {dagbag.py:541} INFO - Filling up the DagBag from /home/airflow/.local/lib/python3.7/site-packages/airflow/example_dags/example_local_kubernetes_executor.py
[2023-08-13T18:49:59.497+0000] {processor.py:836} INFO - DAG(s) dict_keys(['example_local_kubernetes_executor']) retrieved from /home/airflow/.local/lib/python3.7/site-packages/airflow/example_dags/example_local_kubernetes_executor.py
[2023-08-13T18:49:59.550+0000] {logging_mixin.py:150} INFO - [2023-08-13T18:49:59.550+0000] {dag.py:2742} INFO - Sync 1 DAGs
[2023-08-13T18:49:59.585+0000] {logging_mixin.py:150} INFO - [2023-08-13T18:49:59.585+0000] {dag.py:3508} INFO - Setting next_dagrun for example_local_kubernetes_executor to None, run_after=None
[2023-08-13T18:49:59.616+0000] {processor.py:179} INFO - Processing /home/airflow/.local/lib/python3.7/site-packages/airflow/example_dags/example_local_kubernetes_executor.py took 0.513 seconds
[2023-08-13T19:58:40.474+0000] {processor.py:157} INFO - Started process (PID=66) to work on /home/airflow/.local/lib/python3.7/site-packages/airflow/example_dags/example_local_kubernetes_executor.py
[2023-08-13T19:58:40.476+0000] {processor.py:826} INFO - Processing file /home/airflow/.local/lib/python3.7/site-packages/airflow/example_dags/example_local_kubernetes_executor.py for tasks to queue
[2023-08-13T19:58:40.477+0000] {logging_mixin.py:150} INFO - [2023-08-13T19:58:40.477+0000] {dagbag.py:541} INFO - Filling up the DagBag from /home/airflow/.local/lib/python3.7/site-packages/airflow/example_dags/example_local_kubernetes_executor.py
[2023-08-13T19:58:40.957+0000] {processor.py:836} INFO - DAG(s) dict_keys(['example_local_kubernetes_executor']) retrieved from /home/airflow/.local/lib/python3.7/site-packages/airflow/example_dags/example_local_kubernetes_executor.py
[2023-08-13T19:58:40.983+0000] {logging_mixin.py:150} INFO - [2023-08-13T19:58:40.983+0000] {dag.py:2742} INFO - Sync 1 DAGs
[2023-08-13T19:58:41.085+0000] {logging_mixin.py:150} INFO - [2023-08-13T19:58:41.085+0000] {dag.py:3508} INFO - Setting next_dagrun for example_local_kubernetes_executor to None, run_after=None
[2023-08-13T19:58:41.152+0000] {processor.py:179} INFO - Processing /home/airflow/.local/lib/python3.7/site-packages/airflow/example_dags/example_local_kubernetes_executor.py took 0.682 seconds
[2023-08-13T19:59:11.302+0000] {processor.py:157} INFO - Started process (PID=134) to work on /home/airflow/.local/lib/python3.7/site-packages/airflow/example_dags/example_local_kubernetes_executor.py
[2023-08-13T19:59:11.303+0000] {processor.py:826} INFO - Processing file /home/airflow/.local/lib/python3.7/site-packages/airflow/example_dags/example_local_kubernetes_executor.py for tasks to queue
[2023-08-13T19:59:11.305+0000] {logging_mixin.py:150} INFO - [2023-08-13T19:59:11.304+0000] {dagbag.py:541} INFO - Filling up the DagBag from /home/airflow/.local/lib/python3.7/site-packages/airflow/example_dags/example_local_kubernetes_executor.py
[2023-08-13T19:59:11.593+0000] {processor.py:836} INFO - DAG(s) dict_keys(['example_local_kubernetes_executor']) retrieved from /home/airflow/.local/lib/python3.7/site-packages/airflow/example_dags/example_local_kubernetes_executor.py
[2023-08-13T19:59:11.675+0000] {logging_mixin.py:150} INFO - [2023-08-13T19:59:11.674+0000] {dag.py:2742} INFO - Sync 1 DAGs
[2023-08-13T19:59:11.729+0000] {logging_mixin.py:150} INFO - [2023-08-13T19:59:11.729+0000] {dag.py:3508} INFO - Setting next_dagrun for example_local_kubernetes_executor to None, run_after=None
[2023-08-13T19:59:11.766+0000] {processor.py:179} INFO - Processing /home/airflow/.local/lib/python3.7/site-packages/airflow/example_dags/example_local_kubernetes_executor.py took 0.470 seconds
[2023-08-13T19:59:42.130+0000] {processor.py:157} INFO - Started process (PID=198) to work on /home/airflow/.local/lib/python3.7/site-packages/airflow/example_dags/example_local_kubernetes_executor.py
[2023-08-13T19:59:42.137+0000] {processor.py:826} INFO - Processing file /home/airflow/.local/lib/python3.7/site-packages/airflow/example_dags/example_local_kubernetes_executor.py for tasks to queue
[2023-08-13T19:59:42.142+0000] {logging_mixin.py:150} INFO - [2023-08-13T19:59:42.142+0000] {dagbag.py:541} INFO - Filling up the DagBag from /home/airflow/.local/lib/python3.7/site-packages/airflow/example_dags/example_local_kubernetes_executor.py
[2023-08-13T19:59:42.627+0000] {processor.py:836} INFO - DAG(s) dict_keys(['example_local_kubernetes_executor']) retrieved from /home/airflow/.local/lib/python3.7/site-packages/airflow/example_dags/example_local_kubernetes_executor.py
[2023-08-13T19:59:42.681+0000] {logging_mixin.py:150} INFO - [2023-08-13T19:59:42.681+0000] {dag.py:2742} INFO - Sync 1 DAGs
[2023-08-13T19:59:42.721+0000] {logging_mixin.py:150} INFO - [2023-08-13T19:59:42.720+0000] {dag.py:3508} INFO - Setting next_dagrun for example_local_kubernetes_executor to None, run_after=None
[2023-08-13T19:59:42.756+0000] {processor.py:179} INFO - Processing /home/airflow/.local/lib/python3.7/site-packages/airflow/example_dags/example_local_kubernetes_executor.py took 0.631 seconds
[2023-08-13T20:00:12.863+0000] {processor.py:157} INFO - Started process (PID=264) to work on /home/airflow/.local/lib/python3.7/site-packages/airflow/example_dags/example_local_kubernetes_executor.py
[2023-08-13T20:00:12.865+0000] {processor.py:826} INFO - Processing file /home/airflow/.local/lib/python3.7/site-packages/airflow/example_dags/example_local_kubernetes_executor.py for tasks to queue
[2023-08-13T20:00:12.866+0000] {logging_mixin.py:150} INFO - [2023-08-13T20:00:12.866+0000] {dagbag.py:541} INFO - Filling up the DagBag from /home/airflow/.local/lib/python3.7/site-packages/airflow/example_dags/example_local_kubernetes_executor.py
[2023-08-13T20:00:13.403+0000] {processor.py:836} INFO - DAG(s) dict_keys(['example_local_kubernetes_executor']) retrieved from /home/airflow/.local/lib/python3.7/site-packages/airflow/example_dags/example_local_kubernetes_executor.py
[2023-08-13T20:00:13.514+0000] {logging_mixin.py:150} INFO - [2023-08-13T20:00:13.514+0000] {dag.py:2742} INFO - Sync 1 DAGs
[2023-08-13T20:00:13.594+0000] {logging_mixin.py:150} INFO - [2023-08-13T20:00:13.594+0000] {dag.py:3508} INFO - Setting next_dagrun for example_local_kubernetes_executor to None, run_after=None
[2023-08-13T20:00:13.647+0000] {processor.py:179} INFO - Processing /home/airflow/.local/lib/python3.7/site-packages/airflow/example_dags/example_local_kubernetes_executor.py took 0.788 seconds
[2023-08-13T20:00:44.070+0000] {processor.py:157} INFO - Started process (PID=331) to work on /home/airflow/.local/lib/python3.7/site-packages/airflow/example_dags/example_local_kubernetes_executor.py
[2023-08-13T20:00:44.072+0000] {processor.py:826} INFO - Processing file /home/airflow/.local/lib/python3.7/site-packages/airflow/example_dags/example_local_kubernetes_executor.py for tasks to queue
[2023-08-13T20:00:44.074+0000] {logging_mixin.py:150} INFO - [2023-08-13T20:00:44.073+0000] {dagbag.py:541} INFO - Filling up the DagBag from /home/airflow/.local/lib/python3.7/site-packages/airflow/example_dags/example_local_kubernetes_executor.py
[2023-08-13T20:00:44.383+0000] {processor.py:836} INFO - DAG(s) dict_keys(['example_local_kubernetes_executor']) retrieved from /home/airflow/.local/lib/python3.7/site-packages/airflow/example_dags/example_local_kubernetes_executor.py
[2023-08-13T20:00:44.429+0000] {logging_mixin.py:150} INFO - [2023-08-13T20:00:44.429+0000] {dag.py:2742} INFO - Sync 1 DAGs
[2023-08-13T20:00:44.464+0000] {logging_mixin.py:150} INFO - [2023-08-13T20:00:44.464+0000] {dag.py:3508} INFO - Setting next_dagrun for example_local_kubernetes_executor to None, run_after=None
[2023-08-13T20:00:44.489+0000] {processor.py:179} INFO - Processing /home/airflow/.local/lib/python3.7/site-packages/airflow/example_dags/example_local_kubernetes_executor.py took 0.423 seconds
[2023-08-13T20:01:15.375+0000] {processor.py:157} INFO - Started process (PID=398) to work on /home/airflow/.local/lib/python3.7/site-packages/airflow/example_dags/example_local_kubernetes_executor.py
[2023-08-13T20:01:15.376+0000] {processor.py:826} INFO - Processing file /home/airflow/.local/lib/python3.7/site-packages/airflow/example_dags/example_local_kubernetes_executor.py for tasks to queue
[2023-08-13T20:01:15.377+0000] {logging_mixin.py:150} INFO - [2023-08-13T20:01:15.377+0000] {dagbag.py:541} INFO - Filling up the DagBag from /home/airflow/.local/lib/python3.7/site-packages/airflow/example_dags/example_local_kubernetes_executor.py
[2023-08-13T20:01:15.616+0000] {processor.py:836} INFO - DAG(s) dict_keys(['example_local_kubernetes_executor']) retrieved from /home/airflow/.local/lib/python3.7/site-packages/airflow/example_dags/example_local_kubernetes_executor.py
[2023-08-13T20:01:15.654+0000] {logging_mixin.py:150} INFO - [2023-08-13T20:01:15.654+0000] {dag.py:2742} INFO - Sync 1 DAGs
[2023-08-13T20:01:15.684+0000] {logging_mixin.py:150} INFO - [2023-08-13T20:01:15.684+0000] {dag.py:3508} INFO - Setting next_dagrun for example_local_kubernetes_executor to None, run_after=None
[2023-08-13T20:01:15.705+0000] {processor.py:179} INFO - Processing /home/airflow/.local/lib/python3.7/site-packages/airflow/example_dags/example_local_kubernetes_executor.py took 0.333 seconds
[2023-08-13T20:01:46.422+0000] {processor.py:157} INFO - Started process (PID=464) to work on /home/airflow/.local/lib/python3.7/site-packages/airflow/example_dags/example_local_kubernetes_executor.py
[2023-08-13T20:01:46.423+0000] {processor.py:826} INFO - Processing file /home/airflow/.local/lib/python3.7/site-packages/airflow/example_dags/example_local_kubernetes_executor.py for tasks to queue
[2023-08-13T20:01:46.424+0000] {logging_mixin.py:150} INFO - [2023-08-13T20:01:46.424+0000] {dagbag.py:541} INFO - Filling up the DagBag from /home/airflow/.local/lib/python3.7/site-packages/airflow/example_dags/example_local_kubernetes_executor.py
[2023-08-13T20:01:46.953+0000] {processor.py:836} INFO - DAG(s) dict_keys(['example_local_kubernetes_executor']) retrieved from /home/airflow/.local/lib/python3.7/site-packages/airflow/example_dags/example_local_kubernetes_executor.py
[2023-08-13T20:01:47.028+0000] {logging_mixin.py:150} INFO - [2023-08-13T20:01:47.028+0000] {dag.py:2742} INFO - Sync 1 DAGs
[2023-08-13T20:01:47.093+0000] {logging_mixin.py:150} INFO - [2023-08-13T20:01:47.092+0000] {dag.py:3508} INFO - Setting next_dagrun for example_local_kubernetes_executor to None, run_after=None
[2023-08-13T20:01:47.146+0000] {processor.py:179} INFO - Processing /home/airflow/.local/lib/python3.7/site-packages/airflow/example_dags/example_local_kubernetes_executor.py took 0.729 seconds
[2023-08-13T20:02:25.500+0000] {processor.py:157} INFO - Started process (PID=535) to work on /home/airflow/.local/lib/python3.7/site-packages/airflow/example_dags/example_local_kubernetes_executor.py
[2023-08-13T20:02:25.501+0000] {processor.py:826} INFO - Processing file /home/airflow/.local/lib/python3.7/site-packages/airflow/example_dags/example_local_kubernetes_executor.py for tasks to queue
[2023-08-13T20:02:25.502+0000] {logging_mixin.py:150} INFO - [2023-08-13T20:02:25.502+0000] {dagbag.py:541} INFO - Filling up the DagBag from /home/airflow/.local/lib/python3.7/site-packages/airflow/example_dags/example_local_kubernetes_executor.py
[2023-08-13T20:02:32.794+0000] {processor.py:836} INFO - DAG(s) dict_keys(['example_local_kubernetes_executor']) retrieved from /home/airflow/.local/lib/python3.7/site-packages/airflow/example_dags/example_local_kubernetes_executor.py
[2023-08-13T20:02:33.433+0000] {logging_mixin.py:150} INFO - [2023-08-13T20:02:33.433+0000] {dag.py:2742} INFO - Sync 1 DAGs
[2023-08-13T20:02:34.330+0000] {logging_mixin.py:150} INFO - [2023-08-13T20:02:34.330+0000] {dag.py:3508} INFO - Setting next_dagrun for example_local_kubernetes_executor to None, run_after=None
[2023-08-13T20:02:34.360+0000] {processor.py:179} INFO - Processing /home/airflow/.local/lib/python3.7/site-packages/airflow/example_dags/example_local_kubernetes_executor.py took 9.888 seconds
[2023-08-13T20:05:59.085+0000] {processor.py:157} INFO - Started process (PID=66) to work on /home/airflow/.local/lib/python3.7/site-packages/airflow/example_dags/example_local_kubernetes_executor.py
[2023-08-13T20:05:59.087+0000] {processor.py:826} INFO - Processing file /home/airflow/.local/lib/python3.7/site-packages/airflow/example_dags/example_local_kubernetes_executor.py for tasks to queue
[2023-08-13T20:05:59.088+0000] {logging_mixin.py:150} INFO - [2023-08-13T20:05:59.088+0000] {dagbag.py:541} INFO - Filling up the DagBag from /home/airflow/.local/lib/python3.7/site-packages/airflow/example_dags/example_local_kubernetes_executor.py
[2023-08-13T20:05:59.746+0000] {processor.py:836} INFO - DAG(s) dict_keys(['example_local_kubernetes_executor']) retrieved from /home/airflow/.local/lib/python3.7/site-packages/airflow/example_dags/example_local_kubernetes_executor.py
[2023-08-13T20:05:59.792+0000] {logging_mixin.py:150} INFO - [2023-08-13T20:05:59.792+0000] {dag.py:2742} INFO - Sync 1 DAGs
[2023-08-13T20:05:59.860+0000] {logging_mixin.py:150} INFO - [2023-08-13T20:05:59.860+0000] {dag.py:3508} INFO - Setting next_dagrun for example_local_kubernetes_executor to None, run_after=None
[2023-08-13T20:05:59.915+0000] {processor.py:179} INFO - Processing /home/airflow/.local/lib/python3.7/site-packages/airflow/example_dags/example_local_kubernetes_executor.py took 0.837 seconds
[2023-08-13T20:06:29.998+0000] {processor.py:157} INFO - Started process (PID=133) to work on /home/airflow/.local/lib/python3.7/site-packages/airflow/example_dags/example_local_kubernetes_executor.py
[2023-08-13T20:06:29.999+0000] {processor.py:826} INFO - Processing file /home/airflow/.local/lib/python3.7/site-packages/airflow/example_dags/example_local_kubernetes_executor.py for tasks to queue
[2023-08-13T20:06:30.000+0000] {logging_mixin.py:150} INFO - [2023-08-13T20:06:30.000+0000] {dagbag.py:541} INFO - Filling up the DagBag from /home/airflow/.local/lib/python3.7/site-packages/airflow/example_dags/example_local_kubernetes_executor.py
[2023-08-13T20:06:30.482+0000] {processor.py:836} INFO - DAG(s) dict_keys(['example_local_kubernetes_executor']) retrieved from /home/airflow/.local/lib/python3.7/site-packages/airflow/example_dags/example_local_kubernetes_executor.py
[2023-08-13T20:06:30.550+0000] {logging_mixin.py:150} INFO - [2023-08-13T20:06:30.549+0000] {dag.py:2742} INFO - Sync 1 DAGs
[2023-08-13T20:06:30.603+0000] {logging_mixin.py:150} INFO - [2023-08-13T20:06:30.603+0000] {dag.py:3508} INFO - Setting next_dagrun for example_local_kubernetes_executor to None, run_after=None
[2023-08-13T20:06:30.643+0000] {processor.py:179} INFO - Processing /home/airflow/.local/lib/python3.7/site-packages/airflow/example_dags/example_local_kubernetes_executor.py took 0.648 seconds
[2023-08-13T20:07:01.601+0000] {processor.py:157} INFO - Started process (PID=200) to work on /home/airflow/.local/lib/python3.7/site-packages/airflow/example_dags/example_local_kubernetes_executor.py
[2023-08-13T20:07:01.603+0000] {processor.py:826} INFO - Processing file /home/airflow/.local/lib/python3.7/site-packages/airflow/example_dags/example_local_kubernetes_executor.py for tasks to queue
[2023-08-13T20:07:01.604+0000] {logging_mixin.py:150} INFO - [2023-08-13T20:07:01.604+0000] {dagbag.py:541} INFO - Filling up the DagBag from /home/airflow/.local/lib/python3.7/site-packages/airflow/example_dags/example_local_kubernetes_executor.py
[2023-08-13T20:07:01.916+0000] {processor.py:836} INFO - DAG(s) dict_keys(['example_local_kubernetes_executor']) retrieved from /home/airflow/.local/lib/python3.7/site-packages/airflow/example_dags/example_local_kubernetes_executor.py
[2023-08-13T20:07:01.969+0000] {logging_mixin.py:150} INFO - [2023-08-13T20:07:01.968+0000] {dag.py:2742} INFO - Sync 1 DAGs
[2023-08-13T20:07:02.028+0000] {logging_mixin.py:150} INFO - [2023-08-13T20:07:02.028+0000] {dag.py:3508} INFO - Setting next_dagrun for example_local_kubernetes_executor to None, run_after=None
[2023-08-13T20:07:02.069+0000] {processor.py:179} INFO - Processing /home/airflow/.local/lib/python3.7/site-packages/airflow/example_dags/example_local_kubernetes_executor.py took 0.472 seconds
[2023-08-13T20:07:32.133+0000] {processor.py:157} INFO - Started process (PID=267) to work on /home/airflow/.local/lib/python3.7/site-packages/airflow/example_dags/example_local_kubernetes_executor.py
[2023-08-13T20:07:32.134+0000] {processor.py:826} INFO - Processing file /home/airflow/.local/lib/python3.7/site-packages/airflow/example_dags/example_local_kubernetes_executor.py for tasks to queue
[2023-08-13T20:07:32.135+0000] {logging_mixin.py:150} INFO - [2023-08-13T20:07:32.135+0000] {dagbag.py:541} INFO - Filling up the DagBag from /home/airflow/.local/lib/python3.7/site-packages/airflow/example_dags/example_local_kubernetes_executor.py
[2023-08-13T20:07:32.388+0000] {processor.py:836} INFO - DAG(s) dict_keys(['example_local_kubernetes_executor']) retrieved from /home/airflow/.local/lib/python3.7/site-packages/airflow/example_dags/example_local_kubernetes_executor.py
[2023-08-13T20:07:32.438+0000] {logging_mixin.py:150} INFO - [2023-08-13T20:07:32.437+0000] {dag.py:2742} INFO - Sync 1 DAGs
[2023-08-13T20:07:32.486+0000] {logging_mixin.py:150} INFO - [2023-08-13T20:07:32.485+0000] {dag.py:3508} INFO - Setting next_dagrun for example_local_kubernetes_executor to None, run_after=None
[2023-08-13T20:07:32.522+0000] {processor.py:179} INFO - Processing /home/airflow/.local/lib/python3.7/site-packages/airflow/example_dags/example_local_kubernetes_executor.py took 0.394 seconds
[2023-08-13T20:08:02.630+0000] {processor.py:157} INFO - Started process (PID=331) to work on /home/airflow/.local/lib/python3.7/site-packages/airflow/example_dags/example_local_kubernetes_executor.py
[2023-08-13T20:08:02.632+0000] {processor.py:826} INFO - Processing file /home/airflow/.local/lib/python3.7/site-packages/airflow/example_dags/example_local_kubernetes_executor.py for tasks to queue
[2023-08-13T20:08:02.633+0000] {logging_mixin.py:150} INFO - [2023-08-13T20:08:02.633+0000] {dagbag.py:541} INFO - Filling up the DagBag from /home/airflow/.local/lib/python3.7/site-packages/airflow/example_dags/example_local_kubernetes_executor.py
[2023-08-13T20:08:02.955+0000] {processor.py:836} INFO - DAG(s) dict_keys(['example_local_kubernetes_executor']) retrieved from /home/airflow/.local/lib/python3.7/site-packages/airflow/example_dags/example_local_kubernetes_executor.py
[2023-08-13T20:08:03.009+0000] {logging_mixin.py:150} INFO - [2023-08-13T20:08:03.008+0000] {dag.py:2742} INFO - Sync 1 DAGs
[2023-08-13T20:08:03.054+0000] {logging_mixin.py:150} INFO - [2023-08-13T20:08:03.053+0000] {dag.py:3508} INFO - Setting next_dagrun for example_local_kubernetes_executor to None, run_after=None
[2023-08-13T20:08:03.086+0000] {processor.py:179} INFO - Processing /home/airflow/.local/lib/python3.7/site-packages/airflow/example_dags/example_local_kubernetes_executor.py took 0.459 seconds
[2023-08-13T20:08:33.194+0000] {processor.py:157} INFO - Started process (PID=399) to work on /home/airflow/.local/lib/python3.7/site-packages/airflow/example_dags/example_local_kubernetes_executor.py
[2023-08-13T20:08:33.195+0000] {processor.py:826} INFO - Processing file /home/airflow/.local/lib/python3.7/site-packages/airflow/example_dags/example_local_kubernetes_executor.py for tasks to queue
[2023-08-13T20:08:33.196+0000] {logging_mixin.py:150} INFO - [2023-08-13T20:08:33.196+0000] {dagbag.py:541} INFO - Filling up the DagBag from /home/airflow/.local/lib/python3.7/site-packages/airflow/example_dags/example_local_kubernetes_executor.py
[2023-08-13T20:08:33.445+0000] {processor.py:836} INFO - DAG(s) dict_keys(['example_local_kubernetes_executor']) retrieved from /home/airflow/.local/lib/python3.7/site-packages/airflow/example_dags/example_local_kubernetes_executor.py
[2023-08-13T20:08:33.487+0000] {logging_mixin.py:150} INFO - [2023-08-13T20:08:33.487+0000] {dag.py:2742} INFO - Sync 1 DAGs
[2023-08-13T20:08:33.517+0000] {logging_mixin.py:150} INFO - [2023-08-13T20:08:33.516+0000] {dag.py:3508} INFO - Setting next_dagrun for example_local_kubernetes_executor to None, run_after=None
[2023-08-13T20:08:33.543+0000] {processor.py:179} INFO - Processing /home/airflow/.local/lib/python3.7/site-packages/airflow/example_dags/example_local_kubernetes_executor.py took 0.353 seconds
[2023-08-13T20:09:03.822+0000] {processor.py:157} INFO - Started process (PID=463) to work on /home/airflow/.local/lib/python3.7/site-packages/airflow/example_dags/example_local_kubernetes_executor.py
[2023-08-13T20:09:03.823+0000] {processor.py:826} INFO - Processing file /home/airflow/.local/lib/python3.7/site-packages/airflow/example_dags/example_local_kubernetes_executor.py for tasks to queue
[2023-08-13T20:09:03.825+0000] {logging_mixin.py:150} INFO - [2023-08-13T20:09:03.825+0000] {dagbag.py:541} INFO - Filling up the DagBag from /home/airflow/.local/lib/python3.7/site-packages/airflow/example_dags/example_local_kubernetes_executor.py
[2023-08-13T20:09:04.083+0000] {processor.py:836} INFO - DAG(s) dict_keys(['example_local_kubernetes_executor']) retrieved from /home/airflow/.local/lib/python3.7/site-packages/airflow/example_dags/example_local_kubernetes_executor.py
[2023-08-13T20:09:04.121+0000] {logging_mixin.py:150} INFO - [2023-08-13T20:09:04.120+0000] {dag.py:2742} INFO - Sync 1 DAGs
[2023-08-13T20:09:04.154+0000] {logging_mixin.py:150} INFO - [2023-08-13T20:09:04.153+0000] {dag.py:3508} INFO - Setting next_dagrun for example_local_kubernetes_executor to None, run_after=None
[2023-08-13T20:09:04.180+0000] {processor.py:179} INFO - Processing /home/airflow/.local/lib/python3.7/site-packages/airflow/example_dags/example_local_kubernetes_executor.py took 0.361 seconds
[2023-08-13T20:09:34.516+0000] {processor.py:157} INFO - Started process (PID=531) to work on /home/airflow/.local/lib/python3.7/site-packages/airflow/example_dags/example_local_kubernetes_executor.py
[2023-08-13T20:09:34.517+0000] {processor.py:826} INFO - Processing file /home/airflow/.local/lib/python3.7/site-packages/airflow/example_dags/example_local_kubernetes_executor.py for tasks to queue
[2023-08-13T20:09:34.518+0000] {logging_mixin.py:150} INFO - [2023-08-13T20:09:34.518+0000] {dagbag.py:541} INFO - Filling up the DagBag from /home/airflow/.local/lib/python3.7/site-packages/airflow/example_dags/example_local_kubernetes_executor.py
[2023-08-13T20:09:34.808+0000] {processor.py:836} INFO - DAG(s) dict_keys(['example_local_kubernetes_executor']) retrieved from /home/airflow/.local/lib/python3.7/site-packages/airflow/example_dags/example_local_kubernetes_executor.py
[2023-08-13T20:09:34.848+0000] {logging_mixin.py:150} INFO - [2023-08-13T20:09:34.848+0000] {dag.py:2742} INFO - Sync 1 DAGs
[2023-08-13T20:09:34.883+0000] {logging_mixin.py:150} INFO - [2023-08-13T20:09:34.882+0000] {dag.py:3508} INFO - Setting next_dagrun for example_local_kubernetes_executor to None, run_after=None
[2023-08-13T20:09:34.909+0000] {processor.py:179} INFO - Processing /home/airflow/.local/lib/python3.7/site-packages/airflow/example_dags/example_local_kubernetes_executor.py took 0.397 seconds
[2023-08-13T20:10:05.022+0000] {processor.py:157} INFO - Started process (PID=596) to work on /home/airflow/.local/lib/python3.7/site-packages/airflow/example_dags/example_local_kubernetes_executor.py
[2023-08-13T20:10:05.024+0000] {processor.py:826} INFO - Processing file /home/airflow/.local/lib/python3.7/site-packages/airflow/example_dags/example_local_kubernetes_executor.py for tasks to queue
[2023-08-13T20:10:05.026+0000] {logging_mixin.py:150} INFO - [2023-08-13T20:10:05.026+0000] {dagbag.py:541} INFO - Filling up the DagBag from /home/airflow/.local/lib/python3.7/site-packages/airflow/example_dags/example_local_kubernetes_executor.py
[2023-08-13T20:10:05.334+0000] {processor.py:836} INFO - DAG(s) dict_keys(['example_local_kubernetes_executor']) retrieved from /home/airflow/.local/lib/python3.7/site-packages/airflow/example_dags/example_local_kubernetes_executor.py
[2023-08-13T20:10:05.390+0000] {logging_mixin.py:150} INFO - [2023-08-13T20:10:05.389+0000] {dag.py:2742} INFO - Sync 1 DAGs
[2023-08-13T20:10:05.438+0000] {logging_mixin.py:150} INFO - [2023-08-13T20:10:05.438+0000] {dag.py:3508} INFO - Setting next_dagrun for example_local_kubernetes_executor to None, run_after=None
[2023-08-13T20:10:05.468+0000] {processor.py:179} INFO - Processing /home/airflow/.local/lib/python3.7/site-packages/airflow/example_dags/example_local_kubernetes_executor.py took 0.450 seconds
[2023-08-13T20:10:35.875+0000] {processor.py:157} INFO - Started process (PID=663) to work on /home/airflow/.local/lib/python3.7/site-packages/airflow/example_dags/example_local_kubernetes_executor.py
[2023-08-13T20:10:35.878+0000] {processor.py:826} INFO - Processing file /home/airflow/.local/lib/python3.7/site-packages/airflow/example_dags/example_local_kubernetes_executor.py for tasks to queue
[2023-08-13T20:10:35.881+0000] {logging_mixin.py:150} INFO - [2023-08-13T20:10:35.881+0000] {dagbag.py:541} INFO - Filling up the DagBag from /home/airflow/.local/lib/python3.7/site-packages/airflow/example_dags/example_local_kubernetes_executor.py
[2023-08-13T20:10:37.022+0000] {processor.py:836} INFO - DAG(s) dict_keys(['example_local_kubernetes_executor']) retrieved from /home/airflow/.local/lib/python3.7/site-packages/airflow/example_dags/example_local_kubernetes_executor.py
[2023-08-13T20:10:37.107+0000] {logging_mixin.py:150} INFO - [2023-08-13T20:10:37.106+0000] {dag.py:2742} INFO - Sync 1 DAGs
[2023-08-13T20:10:37.170+0000] {logging_mixin.py:150} INFO - [2023-08-13T20:10:37.169+0000] {dag.py:3508} INFO - Setting next_dagrun for example_local_kubernetes_executor to None, run_after=None
[2023-08-13T20:10:37.643+0000] {processor.py:179} INFO - Processing /home/airflow/.local/lib/python3.7/site-packages/airflow/example_dags/example_local_kubernetes_executor.py took 1.773 seconds
[2023-08-13T20:11:08.097+0000] {processor.py:157} INFO - Started process (PID=729) to work on /home/airflow/.local/lib/python3.7/site-packages/airflow/example_dags/example_local_kubernetes_executor.py
[2023-08-13T20:11:08.099+0000] {processor.py:826} INFO - Processing file /home/airflow/.local/lib/python3.7/site-packages/airflow/example_dags/example_local_kubernetes_executor.py for tasks to queue
[2023-08-13T20:11:08.100+0000] {logging_mixin.py:150} INFO - [2023-08-13T20:11:08.099+0000] {dagbag.py:541} INFO - Filling up the DagBag from /home/airflow/.local/lib/python3.7/site-packages/airflow/example_dags/example_local_kubernetes_executor.py
[2023-08-13T20:11:08.375+0000] {processor.py:836} INFO - DAG(s) dict_keys(['example_local_kubernetes_executor']) retrieved from /home/airflow/.local/lib/python3.7/site-packages/airflow/example_dags/example_local_kubernetes_executor.py
[2023-08-13T20:11:08.417+0000] {logging_mixin.py:150} INFO - [2023-08-13T20:11:08.416+0000] {dag.py:2742} INFO - Sync 1 DAGs
[2023-08-13T20:11:08.450+0000] {logging_mixin.py:150} INFO - [2023-08-13T20:11:08.449+0000] {dag.py:3508} INFO - Setting next_dagrun for example_local_kubernetes_executor to None, run_after=None
[2023-08-13T20:11:08.474+0000] {processor.py:179} INFO - Processing /home/airflow/.local/lib/python3.7/site-packages/airflow/example_dags/example_local_kubernetes_executor.py took 0.380 seconds
[2023-08-13T20:11:38.965+0000] {processor.py:157} INFO - Started process (PID=795) to work on /home/airflow/.local/lib/python3.7/site-packages/airflow/example_dags/example_local_kubernetes_executor.py
[2023-08-13T20:11:38.967+0000] {processor.py:826} INFO - Processing file /home/airflow/.local/lib/python3.7/site-packages/airflow/example_dags/example_local_kubernetes_executor.py for tasks to queue
[2023-08-13T20:11:38.968+0000] {logging_mixin.py:150} INFO - [2023-08-13T20:11:38.967+0000] {dagbag.py:541} INFO - Filling up the DagBag from /home/airflow/.local/lib/python3.7/site-packages/airflow/example_dags/example_local_kubernetes_executor.py
[2023-08-13T20:11:39.215+0000] {processor.py:836} INFO - DAG(s) dict_keys(['example_local_kubernetes_executor']) retrieved from /home/airflow/.local/lib/python3.7/site-packages/airflow/example_dags/example_local_kubernetes_executor.py
[2023-08-13T20:11:39.267+0000] {logging_mixin.py:150} INFO - [2023-08-13T20:11:39.266+0000] {dag.py:2742} INFO - Sync 1 DAGs
[2023-08-13T20:11:39.299+0000] {logging_mixin.py:150} INFO - [2023-08-13T20:11:39.299+0000] {dag.py:3508} INFO - Setting next_dagrun for example_local_kubernetes_executor to None, run_after=None
[2023-08-13T20:11:39.322+0000] {processor.py:179} INFO - Processing /home/airflow/.local/lib/python3.7/site-packages/airflow/example_dags/example_local_kubernetes_executor.py took 0.360 seconds
[2023-08-13T20:12:10.494+0000] {processor.py:157} INFO - Started process (PID=863) to work on /home/airflow/.local/lib/python3.7/site-packages/airflow/example_dags/example_local_kubernetes_executor.py
[2023-08-13T20:12:10.496+0000] {processor.py:826} INFO - Processing file /home/airflow/.local/lib/python3.7/site-packages/airflow/example_dags/example_local_kubernetes_executor.py for tasks to queue
[2023-08-13T20:12:10.497+0000] {logging_mixin.py:150} INFO - [2023-08-13T20:12:10.497+0000] {dagbag.py:541} INFO - Filling up the DagBag from /home/airflow/.local/lib/python3.7/site-packages/airflow/example_dags/example_local_kubernetes_executor.py
[2023-08-13T20:12:10.751+0000] {processor.py:836} INFO - DAG(s) dict_keys(['example_local_kubernetes_executor']) retrieved from /home/airflow/.local/lib/python3.7/site-packages/airflow/example_dags/example_local_kubernetes_executor.py
[2023-08-13T20:12:10.796+0000] {logging_mixin.py:150} INFO - [2023-08-13T20:12:10.796+0000] {dag.py:2742} INFO - Sync 1 DAGs
[2023-08-13T20:12:10.838+0000] {logging_mixin.py:150} INFO - [2023-08-13T20:12:10.837+0000] {dag.py:3508} INFO - Setting next_dagrun for example_local_kubernetes_executor to None, run_after=None
[2023-08-13T20:12:10.866+0000] {processor.py:179} INFO - Processing /home/airflow/.local/lib/python3.7/site-packages/airflow/example_dags/example_local_kubernetes_executor.py took 0.375 seconds
[2023-08-13T20:12:40.948+0000] {processor.py:157} INFO - Started process (PID=930) to work on /home/airflow/.local/lib/python3.7/site-packages/airflow/example_dags/example_local_kubernetes_executor.py
[2023-08-13T20:12:40.950+0000] {processor.py:826} INFO - Processing file /home/airflow/.local/lib/python3.7/site-packages/airflow/example_dags/example_local_kubernetes_executor.py for tasks to queue
[2023-08-13T20:12:40.951+0000] {logging_mixin.py:150} INFO - [2023-08-13T20:12:40.951+0000] {dagbag.py:541} INFO - Filling up the DagBag from /home/airflow/.local/lib/python3.7/site-packages/airflow/example_dags/example_local_kubernetes_executor.py
[2023-08-13T20:12:41.241+0000] {processor.py:836} INFO - DAG(s) dict_keys(['example_local_kubernetes_executor']) retrieved from /home/airflow/.local/lib/python3.7/site-packages/airflow/example_dags/example_local_kubernetes_executor.py
[2023-08-13T20:12:41.291+0000] {logging_mixin.py:150} INFO - [2023-08-13T20:12:41.291+0000] {dag.py:2742} INFO - Sync 1 DAGs
[2023-08-13T20:12:41.350+0000] {logging_mixin.py:150} INFO - [2023-08-13T20:12:41.350+0000] {dag.py:3508} INFO - Setting next_dagrun for example_local_kubernetes_executor to None, run_after=None
[2023-08-13T20:12:41.377+0000] {processor.py:179} INFO - Processing /home/airflow/.local/lib/python3.7/site-packages/airflow/example_dags/example_local_kubernetes_executor.py took 0.431 seconds
[2023-08-13T20:13:11.545+0000] {processor.py:157} INFO - Started process (PID=998) to work on /home/airflow/.local/lib/python3.7/site-packages/airflow/example_dags/example_local_kubernetes_executor.py
[2023-08-13T20:13:11.547+0000] {processor.py:826} INFO - Processing file /home/airflow/.local/lib/python3.7/site-packages/airflow/example_dags/example_local_kubernetes_executor.py for tasks to queue
[2023-08-13T20:13:11.548+0000] {logging_mixin.py:150} INFO - [2023-08-13T20:13:11.548+0000] {dagbag.py:541} INFO - Filling up the DagBag from /home/airflow/.local/lib/python3.7/site-packages/airflow/example_dags/example_local_kubernetes_executor.py
[2023-08-13T20:13:11.812+0000] {processor.py:836} INFO - DAG(s) dict_keys(['example_local_kubernetes_executor']) retrieved from /home/airflow/.local/lib/python3.7/site-packages/airflow/example_dags/example_local_kubernetes_executor.py
[2023-08-13T20:13:11.863+0000] {logging_mixin.py:150} INFO - [2023-08-13T20:13:11.863+0000] {dag.py:2742} INFO - Sync 1 DAGs
[2023-08-13T20:13:11.899+0000] {logging_mixin.py:150} INFO - [2023-08-13T20:13:11.899+0000] {dag.py:3508} INFO - Setting next_dagrun for example_local_kubernetes_executor to None, run_after=None
[2023-08-13T20:13:11.927+0000] {processor.py:179} INFO - Processing /home/airflow/.local/lib/python3.7/site-packages/airflow/example_dags/example_local_kubernetes_executor.py took 0.386 seconds
[2023-08-13T20:13:42.130+0000] {processor.py:157} INFO - Started process (PID=1066) to work on /home/airflow/.local/lib/python3.7/site-packages/airflow/example_dags/example_local_kubernetes_executor.py
[2023-08-13T20:13:42.132+0000] {processor.py:826} INFO - Processing file /home/airflow/.local/lib/python3.7/site-packages/airflow/example_dags/example_local_kubernetes_executor.py for tasks to queue
[2023-08-13T20:13:42.134+0000] {logging_mixin.py:150} INFO - [2023-08-13T20:13:42.134+0000] {dagbag.py:541} INFO - Filling up the DagBag from /home/airflow/.local/lib/python3.7/site-packages/airflow/example_dags/example_local_kubernetes_executor.py
[2023-08-13T20:13:42.520+0000] {processor.py:836} INFO - DAG(s) dict_keys(['example_local_kubernetes_executor']) retrieved from /home/airflow/.local/lib/python3.7/site-packages/airflow/example_dags/example_local_kubernetes_executor.py
[2023-08-13T20:13:42.584+0000] {logging_mixin.py:150} INFO - [2023-08-13T20:13:42.584+0000] {dag.py:2742} INFO - Sync 1 DAGs
[2023-08-13T20:13:42.645+0000] {logging_mixin.py:150} INFO - [2023-08-13T20:13:42.645+0000] {dag.py:3508} INFO - Setting next_dagrun for example_local_kubernetes_executor to None, run_after=None
[2023-08-13T20:13:42.697+0000] {processor.py:179} INFO - Processing /home/airflow/.local/lib/python3.7/site-packages/airflow/example_dags/example_local_kubernetes_executor.py took 0.574 seconds
[2023-08-13T20:14:13.428+0000] {processor.py:157} INFO - Started process (PID=1132) to work on /home/airflow/.local/lib/python3.7/site-packages/airflow/example_dags/example_local_kubernetes_executor.py
[2023-08-13T20:14:13.432+0000] {processor.py:826} INFO - Processing file /home/airflow/.local/lib/python3.7/site-packages/airflow/example_dags/example_local_kubernetes_executor.py for tasks to queue
[2023-08-13T20:14:13.434+0000] {logging_mixin.py:150} INFO - [2023-08-13T20:14:13.434+0000] {dagbag.py:541} INFO - Filling up the DagBag from /home/airflow/.local/lib/python3.7/site-packages/airflow/example_dags/example_local_kubernetes_executor.py
[2023-08-13T20:14:13.856+0000] {processor.py:836} INFO - DAG(s) dict_keys(['example_local_kubernetes_executor']) retrieved from /home/airflow/.local/lib/python3.7/site-packages/airflow/example_dags/example_local_kubernetes_executor.py
[2023-08-13T20:14:13.917+0000] {logging_mixin.py:150} INFO - [2023-08-13T20:14:13.917+0000] {dag.py:2742} INFO - Sync 1 DAGs
[2023-08-13T20:14:13.968+0000] {logging_mixin.py:150} INFO - [2023-08-13T20:14:13.968+0000] {dag.py:3508} INFO - Setting next_dagrun for example_local_kubernetes_executor to None, run_after=None
[2023-08-13T20:14:14.016+0000] {processor.py:179} INFO - Processing /home/airflow/.local/lib/python3.7/site-packages/airflow/example_dags/example_local_kubernetes_executor.py took 0.592 seconds
[2023-08-13T20:14:44.071+0000] {processor.py:157} INFO - Started process (PID=1198) to work on /home/airflow/.local/lib/python3.7/site-packages/airflow/example_dags/example_local_kubernetes_executor.py
[2023-08-13T20:14:44.072+0000] {processor.py:826} INFO - Processing file /home/airflow/.local/lib/python3.7/site-packages/airflow/example_dags/example_local_kubernetes_executor.py for tasks to queue
[2023-08-13T20:14:44.073+0000] {logging_mixin.py:150} INFO - [2023-08-13T20:14:44.073+0000] {dagbag.py:541} INFO - Filling up the DagBag from /home/airflow/.local/lib/python3.7/site-packages/airflow/example_dags/example_local_kubernetes_executor.py
[2023-08-13T20:14:44.304+0000] {processor.py:836} INFO - DAG(s) dict_keys(['example_local_kubernetes_executor']) retrieved from /home/airflow/.local/lib/python3.7/site-packages/airflow/example_dags/example_local_kubernetes_executor.py
[2023-08-13T20:14:44.349+0000] {logging_mixin.py:150} INFO - [2023-08-13T20:14:44.349+0000] {dag.py:2742} INFO - Sync 1 DAGs
[2023-08-13T20:14:44.391+0000] {logging_mixin.py:150} INFO - [2023-08-13T20:14:44.391+0000] {dag.py:3508} INFO - Setting next_dagrun for example_local_kubernetes_executor to None, run_after=None
[2023-08-13T20:14:44.418+0000] {processor.py:179} INFO - Processing /home/airflow/.local/lib/python3.7/site-packages/airflow/example_dags/example_local_kubernetes_executor.py took 0.350 seconds
[2023-08-13T20:15:15.264+0000] {processor.py:157} INFO - Started process (PID=1264) to work on /home/airflow/.local/lib/python3.7/site-packages/airflow/example_dags/example_local_kubernetes_executor.py
[2023-08-13T20:15:15.266+0000] {processor.py:826} INFO - Processing file /home/airflow/.local/lib/python3.7/site-packages/airflow/example_dags/example_local_kubernetes_executor.py for tasks to queue
[2023-08-13T20:15:15.267+0000] {logging_mixin.py:150} INFO - [2023-08-13T20:15:15.266+0000] {dagbag.py:541} INFO - Filling up the DagBag from /home/airflow/.local/lib/python3.7/site-packages/airflow/example_dags/example_local_kubernetes_executor.py
[2023-08-13T20:15:15.476+0000] {processor.py:836} INFO - DAG(s) dict_keys(['example_local_kubernetes_executor']) retrieved from /home/airflow/.local/lib/python3.7/site-packages/airflow/example_dags/example_local_kubernetes_executor.py
[2023-08-13T20:15:15.521+0000] {logging_mixin.py:150} INFO - [2023-08-13T20:15:15.521+0000] {dag.py:2742} INFO - Sync 1 DAGs
[2023-08-13T20:15:15.573+0000] {logging_mixin.py:150} INFO - [2023-08-13T20:15:15.572+0000] {dag.py:3508} INFO - Setting next_dagrun for example_local_kubernetes_executor to None, run_after=None
[2023-08-13T20:15:15.614+0000] {processor.py:179} INFO - Processing /home/airflow/.local/lib/python3.7/site-packages/airflow/example_dags/example_local_kubernetes_executor.py took 0.353 seconds
[2023-08-13T20:15:46.067+0000] {processor.py:157} INFO - Started process (PID=1330) to work on /home/airflow/.local/lib/python3.7/site-packages/airflow/example_dags/example_local_kubernetes_executor.py
[2023-08-13T20:15:46.068+0000] {processor.py:826} INFO - Processing file /home/airflow/.local/lib/python3.7/site-packages/airflow/example_dags/example_local_kubernetes_executor.py for tasks to queue
[2023-08-13T20:15:46.069+0000] {logging_mixin.py:150} INFO - [2023-08-13T20:15:46.069+0000] {dagbag.py:541} INFO - Filling up the DagBag from /home/airflow/.local/lib/python3.7/site-packages/airflow/example_dags/example_local_kubernetes_executor.py
[2023-08-13T20:15:46.326+0000] {processor.py:836} INFO - DAG(s) dict_keys(['example_local_kubernetes_executor']) retrieved from /home/airflow/.local/lib/python3.7/site-packages/airflow/example_dags/example_local_kubernetes_executor.py
[2023-08-13T20:15:46.384+0000] {logging_mixin.py:150} INFO - [2023-08-13T20:15:46.384+0000] {dag.py:2742} INFO - Sync 1 DAGs
[2023-08-13T20:15:46.430+0000] {logging_mixin.py:150} INFO - [2023-08-13T20:15:46.430+0000] {dag.py:3508} INFO - Setting next_dagrun for example_local_kubernetes_executor to None, run_after=None
[2023-08-13T20:15:46.457+0000] {processor.py:179} INFO - Processing /home/airflow/.local/lib/python3.7/site-packages/airflow/example_dags/example_local_kubernetes_executor.py took 0.393 seconds
[2023-08-13T20:16:17.150+0000] {processor.py:157} INFO - Started process (PID=1397) to work on /home/airflow/.local/lib/python3.7/site-packages/airflow/example_dags/example_local_kubernetes_executor.py
[2023-08-13T20:16:17.151+0000] {processor.py:826} INFO - Processing file /home/airflow/.local/lib/python3.7/site-packages/airflow/example_dags/example_local_kubernetes_executor.py for tasks to queue
[2023-08-13T20:16:17.152+0000] {logging_mixin.py:150} INFO - [2023-08-13T20:16:17.152+0000] {dagbag.py:541} INFO - Filling up the DagBag from /home/airflow/.local/lib/python3.7/site-packages/airflow/example_dags/example_local_kubernetes_executor.py
[2023-08-13T20:16:17.399+0000] {processor.py:836} INFO - DAG(s) dict_keys(['example_local_kubernetes_executor']) retrieved from /home/airflow/.local/lib/python3.7/site-packages/airflow/example_dags/example_local_kubernetes_executor.py
[2023-08-13T20:16:17.443+0000] {logging_mixin.py:150} INFO - [2023-08-13T20:16:17.442+0000] {dag.py:2742} INFO - Sync 1 DAGs
[2023-08-13T20:16:17.473+0000] {logging_mixin.py:150} INFO - [2023-08-13T20:16:17.472+0000] {dag.py:3508} INFO - Setting next_dagrun for example_local_kubernetes_executor to None, run_after=None
[2023-08-13T20:16:17.496+0000] {processor.py:179} INFO - Processing /home/airflow/.local/lib/python3.7/site-packages/airflow/example_dags/example_local_kubernetes_executor.py took 0.349 seconds
[2023-08-13T20:16:47.807+0000] {processor.py:157} INFO - Started process (PID=1463) to work on /home/airflow/.local/lib/python3.7/site-packages/airflow/example_dags/example_local_kubernetes_executor.py
[2023-08-13T20:16:47.808+0000] {processor.py:826} INFO - Processing file /home/airflow/.local/lib/python3.7/site-packages/airflow/example_dags/example_local_kubernetes_executor.py for tasks to queue
[2023-08-13T20:16:47.809+0000] {logging_mixin.py:150} INFO - [2023-08-13T20:16:47.809+0000] {dagbag.py:541} INFO - Filling up the DagBag from /home/airflow/.local/lib/python3.7/site-packages/airflow/example_dags/example_local_kubernetes_executor.py
[2023-08-13T20:16:48.024+0000] {processor.py:836} INFO - DAG(s) dict_keys(['example_local_kubernetes_executor']) retrieved from /home/airflow/.local/lib/python3.7/site-packages/airflow/example_dags/example_local_kubernetes_executor.py
[2023-08-13T20:16:48.065+0000] {logging_mixin.py:150} INFO - [2023-08-13T20:16:48.064+0000] {dag.py:2742} INFO - Sync 1 DAGs
[2023-08-13T20:16:48.097+0000] {logging_mixin.py:150} INFO - [2023-08-13T20:16:48.096+0000] {dag.py:3508} INFO - Setting next_dagrun for example_local_kubernetes_executor to None, run_after=None
[2023-08-13T20:16:48.121+0000] {processor.py:179} INFO - Processing /home/airflow/.local/lib/python3.7/site-packages/airflow/example_dags/example_local_kubernetes_executor.py took 0.317 seconds
[2023-08-13T20:17:18.740+0000] {processor.py:157} INFO - Started process (PID=1529) to work on /home/airflow/.local/lib/python3.7/site-packages/airflow/example_dags/example_local_kubernetes_executor.py
[2023-08-13T20:17:18.741+0000] {processor.py:826} INFO - Processing file /home/airflow/.local/lib/python3.7/site-packages/airflow/example_dags/example_local_kubernetes_executor.py for tasks to queue
[2023-08-13T20:17:18.742+0000] {logging_mixin.py:150} INFO - [2023-08-13T20:17:18.742+0000] {dagbag.py:541} INFO - Filling up the DagBag from /home/airflow/.local/lib/python3.7/site-packages/airflow/example_dags/example_local_kubernetes_executor.py
[2023-08-13T20:17:18.929+0000] {processor.py:836} INFO - DAG(s) dict_keys(['example_local_kubernetes_executor']) retrieved from /home/airflow/.local/lib/python3.7/site-packages/airflow/example_dags/example_local_kubernetes_executor.py
[2023-08-13T20:17:18.975+0000] {logging_mixin.py:150} INFO - [2023-08-13T20:17:18.974+0000] {dag.py:2742} INFO - Sync 1 DAGs
[2023-08-13T20:17:19.009+0000] {logging_mixin.py:150} INFO - [2023-08-13T20:17:19.008+0000] {dag.py:3508} INFO - Setting next_dagrun for example_local_kubernetes_executor to None, run_after=None
[2023-08-13T20:17:19.034+0000] {processor.py:179} INFO - Processing /home/airflow/.local/lib/python3.7/site-packages/airflow/example_dags/example_local_kubernetes_executor.py took 0.297 seconds
[2023-08-13T20:17:49.828+0000] {processor.py:157} INFO - Started process (PID=1595) to work on /home/airflow/.local/lib/python3.7/site-packages/airflow/example_dags/example_local_kubernetes_executor.py
[2023-08-13T20:17:49.830+0000] {processor.py:826} INFO - Processing file /home/airflow/.local/lib/python3.7/site-packages/airflow/example_dags/example_local_kubernetes_executor.py for tasks to queue
[2023-08-13T20:17:49.831+0000] {logging_mixin.py:150} INFO - [2023-08-13T20:17:49.831+0000] {dagbag.py:541} INFO - Filling up the DagBag from /home/airflow/.local/lib/python3.7/site-packages/airflow/example_dags/example_local_kubernetes_executor.py
[2023-08-13T20:17:50.051+0000] {processor.py:836} INFO - DAG(s) dict_keys(['example_local_kubernetes_executor']) retrieved from /home/airflow/.local/lib/python3.7/site-packages/airflow/example_dags/example_local_kubernetes_executor.py
[2023-08-13T20:17:50.086+0000] {logging_mixin.py:150} INFO - [2023-08-13T20:17:50.085+0000] {dag.py:2742} INFO - Sync 1 DAGs
[2023-08-13T20:17:50.110+0000] {logging_mixin.py:150} INFO - [2023-08-13T20:17:50.109+0000] {dag.py:3508} INFO - Setting next_dagrun for example_local_kubernetes_executor to None, run_after=None
[2023-08-13T20:17:50.130+0000] {processor.py:179} INFO - Processing /home/airflow/.local/lib/python3.7/site-packages/airflow/example_dags/example_local_kubernetes_executor.py took 0.305 seconds
[2023-08-13T20:18:20.374+0000] {processor.py:157} INFO - Started process (PID=1662) to work on /home/airflow/.local/lib/python3.7/site-packages/airflow/example_dags/example_local_kubernetes_executor.py
[2023-08-13T20:18:20.375+0000] {processor.py:826} INFO - Processing file /home/airflow/.local/lib/python3.7/site-packages/airflow/example_dags/example_local_kubernetes_executor.py for tasks to queue
[2023-08-13T20:18:20.376+0000] {logging_mixin.py:150} INFO - [2023-08-13T20:18:20.376+0000] {dagbag.py:541} INFO - Filling up the DagBag from /home/airflow/.local/lib/python3.7/site-packages/airflow/example_dags/example_local_kubernetes_executor.py
[2023-08-13T20:18:20.576+0000] {processor.py:836} INFO - DAG(s) dict_keys(['example_local_kubernetes_executor']) retrieved from /home/airflow/.local/lib/python3.7/site-packages/airflow/example_dags/example_local_kubernetes_executor.py
[2023-08-13T20:18:20.610+0000] {logging_mixin.py:150} INFO - [2023-08-13T20:18:20.610+0000] {dag.py:2742} INFO - Sync 1 DAGs
[2023-08-13T20:18:20.632+0000] {logging_mixin.py:150} INFO - [2023-08-13T20:18:20.631+0000] {dag.py:3508} INFO - Setting next_dagrun for example_local_kubernetes_executor to None, run_after=None
[2023-08-13T20:18:20.651+0000] {processor.py:179} INFO - Processing /home/airflow/.local/lib/python3.7/site-packages/airflow/example_dags/example_local_kubernetes_executor.py took 0.281 seconds
[2023-08-13T20:18:50.839+0000] {processor.py:157} INFO - Started process (PID=1729) to work on /home/airflow/.local/lib/python3.7/site-packages/airflow/example_dags/example_local_kubernetes_executor.py
[2023-08-13T20:18:50.841+0000] {processor.py:826} INFO - Processing file /home/airflow/.local/lib/python3.7/site-packages/airflow/example_dags/example_local_kubernetes_executor.py for tasks to queue
[2023-08-13T20:18:50.841+0000] {logging_mixin.py:150} INFO - [2023-08-13T20:18:50.841+0000] {dagbag.py:541} INFO - Filling up the DagBag from /home/airflow/.local/lib/python3.7/site-packages/airflow/example_dags/example_local_kubernetes_executor.py
[2023-08-13T20:18:51.042+0000] {processor.py:836} INFO - DAG(s) dict_keys(['example_local_kubernetes_executor']) retrieved from /home/airflow/.local/lib/python3.7/site-packages/airflow/example_dags/example_local_kubernetes_executor.py
[2023-08-13T20:18:51.082+0000] {logging_mixin.py:150} INFO - [2023-08-13T20:18:51.082+0000] {dag.py:2742} INFO - Sync 1 DAGs
[2023-08-13T20:18:51.114+0000] {logging_mixin.py:150} INFO - [2023-08-13T20:18:51.114+0000] {dag.py:3508} INFO - Setting next_dagrun for example_local_kubernetes_executor to None, run_after=None
[2023-08-13T20:18:51.288+0000] {processor.py:179} INFO - Processing /home/airflow/.local/lib/python3.7/site-packages/airflow/example_dags/example_local_kubernetes_executor.py took 0.452 seconds
[2023-08-13T20:19:21.662+0000] {processor.py:157} INFO - Started process (PID=1795) to work on /home/airflow/.local/lib/python3.7/site-packages/airflow/example_dags/example_local_kubernetes_executor.py
[2023-08-13T20:19:21.663+0000] {processor.py:826} INFO - Processing file /home/airflow/.local/lib/python3.7/site-packages/airflow/example_dags/example_local_kubernetes_executor.py for tasks to queue
[2023-08-13T20:19:21.664+0000] {logging_mixin.py:150} INFO - [2023-08-13T20:19:21.664+0000] {dagbag.py:541} INFO - Filling up the DagBag from /home/airflow/.local/lib/python3.7/site-packages/airflow/example_dags/example_local_kubernetes_executor.py
[2023-08-13T20:19:21.899+0000] {processor.py:836} INFO - DAG(s) dict_keys(['example_local_kubernetes_executor']) retrieved from /home/airflow/.local/lib/python3.7/site-packages/airflow/example_dags/example_local_kubernetes_executor.py
[2023-08-13T20:19:21.951+0000] {logging_mixin.py:150} INFO - [2023-08-13T20:19:21.950+0000] {dag.py:2742} INFO - Sync 1 DAGs
[2023-08-13T20:19:21.993+0000] {logging_mixin.py:150} INFO - [2023-08-13T20:19:21.993+0000] {dag.py:3508} INFO - Setting next_dagrun for example_local_kubernetes_executor to None, run_after=None
[2023-08-13T20:19:22.028+0000] {processor.py:179} INFO - Processing /home/airflow/.local/lib/python3.7/site-packages/airflow/example_dags/example_local_kubernetes_executor.py took 0.369 seconds
[2023-08-13T20:19:52.113+0000] {processor.py:157} INFO - Started process (PID=1861) to work on /home/airflow/.local/lib/python3.7/site-packages/airflow/example_dags/example_local_kubernetes_executor.py
[2023-08-13T20:19:52.114+0000] {processor.py:826} INFO - Processing file /home/airflow/.local/lib/python3.7/site-packages/airflow/example_dags/example_local_kubernetes_executor.py for tasks to queue
[2023-08-13T20:19:52.115+0000] {logging_mixin.py:150} INFO - [2023-08-13T20:19:52.115+0000] {dagbag.py:541} INFO - Filling up the DagBag from /home/airflow/.local/lib/python3.7/site-packages/airflow/example_dags/example_local_kubernetes_executor.py
[2023-08-13T20:19:52.321+0000] {processor.py:836} INFO - DAG(s) dict_keys(['example_local_kubernetes_executor']) retrieved from /home/airflow/.local/lib/python3.7/site-packages/airflow/example_dags/example_local_kubernetes_executor.py
[2023-08-13T20:19:52.372+0000] {logging_mixin.py:150} INFO - [2023-08-13T20:19:52.372+0000] {dag.py:2742} INFO - Sync 1 DAGs
[2023-08-13T20:19:52.405+0000] {logging_mixin.py:150} INFO - [2023-08-13T20:19:52.405+0000] {dag.py:3508} INFO - Setting next_dagrun for example_local_kubernetes_executor to None, run_after=None
[2023-08-13T20:19:52.430+0000] {processor.py:179} INFO - Processing /home/airflow/.local/lib/python3.7/site-packages/airflow/example_dags/example_local_kubernetes_executor.py took 0.320 seconds
[2023-08-13T20:20:22.792+0000] {processor.py:157} INFO - Started process (PID=1927) to work on /home/airflow/.local/lib/python3.7/site-packages/airflow/example_dags/example_local_kubernetes_executor.py
[2023-08-13T20:20:22.793+0000] {processor.py:826} INFO - Processing file /home/airflow/.local/lib/python3.7/site-packages/airflow/example_dags/example_local_kubernetes_executor.py for tasks to queue
[2023-08-13T20:20:22.794+0000] {logging_mixin.py:150} INFO - [2023-08-13T20:20:22.794+0000] {dagbag.py:541} INFO - Filling up the DagBag from /home/airflow/.local/lib/python3.7/site-packages/airflow/example_dags/example_local_kubernetes_executor.py
[2023-08-13T20:20:22.980+0000] {processor.py:836} INFO - DAG(s) dict_keys(['example_local_kubernetes_executor']) retrieved from /home/airflow/.local/lib/python3.7/site-packages/airflow/example_dags/example_local_kubernetes_executor.py
[2023-08-13T20:20:23.012+0000] {logging_mixin.py:150} INFO - [2023-08-13T20:20:23.012+0000] {dag.py:2742} INFO - Sync 1 DAGs
[2023-08-13T20:20:23.041+0000] {logging_mixin.py:150} INFO - [2023-08-13T20:20:23.041+0000] {dag.py:3508} INFO - Setting next_dagrun for example_local_kubernetes_executor to None, run_after=None
[2023-08-13T20:20:23.210+0000] {processor.py:179} INFO - Processing /home/airflow/.local/lib/python3.7/site-packages/airflow/example_dags/example_local_kubernetes_executor.py took 0.421 seconds
[2023-08-13T20:20:53.249+0000] {processor.py:157} INFO - Started process (PID=1993) to work on /home/airflow/.local/lib/python3.7/site-packages/airflow/example_dags/example_local_kubernetes_executor.py
[2023-08-13T20:20:53.250+0000] {processor.py:826} INFO - Processing file /home/airflow/.local/lib/python3.7/site-packages/airflow/example_dags/example_local_kubernetes_executor.py for tasks to queue
[2023-08-13T20:20:53.251+0000] {logging_mixin.py:150} INFO - [2023-08-13T20:20:53.251+0000] {dagbag.py:541} INFO - Filling up the DagBag from /home/airflow/.local/lib/python3.7/site-packages/airflow/example_dags/example_local_kubernetes_executor.py
[2023-08-13T20:20:53.539+0000] {processor.py:836} INFO - DAG(s) dict_keys(['example_local_kubernetes_executor']) retrieved from /home/airflow/.local/lib/python3.7/site-packages/airflow/example_dags/example_local_kubernetes_executor.py
[2023-08-13T20:20:53.575+0000] {logging_mixin.py:150} INFO - [2023-08-13T20:20:53.575+0000] {dag.py:2742} INFO - Sync 1 DAGs
[2023-08-13T20:20:53.605+0000] {logging_mixin.py:150} INFO - [2023-08-13T20:20:53.604+0000] {dag.py:3508} INFO - Setting next_dagrun for example_local_kubernetes_executor to None, run_after=None
[2023-08-13T20:20:53.630+0000] {processor.py:179} INFO - Processing /home/airflow/.local/lib/python3.7/site-packages/airflow/example_dags/example_local_kubernetes_executor.py took 0.386 seconds
[2023-08-13T20:21:23.983+0000] {processor.py:157} INFO - Started process (PID=2059) to work on /home/airflow/.local/lib/python3.7/site-packages/airflow/example_dags/example_local_kubernetes_executor.py
[2023-08-13T20:21:23.984+0000] {processor.py:826} INFO - Processing file /home/airflow/.local/lib/python3.7/site-packages/airflow/example_dags/example_local_kubernetes_executor.py for tasks to queue
[2023-08-13T20:21:23.985+0000] {logging_mixin.py:150} INFO - [2023-08-13T20:21:23.985+0000] {dagbag.py:541} INFO - Filling up the DagBag from /home/airflow/.local/lib/python3.7/site-packages/airflow/example_dags/example_local_kubernetes_executor.py
[2023-08-13T20:21:24.259+0000] {processor.py:836} INFO - DAG(s) dict_keys(['example_local_kubernetes_executor']) retrieved from /home/airflow/.local/lib/python3.7/site-packages/airflow/example_dags/example_local_kubernetes_executor.py
[2023-08-13T20:21:24.475+0000] {logging_mixin.py:150} INFO - [2023-08-13T20:21:24.475+0000] {dag.py:2742} INFO - Sync 1 DAGs
[2023-08-13T20:21:24.507+0000] {logging_mixin.py:150} INFO - [2023-08-13T20:21:24.506+0000] {dag.py:3508} INFO - Setting next_dagrun for example_local_kubernetes_executor to None, run_after=None
[2023-08-13T20:21:24.537+0000] {processor.py:179} INFO - Processing /home/airflow/.local/lib/python3.7/site-packages/airflow/example_dags/example_local_kubernetes_executor.py took 0.557 seconds
[2023-08-13T20:21:54.874+0000] {processor.py:157} INFO - Started process (PID=2125) to work on /home/airflow/.local/lib/python3.7/site-packages/airflow/example_dags/example_local_kubernetes_executor.py
[2023-08-13T20:21:54.875+0000] {processor.py:826} INFO - Processing file /home/airflow/.local/lib/python3.7/site-packages/airflow/example_dags/example_local_kubernetes_executor.py for tasks to queue
[2023-08-13T20:21:54.876+0000] {logging_mixin.py:150} INFO - [2023-08-13T20:21:54.876+0000] {dagbag.py:541} INFO - Filling up the DagBag from /home/airflow/.local/lib/python3.7/site-packages/airflow/example_dags/example_local_kubernetes_executor.py
[2023-08-13T20:21:55.197+0000] {processor.py:836} INFO - DAG(s) dict_keys(['example_local_kubernetes_executor']) retrieved from /home/airflow/.local/lib/python3.7/site-packages/airflow/example_dags/example_local_kubernetes_executor.py
[2023-08-13T20:21:55.244+0000] {logging_mixin.py:150} INFO - [2023-08-13T20:21:55.244+0000] {dag.py:2742} INFO - Sync 1 DAGs
[2023-08-13T20:21:55.481+0000] {logging_mixin.py:150} INFO - [2023-08-13T20:21:55.481+0000] {dag.py:3508} INFO - Setting next_dagrun for example_local_kubernetes_executor to None, run_after=None
[2023-08-13T20:21:55.506+0000] {processor.py:179} INFO - Processing /home/airflow/.local/lib/python3.7/site-packages/airflow/example_dags/example_local_kubernetes_executor.py took 0.635 seconds
[2023-08-13T20:22:25.568+0000] {processor.py:157} INFO - Started process (PID=2191) to work on /home/airflow/.local/lib/python3.7/site-packages/airflow/example_dags/example_local_kubernetes_executor.py
[2023-08-13T20:22:25.570+0000] {processor.py:826} INFO - Processing file /home/airflow/.local/lib/python3.7/site-packages/airflow/example_dags/example_local_kubernetes_executor.py for tasks to queue
[2023-08-13T20:22:25.571+0000] {logging_mixin.py:150} INFO - [2023-08-13T20:22:25.570+0000] {dagbag.py:541} INFO - Filling up the DagBag from /home/airflow/.local/lib/python3.7/site-packages/airflow/example_dags/example_local_kubernetes_executor.py
[2023-08-13T20:22:25.797+0000] {processor.py:836} INFO - DAG(s) dict_keys(['example_local_kubernetes_executor']) retrieved from /home/airflow/.local/lib/python3.7/site-packages/airflow/example_dags/example_local_kubernetes_executor.py
[2023-08-13T20:22:25.833+0000] {logging_mixin.py:150} INFO - [2023-08-13T20:22:25.832+0000] {dag.py:2742} INFO - Sync 1 DAGs
[2023-08-13T20:22:25.858+0000] {logging_mixin.py:150} INFO - [2023-08-13T20:22:25.858+0000] {dag.py:3508} INFO - Setting next_dagrun for example_local_kubernetes_executor to None, run_after=None
[2023-08-13T20:22:25.883+0000] {processor.py:179} INFO - Processing /home/airflow/.local/lib/python3.7/site-packages/airflow/example_dags/example_local_kubernetes_executor.py took 0.317 seconds
[2023-08-13T20:22:56.567+0000] {processor.py:157} INFO - Started process (PID=2258) to work on /home/airflow/.local/lib/python3.7/site-packages/airflow/example_dags/example_local_kubernetes_executor.py
[2023-08-13T20:22:56.568+0000] {processor.py:826} INFO - Processing file /home/airflow/.local/lib/python3.7/site-packages/airflow/example_dags/example_local_kubernetes_executor.py for tasks to queue
[2023-08-13T20:22:56.569+0000] {logging_mixin.py:150} INFO - [2023-08-13T20:22:56.569+0000] {dagbag.py:541} INFO - Filling up the DagBag from /home/airflow/.local/lib/python3.7/site-packages/airflow/example_dags/example_local_kubernetes_executor.py
[2023-08-13T20:22:56.747+0000] {processor.py:836} INFO - DAG(s) dict_keys(['example_local_kubernetes_executor']) retrieved from /home/airflow/.local/lib/python3.7/site-packages/airflow/example_dags/example_local_kubernetes_executor.py
[2023-08-13T20:22:56.912+0000] {logging_mixin.py:150} INFO - [2023-08-13T20:22:56.912+0000] {dag.py:2742} INFO - Sync 1 DAGs
[2023-08-13T20:22:56.934+0000] {logging_mixin.py:150} INFO - [2023-08-13T20:22:56.934+0000] {dag.py:3508} INFO - Setting next_dagrun for example_local_kubernetes_executor to None, run_after=None
[2023-08-13T20:22:56.951+0000] {processor.py:179} INFO - Processing /home/airflow/.local/lib/python3.7/site-packages/airflow/example_dags/example_local_kubernetes_executor.py took 0.387 seconds
