[2023-08-13T18:41:08.731+0000] {processor.py:157} INFO - Started process (PID=41) to work on /home/airflow/.local/lib/python3.7/site-packages/airflow/example_dags/example_task_group.py
[2023-08-13T18:41:08.734+0000] {processor.py:826} INFO - Processing file /home/airflow/.local/lib/python3.7/site-packages/airflow/example_dags/example_task_group.py for tasks to queue
[2023-08-13T18:41:08.749+0000] {logging_mixin.py:150} INFO - [2023-08-13T18:41:08.737+0000] {dagbag.py:541} INFO - Filling up the DagBag from /home/airflow/.local/lib/python3.7/site-packages/airflow/example_dags/example_task_group.py
[2023-08-13T18:41:08.826+0000] {processor.py:836} INFO - DAG(s) dict_keys(['example_task_group']) retrieved from /home/airflow/.local/lib/python3.7/site-packages/airflow/example_dags/example_task_group.py
[2023-08-13T18:41:08.904+0000] {logging_mixin.py:150} INFO - [2023-08-13T18:41:08.903+0000] {dag.py:2742} INFO - Sync 1 DAGs
[2023-08-13T18:41:09.015+0000] {logging_mixin.py:150} INFO - [2023-08-13T18:41:09.014+0000] {dag.py:3508} INFO - Setting next_dagrun for example_task_group to 2023-08-12T18:41:09.014153+00:00, run_after=2023-08-13T18:41:09.014153+00:00
[2023-08-13T18:41:09.087+0000] {processor.py:179} INFO - Processing /home/airflow/.local/lib/python3.7/site-packages/airflow/example_dags/example_task_group.py took 0.361 seconds
[2023-08-13T18:41:39.784+0000] {processor.py:157} INFO - Started process (PID=105) to work on /home/airflow/.local/lib/python3.7/site-packages/airflow/example_dags/example_task_group.py
[2023-08-13T18:41:39.785+0000] {processor.py:826} INFO - Processing file /home/airflow/.local/lib/python3.7/site-packages/airflow/example_dags/example_task_group.py for tasks to queue
[2023-08-13T18:41:39.787+0000] {logging_mixin.py:150} INFO - [2023-08-13T18:41:39.786+0000] {dagbag.py:541} INFO - Filling up the DagBag from /home/airflow/.local/lib/python3.7/site-packages/airflow/example_dags/example_task_group.py
[2023-08-13T18:41:39.797+0000] {processor.py:836} INFO - DAG(s) dict_keys(['example_task_group']) retrieved from /home/airflow/.local/lib/python3.7/site-packages/airflow/example_dags/example_task_group.py
[2023-08-13T18:41:39.826+0000] {logging_mixin.py:150} INFO - [2023-08-13T18:41:39.826+0000] {dag.py:2742} INFO - Sync 1 DAGs
[2023-08-13T18:41:39.859+0000] {logging_mixin.py:150} INFO - [2023-08-13T18:41:39.859+0000] {dag.py:3508} INFO - Setting next_dagrun for example_task_group to 2023-08-12T18:41:39.859326+00:00, run_after=2023-08-13T18:41:39.859326+00:00
[2023-08-13T18:41:39.880+0000] {processor.py:179} INFO - Processing /home/airflow/.local/lib/python3.7/site-packages/airflow/example_dags/example_task_group.py took 0.101 seconds
[2023-08-13T18:42:10.270+0000] {processor.py:157} INFO - Started process (PID=170) to work on /home/airflow/.local/lib/python3.7/site-packages/airflow/example_dags/example_task_group.py
[2023-08-13T18:42:10.272+0000] {processor.py:826} INFO - Processing file /home/airflow/.local/lib/python3.7/site-packages/airflow/example_dags/example_task_group.py for tasks to queue
[2023-08-13T18:42:10.273+0000] {logging_mixin.py:150} INFO - [2023-08-13T18:42:10.273+0000] {dagbag.py:541} INFO - Filling up the DagBag from /home/airflow/.local/lib/python3.7/site-packages/airflow/example_dags/example_task_group.py
[2023-08-13T18:42:10.284+0000] {processor.py:836} INFO - DAG(s) dict_keys(['example_task_group']) retrieved from /home/airflow/.local/lib/python3.7/site-packages/airflow/example_dags/example_task_group.py
[2023-08-13T18:42:10.324+0000] {logging_mixin.py:150} INFO - [2023-08-13T18:42:10.323+0000] {dag.py:2742} INFO - Sync 1 DAGs
[2023-08-13T18:42:10.367+0000] {logging_mixin.py:150} INFO - [2023-08-13T18:42:10.366+0000] {dag.py:3508} INFO - Setting next_dagrun for example_task_group to 2023-08-12T18:42:10.365560+00:00, run_after=2023-08-13T18:42:10.365560+00:00
[2023-08-13T18:42:10.402+0000] {processor.py:179} INFO - Processing /home/airflow/.local/lib/python3.7/site-packages/airflow/example_dags/example_task_group.py took 0.135 seconds
[2023-08-13T18:42:40.536+0000] {processor.py:157} INFO - Started process (PID=235) to work on /home/airflow/.local/lib/python3.7/site-packages/airflow/example_dags/example_task_group.py
[2023-08-13T18:42:40.537+0000] {processor.py:826} INFO - Processing file /home/airflow/.local/lib/python3.7/site-packages/airflow/example_dags/example_task_group.py for tasks to queue
[2023-08-13T18:42:40.538+0000] {logging_mixin.py:150} INFO - [2023-08-13T18:42:40.538+0000] {dagbag.py:541} INFO - Filling up the DagBag from /home/airflow/.local/lib/python3.7/site-packages/airflow/example_dags/example_task_group.py
[2023-08-13T18:42:40.547+0000] {processor.py:836} INFO - DAG(s) dict_keys(['example_task_group']) retrieved from /home/airflow/.local/lib/python3.7/site-packages/airflow/example_dags/example_task_group.py
[2023-08-13T18:42:40.579+0000] {logging_mixin.py:150} INFO - [2023-08-13T18:42:40.579+0000] {dag.py:2742} INFO - Sync 1 DAGs
[2023-08-13T18:42:40.614+0000] {logging_mixin.py:150} INFO - [2023-08-13T18:42:40.613+0000] {dag.py:3508} INFO - Setting next_dagrun for example_task_group to 2023-08-12T18:42:40.613417+00:00, run_after=2023-08-13T18:42:40.613417+00:00
[2023-08-13T18:42:40.642+0000] {processor.py:179} INFO - Processing /home/airflow/.local/lib/python3.7/site-packages/airflow/example_dags/example_task_group.py took 0.108 seconds
[2023-08-13T18:43:10.995+0000] {processor.py:157} INFO - Started process (PID=300) to work on /home/airflow/.local/lib/python3.7/site-packages/airflow/example_dags/example_task_group.py
[2023-08-13T18:43:10.997+0000] {processor.py:826} INFO - Processing file /home/airflow/.local/lib/python3.7/site-packages/airflow/example_dags/example_task_group.py for tasks to queue
[2023-08-13T18:43:10.998+0000] {logging_mixin.py:150} INFO - [2023-08-13T18:43:10.998+0000] {dagbag.py:541} INFO - Filling up the DagBag from /home/airflow/.local/lib/python3.7/site-packages/airflow/example_dags/example_task_group.py
[2023-08-13T18:43:11.009+0000] {processor.py:836} INFO - DAG(s) dict_keys(['example_task_group']) retrieved from /home/airflow/.local/lib/python3.7/site-packages/airflow/example_dags/example_task_group.py
[2023-08-13T18:43:11.042+0000] {logging_mixin.py:150} INFO - [2023-08-13T18:43:11.041+0000] {dag.py:2742} INFO - Sync 1 DAGs
[2023-08-13T18:43:11.081+0000] {logging_mixin.py:150} INFO - [2023-08-13T18:43:11.081+0000] {dag.py:3508} INFO - Setting next_dagrun for example_task_group to 2023-08-12T18:43:11.081294+00:00, run_after=2023-08-13T18:43:11.081294+00:00
[2023-08-13T18:43:11.108+0000] {processor.py:179} INFO - Processing /home/airflow/.local/lib/python3.7/site-packages/airflow/example_dags/example_task_group.py took 0.117 seconds
[2023-08-13T18:43:41.666+0000] {processor.py:157} INFO - Started process (PID=365) to work on /home/airflow/.local/lib/python3.7/site-packages/airflow/example_dags/example_task_group.py
[2023-08-13T18:43:41.668+0000] {processor.py:826} INFO - Processing file /home/airflow/.local/lib/python3.7/site-packages/airflow/example_dags/example_task_group.py for tasks to queue
[2023-08-13T18:43:41.669+0000] {logging_mixin.py:150} INFO - [2023-08-13T18:43:41.669+0000] {dagbag.py:541} INFO - Filling up the DagBag from /home/airflow/.local/lib/python3.7/site-packages/airflow/example_dags/example_task_group.py
[2023-08-13T18:43:41.681+0000] {processor.py:836} INFO - DAG(s) dict_keys(['example_task_group']) retrieved from /home/airflow/.local/lib/python3.7/site-packages/airflow/example_dags/example_task_group.py
[2023-08-13T18:43:41.714+0000] {logging_mixin.py:150} INFO - [2023-08-13T18:43:41.714+0000] {dag.py:2742} INFO - Sync 1 DAGs
[2023-08-13T18:43:41.754+0000] {logging_mixin.py:150} INFO - [2023-08-13T18:43:41.754+0000] {dag.py:3508} INFO - Setting next_dagrun for example_task_group to 2023-08-12T18:43:41.754105+00:00, run_after=2023-08-13T18:43:41.754105+00:00
[2023-08-13T18:43:41.787+0000] {processor.py:179} INFO - Processing /home/airflow/.local/lib/python3.7/site-packages/airflow/example_dags/example_task_group.py took 0.125 seconds
[2023-08-13T18:44:11.907+0000] {processor.py:157} INFO - Started process (PID=430) to work on /home/airflow/.local/lib/python3.7/site-packages/airflow/example_dags/example_task_group.py
[2023-08-13T18:44:11.908+0000] {processor.py:826} INFO - Processing file /home/airflow/.local/lib/python3.7/site-packages/airflow/example_dags/example_task_group.py for tasks to queue
[2023-08-13T18:44:11.909+0000] {logging_mixin.py:150} INFO - [2023-08-13T18:44:11.909+0000] {dagbag.py:541} INFO - Filling up the DagBag from /home/airflow/.local/lib/python3.7/site-packages/airflow/example_dags/example_task_group.py
[2023-08-13T18:44:11.919+0000] {processor.py:836} INFO - DAG(s) dict_keys(['example_task_group']) retrieved from /home/airflow/.local/lib/python3.7/site-packages/airflow/example_dags/example_task_group.py
[2023-08-13T18:44:11.950+0000] {logging_mixin.py:150} INFO - [2023-08-13T18:44:11.949+0000] {dag.py:2742} INFO - Sync 1 DAGs
[2023-08-13T18:44:11.983+0000] {logging_mixin.py:150} INFO - [2023-08-13T18:44:11.983+0000] {dag.py:3508} INFO - Setting next_dagrun for example_task_group to 2023-08-12T18:44:11.983300+00:00, run_after=2023-08-13T18:44:11.983300+00:00
[2023-08-13T18:44:12.013+0000] {processor.py:179} INFO - Processing /home/airflow/.local/lib/python3.7/site-packages/airflow/example_dags/example_task_group.py took 0.110 seconds
[2023-08-13T18:44:42.083+0000] {processor.py:157} INFO - Started process (PID=494) to work on /home/airflow/.local/lib/python3.7/site-packages/airflow/example_dags/example_task_group.py
[2023-08-13T18:44:42.084+0000] {processor.py:826} INFO - Processing file /home/airflow/.local/lib/python3.7/site-packages/airflow/example_dags/example_task_group.py for tasks to queue
[2023-08-13T18:44:42.085+0000] {logging_mixin.py:150} INFO - [2023-08-13T18:44:42.085+0000] {dagbag.py:541} INFO - Filling up the DagBag from /home/airflow/.local/lib/python3.7/site-packages/airflow/example_dags/example_task_group.py
[2023-08-13T18:44:42.095+0000] {processor.py:836} INFO - DAG(s) dict_keys(['example_task_group']) retrieved from /home/airflow/.local/lib/python3.7/site-packages/airflow/example_dags/example_task_group.py
[2023-08-13T18:44:42.122+0000] {logging_mixin.py:150} INFO - [2023-08-13T18:44:42.122+0000] {dag.py:2742} INFO - Sync 1 DAGs
[2023-08-13T18:44:42.152+0000] {logging_mixin.py:150} INFO - [2023-08-13T18:44:42.152+0000] {dag.py:3508} INFO - Setting next_dagrun for example_task_group to 2023-08-12T18:44:42.152394+00:00, run_after=2023-08-13T18:44:42.152394+00:00
[2023-08-13T18:44:42.173+0000] {processor.py:179} INFO - Processing /home/airflow/.local/lib/python3.7/site-packages/airflow/example_dags/example_task_group.py took 0.094 seconds
[2023-08-13T18:45:12.913+0000] {processor.py:157} INFO - Started process (PID=560) to work on /home/airflow/.local/lib/python3.7/site-packages/airflow/example_dags/example_task_group.py
[2023-08-13T18:45:12.914+0000] {processor.py:826} INFO - Processing file /home/airflow/.local/lib/python3.7/site-packages/airflow/example_dags/example_task_group.py for tasks to queue
[2023-08-13T18:45:12.916+0000] {logging_mixin.py:150} INFO - [2023-08-13T18:45:12.915+0000] {dagbag.py:541} INFO - Filling up the DagBag from /home/airflow/.local/lib/python3.7/site-packages/airflow/example_dags/example_task_group.py
[2023-08-13T18:45:12.929+0000] {processor.py:836} INFO - DAG(s) dict_keys(['example_task_group']) retrieved from /home/airflow/.local/lib/python3.7/site-packages/airflow/example_dags/example_task_group.py
[2023-08-13T18:45:12.972+0000] {logging_mixin.py:150} INFO - [2023-08-13T18:45:12.972+0000] {dag.py:2742} INFO - Sync 1 DAGs
[2023-08-13T18:45:13.022+0000] {logging_mixin.py:150} INFO - [2023-08-13T18:45:13.022+0000] {dag.py:3508} INFO - Setting next_dagrun for example_task_group to 2023-08-12T18:45:13.021628+00:00, run_after=2023-08-13T18:45:13.021628+00:00
[2023-08-13T18:45:13.065+0000] {processor.py:179} INFO - Processing /home/airflow/.local/lib/python3.7/site-packages/airflow/example_dags/example_task_group.py took 0.156 seconds
[2023-08-13T18:45:43.305+0000] {processor.py:157} INFO - Started process (PID=625) to work on /home/airflow/.local/lib/python3.7/site-packages/airflow/example_dags/example_task_group.py
[2023-08-13T18:45:43.307+0000] {processor.py:826} INFO - Processing file /home/airflow/.local/lib/python3.7/site-packages/airflow/example_dags/example_task_group.py for tasks to queue
[2023-08-13T18:45:43.308+0000] {logging_mixin.py:150} INFO - [2023-08-13T18:45:43.308+0000] {dagbag.py:541} INFO - Filling up the DagBag from /home/airflow/.local/lib/python3.7/site-packages/airflow/example_dags/example_task_group.py
[2023-08-13T18:45:43.320+0000] {processor.py:836} INFO - DAG(s) dict_keys(['example_task_group']) retrieved from /home/airflow/.local/lib/python3.7/site-packages/airflow/example_dags/example_task_group.py
[2023-08-13T18:45:43.356+0000] {logging_mixin.py:150} INFO - [2023-08-13T18:45:43.355+0000] {dag.py:2742} INFO - Sync 1 DAGs
[2023-08-13T18:45:43.391+0000] {logging_mixin.py:150} INFO - [2023-08-13T18:45:43.391+0000] {dag.py:3508} INFO - Setting next_dagrun for example_task_group to 2023-08-12T18:45:43.390948+00:00, run_after=2023-08-13T18:45:43.390948+00:00
[2023-08-13T18:45:43.420+0000] {processor.py:179} INFO - Processing /home/airflow/.local/lib/python3.7/site-packages/airflow/example_dags/example_task_group.py took 0.119 seconds
[2023-08-13T18:46:13.510+0000] {processor.py:157} INFO - Started process (PID=690) to work on /home/airflow/.local/lib/python3.7/site-packages/airflow/example_dags/example_task_group.py
[2023-08-13T18:46:13.511+0000] {processor.py:826} INFO - Processing file /home/airflow/.local/lib/python3.7/site-packages/airflow/example_dags/example_task_group.py for tasks to queue
[2023-08-13T18:46:13.512+0000] {logging_mixin.py:150} INFO - [2023-08-13T18:46:13.512+0000] {dagbag.py:541} INFO - Filling up the DagBag from /home/airflow/.local/lib/python3.7/site-packages/airflow/example_dags/example_task_group.py
[2023-08-13T18:46:13.520+0000] {processor.py:836} INFO - DAG(s) dict_keys(['example_task_group']) retrieved from /home/airflow/.local/lib/python3.7/site-packages/airflow/example_dags/example_task_group.py
[2023-08-13T18:46:13.552+0000] {logging_mixin.py:150} INFO - [2023-08-13T18:46:13.552+0000] {dag.py:2742} INFO - Sync 1 DAGs
[2023-08-13T18:46:13.585+0000] {logging_mixin.py:150} INFO - [2023-08-13T18:46:13.584+0000] {dag.py:3508} INFO - Setting next_dagrun for example_task_group to 2023-08-12T18:46:13.584713+00:00, run_after=2023-08-13T18:46:13.584713+00:00
[2023-08-13T18:46:13.610+0000] {processor.py:179} INFO - Processing /home/airflow/.local/lib/python3.7/site-packages/airflow/example_dags/example_task_group.py took 0.103 seconds
[2023-08-13T18:46:43.749+0000] {processor.py:157} INFO - Started process (PID=754) to work on /home/airflow/.local/lib/python3.7/site-packages/airflow/example_dags/example_task_group.py
[2023-08-13T18:46:43.750+0000] {processor.py:826} INFO - Processing file /home/airflow/.local/lib/python3.7/site-packages/airflow/example_dags/example_task_group.py for tasks to queue
[2023-08-13T18:46:43.752+0000] {logging_mixin.py:150} INFO - [2023-08-13T18:46:43.751+0000] {dagbag.py:541} INFO - Filling up the DagBag from /home/airflow/.local/lib/python3.7/site-packages/airflow/example_dags/example_task_group.py
[2023-08-13T18:46:43.766+0000] {processor.py:836} INFO - DAG(s) dict_keys(['example_task_group']) retrieved from /home/airflow/.local/lib/python3.7/site-packages/airflow/example_dags/example_task_group.py
[2023-08-13T18:46:43.815+0000] {logging_mixin.py:150} INFO - [2023-08-13T18:46:43.814+0000] {dag.py:2742} INFO - Sync 1 DAGs
[2023-08-13T18:46:43.875+0000] {logging_mixin.py:150} INFO - [2023-08-13T18:46:43.875+0000] {dag.py:3508} INFO - Setting next_dagrun for example_task_group to 2023-08-12T18:46:43.875097+00:00, run_after=2023-08-13T18:46:43.875097+00:00
[2023-08-13T18:46:43.932+0000] {processor.py:179} INFO - Processing /home/airflow/.local/lib/python3.7/site-packages/airflow/example_dags/example_task_group.py took 0.188 seconds
[2023-08-13T18:47:14.008+0000] {processor.py:157} INFO - Started process (PID=819) to work on /home/airflow/.local/lib/python3.7/site-packages/airflow/example_dags/example_task_group.py
[2023-08-13T18:47:14.009+0000] {processor.py:826} INFO - Processing file /home/airflow/.local/lib/python3.7/site-packages/airflow/example_dags/example_task_group.py for tasks to queue
[2023-08-13T18:47:14.010+0000] {logging_mixin.py:150} INFO - [2023-08-13T18:47:14.009+0000] {dagbag.py:541} INFO - Filling up the DagBag from /home/airflow/.local/lib/python3.7/site-packages/airflow/example_dags/example_task_group.py
[2023-08-13T18:47:14.019+0000] {processor.py:836} INFO - DAG(s) dict_keys(['example_task_group']) retrieved from /home/airflow/.local/lib/python3.7/site-packages/airflow/example_dags/example_task_group.py
[2023-08-13T18:47:14.045+0000] {logging_mixin.py:150} INFO - [2023-08-13T18:47:14.045+0000] {dag.py:2742} INFO - Sync 1 DAGs
[2023-08-13T18:47:14.074+0000] {logging_mixin.py:150} INFO - [2023-08-13T18:47:14.073+0000] {dag.py:3508} INFO - Setting next_dagrun for example_task_group to 2023-08-12T18:47:14.073544+00:00, run_after=2023-08-13T18:47:14.073544+00:00
[2023-08-13T18:47:14.096+0000] {processor.py:179} INFO - Processing /home/airflow/.local/lib/python3.7/site-packages/airflow/example_dags/example_task_group.py took 0.091 seconds
[2023-08-13T18:47:44.443+0000] {processor.py:157} INFO - Started process (PID=884) to work on /home/airflow/.local/lib/python3.7/site-packages/airflow/example_dags/example_task_group.py
[2023-08-13T18:47:44.445+0000] {processor.py:826} INFO - Processing file /home/airflow/.local/lib/python3.7/site-packages/airflow/example_dags/example_task_group.py for tasks to queue
[2023-08-13T18:47:44.446+0000] {logging_mixin.py:150} INFO - [2023-08-13T18:47:44.446+0000] {dagbag.py:541} INFO - Filling up the DagBag from /home/airflow/.local/lib/python3.7/site-packages/airflow/example_dags/example_task_group.py
[2023-08-13T18:47:44.455+0000] {processor.py:836} INFO - DAG(s) dict_keys(['example_task_group']) retrieved from /home/airflow/.local/lib/python3.7/site-packages/airflow/example_dags/example_task_group.py
[2023-08-13T18:47:44.493+0000] {logging_mixin.py:150} INFO - [2023-08-13T18:47:44.493+0000] {dag.py:2742} INFO - Sync 1 DAGs
[2023-08-13T18:47:44.554+0000] {logging_mixin.py:150} INFO - [2023-08-13T18:47:44.553+0000] {dag.py:3508} INFO - Setting next_dagrun for example_task_group to 2023-08-12T18:47:44.553623+00:00, run_after=2023-08-13T18:47:44.553623+00:00
[2023-08-13T18:47:44.588+0000] {processor.py:179} INFO - Processing /home/airflow/.local/lib/python3.7/site-packages/airflow/example_dags/example_task_group.py took 0.149 seconds
[2023-08-13T18:48:14.768+0000] {processor.py:157} INFO - Started process (PID=949) to work on /home/airflow/.local/lib/python3.7/site-packages/airflow/example_dags/example_task_group.py
[2023-08-13T18:48:14.769+0000] {processor.py:826} INFO - Processing file /home/airflow/.local/lib/python3.7/site-packages/airflow/example_dags/example_task_group.py for tasks to queue
[2023-08-13T18:48:14.770+0000] {logging_mixin.py:150} INFO - [2023-08-13T18:48:14.770+0000] {dagbag.py:541} INFO - Filling up the DagBag from /home/airflow/.local/lib/python3.7/site-packages/airflow/example_dags/example_task_group.py
[2023-08-13T18:48:14.779+0000] {processor.py:836} INFO - DAG(s) dict_keys(['example_task_group']) retrieved from /home/airflow/.local/lib/python3.7/site-packages/airflow/example_dags/example_task_group.py
[2023-08-13T18:48:14.804+0000] {logging_mixin.py:150} INFO - [2023-08-13T18:48:14.804+0000] {dag.py:2742} INFO - Sync 1 DAGs
[2023-08-13T18:48:14.831+0000] {logging_mixin.py:150} INFO - [2023-08-13T18:48:14.831+0000] {dag.py:3508} INFO - Setting next_dagrun for example_task_group to 2023-08-12T18:48:14.831281+00:00, run_after=2023-08-13T18:48:14.831281+00:00
[2023-08-13T18:48:14.857+0000] {processor.py:179} INFO - Processing /home/airflow/.local/lib/python3.7/site-packages/airflow/example_dags/example_task_group.py took 0.092 seconds
[2023-08-13T18:48:45.511+0000] {processor.py:157} INFO - Started process (PID=1014) to work on /home/airflow/.local/lib/python3.7/site-packages/airflow/example_dags/example_task_group.py
[2023-08-13T18:48:45.512+0000] {processor.py:826} INFO - Processing file /home/airflow/.local/lib/python3.7/site-packages/airflow/example_dags/example_task_group.py for tasks to queue
[2023-08-13T18:48:45.513+0000] {logging_mixin.py:150} INFO - [2023-08-13T18:48:45.513+0000] {dagbag.py:541} INFO - Filling up the DagBag from /home/airflow/.local/lib/python3.7/site-packages/airflow/example_dags/example_task_group.py
[2023-08-13T18:48:45.522+0000] {processor.py:836} INFO - DAG(s) dict_keys(['example_task_group']) retrieved from /home/airflow/.local/lib/python3.7/site-packages/airflow/example_dags/example_task_group.py
[2023-08-13T18:48:45.546+0000] {logging_mixin.py:150} INFO - [2023-08-13T18:48:45.546+0000] {dag.py:2742} INFO - Sync 1 DAGs
[2023-08-13T18:48:45.571+0000] {logging_mixin.py:150} INFO - [2023-08-13T18:48:45.570+0000] {dag.py:3508} INFO - Setting next_dagrun for example_task_group to 2023-08-12T18:48:45.570521+00:00, run_after=2023-08-13T18:48:45.570521+00:00
[2023-08-13T18:48:45.600+0000] {processor.py:179} INFO - Processing /home/airflow/.local/lib/python3.7/site-packages/airflow/example_dags/example_task_group.py took 0.092 seconds
[2023-08-13T18:49:15.877+0000] {processor.py:157} INFO - Started process (PID=1079) to work on /home/airflow/.local/lib/python3.7/site-packages/airflow/example_dags/example_task_group.py
[2023-08-13T18:49:15.878+0000] {processor.py:826} INFO - Processing file /home/airflow/.local/lib/python3.7/site-packages/airflow/example_dags/example_task_group.py for tasks to queue
[2023-08-13T18:49:15.879+0000] {logging_mixin.py:150} INFO - [2023-08-13T18:49:15.879+0000] {dagbag.py:541} INFO - Filling up the DagBag from /home/airflow/.local/lib/python3.7/site-packages/airflow/example_dags/example_task_group.py
[2023-08-13T18:49:15.892+0000] {processor.py:836} INFO - DAG(s) dict_keys(['example_task_group']) retrieved from /home/airflow/.local/lib/python3.7/site-packages/airflow/example_dags/example_task_group.py
[2023-08-13T18:49:15.924+0000] {logging_mixin.py:150} INFO - [2023-08-13T18:49:15.923+0000] {dag.py:2742} INFO - Sync 1 DAGs
[2023-08-13T18:49:15.958+0000] {logging_mixin.py:150} INFO - [2023-08-13T18:49:15.958+0000] {dag.py:3508} INFO - Setting next_dagrun for example_task_group to 2023-08-12T18:49:15.957853+00:00, run_after=2023-08-13T18:49:15.957853+00:00
[2023-08-13T18:49:15.990+0000] {processor.py:179} INFO - Processing /home/airflow/.local/lib/python3.7/site-packages/airflow/example_dags/example_task_group.py took 0.117 seconds
[2023-08-13T18:49:46.468+0000] {processor.py:157} INFO - Started process (PID=1144) to work on /home/airflow/.local/lib/python3.7/site-packages/airflow/example_dags/example_task_group.py
[2023-08-13T18:49:46.469+0000] {processor.py:826} INFO - Processing file /home/airflow/.local/lib/python3.7/site-packages/airflow/example_dags/example_task_group.py for tasks to queue
[2023-08-13T18:49:46.471+0000] {logging_mixin.py:150} INFO - [2023-08-13T18:49:46.470+0000] {dagbag.py:541} INFO - Filling up the DagBag from /home/airflow/.local/lib/python3.7/site-packages/airflow/example_dags/example_task_group.py
[2023-08-13T18:49:46.483+0000] {processor.py:836} INFO - DAG(s) dict_keys(['example_task_group']) retrieved from /home/airflow/.local/lib/python3.7/site-packages/airflow/example_dags/example_task_group.py
[2023-08-13T18:49:46.523+0000] {logging_mixin.py:150} INFO - [2023-08-13T18:49:46.523+0000] {dag.py:2742} INFO - Sync 1 DAGs
[2023-08-13T18:49:46.560+0000] {logging_mixin.py:150} INFO - [2023-08-13T18:49:46.560+0000] {dag.py:3508} INFO - Setting next_dagrun for example_task_group to 2023-08-12T18:49:46.559879+00:00, run_after=2023-08-13T18:49:46.559879+00:00
[2023-08-13T18:49:46.594+0000] {processor.py:179} INFO - Processing /home/airflow/.local/lib/python3.7/site-packages/airflow/example_dags/example_task_group.py took 0.131 seconds
[2023-08-13T18:50:17.115+0000] {processor.py:157} INFO - Started process (PID=1209) to work on /home/airflow/.local/lib/python3.7/site-packages/airflow/example_dags/example_task_group.py
[2023-08-13T18:50:17.116+0000] {processor.py:826} INFO - Processing file /home/airflow/.local/lib/python3.7/site-packages/airflow/example_dags/example_task_group.py for tasks to queue
[2023-08-13T18:50:17.117+0000] {logging_mixin.py:150} INFO - [2023-08-13T18:50:17.117+0000] {dagbag.py:541} INFO - Filling up the DagBag from /home/airflow/.local/lib/python3.7/site-packages/airflow/example_dags/example_task_group.py
[2023-08-13T18:50:17.126+0000] {processor.py:836} INFO - DAG(s) dict_keys(['example_task_group']) retrieved from /home/airflow/.local/lib/python3.7/site-packages/airflow/example_dags/example_task_group.py
[2023-08-13T18:50:17.149+0000] {logging_mixin.py:150} INFO - [2023-08-13T18:50:17.149+0000] {dag.py:2742} INFO - Sync 1 DAGs
[2023-08-13T18:50:17.179+0000] {logging_mixin.py:150} INFO - [2023-08-13T18:50:17.179+0000] {dag.py:3508} INFO - Setting next_dagrun for example_task_group to 2023-08-12T18:50:17.178763+00:00, run_after=2023-08-13T18:50:17.178763+00:00
[2023-08-13T18:50:17.207+0000] {processor.py:179} INFO - Processing /home/airflow/.local/lib/python3.7/site-packages/airflow/example_dags/example_task_group.py took 0.094 seconds
