[2023-08-13T18:41:11.532+0000] {processor.py:157} INFO - Started process (PID=61) to work on /home/airflow/.local/lib/python3.7/site-packages/airflow/example_dags/example_bash_operator.py
[2023-08-13T18:41:11.533+0000] {processor.py:826} INFO - Processing file /home/airflow/.local/lib/python3.7/site-packages/airflow/example_dags/example_bash_operator.py for tasks to queue
[2023-08-13T18:41:11.535+0000] {logging_mixin.py:150} INFO - [2023-08-13T18:41:11.535+0000] {dagbag.py:541} INFO - Filling up the DagBag from /home/airflow/.local/lib/python3.7/site-packages/airflow/example_dags/example_bash_operator.py
[2023-08-13T18:41:11.562+0000] {processor.py:836} INFO - DAG(s) dict_keys(['example_bash_operator']) retrieved from /home/airflow/.local/lib/python3.7/site-packages/airflow/example_dags/example_bash_operator.py
[2023-08-13T18:41:11.580+0000] {logging_mixin.py:150} INFO - [2023-08-13T18:41:11.580+0000] {dag.py:2742} INFO - Sync 1 DAGs
[2023-08-13T18:41:11.620+0000] {logging_mixin.py:150} INFO - [2023-08-13T18:41:11.620+0000] {dag.py:3508} INFO - Setting next_dagrun for example_bash_operator to 2023-08-12T00:00:00+00:00, run_after=2023-08-13T00:00:00+00:00
[2023-08-13T18:41:11.645+0000] {processor.py:179} INFO - Processing /home/airflow/.local/lib/python3.7/site-packages/airflow/example_dags/example_bash_operator.py took 0.118 seconds
[2023-08-13T18:41:42.434+0000] {processor.py:157} INFO - Started process (PID=126) to work on /home/airflow/.local/lib/python3.7/site-packages/airflow/example_dags/example_bash_operator.py
[2023-08-13T18:41:42.436+0000] {processor.py:826} INFO - Processing file /home/airflow/.local/lib/python3.7/site-packages/airflow/example_dags/example_bash_operator.py for tasks to queue
[2023-08-13T18:41:42.437+0000] {logging_mixin.py:150} INFO - [2023-08-13T18:41:42.437+0000] {dagbag.py:541} INFO - Filling up the DagBag from /home/airflow/.local/lib/python3.7/site-packages/airflow/example_dags/example_bash_operator.py
[2023-08-13T18:41:42.460+0000] {processor.py:836} INFO - DAG(s) dict_keys(['example_bash_operator']) retrieved from /home/airflow/.local/lib/python3.7/site-packages/airflow/example_dags/example_bash_operator.py
[2023-08-13T18:41:42.530+0000] {logging_mixin.py:150} INFO - [2023-08-13T18:41:42.530+0000] {dag.py:2742} INFO - Sync 1 DAGs
[2023-08-13T18:41:42.581+0000] {logging_mixin.py:150} INFO - [2023-08-13T18:41:42.581+0000] {dag.py:3508} INFO - Setting next_dagrun for example_bash_operator to 2023-08-12T00:00:00+00:00, run_after=2023-08-13T00:00:00+00:00
[2023-08-13T18:41:42.608+0000] {processor.py:179} INFO - Processing /home/airflow/.local/lib/python3.7/site-packages/airflow/example_dags/example_bash_operator.py took 0.177 seconds
[2023-08-13T18:42:12.868+0000] {processor.py:157} INFO - Started process (PID=191) to work on /home/airflow/.local/lib/python3.7/site-packages/airflow/example_dags/example_bash_operator.py
[2023-08-13T18:42:12.869+0000] {processor.py:826} INFO - Processing file /home/airflow/.local/lib/python3.7/site-packages/airflow/example_dags/example_bash_operator.py for tasks to queue
[2023-08-13T18:42:12.870+0000] {logging_mixin.py:150} INFO - [2023-08-13T18:42:12.870+0000] {dagbag.py:541} INFO - Filling up the DagBag from /home/airflow/.local/lib/python3.7/site-packages/airflow/example_dags/example_bash_operator.py
[2023-08-13T18:42:12.885+0000] {processor.py:836} INFO - DAG(s) dict_keys(['example_bash_operator']) retrieved from /home/airflow/.local/lib/python3.7/site-packages/airflow/example_dags/example_bash_operator.py
[2023-08-13T18:42:12.932+0000] {logging_mixin.py:150} INFO - [2023-08-13T18:42:12.932+0000] {dag.py:2742} INFO - Sync 1 DAGs
[2023-08-13T18:42:12.975+0000] {logging_mixin.py:150} INFO - [2023-08-13T18:42:12.974+0000] {dag.py:3508} INFO - Setting next_dagrun for example_bash_operator to 2023-08-12T00:00:00+00:00, run_after=2023-08-13T00:00:00+00:00
[2023-08-13T18:42:13.001+0000] {processor.py:179} INFO - Processing /home/airflow/.local/lib/python3.7/site-packages/airflow/example_dags/example_bash_operator.py took 0.137 seconds
[2023-08-13T18:42:43.232+0000] {processor.py:157} INFO - Started process (PID=256) to work on /home/airflow/.local/lib/python3.7/site-packages/airflow/example_dags/example_bash_operator.py
[2023-08-13T18:42:43.233+0000] {processor.py:826} INFO - Processing file /home/airflow/.local/lib/python3.7/site-packages/airflow/example_dags/example_bash_operator.py for tasks to queue
[2023-08-13T18:42:43.234+0000] {logging_mixin.py:150} INFO - [2023-08-13T18:42:43.233+0000] {dagbag.py:541} INFO - Filling up the DagBag from /home/airflow/.local/lib/python3.7/site-packages/airflow/example_dags/example_bash_operator.py
[2023-08-13T18:42:43.246+0000] {processor.py:836} INFO - DAG(s) dict_keys(['example_bash_operator']) retrieved from /home/airflow/.local/lib/python3.7/site-packages/airflow/example_dags/example_bash_operator.py
[2023-08-13T18:42:43.281+0000] {logging_mixin.py:150} INFO - [2023-08-13T18:42:43.281+0000] {dag.py:2742} INFO - Sync 1 DAGs
[2023-08-13T18:42:43.307+0000] {logging_mixin.py:150} INFO - [2023-08-13T18:42:43.307+0000] {dag.py:3508} INFO - Setting next_dagrun for example_bash_operator to 2023-08-12T00:00:00+00:00, run_after=2023-08-13T00:00:00+00:00
[2023-08-13T18:42:43.336+0000] {processor.py:179} INFO - Processing /home/airflow/.local/lib/python3.7/site-packages/airflow/example_dags/example_bash_operator.py took 0.107 seconds
[2023-08-13T18:43:16.071+0000] {processor.py:157} INFO - Started process (PID=321) to work on /home/airflow/.local/lib/python3.7/site-packages/airflow/example_dags/example_bash_operator.py
[2023-08-13T18:43:16.073+0000] {processor.py:826} INFO - Processing file /home/airflow/.local/lib/python3.7/site-packages/airflow/example_dags/example_bash_operator.py for tasks to queue
[2023-08-13T18:43:16.075+0000] {logging_mixin.py:150} INFO - [2023-08-13T18:43:16.074+0000] {dagbag.py:541} INFO - Filling up the DagBag from /home/airflow/.local/lib/python3.7/site-packages/airflow/example_dags/example_bash_operator.py
[2023-08-13T18:43:16.102+0000] {processor.py:836} INFO - DAG(s) dict_keys(['example_bash_operator']) retrieved from /home/airflow/.local/lib/python3.7/site-packages/airflow/example_dags/example_bash_operator.py
[2023-08-13T18:43:16.170+0000] {logging_mixin.py:150} INFO - [2023-08-13T18:43:16.169+0000] {dag.py:2742} INFO - Sync 1 DAGs
[2023-08-13T18:43:16.217+0000] {logging_mixin.py:150} INFO - [2023-08-13T18:43:16.216+0000] {dag.py:3508} INFO - Setting next_dagrun for example_bash_operator to 2023-08-12T00:00:00+00:00, run_after=2023-08-13T00:00:00+00:00
[2023-08-13T18:43:16.256+0000] {processor.py:179} INFO - Processing /home/airflow/.local/lib/python3.7/site-packages/airflow/example_dags/example_bash_operator.py took 0.189 seconds
[2023-08-13T18:43:46.659+0000] {processor.py:157} INFO - Started process (PID=386) to work on /home/airflow/.local/lib/python3.7/site-packages/airflow/example_dags/example_bash_operator.py
[2023-08-13T18:43:46.661+0000] {processor.py:826} INFO - Processing file /home/airflow/.local/lib/python3.7/site-packages/airflow/example_dags/example_bash_operator.py for tasks to queue
[2023-08-13T18:43:46.663+0000] {logging_mixin.py:150} INFO - [2023-08-13T18:43:46.662+0000] {dagbag.py:541} INFO - Filling up the DagBag from /home/airflow/.local/lib/python3.7/site-packages/airflow/example_dags/example_bash_operator.py
[2023-08-13T18:43:46.689+0000] {processor.py:836} INFO - DAG(s) dict_keys(['example_bash_operator']) retrieved from /home/airflow/.local/lib/python3.7/site-packages/airflow/example_dags/example_bash_operator.py
[2023-08-13T18:43:46.744+0000] {logging_mixin.py:150} INFO - [2023-08-13T18:43:46.743+0000] {dag.py:2742} INFO - Sync 1 DAGs
[2023-08-13T18:43:46.790+0000] {logging_mixin.py:150} INFO - [2023-08-13T18:43:46.789+0000] {dag.py:3508} INFO - Setting next_dagrun for example_bash_operator to 2023-08-12T00:00:00+00:00, run_after=2023-08-13T00:00:00+00:00
[2023-08-13T18:43:46.821+0000] {processor.py:179} INFO - Processing /home/airflow/.local/lib/python3.7/site-packages/airflow/example_dags/example_bash_operator.py took 0.166 seconds
[2023-08-13T18:44:16.955+0000] {processor.py:157} INFO - Started process (PID=451) to work on /home/airflow/.local/lib/python3.7/site-packages/airflow/example_dags/example_bash_operator.py
[2023-08-13T18:44:16.956+0000] {processor.py:826} INFO - Processing file /home/airflow/.local/lib/python3.7/site-packages/airflow/example_dags/example_bash_operator.py for tasks to queue
[2023-08-13T18:44:16.957+0000] {logging_mixin.py:150} INFO - [2023-08-13T18:44:16.957+0000] {dagbag.py:541} INFO - Filling up the DagBag from /home/airflow/.local/lib/python3.7/site-packages/airflow/example_dags/example_bash_operator.py
[2023-08-13T18:44:16.979+0000] {processor.py:836} INFO - DAG(s) dict_keys(['example_bash_operator']) retrieved from /home/airflow/.local/lib/python3.7/site-packages/airflow/example_dags/example_bash_operator.py
[2023-08-13T18:44:17.099+0000] {logging_mixin.py:150} INFO - [2023-08-13T18:44:17.098+0000] {dag.py:2742} INFO - Sync 1 DAGs
[2023-08-13T18:44:17.144+0000] {logging_mixin.py:150} INFO - [2023-08-13T18:44:17.144+0000] {dag.py:3508} INFO - Setting next_dagrun for example_bash_operator to 2023-08-12T00:00:00+00:00, run_after=2023-08-13T00:00:00+00:00
[2023-08-13T18:44:17.181+0000] {processor.py:179} INFO - Processing /home/airflow/.local/lib/python3.7/site-packages/airflow/example_dags/example_bash_operator.py took 0.230 seconds
[2023-08-13T18:44:47.996+0000] {processor.py:157} INFO - Started process (PID=516) to work on /home/airflow/.local/lib/python3.7/site-packages/airflow/example_dags/example_bash_operator.py
[2023-08-13T18:44:47.998+0000] {processor.py:826} INFO - Processing file /home/airflow/.local/lib/python3.7/site-packages/airflow/example_dags/example_bash_operator.py for tasks to queue
[2023-08-13T18:44:48.004+0000] {logging_mixin.py:150} INFO - [2023-08-13T18:44:48.003+0000] {dagbag.py:541} INFO - Filling up the DagBag from /home/airflow/.local/lib/python3.7/site-packages/airflow/example_dags/example_bash_operator.py
[2023-08-13T18:44:48.036+0000] {processor.py:836} INFO - DAG(s) dict_keys(['example_bash_operator']) retrieved from /home/airflow/.local/lib/python3.7/site-packages/airflow/example_dags/example_bash_operator.py
[2023-08-13T18:44:48.126+0000] {logging_mixin.py:150} INFO - [2023-08-13T18:44:48.126+0000] {dag.py:2742} INFO - Sync 1 DAGs
[2023-08-13T18:44:48.187+0000] {logging_mixin.py:150} INFO - [2023-08-13T18:44:48.187+0000] {dag.py:3508} INFO - Setting next_dagrun for example_bash_operator to 2023-08-12T00:00:00+00:00, run_after=2023-08-13T00:00:00+00:00
[2023-08-13T18:44:48.883+0000] {processor.py:179} INFO - Processing /home/airflow/.local/lib/python3.7/site-packages/airflow/example_dags/example_bash_operator.py took 0.896 seconds
[2023-08-13T18:45:20.295+0000] {processor.py:157} INFO - Started process (PID=581) to work on /home/airflow/.local/lib/python3.7/site-packages/airflow/example_dags/example_bash_operator.py
[2023-08-13T18:45:20.297+0000] {processor.py:826} INFO - Processing file /home/airflow/.local/lib/python3.7/site-packages/airflow/example_dags/example_bash_operator.py for tasks to queue
[2023-08-13T18:45:20.298+0000] {logging_mixin.py:150} INFO - [2023-08-13T18:45:20.298+0000] {dagbag.py:541} INFO - Filling up the DagBag from /home/airflow/.local/lib/python3.7/site-packages/airflow/example_dags/example_bash_operator.py
[2023-08-13T18:45:20.321+0000] {processor.py:836} INFO - DAG(s) dict_keys(['example_bash_operator']) retrieved from /home/airflow/.local/lib/python3.7/site-packages/airflow/example_dags/example_bash_operator.py
[2023-08-13T18:45:20.387+0000] {logging_mixin.py:150} INFO - [2023-08-13T18:45:20.386+0000] {dag.py:2742} INFO - Sync 1 DAGs
[2023-08-13T18:45:20.436+0000] {logging_mixin.py:150} INFO - [2023-08-13T18:45:20.436+0000] {dag.py:3508} INFO - Setting next_dagrun for example_bash_operator to 2023-08-12T00:00:00+00:00, run_after=2023-08-13T00:00:00+00:00
[2023-08-13T18:45:20.494+0000] {processor.py:179} INFO - Processing /home/airflow/.local/lib/python3.7/site-packages/airflow/example_dags/example_bash_operator.py took 0.204 seconds
[2023-08-13T18:45:50.991+0000] {processor.py:157} INFO - Started process (PID=646) to work on /home/airflow/.local/lib/python3.7/site-packages/airflow/example_dags/example_bash_operator.py
[2023-08-13T18:45:50.992+0000] {processor.py:826} INFO - Processing file /home/airflow/.local/lib/python3.7/site-packages/airflow/example_dags/example_bash_operator.py for tasks to queue
[2023-08-13T18:45:50.993+0000] {logging_mixin.py:150} INFO - [2023-08-13T18:45:50.993+0000] {dagbag.py:541} INFO - Filling up the DagBag from /home/airflow/.local/lib/python3.7/site-packages/airflow/example_dags/example_bash_operator.py
[2023-08-13T18:45:51.006+0000] {processor.py:836} INFO - DAG(s) dict_keys(['example_bash_operator']) retrieved from /home/airflow/.local/lib/python3.7/site-packages/airflow/example_dags/example_bash_operator.py
[2023-08-13T18:45:51.041+0000] {logging_mixin.py:150} INFO - [2023-08-13T18:45:51.041+0000] {dag.py:2742} INFO - Sync 1 DAGs
[2023-08-13T18:45:51.067+0000] {logging_mixin.py:150} INFO - [2023-08-13T18:45:51.067+0000] {dag.py:3508} INFO - Setting next_dagrun for example_bash_operator to 2023-08-12T00:00:00+00:00, run_after=2023-08-13T00:00:00+00:00
[2023-08-13T18:45:51.092+0000] {processor.py:179} INFO - Processing /home/airflow/.local/lib/python3.7/site-packages/airflow/example_dags/example_bash_operator.py took 0.103 seconds
[2023-08-13T18:46:21.268+0000] {processor.py:157} INFO - Started process (PID=711) to work on /home/airflow/.local/lib/python3.7/site-packages/airflow/example_dags/example_bash_operator.py
[2023-08-13T18:46:21.270+0000] {processor.py:826} INFO - Processing file /home/airflow/.local/lib/python3.7/site-packages/airflow/example_dags/example_bash_operator.py for tasks to queue
[2023-08-13T18:46:21.271+0000] {logging_mixin.py:150} INFO - [2023-08-13T18:46:21.271+0000] {dagbag.py:541} INFO - Filling up the DagBag from /home/airflow/.local/lib/python3.7/site-packages/airflow/example_dags/example_bash_operator.py
[2023-08-13T18:46:21.290+0000] {processor.py:836} INFO - DAG(s) dict_keys(['example_bash_operator']) retrieved from /home/airflow/.local/lib/python3.7/site-packages/airflow/example_dags/example_bash_operator.py
[2023-08-13T18:46:21.343+0000] {logging_mixin.py:150} INFO - [2023-08-13T18:46:21.343+0000] {dag.py:2742} INFO - Sync 1 DAGs
[2023-08-13T18:46:21.373+0000] {logging_mixin.py:150} INFO - [2023-08-13T18:46:21.373+0000] {dag.py:3508} INFO - Setting next_dagrun for example_bash_operator to 2023-08-12T00:00:00+00:00, run_after=2023-08-13T00:00:00+00:00
[2023-08-13T18:46:21.398+0000] {processor.py:179} INFO - Processing /home/airflow/.local/lib/python3.7/site-packages/airflow/example_dags/example_bash_operator.py took 0.133 seconds
[2023-08-13T18:46:51.561+0000] {processor.py:157} INFO - Started process (PID=776) to work on /home/airflow/.local/lib/python3.7/site-packages/airflow/example_dags/example_bash_operator.py
[2023-08-13T18:46:51.562+0000] {processor.py:826} INFO - Processing file /home/airflow/.local/lib/python3.7/site-packages/airflow/example_dags/example_bash_operator.py for tasks to queue
[2023-08-13T18:46:51.564+0000] {logging_mixin.py:150} INFO - [2023-08-13T18:46:51.563+0000] {dagbag.py:541} INFO - Filling up the DagBag from /home/airflow/.local/lib/python3.7/site-packages/airflow/example_dags/example_bash_operator.py
[2023-08-13T18:46:51.583+0000] {processor.py:836} INFO - DAG(s) dict_keys(['example_bash_operator']) retrieved from /home/airflow/.local/lib/python3.7/site-packages/airflow/example_dags/example_bash_operator.py
[2023-08-13T18:46:51.630+0000] {logging_mixin.py:150} INFO - [2023-08-13T18:46:51.630+0000] {dag.py:2742} INFO - Sync 1 DAGs
[2023-08-13T18:46:51.669+0000] {logging_mixin.py:150} INFO - [2023-08-13T18:46:51.669+0000] {dag.py:3508} INFO - Setting next_dagrun for example_bash_operator to 2023-08-12T00:00:00+00:00, run_after=2023-08-13T00:00:00+00:00
[2023-08-13T18:46:51.697+0000] {processor.py:179} INFO - Processing /home/airflow/.local/lib/python3.7/site-packages/airflow/example_dags/example_bash_operator.py took 0.138 seconds
[2023-08-13T18:47:22.521+0000] {processor.py:157} INFO - Started process (PID=841) to work on /home/airflow/.local/lib/python3.7/site-packages/airflow/example_dags/example_bash_operator.py
[2023-08-13T18:47:22.522+0000] {processor.py:826} INFO - Processing file /home/airflow/.local/lib/python3.7/site-packages/airflow/example_dags/example_bash_operator.py for tasks to queue
[2023-08-13T18:47:22.523+0000] {logging_mixin.py:150} INFO - [2023-08-13T18:47:22.523+0000] {dagbag.py:541} INFO - Filling up the DagBag from /home/airflow/.local/lib/python3.7/site-packages/airflow/example_dags/example_bash_operator.py
[2023-08-13T18:47:22.544+0000] {processor.py:836} INFO - DAG(s) dict_keys(['example_bash_operator']) retrieved from /home/airflow/.local/lib/python3.7/site-packages/airflow/example_dags/example_bash_operator.py
[2023-08-13T18:47:22.597+0000] {logging_mixin.py:150} INFO - [2023-08-13T18:47:22.597+0000] {dag.py:2742} INFO - Sync 1 DAGs
[2023-08-13T18:47:22.640+0000] {logging_mixin.py:150} INFO - [2023-08-13T18:47:22.639+0000] {dag.py:3508} INFO - Setting next_dagrun for example_bash_operator to 2023-08-12T00:00:00+00:00, run_after=2023-08-13T00:00:00+00:00
[2023-08-13T18:47:22.669+0000] {processor.py:179} INFO - Processing /home/airflow/.local/lib/python3.7/site-packages/airflow/example_dags/example_bash_operator.py took 0.150 seconds
[2023-08-13T18:47:53.134+0000] {processor.py:157} INFO - Started process (PID=906) to work on /home/airflow/.local/lib/python3.7/site-packages/airflow/example_dags/example_bash_operator.py
[2023-08-13T18:47:53.135+0000] {processor.py:826} INFO - Processing file /home/airflow/.local/lib/python3.7/site-packages/airflow/example_dags/example_bash_operator.py for tasks to queue
[2023-08-13T18:47:53.137+0000] {logging_mixin.py:150} INFO - [2023-08-13T18:47:53.136+0000] {dagbag.py:541} INFO - Filling up the DagBag from /home/airflow/.local/lib/python3.7/site-packages/airflow/example_dags/example_bash_operator.py
[2023-08-13T18:47:53.160+0000] {processor.py:836} INFO - DAG(s) dict_keys(['example_bash_operator']) retrieved from /home/airflow/.local/lib/python3.7/site-packages/airflow/example_dags/example_bash_operator.py
[2023-08-13T18:47:53.234+0000] {logging_mixin.py:150} INFO - [2023-08-13T18:47:53.233+0000] {dag.py:2742} INFO - Sync 1 DAGs
[2023-08-13T18:47:53.306+0000] {logging_mixin.py:150} INFO - [2023-08-13T18:47:53.306+0000] {dag.py:3508} INFO - Setting next_dagrun for example_bash_operator to 2023-08-12T00:00:00+00:00, run_after=2023-08-13T00:00:00+00:00
[2023-08-13T18:47:53.339+0000] {processor.py:179} INFO - Processing /home/airflow/.local/lib/python3.7/site-packages/airflow/example_dags/example_bash_operator.py took 0.210 seconds
[2023-08-13T18:48:23.870+0000] {processor.py:157} INFO - Started process (PID=971) to work on /home/airflow/.local/lib/python3.7/site-packages/airflow/example_dags/example_bash_operator.py
[2023-08-13T18:48:23.872+0000] {processor.py:826} INFO - Processing file /home/airflow/.local/lib/python3.7/site-packages/airflow/example_dags/example_bash_operator.py for tasks to queue
[2023-08-13T18:48:23.874+0000] {logging_mixin.py:150} INFO - [2023-08-13T18:48:23.874+0000] {dagbag.py:541} INFO - Filling up the DagBag from /home/airflow/.local/lib/python3.7/site-packages/airflow/example_dags/example_bash_operator.py
[2023-08-13T18:48:23.892+0000] {processor.py:836} INFO - DAG(s) dict_keys(['example_bash_operator']) retrieved from /home/airflow/.local/lib/python3.7/site-packages/airflow/example_dags/example_bash_operator.py
[2023-08-13T18:48:23.936+0000] {logging_mixin.py:150} INFO - [2023-08-13T18:48:23.936+0000] {dag.py:2742} INFO - Sync 1 DAGs
[2023-08-13T18:48:23.981+0000] {logging_mixin.py:150} INFO - [2023-08-13T18:48:23.981+0000] {dag.py:3508} INFO - Setting next_dagrun for example_bash_operator to 2023-08-12T00:00:00+00:00, run_after=2023-08-13T00:00:00+00:00
[2023-08-13T18:48:24.014+0000] {processor.py:179} INFO - Processing /home/airflow/.local/lib/python3.7/site-packages/airflow/example_dags/example_bash_operator.py took 0.148 seconds
[2023-08-13T18:48:54.106+0000] {processor.py:157} INFO - Started process (PID=1036) to work on /home/airflow/.local/lib/python3.7/site-packages/airflow/example_dags/example_bash_operator.py
[2023-08-13T18:48:54.108+0000] {processor.py:826} INFO - Processing file /home/airflow/.local/lib/python3.7/site-packages/airflow/example_dags/example_bash_operator.py for tasks to queue
[2023-08-13T18:48:54.109+0000] {logging_mixin.py:150} INFO - [2023-08-13T18:48:54.109+0000] {dagbag.py:541} INFO - Filling up the DagBag from /home/airflow/.local/lib/python3.7/site-packages/airflow/example_dags/example_bash_operator.py
[2023-08-13T18:48:54.131+0000] {processor.py:836} INFO - DAG(s) dict_keys(['example_bash_operator']) retrieved from /home/airflow/.local/lib/python3.7/site-packages/airflow/example_dags/example_bash_operator.py
[2023-08-13T18:48:54.190+0000] {logging_mixin.py:150} INFO - [2023-08-13T18:48:54.189+0000] {dag.py:2742} INFO - Sync 1 DAGs
[2023-08-13T18:48:54.235+0000] {logging_mixin.py:150} INFO - [2023-08-13T18:48:54.234+0000] {dag.py:3508} INFO - Setting next_dagrun for example_bash_operator to 2023-08-12T00:00:00+00:00, run_after=2023-08-13T00:00:00+00:00
[2023-08-13T18:48:54.269+0000] {processor.py:179} INFO - Processing /home/airflow/.local/lib/python3.7/site-packages/airflow/example_dags/example_bash_operator.py took 0.166 seconds
[2023-08-13T18:49:24.418+0000] {processor.py:157} INFO - Started process (PID=1100) to work on /home/airflow/.local/lib/python3.7/site-packages/airflow/example_dags/example_bash_operator.py
[2023-08-13T18:49:24.420+0000] {processor.py:826} INFO - Processing file /home/airflow/.local/lib/python3.7/site-packages/airflow/example_dags/example_bash_operator.py for tasks to queue
[2023-08-13T18:49:24.421+0000] {logging_mixin.py:150} INFO - [2023-08-13T18:49:24.421+0000] {dagbag.py:541} INFO - Filling up the DagBag from /home/airflow/.local/lib/python3.7/site-packages/airflow/example_dags/example_bash_operator.py
[2023-08-13T18:49:24.437+0000] {processor.py:836} INFO - DAG(s) dict_keys(['example_bash_operator']) retrieved from /home/airflow/.local/lib/python3.7/site-packages/airflow/example_dags/example_bash_operator.py
[2023-08-13T18:49:24.496+0000] {logging_mixin.py:150} INFO - [2023-08-13T18:49:24.495+0000] {dag.py:2742} INFO - Sync 1 DAGs
[2023-08-13T18:49:24.535+0000] {logging_mixin.py:150} INFO - [2023-08-13T18:49:24.534+0000] {dag.py:3508} INFO - Setting next_dagrun for example_bash_operator to 2023-08-12T00:00:00+00:00, run_after=2023-08-13T00:00:00+00:00
[2023-08-13T18:49:24.563+0000] {processor.py:179} INFO - Processing /home/airflow/.local/lib/python3.7/site-packages/airflow/example_dags/example_bash_operator.py took 0.150 seconds
[2023-08-13T18:49:55.042+0000] {processor.py:157} INFO - Started process (PID=1165) to work on /home/airflow/.local/lib/python3.7/site-packages/airflow/example_dags/example_bash_operator.py
[2023-08-13T18:49:55.044+0000] {processor.py:826} INFO - Processing file /home/airflow/.local/lib/python3.7/site-packages/airflow/example_dags/example_bash_operator.py for tasks to queue
[2023-08-13T18:49:55.046+0000] {logging_mixin.py:150} INFO - [2023-08-13T18:49:55.046+0000] {dagbag.py:541} INFO - Filling up the DagBag from /home/airflow/.local/lib/python3.7/site-packages/airflow/example_dags/example_bash_operator.py
[2023-08-13T18:49:55.079+0000] {processor.py:836} INFO - DAG(s) dict_keys(['example_bash_operator']) retrieved from /home/airflow/.local/lib/python3.7/site-packages/airflow/example_dags/example_bash_operator.py
[2023-08-13T18:49:55.155+0000] {logging_mixin.py:150} INFO - [2023-08-13T18:49:55.155+0000] {dag.py:2742} INFO - Sync 1 DAGs
[2023-08-13T18:49:55.204+0000] {logging_mixin.py:150} INFO - [2023-08-13T18:49:55.203+0000] {dag.py:3508} INFO - Setting next_dagrun for example_bash_operator to 2023-08-12T00:00:00+00:00, run_after=2023-08-13T00:00:00+00:00
[2023-08-13T18:49:55.251+0000] {processor.py:179} INFO - Processing /home/airflow/.local/lib/python3.7/site-packages/airflow/example_dags/example_bash_operator.py took 0.213 seconds
[2023-08-13T19:55:51.492+0000] {processor.py:157} INFO - Started process (PID=70) to work on /home/airflow/.local/lib/python3.7/site-packages/airflow/example_dags/example_bash_operator.py
[2023-08-13T19:55:51.496+0000] {processor.py:826} INFO - Processing file /home/airflow/.local/lib/python3.7/site-packages/airflow/example_dags/example_bash_operator.py for tasks to queue
[2023-08-13T19:55:51.498+0000] {logging_mixin.py:150} INFO - [2023-08-13T19:55:51.497+0000] {dagbag.py:541} INFO - Filling up the DagBag from /home/airflow/.local/lib/python3.7/site-packages/airflow/example_dags/example_bash_operator.py
[2023-08-13T19:55:51.532+0000] {processor.py:836} INFO - DAG(s) dict_keys(['example_bash_operator']) retrieved from /home/airflow/.local/lib/python3.7/site-packages/airflow/example_dags/example_bash_operator.py
[2023-08-13T19:55:52.546+0000] {logging_mixin.py:150} INFO - [2023-08-13T19:55:52.546+0000] {dag.py:2742} INFO - Sync 1 DAGs
[2023-08-13T19:55:56.557+0000] {logging_mixin.py:150} INFO - [2023-08-13T19:55:56.557+0000] {dag.py:3508} INFO - Setting next_dagrun for example_bash_operator to 2023-08-12T00:00:00+00:00, run_after=2023-08-13T00:00:00+00:00
[2023-08-13T19:56:13.708+0000] {processor.py:179} INFO - Processing /home/airflow/.local/lib/python3.7/site-packages/airflow/example_dags/example_bash_operator.py took 22.453 seconds
[2023-08-13T19:58:40.142+0000] {processor.py:157} INFO - Started process (PID=62) to work on /home/airflow/.local/lib/python3.7/site-packages/airflow/example_dags/example_bash_operator.py
[2023-08-13T19:58:40.144+0000] {processor.py:826} INFO - Processing file /home/airflow/.local/lib/python3.7/site-packages/airflow/example_dags/example_bash_operator.py for tasks to queue
[2023-08-13T19:58:40.145+0000] {logging_mixin.py:150} INFO - [2023-08-13T19:58:40.145+0000] {dagbag.py:541} INFO - Filling up the DagBag from /home/airflow/.local/lib/python3.7/site-packages/airflow/example_dags/example_bash_operator.py
[2023-08-13T19:58:40.163+0000] {processor.py:836} INFO - DAG(s) dict_keys(['example_bash_operator']) retrieved from /home/airflow/.local/lib/python3.7/site-packages/airflow/example_dags/example_bash_operator.py
[2023-08-13T19:58:40.179+0000] {logging_mixin.py:150} INFO - [2023-08-13T19:58:40.179+0000] {dag.py:2742} INFO - Sync 1 DAGs
[2023-08-13T19:58:40.227+0000] {logging_mixin.py:150} INFO - [2023-08-13T19:58:40.226+0000] {dag.py:3508} INFO - Setting next_dagrun for example_bash_operator to 2023-08-12T00:00:00+00:00, run_after=2023-08-13T00:00:00+00:00
[2023-08-13T19:58:40.273+0000] {processor.py:179} INFO - Processing /home/airflow/.local/lib/python3.7/site-packages/airflow/example_dags/example_bash_operator.py took 0.134 seconds
[2023-08-13T19:59:10.644+0000] {processor.py:157} INFO - Started process (PID=128) to work on /home/airflow/.local/lib/python3.7/site-packages/airflow/example_dags/example_bash_operator.py
[2023-08-13T19:59:10.645+0000] {processor.py:826} INFO - Processing file /home/airflow/.local/lib/python3.7/site-packages/airflow/example_dags/example_bash_operator.py for tasks to queue
[2023-08-13T19:59:10.646+0000] {logging_mixin.py:150} INFO - [2023-08-13T19:59:10.646+0000] {dagbag.py:541} INFO - Filling up the DagBag from /home/airflow/.local/lib/python3.7/site-packages/airflow/example_dags/example_bash_operator.py
[2023-08-13T19:59:10.661+0000] {processor.py:836} INFO - DAG(s) dict_keys(['example_bash_operator']) retrieved from /home/airflow/.local/lib/python3.7/site-packages/airflow/example_dags/example_bash_operator.py
[2023-08-13T19:59:10.702+0000] {logging_mixin.py:150} INFO - [2023-08-13T19:59:10.701+0000] {dag.py:2742} INFO - Sync 1 DAGs
[2023-08-13T19:59:10.746+0000] {logging_mixin.py:150} INFO - [2023-08-13T19:59:10.746+0000] {dag.py:3508} INFO - Setting next_dagrun for example_bash_operator to 2023-08-12T00:00:00+00:00, run_after=2023-08-13T00:00:00+00:00
[2023-08-13T19:59:10.775+0000] {processor.py:179} INFO - Processing /home/airflow/.local/lib/python3.7/site-packages/airflow/example_dags/example_bash_operator.py took 0.134 seconds
[2023-08-13T19:59:41.649+0000] {processor.py:157} INFO - Started process (PID=194) to work on /home/airflow/.local/lib/python3.7/site-packages/airflow/example_dags/example_bash_operator.py
[2023-08-13T19:59:41.650+0000] {processor.py:826} INFO - Processing file /home/airflow/.local/lib/python3.7/site-packages/airflow/example_dags/example_bash_operator.py for tasks to queue
[2023-08-13T19:59:41.651+0000] {logging_mixin.py:150} INFO - [2023-08-13T19:59:41.651+0000] {dagbag.py:541} INFO - Filling up the DagBag from /home/airflow/.local/lib/python3.7/site-packages/airflow/example_dags/example_bash_operator.py
[2023-08-13T19:59:41.671+0000] {processor.py:836} INFO - DAG(s) dict_keys(['example_bash_operator']) retrieved from /home/airflow/.local/lib/python3.7/site-packages/airflow/example_dags/example_bash_operator.py
[2023-08-13T19:59:41.735+0000] {logging_mixin.py:150} INFO - [2023-08-13T19:59:41.734+0000] {dag.py:2742} INFO - Sync 1 DAGs
[2023-08-13T19:59:41.788+0000] {logging_mixin.py:150} INFO - [2023-08-13T19:59:41.788+0000] {dag.py:3508} INFO - Setting next_dagrun for example_bash_operator to 2023-08-12T00:00:00+00:00, run_after=2023-08-13T00:00:00+00:00
[2023-08-13T19:59:41.825+0000] {processor.py:179} INFO - Processing /home/airflow/.local/lib/python3.7/site-packages/airflow/example_dags/example_bash_operator.py took 0.180 seconds
[2023-08-13T20:00:12.484+0000] {processor.py:157} INFO - Started process (PID=260) to work on /home/airflow/.local/lib/python3.7/site-packages/airflow/example_dags/example_bash_operator.py
[2023-08-13T20:00:12.486+0000] {processor.py:826} INFO - Processing file /home/airflow/.local/lib/python3.7/site-packages/airflow/example_dags/example_bash_operator.py for tasks to queue
[2023-08-13T20:00:12.487+0000] {logging_mixin.py:150} INFO - [2023-08-13T20:00:12.487+0000] {dagbag.py:541} INFO - Filling up the DagBag from /home/airflow/.local/lib/python3.7/site-packages/airflow/example_dags/example_bash_operator.py
[2023-08-13T20:00:12.514+0000] {processor.py:836} INFO - DAG(s) dict_keys(['example_bash_operator']) retrieved from /home/airflow/.local/lib/python3.7/site-packages/airflow/example_dags/example_bash_operator.py
[2023-08-13T20:00:12.580+0000] {logging_mixin.py:150} INFO - [2023-08-13T20:00:12.580+0000] {dag.py:2742} INFO - Sync 1 DAGs
[2023-08-13T20:00:12.625+0000] {logging_mixin.py:150} INFO - [2023-08-13T20:00:12.625+0000] {dag.py:3508} INFO - Setting next_dagrun for example_bash_operator to 2023-08-12T00:00:00+00:00, run_after=2023-08-13T00:00:00+00:00
[2023-08-13T20:00:12.659+0000] {processor.py:179} INFO - Processing /home/airflow/.local/lib/python3.7/site-packages/airflow/example_dags/example_bash_operator.py took 0.180 seconds
[2023-08-13T20:00:43.661+0000] {processor.py:157} INFO - Started process (PID=326) to work on /home/airflow/.local/lib/python3.7/site-packages/airflow/example_dags/example_bash_operator.py
[2023-08-13T20:00:43.663+0000] {processor.py:826} INFO - Processing file /home/airflow/.local/lib/python3.7/site-packages/airflow/example_dags/example_bash_operator.py for tasks to queue
[2023-08-13T20:00:43.664+0000] {logging_mixin.py:150} INFO - [2023-08-13T20:00:43.664+0000] {dagbag.py:541} INFO - Filling up the DagBag from /home/airflow/.local/lib/python3.7/site-packages/airflow/example_dags/example_bash_operator.py
[2023-08-13T20:00:43.689+0000] {processor.py:836} INFO - DAG(s) dict_keys(['example_bash_operator']) retrieved from /home/airflow/.local/lib/python3.7/site-packages/airflow/example_dags/example_bash_operator.py
[2023-08-13T20:00:43.754+0000] {logging_mixin.py:150} INFO - [2023-08-13T20:00:43.754+0000] {dag.py:2742} INFO - Sync 1 DAGs
[2023-08-13T20:00:43.794+0000] {logging_mixin.py:150} INFO - [2023-08-13T20:00:43.794+0000] {dag.py:3508} INFO - Setting next_dagrun for example_bash_operator to 2023-08-12T00:00:00+00:00, run_after=2023-08-13T00:00:00+00:00
[2023-08-13T20:00:43.827+0000] {processor.py:179} INFO - Processing /home/airflow/.local/lib/python3.7/site-packages/airflow/example_dags/example_bash_operator.py took 0.171 seconds
[2023-08-13T20:01:13.943+0000] {processor.py:157} INFO - Started process (PID=392) to work on /home/airflow/.local/lib/python3.7/site-packages/airflow/example_dags/example_bash_operator.py
[2023-08-13T20:01:13.944+0000] {processor.py:826} INFO - Processing file /home/airflow/.local/lib/python3.7/site-packages/airflow/example_dags/example_bash_operator.py for tasks to queue
[2023-08-13T20:01:13.945+0000] {logging_mixin.py:150} INFO - [2023-08-13T20:01:13.945+0000] {dagbag.py:541} INFO - Filling up the DagBag from /home/airflow/.local/lib/python3.7/site-packages/airflow/example_dags/example_bash_operator.py
[2023-08-13T20:01:13.962+0000] {processor.py:836} INFO - DAG(s) dict_keys(['example_bash_operator']) retrieved from /home/airflow/.local/lib/python3.7/site-packages/airflow/example_dags/example_bash_operator.py
[2023-08-13T20:01:14.005+0000] {logging_mixin.py:150} INFO - [2023-08-13T20:01:14.004+0000] {dag.py:2742} INFO - Sync 1 DAGs
[2023-08-13T20:01:14.042+0000] {logging_mixin.py:150} INFO - [2023-08-13T20:01:14.042+0000] {dag.py:3508} INFO - Setting next_dagrun for example_bash_operator to 2023-08-12T00:00:00+00:00, run_after=2023-08-13T00:00:00+00:00
[2023-08-13T20:01:14.068+0000] {processor.py:179} INFO - Processing /home/airflow/.local/lib/python3.7/site-packages/airflow/example_dags/example_bash_operator.py took 0.128 seconds
[2023-08-13T20:01:44.853+0000] {processor.py:157} INFO - Started process (PID=458) to work on /home/airflow/.local/lib/python3.7/site-packages/airflow/example_dags/example_bash_operator.py
[2023-08-13T20:01:44.855+0000] {processor.py:826} INFO - Processing file /home/airflow/.local/lib/python3.7/site-packages/airflow/example_dags/example_bash_operator.py for tasks to queue
[2023-08-13T20:01:44.856+0000] {logging_mixin.py:150} INFO - [2023-08-13T20:01:44.855+0000] {dagbag.py:541} INFO - Filling up the DagBag from /home/airflow/.local/lib/python3.7/site-packages/airflow/example_dags/example_bash_operator.py
[2023-08-13T20:01:44.876+0000] {processor.py:836} INFO - DAG(s) dict_keys(['example_bash_operator']) retrieved from /home/airflow/.local/lib/python3.7/site-packages/airflow/example_dags/example_bash_operator.py
[2023-08-13T20:01:44.936+0000] {logging_mixin.py:150} INFO - [2023-08-13T20:01:44.935+0000] {dag.py:2742} INFO - Sync 1 DAGs
[2023-08-13T20:01:44.973+0000] {logging_mixin.py:150} INFO - [2023-08-13T20:01:44.973+0000] {dag.py:3508} INFO - Setting next_dagrun for example_bash_operator to 2023-08-12T00:00:00+00:00, run_after=2023-08-13T00:00:00+00:00
[2023-08-13T20:01:45.008+0000] {processor.py:179} INFO - Processing /home/airflow/.local/lib/python3.7/site-packages/airflow/example_dags/example_bash_operator.py took 0.158 seconds
[2023-08-13T20:02:23.932+0000] {processor.py:157} INFO - Started process (PID=531) to work on /home/airflow/.local/lib/python3.7/site-packages/airflow/example_dags/example_bash_operator.py
[2023-08-13T20:02:23.934+0000] {processor.py:826} INFO - Processing file /home/airflow/.local/lib/python3.7/site-packages/airflow/example_dags/example_bash_operator.py for tasks to queue
[2023-08-13T20:02:23.935+0000] {logging_mixin.py:150} INFO - [2023-08-13T20:02:23.935+0000] {dagbag.py:541} INFO - Filling up the DagBag from /home/airflow/.local/lib/python3.7/site-packages/airflow/example_dags/example_bash_operator.py
[2023-08-13T20:02:23.958+0000] {processor.py:836} INFO - DAG(s) dict_keys(['example_bash_operator']) retrieved from /home/airflow/.local/lib/python3.7/site-packages/airflow/example_dags/example_bash_operator.py
[2023-08-13T20:02:24.015+0000] {logging_mixin.py:150} INFO - [2023-08-13T20:02:24.015+0000] {dag.py:2742} INFO - Sync 1 DAGs
[2023-08-13T20:02:24.064+0000] {logging_mixin.py:150} INFO - [2023-08-13T20:02:24.064+0000] {dag.py:3508} INFO - Setting next_dagrun for example_bash_operator to 2023-08-12T00:00:00+00:00, run_after=2023-08-13T00:00:00+00:00
[2023-08-13T20:02:25.265+0000] {processor.py:179} INFO - Processing /home/airflow/.local/lib/python3.7/site-packages/airflow/example_dags/example_bash_operator.py took 1.336 seconds
[2023-08-13T20:05:58.662+0000] {processor.py:157} INFO - Started process (PID=62) to work on /home/airflow/.local/lib/python3.7/site-packages/airflow/example_dags/example_bash_operator.py
[2023-08-13T20:05:58.663+0000] {processor.py:826} INFO - Processing file /home/airflow/.local/lib/python3.7/site-packages/airflow/example_dags/example_bash_operator.py for tasks to queue
[2023-08-13T20:05:58.664+0000] {logging_mixin.py:150} INFO - [2023-08-13T20:05:58.664+0000] {dagbag.py:541} INFO - Filling up the DagBag from /home/airflow/.local/lib/python3.7/site-packages/airflow/example_dags/example_bash_operator.py
[2023-08-13T20:05:58.689+0000] {processor.py:836} INFO - DAG(s) dict_keys(['example_bash_operator']) retrieved from /home/airflow/.local/lib/python3.7/site-packages/airflow/example_dags/example_bash_operator.py
[2023-08-13T20:05:58.710+0000] {logging_mixin.py:150} INFO - [2023-08-13T20:05:58.710+0000] {dag.py:2742} INFO - Sync 1 DAGs
[2023-08-13T20:05:58.768+0000] {logging_mixin.py:150} INFO - [2023-08-13T20:05:58.767+0000] {dag.py:3508} INFO - Setting next_dagrun for example_bash_operator to 2023-08-12T00:00:00+00:00, run_after=2023-08-13T00:00:00+00:00
[2023-08-13T20:05:58.806+0000] {processor.py:179} INFO - Processing /home/airflow/.local/lib/python3.7/site-packages/airflow/example_dags/example_bash_operator.py took 0.150 seconds
[2023-08-13T20:06:29.547+0000] {processor.py:157} INFO - Started process (PID=128) to work on /home/airflow/.local/lib/python3.7/site-packages/airflow/example_dags/example_bash_operator.py
[2023-08-13T20:06:29.548+0000] {processor.py:826} INFO - Processing file /home/airflow/.local/lib/python3.7/site-packages/airflow/example_dags/example_bash_operator.py for tasks to queue
[2023-08-13T20:06:29.549+0000] {logging_mixin.py:150} INFO - [2023-08-13T20:06:29.549+0000] {dagbag.py:541} INFO - Filling up the DagBag from /home/airflow/.local/lib/python3.7/site-packages/airflow/example_dags/example_bash_operator.py
[2023-08-13T20:06:29.566+0000] {processor.py:836} INFO - DAG(s) dict_keys(['example_bash_operator']) retrieved from /home/airflow/.local/lib/python3.7/site-packages/airflow/example_dags/example_bash_operator.py
[2023-08-13T20:06:29.606+0000] {logging_mixin.py:150} INFO - [2023-08-13T20:06:29.606+0000] {dag.py:2742} INFO - Sync 1 DAGs
[2023-08-13T20:06:29.643+0000] {logging_mixin.py:150} INFO - [2023-08-13T20:06:29.643+0000] {dag.py:3508} INFO - Setting next_dagrun for example_bash_operator to 2023-08-12T00:00:00+00:00, run_after=2023-08-13T00:00:00+00:00
[2023-08-13T20:06:29.668+0000] {processor.py:179} INFO - Processing /home/airflow/.local/lib/python3.7/site-packages/airflow/example_dags/example_bash_operator.py took 0.124 seconds
[2023-08-13T20:07:00.209+0000] {processor.py:157} INFO - Started process (PID=194) to work on /home/airflow/.local/lib/python3.7/site-packages/airflow/example_dags/example_bash_operator.py
[2023-08-13T20:07:00.211+0000] {processor.py:826} INFO - Processing file /home/airflow/.local/lib/python3.7/site-packages/airflow/example_dags/example_bash_operator.py for tasks to queue
[2023-08-13T20:07:00.212+0000] {logging_mixin.py:150} INFO - [2023-08-13T20:07:00.212+0000] {dagbag.py:541} INFO - Filling up the DagBag from /home/airflow/.local/lib/python3.7/site-packages/airflow/example_dags/example_bash_operator.py
[2023-08-13T20:07:00.232+0000] {processor.py:836} INFO - DAG(s) dict_keys(['example_bash_operator']) retrieved from /home/airflow/.local/lib/python3.7/site-packages/airflow/example_dags/example_bash_operator.py
[2023-08-13T20:07:00.288+0000] {logging_mixin.py:150} INFO - [2023-08-13T20:07:00.288+0000] {dag.py:2742} INFO - Sync 1 DAGs
[2023-08-13T20:07:00.339+0000] {logging_mixin.py:150} INFO - [2023-08-13T20:07:00.339+0000] {dag.py:3508} INFO - Setting next_dagrun for example_bash_operator to 2023-08-12T00:00:00+00:00, run_after=2023-08-13T00:00:00+00:00
[2023-08-13T20:07:00.380+0000] {processor.py:179} INFO - Processing /home/airflow/.local/lib/python3.7/site-packages/airflow/example_dags/example_bash_operator.py took 0.175 seconds
[2023-08-13T20:07:31.601+0000] {processor.py:157} INFO - Started process (PID=260) to work on /home/airflow/.local/lib/python3.7/site-packages/airflow/example_dags/example_bash_operator.py
[2023-08-13T20:07:31.602+0000] {processor.py:826} INFO - Processing file /home/airflow/.local/lib/python3.7/site-packages/airflow/example_dags/example_bash_operator.py for tasks to queue
[2023-08-13T20:07:31.603+0000] {logging_mixin.py:150} INFO - [2023-08-13T20:07:31.603+0000] {dagbag.py:541} INFO - Filling up the DagBag from /home/airflow/.local/lib/python3.7/site-packages/airflow/example_dags/example_bash_operator.py
[2023-08-13T20:07:31.619+0000] {processor.py:836} INFO - DAG(s) dict_keys(['example_bash_operator']) retrieved from /home/airflow/.local/lib/python3.7/site-packages/airflow/example_dags/example_bash_operator.py
[2023-08-13T20:07:31.666+0000] {logging_mixin.py:150} INFO - [2023-08-13T20:07:31.666+0000] {dag.py:2742} INFO - Sync 1 DAGs
[2023-08-13T20:07:31.703+0000] {logging_mixin.py:150} INFO - [2023-08-13T20:07:31.703+0000] {dag.py:3508} INFO - Setting next_dagrun for example_bash_operator to 2023-08-12T00:00:00+00:00, run_after=2023-08-13T00:00:00+00:00
[2023-08-13T20:07:31.732+0000] {processor.py:179} INFO - Processing /home/airflow/.local/lib/python3.7/site-packages/airflow/example_dags/example_bash_operator.py took 0.133 seconds
[2023-08-13T20:08:02.128+0000] {processor.py:157} INFO - Started process (PID=326) to work on /home/airflow/.local/lib/python3.7/site-packages/airflow/example_dags/example_bash_operator.py
[2023-08-13T20:08:02.129+0000] {processor.py:826} INFO - Processing file /home/airflow/.local/lib/python3.7/site-packages/airflow/example_dags/example_bash_operator.py for tasks to queue
[2023-08-13T20:08:02.131+0000] {logging_mixin.py:150} INFO - [2023-08-13T20:08:02.130+0000] {dagbag.py:541} INFO - Filling up the DagBag from /home/airflow/.local/lib/python3.7/site-packages/airflow/example_dags/example_bash_operator.py
[2023-08-13T20:08:02.149+0000] {processor.py:836} INFO - DAG(s) dict_keys(['example_bash_operator']) retrieved from /home/airflow/.local/lib/python3.7/site-packages/airflow/example_dags/example_bash_operator.py
[2023-08-13T20:08:02.206+0000] {logging_mixin.py:150} INFO - [2023-08-13T20:08:02.205+0000] {dag.py:2742} INFO - Sync 1 DAGs
[2023-08-13T20:08:02.262+0000] {logging_mixin.py:150} INFO - [2023-08-13T20:08:02.260+0000] {dag.py:3508} INFO - Setting next_dagrun for example_bash_operator to 2023-08-12T00:00:00+00:00, run_after=2023-08-13T00:00:00+00:00
[2023-08-13T20:08:02.297+0000] {processor.py:179} INFO - Processing /home/airflow/.local/lib/python3.7/site-packages/airflow/example_dags/example_bash_operator.py took 0.173 seconds
[2023-08-13T20:08:32.656+0000] {processor.py:157} INFO - Started process (PID=392) to work on /home/airflow/.local/lib/python3.7/site-packages/airflow/example_dags/example_bash_operator.py
[2023-08-13T20:08:32.657+0000] {processor.py:826} INFO - Processing file /home/airflow/.local/lib/python3.7/site-packages/airflow/example_dags/example_bash_operator.py for tasks to queue
[2023-08-13T20:08:32.658+0000] {logging_mixin.py:150} INFO - [2023-08-13T20:08:32.658+0000] {dagbag.py:541} INFO - Filling up the DagBag from /home/airflow/.local/lib/python3.7/site-packages/airflow/example_dags/example_bash_operator.py
[2023-08-13T20:08:32.677+0000] {processor.py:836} INFO - DAG(s) dict_keys(['example_bash_operator']) retrieved from /home/airflow/.local/lib/python3.7/site-packages/airflow/example_dags/example_bash_operator.py
[2023-08-13T20:08:32.721+0000] {logging_mixin.py:150} INFO - [2023-08-13T20:08:32.720+0000] {dag.py:2742} INFO - Sync 1 DAGs
[2023-08-13T20:08:32.764+0000] {logging_mixin.py:150} INFO - [2023-08-13T20:08:32.764+0000] {dag.py:3508} INFO - Setting next_dagrun for example_bash_operator to 2023-08-12T00:00:00+00:00, run_after=2023-08-13T00:00:00+00:00
[2023-08-13T20:08:32.798+0000] {processor.py:179} INFO - Processing /home/airflow/.local/lib/python3.7/site-packages/airflow/example_dags/example_bash_operator.py took 0.146 seconds
[2023-08-13T20:09:03.348+0000] {processor.py:157} INFO - Started process (PID=458) to work on /home/airflow/.local/lib/python3.7/site-packages/airflow/example_dags/example_bash_operator.py
[2023-08-13T20:09:03.350+0000] {processor.py:826} INFO - Processing file /home/airflow/.local/lib/python3.7/site-packages/airflow/example_dags/example_bash_operator.py for tasks to queue
[2023-08-13T20:09:03.351+0000] {logging_mixin.py:150} INFO - [2023-08-13T20:09:03.351+0000] {dagbag.py:541} INFO - Filling up the DagBag from /home/airflow/.local/lib/python3.7/site-packages/airflow/example_dags/example_bash_operator.py
[2023-08-13T20:09:03.376+0000] {processor.py:836} INFO - DAG(s) dict_keys(['example_bash_operator']) retrieved from /home/airflow/.local/lib/python3.7/site-packages/airflow/example_dags/example_bash_operator.py
[2023-08-13T20:09:03.455+0000] {logging_mixin.py:150} INFO - [2023-08-13T20:09:03.455+0000] {dag.py:2742} INFO - Sync 1 DAGs
[2023-08-13T20:09:03.497+0000] {logging_mixin.py:150} INFO - [2023-08-13T20:09:03.496+0000] {dag.py:3508} INFO - Setting next_dagrun for example_bash_operator to 2023-08-12T00:00:00+00:00, run_after=2023-08-13T00:00:00+00:00
[2023-08-13T20:09:03.526+0000] {processor.py:179} INFO - Processing /home/airflow/.local/lib/python3.7/site-packages/airflow/example_dags/example_bash_operator.py took 0.183 seconds
[2023-08-13T20:09:33.932+0000] {processor.py:157} INFO - Started process (PID=524) to work on /home/airflow/.local/lib/python3.7/site-packages/airflow/example_dags/example_bash_operator.py
[2023-08-13T20:09:33.933+0000] {processor.py:826} INFO - Processing file /home/airflow/.local/lib/python3.7/site-packages/airflow/example_dags/example_bash_operator.py for tasks to queue
[2023-08-13T20:09:33.935+0000] {logging_mixin.py:150} INFO - [2023-08-13T20:09:33.934+0000] {dagbag.py:541} INFO - Filling up the DagBag from /home/airflow/.local/lib/python3.7/site-packages/airflow/example_dags/example_bash_operator.py
[2023-08-13T20:09:33.953+0000] {processor.py:836} INFO - DAG(s) dict_keys(['example_bash_operator']) retrieved from /home/airflow/.local/lib/python3.7/site-packages/airflow/example_dags/example_bash_operator.py
[2023-08-13T20:09:34.010+0000] {logging_mixin.py:150} INFO - [2023-08-13T20:09:34.010+0000] {dag.py:2742} INFO - Sync 1 DAGs
[2023-08-13T20:09:34.052+0000] {logging_mixin.py:150} INFO - [2023-08-13T20:09:34.052+0000] {dag.py:3508} INFO - Setting next_dagrun for example_bash_operator to 2023-08-12T00:00:00+00:00, run_after=2023-08-13T00:00:00+00:00
[2023-08-13T20:09:34.086+0000] {processor.py:179} INFO - Processing /home/airflow/.local/lib/python3.7/site-packages/airflow/example_dags/example_bash_operator.py took 0.157 seconds
[2023-08-13T20:10:04.305+0000] {processor.py:157} INFO - Started process (PID=590) to work on /home/airflow/.local/lib/python3.7/site-packages/airflow/example_dags/example_bash_operator.py
[2023-08-13T20:10:04.306+0000] {processor.py:826} INFO - Processing file /home/airflow/.local/lib/python3.7/site-packages/airflow/example_dags/example_bash_operator.py for tasks to queue
[2023-08-13T20:10:04.307+0000] {logging_mixin.py:150} INFO - [2023-08-13T20:10:04.307+0000] {dagbag.py:541} INFO - Filling up the DagBag from /home/airflow/.local/lib/python3.7/site-packages/airflow/example_dags/example_bash_operator.py
[2023-08-13T20:10:04.324+0000] {processor.py:836} INFO - DAG(s) dict_keys(['example_bash_operator']) retrieved from /home/airflow/.local/lib/python3.7/site-packages/airflow/example_dags/example_bash_operator.py
[2023-08-13T20:10:04.385+0000] {logging_mixin.py:150} INFO - [2023-08-13T20:10:04.385+0000] {dag.py:2742} INFO - Sync 1 DAGs
[2023-08-13T20:10:04.431+0000] {logging_mixin.py:150} INFO - [2023-08-13T20:10:04.430+0000] {dag.py:3508} INFO - Setting next_dagrun for example_bash_operator to 2023-08-12T00:00:00+00:00, run_after=2023-08-13T00:00:00+00:00
[2023-08-13T20:10:04.462+0000] {processor.py:179} INFO - Processing /home/airflow/.local/lib/python3.7/site-packages/airflow/example_dags/example_bash_operator.py took 0.161 seconds
[2023-08-13T20:10:34.733+0000] {processor.py:157} INFO - Started process (PID=656) to work on /home/airflow/.local/lib/python3.7/site-packages/airflow/example_dags/example_bash_operator.py
[2023-08-13T20:10:34.735+0000] {processor.py:826} INFO - Processing file /home/airflow/.local/lib/python3.7/site-packages/airflow/example_dags/example_bash_operator.py for tasks to queue
[2023-08-13T20:10:34.736+0000] {logging_mixin.py:150} INFO - [2023-08-13T20:10:34.736+0000] {dagbag.py:541} INFO - Filling up the DagBag from /home/airflow/.local/lib/python3.7/site-packages/airflow/example_dags/example_bash_operator.py
[2023-08-13T20:10:34.759+0000] {processor.py:836} INFO - DAG(s) dict_keys(['example_bash_operator']) retrieved from /home/airflow/.local/lib/python3.7/site-packages/airflow/example_dags/example_bash_operator.py
[2023-08-13T20:10:34.831+0000] {logging_mixin.py:150} INFO - [2023-08-13T20:10:34.830+0000] {dag.py:2742} INFO - Sync 1 DAGs
[2023-08-13T20:10:34.879+0000] {logging_mixin.py:150} INFO - [2023-08-13T20:10:34.879+0000] {dag.py:3508} INFO - Setting next_dagrun for example_bash_operator to 2023-08-12T00:00:00+00:00, run_after=2023-08-13T00:00:00+00:00
[2023-08-13T20:10:34.928+0000] {processor.py:179} INFO - Processing /home/airflow/.local/lib/python3.7/site-packages/airflow/example_dags/example_bash_operator.py took 0.200 seconds
[2023-08-13T20:11:05.621+0000] {processor.py:157} INFO - Started process (PID=722) to work on /home/airflow/.local/lib/python3.7/site-packages/airflow/example_dags/example_bash_operator.py
[2023-08-13T20:11:05.622+0000] {processor.py:826} INFO - Processing file /home/airflow/.local/lib/python3.7/site-packages/airflow/example_dags/example_bash_operator.py for tasks to queue
[2023-08-13T20:11:05.624+0000] {logging_mixin.py:150} INFO - [2023-08-13T20:11:05.623+0000] {dagbag.py:541} INFO - Filling up the DagBag from /home/airflow/.local/lib/python3.7/site-packages/airflow/example_dags/example_bash_operator.py
[2023-08-13T20:11:05.641+0000] {processor.py:836} INFO - DAG(s) dict_keys(['example_bash_operator']) retrieved from /home/airflow/.local/lib/python3.7/site-packages/airflow/example_dags/example_bash_operator.py
[2023-08-13T20:11:05.696+0000] {logging_mixin.py:150} INFO - [2023-08-13T20:11:05.696+0000] {dag.py:2742} INFO - Sync 1 DAGs
[2023-08-13T20:11:05.731+0000] {logging_mixin.py:150} INFO - [2023-08-13T20:11:05.731+0000] {dag.py:3508} INFO - Setting next_dagrun for example_bash_operator to 2023-08-12T00:00:00+00:00, run_after=2023-08-13T00:00:00+00:00
[2023-08-13T20:11:05.761+0000] {processor.py:179} INFO - Processing /home/airflow/.local/lib/python3.7/site-packages/airflow/example_dags/example_bash_operator.py took 0.143 seconds
[2023-08-13T20:11:36.374+0000] {processor.py:157} INFO - Started process (PID=788) to work on /home/airflow/.local/lib/python3.7/site-packages/airflow/example_dags/example_bash_operator.py
[2023-08-13T20:11:36.375+0000] {processor.py:826} INFO - Processing file /home/airflow/.local/lib/python3.7/site-packages/airflow/example_dags/example_bash_operator.py for tasks to queue
[2023-08-13T20:11:36.377+0000] {logging_mixin.py:150} INFO - [2023-08-13T20:11:36.376+0000] {dagbag.py:541} INFO - Filling up the DagBag from /home/airflow/.local/lib/python3.7/site-packages/airflow/example_dags/example_bash_operator.py
[2023-08-13T20:11:36.396+0000] {processor.py:836} INFO - DAG(s) dict_keys(['example_bash_operator']) retrieved from /home/airflow/.local/lib/python3.7/site-packages/airflow/example_dags/example_bash_operator.py
[2023-08-13T20:11:36.443+0000] {logging_mixin.py:150} INFO - [2023-08-13T20:11:36.443+0000] {dag.py:2742} INFO - Sync 1 DAGs
[2023-08-13T20:11:36.482+0000] {logging_mixin.py:150} INFO - [2023-08-13T20:11:36.482+0000] {dag.py:3508} INFO - Setting next_dagrun for example_bash_operator to 2023-08-12T00:00:00+00:00, run_after=2023-08-13T00:00:00+00:00
[2023-08-13T20:11:36.532+0000] {processor.py:179} INFO - Processing /home/airflow/.local/lib/python3.7/site-packages/airflow/example_dags/example_bash_operator.py took 0.161 seconds
[2023-08-13T20:12:07.524+0000] {processor.py:157} INFO - Started process (PID=854) to work on /home/airflow/.local/lib/python3.7/site-packages/airflow/example_dags/example_bash_operator.py
[2023-08-13T20:12:07.526+0000] {processor.py:826} INFO - Processing file /home/airflow/.local/lib/python3.7/site-packages/airflow/example_dags/example_bash_operator.py for tasks to queue
[2023-08-13T20:12:07.527+0000] {logging_mixin.py:150} INFO - [2023-08-13T20:12:07.527+0000] {dagbag.py:541} INFO - Filling up the DagBag from /home/airflow/.local/lib/python3.7/site-packages/airflow/example_dags/example_bash_operator.py
[2023-08-13T20:12:07.545+0000] {processor.py:836} INFO - DAG(s) dict_keys(['example_bash_operator']) retrieved from /home/airflow/.local/lib/python3.7/site-packages/airflow/example_dags/example_bash_operator.py
[2023-08-13T20:12:07.593+0000] {logging_mixin.py:150} INFO - [2023-08-13T20:12:07.593+0000] {dag.py:2742} INFO - Sync 1 DAGs
[2023-08-13T20:12:07.628+0000] {logging_mixin.py:150} INFO - [2023-08-13T20:12:07.628+0000] {dag.py:3508} INFO - Setting next_dagrun for example_bash_operator to 2023-08-12T00:00:00+00:00, run_after=2023-08-13T00:00:00+00:00
[2023-08-13T20:12:07.654+0000] {processor.py:179} INFO - Processing /home/airflow/.local/lib/python3.7/site-packages/airflow/example_dags/example_bash_operator.py took 0.135 seconds
[2023-08-13T20:12:38.174+0000] {processor.py:157} INFO - Started process (PID=920) to work on /home/airflow/.local/lib/python3.7/site-packages/airflow/example_dags/example_bash_operator.py
[2023-08-13T20:12:38.176+0000] {processor.py:826} INFO - Processing file /home/airflow/.local/lib/python3.7/site-packages/airflow/example_dags/example_bash_operator.py for tasks to queue
[2023-08-13T20:12:38.177+0000] {logging_mixin.py:150} INFO - [2023-08-13T20:12:38.177+0000] {dagbag.py:541} INFO - Filling up the DagBag from /home/airflow/.local/lib/python3.7/site-packages/airflow/example_dags/example_bash_operator.py
[2023-08-13T20:12:38.197+0000] {processor.py:836} INFO - DAG(s) dict_keys(['example_bash_operator']) retrieved from /home/airflow/.local/lib/python3.7/site-packages/airflow/example_dags/example_bash_operator.py
[2023-08-13T20:12:38.252+0000] {logging_mixin.py:150} INFO - [2023-08-13T20:12:38.251+0000] {dag.py:2742} INFO - Sync 1 DAGs
[2023-08-13T20:12:38.284+0000] {logging_mixin.py:150} INFO - [2023-08-13T20:12:38.283+0000] {dag.py:3508} INFO - Setting next_dagrun for example_bash_operator to 2023-08-12T00:00:00+00:00, run_after=2023-08-13T00:00:00+00:00
[2023-08-13T20:12:38.311+0000] {processor.py:179} INFO - Processing /home/airflow/.local/lib/python3.7/site-packages/airflow/example_dags/example_bash_operator.py took 0.140 seconds
[2023-08-13T20:13:08.531+0000] {processor.py:157} INFO - Started process (PID=986) to work on /home/airflow/.local/lib/python3.7/site-packages/airflow/example_dags/example_bash_operator.py
[2023-08-13T20:13:08.532+0000] {processor.py:826} INFO - Processing file /home/airflow/.local/lib/python3.7/site-packages/airflow/example_dags/example_bash_operator.py for tasks to queue
[2023-08-13T20:13:08.533+0000] {logging_mixin.py:150} INFO - [2023-08-13T20:13:08.533+0000] {dagbag.py:541} INFO - Filling up the DagBag from /home/airflow/.local/lib/python3.7/site-packages/airflow/example_dags/example_bash_operator.py
[2023-08-13T20:13:08.548+0000] {processor.py:836} INFO - DAG(s) dict_keys(['example_bash_operator']) retrieved from /home/airflow/.local/lib/python3.7/site-packages/airflow/example_dags/example_bash_operator.py
[2023-08-13T20:13:08.591+0000] {logging_mixin.py:150} INFO - [2023-08-13T20:13:08.591+0000] {dag.py:2742} INFO - Sync 1 DAGs
[2023-08-13T20:13:08.629+0000] {logging_mixin.py:150} INFO - [2023-08-13T20:13:08.628+0000] {dag.py:3508} INFO - Setting next_dagrun for example_bash_operator to 2023-08-12T00:00:00+00:00, run_after=2023-08-13T00:00:00+00:00
[2023-08-13T20:13:08.657+0000] {processor.py:179} INFO - Processing /home/airflow/.local/lib/python3.7/site-packages/airflow/example_dags/example_bash_operator.py took 0.129 seconds
[2023-08-13T20:13:39.170+0000] {processor.py:157} INFO - Started process (PID=1052) to work on /home/airflow/.local/lib/python3.7/site-packages/airflow/example_dags/example_bash_operator.py
[2023-08-13T20:13:39.172+0000] {processor.py:826} INFO - Processing file /home/airflow/.local/lib/python3.7/site-packages/airflow/example_dags/example_bash_operator.py for tasks to queue
[2023-08-13T20:13:39.176+0000] {logging_mixin.py:150} INFO - [2023-08-13T20:13:39.174+0000] {dagbag.py:541} INFO - Filling up the DagBag from /home/airflow/.local/lib/python3.7/site-packages/airflow/example_dags/example_bash_operator.py
[2023-08-13T20:13:39.213+0000] {processor.py:836} INFO - DAG(s) dict_keys(['example_bash_operator']) retrieved from /home/airflow/.local/lib/python3.7/site-packages/airflow/example_dags/example_bash_operator.py
[2023-08-13T20:13:39.294+0000] {logging_mixin.py:150} INFO - [2023-08-13T20:13:39.293+0000] {dag.py:2742} INFO - Sync 1 DAGs
[2023-08-13T20:13:39.340+0000] {logging_mixin.py:150} INFO - [2023-08-13T20:13:39.339+0000] {dag.py:3508} INFO - Setting next_dagrun for example_bash_operator to 2023-08-12T00:00:00+00:00, run_after=2023-08-13T00:00:00+00:00
[2023-08-13T20:13:39.375+0000] {processor.py:179} INFO - Processing /home/airflow/.local/lib/python3.7/site-packages/airflow/example_dags/example_bash_operator.py took 0.210 seconds
[2023-08-13T20:14:09.467+0000] {processor.py:157} INFO - Started process (PID=1117) to work on /home/airflow/.local/lib/python3.7/site-packages/airflow/example_dags/example_bash_operator.py
[2023-08-13T20:14:09.469+0000] {processor.py:826} INFO - Processing file /home/airflow/.local/lib/python3.7/site-packages/airflow/example_dags/example_bash_operator.py for tasks to queue
[2023-08-13T20:14:09.474+0000] {logging_mixin.py:150} INFO - [2023-08-13T20:14:09.471+0000] {dagbag.py:541} INFO - Filling up the DagBag from /home/airflow/.local/lib/python3.7/site-packages/airflow/example_dags/example_bash_operator.py
[2023-08-13T20:14:09.499+0000] {processor.py:836} INFO - DAG(s) dict_keys(['example_bash_operator']) retrieved from /home/airflow/.local/lib/python3.7/site-packages/airflow/example_dags/example_bash_operator.py
[2023-08-13T20:14:09.551+0000] {logging_mixin.py:150} INFO - [2023-08-13T20:14:09.551+0000] {dag.py:2742} INFO - Sync 1 DAGs
[2023-08-13T20:14:09.586+0000] {logging_mixin.py:150} INFO - [2023-08-13T20:14:09.585+0000] {dag.py:3508} INFO - Setting next_dagrun for example_bash_operator to 2023-08-12T00:00:00+00:00, run_after=2023-08-13T00:00:00+00:00
[2023-08-13T20:14:09.615+0000] {processor.py:179} INFO - Processing /home/airflow/.local/lib/python3.7/site-packages/airflow/example_dags/example_bash_operator.py took 0.153 seconds
[2023-08-13T20:14:40.625+0000] {processor.py:157} INFO - Started process (PID=1183) to work on /home/airflow/.local/lib/python3.7/site-packages/airflow/example_dags/example_bash_operator.py
[2023-08-13T20:14:40.627+0000] {processor.py:826} INFO - Processing file /home/airflow/.local/lib/python3.7/site-packages/airflow/example_dags/example_bash_operator.py for tasks to queue
[2023-08-13T20:14:40.630+0000] {logging_mixin.py:150} INFO - [2023-08-13T20:14:40.629+0000] {dagbag.py:541} INFO - Filling up the DagBag from /home/airflow/.local/lib/python3.7/site-packages/airflow/example_dags/example_bash_operator.py
[2023-08-13T20:14:40.662+0000] {processor.py:836} INFO - DAG(s) dict_keys(['example_bash_operator']) retrieved from /home/airflow/.local/lib/python3.7/site-packages/airflow/example_dags/example_bash_operator.py
[2023-08-13T20:14:40.741+0000] {logging_mixin.py:150} INFO - [2023-08-13T20:14:40.740+0000] {dag.py:2742} INFO - Sync 1 DAGs
[2023-08-13T20:14:40.797+0000] {logging_mixin.py:150} INFO - [2023-08-13T20:14:40.796+0000] {dag.py:3508} INFO - Setting next_dagrun for example_bash_operator to 2023-08-12T00:00:00+00:00, run_after=2023-08-13T00:00:00+00:00
[2023-08-13T20:14:40.836+0000] {processor.py:179} INFO - Processing /home/airflow/.local/lib/python3.7/site-packages/airflow/example_dags/example_bash_operator.py took 0.215 seconds
[2023-08-13T20:15:10.980+0000] {processor.py:157} INFO - Started process (PID=1249) to work on /home/airflow/.local/lib/python3.7/site-packages/airflow/example_dags/example_bash_operator.py
[2023-08-13T20:15:10.981+0000] {processor.py:826} INFO - Processing file /home/airflow/.local/lib/python3.7/site-packages/airflow/example_dags/example_bash_operator.py for tasks to queue
[2023-08-13T20:15:10.983+0000] {logging_mixin.py:150} INFO - [2023-08-13T20:15:10.982+0000] {dagbag.py:541} INFO - Filling up the DagBag from /home/airflow/.local/lib/python3.7/site-packages/airflow/example_dags/example_bash_operator.py
[2023-08-13T20:15:11.017+0000] {processor.py:836} INFO - DAG(s) dict_keys(['example_bash_operator']) retrieved from /home/airflow/.local/lib/python3.7/site-packages/airflow/example_dags/example_bash_operator.py
[2023-08-13T20:15:11.119+0000] {logging_mixin.py:150} INFO - [2023-08-13T20:15:11.119+0000] {dag.py:2742} INFO - Sync 1 DAGs
[2023-08-13T20:15:11.177+0000] {logging_mixin.py:150} INFO - [2023-08-13T20:15:11.177+0000] {dag.py:3508} INFO - Setting next_dagrun for example_bash_operator to 2023-08-12T00:00:00+00:00, run_after=2023-08-13T00:00:00+00:00
[2023-08-13T20:15:11.219+0000] {processor.py:179} INFO - Processing /home/airflow/.local/lib/python3.7/site-packages/airflow/example_dags/example_bash_operator.py took 0.243 seconds
[2023-08-13T20:15:41.386+0000] {processor.py:157} INFO - Started process (PID=1315) to work on /home/airflow/.local/lib/python3.7/site-packages/airflow/example_dags/example_bash_operator.py
[2023-08-13T20:15:41.387+0000] {processor.py:826} INFO - Processing file /home/airflow/.local/lib/python3.7/site-packages/airflow/example_dags/example_bash_operator.py for tasks to queue
[2023-08-13T20:15:41.388+0000] {logging_mixin.py:150} INFO - [2023-08-13T20:15:41.387+0000] {dagbag.py:541} INFO - Filling up the DagBag from /home/airflow/.local/lib/python3.7/site-packages/airflow/example_dags/example_bash_operator.py
[2023-08-13T20:15:41.401+0000] {processor.py:836} INFO - DAG(s) dict_keys(['example_bash_operator']) retrieved from /home/airflow/.local/lib/python3.7/site-packages/airflow/example_dags/example_bash_operator.py
[2023-08-13T20:15:41.437+0000] {logging_mixin.py:150} INFO - [2023-08-13T20:15:41.437+0000] {dag.py:2742} INFO - Sync 1 DAGs
[2023-08-13T20:15:41.474+0000] {logging_mixin.py:150} INFO - [2023-08-13T20:15:41.473+0000] {dag.py:3508} INFO - Setting next_dagrun for example_bash_operator to 2023-08-12T00:00:00+00:00, run_after=2023-08-13T00:00:00+00:00
[2023-08-13T20:15:41.503+0000] {processor.py:179} INFO - Processing /home/airflow/.local/lib/python3.7/site-packages/airflow/example_dags/example_bash_operator.py took 0.120 seconds
[2023-08-13T20:16:11.968+0000] {processor.py:157} INFO - Started process (PID=1382) to work on /home/airflow/.local/lib/python3.7/site-packages/airflow/example_dags/example_bash_operator.py
[2023-08-13T20:16:11.969+0000] {processor.py:826} INFO - Processing file /home/airflow/.local/lib/python3.7/site-packages/airflow/example_dags/example_bash_operator.py for tasks to queue
[2023-08-13T20:16:11.970+0000] {logging_mixin.py:150} INFO - [2023-08-13T20:16:11.970+0000] {dagbag.py:541} INFO - Filling up the DagBag from /home/airflow/.local/lib/python3.7/site-packages/airflow/example_dags/example_bash_operator.py
[2023-08-13T20:16:11.983+0000] {processor.py:836} INFO - DAG(s) dict_keys(['example_bash_operator']) retrieved from /home/airflow/.local/lib/python3.7/site-packages/airflow/example_dags/example_bash_operator.py
[2023-08-13T20:16:12.035+0000] {logging_mixin.py:150} INFO - [2023-08-13T20:16:12.035+0000] {dag.py:2742} INFO - Sync 1 DAGs
[2023-08-13T20:16:12.069+0000] {logging_mixin.py:150} INFO - [2023-08-13T20:16:12.069+0000] {dag.py:3508} INFO - Setting next_dagrun for example_bash_operator to 2023-08-12T00:00:00+00:00, run_after=2023-08-13T00:00:00+00:00
[2023-08-13T20:16:12.097+0000] {processor.py:179} INFO - Processing /home/airflow/.local/lib/python3.7/site-packages/airflow/example_dags/example_bash_operator.py took 0.133 seconds
[2023-08-13T20:16:42.337+0000] {processor.py:157} INFO - Started process (PID=1448) to work on /home/airflow/.local/lib/python3.7/site-packages/airflow/example_dags/example_bash_operator.py
[2023-08-13T20:16:42.338+0000] {processor.py:826} INFO - Processing file /home/airflow/.local/lib/python3.7/site-packages/airflow/example_dags/example_bash_operator.py for tasks to queue
[2023-08-13T20:16:42.340+0000] {logging_mixin.py:150} INFO - [2023-08-13T20:16:42.339+0000] {dagbag.py:541} INFO - Filling up the DagBag from /home/airflow/.local/lib/python3.7/site-packages/airflow/example_dags/example_bash_operator.py
[2023-08-13T20:16:42.358+0000] {processor.py:836} INFO - DAG(s) dict_keys(['example_bash_operator']) retrieved from /home/airflow/.local/lib/python3.7/site-packages/airflow/example_dags/example_bash_operator.py
[2023-08-13T20:16:42.430+0000] {logging_mixin.py:150} INFO - [2023-08-13T20:16:42.430+0000] {dag.py:2742} INFO - Sync 1 DAGs
[2023-08-13T20:16:42.482+0000] {logging_mixin.py:150} INFO - [2023-08-13T20:16:42.481+0000] {dag.py:3508} INFO - Setting next_dagrun for example_bash_operator to 2023-08-12T00:00:00+00:00, run_after=2023-08-13T00:00:00+00:00
[2023-08-13T20:16:42.526+0000] {processor.py:179} INFO - Processing /home/airflow/.local/lib/python3.7/site-packages/airflow/example_dags/example_bash_operator.py took 0.193 seconds
[2023-08-13T20:17:12.581+0000] {processor.py:157} INFO - Started process (PID=1514) to work on /home/airflow/.local/lib/python3.7/site-packages/airflow/example_dags/example_bash_operator.py
[2023-08-13T20:17:12.583+0000] {processor.py:826} INFO - Processing file /home/airflow/.local/lib/python3.7/site-packages/airflow/example_dags/example_bash_operator.py for tasks to queue
[2023-08-13T20:17:12.584+0000] {logging_mixin.py:150} INFO - [2023-08-13T20:17:12.584+0000] {dagbag.py:541} INFO - Filling up the DagBag from /home/airflow/.local/lib/python3.7/site-packages/airflow/example_dags/example_bash_operator.py
[2023-08-13T20:17:12.602+0000] {processor.py:836} INFO - DAG(s) dict_keys(['example_bash_operator']) retrieved from /home/airflow/.local/lib/python3.7/site-packages/airflow/example_dags/example_bash_operator.py
[2023-08-13T20:17:12.641+0000] {logging_mixin.py:150} INFO - [2023-08-13T20:17:12.641+0000] {dag.py:2742} INFO - Sync 1 DAGs
[2023-08-13T20:17:12.671+0000] {logging_mixin.py:150} INFO - [2023-08-13T20:17:12.671+0000] {dag.py:3508} INFO - Setting next_dagrun for example_bash_operator to 2023-08-12T00:00:00+00:00, run_after=2023-08-13T00:00:00+00:00
[2023-08-13T20:17:12.697+0000] {processor.py:179} INFO - Processing /home/airflow/.local/lib/python3.7/site-packages/airflow/example_dags/example_bash_operator.py took 0.119 seconds
[2023-08-13T20:17:42.806+0000] {processor.py:157} INFO - Started process (PID=1580) to work on /home/airflow/.local/lib/python3.7/site-packages/airflow/example_dags/example_bash_operator.py
[2023-08-13T20:17:42.807+0000] {processor.py:826} INFO - Processing file /home/airflow/.local/lib/python3.7/site-packages/airflow/example_dags/example_bash_operator.py for tasks to queue
[2023-08-13T20:17:42.808+0000] {logging_mixin.py:150} INFO - [2023-08-13T20:17:42.808+0000] {dagbag.py:541} INFO - Filling up the DagBag from /home/airflow/.local/lib/python3.7/site-packages/airflow/example_dags/example_bash_operator.py
[2023-08-13T20:17:42.820+0000] {processor.py:836} INFO - DAG(s) dict_keys(['example_bash_operator']) retrieved from /home/airflow/.local/lib/python3.7/site-packages/airflow/example_dags/example_bash_operator.py
[2023-08-13T20:17:42.854+0000] {logging_mixin.py:150} INFO - [2023-08-13T20:17:42.854+0000] {dag.py:2742} INFO - Sync 1 DAGs
[2023-08-13T20:17:42.881+0000] {logging_mixin.py:150} INFO - [2023-08-13T20:17:42.881+0000] {dag.py:3508} INFO - Setting next_dagrun for example_bash_operator to 2023-08-12T00:00:00+00:00, run_after=2023-08-13T00:00:00+00:00
[2023-08-13T20:17:42.902+0000] {processor.py:179} INFO - Processing /home/airflow/.local/lib/python3.7/site-packages/airflow/example_dags/example_bash_operator.py took 0.098 seconds
[2023-08-13T20:18:13.456+0000] {processor.py:157} INFO - Started process (PID=1647) to work on /home/airflow/.local/lib/python3.7/site-packages/airflow/example_dags/example_bash_operator.py
[2023-08-13T20:18:13.457+0000] {processor.py:826} INFO - Processing file /home/airflow/.local/lib/python3.7/site-packages/airflow/example_dags/example_bash_operator.py for tasks to queue
[2023-08-13T20:18:13.459+0000] {logging_mixin.py:150} INFO - [2023-08-13T20:18:13.458+0000] {dagbag.py:541} INFO - Filling up the DagBag from /home/airflow/.local/lib/python3.7/site-packages/airflow/example_dags/example_bash_operator.py
[2023-08-13T20:18:13.481+0000] {processor.py:836} INFO - DAG(s) dict_keys(['example_bash_operator']) retrieved from /home/airflow/.local/lib/python3.7/site-packages/airflow/example_dags/example_bash_operator.py
[2023-08-13T20:18:13.541+0000] {logging_mixin.py:150} INFO - [2023-08-13T20:18:13.541+0000] {dag.py:2742} INFO - Sync 1 DAGs
[2023-08-13T20:18:13.590+0000] {logging_mixin.py:150} INFO - [2023-08-13T20:18:13.590+0000] {dag.py:3508} INFO - Setting next_dagrun for example_bash_operator to 2023-08-12T00:00:00+00:00, run_after=2023-08-13T00:00:00+00:00
[2023-08-13T20:18:13.637+0000] {processor.py:179} INFO - Processing /home/airflow/.local/lib/python3.7/site-packages/airflow/example_dags/example_bash_operator.py took 0.184 seconds
[2023-08-13T20:18:43.847+0000] {processor.py:157} INFO - Started process (PID=1714) to work on /home/airflow/.local/lib/python3.7/site-packages/airflow/example_dags/example_bash_operator.py
[2023-08-13T20:18:43.849+0000] {processor.py:826} INFO - Processing file /home/airflow/.local/lib/python3.7/site-packages/airflow/example_dags/example_bash_operator.py for tasks to queue
[2023-08-13T20:18:43.850+0000] {logging_mixin.py:150} INFO - [2023-08-13T20:18:43.850+0000] {dagbag.py:541} INFO - Filling up the DagBag from /home/airflow/.local/lib/python3.7/site-packages/airflow/example_dags/example_bash_operator.py
[2023-08-13T20:18:43.876+0000] {processor.py:836} INFO - DAG(s) dict_keys(['example_bash_operator']) retrieved from /home/airflow/.local/lib/python3.7/site-packages/airflow/example_dags/example_bash_operator.py
[2023-08-13T20:18:43.953+0000] {logging_mixin.py:150} INFO - [2023-08-13T20:18:43.952+0000] {dag.py:2742} INFO - Sync 1 DAGs
[2023-08-13T20:18:44.039+0000] {logging_mixin.py:150} INFO - [2023-08-13T20:18:44.038+0000] {dag.py:3508} INFO - Setting next_dagrun for example_bash_operator to 2023-08-12T00:00:00+00:00, run_after=2023-08-13T00:00:00+00:00
[2023-08-13T20:18:44.123+0000] {processor.py:179} INFO - Processing /home/airflow/.local/lib/python3.7/site-packages/airflow/example_dags/example_bash_operator.py took 0.281 seconds
[2023-08-13T20:19:14.537+0000] {processor.py:157} INFO - Started process (PID=1780) to work on /home/airflow/.local/lib/python3.7/site-packages/airflow/example_dags/example_bash_operator.py
[2023-08-13T20:19:14.538+0000] {processor.py:826} INFO - Processing file /home/airflow/.local/lib/python3.7/site-packages/airflow/example_dags/example_bash_operator.py for tasks to queue
[2023-08-13T20:19:14.540+0000] {logging_mixin.py:150} INFO - [2023-08-13T20:19:14.539+0000] {dagbag.py:541} INFO - Filling up the DagBag from /home/airflow/.local/lib/python3.7/site-packages/airflow/example_dags/example_bash_operator.py
[2023-08-13T20:19:14.555+0000] {processor.py:836} INFO - DAG(s) dict_keys(['example_bash_operator']) retrieved from /home/airflow/.local/lib/python3.7/site-packages/airflow/example_dags/example_bash_operator.py
[2023-08-13T20:19:14.595+0000] {logging_mixin.py:150} INFO - [2023-08-13T20:19:14.594+0000] {dag.py:2742} INFO - Sync 1 DAGs
[2023-08-13T20:19:14.623+0000] {logging_mixin.py:150} INFO - [2023-08-13T20:19:14.622+0000] {dag.py:3508} INFO - Setting next_dagrun for example_bash_operator to 2023-08-12T00:00:00+00:00, run_after=2023-08-13T00:00:00+00:00
[2023-08-13T20:19:14.646+0000] {processor.py:179} INFO - Processing /home/airflow/.local/lib/python3.7/site-packages/airflow/example_dags/example_bash_operator.py took 0.114 seconds
[2023-08-13T20:19:44.761+0000] {processor.py:157} INFO - Started process (PID=1846) to work on /home/airflow/.local/lib/python3.7/site-packages/airflow/example_dags/example_bash_operator.py
[2023-08-13T20:19:44.762+0000] {processor.py:826} INFO - Processing file /home/airflow/.local/lib/python3.7/site-packages/airflow/example_dags/example_bash_operator.py for tasks to queue
[2023-08-13T20:19:44.763+0000] {logging_mixin.py:150} INFO - [2023-08-13T20:19:44.763+0000] {dagbag.py:541} INFO - Filling up the DagBag from /home/airflow/.local/lib/python3.7/site-packages/airflow/example_dags/example_bash_operator.py
[2023-08-13T20:19:44.776+0000] {processor.py:836} INFO - DAG(s) dict_keys(['example_bash_operator']) retrieved from /home/airflow/.local/lib/python3.7/site-packages/airflow/example_dags/example_bash_operator.py
[2023-08-13T20:19:44.820+0000] {logging_mixin.py:150} INFO - [2023-08-13T20:19:44.819+0000] {dag.py:2742} INFO - Sync 1 DAGs
[2023-08-13T20:19:44.850+0000] {logging_mixin.py:150} INFO - [2023-08-13T20:19:44.850+0000] {dag.py:3508} INFO - Setting next_dagrun for example_bash_operator to 2023-08-12T00:00:00+00:00, run_after=2023-08-13T00:00:00+00:00
[2023-08-13T20:19:44.879+0000] {processor.py:179} INFO - Processing /home/airflow/.local/lib/python3.7/site-packages/airflow/example_dags/example_bash_operator.py took 0.122 seconds
[2023-08-13T20:20:14.964+0000] {processor.py:157} INFO - Started process (PID=1912) to work on /home/airflow/.local/lib/python3.7/site-packages/airflow/example_dags/example_bash_operator.py
[2023-08-13T20:20:14.966+0000] {processor.py:826} INFO - Processing file /home/airflow/.local/lib/python3.7/site-packages/airflow/example_dags/example_bash_operator.py for tasks to queue
[2023-08-13T20:20:14.968+0000] {logging_mixin.py:150} INFO - [2023-08-13T20:20:14.968+0000] {dagbag.py:541} INFO - Filling up the DagBag from /home/airflow/.local/lib/python3.7/site-packages/airflow/example_dags/example_bash_operator.py
[2023-08-13T20:20:14.988+0000] {processor.py:836} INFO - DAG(s) dict_keys(['example_bash_operator']) retrieved from /home/airflow/.local/lib/python3.7/site-packages/airflow/example_dags/example_bash_operator.py
[2023-08-13T20:20:15.038+0000] {logging_mixin.py:150} INFO - [2023-08-13T20:20:15.038+0000] {dag.py:2742} INFO - Sync 1 DAGs
[2023-08-13T20:20:15.087+0000] {logging_mixin.py:150} INFO - [2023-08-13T20:20:15.086+0000] {dag.py:3508} INFO - Setting next_dagrun for example_bash_operator to 2023-08-12T00:00:00+00:00, run_after=2023-08-13T00:00:00+00:00
[2023-08-13T20:20:15.117+0000] {processor.py:179} INFO - Processing /home/airflow/.local/lib/python3.7/site-packages/airflow/example_dags/example_bash_operator.py took 0.157 seconds
[2023-08-13T20:20:45.972+0000] {processor.py:157} INFO - Started process (PID=1965) to work on /home/airflow/.local/lib/python3.7/site-packages/airflow/example_dags/example_bash_operator.py
[2023-08-13T20:20:45.976+0000] {processor.py:826} INFO - Processing file /home/airflow/.local/lib/python3.7/site-packages/airflow/example_dags/example_bash_operator.py for tasks to queue
[2023-08-13T20:20:45.978+0000] {logging_mixin.py:150} INFO - [2023-08-13T20:20:45.977+0000] {dagbag.py:541} INFO - Filling up the DagBag from /home/airflow/.local/lib/python3.7/site-packages/airflow/example_dags/example_bash_operator.py
[2023-08-13T20:20:46.006+0000] {processor.py:836} INFO - DAG(s) dict_keys(['example_bash_operator']) retrieved from /home/airflow/.local/lib/python3.7/site-packages/airflow/example_dags/example_bash_operator.py
[2023-08-13T20:20:46.108+0000] {logging_mixin.py:150} INFO - [2023-08-13T20:20:46.107+0000] {dag.py:2742} INFO - Sync 1 DAGs
[2023-08-13T20:20:46.162+0000] {logging_mixin.py:150} INFO - [2023-08-13T20:20:46.161+0000] {dag.py:3508} INFO - Setting next_dagrun for example_bash_operator to 2023-08-12T00:00:00+00:00, run_after=2023-08-13T00:00:00+00:00
[2023-08-13T20:20:46.197+0000] {processor.py:179} INFO - Processing /home/airflow/.local/lib/python3.7/site-packages/airflow/example_dags/example_bash_operator.py took 0.235 seconds
[2023-08-13T20:21:16.333+0000] {processor.py:157} INFO - Started process (PID=2031) to work on /home/airflow/.local/lib/python3.7/site-packages/airflow/example_dags/example_bash_operator.py
[2023-08-13T20:21:16.335+0000] {processor.py:826} INFO - Processing file /home/airflow/.local/lib/python3.7/site-packages/airflow/example_dags/example_bash_operator.py for tasks to queue
[2023-08-13T20:21:16.337+0000] {logging_mixin.py:150} INFO - [2023-08-13T20:21:16.337+0000] {dagbag.py:541} INFO - Filling up the DagBag from /home/airflow/.local/lib/python3.7/site-packages/airflow/example_dags/example_bash_operator.py
[2023-08-13T20:21:16.357+0000] {processor.py:836} INFO - DAG(s) dict_keys(['example_bash_operator']) retrieved from /home/airflow/.local/lib/python3.7/site-packages/airflow/example_dags/example_bash_operator.py
[2023-08-13T20:21:16.406+0000] {logging_mixin.py:150} INFO - [2023-08-13T20:21:16.406+0000] {dag.py:2742} INFO - Sync 1 DAGs
[2023-08-13T20:21:16.443+0000] {logging_mixin.py:150} INFO - [2023-08-13T20:21:16.442+0000] {dag.py:3508} INFO - Setting next_dagrun for example_bash_operator to 2023-08-12T00:00:00+00:00, run_after=2023-08-13T00:00:00+00:00
[2023-08-13T20:21:16.468+0000] {processor.py:179} INFO - Processing /home/airflow/.local/lib/python3.7/site-packages/airflow/example_dags/example_bash_operator.py took 0.140 seconds
[2023-08-13T20:21:47.263+0000] {processor.py:157} INFO - Started process (PID=2097) to work on /home/airflow/.local/lib/python3.7/site-packages/airflow/example_dags/example_bash_operator.py
[2023-08-13T20:21:47.265+0000] {processor.py:826} INFO - Processing file /home/airflow/.local/lib/python3.7/site-packages/airflow/example_dags/example_bash_operator.py for tasks to queue
[2023-08-13T20:21:47.266+0000] {logging_mixin.py:150} INFO - [2023-08-13T20:21:47.266+0000] {dagbag.py:541} INFO - Filling up the DagBag from /home/airflow/.local/lib/python3.7/site-packages/airflow/example_dags/example_bash_operator.py
[2023-08-13T20:21:47.281+0000] {processor.py:836} INFO - DAG(s) dict_keys(['example_bash_operator']) retrieved from /home/airflow/.local/lib/python3.7/site-packages/airflow/example_dags/example_bash_operator.py
[2023-08-13T20:21:47.331+0000] {logging_mixin.py:150} INFO - [2023-08-13T20:21:47.331+0000] {dag.py:2742} INFO - Sync 1 DAGs
[2023-08-13T20:21:47.370+0000] {logging_mixin.py:150} INFO - [2023-08-13T20:21:47.370+0000] {dag.py:3508} INFO - Setting next_dagrun for example_bash_operator to 2023-08-12T00:00:00+00:00, run_after=2023-08-13T00:00:00+00:00
[2023-08-13T20:21:47.396+0000] {processor.py:179} INFO - Processing /home/airflow/.local/lib/python3.7/site-packages/airflow/example_dags/example_bash_operator.py took 0.136 seconds
[2023-08-13T20:22:17.837+0000] {processor.py:157} INFO - Started process (PID=2163) to work on /home/airflow/.local/lib/python3.7/site-packages/airflow/example_dags/example_bash_operator.py
[2023-08-13T20:22:17.839+0000] {processor.py:826} INFO - Processing file /home/airflow/.local/lib/python3.7/site-packages/airflow/example_dags/example_bash_operator.py for tasks to queue
[2023-08-13T20:22:17.840+0000] {logging_mixin.py:150} INFO - [2023-08-13T20:22:17.840+0000] {dagbag.py:541} INFO - Filling up the DagBag from /home/airflow/.local/lib/python3.7/site-packages/airflow/example_dags/example_bash_operator.py
[2023-08-13T20:22:17.860+0000] {processor.py:836} INFO - DAG(s) dict_keys(['example_bash_operator']) retrieved from /home/airflow/.local/lib/python3.7/site-packages/airflow/example_dags/example_bash_operator.py
[2023-08-13T20:22:17.908+0000] {logging_mixin.py:150} INFO - [2023-08-13T20:22:17.907+0000] {dag.py:2742} INFO - Sync 1 DAGs
[2023-08-13T20:22:17.944+0000] {logging_mixin.py:150} INFO - [2023-08-13T20:22:17.943+0000] {dag.py:3508} INFO - Setting next_dagrun for example_bash_operator to 2023-08-12T00:00:00+00:00, run_after=2023-08-13T00:00:00+00:00
[2023-08-13T20:22:17.972+0000] {processor.py:179} INFO - Processing /home/airflow/.local/lib/python3.7/site-packages/airflow/example_dags/example_bash_operator.py took 0.139 seconds
[2023-08-13T20:22:48.580+0000] {processor.py:157} INFO - Started process (PID=2230) to work on /home/airflow/.local/lib/python3.7/site-packages/airflow/example_dags/example_bash_operator.py
[2023-08-13T20:22:48.581+0000] {processor.py:826} INFO - Processing file /home/airflow/.local/lib/python3.7/site-packages/airflow/example_dags/example_bash_operator.py for tasks to queue
[2023-08-13T20:22:48.583+0000] {logging_mixin.py:150} INFO - [2023-08-13T20:22:48.582+0000] {dagbag.py:541} INFO - Filling up the DagBag from /home/airflow/.local/lib/python3.7/site-packages/airflow/example_dags/example_bash_operator.py
[2023-08-13T20:22:48.603+0000] {processor.py:836} INFO - DAG(s) dict_keys(['example_bash_operator']) retrieved from /home/airflow/.local/lib/python3.7/site-packages/airflow/example_dags/example_bash_operator.py
[2023-08-13T20:22:48.663+0000] {logging_mixin.py:150} INFO - [2023-08-13T20:22:48.662+0000] {dag.py:2742} INFO - Sync 1 DAGs
[2023-08-13T20:22:48.716+0000] {logging_mixin.py:150} INFO - [2023-08-13T20:22:48.716+0000] {dag.py:3508} INFO - Setting next_dagrun for example_bash_operator to 2023-08-12T00:00:00+00:00, run_after=2023-08-13T00:00:00+00:00
[2023-08-13T20:22:48.755+0000] {processor.py:179} INFO - Processing /home/airflow/.local/lib/python3.7/site-packages/airflow/example_dags/example_bash_operator.py took 0.179 seconds
[2023-08-13T20:23:19.363+0000] {processor.py:157} INFO - Started process (PID=2296) to work on /home/airflow/.local/lib/python3.7/site-packages/airflow/example_dags/example_bash_operator.py
[2023-08-13T20:23:19.365+0000] {processor.py:826} INFO - Processing file /home/airflow/.local/lib/python3.7/site-packages/airflow/example_dags/example_bash_operator.py for tasks to queue
[2023-08-13T20:23:19.368+0000] {logging_mixin.py:150} INFO - [2023-08-13T20:23:19.367+0000] {dagbag.py:541} INFO - Filling up the DagBag from /home/airflow/.local/lib/python3.7/site-packages/airflow/example_dags/example_bash_operator.py
[2023-08-13T20:23:19.394+0000] {processor.py:836} INFO - DAG(s) dict_keys(['example_bash_operator']) retrieved from /home/airflow/.local/lib/python3.7/site-packages/airflow/example_dags/example_bash_operator.py
[2023-08-13T20:23:19.462+0000] {logging_mixin.py:150} INFO - [2023-08-13T20:23:19.462+0000] {dag.py:2742} INFO - Sync 1 DAGs
[2023-08-13T20:23:19.518+0000] {logging_mixin.py:150} INFO - [2023-08-13T20:23:19.518+0000] {dag.py:3508} INFO - Setting next_dagrun for example_bash_operator to 2023-08-12T00:00:00+00:00, run_after=2023-08-13T00:00:00+00:00
[2023-08-13T20:23:19.548+0000] {processor.py:179} INFO - Processing /home/airflow/.local/lib/python3.7/site-packages/airflow/example_dags/example_bash_operator.py took 0.193 seconds
