[2023-08-13T18:41:08.075+0000] {processor.py:157} INFO - Started process (PID=35) to work on /home/airflow/.local/lib/python3.7/site-packages/airflow/example_dags/example_kubernetes_executor.py
[2023-08-13T18:41:08.077+0000] {processor.py:826} INFO - Processing file /home/airflow/.local/lib/python3.7/site-packages/airflow/example_dags/example_kubernetes_executor.py for tasks to queue
[2023-08-13T18:41:08.078+0000] {logging_mixin.py:150} INFO - [2023-08-13T18:41:08.078+0000] {dagbag.py:541} INFO - Filling up the DagBag from /home/airflow/.local/lib/python3.7/site-packages/airflow/example_dags/example_kubernetes_executor.py
[2023-08-13T18:41:10.147+0000] {processor.py:836} INFO - DAG(s) dict_keys(['example_kubernetes_executor']) retrieved from /home/airflow/.local/lib/python3.7/site-packages/airflow/example_dags/example_kubernetes_executor.py
[2023-08-13T18:41:10.238+0000] {logging_mixin.py:150} INFO - [2023-08-13T18:41:10.238+0000] {dag.py:2742} INFO - Sync 1 DAGs
[2023-08-13T18:41:10.280+0000] {logging_mixin.py:150} INFO - [2023-08-13T18:41:10.279+0000] {dag.py:3508} INFO - Setting next_dagrun for example_kubernetes_executor to None, run_after=None
[2023-08-13T18:41:10.307+0000] {processor.py:179} INFO - Processing /home/airflow/.local/lib/python3.7/site-packages/airflow/example_dags/example_kubernetes_executor.py took 2.235 seconds
[2023-08-13T18:41:41.248+0000] {processor.py:157} INFO - Started process (PID=110) to work on /home/airflow/.local/lib/python3.7/site-packages/airflow/example_dags/example_kubernetes_executor.py
[2023-08-13T18:41:41.249+0000] {processor.py:826} INFO - Processing file /home/airflow/.local/lib/python3.7/site-packages/airflow/example_dags/example_kubernetes_executor.py for tasks to queue
[2023-08-13T18:41:41.250+0000] {logging_mixin.py:150} INFO - [2023-08-13T18:41:41.250+0000] {dagbag.py:541} INFO - Filling up the DagBag from /home/airflow/.local/lib/python3.7/site-packages/airflow/example_dags/example_kubernetes_executor.py
[2023-08-13T18:41:41.482+0000] {processor.py:836} INFO - DAG(s) dict_keys(['example_kubernetes_executor']) retrieved from /home/airflow/.local/lib/python3.7/site-packages/airflow/example_dags/example_kubernetes_executor.py
[2023-08-13T18:41:41.540+0000] {logging_mixin.py:150} INFO - [2023-08-13T18:41:41.540+0000] {dag.py:2742} INFO - Sync 1 DAGs
[2023-08-13T18:41:41.568+0000] {logging_mixin.py:150} INFO - [2023-08-13T18:41:41.568+0000] {dag.py:3508} INFO - Setting next_dagrun for example_kubernetes_executor to None, run_after=None
[2023-08-13T18:41:41.592+0000] {processor.py:179} INFO - Processing /home/airflow/.local/lib/python3.7/site-packages/airflow/example_dags/example_kubernetes_executor.py took 0.346 seconds
[2023-08-13T18:42:11.761+0000] {processor.py:157} INFO - Started process (PID=175) to work on /home/airflow/.local/lib/python3.7/site-packages/airflow/example_dags/example_kubernetes_executor.py
[2023-08-13T18:42:11.763+0000] {processor.py:826} INFO - Processing file /home/airflow/.local/lib/python3.7/site-packages/airflow/example_dags/example_kubernetes_executor.py for tasks to queue
[2023-08-13T18:42:11.764+0000] {logging_mixin.py:150} INFO - [2023-08-13T18:42:11.763+0000] {dagbag.py:541} INFO - Filling up the DagBag from /home/airflow/.local/lib/python3.7/site-packages/airflow/example_dags/example_kubernetes_executor.py
[2023-08-13T18:42:11.991+0000] {processor.py:836} INFO - DAG(s) dict_keys(['example_kubernetes_executor']) retrieved from /home/airflow/.local/lib/python3.7/site-packages/airflow/example_dags/example_kubernetes_executor.py
[2023-08-13T18:42:12.034+0000] {logging_mixin.py:150} INFO - [2023-08-13T18:42:12.033+0000] {dag.py:2742} INFO - Sync 1 DAGs
[2023-08-13T18:42:12.066+0000] {logging_mixin.py:150} INFO - [2023-08-13T18:42:12.066+0000] {dag.py:3508} INFO - Setting next_dagrun for example_kubernetes_executor to None, run_after=None
[2023-08-13T18:42:12.094+0000] {processor.py:179} INFO - Processing /home/airflow/.local/lib/python3.7/site-packages/airflow/example_dags/example_kubernetes_executor.py took 0.335 seconds
[2023-08-13T18:42:42.201+0000] {processor.py:157} INFO - Started process (PID=242) to work on /home/airflow/.local/lib/python3.7/site-packages/airflow/example_dags/example_kubernetes_executor.py
[2023-08-13T18:42:42.202+0000] {processor.py:826} INFO - Processing file /home/airflow/.local/lib/python3.7/site-packages/airflow/example_dags/example_kubernetes_executor.py for tasks to queue
[2023-08-13T18:42:42.203+0000] {logging_mixin.py:150} INFO - [2023-08-13T18:42:42.203+0000] {dagbag.py:541} INFO - Filling up the DagBag from /home/airflow/.local/lib/python3.7/site-packages/airflow/example_dags/example_kubernetes_executor.py
[2023-08-13T18:42:42.422+0000] {processor.py:836} INFO - DAG(s) dict_keys(['example_kubernetes_executor']) retrieved from /home/airflow/.local/lib/python3.7/site-packages/airflow/example_dags/example_kubernetes_executor.py
[2023-08-13T18:42:42.479+0000] {logging_mixin.py:150} INFO - [2023-08-13T18:42:42.479+0000] {dag.py:2742} INFO - Sync 1 DAGs
[2023-08-13T18:42:42.511+0000] {logging_mixin.py:150} INFO - [2023-08-13T18:42:42.510+0000] {dag.py:3508} INFO - Setting next_dagrun for example_kubernetes_executor to None, run_after=None
[2023-08-13T18:42:42.538+0000] {processor.py:179} INFO - Processing /home/airflow/.local/lib/python3.7/site-packages/airflow/example_dags/example_kubernetes_executor.py took 0.339 seconds
[2023-08-13T18:43:13.139+0000] {processor.py:157} INFO - Started process (PID=309) to work on /home/airflow/.local/lib/python3.7/site-packages/airflow/example_dags/example_kubernetes_executor.py
[2023-08-13T18:43:13.147+0000] {processor.py:826} INFO - Processing file /home/airflow/.local/lib/python3.7/site-packages/airflow/example_dags/example_kubernetes_executor.py for tasks to queue
[2023-08-13T18:43:13.149+0000] {logging_mixin.py:150} INFO - [2023-08-13T18:43:13.149+0000] {dagbag.py:541} INFO - Filling up the DagBag from /home/airflow/.local/lib/python3.7/site-packages/airflow/example_dags/example_kubernetes_executor.py
[2023-08-13T18:43:13.728+0000] {processor.py:836} INFO - DAG(s) dict_keys(['example_kubernetes_executor']) retrieved from /home/airflow/.local/lib/python3.7/site-packages/airflow/example_dags/example_kubernetes_executor.py
[2023-08-13T18:43:13.830+0000] {logging_mixin.py:150} INFO - [2023-08-13T18:43:13.830+0000] {dag.py:2742} INFO - Sync 1 DAGs
[2023-08-13T18:43:13.910+0000] {logging_mixin.py:150} INFO - [2023-08-13T18:43:13.909+0000] {dag.py:3508} INFO - Setting next_dagrun for example_kubernetes_executor to None, run_after=None
[2023-08-13T18:43:13.965+0000] {processor.py:179} INFO - Processing /home/airflow/.local/lib/python3.7/site-packages/airflow/example_dags/example_kubernetes_executor.py took 0.833 seconds
[2023-08-13T18:43:44.584+0000] {processor.py:157} INFO - Started process (PID=374) to work on /home/airflow/.local/lib/python3.7/site-packages/airflow/example_dags/example_kubernetes_executor.py
[2023-08-13T18:43:44.586+0000] {processor.py:826} INFO - Processing file /home/airflow/.local/lib/python3.7/site-packages/airflow/example_dags/example_kubernetes_executor.py for tasks to queue
[2023-08-13T18:43:44.588+0000] {logging_mixin.py:150} INFO - [2023-08-13T18:43:44.587+0000] {dagbag.py:541} INFO - Filling up the DagBag from /home/airflow/.local/lib/python3.7/site-packages/airflow/example_dags/example_kubernetes_executor.py
[2023-08-13T18:43:44.981+0000] {processor.py:836} INFO - DAG(s) dict_keys(['example_kubernetes_executor']) retrieved from /home/airflow/.local/lib/python3.7/site-packages/airflow/example_dags/example_kubernetes_executor.py
[2023-08-13T18:43:45.032+0000] {logging_mixin.py:150} INFO - [2023-08-13T18:43:45.031+0000] {dag.py:2742} INFO - Sync 1 DAGs
[2023-08-13T18:43:45.070+0000] {logging_mixin.py:150} INFO - [2023-08-13T18:43:45.069+0000] {dag.py:3508} INFO - Setting next_dagrun for example_kubernetes_executor to None, run_after=None
[2023-08-13T18:43:45.109+0000] {processor.py:179} INFO - Processing /home/airflow/.local/lib/python3.7/site-packages/airflow/example_dags/example_kubernetes_executor.py took 0.529 seconds
[2023-08-13T18:44:15.706+0000] {processor.py:157} INFO - Started process (PID=439) to work on /home/airflow/.local/lib/python3.7/site-packages/airflow/example_dags/example_kubernetes_executor.py
[2023-08-13T18:44:15.708+0000] {processor.py:826} INFO - Processing file /home/airflow/.local/lib/python3.7/site-packages/airflow/example_dags/example_kubernetes_executor.py for tasks to queue
[2023-08-13T18:44:15.709+0000] {logging_mixin.py:150} INFO - [2023-08-13T18:44:15.709+0000] {dagbag.py:541} INFO - Filling up the DagBag from /home/airflow/.local/lib/python3.7/site-packages/airflow/example_dags/example_kubernetes_executor.py
[2023-08-13T18:44:15.999+0000] {processor.py:836} INFO - DAG(s) dict_keys(['example_kubernetes_executor']) retrieved from /home/airflow/.local/lib/python3.7/site-packages/airflow/example_dags/example_kubernetes_executor.py
[2023-08-13T18:44:16.054+0000] {logging_mixin.py:150} INFO - [2023-08-13T18:44:16.054+0000] {dag.py:2742} INFO - Sync 1 DAGs
[2023-08-13T18:44:16.097+0000] {logging_mixin.py:150} INFO - [2023-08-13T18:44:16.096+0000] {dag.py:3508} INFO - Setting next_dagrun for example_kubernetes_executor to None, run_after=None
[2023-08-13T18:44:16.137+0000] {processor.py:179} INFO - Processing /home/airflow/.local/lib/python3.7/site-packages/airflow/example_dags/example_kubernetes_executor.py took 0.435 seconds
[2023-08-13T18:44:46.378+0000] {processor.py:157} INFO - Started process (PID=507) to work on /home/airflow/.local/lib/python3.7/site-packages/airflow/example_dags/example_kubernetes_executor.py
[2023-08-13T18:44:46.380+0000] {processor.py:826} INFO - Processing file /home/airflow/.local/lib/python3.7/site-packages/airflow/example_dags/example_kubernetes_executor.py for tasks to queue
[2023-08-13T18:44:46.382+0000] {logging_mixin.py:150} INFO - [2023-08-13T18:44:46.381+0000] {dagbag.py:541} INFO - Filling up the DagBag from /home/airflow/.local/lib/python3.7/site-packages/airflow/example_dags/example_kubernetes_executor.py
[2023-08-13T18:44:46.862+0000] {processor.py:836} INFO - DAG(s) dict_keys(['example_kubernetes_executor']) retrieved from /home/airflow/.local/lib/python3.7/site-packages/airflow/example_dags/example_kubernetes_executor.py
[2023-08-13T18:44:46.941+0000] {logging_mixin.py:150} INFO - [2023-08-13T18:44:46.940+0000] {dag.py:2742} INFO - Sync 1 DAGs
[2023-08-13T18:44:47.002+0000] {logging_mixin.py:150} INFO - [2023-08-13T18:44:47.002+0000] {dag.py:3508} INFO - Setting next_dagrun for example_kubernetes_executor to None, run_after=None
[2023-08-13T18:44:47.554+0000] {processor.py:179} INFO - Processing /home/airflow/.local/lib/python3.7/site-packages/airflow/example_dags/example_kubernetes_executor.py took 1.181 seconds
[2023-08-13T18:45:17.735+0000] {processor.py:157} INFO - Started process (PID=574) to work on /home/airflow/.local/lib/python3.7/site-packages/airflow/example_dags/example_kubernetes_executor.py
[2023-08-13T18:45:17.736+0000] {processor.py:826} INFO - Processing file /home/airflow/.local/lib/python3.7/site-packages/airflow/example_dags/example_kubernetes_executor.py for tasks to queue
[2023-08-13T18:45:17.738+0000] {logging_mixin.py:150} INFO - [2023-08-13T18:45:17.737+0000] {dagbag.py:541} INFO - Filling up the DagBag from /home/airflow/.local/lib/python3.7/site-packages/airflow/example_dags/example_kubernetes_executor.py
[2023-08-13T18:45:18.982+0000] {processor.py:836} INFO - DAG(s) dict_keys(['example_kubernetes_executor']) retrieved from /home/airflow/.local/lib/python3.7/site-packages/airflow/example_dags/example_kubernetes_executor.py
[2023-08-13T18:45:19.907+0000] {logging_mixin.py:150} INFO - [2023-08-13T18:45:19.907+0000] {dag.py:2742} INFO - Sync 1 DAGs
[2023-08-13T18:45:19.950+0000] {logging_mixin.py:150} INFO - [2023-08-13T18:45:19.949+0000] {dag.py:3508} INFO - Setting next_dagrun for example_kubernetes_executor to None, run_after=None
[2023-08-13T18:45:20.074+0000] {processor.py:179} INFO - Processing /home/airflow/.local/lib/python3.7/site-packages/airflow/example_dags/example_kubernetes_executor.py took 2.346 seconds
[2023-08-13T18:45:50.458+0000] {processor.py:157} INFO - Started process (PID=641) to work on /home/airflow/.local/lib/python3.7/site-packages/airflow/example_dags/example_kubernetes_executor.py
[2023-08-13T18:45:50.459+0000] {processor.py:826} INFO - Processing file /home/airflow/.local/lib/python3.7/site-packages/airflow/example_dags/example_kubernetes_executor.py for tasks to queue
[2023-08-13T18:45:50.460+0000] {logging_mixin.py:150} INFO - [2023-08-13T18:45:50.459+0000] {dagbag.py:541} INFO - Filling up the DagBag from /home/airflow/.local/lib/python3.7/site-packages/airflow/example_dags/example_kubernetes_executor.py
[2023-08-13T18:45:50.719+0000] {processor.py:836} INFO - DAG(s) dict_keys(['example_kubernetes_executor']) retrieved from /home/airflow/.local/lib/python3.7/site-packages/airflow/example_dags/example_kubernetes_executor.py
[2023-08-13T18:45:50.776+0000] {logging_mixin.py:150} INFO - [2023-08-13T18:45:50.776+0000] {dag.py:2742} INFO - Sync 1 DAGs
[2023-08-13T18:45:50.815+0000] {logging_mixin.py:150} INFO - [2023-08-13T18:45:50.814+0000] {dag.py:3508} INFO - Setting next_dagrun for example_kubernetes_executor to None, run_after=None
[2023-08-13T18:45:50.848+0000] {processor.py:179} INFO - Processing /home/airflow/.local/lib/python3.7/site-packages/airflow/example_dags/example_kubernetes_executor.py took 0.394 seconds
[2023-08-13T18:46:20.882+0000] {processor.py:157} INFO - Started process (PID=708) to work on /home/airflow/.local/lib/python3.7/site-packages/airflow/example_dags/example_kubernetes_executor.py
[2023-08-13T18:46:20.884+0000] {processor.py:826} INFO - Processing file /home/airflow/.local/lib/python3.7/site-packages/airflow/example_dags/example_kubernetes_executor.py for tasks to queue
[2023-08-13T18:46:20.885+0000] {logging_mixin.py:150} INFO - [2023-08-13T18:46:20.885+0000] {dagbag.py:541} INFO - Filling up the DagBag from /home/airflow/.local/lib/python3.7/site-packages/airflow/example_dags/example_kubernetes_executor.py
[2023-08-13T18:46:21.221+0000] {processor.py:836} INFO - DAG(s) dict_keys(['example_kubernetes_executor']) retrieved from /home/airflow/.local/lib/python3.7/site-packages/airflow/example_dags/example_kubernetes_executor.py
[2023-08-13T18:46:21.306+0000] {logging_mixin.py:150} INFO - [2023-08-13T18:46:21.305+0000] {dag.py:2742} INFO - Sync 1 DAGs
[2023-08-13T18:46:21.340+0000] {logging_mixin.py:150} INFO - [2023-08-13T18:46:21.340+0000] {dag.py:3508} INFO - Setting next_dagrun for example_kubernetes_executor to None, run_after=None
[2023-08-13T18:46:21.363+0000] {processor.py:179} INFO - Processing /home/airflow/.local/lib/python3.7/site-packages/airflow/example_dags/example_kubernetes_executor.py took 0.485 seconds
[2023-08-13T18:46:51.435+0000] {processor.py:157} INFO - Started process (PID=774) to work on /home/airflow/.local/lib/python3.7/site-packages/airflow/example_dags/example_kubernetes_executor.py
[2023-08-13T18:46:51.437+0000] {processor.py:826} INFO - Processing file /home/airflow/.local/lib/python3.7/site-packages/airflow/example_dags/example_kubernetes_executor.py for tasks to queue
[2023-08-13T18:46:51.438+0000] {logging_mixin.py:150} INFO - [2023-08-13T18:46:51.438+0000] {dagbag.py:541} INFO - Filling up the DagBag from /home/airflow/.local/lib/python3.7/site-packages/airflow/example_dags/example_kubernetes_executor.py
[2023-08-13T18:46:51.693+0000] {processor.py:836} INFO - DAG(s) dict_keys(['example_kubernetes_executor']) retrieved from /home/airflow/.local/lib/python3.7/site-packages/airflow/example_dags/example_kubernetes_executor.py
[2023-08-13T18:46:51.770+0000] {logging_mixin.py:150} INFO - [2023-08-13T18:46:51.770+0000] {dag.py:2742} INFO - Sync 1 DAGs
[2023-08-13T18:46:51.810+0000] {logging_mixin.py:150} INFO - [2023-08-13T18:46:51.810+0000] {dag.py:3508} INFO - Setting next_dagrun for example_kubernetes_executor to None, run_after=None
[2023-08-13T18:46:51.841+0000] {processor.py:179} INFO - Processing /home/airflow/.local/lib/python3.7/site-packages/airflow/example_dags/example_kubernetes_executor.py took 0.410 seconds
[2023-08-13T18:47:22.031+0000] {processor.py:157} INFO - Started process (PID=836) to work on /home/airflow/.local/lib/python3.7/site-packages/airflow/example_dags/example_kubernetes_executor.py
[2023-08-13T18:47:22.032+0000] {processor.py:826} INFO - Processing file /home/airflow/.local/lib/python3.7/site-packages/airflow/example_dags/example_kubernetes_executor.py for tasks to queue
[2023-08-13T18:47:22.033+0000] {logging_mixin.py:150} INFO - [2023-08-13T18:47:22.033+0000] {dagbag.py:541} INFO - Filling up the DagBag from /home/airflow/.local/lib/python3.7/site-packages/airflow/example_dags/example_kubernetes_executor.py
[2023-08-13T18:47:22.298+0000] {processor.py:836} INFO - DAG(s) dict_keys(['example_kubernetes_executor']) retrieved from /home/airflow/.local/lib/python3.7/site-packages/airflow/example_dags/example_kubernetes_executor.py
[2023-08-13T18:47:22.352+0000] {logging_mixin.py:150} INFO - [2023-08-13T18:47:22.352+0000] {dag.py:2742} INFO - Sync 1 DAGs
[2023-08-13T18:47:22.387+0000] {logging_mixin.py:150} INFO - [2023-08-13T18:47:22.387+0000] {dag.py:3508} INFO - Setting next_dagrun for example_kubernetes_executor to None, run_after=None
[2023-08-13T18:47:22.421+0000] {processor.py:179} INFO - Processing /home/airflow/.local/lib/python3.7/site-packages/airflow/example_dags/example_kubernetes_executor.py took 0.394 seconds
[2023-08-13T18:47:52.542+0000] {processor.py:157} INFO - Started process (PID=901) to work on /home/airflow/.local/lib/python3.7/site-packages/airflow/example_dags/example_kubernetes_executor.py
[2023-08-13T18:47:52.543+0000] {processor.py:826} INFO - Processing file /home/airflow/.local/lib/python3.7/site-packages/airflow/example_dags/example_kubernetes_executor.py for tasks to queue
[2023-08-13T18:47:52.544+0000] {logging_mixin.py:150} INFO - [2023-08-13T18:47:52.544+0000] {dagbag.py:541} INFO - Filling up the DagBag from /home/airflow/.local/lib/python3.7/site-packages/airflow/example_dags/example_kubernetes_executor.py
[2023-08-13T18:47:52.799+0000] {processor.py:836} INFO - DAG(s) dict_keys(['example_kubernetes_executor']) retrieved from /home/airflow/.local/lib/python3.7/site-packages/airflow/example_dags/example_kubernetes_executor.py
[2023-08-13T18:47:52.848+0000] {logging_mixin.py:150} INFO - [2023-08-13T18:47:52.848+0000] {dag.py:2742} INFO - Sync 1 DAGs
[2023-08-13T18:47:52.879+0000] {logging_mixin.py:150} INFO - [2023-08-13T18:47:52.879+0000] {dag.py:3508} INFO - Setting next_dagrun for example_kubernetes_executor to None, run_after=None
[2023-08-13T18:47:52.900+0000] {processor.py:179} INFO - Processing /home/airflow/.local/lib/python3.7/site-packages/airflow/example_dags/example_kubernetes_executor.py took 0.361 seconds
[2023-08-13T18:48:22.961+0000] {processor.py:157} INFO - Started process (PID=966) to work on /home/airflow/.local/lib/python3.7/site-packages/airflow/example_dags/example_kubernetes_executor.py
[2023-08-13T18:48:22.963+0000] {processor.py:826} INFO - Processing file /home/airflow/.local/lib/python3.7/site-packages/airflow/example_dags/example_kubernetes_executor.py for tasks to queue
[2023-08-13T18:48:22.964+0000] {logging_mixin.py:150} INFO - [2023-08-13T18:48:22.964+0000] {dagbag.py:541} INFO - Filling up the DagBag from /home/airflow/.local/lib/python3.7/site-packages/airflow/example_dags/example_kubernetes_executor.py
[2023-08-13T18:48:23.258+0000] {processor.py:836} INFO - DAG(s) dict_keys(['example_kubernetes_executor']) retrieved from /home/airflow/.local/lib/python3.7/site-packages/airflow/example_dags/example_kubernetes_executor.py
[2023-08-13T18:48:23.308+0000] {logging_mixin.py:150} INFO - [2023-08-13T18:48:23.308+0000] {dag.py:2742} INFO - Sync 1 DAGs
[2023-08-13T18:48:23.346+0000] {logging_mixin.py:150} INFO - [2023-08-13T18:48:23.346+0000] {dag.py:3508} INFO - Setting next_dagrun for example_kubernetes_executor to None, run_after=None
[2023-08-13T18:48:23.377+0000] {processor.py:179} INFO - Processing /home/airflow/.local/lib/python3.7/site-packages/airflow/example_dags/example_kubernetes_executor.py took 0.420 seconds
[2023-08-13T18:48:53.936+0000] {processor.py:157} INFO - Started process (PID=1034) to work on /home/airflow/.local/lib/python3.7/site-packages/airflow/example_dags/example_kubernetes_executor.py
[2023-08-13T18:48:53.938+0000] {processor.py:826} INFO - Processing file /home/airflow/.local/lib/python3.7/site-packages/airflow/example_dags/example_kubernetes_executor.py for tasks to queue
[2023-08-13T18:48:53.939+0000] {logging_mixin.py:150} INFO - [2023-08-13T18:48:53.939+0000] {dagbag.py:541} INFO - Filling up the DagBag from /home/airflow/.local/lib/python3.7/site-packages/airflow/example_dags/example_kubernetes_executor.py
[2023-08-13T18:48:54.290+0000] {processor.py:836} INFO - DAG(s) dict_keys(['example_kubernetes_executor']) retrieved from /home/airflow/.local/lib/python3.7/site-packages/airflow/example_dags/example_kubernetes_executor.py
[2023-08-13T18:48:54.353+0000] {logging_mixin.py:150} INFO - [2023-08-13T18:48:54.352+0000] {dag.py:2742} INFO - Sync 1 DAGs
[2023-08-13T18:48:54.395+0000] {logging_mixin.py:150} INFO - [2023-08-13T18:48:54.395+0000] {dag.py:3508} INFO - Setting next_dagrun for example_kubernetes_executor to None, run_after=None
[2023-08-13T18:48:54.427+0000] {processor.py:179} INFO - Processing /home/airflow/.local/lib/python3.7/site-packages/airflow/example_dags/example_kubernetes_executor.py took 0.495 seconds
[2023-08-13T18:49:24.571+0000] {processor.py:157} INFO - Started process (PID=1101) to work on /home/airflow/.local/lib/python3.7/site-packages/airflow/example_dags/example_kubernetes_executor.py
[2023-08-13T18:49:24.573+0000] {processor.py:826} INFO - Processing file /home/airflow/.local/lib/python3.7/site-packages/airflow/example_dags/example_kubernetes_executor.py for tasks to queue
[2023-08-13T18:49:24.574+0000] {logging_mixin.py:150} INFO - [2023-08-13T18:49:24.573+0000] {dagbag.py:541} INFO - Filling up the DagBag from /home/airflow/.local/lib/python3.7/site-packages/airflow/example_dags/example_kubernetes_executor.py
[2023-08-13T18:49:24.839+0000] {processor.py:836} INFO - DAG(s) dict_keys(['example_kubernetes_executor']) retrieved from /home/airflow/.local/lib/python3.7/site-packages/airflow/example_dags/example_kubernetes_executor.py
[2023-08-13T18:49:24.904+0000] {logging_mixin.py:150} INFO - [2023-08-13T18:49:24.903+0000] {dag.py:2742} INFO - Sync 1 DAGs
[2023-08-13T18:49:24.946+0000] {logging_mixin.py:150} INFO - [2023-08-13T18:49:24.946+0000] {dag.py:3508} INFO - Setting next_dagrun for example_kubernetes_executor to None, run_after=None
[2023-08-13T18:49:24.980+0000] {processor.py:179} INFO - Processing /home/airflow/.local/lib/python3.7/site-packages/airflow/example_dags/example_kubernetes_executor.py took 0.412 seconds
[2023-08-13T18:49:55.070+0000] {processor.py:157} INFO - Started process (PID=1166) to work on /home/airflow/.local/lib/python3.7/site-packages/airflow/example_dags/example_kubernetes_executor.py
[2023-08-13T18:49:55.071+0000] {processor.py:826} INFO - Processing file /home/airflow/.local/lib/python3.7/site-packages/airflow/example_dags/example_kubernetes_executor.py for tasks to queue
[2023-08-13T18:49:55.075+0000] {logging_mixin.py:150} INFO - [2023-08-13T18:49:55.073+0000] {dagbag.py:541} INFO - Filling up the DagBag from /home/airflow/.local/lib/python3.7/site-packages/airflow/example_dags/example_kubernetes_executor.py
[2023-08-13T18:49:55.473+0000] {processor.py:836} INFO - DAG(s) dict_keys(['example_kubernetes_executor']) retrieved from /home/airflow/.local/lib/python3.7/site-packages/airflow/example_dags/example_kubernetes_executor.py
[2023-08-13T18:49:55.595+0000] {logging_mixin.py:150} INFO - [2023-08-13T18:49:55.595+0000] {dag.py:2742} INFO - Sync 1 DAGs
[2023-08-13T18:49:55.682+0000] {logging_mixin.py:150} INFO - [2023-08-13T18:49:55.682+0000] {dag.py:3508} INFO - Setting next_dagrun for example_kubernetes_executor to None, run_after=None
[2023-08-13T18:49:55.779+0000] {processor.py:179} INFO - Processing /home/airflow/.local/lib/python3.7/site-packages/airflow/example_dags/example_kubernetes_executor.py took 0.715 seconds
