[2023-08-13T18:41:10.512+0000] {processor.py:157} INFO - Started process (PID=50) to work on /home/airflow/.local/lib/python3.7/site-packages/airflow/example_dags/tutorial_dag.py
[2023-08-13T18:41:10.513+0000] {processor.py:826} INFO - Processing file /home/airflow/.local/lib/python3.7/site-packages/airflow/example_dags/tutorial_dag.py for tasks to queue
[2023-08-13T18:41:10.514+0000] {logging_mixin.py:150} INFO - [2023-08-13T18:41:10.513+0000] {dagbag.py:541} INFO - Filling up the DagBag from /home/airflow/.local/lib/python3.7/site-packages/airflow/example_dags/tutorial_dag.py
[2023-08-13T18:41:10.522+0000] {processor.py:836} INFO - DAG(s) dict_keys(['tutorial_dag']) retrieved from /home/airflow/.local/lib/python3.7/site-packages/airflow/example_dags/tutorial_dag.py
[2023-08-13T18:41:10.536+0000] {logging_mixin.py:150} INFO - [2023-08-13T18:41:10.536+0000] {dag.py:2742} INFO - Sync 1 DAGs
[2023-08-13T18:41:10.590+0000] {logging_mixin.py:150} INFO - [2023-08-13T18:41:10.590+0000] {dag.py:3508} INFO - Setting next_dagrun for tutorial_dag to None, run_after=None
[2023-08-13T18:41:10.632+0000] {processor.py:179} INFO - Processing /home/airflow/.local/lib/python3.7/site-packages/airflow/example_dags/tutorial_dag.py took 0.123 seconds
[2023-08-13T18:41:41.719+0000] {processor.py:157} INFO - Started process (PID=115) to work on /home/airflow/.local/lib/python3.7/site-packages/airflow/example_dags/tutorial_dag.py
[2023-08-13T18:41:41.720+0000] {processor.py:826} INFO - Processing file /home/airflow/.local/lib/python3.7/site-packages/airflow/example_dags/tutorial_dag.py for tasks to queue
[2023-08-13T18:41:41.721+0000] {logging_mixin.py:150} INFO - [2023-08-13T18:41:41.721+0000] {dagbag.py:541} INFO - Filling up the DagBag from /home/airflow/.local/lib/python3.7/site-packages/airflow/example_dags/tutorial_dag.py
[2023-08-13T18:41:41.726+0000] {processor.py:836} INFO - DAG(s) dict_keys(['tutorial_dag']) retrieved from /home/airflow/.local/lib/python3.7/site-packages/airflow/example_dags/tutorial_dag.py
[2023-08-13T18:41:41.748+0000] {logging_mixin.py:150} INFO - [2023-08-13T18:41:41.747+0000] {dag.py:2742} INFO - Sync 1 DAGs
[2023-08-13T18:41:41.776+0000] {logging_mixin.py:150} INFO - [2023-08-13T18:41:41.776+0000] {dag.py:3508} INFO - Setting next_dagrun for tutorial_dag to None, run_after=None
[2023-08-13T18:41:41.795+0000] {processor.py:179} INFO - Processing /home/airflow/.local/lib/python3.7/site-packages/airflow/example_dags/tutorial_dag.py took 0.079 seconds
[2023-08-13T18:42:12.138+0000] {processor.py:157} INFO - Started process (PID=180) to work on /home/airflow/.local/lib/python3.7/site-packages/airflow/example_dags/tutorial_dag.py
[2023-08-13T18:42:12.139+0000] {processor.py:826} INFO - Processing file /home/airflow/.local/lib/python3.7/site-packages/airflow/example_dags/tutorial_dag.py for tasks to queue
[2023-08-13T18:42:12.140+0000] {logging_mixin.py:150} INFO - [2023-08-13T18:42:12.140+0000] {dagbag.py:541} INFO - Filling up the DagBag from /home/airflow/.local/lib/python3.7/site-packages/airflow/example_dags/tutorial_dag.py
[2023-08-13T18:42:12.145+0000] {processor.py:836} INFO - DAG(s) dict_keys(['tutorial_dag']) retrieved from /home/airflow/.local/lib/python3.7/site-packages/airflow/example_dags/tutorial_dag.py
[2023-08-13T18:42:12.172+0000] {logging_mixin.py:150} INFO - [2023-08-13T18:42:12.171+0000] {dag.py:2742} INFO - Sync 1 DAGs
[2023-08-13T18:42:12.203+0000] {logging_mixin.py:150} INFO - [2023-08-13T18:42:12.203+0000] {dag.py:3508} INFO - Setting next_dagrun for tutorial_dag to None, run_after=None
[2023-08-13T18:42:12.229+0000] {processor.py:179} INFO - Processing /home/airflow/.local/lib/python3.7/site-packages/airflow/example_dags/tutorial_dag.py took 0.094 seconds
[2023-08-13T18:42:42.422+0000] {processor.py:157} INFO - Started process (PID=245) to work on /home/airflow/.local/lib/python3.7/site-packages/airflow/example_dags/tutorial_dag.py
[2023-08-13T18:42:42.423+0000] {processor.py:826} INFO - Processing file /home/airflow/.local/lib/python3.7/site-packages/airflow/example_dags/tutorial_dag.py for tasks to queue
[2023-08-13T18:42:42.424+0000] {logging_mixin.py:150} INFO - [2023-08-13T18:42:42.424+0000] {dagbag.py:541} INFO - Filling up the DagBag from /home/airflow/.local/lib/python3.7/site-packages/airflow/example_dags/tutorial_dag.py
[2023-08-13T18:42:42.429+0000] {processor.py:836} INFO - DAG(s) dict_keys(['tutorial_dag']) retrieved from /home/airflow/.local/lib/python3.7/site-packages/airflow/example_dags/tutorial_dag.py
[2023-08-13T18:42:42.469+0000] {logging_mixin.py:150} INFO - [2023-08-13T18:42:42.468+0000] {dag.py:2742} INFO - Sync 1 DAGs
[2023-08-13T18:42:42.506+0000] {logging_mixin.py:150} INFO - [2023-08-13T18:42:42.505+0000] {dag.py:3508} INFO - Setting next_dagrun for tutorial_dag to None, run_after=None
[2023-08-13T18:42:42.533+0000] {processor.py:179} INFO - Processing /home/airflow/.local/lib/python3.7/site-packages/airflow/example_dags/tutorial_dag.py took 0.114 seconds
[2023-08-13T18:43:13.356+0000] {processor.py:157} INFO - Started process (PID=310) to work on /home/airflow/.local/lib/python3.7/site-packages/airflow/example_dags/tutorial_dag.py
[2023-08-13T18:43:13.363+0000] {processor.py:826} INFO - Processing file /home/airflow/.local/lib/python3.7/site-packages/airflow/example_dags/tutorial_dag.py for tasks to queue
[2023-08-13T18:43:13.369+0000] {logging_mixin.py:150} INFO - [2023-08-13T18:43:13.368+0000] {dagbag.py:541} INFO - Filling up the DagBag from /home/airflow/.local/lib/python3.7/site-packages/airflow/example_dags/tutorial_dag.py
[2023-08-13T18:43:13.388+0000] {processor.py:836} INFO - DAG(s) dict_keys(['tutorial_dag']) retrieved from /home/airflow/.local/lib/python3.7/site-packages/airflow/example_dags/tutorial_dag.py
[2023-08-13T18:43:13.455+0000] {logging_mixin.py:150} INFO - [2023-08-13T18:43:13.455+0000] {dag.py:2742} INFO - Sync 1 DAGs
[2023-08-13T18:43:13.562+0000] {logging_mixin.py:150} INFO - [2023-08-13T18:43:13.562+0000] {dag.py:3508} INFO - Setting next_dagrun for tutorial_dag to None, run_after=None
[2023-08-13T18:43:13.634+0000] {processor.py:179} INFO - Processing /home/airflow/.local/lib/python3.7/site-packages/airflow/example_dags/tutorial_dag.py took 0.284 seconds
[2023-08-13T18:43:44.585+0000] {processor.py:157} INFO - Started process (PID=375) to work on /home/airflow/.local/lib/python3.7/site-packages/airflow/example_dags/tutorial_dag.py
[2023-08-13T18:43:44.586+0000] {processor.py:826} INFO - Processing file /home/airflow/.local/lib/python3.7/site-packages/airflow/example_dags/tutorial_dag.py for tasks to queue
[2023-08-13T18:43:44.588+0000] {logging_mixin.py:150} INFO - [2023-08-13T18:43:44.587+0000] {dagbag.py:541} INFO - Filling up the DagBag from /home/airflow/.local/lib/python3.7/site-packages/airflow/example_dags/tutorial_dag.py
[2023-08-13T18:43:44.595+0000] {processor.py:836} INFO - DAG(s) dict_keys(['tutorial_dag']) retrieved from /home/airflow/.local/lib/python3.7/site-packages/airflow/example_dags/tutorial_dag.py
[2023-08-13T18:43:44.644+0000] {logging_mixin.py:150} INFO - [2023-08-13T18:43:44.643+0000] {dag.py:2742} INFO - Sync 1 DAGs
[2023-08-13T18:43:44.701+0000] {logging_mixin.py:150} INFO - [2023-08-13T18:43:44.700+0000] {dag.py:3508} INFO - Setting next_dagrun for tutorial_dag to None, run_after=None
[2023-08-13T18:43:44.747+0000] {processor.py:179} INFO - Processing /home/airflow/.local/lib/python3.7/site-packages/airflow/example_dags/tutorial_dag.py took 0.166 seconds
[2023-08-13T18:44:15.706+0000] {processor.py:157} INFO - Started process (PID=440) to work on /home/airflow/.local/lib/python3.7/site-packages/airflow/example_dags/tutorial_dag.py
[2023-08-13T18:44:15.708+0000] {processor.py:826} INFO - Processing file /home/airflow/.local/lib/python3.7/site-packages/airflow/example_dags/tutorial_dag.py for tasks to queue
[2023-08-13T18:44:15.709+0000] {logging_mixin.py:150} INFO - [2023-08-13T18:44:15.709+0000] {dagbag.py:541} INFO - Filling up the DagBag from /home/airflow/.local/lib/python3.7/site-packages/airflow/example_dags/tutorial_dag.py
[2023-08-13T18:44:15.716+0000] {processor.py:836} INFO - DAG(s) dict_keys(['tutorial_dag']) retrieved from /home/airflow/.local/lib/python3.7/site-packages/airflow/example_dags/tutorial_dag.py
[2023-08-13T18:44:15.754+0000] {logging_mixin.py:150} INFO - [2023-08-13T18:44:15.753+0000] {dag.py:2742} INFO - Sync 1 DAGs
[2023-08-13T18:44:15.796+0000] {logging_mixin.py:150} INFO - [2023-08-13T18:44:15.796+0000] {dag.py:3508} INFO - Setting next_dagrun for tutorial_dag to None, run_after=None
[2023-08-13T18:44:15.827+0000] {processor.py:179} INFO - Processing /home/airflow/.local/lib/python3.7/site-packages/airflow/example_dags/tutorial_dag.py took 0.125 seconds
[2023-08-13T18:44:45.977+0000] {processor.py:157} INFO - Started process (PID=504) to work on /home/airflow/.local/lib/python3.7/site-packages/airflow/example_dags/tutorial_dag.py
[2023-08-13T18:44:45.979+0000] {processor.py:826} INFO - Processing file /home/airflow/.local/lib/python3.7/site-packages/airflow/example_dags/tutorial_dag.py for tasks to queue
[2023-08-13T18:44:45.980+0000] {logging_mixin.py:150} INFO - [2023-08-13T18:44:45.980+0000] {dagbag.py:541} INFO - Filling up the DagBag from /home/airflow/.local/lib/python3.7/site-packages/airflow/example_dags/tutorial_dag.py
[2023-08-13T18:44:45.987+0000] {processor.py:836} INFO - DAG(s) dict_keys(['tutorial_dag']) retrieved from /home/airflow/.local/lib/python3.7/site-packages/airflow/example_dags/tutorial_dag.py
[2023-08-13T18:44:46.023+0000] {logging_mixin.py:150} INFO - [2023-08-13T18:44:46.023+0000] {dag.py:2742} INFO - Sync 1 DAGs
[2023-08-13T18:44:46.078+0000] {logging_mixin.py:150} INFO - [2023-08-13T18:44:46.078+0000] {dag.py:3508} INFO - Setting next_dagrun for tutorial_dag to None, run_after=None
[2023-08-13T18:44:46.118+0000] {processor.py:179} INFO - Processing /home/airflow/.local/lib/python3.7/site-packages/airflow/example_dags/tutorial_dag.py took 0.144 seconds
[2023-08-13T18:45:16.867+0000] {processor.py:157} INFO - Started process (PID=569) to work on /home/airflow/.local/lib/python3.7/site-packages/airflow/example_dags/tutorial_dag.py
[2023-08-13T18:45:16.869+0000] {processor.py:826} INFO - Processing file /home/airflow/.local/lib/python3.7/site-packages/airflow/example_dags/tutorial_dag.py for tasks to queue
[2023-08-13T18:45:16.870+0000] {logging_mixin.py:150} INFO - [2023-08-13T18:45:16.870+0000] {dagbag.py:541} INFO - Filling up the DagBag from /home/airflow/.local/lib/python3.7/site-packages/airflow/example_dags/tutorial_dag.py
[2023-08-13T18:45:16.878+0000] {processor.py:836} INFO - DAG(s) dict_keys(['tutorial_dag']) retrieved from /home/airflow/.local/lib/python3.7/site-packages/airflow/example_dags/tutorial_dag.py
[2023-08-13T18:45:16.913+0000] {logging_mixin.py:150} INFO - [2023-08-13T18:45:16.913+0000] {dag.py:2742} INFO - Sync 1 DAGs
[2023-08-13T18:45:16.952+0000] {logging_mixin.py:150} INFO - [2023-08-13T18:45:16.952+0000] {dag.py:3508} INFO - Setting next_dagrun for tutorial_dag to None, run_after=None
[2023-08-13T18:45:16.984+0000] {processor.py:179} INFO - Processing /home/airflow/.local/lib/python3.7/site-packages/airflow/example_dags/tutorial_dag.py took 0.123 seconds
[2023-08-13T18:45:47.078+0000] {processor.py:157} INFO - Started process (PID=634) to work on /home/airflow/.local/lib/python3.7/site-packages/airflow/example_dags/tutorial_dag.py
[2023-08-13T18:45:47.079+0000] {processor.py:826} INFO - Processing file /home/airflow/.local/lib/python3.7/site-packages/airflow/example_dags/tutorial_dag.py for tasks to queue
[2023-08-13T18:45:47.080+0000] {logging_mixin.py:150} INFO - [2023-08-13T18:45:47.079+0000] {dagbag.py:541} INFO - Filling up the DagBag from /home/airflow/.local/lib/python3.7/site-packages/airflow/example_dags/tutorial_dag.py
[2023-08-13T18:45:47.084+0000] {processor.py:836} INFO - DAG(s) dict_keys(['tutorial_dag']) retrieved from /home/airflow/.local/lib/python3.7/site-packages/airflow/example_dags/tutorial_dag.py
[2023-08-13T18:45:47.112+0000] {logging_mixin.py:150} INFO - [2023-08-13T18:45:47.111+0000] {dag.py:2742} INFO - Sync 1 DAGs
[2023-08-13T18:45:47.147+0000] {logging_mixin.py:150} INFO - [2023-08-13T18:45:47.147+0000] {dag.py:3508} INFO - Setting next_dagrun for tutorial_dag to None, run_after=None
[2023-08-13T18:45:47.177+0000] {processor.py:179} INFO - Processing /home/airflow/.local/lib/python3.7/site-packages/airflow/example_dags/tutorial_dag.py took 0.103 seconds
[2023-08-13T18:46:17.249+0000] {processor.py:157} INFO - Started process (PID=699) to work on /home/airflow/.local/lib/python3.7/site-packages/airflow/example_dags/tutorial_dag.py
[2023-08-13T18:46:17.250+0000] {processor.py:826} INFO - Processing file /home/airflow/.local/lib/python3.7/site-packages/airflow/example_dags/tutorial_dag.py for tasks to queue
[2023-08-13T18:46:17.252+0000] {logging_mixin.py:150} INFO - [2023-08-13T18:46:17.252+0000] {dagbag.py:541} INFO - Filling up the DagBag from /home/airflow/.local/lib/python3.7/site-packages/airflow/example_dags/tutorial_dag.py
[2023-08-13T18:46:17.259+0000] {processor.py:836} INFO - DAG(s) dict_keys(['tutorial_dag']) retrieved from /home/airflow/.local/lib/python3.7/site-packages/airflow/example_dags/tutorial_dag.py
[2023-08-13T18:46:17.290+0000] {logging_mixin.py:150} INFO - [2023-08-13T18:46:17.290+0000] {dag.py:2742} INFO - Sync 1 DAGs
[2023-08-13T18:46:17.327+0000] {logging_mixin.py:150} INFO - [2023-08-13T18:46:17.326+0000] {dag.py:3508} INFO - Setting next_dagrun for tutorial_dag to None, run_after=None
[2023-08-13T18:46:17.354+0000] {processor.py:179} INFO - Processing /home/airflow/.local/lib/python3.7/site-packages/airflow/example_dags/tutorial_dag.py took 0.108 seconds
[2023-08-13T18:46:47.737+0000] {processor.py:157} INFO - Started process (PID=764) to work on /home/airflow/.local/lib/python3.7/site-packages/airflow/example_dags/tutorial_dag.py
[2023-08-13T18:46:47.738+0000] {processor.py:826} INFO - Processing file /home/airflow/.local/lib/python3.7/site-packages/airflow/example_dags/tutorial_dag.py for tasks to queue
[2023-08-13T18:46:47.739+0000] {logging_mixin.py:150} INFO - [2023-08-13T18:46:47.739+0000] {dagbag.py:541} INFO - Filling up the DagBag from /home/airflow/.local/lib/python3.7/site-packages/airflow/example_dags/tutorial_dag.py
[2023-08-13T18:46:47.746+0000] {processor.py:836} INFO - DAG(s) dict_keys(['tutorial_dag']) retrieved from /home/airflow/.local/lib/python3.7/site-packages/airflow/example_dags/tutorial_dag.py
[2023-08-13T18:46:47.775+0000] {logging_mixin.py:150} INFO - [2023-08-13T18:46:47.774+0000] {dag.py:2742} INFO - Sync 1 DAGs
[2023-08-13T18:46:47.813+0000] {logging_mixin.py:150} INFO - [2023-08-13T18:46:47.813+0000] {dag.py:3508} INFO - Setting next_dagrun for tutorial_dag to None, run_after=None
[2023-08-13T18:46:47.837+0000] {processor.py:179} INFO - Processing /home/airflow/.local/lib/python3.7/site-packages/airflow/example_dags/tutorial_dag.py took 0.105 seconds
[2023-08-13T18:47:18.722+0000] {processor.py:157} INFO - Started process (PID=829) to work on /home/airflow/.local/lib/python3.7/site-packages/airflow/example_dags/tutorial_dag.py
[2023-08-13T18:47:18.723+0000] {processor.py:826} INFO - Processing file /home/airflow/.local/lib/python3.7/site-packages/airflow/example_dags/tutorial_dag.py for tasks to queue
[2023-08-13T18:47:18.724+0000] {logging_mixin.py:150} INFO - [2023-08-13T18:47:18.724+0000] {dagbag.py:541} INFO - Filling up the DagBag from /home/airflow/.local/lib/python3.7/site-packages/airflow/example_dags/tutorial_dag.py
[2023-08-13T18:47:18.730+0000] {processor.py:836} INFO - DAG(s) dict_keys(['tutorial_dag']) retrieved from /home/airflow/.local/lib/python3.7/site-packages/airflow/example_dags/tutorial_dag.py
[2023-08-13T18:47:18.763+0000] {logging_mixin.py:150} INFO - [2023-08-13T18:47:18.762+0000] {dag.py:2742} INFO - Sync 1 DAGs
[2023-08-13T18:47:18.793+0000] {logging_mixin.py:150} INFO - [2023-08-13T18:47:18.793+0000] {dag.py:3508} INFO - Setting next_dagrun for tutorial_dag to None, run_after=None
[2023-08-13T18:47:18.819+0000] {processor.py:179} INFO - Processing /home/airflow/.local/lib/python3.7/site-packages/airflow/example_dags/tutorial_dag.py took 0.100 seconds
[2023-08-13T18:47:49.220+0000] {processor.py:157} INFO - Started process (PID=894) to work on /home/airflow/.local/lib/python3.7/site-packages/airflow/example_dags/tutorial_dag.py
[2023-08-13T18:47:49.221+0000] {processor.py:826} INFO - Processing file /home/airflow/.local/lib/python3.7/site-packages/airflow/example_dags/tutorial_dag.py for tasks to queue
[2023-08-13T18:47:49.222+0000] {logging_mixin.py:150} INFO - [2023-08-13T18:47:49.222+0000] {dagbag.py:541} INFO - Filling up the DagBag from /home/airflow/.local/lib/python3.7/site-packages/airflow/example_dags/tutorial_dag.py
[2023-08-13T18:47:49.227+0000] {processor.py:836} INFO - DAG(s) dict_keys(['tutorial_dag']) retrieved from /home/airflow/.local/lib/python3.7/site-packages/airflow/example_dags/tutorial_dag.py
[2023-08-13T18:47:49.255+0000] {logging_mixin.py:150} INFO - [2023-08-13T18:47:49.255+0000] {dag.py:2742} INFO - Sync 1 DAGs
[2023-08-13T18:47:49.287+0000] {logging_mixin.py:150} INFO - [2023-08-13T18:47:49.287+0000] {dag.py:3508} INFO - Setting next_dagrun for tutorial_dag to None, run_after=None
[2023-08-13T18:47:49.313+0000] {processor.py:179} INFO - Processing /home/airflow/.local/lib/python3.7/site-packages/airflow/example_dags/tutorial_dag.py took 0.096 seconds
[2023-08-13T18:48:19.472+0000] {processor.py:157} INFO - Started process (PID=959) to work on /home/airflow/.local/lib/python3.7/site-packages/airflow/example_dags/tutorial_dag.py
[2023-08-13T18:48:19.473+0000] {processor.py:826} INFO - Processing file /home/airflow/.local/lib/python3.7/site-packages/airflow/example_dags/tutorial_dag.py for tasks to queue
[2023-08-13T18:48:19.474+0000] {logging_mixin.py:150} INFO - [2023-08-13T18:48:19.474+0000] {dagbag.py:541} INFO - Filling up the DagBag from /home/airflow/.local/lib/python3.7/site-packages/airflow/example_dags/tutorial_dag.py
[2023-08-13T18:48:19.480+0000] {processor.py:836} INFO - DAG(s) dict_keys(['tutorial_dag']) retrieved from /home/airflow/.local/lib/python3.7/site-packages/airflow/example_dags/tutorial_dag.py
[2023-08-13T18:48:19.514+0000] {logging_mixin.py:150} INFO - [2023-08-13T18:48:19.514+0000] {dag.py:2742} INFO - Sync 1 DAGs
[2023-08-13T18:48:19.557+0000] {logging_mixin.py:150} INFO - [2023-08-13T18:48:19.557+0000] {dag.py:3508} INFO - Setting next_dagrun for tutorial_dag to None, run_after=None
[2023-08-13T18:48:19.592+0000] {processor.py:179} INFO - Processing /home/airflow/.local/lib/python3.7/site-packages/airflow/example_dags/tutorial_dag.py took 0.124 seconds
[2023-08-13T18:48:50.193+0000] {processor.py:157} INFO - Started process (PID=1024) to work on /home/airflow/.local/lib/python3.7/site-packages/airflow/example_dags/tutorial_dag.py
[2023-08-13T18:48:50.194+0000] {processor.py:826} INFO - Processing file /home/airflow/.local/lib/python3.7/site-packages/airflow/example_dags/tutorial_dag.py for tasks to queue
[2023-08-13T18:48:50.195+0000] {logging_mixin.py:150} INFO - [2023-08-13T18:48:50.195+0000] {dagbag.py:541} INFO - Filling up the DagBag from /home/airflow/.local/lib/python3.7/site-packages/airflow/example_dags/tutorial_dag.py
[2023-08-13T18:48:50.200+0000] {processor.py:836} INFO - DAG(s) dict_keys(['tutorial_dag']) retrieved from /home/airflow/.local/lib/python3.7/site-packages/airflow/example_dags/tutorial_dag.py
[2023-08-13T18:48:50.226+0000] {logging_mixin.py:150} INFO - [2023-08-13T18:48:50.226+0000] {dag.py:2742} INFO - Sync 1 DAGs
[2023-08-13T18:48:50.258+0000] {logging_mixin.py:150} INFO - [2023-08-13T18:48:50.258+0000] {dag.py:3508} INFO - Setting next_dagrun for tutorial_dag to None, run_after=None
[2023-08-13T18:48:50.283+0000] {processor.py:179} INFO - Processing /home/airflow/.local/lib/python3.7/site-packages/airflow/example_dags/tutorial_dag.py took 0.093 seconds
[2023-08-13T18:49:20.672+0000] {processor.py:157} INFO - Started process (PID=1089) to work on /home/airflow/.local/lib/python3.7/site-packages/airflow/example_dags/tutorial_dag.py
[2023-08-13T18:49:20.674+0000] {processor.py:826} INFO - Processing file /home/airflow/.local/lib/python3.7/site-packages/airflow/example_dags/tutorial_dag.py for tasks to queue
[2023-08-13T18:49:20.675+0000] {logging_mixin.py:150} INFO - [2023-08-13T18:49:20.675+0000] {dagbag.py:541} INFO - Filling up the DagBag from /home/airflow/.local/lib/python3.7/site-packages/airflow/example_dags/tutorial_dag.py
[2023-08-13T18:49:20.682+0000] {processor.py:836} INFO - DAG(s) dict_keys(['tutorial_dag']) retrieved from /home/airflow/.local/lib/python3.7/site-packages/airflow/example_dags/tutorial_dag.py
[2023-08-13T18:49:20.714+0000] {logging_mixin.py:150} INFO - [2023-08-13T18:49:20.714+0000] {dag.py:2742} INFO - Sync 1 DAGs
[2023-08-13T18:49:20.748+0000] {logging_mixin.py:150} INFO - [2023-08-13T18:49:20.748+0000] {dag.py:3508} INFO - Setting next_dagrun for tutorial_dag to None, run_after=None
[2023-08-13T18:49:20.772+0000] {processor.py:179} INFO - Processing /home/airflow/.local/lib/python3.7/site-packages/airflow/example_dags/tutorial_dag.py took 0.103 seconds
[2023-08-13T18:49:51.345+0000] {processor.py:157} INFO - Started process (PID=1154) to work on /home/airflow/.local/lib/python3.7/site-packages/airflow/example_dags/tutorial_dag.py
[2023-08-13T18:49:51.347+0000] {processor.py:826} INFO - Processing file /home/airflow/.local/lib/python3.7/site-packages/airflow/example_dags/tutorial_dag.py for tasks to queue
[2023-08-13T18:49:51.348+0000] {logging_mixin.py:150} INFO - [2023-08-13T18:49:51.348+0000] {dagbag.py:541} INFO - Filling up the DagBag from /home/airflow/.local/lib/python3.7/site-packages/airflow/example_dags/tutorial_dag.py
[2023-08-13T18:49:51.354+0000] {processor.py:836} INFO - DAG(s) dict_keys(['tutorial_dag']) retrieved from /home/airflow/.local/lib/python3.7/site-packages/airflow/example_dags/tutorial_dag.py
[2023-08-13T18:49:51.390+0000] {logging_mixin.py:150} INFO - [2023-08-13T18:49:51.389+0000] {dag.py:2742} INFO - Sync 1 DAGs
[2023-08-13T18:49:51.438+0000] {logging_mixin.py:150} INFO - [2023-08-13T18:49:51.437+0000] {dag.py:3508} INFO - Setting next_dagrun for tutorial_dag to None, run_after=None
[2023-08-13T18:49:51.464+0000] {processor.py:179} INFO - Processing /home/airflow/.local/lib/python3.7/site-packages/airflow/example_dags/tutorial_dag.py took 0.121 seconds
[2023-08-13T18:50:21.967+0000] {processor.py:157} INFO - Started process (PID=1219) to work on /home/airflow/.local/lib/python3.7/site-packages/airflow/example_dags/tutorial_dag.py
[2023-08-13T18:50:21.968+0000] {processor.py:826} INFO - Processing file /home/airflow/.local/lib/python3.7/site-packages/airflow/example_dags/tutorial_dag.py for tasks to queue
[2023-08-13T18:50:21.969+0000] {logging_mixin.py:150} INFO - [2023-08-13T18:50:21.969+0000] {dagbag.py:541} INFO - Filling up the DagBag from /home/airflow/.local/lib/python3.7/site-packages/airflow/example_dags/tutorial_dag.py
[2023-08-13T18:50:21.974+0000] {processor.py:836} INFO - DAG(s) dict_keys(['tutorial_dag']) retrieved from /home/airflow/.local/lib/python3.7/site-packages/airflow/example_dags/tutorial_dag.py
[2023-08-13T18:50:22.001+0000] {logging_mixin.py:150} INFO - [2023-08-13T18:50:22.000+0000] {dag.py:2742} INFO - Sync 1 DAGs
[2023-08-13T18:50:22.032+0000] {logging_mixin.py:150} INFO - [2023-08-13T18:50:22.032+0000] {dag.py:3508} INFO - Setting next_dagrun for tutorial_dag to None, run_after=None
[2023-08-13T18:50:22.057+0000] {processor.py:179} INFO - Processing /home/airflow/.local/lib/python3.7/site-packages/airflow/example_dags/tutorial_dag.py took 0.093 seconds
